Starting job at Thu Feb 13 05:02:10 PM CET 2025
Running Filter_by_part.py for subdirectory 22010, part 7
2025-02-13 17:02:10 - INFO - Event filtering process starts...
2025-02-13 17:02:10 - INFO - Initialized Muon13Filter
2025-02-13 17:02:10 - INFO - Starting filtering process for 22010/7
2025-02-13 17:02:40 - INFO - Recalculated 'offset' column based on filtered 'N_doms' values.
2025-02-13 17:02:44 - INFO - Filtered truth file saved to: /lustre/hpc/project/icecube/HE_Nu_Aske_Oct2024/PMTfied_filtered/MuonLike/Snowstorm/22010/truth_7.parquet
2025-02-13 17:02:44 - INFO - Receipt file saved to: /lustre/hpc/project/icecube/HE_Nu_Aske_Oct2024/PMTfied_filtered/MuonLike/Snowstorm/22010/[Receipt]22010_7.json
2025-02-13 17:02:54 - INFO - Filtered PMTfied file saved to: /lustre/hpc/project/icecube/HE_Nu_Aske_Oct2024/PMTfied_filtered/MuonLike/Snowstorm/22010/7/PMTfied_20.parquet
2025-02-13 17:03:05 - INFO - Filtered PMTfied file saved to: /lustre/hpc/project/icecube/HE_Nu_Aske_Oct2024/PMTfied_filtered/MuonLike/Snowstorm/22010/7/PMTfied_12.parquet
2025-02-13 17:03:15 - INFO - Filtered PMTfied file saved to: /lustre/hpc/project/icecube/HE_Nu_Aske_Oct2024/PMTfied_filtered/MuonLike/Snowstorm/22010/7/PMTfied_16.parquet
2025-02-13 17:03:25 - INFO - Filtered PMTfied file saved to: /lustre/hpc/project/icecube/HE_Nu_Aske_Oct2024/PMTfied_filtered/MuonLike/Snowstorm/22010/7/PMTfied_6.parquet
2025-02-13 17:03:36 - INFO - Filtered PMTfied file saved to: /lustre/hpc/project/icecube/HE_Nu_Aske_Oct2024/PMTfied_filtered/MuonLike/Snowstorm/22010/7/PMTfied_2.parquet
2025-02-13 17:03:46 - INFO - Filtered PMTfied file saved to: /lustre/hpc/project/icecube/HE_Nu_Aske_Oct2024/PMTfied_filtered/MuonLike/Snowstorm/22010/7/PMTfied_13.parquet
2025-02-13 17:03:56 - INFO - Filtered PMTfied file saved to: /lustre/hpc/project/icecube/HE_Nu_Aske_Oct2024/PMTfied_filtered/MuonLike/Snowstorm/22010/7/PMTfied_17.parquet
2025-02-13 17:04:06 - INFO - Filtered PMTfied file saved to: /lustre/hpc/project/icecube/HE_Nu_Aske_Oct2024/PMTfied_filtered/MuonLike/Snowstorm/22010/7/PMTfied_7.parquet
2025-02-13 17:04:16 - INFO - Filtered PMTfied file saved to: /lustre/hpc/project/icecube/HE_Nu_Aske_Oct2024/PMTfied_filtered/MuonLike/Snowstorm/22010/7/PMTfied_3.parquet
2025-02-13 17:04:27 - INFO - Filtered PMTfied file saved to: /lustre/hpc/project/icecube/HE_Nu_Aske_Oct2024/PMTfied_filtered/MuonLike/Snowstorm/22010/7/PMTfied_21.parquet
2025-02-13 17:04:37 - INFO - Filtered PMTfied file saved to: /lustre/hpc/project/icecube/HE_Nu_Aske_Oct2024/PMTfied_filtered/MuonLike/Snowstorm/22010/7/PMTfied_19.parquet
2025-02-13 17:04:47 - INFO - Filtered PMTfied file saved to: /lustre/hpc/project/icecube/HE_Nu_Aske_Oct2024/PMTfied_filtered/MuonLike/Snowstorm/22010/7/PMTfied_11.parquet
2025-02-13 17:04:57 - INFO - Filtered PMTfied file saved to: /lustre/hpc/project/icecube/HE_Nu_Aske_Oct2024/PMTfied_filtered/MuonLike/Snowstorm/22010/7/PMTfied_15.parquet
2025-02-13 17:05:07 - INFO - Filtered PMTfied file saved to: /lustre/hpc/project/icecube/HE_Nu_Aske_Oct2024/PMTfied_filtered/MuonLike/Snowstorm/22010/7/PMTfied_9.parquet
2025-02-13 17:05:18 - INFO - Filtered PMTfied file saved to: /lustre/hpc/project/icecube/HE_Nu_Aske_Oct2024/PMTfied_filtered/MuonLike/Snowstorm/22010/7/PMTfied_5.parquet
2025-02-13 17:05:28 - INFO - Filtered PMTfied file saved to: /lustre/hpc/project/icecube/HE_Nu_Aske_Oct2024/PMTfied_filtered/MuonLike/Snowstorm/22010/7/PMTfied_1.parquet
2025-02-13 17:05:30 - INFO - Filtered PMTfied file saved to: /lustre/hpc/project/icecube/HE_Nu_Aske_Oct2024/PMTfied_filtered/MuonLike/Snowstorm/22010/7/PMTfied_22.parquet
2025-02-13 17:05:41 - INFO - Filtered PMTfied file saved to: /lustre/hpc/project/icecube/HE_Nu_Aske_Oct2024/PMTfied_filtered/MuonLike/Snowstorm/22010/7/PMTfied_10.parquet
2025-02-13 17:05:51 - INFO - Filtered PMTfied file saved to: /lustre/hpc/project/icecube/HE_Nu_Aske_Oct2024/PMTfied_filtered/MuonLike/Snowstorm/22010/7/PMTfied_14.parquet
2025-02-13 17:06:02 - INFO - Filtered PMTfied file saved to: /lustre/hpc/project/icecube/HE_Nu_Aske_Oct2024/PMTfied_filtered/MuonLike/Snowstorm/22010/7/PMTfied_18.parquet
2025-02-13 17:06:12 - INFO - Filtered PMTfied file saved to: /lustre/hpc/project/icecube/HE_Nu_Aske_Oct2024/PMTfied_filtered/MuonLike/Snowstorm/22010/7/PMTfied_4.parquet
2025-02-13 17:06:23 - INFO - Filtered PMTfied file saved to: /lustre/hpc/project/icecube/HE_Nu_Aske_Oct2024/PMTfied_filtered/MuonLike/Snowstorm/22010/7/PMTfied_8.parquet
2025-02-13 17:06:23 - INFO - Filtering process completed.
2025-02-13 17:06:23 - INFO - Filtering process completed for all selected filters.
2025-02-13 17:06:23 - INFO - Execution time: 252.35 seconds
2025-02-13 17:06:23 - INFO - Updated receipt with execution time: /lustre/hpc/project/icecube/HE_Nu_Aske_Oct2024/PMTfied_filtered/MuonLike/Snowstorm/22010/[Receipt]22010_7.json
Job completed at Thu Feb 13 05:06:23 PM CET 2025
