Starting job at Sun Feb 16 05:54:37 PM CET 2025
Running Filter_by_part.py for subdirectory 22010, part 8
2025-02-16 17:54:43 - INFO - Event filtering process starts...
2025-02-16 17:54:43 - INFO - Initialized Muon13Filter filter for 22010/8
2025-02-16 17:54:58 - INFO - Extracted 2491720 valid events where MuonFilter_13==True.
2025-02-16 17:54:58 - INFO - Initialized CompositeEventFilter filter for 22010/8
2025-02-16 17:54:58 - INFO - Initialized (MuonLike)
2025-02-16 17:54:58 - INFO - Starting filtering process for 22010/8
2025-02-16 17:54:58 - INFO - Starting filtering process for 22010/8
2025-02-16 17:55:43 - INFO - Recalculated 'offset' column based on filtered 'N_doms' values.
2025-02-16 17:55:54 - INFO - Filtered truth file saved to: /lustre/hpc/project/icecube/HE_Nu_Aske_Oct2024/PMTfied_filtered/Snowstorm/MuonLike/22010/truth_8.parquet
2025-02-16 17:56:01 - INFO - Filtered PMTfied file saved to: /lustre/hpc/project/icecube/HE_Nu_Aske_Oct2024/PMTfied_filtered/Snowstorm/MuonLike/22010/8/PMTfied_21.parquet
2025-02-16 17:56:07 - INFO - Filtered PMTfied file saved to: /lustre/hpc/project/icecube/HE_Nu_Aske_Oct2024/PMTfied_filtered/Snowstorm/MuonLike/22010/8/PMTfied_2.parquet
2025-02-16 17:56:11 - INFO - Filtered PMTfied file saved to: /lustre/hpc/project/icecube/HE_Nu_Aske_Oct2024/PMTfied_filtered/Snowstorm/MuonLike/22010/8/PMTfied_6.parquet
2025-02-16 17:56:16 - INFO - Filtered PMTfied file saved to: /lustre/hpc/project/icecube/HE_Nu_Aske_Oct2024/PMTfied_filtered/Snowstorm/MuonLike/22010/8/PMTfied_17.parquet
2025-02-16 17:56:21 - INFO - Filtered PMTfied file saved to: /lustre/hpc/project/icecube/HE_Nu_Aske_Oct2024/PMTfied_filtered/Snowstorm/MuonLike/22010/8/PMTfied_13.parquet
2025-02-16 17:56:27 - INFO - Filtered PMTfied file saved to: /lustre/hpc/project/icecube/HE_Nu_Aske_Oct2024/PMTfied_filtered/Snowstorm/MuonLike/22010/8/PMTfied_3.parquet
2025-02-16 17:56:33 - INFO - Filtered PMTfied file saved to: /lustre/hpc/project/icecube/HE_Nu_Aske_Oct2024/PMTfied_filtered/Snowstorm/MuonLike/22010/8/PMTfied_7.parquet
2025-02-16 17:56:37 - INFO - Filtered PMTfied file saved to: /lustre/hpc/project/icecube/HE_Nu_Aske_Oct2024/PMTfied_filtered/Snowstorm/MuonLike/22010/8/PMTfied_16.parquet
2025-02-16 17:56:45 - INFO - Filtered PMTfied file saved to: /lustre/hpc/project/icecube/HE_Nu_Aske_Oct2024/PMTfied_filtered/Snowstorm/MuonLike/22010/8/PMTfied_12.parquet
2025-02-16 17:56:51 - INFO - Filtered PMTfied file saved to: /lustre/hpc/project/icecube/HE_Nu_Aske_Oct2024/PMTfied_filtered/Snowstorm/MuonLike/22010/8/PMTfied_20.parquet
2025-02-16 17:56:56 - INFO - Filtered PMTfied file saved to: /lustre/hpc/project/icecube/HE_Nu_Aske_Oct2024/PMTfied_filtered/Snowstorm/MuonLike/22010/8/PMTfied_1.parquet
2025-02-16 17:57:01 - INFO - Filtered PMTfied file saved to: /lustre/hpc/project/icecube/HE_Nu_Aske_Oct2024/PMTfied_filtered/Snowstorm/MuonLike/22010/8/PMTfied_5.parquet
2025-02-16 17:57:07 - INFO - Filtered PMTfied file saved to: /lustre/hpc/project/icecube/HE_Nu_Aske_Oct2024/PMTfied_filtered/Snowstorm/MuonLike/22010/8/PMTfied_9.parquet
2025-02-16 17:57:12 - INFO - Filtered PMTfied file saved to: /lustre/hpc/project/icecube/HE_Nu_Aske_Oct2024/PMTfied_filtered/Snowstorm/MuonLike/22010/8/PMTfied_14.parquet
2025-02-16 17:57:18 - INFO - Filtered PMTfied file saved to: /lustre/hpc/project/icecube/HE_Nu_Aske_Oct2024/PMTfied_filtered/Snowstorm/MuonLike/22010/8/PMTfied_10.parquet
2025-02-16 17:57:23 - INFO - Filtered PMTfied file saved to: /lustre/hpc/project/icecube/HE_Nu_Aske_Oct2024/PMTfied_filtered/Snowstorm/MuonLike/22010/8/PMTfied_18.parquet
2025-02-16 17:57:24 - INFO - Filtered PMTfied file saved to: /lustre/hpc/project/icecube/HE_Nu_Aske_Oct2024/PMTfied_filtered/Snowstorm/MuonLike/22010/8/PMTfied_22.parquet
2025-02-16 17:57:29 - INFO - Filtered PMTfied file saved to: /lustre/hpc/project/icecube/HE_Nu_Aske_Oct2024/PMTfied_filtered/Snowstorm/MuonLike/22010/8/PMTfied_8.parquet
2025-02-16 17:57:34 - INFO - Filtered PMTfied file saved to: /lustre/hpc/project/icecube/HE_Nu_Aske_Oct2024/PMTfied_filtered/Snowstorm/MuonLike/22010/8/PMTfied_4.parquet
2025-02-16 17:57:39 - INFO - Filtered PMTfied file saved to: /lustre/hpc/project/icecube/HE_Nu_Aske_Oct2024/PMTfied_filtered/Snowstorm/MuonLike/22010/8/PMTfied_19.parquet
2025-02-16 17:57:43 - INFO - Filtered PMTfied file saved to: /lustre/hpc/project/icecube/HE_Nu_Aske_Oct2024/PMTfied_filtered/Snowstorm/MuonLike/22010/8/PMTfied_15.parquet
2025-02-16 17:57:48 - INFO - Filtered PMTfied file saved to: /lustre/hpc/project/icecube/HE_Nu_Aske_Oct2024/PMTfied_filtered/Snowstorm/MuonLike/22010/8/PMTfied_11.parquet
2025-02-16 17:57:48 - INFO - Filtering process completed.
2025-02-16 17:57:48 - INFO - Filtering process completed.
2025-02-16 17:57:48 - INFO - Unified receipt generated: /lustre/hpc/project/icecube/HE_Nu_Aske_Oct2024/PMTfied_filtered/Snowstorm/MuonLike/22010/[Receipt]22010_8.json
2025-02-16 17:57:48 - INFO - Filtering process completed.
Job completed at Sun Feb 16 05:57:48 PM CET 2025
