Starting job at Mon Feb 17 04:14:52 PM CET 2025
Running Filter_by_part.py for subdirectory 22010, part 12
2025-02-17 16:14:52 - INFO - Event filtering process starts...
2025-02-17 16:14:52 - INFO - Initialized PureNeutrinoEventFilter filter for 22010/12
2025-02-17 16:14:53 - INFO - Loaded 10 event specifier files from /lustre/hpc/project/icecube/HE_Nu_Aske_Oct2024/clean_events_dict/22010/22010/reduced
2025-02-17 16:14:53 - INFO - Selected 10 CSV files covering event range [58, 6650]
2025-02-17 16:15:01 - INFO - Loaded 11955897 valid (RunID, EventID) pairs from CSV files
2025-02-17 16:15:02 - INFO - Extracted 135146 valid events based on pure neutrino events.
2025-02-17 16:15:04 - INFO - Initialized Muon13Filter filter for 22010/12
2025-02-17 16:15:04 - INFO - Extracted 731970 valid events where MuonFilter_13==True.
2025-02-17 16:15:04 - INFO - Initialized CompositeEventFilter filter for 22010/12
2025-02-17 16:15:04 - INFO - Initialized (MuonLike_PureNu)
2025-02-17 16:15:04 - INFO - Starting filtering process for 22010/12
2025-02-17 16:15:04 - INFO - Starting filtering process for 22010/12
2025-02-17 16:15:06 - INFO - Recalculated 'offset' column based on 'N_doms' values within each 'shard_no' group.
2025-02-17 16:15:07 - INFO - Filtered truth file saved to: /lustre/hpc/project/icecube/HE_Nu_Aske_Oct2024/PMTfied_filtered/Snowstorm/MuonLike_PureNu/22010/truth_12.parquet
2025-02-17 16:15:08 - WARNING - Skipping PMTfied_4.parquet: No valid events found in PMTfied file.
2025-02-17 16:15:11 - INFO - Filtered PMTfied file saved to: /lustre/hpc/project/icecube/HE_Nu_Aske_Oct2024/PMTfied_filtered/Snowstorm/MuonLike_PureNu/22010/12/PMTfied_5.parquet
2025-02-17 16:15:13 - WARNING - Skipping PMTfied_1.parquet: No valid events found in PMTfied file.
2025-02-17 16:15:13 - INFO - Filtered PMTfied file saved to: /lustre/hpc/project/icecube/HE_Nu_Aske_Oct2024/PMTfied_filtered/Snowstorm/MuonLike_PureNu/22010/12/PMTfied_7.parquet
2025-02-17 16:15:15 - WARNING - Skipping PMTfied_3.parquet: No valid events found in PMTfied file.
2025-02-17 16:15:18 - INFO - Filtered PMTfied file saved to: /lustre/hpc/project/icecube/HE_Nu_Aske_Oct2024/PMTfied_filtered/Snowstorm/MuonLike_PureNu/22010/12/PMTfied_6.parquet
2025-02-17 16:15:20 - WARNING - Skipping PMTfied_2.parquet: No valid events found in PMTfied file.
2025-02-17 16:15:20 - INFO - Filtering process completed.
2025-02-17 16:15:20 - INFO - Filtering process completed.
2025-02-17 16:15:20 - INFO - Unified receipt generated: /lustre/hpc/project/icecube/HE_Nu_Aske_Oct2024/PMTfied_filtered/Snowstorm/MuonLike_PureNu/22010/[Receipt]22010_12.json
2025-02-17 16:15:20 - INFO - Filtering process completed.
Job completed at Mon Feb 17 04:15:20 PM CET 2025
