Starting job at Mon Feb 24 01:06:37 PM CET 2025
Running Filter_by_part.py for subdirectory 22010, part 12
2025-02-24 13:06:39 - INFO - Event filtering process starts...
2025-02-24 13:06:39 - INFO - Initialized PureNeutrinoEventFilter filter for 22010/12
2025-02-24 13:06:46 - INFO - Loaded 7 event specifier files from /lustre/hpc/project/icecube/HE_Nu_Aske_Oct2024/clean_events_dict/22010/22010/reduced
2025-02-24 13:06:47 - INFO - Selected 7 CSV files covering event range [58, 6650]
2025-02-24 13:08:49 - INFO - Loaded 80794265 valid (RunID, EventID) pairs from CSV files
2025-02-24 13:08:52 - INFO - Extracted 820714 valid events based on pure neutrino events.
2025-02-24 13:09:23 - INFO - Initialized Muon13Filter filter for 22010/12
2025-02-24 13:09:24 - INFO - Extracted 731970 valid events where MuonFilter_13==True.
2025-02-24 13:09:24 - INFO - Initialized CCFilter filter for 22010/12
2025-02-24 13:09:25 - INFO - Extracted 1100949 valid events which are CC interactions.
2025-02-24 13:09:25 - INFO - Initialized CompositeEventFilter filter for 22010/12
2025-02-24 13:09:25 - INFO - Initialized (CC_CRclean_MuonLike)
2025-02-24 13:09:25 - INFO - Starting filtering process for 22010/12
2025-02-24 13:09:25 - INFO - Starting filtering process for 22010/12
2025-02-24 13:10:00 - INFO - Recalculated 'offset' column based on 'N_doms' values within each 'shard_no' group.
2025-02-24 13:10:07 - INFO - Filtered truth file saved to: /lustre/hpc/project/icecube/HE_Nu_Aske_Oct2024/PMTfied_filtered/Snowstorm/CC_CRclean_MuonLike/22010/truth_12.parquet
2025-02-24 13:10:15 - INFO - Filtered PMTfied file saved to: /lustre/hpc/project/icecube/HE_Nu_Aske_Oct2024/PMTfied_filtered/Snowstorm/CC_CRclean_MuonLike/22010/12/PMTfied_4.parquet
2025-02-24 13:10:24 - INFO - Filtered PMTfied file saved to: /lustre/hpc/project/icecube/HE_Nu_Aske_Oct2024/PMTfied_filtered/Snowstorm/CC_CRclean_MuonLike/22010/12/PMTfied_5.parquet
2025-02-24 13:10:33 - INFO - Filtered PMTfied file saved to: /lustre/hpc/project/icecube/HE_Nu_Aske_Oct2024/PMTfied_filtered/Snowstorm/CC_CRclean_MuonLike/22010/12/PMTfied_1.parquet
2025-02-24 13:10:37 - INFO - Filtered PMTfied file saved to: /lustre/hpc/project/icecube/HE_Nu_Aske_Oct2024/PMTfied_filtered/Snowstorm/CC_CRclean_MuonLike/22010/12/PMTfied_7.parquet
2025-02-24 13:10:46 - INFO - Filtered PMTfied file saved to: /lustre/hpc/project/icecube/HE_Nu_Aske_Oct2024/PMTfied_filtered/Snowstorm/CC_CRclean_MuonLike/22010/12/PMTfied_3.parquet
2025-02-24 13:10:57 - INFO - Filtered PMTfied file saved to: /lustre/hpc/project/icecube/HE_Nu_Aske_Oct2024/PMTfied_filtered/Snowstorm/CC_CRclean_MuonLike/22010/12/PMTfied_6.parquet
2025-02-24 13:11:06 - INFO - Filtered PMTfied file saved to: /lustre/hpc/project/icecube/HE_Nu_Aske_Oct2024/PMTfied_filtered/Snowstorm/CC_CRclean_MuonLike/22010/12/PMTfied_2.parquet
2025-02-24 13:11:06 - INFO - Filtering process completed.
2025-02-24 13:11:06 - INFO - Filtering process completed.
2025-02-24 13:11:07 - INFO - Unified receipt generated: /lustre/hpc/project/icecube/HE_Nu_Aske_Oct2024/PMTfied_filtered/Snowstorm/CC_CRclean_MuonLike/22010/[Receipt]22010_12.json
2025-02-24 13:11:07 - INFO - Filtering process completed.
Job completed at Mon Feb 24 01:11:07 PM CET 2025
