Starting job at Mon Feb 24 01:06:36 PM CET 2025
Running Filter_by_part.py for subdirectory 22010, part 3
2025-02-24 13:06:38 - INFO - Event filtering process starts...
2025-02-24 13:06:38 - INFO - Initialized PureNeutrinoEventFilter filter for 22010/3
2025-02-24 13:06:45 - INFO - Loaded 7 event specifier files from /lustre/hpc/project/icecube/HE_Nu_Aske_Oct2024/clean_events_dict/22010/22010/reduced
2025-02-24 13:06:46 - INFO - Selected 4 CSV files covering event range [28, 3298]
2025-02-24 13:07:21 - INFO - Loaded 47893125 valid (RunID, EventID) pairs from CSV files
2025-02-24 13:07:26 - INFO - Extracted 2792600 valid events based on pure neutrino events.
2025-02-24 13:07:35 - INFO - Initialized Muon13Filter filter for 22010/3
2025-02-24 13:07:36 - INFO - Extracted 2494750 valid events where MuonFilter_13==True.
2025-02-24 13:07:36 - INFO - Initialized CCFilter filter for 22010/3
2025-02-24 13:07:38 - INFO - Extracted 3753711 valid events which are CC interactions.
2025-02-24 13:07:38 - INFO - Initialized CompositeEventFilter filter for 22010/3
2025-02-24 13:07:38 - INFO - Initialized (CC_CRclean_MuonLike)
2025-02-24 13:07:38 - INFO - Starting filtering process for 22010/3
2025-02-24 13:07:38 - INFO - Starting filtering process for 22010/3
2025-02-24 13:08:37 - INFO - Recalculated 'offset' column based on 'N_doms' values within each 'shard_no' group.
2025-02-24 13:08:48 - INFO - Filtered truth file saved to: /lustre/hpc/project/icecube/HE_Nu_Aske_Oct2024/PMTfied_filtered/Snowstorm/CC_CRclean_MuonLike/22010/truth_3.parquet
2025-02-24 13:08:53 - INFO - Filtered PMTfied file saved to: /lustre/hpc/project/icecube/HE_Nu_Aske_Oct2024/PMTfied_filtered/Snowstorm/CC_CRclean_MuonLike/22010/3/PMTfied_12.parquet
2025-02-24 13:08:58 - INFO - Filtered PMTfied file saved to: /lustre/hpc/project/icecube/HE_Nu_Aske_Oct2024/PMTfied_filtered/Snowstorm/CC_CRclean_MuonLike/22010/3/PMTfied_16.parquet
2025-02-24 13:09:01 - INFO - Filtered PMTfied file saved to: /lustre/hpc/project/icecube/HE_Nu_Aske_Oct2024/PMTfied_filtered/Snowstorm/CC_CRclean_MuonLike/22010/3/PMTfied_2.parquet
2025-02-24 13:09:06 - INFO - Filtered PMTfied file saved to: /lustre/hpc/project/icecube/HE_Nu_Aske_Oct2024/PMTfied_filtered/Snowstorm/CC_CRclean_MuonLike/22010/3/PMTfied_6.parquet
2025-02-24 13:09:10 - INFO - Filtered PMTfied file saved to: /lustre/hpc/project/icecube/HE_Nu_Aske_Oct2024/PMTfied_filtered/Snowstorm/CC_CRclean_MuonLike/22010/3/PMTfied_20.parquet
2025-02-24 13:09:14 - INFO - Filtered PMTfied file saved to: /lustre/hpc/project/icecube/HE_Nu_Aske_Oct2024/PMTfied_filtered/Snowstorm/CC_CRclean_MuonLike/22010/3/PMTfied_3.parquet
2025-02-24 13:09:18 - INFO - Filtered PMTfied file saved to: /lustre/hpc/project/icecube/HE_Nu_Aske_Oct2024/PMTfied_filtered/Snowstorm/CC_CRclean_MuonLike/22010/3/PMTfied_7.parquet
2025-02-24 13:09:22 - INFO - Filtered PMTfied file saved to: /lustre/hpc/project/icecube/HE_Nu_Aske_Oct2024/PMTfied_filtered/Snowstorm/CC_CRclean_MuonLike/22010/3/PMTfied_21.parquet
2025-02-24 13:09:26 - INFO - Filtered PMTfied file saved to: /lustre/hpc/project/icecube/HE_Nu_Aske_Oct2024/PMTfied_filtered/Snowstorm/CC_CRclean_MuonLike/22010/3/PMTfied_13.parquet
2025-02-24 13:09:30 - INFO - Filtered PMTfied file saved to: /lustre/hpc/project/icecube/HE_Nu_Aske_Oct2024/PMTfied_filtered/Snowstorm/CC_CRclean_MuonLike/22010/3/PMTfied_17.parquet
2025-02-24 13:09:34 - INFO - Filtered PMTfied file saved to: /lustre/hpc/project/icecube/HE_Nu_Aske_Oct2024/PMTfied_filtered/Snowstorm/CC_CRclean_MuonLike/22010/3/PMTfied_1.parquet
2025-02-24 13:09:38 - INFO - Filtered PMTfied file saved to: /lustre/hpc/project/icecube/HE_Nu_Aske_Oct2024/PMTfied_filtered/Snowstorm/CC_CRclean_MuonLike/22010/3/PMTfied_5.parquet
2025-02-24 13:09:43 - INFO - Filtered PMTfied file saved to: /lustre/hpc/project/icecube/HE_Nu_Aske_Oct2024/PMTfied_filtered/Snowstorm/CC_CRclean_MuonLike/22010/3/PMTfied_9.parquet
2025-02-24 13:09:47 - INFO - Filtered PMTfied file saved to: /lustre/hpc/project/icecube/HE_Nu_Aske_Oct2024/PMTfied_filtered/Snowstorm/CC_CRclean_MuonLike/22010/3/PMTfied_11.parquet
2025-02-24 13:09:51 - INFO - Filtered PMTfied file saved to: /lustre/hpc/project/icecube/HE_Nu_Aske_Oct2024/PMTfied_filtered/Snowstorm/CC_CRclean_MuonLike/22010/3/PMTfied_15.parquet
2025-02-24 13:09:56 - INFO - Filtered PMTfied file saved to: /lustre/hpc/project/icecube/HE_Nu_Aske_Oct2024/PMTfied_filtered/Snowstorm/CC_CRclean_MuonLike/22010/3/PMTfied_19.parquet
2025-02-24 13:10:01 - INFO - Filtered PMTfied file saved to: /lustre/hpc/project/icecube/HE_Nu_Aske_Oct2024/PMTfied_filtered/Snowstorm/CC_CRclean_MuonLike/22010/3/PMTfied_18.parquet
2025-02-24 13:10:05 - INFO - Filtered PMTfied file saved to: /lustre/hpc/project/icecube/HE_Nu_Aske_Oct2024/PMTfied_filtered/Snowstorm/CC_CRclean_MuonLike/22010/3/PMTfied_10.parquet
2025-02-24 13:10:09 - INFO - Filtered PMTfied file saved to: /lustre/hpc/project/icecube/HE_Nu_Aske_Oct2024/PMTfied_filtered/Snowstorm/CC_CRclean_MuonLike/22010/3/PMTfied_14.parquet
2025-02-24 13:10:14 - INFO - Filtered PMTfied file saved to: /lustre/hpc/project/icecube/HE_Nu_Aske_Oct2024/PMTfied_filtered/Snowstorm/CC_CRclean_MuonLike/22010/3/PMTfied_8.parquet
2025-02-24 13:10:18 - INFO - Filtered PMTfied file saved to: /lustre/hpc/project/icecube/HE_Nu_Aske_Oct2024/PMTfied_filtered/Snowstorm/CC_CRclean_MuonLike/22010/3/PMTfied_4.parquet
2025-02-24 13:10:19 - INFO - Filtered PMTfied file saved to: /lustre/hpc/project/icecube/HE_Nu_Aske_Oct2024/PMTfied_filtered/Snowstorm/CC_CRclean_MuonLike/22010/3/PMTfied_22.parquet
2025-02-24 13:10:19 - INFO - Filtering process completed.
2025-02-24 13:10:19 - INFO - Filtering process completed.
2025-02-24 13:10:20 - INFO - Unified receipt generated: /lustre/hpc/project/icecube/HE_Nu_Aske_Oct2024/PMTfied_filtered/Snowstorm/CC_CRclean_MuonLike/22010/[Receipt]22010_3.json
2025-02-24 13:10:20 - INFO - Filtering process completed.
Job completed at Mon Feb 24 01:10:20 PM CET 2025
