Starting job at Mon Feb 17 03:55:57 PM CET 2025
Running Filter_by_part.py for subdirectory 22010, part 1
2025-02-17 15:56:00 - INFO - Event filtering process starts...
2025-02-17 15:56:00 - INFO - Initialized PureNeutrinoEventFilter filter for 22010/1
2025-02-17 15:56:07 - INFO - Loaded 10 event specifier files from /lustre/hpc/project/icecube/HE_Nu_Aske_Oct2024/clean_events_dict/22010/22010/reduced
2025-02-17 15:56:08 - INFO - Selected 10 CSV files covering event range [0, 1700]
2025-02-17 15:56:18 - INFO - Loaded 11955897 valid (RunID, EventID) pairs from CSV files
2025-02-17 15:56:21 - INFO - Extracted 1693177 valid events based on pure neutrino events.
2025-02-17 15:56:23 - INFO - Initialized CompositeEventFilter filter for 22010/1
2025-02-17 15:56:23 - INFO - Initialized (PureNu)
2025-02-17 15:56:23 - INFO - Starting filtering process for 22010/1
2025-02-17 15:56:23 - INFO - Starting filtering process for 22010/1
2025-02-17 15:56:57 - INFO - Recalculated 'offset' column based on 'N_doms' values within each 'shard_no' group.
2025-02-17 15:57:03 - INFO - Filtered truth file saved to: /lustre/hpc/project/icecube/HE_Nu_Aske_Oct2024/PMTfied_filtered/Snowstorm/PureNu/22010/truth_1.parquet
2025-02-17 15:57:07 - INFO - Filtered PMTfied file saved to: /lustre/hpc/project/icecube/HE_Nu_Aske_Oct2024/PMTfied_filtered/Snowstorm/PureNu/22010/1/PMTfied_15.parquet
2025-02-17 15:57:11 - INFO - Filtered PMTfied file saved to: /lustre/hpc/project/icecube/HE_Nu_Aske_Oct2024/PMTfied_filtered/Snowstorm/PureNu/22010/1/PMTfied_11.parquet
2025-02-17 15:57:16 - INFO - Filtered PMTfied file saved to: /lustre/hpc/project/icecube/HE_Nu_Aske_Oct2024/PMTfied_filtered/Snowstorm/PureNu/22010/1/PMTfied_19.parquet
2025-02-17 15:57:19 - INFO - Filtered PMTfied file saved to: /lustre/hpc/project/icecube/HE_Nu_Aske_Oct2024/PMTfied_filtered/Snowstorm/PureNu/22010/1/PMTfied_2.parquet
2025-02-17 15:57:23 - INFO - Filtered PMTfied file saved to: /lustre/hpc/project/icecube/HE_Nu_Aske_Oct2024/PMTfied_filtered/Snowstorm/PureNu/22010/1/PMTfied_6.parquet
2025-02-17 15:57:24 - INFO - Filtered PMTfied file saved to: /lustre/hpc/project/icecube/HE_Nu_Aske_Oct2024/PMTfied_filtered/Snowstorm/PureNu/22010/1/PMTfied_22.parquet
2025-02-17 15:57:28 - INFO - Filtered PMTfied file saved to: /lustre/hpc/project/icecube/HE_Nu_Aske_Oct2024/PMTfied_filtered/Snowstorm/PureNu/22010/1/PMTfied_3.parquet
2025-02-17 15:57:31 - INFO - Filtered PMTfied file saved to: /lustre/hpc/project/icecube/HE_Nu_Aske_Oct2024/PMTfied_filtered/Snowstorm/PureNu/22010/1/PMTfied_7.parquet
2025-02-17 15:57:36 - INFO - Filtered PMTfied file saved to: /lustre/hpc/project/icecube/HE_Nu_Aske_Oct2024/PMTfied_filtered/Snowstorm/PureNu/22010/1/PMTfied_18.parquet
2025-02-17 15:57:41 - INFO - Filtered PMTfied file saved to: /lustre/hpc/project/icecube/HE_Nu_Aske_Oct2024/PMTfied_filtered/Snowstorm/PureNu/22010/1/PMTfied_14.parquet
2025-02-17 15:57:44 - INFO - Filtered PMTfied file saved to: /lustre/hpc/project/icecube/HE_Nu_Aske_Oct2024/PMTfied_filtered/Snowstorm/PureNu/22010/1/PMTfied_10.parquet
2025-02-17 15:57:48 - INFO - Filtered PMTfied file saved to: /lustre/hpc/project/icecube/HE_Nu_Aske_Oct2024/PMTfied_filtered/Snowstorm/PureNu/22010/1/PMTfied_20.parquet
2025-02-17 15:57:51 - INFO - Filtered PMTfied file saved to: /lustre/hpc/project/icecube/HE_Nu_Aske_Oct2024/PMTfied_filtered/Snowstorm/PureNu/22010/1/PMTfied_9.parquet
2025-02-17 15:57:55 - INFO - Filtered PMTfied file saved to: /lustre/hpc/project/icecube/HE_Nu_Aske_Oct2024/PMTfied_filtered/Snowstorm/PureNu/22010/1/PMTfied_1.parquet
2025-02-17 15:57:59 - INFO - Filtered PMTfied file saved to: /lustre/hpc/project/icecube/HE_Nu_Aske_Oct2024/PMTfied_filtered/Snowstorm/PureNu/22010/1/PMTfied_5.parquet
2025-02-17 15:58:03 - INFO - Filtered PMTfied file saved to: /lustre/hpc/project/icecube/HE_Nu_Aske_Oct2024/PMTfied_filtered/Snowstorm/PureNu/22010/1/PMTfied_16.parquet
2025-02-17 15:58:06 - INFO - Filtered PMTfied file saved to: /lustre/hpc/project/icecube/HE_Nu_Aske_Oct2024/PMTfied_filtered/Snowstorm/PureNu/22010/1/PMTfied_12.parquet
2025-02-17 15:58:11 - INFO - Filtered PMTfied file saved to: /lustre/hpc/project/icecube/HE_Nu_Aske_Oct2024/PMTfied_filtered/Snowstorm/PureNu/22010/1/PMTfied_17.parquet
2025-02-17 15:58:15 - INFO - Filtered PMTfied file saved to: /lustre/hpc/project/icecube/HE_Nu_Aske_Oct2024/PMTfied_filtered/Snowstorm/PureNu/22010/1/PMTfied_13.parquet
2025-02-17 15:58:19 - INFO - Filtered PMTfied file saved to: /lustre/hpc/project/icecube/HE_Nu_Aske_Oct2024/PMTfied_filtered/Snowstorm/PureNu/22010/1/PMTfied_21.parquet
2025-02-17 15:58:23 - INFO - Filtered PMTfied file saved to: /lustre/hpc/project/icecube/HE_Nu_Aske_Oct2024/PMTfied_filtered/Snowstorm/PureNu/22010/1/PMTfied_4.parquet
2025-02-17 15:58:26 - INFO - Filtered PMTfied file saved to: /lustre/hpc/project/icecube/HE_Nu_Aske_Oct2024/PMTfied_filtered/Snowstorm/PureNu/22010/1/PMTfied_8.parquet
2025-02-17 15:58:26 - INFO - Filtering process completed.
2025-02-17 15:58:26 - INFO - Filtering process completed.
2025-02-17 15:58:26 - INFO - Unified receipt generated: /lustre/hpc/project/icecube/HE_Nu_Aske_Oct2024/PMTfied_filtered/Snowstorm/PureNu/22010/[Receipt]22010_1.json
2025-02-17 15:58:26 - INFO - Filtering process completed.
Job completed at Mon Feb 17 03:58:26 PM CET 2025
