Starting job at Sun Feb 16 06:08:34 PM CET 2025
Running Filter_by_part.py for subdirectory 22010, part 3
2025-02-16 18:08:35 - INFO - Event filtering process starts...
2025-02-16 18:08:35 - INFO - Initialized PureNeutrinoEventFilter filter for 22010/3
2025-02-16 18:08:36 - INFO - Loaded 10 event specifier files from /lustre/hpc/project/icecube/HE_Nu_Aske_Oct2024/clean_events_dict/22010/22010/reduced
2025-02-16 18:08:37 - INFO - Selected 10 CSV files covering event range [28, 3298]
2025-02-16 18:08:48 - INFO - Loaded 11955897 valid (RunID, EventID) pairs from CSV files
2025-02-16 18:08:51 - INFO - Extracted 1166285 valid events based on pure neutrino events.
2025-02-16 18:08:53 - INFO - Initialized CompositeEventFilter filter for 22010/3
2025-02-16 18:08:53 - INFO - Initialized (PureNu)
2025-02-16 18:08:53 - INFO - Starting filtering process for 22010/3
2025-02-16 18:08:53 - INFO - Starting filtering process for 22010/3
2025-02-16 18:09:15 - INFO - Recalculated 'offset' column based on filtered 'N_doms' values.
2025-02-16 18:09:19 - INFO - Filtered truth file saved to: /lustre/hpc/project/icecube/HE_Nu_Aske_Oct2024/PMTfied_filtered/Snowstorm/PureNu/22010/truth_3.parquet
2025-02-16 18:09:25 - INFO - Filtered PMTfied file saved to: /lustre/hpc/project/icecube/HE_Nu_Aske_Oct2024/PMTfied_filtered/Snowstorm/PureNu/22010/3/PMTfied_12.parquet
2025-02-16 18:09:27 - INFO - Filtered PMTfied file saved to: /lustre/hpc/project/icecube/HE_Nu_Aske_Oct2024/PMTfied_filtered/Snowstorm/PureNu/22010/3/PMTfied_16.parquet
2025-02-16 18:09:31 - INFO - Filtered PMTfied file saved to: /lustre/hpc/project/icecube/HE_Nu_Aske_Oct2024/PMTfied_filtered/Snowstorm/PureNu/22010/3/PMTfied_2.parquet
2025-02-16 18:09:36 - INFO - Filtered PMTfied file saved to: /lustre/hpc/project/icecube/HE_Nu_Aske_Oct2024/PMTfied_filtered/Snowstorm/PureNu/22010/3/PMTfied_6.parquet
2025-02-16 18:09:38 - WARNING - Skipping PMTfied_20.parquet: No valid events found in PMTfied file.
2025-02-16 18:09:41 - INFO - Filtered PMTfied file saved to: /lustre/hpc/project/icecube/HE_Nu_Aske_Oct2024/PMTfied_filtered/Snowstorm/PureNu/22010/3/PMTfied_3.parquet
2025-02-16 18:09:44 - INFO - Filtered PMTfied file saved to: /lustre/hpc/project/icecube/HE_Nu_Aske_Oct2024/PMTfied_filtered/Snowstorm/PureNu/22010/3/PMTfied_7.parquet
2025-02-16 18:09:46 - WARNING - Skipping PMTfied_21.parquet: No valid events found in PMTfied file.
2025-02-16 18:09:49 - INFO - Filtered PMTfied file saved to: /lustre/hpc/project/icecube/HE_Nu_Aske_Oct2024/PMTfied_filtered/Snowstorm/PureNu/22010/3/PMTfied_13.parquet
2025-02-16 18:09:51 - WARNING - Skipping PMTfied_17.parquet: No valid events found in PMTfied file.
2025-02-16 18:09:54 - INFO - Filtered PMTfied file saved to: /lustre/hpc/project/icecube/HE_Nu_Aske_Oct2024/PMTfied_filtered/Snowstorm/PureNu/22010/3/PMTfied_1.parquet
2025-02-16 18:09:57 - INFO - Filtered PMTfied file saved to: /lustre/hpc/project/icecube/HE_Nu_Aske_Oct2024/PMTfied_filtered/Snowstorm/PureNu/22010/3/PMTfied_5.parquet
2025-02-16 18:10:00 - INFO - Filtered PMTfied file saved to: /lustre/hpc/project/icecube/HE_Nu_Aske_Oct2024/PMTfied_filtered/Snowstorm/PureNu/22010/3/PMTfied_9.parquet
2025-02-16 18:10:03 - INFO - Filtered PMTfied file saved to: /lustre/hpc/project/icecube/HE_Nu_Aske_Oct2024/PMTfied_filtered/Snowstorm/PureNu/22010/3/PMTfied_11.parquet
2025-02-16 18:10:06 - INFO - Filtered PMTfied file saved to: /lustre/hpc/project/icecube/HE_Nu_Aske_Oct2024/PMTfied_filtered/Snowstorm/PureNu/22010/3/PMTfied_15.parquet
2025-02-16 18:10:08 - WARNING - Skipping PMTfied_19.parquet: No valid events found in PMTfied file.
2025-02-16 18:10:10 - WARNING - Skipping PMTfied_18.parquet: No valid events found in PMTfied file.
2025-02-16 18:10:13 - INFO - Filtered PMTfied file saved to: /lustre/hpc/project/icecube/HE_Nu_Aske_Oct2024/PMTfied_filtered/Snowstorm/PureNu/22010/3/PMTfied_10.parquet
2025-02-16 18:10:16 - INFO - Filtered PMTfied file saved to: /lustre/hpc/project/icecube/HE_Nu_Aske_Oct2024/PMTfied_filtered/Snowstorm/PureNu/22010/3/PMTfied_14.parquet
2025-02-16 18:10:19 - INFO - Filtered PMTfied file saved to: /lustre/hpc/project/icecube/HE_Nu_Aske_Oct2024/PMTfied_filtered/Snowstorm/PureNu/22010/3/PMTfied_8.parquet
2025-02-16 18:10:23 - INFO - Filtered PMTfied file saved to: /lustre/hpc/project/icecube/HE_Nu_Aske_Oct2024/PMTfied_filtered/Snowstorm/PureNu/22010/3/PMTfied_4.parquet
2025-02-16 18:10:23 - WARNING - Skipping PMTfied_22.parquet: No valid events found in PMTfied file.
2025-02-16 18:10:23 - INFO - Filtering process completed.
2025-02-16 18:10:23 - INFO - Filtering process completed.
2025-02-16 18:10:23 - INFO - Unified receipt generated: /lustre/hpc/project/icecube/HE_Nu_Aske_Oct2024/PMTfied_filtered/Snowstorm/PureNu/22010/[Receipt]22010_3.json
2025-02-16 18:10:23 - INFO - Filtering process completed.
Job completed at Sun Feb 16 06:10:23 PM CET 2025
