Starting job at Mon Feb 17 04:14:46 PM CET 2025
Running Filter_by_part.py for subdirectory 22010, part 8
2025-02-17 16:14:47 - INFO - Event filtering process starts...
2025-02-17 16:14:47 - INFO - Initialized PureNeutrinoEventFilter filter for 22010/8
2025-02-17 16:14:54 - INFO - Loaded 10 event specifier files from /lustre/hpc/project/icecube/HE_Nu_Aske_Oct2024/clean_events_dict/22010/22010/reduced
2025-02-17 16:14:57 - INFO - Selected 0 CSV files covering event range [3424, 5079]
2025-02-17 16:14:57 - WARNING - No matching CSV files found for 22010/8
2025-02-17 16:14:57 - INFO - Loaded 0 valid (RunID, EventID) pairs from CSV files
2025-02-17 16:15:02 - WARNING - No valid events in 22010/8. Skipping filtering.
2025-02-17 16:15:02 - INFO - Initialized Muon13Filter filter for 22010/8
2025-02-17 16:15:04 - INFO - Extracted 2491720 valid events where MuonFilter_13==True.
2025-02-17 16:15:04 - ERROR - An error occurred: 'PureNeutrinoEventFilter' object has no attribute 'valid_event_nos'
Traceback (most recent call last):
  File "/lustre/hpc/icecube/cyan/factory/DOMification/Selection/Filter_by_part.py", line 65, in <module>
    main()
  File "/lustre/hpc/icecube/cyan/factory/DOMification/Selection/Filter_by_part.py", line 61, in main
    run()
  File "/lustre/hpc/icecube/cyan/factory/DOMification/Selection/Filter_by_part.py", line 48, in run
    filter_manager = EventFilterManager(
  File "/lustre/hpc/icecube/cyan/factory/DOMification/Selection/EventFilterManager.py", line 19, in __init__
    self.filter_obj = self._build_Filter_object()
  File "/lustre/hpc/icecube/cyan/factory/DOMification/Selection/EventFilterManager.py", line 54, in _build_Filter_object
    valid_event_nos = self._synthesize_valid_event_nos()
  File "/lustre/hpc/icecube/cyan/factory/DOMification/Selection/EventFilterManager.py", line 78, in _synthesize_valid_event_nos
    event_sets = {alias: f.get_valid_event_nos() for alias, f in self.filter_instances.items()}
  File "/lustre/hpc/icecube/cyan/factory/DOMification/Selection/EventFilterManager.py", line 78, in <dictcomp>
    event_sets = {alias: f.get_valid_event_nos() for alias, f in self.filter_instances.items()}
  File "/lustre/hpc/icecube/cyan/factory/DOMification/Selection/EventFilter.py", line 36, in get_valid_event_nos
    return self.valid_event_nos
AttributeError: 'PureNeutrinoEventFilter' object has no attribute 'valid_event_nos'
Job completed at Mon Feb 17 04:15:05 PM CET 2025
