Starting job at Thu Feb 13 05:02:36 PM CET 2025
Running Filter_by_part.py for subdirectory 22010, part 12
2025-02-13 17:02:37 - INFO - Event filtering process starts...
2025-02-13 17:02:37 - INFO - Initialized Muon13Filter
2025-02-13 17:02:37 - INFO - Starting filtering process for 22010/12
2025-02-13 17:02:47 - INFO - Recalculated 'offset' column based on filtered 'N_doms' values.
2025-02-13 17:02:48 - INFO - Filtered truth file saved to: /lustre/hpc/project/icecube/HE_Nu_Aske_Oct2024/PMTfied_filtered/MuonLike/Snowstorm/22010/truth_12.parquet
2025-02-13 17:02:48 - INFO - Receipt file saved to: /lustre/hpc/project/icecube/HE_Nu_Aske_Oct2024/PMTfied_filtered/MuonLike/Snowstorm/22010/[Receipt]22010_12.json
2025-02-13 17:03:00 - INFO - Filtered PMTfied file saved to: /lustre/hpc/project/icecube/HE_Nu_Aske_Oct2024/PMTfied_filtered/MuonLike/Snowstorm/22010/12/PMTfied_4.parquet
2025-02-13 17:03:12 - INFO - Filtered PMTfied file saved to: /lustre/hpc/project/icecube/HE_Nu_Aske_Oct2024/PMTfied_filtered/MuonLike/Snowstorm/22010/12/PMTfied_5.parquet
2025-02-13 17:03:23 - INFO - Filtered PMTfied file saved to: /lustre/hpc/project/icecube/HE_Nu_Aske_Oct2024/PMTfied_filtered/MuonLike/Snowstorm/22010/12/PMTfied_1.parquet
2025-02-13 17:03:28 - INFO - Filtered PMTfied file saved to: /lustre/hpc/project/icecube/HE_Nu_Aske_Oct2024/PMTfied_filtered/MuonLike/Snowstorm/22010/12/PMTfied_7.parquet
2025-02-13 17:03:39 - INFO - Filtered PMTfied file saved to: /lustre/hpc/project/icecube/HE_Nu_Aske_Oct2024/PMTfied_filtered/MuonLike/Snowstorm/22010/12/PMTfied_3.parquet
2025-02-13 17:03:51 - INFO - Filtered PMTfied file saved to: /lustre/hpc/project/icecube/HE_Nu_Aske_Oct2024/PMTfied_filtered/MuonLike/Snowstorm/22010/12/PMTfied_6.parquet
2025-02-13 17:04:02 - INFO - Filtered PMTfied file saved to: /lustre/hpc/project/icecube/HE_Nu_Aske_Oct2024/PMTfied_filtered/MuonLike/Snowstorm/22010/12/PMTfied_2.parquet
2025-02-13 17:04:02 - INFO - Filtering process completed.
2025-02-13 17:04:02 - INFO - Filtering process completed for all selected filters.
2025-02-13 17:04:02 - INFO - Execution time: 85.34 seconds
2025-02-13 17:04:02 - INFO - Updated receipt with execution time: /lustre/hpc/project/icecube/HE_Nu_Aske_Oct2024/PMTfied_filtered/MuonLike/Snowstorm/22010/[Receipt]22010_12.json
Job completed at Thu Feb 13 05:04:02 PM CET 2025
