Starting job at Sun Feb 16 05:54:37 PM CET 2025
Running Filter_by_part.py for subdirectory 22010, part 5
2025-02-16 17:54:43 - INFO - Event filtering process starts...
2025-02-16 17:54:43 - INFO - Initialized Muon13Filter filter for 22010/5
2025-02-16 17:54:55 - INFO - Extracted 2494773 valid events where MuonFilter_13==True.
2025-02-16 17:54:55 - INFO - Initialized CompositeEventFilter filter for 22010/5
2025-02-16 17:54:55 - INFO - Initialized (MuonLike)
2025-02-16 17:54:55 - INFO - Starting filtering process for 22010/5
2025-02-16 17:54:55 - INFO - Starting filtering process for 22010/5
2025-02-16 17:55:41 - INFO - Recalculated 'offset' column based on filtered 'N_doms' values.
2025-02-16 17:55:50 - INFO - Filtered truth file saved to: /lustre/hpc/project/icecube/HE_Nu_Aske_Oct2024/PMTfied_filtered/Snowstorm/MuonLike/22010/truth_5.parquet
2025-02-16 17:55:52 - INFO - Filtered PMTfied file saved to: /lustre/hpc/project/icecube/HE_Nu_Aske_Oct2024/PMTfied_filtered/Snowstorm/MuonLike/22010/5/PMTfied_22.parquet
2025-02-16 17:55:58 - INFO - Filtered PMTfied file saved to: /lustre/hpc/project/icecube/HE_Nu_Aske_Oct2024/PMTfied_filtered/Snowstorm/MuonLike/22010/5/PMTfied_18.parquet
2025-02-16 17:56:03 - INFO - Filtered PMTfied file saved to: /lustre/hpc/project/icecube/HE_Nu_Aske_Oct2024/PMTfied_filtered/Snowstorm/MuonLike/22010/5/PMTfied_14.parquet
2025-02-16 17:56:07 - INFO - Filtered PMTfied file saved to: /lustre/hpc/project/icecube/HE_Nu_Aske_Oct2024/PMTfied_filtered/Snowstorm/MuonLike/22010/5/PMTfied_10.parquet
2025-02-16 17:56:12 - INFO - Filtered PMTfied file saved to: /lustre/hpc/project/icecube/HE_Nu_Aske_Oct2024/PMTfied_filtered/Snowstorm/MuonLike/22010/5/PMTfied_7.parquet
2025-02-16 17:56:17 - INFO - Filtered PMTfied file saved to: /lustre/hpc/project/icecube/HE_Nu_Aske_Oct2024/PMTfied_filtered/Snowstorm/MuonLike/22010/5/PMTfied_3.parquet
2025-02-16 17:56:21 - INFO - Filtered PMTfied file saved to: /lustre/hpc/project/icecube/HE_Nu_Aske_Oct2024/PMTfied_filtered/Snowstorm/MuonLike/22010/5/PMTfied_15.parquet
2025-02-16 17:56:26 - INFO - Filtered PMTfied file saved to: /lustre/hpc/project/icecube/HE_Nu_Aske_Oct2024/PMTfied_filtered/Snowstorm/MuonLike/22010/5/PMTfied_11.parquet
2025-02-16 17:56:33 - INFO - Filtered PMTfied file saved to: /lustre/hpc/project/icecube/HE_Nu_Aske_Oct2024/PMTfied_filtered/Snowstorm/MuonLike/22010/5/PMTfied_19.parquet
2025-02-16 17:56:37 - INFO - Filtered PMTfied file saved to: /lustre/hpc/project/icecube/HE_Nu_Aske_Oct2024/PMTfied_filtered/Snowstorm/MuonLike/22010/5/PMTfied_6.parquet
2025-02-16 17:56:42 - INFO - Filtered PMTfied file saved to: /lustre/hpc/project/icecube/HE_Nu_Aske_Oct2024/PMTfied_filtered/Snowstorm/MuonLike/22010/5/PMTfied_2.parquet
2025-02-16 17:56:47 - INFO - Filtered PMTfied file saved to: /lustre/hpc/project/icecube/HE_Nu_Aske_Oct2024/PMTfied_filtered/Snowstorm/MuonLike/22010/5/PMTfied_17.parquet
2025-02-16 17:56:52 - INFO - Filtered PMTfied file saved to: /lustre/hpc/project/icecube/HE_Nu_Aske_Oct2024/PMTfied_filtered/Snowstorm/MuonLike/22010/5/PMTfied_13.parquet
2025-02-16 17:56:59 - INFO - Filtered PMTfied file saved to: /lustre/hpc/project/icecube/HE_Nu_Aske_Oct2024/PMTfied_filtered/Snowstorm/MuonLike/22010/5/PMTfied_8.parquet
2025-02-16 17:57:03 - INFO - Filtered PMTfied file saved to: /lustre/hpc/project/icecube/HE_Nu_Aske_Oct2024/PMTfied_filtered/Snowstorm/MuonLike/22010/5/PMTfied_4.parquet
2025-02-16 17:57:09 - INFO - Filtered PMTfied file saved to: /lustre/hpc/project/icecube/HE_Nu_Aske_Oct2024/PMTfied_filtered/Snowstorm/MuonLike/22010/5/PMTfied_21.parquet
2025-02-16 17:57:14 - INFO - Filtered PMTfied file saved to: /lustre/hpc/project/icecube/HE_Nu_Aske_Oct2024/PMTfied_filtered/Snowstorm/MuonLike/22010/5/PMTfied_20.parquet
2025-02-16 17:57:19 - INFO - Filtered PMTfied file saved to: /lustre/hpc/project/icecube/HE_Nu_Aske_Oct2024/PMTfied_filtered/Snowstorm/MuonLike/22010/5/PMTfied_16.parquet
2025-02-16 17:57:24 - INFO - Filtered PMTfied file saved to: /lustre/hpc/project/icecube/HE_Nu_Aske_Oct2024/PMTfied_filtered/Snowstorm/MuonLike/22010/5/PMTfied_12.parquet
2025-02-16 17:57:29 - INFO - Filtered PMTfied file saved to: /lustre/hpc/project/icecube/HE_Nu_Aske_Oct2024/PMTfied_filtered/Snowstorm/MuonLike/22010/5/PMTfied_5.parquet
2025-02-16 17:57:35 - INFO - Filtered PMTfied file saved to: /lustre/hpc/project/icecube/HE_Nu_Aske_Oct2024/PMTfied_filtered/Snowstorm/MuonLike/22010/5/PMTfied_1.parquet
2025-02-16 17:57:40 - INFO - Filtered PMTfied file saved to: /lustre/hpc/project/icecube/HE_Nu_Aske_Oct2024/PMTfied_filtered/Snowstorm/MuonLike/22010/5/PMTfied_9.parquet
2025-02-16 17:57:40 - INFO - Filtering process completed.
2025-02-16 17:57:40 - INFO - Filtering process completed.
2025-02-16 17:57:40 - INFO - Unified receipt generated: /lustre/hpc/project/icecube/HE_Nu_Aske_Oct2024/PMTfied_filtered/Snowstorm/MuonLike/22010/[Receipt]22010_5.json
2025-02-16 17:57:40 - INFO - Filtering process completed.
Job completed at Sun Feb 16 05:57:40 PM CET 2025
