Starting job at Tue Feb 18 02:58:05 PM CET 2025
Running Filter_by_part.py for subdirectory 22010, part 5
2025-02-18 14:58:10 - INFO - Event filtering process starts...
2025-02-18 14:58:10 - INFO - Initialized PureNeutrinoEventFilter filter for 22010/5
2025-02-18 14:58:25 - INFO - Loaded 7 event specifier files from /lustre/hpc/project/icecube/HE_Nu_Aske_Oct2024/clean_events_dict/22010/22010/reduced
2025-02-18 14:58:28 - INFO - Selected 3 CSV files covering event range [1714, 3358]
2025-02-18 14:59:26 - INFO - Loaded 35937228 valid (RunID, EventID) pairs from CSV files
2025-02-18 14:59:36 - INFO - Extracted 2792624 valid events based on pure neutrino events.
2025-02-18 14:59:48 - INFO - Initialized CompositeEventFilter filter for 22010/5
2025-02-18 14:59:48 - INFO - Initialized (PureNu)
2025-02-18 14:59:48 - INFO - Starting filtering process for 22010/5
2025-02-18 14:59:48 - INFO - Starting filtering process for 22010/5
2025-02-18 15:01:55 - INFO - Recalculated 'offset' column based on 'N_doms' values within each 'shard_no' group.
2025-02-18 15:02:16 - INFO - Filtered truth file saved to: /lustre/hpc/project/icecube/HE_Nu_Aske_Oct2024/PMTfied_filtered/Snowstorm/PureNu/22010/truth_5.parquet
2025-02-18 15:02:18 - INFO - Filtered PMTfied file saved to: /lustre/hpc/project/icecube/HE_Nu_Aske_Oct2024/PMTfied_filtered/Snowstorm/PureNu/22010/5/PMTfied_22.parquet
2025-02-18 15:02:29 - INFO - Filtered PMTfied file saved to: /lustre/hpc/project/icecube/HE_Nu_Aske_Oct2024/PMTfied_filtered/Snowstorm/PureNu/22010/5/PMTfied_18.parquet
2025-02-18 15:02:40 - INFO - Filtered PMTfied file saved to: /lustre/hpc/project/icecube/HE_Nu_Aske_Oct2024/PMTfied_filtered/Snowstorm/PureNu/22010/5/PMTfied_14.parquet
2025-02-18 15:02:51 - INFO - Filtered PMTfied file saved to: /lustre/hpc/project/icecube/HE_Nu_Aske_Oct2024/PMTfied_filtered/Snowstorm/PureNu/22010/5/PMTfied_10.parquet
2025-02-18 15:03:03 - INFO - Filtered PMTfied file saved to: /lustre/hpc/project/icecube/HE_Nu_Aske_Oct2024/PMTfied_filtered/Snowstorm/PureNu/22010/5/PMTfied_7.parquet
2025-02-18 15:03:14 - INFO - Filtered PMTfied file saved to: /lustre/hpc/project/icecube/HE_Nu_Aske_Oct2024/PMTfied_filtered/Snowstorm/PureNu/22010/5/PMTfied_3.parquet
2025-02-18 15:03:25 - INFO - Filtered PMTfied file saved to: /lustre/hpc/project/icecube/HE_Nu_Aske_Oct2024/PMTfied_filtered/Snowstorm/PureNu/22010/5/PMTfied_15.parquet
2025-02-18 15:03:36 - INFO - Filtered PMTfied file saved to: /lustre/hpc/project/icecube/HE_Nu_Aske_Oct2024/PMTfied_filtered/Snowstorm/PureNu/22010/5/PMTfied_11.parquet
2025-02-18 15:03:48 - INFO - Filtered PMTfied file saved to: /lustre/hpc/project/icecube/HE_Nu_Aske_Oct2024/PMTfied_filtered/Snowstorm/PureNu/22010/5/PMTfied_19.parquet
2025-02-18 15:03:59 - INFO - Filtered PMTfied file saved to: /lustre/hpc/project/icecube/HE_Nu_Aske_Oct2024/PMTfied_filtered/Snowstorm/PureNu/22010/5/PMTfied_6.parquet
2025-02-18 15:04:09 - INFO - Filtered PMTfied file saved to: /lustre/hpc/project/icecube/HE_Nu_Aske_Oct2024/PMTfied_filtered/Snowstorm/PureNu/22010/5/PMTfied_2.parquet
2025-02-18 15:04:21 - INFO - Filtered PMTfied file saved to: /lustre/hpc/project/icecube/HE_Nu_Aske_Oct2024/PMTfied_filtered/Snowstorm/PureNu/22010/5/PMTfied_17.parquet
2025-02-18 15:04:31 - INFO - Filtered PMTfied file saved to: /lustre/hpc/project/icecube/HE_Nu_Aske_Oct2024/PMTfied_filtered/Snowstorm/PureNu/22010/5/PMTfied_13.parquet
2025-02-18 15:04:42 - INFO - Filtered PMTfied file saved to: /lustre/hpc/project/icecube/HE_Nu_Aske_Oct2024/PMTfied_filtered/Snowstorm/PureNu/22010/5/PMTfied_8.parquet
2025-02-18 15:04:54 - INFO - Filtered PMTfied file saved to: /lustre/hpc/project/icecube/HE_Nu_Aske_Oct2024/PMTfied_filtered/Snowstorm/PureNu/22010/5/PMTfied_4.parquet
2025-02-18 15:05:05 - INFO - Filtered PMTfied file saved to: /lustre/hpc/project/icecube/HE_Nu_Aske_Oct2024/PMTfied_filtered/Snowstorm/PureNu/22010/5/PMTfied_21.parquet
2025-02-18 15:05:16 - INFO - Filtered PMTfied file saved to: /lustre/hpc/project/icecube/HE_Nu_Aske_Oct2024/PMTfied_filtered/Snowstorm/PureNu/22010/5/PMTfied_20.parquet
2025-02-18 15:05:27 - INFO - Filtered PMTfied file saved to: /lustre/hpc/project/icecube/HE_Nu_Aske_Oct2024/PMTfied_filtered/Snowstorm/PureNu/22010/5/PMTfied_16.parquet
2025-02-18 15:05:38 - INFO - Filtered PMTfied file saved to: /lustre/hpc/project/icecube/HE_Nu_Aske_Oct2024/PMTfied_filtered/Snowstorm/PureNu/22010/5/PMTfied_12.parquet
2025-02-18 15:05:49 - INFO - Filtered PMTfied file saved to: /lustre/hpc/project/icecube/HE_Nu_Aske_Oct2024/PMTfied_filtered/Snowstorm/PureNu/22010/5/PMTfied_5.parquet
2025-02-18 15:06:00 - INFO - Filtered PMTfied file saved to: /lustre/hpc/project/icecube/HE_Nu_Aske_Oct2024/PMTfied_filtered/Snowstorm/PureNu/22010/5/PMTfied_1.parquet
2025-02-18 15:06:12 - INFO - Filtered PMTfied file saved to: /lustre/hpc/project/icecube/HE_Nu_Aske_Oct2024/PMTfied_filtered/Snowstorm/PureNu/22010/5/PMTfied_9.parquet
2025-02-18 15:06:12 - INFO - Filtering process completed.
2025-02-18 15:06:12 - INFO - Filtering process completed.
2025-02-18 15:06:12 - INFO - Unified receipt generated: /lustre/hpc/project/icecube/HE_Nu_Aske_Oct2024/PMTfied_filtered/Snowstorm/PureNu/22010/[Receipt]22010_5.json
2025-02-18 15:06:12 - INFO - Filtering process completed.
Job completed at Tue Feb 18 03:06:13 PM CET 2025
