Starting job at Mon Feb 24 01:06:36 PM CET 2025
Running Filter_by_part.py for subdirectory 22010, part 5
2025-02-24 13:06:38 - INFO - Event filtering process starts...
2025-02-24 13:06:38 - INFO - Initialized PureNeutrinoEventFilter filter for 22010/5
2025-02-24 13:06:54 - INFO - Loaded 7 event specifier files from /lustre/hpc/project/icecube/HE_Nu_Aske_Oct2024/clean_events_dict/22010/22010/reduced
2025-02-24 13:06:57 - INFO - Selected 3 CSV files covering event range [1714, 3358]
2025-02-24 13:07:50 - INFO - Loaded 35937228 valid (RunID, EventID) pairs from CSV files
2025-02-24 13:07:59 - INFO - Extracted 2792624 valid events based on pure neutrino events.
2025-02-24 13:08:11 - INFO - Initialized Muon13Filter filter for 22010/5
2025-02-24 13:08:14 - INFO - Extracted 2494773 valid events where MuonFilter_13==True.
2025-02-24 13:08:14 - INFO - Initialized CCFilter filter for 22010/5
2025-02-24 13:08:18 - INFO - Extracted 3753415 valid events which are CC interactions.
2025-02-24 13:08:19 - INFO - Initialized CompositeEventFilter filter for 22010/5
2025-02-24 13:08:19 - INFO - Initialized (CC_CRclean_MuonLike)
2025-02-24 13:08:19 - INFO - Starting filtering process for 22010/5
2025-02-24 13:08:19 - INFO - Starting filtering process for 22010/5
2025-02-24 13:10:21 - INFO - Recalculated 'offset' column based on 'N_doms' values within each 'shard_no' group.
2025-02-24 13:10:39 - INFO - Filtered truth file saved to: /lustre/hpc/project/icecube/HE_Nu_Aske_Oct2024/PMTfied_filtered/Snowstorm/CC_CRclean_MuonLike/22010/truth_5.parquet
2025-02-24 13:10:43 - INFO - Filtered PMTfied file saved to: /lustre/hpc/project/icecube/HE_Nu_Aske_Oct2024/PMTfied_filtered/Snowstorm/CC_CRclean_MuonLike/22010/5/PMTfied_22.parquet
2025-02-24 13:10:57 - INFO - Filtered PMTfied file saved to: /lustre/hpc/project/icecube/HE_Nu_Aske_Oct2024/PMTfied_filtered/Snowstorm/CC_CRclean_MuonLike/22010/5/PMTfied_18.parquet
2025-02-24 13:11:06 - INFO - Filtered PMTfied file saved to: /lustre/hpc/project/icecube/HE_Nu_Aske_Oct2024/PMTfied_filtered/Snowstorm/CC_CRclean_MuonLike/22010/5/PMTfied_14.parquet
2025-02-24 13:11:15 - INFO - Filtered PMTfied file saved to: /lustre/hpc/project/icecube/HE_Nu_Aske_Oct2024/PMTfied_filtered/Snowstorm/CC_CRclean_MuonLike/22010/5/PMTfied_10.parquet
2025-02-24 13:11:24 - INFO - Filtered PMTfied file saved to: /lustre/hpc/project/icecube/HE_Nu_Aske_Oct2024/PMTfied_filtered/Snowstorm/CC_CRclean_MuonLike/22010/5/PMTfied_7.parquet
2025-02-24 13:11:32 - INFO - Filtered PMTfied file saved to: /lustre/hpc/project/icecube/HE_Nu_Aske_Oct2024/PMTfied_filtered/Snowstorm/CC_CRclean_MuonLike/22010/5/PMTfied_3.parquet
2025-02-24 13:11:41 - INFO - Filtered PMTfied file saved to: /lustre/hpc/project/icecube/HE_Nu_Aske_Oct2024/PMTfied_filtered/Snowstorm/CC_CRclean_MuonLike/22010/5/PMTfied_15.parquet
2025-02-24 13:11:50 - INFO - Filtered PMTfied file saved to: /lustre/hpc/project/icecube/HE_Nu_Aske_Oct2024/PMTfied_filtered/Snowstorm/CC_CRclean_MuonLike/22010/5/PMTfied_11.parquet
2025-02-24 13:11:59 - INFO - Filtered PMTfied file saved to: /lustre/hpc/project/icecube/HE_Nu_Aske_Oct2024/PMTfied_filtered/Snowstorm/CC_CRclean_MuonLike/22010/5/PMTfied_19.parquet
2025-02-24 13:12:08 - INFO - Filtered PMTfied file saved to: /lustre/hpc/project/icecube/HE_Nu_Aske_Oct2024/PMTfied_filtered/Snowstorm/CC_CRclean_MuonLike/22010/5/PMTfied_6.parquet
2025-02-24 13:12:17 - INFO - Filtered PMTfied file saved to: /lustre/hpc/project/icecube/HE_Nu_Aske_Oct2024/PMTfied_filtered/Snowstorm/CC_CRclean_MuonLike/22010/5/PMTfied_2.parquet
2025-02-24 13:12:26 - INFO - Filtered PMTfied file saved to: /lustre/hpc/project/icecube/HE_Nu_Aske_Oct2024/PMTfied_filtered/Snowstorm/CC_CRclean_MuonLike/22010/5/PMTfied_17.parquet
2025-02-24 13:12:34 - INFO - Filtered PMTfied file saved to: /lustre/hpc/project/icecube/HE_Nu_Aske_Oct2024/PMTfied_filtered/Snowstorm/CC_CRclean_MuonLike/22010/5/PMTfied_13.parquet
2025-02-24 13:12:44 - INFO - Filtered PMTfied file saved to: /lustre/hpc/project/icecube/HE_Nu_Aske_Oct2024/PMTfied_filtered/Snowstorm/CC_CRclean_MuonLike/22010/5/PMTfied_8.parquet
2025-02-24 13:12:52 - INFO - Filtered PMTfied file saved to: /lustre/hpc/project/icecube/HE_Nu_Aske_Oct2024/PMTfied_filtered/Snowstorm/CC_CRclean_MuonLike/22010/5/PMTfied_4.parquet
2025-02-24 13:13:01 - INFO - Filtered PMTfied file saved to: /lustre/hpc/project/icecube/HE_Nu_Aske_Oct2024/PMTfied_filtered/Snowstorm/CC_CRclean_MuonLike/22010/5/PMTfied_21.parquet
2025-02-24 13:13:10 - INFO - Filtered PMTfied file saved to: /lustre/hpc/project/icecube/HE_Nu_Aske_Oct2024/PMTfied_filtered/Snowstorm/CC_CRclean_MuonLike/22010/5/PMTfied_20.parquet
2025-02-24 13:13:19 - INFO - Filtered PMTfied file saved to: /lustre/hpc/project/icecube/HE_Nu_Aske_Oct2024/PMTfied_filtered/Snowstorm/CC_CRclean_MuonLike/22010/5/PMTfied_16.parquet
2025-02-24 13:13:28 - INFO - Filtered PMTfied file saved to: /lustre/hpc/project/icecube/HE_Nu_Aske_Oct2024/PMTfied_filtered/Snowstorm/CC_CRclean_MuonLike/22010/5/PMTfied_12.parquet
2025-02-24 13:13:37 - INFO - Filtered PMTfied file saved to: /lustre/hpc/project/icecube/HE_Nu_Aske_Oct2024/PMTfied_filtered/Snowstorm/CC_CRclean_MuonLike/22010/5/PMTfied_5.parquet
2025-02-24 13:13:46 - INFO - Filtered PMTfied file saved to: /lustre/hpc/project/icecube/HE_Nu_Aske_Oct2024/PMTfied_filtered/Snowstorm/CC_CRclean_MuonLike/22010/5/PMTfied_1.parquet
2025-02-24 13:13:55 - INFO - Filtered PMTfied file saved to: /lustre/hpc/project/icecube/HE_Nu_Aske_Oct2024/PMTfied_filtered/Snowstorm/CC_CRclean_MuonLike/22010/5/PMTfied_9.parquet
2025-02-24 13:13:55 - INFO - Filtering process completed.
2025-02-24 13:13:55 - INFO - Filtering process completed.
2025-02-24 13:13:55 - INFO - Unified receipt generated: /lustre/hpc/project/icecube/HE_Nu_Aske_Oct2024/PMTfied_filtered/Snowstorm/CC_CRclean_MuonLike/22010/[Receipt]22010_5.json
2025-02-24 13:13:55 - INFO - Filtering process completed.
Job completed at Mon Feb 24 01:13:56 PM CET 2025
