Starting job at Tue Feb 18 02:58:05 PM CET 2025
Running Filter_by_part.py for subdirectory 22010, part 11
2025-02-18 14:58:10 - INFO - Event filtering process starts...
2025-02-18 14:58:10 - INFO - Initialized PureNeutrinoEventFilter filter for 22010/11
2025-02-18 14:58:31 - INFO - Loaded 7 event specifier files from /lustre/hpc/project/icecube/HE_Nu_Aske_Oct2024/clean_events_dict/22010/22010/reduced
2025-02-18 14:58:33 - INFO - Selected 2 CSV files covering event range [5205, 6749]
2025-02-18 14:59:05 - INFO - Loaded 20940378 valid (RunID, EventID) pairs from CSV files
2025-02-18 14:59:14 - INFO - Extracted 2792128 valid events based on pure neutrino events.
2025-02-18 14:59:20 - INFO - Initialized CompositeEventFilter filter for 22010/11
2025-02-18 14:59:20 - INFO - Initialized (PureNu)
2025-02-18 14:59:20 - INFO - Starting filtering process for 22010/11
2025-02-18 14:59:20 - INFO - Starting filtering process for 22010/11
2025-02-18 15:01:14 - INFO - Recalculated 'offset' column based on 'N_doms' values within each 'shard_no' group.
2025-02-18 15:01:32 - INFO - Filtered truth file saved to: /lustre/hpc/project/icecube/HE_Nu_Aske_Oct2024/PMTfied_filtered/Snowstorm/PureNu/22010/truth_11.parquet
2025-02-18 15:01:42 - INFO - Filtered PMTfied file saved to: /lustre/hpc/project/icecube/HE_Nu_Aske_Oct2024/PMTfied_filtered/Snowstorm/PureNu/22010/11/PMTfied_8.parquet
2025-02-18 15:01:52 - INFO - Filtered PMTfied file saved to: /lustre/hpc/project/icecube/HE_Nu_Aske_Oct2024/PMTfied_filtered/Snowstorm/PureNu/22010/11/PMTfied_19.parquet
2025-02-18 15:02:02 - INFO - Filtered PMTfied file saved to: /lustre/hpc/project/icecube/HE_Nu_Aske_Oct2024/PMTfied_filtered/Snowstorm/PureNu/22010/11/PMTfied_15.parquet
2025-02-18 15:02:12 - INFO - Filtered PMTfied file saved to: /lustre/hpc/project/icecube/HE_Nu_Aske_Oct2024/PMTfied_filtered/Snowstorm/PureNu/22010/11/PMTfied_4.parquet
2025-02-18 15:02:22 - INFO - Filtered PMTfied file saved to: /lustre/hpc/project/icecube/HE_Nu_Aske_Oct2024/PMTfied_filtered/Snowstorm/PureNu/22010/11/PMTfied_11.parquet
2025-02-18 15:02:33 - INFO - Filtered PMTfied file saved to: /lustre/hpc/project/icecube/HE_Nu_Aske_Oct2024/PMTfied_filtered/Snowstorm/PureNu/22010/11/PMTfied_14.parquet
2025-02-18 15:02:43 - INFO - Filtered PMTfied file saved to: /lustre/hpc/project/icecube/HE_Nu_Aske_Oct2024/PMTfied_filtered/Snowstorm/PureNu/22010/11/PMTfied_5.parquet
2025-02-18 15:02:53 - INFO - Filtered PMTfied file saved to: /lustre/hpc/project/icecube/HE_Nu_Aske_Oct2024/PMTfied_filtered/Snowstorm/PureNu/22010/11/PMTfied_1.parquet
2025-02-18 15:03:03 - INFO - Filtered PMTfied file saved to: /lustre/hpc/project/icecube/HE_Nu_Aske_Oct2024/PMTfied_filtered/Snowstorm/PureNu/22010/11/PMTfied_10.parquet
2025-02-18 15:03:13 - INFO - Filtered PMTfied file saved to: /lustre/hpc/project/icecube/HE_Nu_Aske_Oct2024/PMTfied_filtered/Snowstorm/PureNu/22010/11/PMTfied_9.parquet
2025-02-18 15:03:24 - INFO - Filtered PMTfied file saved to: /lustre/hpc/project/icecube/HE_Nu_Aske_Oct2024/PMTfied_filtered/Snowstorm/PureNu/22010/11/PMTfied_18.parquet
2025-02-18 15:03:26 - INFO - Filtered PMTfied file saved to: /lustre/hpc/project/icecube/HE_Nu_Aske_Oct2024/PMTfied_filtered/Snowstorm/PureNu/22010/11/PMTfied_22.parquet
2025-02-18 15:03:36 - INFO - Filtered PMTfied file saved to: /lustre/hpc/project/icecube/HE_Nu_Aske_Oct2024/PMTfied_filtered/Snowstorm/PureNu/22010/11/PMTfied_16.parquet
2025-02-18 15:03:46 - INFO - Filtered PMTfied file saved to: /lustre/hpc/project/icecube/HE_Nu_Aske_Oct2024/PMTfied_filtered/Snowstorm/PureNu/22010/11/PMTfied_7.parquet
2025-02-18 15:03:56 - INFO - Filtered PMTfied file saved to: /lustre/hpc/project/icecube/HE_Nu_Aske_Oct2024/PMTfied_filtered/Snowstorm/PureNu/22010/11/PMTfied_3.parquet
2025-02-18 15:04:06 - INFO - Filtered PMTfied file saved to: /lustre/hpc/project/icecube/HE_Nu_Aske_Oct2024/PMTfied_filtered/Snowstorm/PureNu/22010/11/PMTfied_12.parquet
2025-02-18 15:04:16 - INFO - Filtered PMTfied file saved to: /lustre/hpc/project/icecube/HE_Nu_Aske_Oct2024/PMTfied_filtered/Snowstorm/PureNu/22010/11/PMTfied_20.parquet
2025-02-18 15:04:26 - INFO - Filtered PMTfied file saved to: /lustre/hpc/project/icecube/HE_Nu_Aske_Oct2024/PMTfied_filtered/Snowstorm/PureNu/22010/11/PMTfied_21.parquet
2025-02-18 15:04:36 - INFO - Filtered PMTfied file saved to: /lustre/hpc/project/icecube/HE_Nu_Aske_Oct2024/PMTfied_filtered/Snowstorm/PureNu/22010/11/PMTfied_17.parquet
2025-02-18 15:04:46 - INFO - Filtered PMTfied file saved to: /lustre/hpc/project/icecube/HE_Nu_Aske_Oct2024/PMTfied_filtered/Snowstorm/PureNu/22010/11/PMTfied_6.parquet
2025-02-18 15:04:56 - INFO - Filtered PMTfied file saved to: /lustre/hpc/project/icecube/HE_Nu_Aske_Oct2024/PMTfied_filtered/Snowstorm/PureNu/22010/11/PMTfied_2.parquet
2025-02-18 15:05:06 - INFO - Filtered PMTfied file saved to: /lustre/hpc/project/icecube/HE_Nu_Aske_Oct2024/PMTfied_filtered/Snowstorm/PureNu/22010/11/PMTfied_13.parquet
2025-02-18 15:05:06 - INFO - Filtering process completed.
2025-02-18 15:05:06 - INFO - Filtering process completed.
2025-02-18 15:05:07 - INFO - Unified receipt generated: /lustre/hpc/project/icecube/HE_Nu_Aske_Oct2024/PMTfied_filtered/Snowstorm/PureNu/22010/[Receipt]22010_11.json
2025-02-18 15:05:07 - INFO - Filtering process completed.
Job completed at Tue Feb 18 03:05:07 PM CET 2025
