Starting job at Sun Feb 16 05:54:38 PM CET 2025
Running Filter_by_part.py for subdirectory 22010, part 10
2025-02-16 17:54:43 - INFO - Event filtering process starts...
2025-02-16 17:54:43 - INFO - Initialized Muon13Filter filter for 22010/10
2025-02-16 17:55:09 - INFO - Extracted 2492472 valid events where MuonFilter_13==True.
2025-02-16 17:55:09 - INFO - Initialized CompositeEventFilter filter for 22010/10
2025-02-16 17:55:09 - INFO - Initialized (MuonLike)
2025-02-16 17:55:09 - INFO - Starting filtering process for 22010/10
2025-02-16 17:55:09 - INFO - Starting filtering process for 22010/10
2025-02-16 17:57:04 - INFO - Recalculated 'offset' column based on filtered 'N_doms' values.
2025-02-16 17:57:22 - INFO - Filtered truth file saved to: /lustre/hpc/project/icecube/HE_Nu_Aske_Oct2024/PMTfied_filtered/Snowstorm/MuonLike/22010/truth_10.parquet
2025-02-16 17:57:22 - ERROR - An error occurred: 'Field "event_no" does not exist in schema'
Traceback (most recent call last):
  File "/lustre/hpc/icecube/cyan/factory/DOMification/Selection/Filter_by_part.py", line 65, in <module>
    main()
  File "/lustre/hpc/icecube/cyan/factory/DOMification/Selection/Filter_by_part.py", line 61, in main
    run()
  File "/lustre/hpc/icecube/cyan/factory/DOMification/Selection/Filter_by_part.py", line 55, in run
    filter_manager()
  File "/lustre/hpc/icecube/cyan/factory/DOMification/Selection/EventFilterManager.py", line 23, in __call__
    self.filter_obj()
  File "/lustre/hpc/icecube/cyan/factory/DOMification/Selection/EventFilter.py", line 32, in __call__
    self._write_filtered_shards()
  File "/lustre/hpc/icecube/cyan/factory/DOMification/Selection/EventFilter.py", line 71, in _write_filtered_shards
    pmt_event_nos = pmt_table.column("event_no").to_pylist()
  File "pyarrow/table.pxi", line 1779, in pyarrow.lib._Tabular.column
  File "pyarrow/table.pxi", line 1715, in pyarrow.lib._Tabular._ensure_integer_index
KeyError: 'Field "event_no" does not exist in schema'
Job completed at Sun Feb 16 05:57:24 PM CET 2025
