Starting job at Tue Feb 18 02:58:04 PM CET 2025
Running Filter_by_part.py for subdirectory 22010, part 3
2025-02-18 14:58:10 - INFO - Event filtering process starts...
2025-02-18 14:58:10 - INFO - Initialized PureNeutrinoEventFilter filter for 22010/3
2025-02-18 14:58:21 - INFO - Loaded 7 event specifier files from /lustre/hpc/project/icecube/HE_Nu_Aske_Oct2024/clean_events_dict/22010/22010/reduced
2025-02-18 14:58:23 - INFO - Selected 4 CSV files covering event range [28, 3298]
2025-02-18 14:58:56 - INFO - Loaded 47893125 valid (RunID, EventID) pairs from CSV files
2025-02-18 14:59:00 - INFO - Extracted 2792600 valid events based on pure neutrino events.
2025-02-18 14:59:09 - INFO - Initialized CompositeEventFilter filter for 22010/3
2025-02-18 14:59:09 - INFO - Initialized (PureNu)
2025-02-18 14:59:09 - INFO - Starting filtering process for 22010/3
2025-02-18 14:59:09 - INFO - Starting filtering process for 22010/3
2025-02-18 15:00:01 - INFO - Recalculated 'offset' column based on 'N_doms' values within each 'shard_no' group.
2025-02-18 15:00:11 - INFO - Filtered truth file saved to: /lustre/hpc/project/icecube/HE_Nu_Aske_Oct2024/PMTfied_filtered/Snowstorm/PureNu/22010/truth_3.parquet
2025-02-18 15:00:16 - INFO - Filtered PMTfied file saved to: /lustre/hpc/project/icecube/HE_Nu_Aske_Oct2024/PMTfied_filtered/Snowstorm/PureNu/22010/3/PMTfied_12.parquet
2025-02-18 15:00:21 - INFO - Filtered PMTfied file saved to: /lustre/hpc/project/icecube/HE_Nu_Aske_Oct2024/PMTfied_filtered/Snowstorm/PureNu/22010/3/PMTfied_16.parquet
2025-02-18 15:00:26 - INFO - Filtered PMTfied file saved to: /lustre/hpc/project/icecube/HE_Nu_Aske_Oct2024/PMTfied_filtered/Snowstorm/PureNu/22010/3/PMTfied_2.parquet
2025-02-18 15:00:30 - INFO - Filtered PMTfied file saved to: /lustre/hpc/project/icecube/HE_Nu_Aske_Oct2024/PMTfied_filtered/Snowstorm/PureNu/22010/3/PMTfied_6.parquet
2025-02-18 15:00:36 - INFO - Filtered PMTfied file saved to: /lustre/hpc/project/icecube/HE_Nu_Aske_Oct2024/PMTfied_filtered/Snowstorm/PureNu/22010/3/PMTfied_20.parquet
2025-02-18 15:00:40 - INFO - Filtered PMTfied file saved to: /lustre/hpc/project/icecube/HE_Nu_Aske_Oct2024/PMTfied_filtered/Snowstorm/PureNu/22010/3/PMTfied_3.parquet
2025-02-18 15:00:45 - INFO - Filtered PMTfied file saved to: /lustre/hpc/project/icecube/HE_Nu_Aske_Oct2024/PMTfied_filtered/Snowstorm/PureNu/22010/3/PMTfied_7.parquet
2025-02-18 15:00:49 - INFO - Filtered PMTfied file saved to: /lustre/hpc/project/icecube/HE_Nu_Aske_Oct2024/PMTfied_filtered/Snowstorm/PureNu/22010/3/PMTfied_21.parquet
2025-02-18 15:00:54 - INFO - Filtered PMTfied file saved to: /lustre/hpc/project/icecube/HE_Nu_Aske_Oct2024/PMTfied_filtered/Snowstorm/PureNu/22010/3/PMTfied_13.parquet
2025-02-18 15:00:58 - INFO - Filtered PMTfied file saved to: /lustre/hpc/project/icecube/HE_Nu_Aske_Oct2024/PMTfied_filtered/Snowstorm/PureNu/22010/3/PMTfied_17.parquet
2025-02-18 15:01:03 - INFO - Filtered PMTfied file saved to: /lustre/hpc/project/icecube/HE_Nu_Aske_Oct2024/PMTfied_filtered/Snowstorm/PureNu/22010/3/PMTfied_1.parquet
2025-02-18 15:01:08 - INFO - Filtered PMTfied file saved to: /lustre/hpc/project/icecube/HE_Nu_Aske_Oct2024/PMTfied_filtered/Snowstorm/PureNu/22010/3/PMTfied_5.parquet
2025-02-18 15:01:12 - INFO - Filtered PMTfied file saved to: /lustre/hpc/project/icecube/HE_Nu_Aske_Oct2024/PMTfied_filtered/Snowstorm/PureNu/22010/3/PMTfied_9.parquet
2025-02-18 15:01:17 - INFO - Filtered PMTfied file saved to: /lustre/hpc/project/icecube/HE_Nu_Aske_Oct2024/PMTfied_filtered/Snowstorm/PureNu/22010/3/PMTfied_11.parquet
2025-02-18 15:01:21 - INFO - Filtered PMTfied file saved to: /lustre/hpc/project/icecube/HE_Nu_Aske_Oct2024/PMTfied_filtered/Snowstorm/PureNu/22010/3/PMTfied_15.parquet
2025-02-18 15:01:26 - INFO - Filtered PMTfied file saved to: /lustre/hpc/project/icecube/HE_Nu_Aske_Oct2024/PMTfied_filtered/Snowstorm/PureNu/22010/3/PMTfied_19.parquet
2025-02-18 15:01:31 - INFO - Filtered PMTfied file saved to: /lustre/hpc/project/icecube/HE_Nu_Aske_Oct2024/PMTfied_filtered/Snowstorm/PureNu/22010/3/PMTfied_18.parquet
2025-02-18 15:01:36 - INFO - Filtered PMTfied file saved to: /lustre/hpc/project/icecube/HE_Nu_Aske_Oct2024/PMTfied_filtered/Snowstorm/PureNu/22010/3/PMTfied_10.parquet
2025-02-18 15:01:40 - INFO - Filtered PMTfied file saved to: /lustre/hpc/project/icecube/HE_Nu_Aske_Oct2024/PMTfied_filtered/Snowstorm/PureNu/22010/3/PMTfied_14.parquet
2025-02-18 15:01:45 - INFO - Filtered PMTfied file saved to: /lustre/hpc/project/icecube/HE_Nu_Aske_Oct2024/PMTfied_filtered/Snowstorm/PureNu/22010/3/PMTfied_8.parquet
2025-02-18 15:01:49 - INFO - Filtered PMTfied file saved to: /lustre/hpc/project/icecube/HE_Nu_Aske_Oct2024/PMTfied_filtered/Snowstorm/PureNu/22010/3/PMTfied_4.parquet
2025-02-18 15:01:51 - INFO - Filtered PMTfied file saved to: /lustre/hpc/project/icecube/HE_Nu_Aske_Oct2024/PMTfied_filtered/Snowstorm/PureNu/22010/3/PMTfied_22.parquet
2025-02-18 15:01:51 - INFO - Filtering process completed.
2025-02-18 15:01:51 - INFO - Filtering process completed.
2025-02-18 15:01:51 - INFO - Unified receipt generated: /lustre/hpc/project/icecube/HE_Nu_Aske_Oct2024/PMTfied_filtered/Snowstorm/PureNu/22010/[Receipt]22010_3.json
2025-02-18 15:01:51 - INFO - Filtering process completed.
Job completed at Tue Feb 18 03:01:51 PM CET 2025
