Starting job at Tue Feb 18 02:58:04 PM CET 2025
Running Filter_by_part.py for subdirectory 22010, part 2
2025-02-18 14:58:10 - INFO - Event filtering process starts...
2025-02-18 14:58:10 - INFO - Initialized PureNeutrinoEventFilter filter for 22010/2
2025-02-18 14:58:19 - INFO - Loaded 7 event specifier files from /lustre/hpc/project/icecube/HE_Nu_Aske_Oct2024/clean_events_dict/22010/22010/reduced
2025-02-18 14:58:20 - INFO - Selected 2 CSV files covering event range [29, 1680]
2025-02-18 14:58:38 - INFO - Loaded 23926593 valid (RunID, EventID) pairs from CSV files
2025-02-18 14:58:42 - INFO - Extracted 2790967 valid events based on pure neutrino events.
2025-02-18 14:58:47 - INFO - Initialized CompositeEventFilter filter for 22010/2
2025-02-18 14:58:47 - INFO - Initialized (PureNu)
2025-02-18 14:58:47 - INFO - Starting filtering process for 22010/2
2025-02-18 14:58:47 - INFO - Starting filtering process for 22010/2
2025-02-18 14:59:40 - INFO - Recalculated 'offset' column based on 'N_doms' values within each 'shard_no' group.
2025-02-18 14:59:50 - INFO - Filtered truth file saved to: /lustre/hpc/project/icecube/HE_Nu_Aske_Oct2024/PMTfied_filtered/Snowstorm/PureNu/22010/truth_2.parquet
2025-02-18 14:59:55 - INFO - Filtered PMTfied file saved to: /lustre/hpc/project/icecube/HE_Nu_Aske_Oct2024/PMTfied_filtered/Snowstorm/PureNu/22010/2/PMTfied_15.parquet
2025-02-18 15:00:00 - INFO - Filtered PMTfied file saved to: /lustre/hpc/project/icecube/HE_Nu_Aske_Oct2024/PMTfied_filtered/Snowstorm/PureNu/22010/2/PMTfied_11.parquet
2025-02-18 15:00:05 - INFO - Filtered PMTfied file saved to: /lustre/hpc/project/icecube/HE_Nu_Aske_Oct2024/PMTfied_filtered/Snowstorm/PureNu/22010/2/PMTfied_19.parquet
2025-02-18 15:00:10 - INFO - Filtered PMTfied file saved to: /lustre/hpc/project/icecube/HE_Nu_Aske_Oct2024/PMTfied_filtered/Snowstorm/PureNu/22010/2/PMTfied_6.parquet
2025-02-18 15:00:14 - INFO - Filtered PMTfied file saved to: /lustre/hpc/project/icecube/HE_Nu_Aske_Oct2024/PMTfied_filtered/Snowstorm/PureNu/22010/2/PMTfied_2.parquet
2025-02-18 15:00:19 - INFO - Filtered PMTfied file saved to: /lustre/hpc/project/icecube/HE_Nu_Aske_Oct2024/PMTfied_filtered/Snowstorm/PureNu/22010/2/PMTfied_18.parquet
2025-02-18 15:00:24 - INFO - Filtered PMTfied file saved to: /lustre/hpc/project/icecube/HE_Nu_Aske_Oct2024/PMTfied_filtered/Snowstorm/PureNu/22010/2/PMTfied_14.parquet
2025-02-18 15:00:29 - INFO - Filtered PMTfied file saved to: /lustre/hpc/project/icecube/HE_Nu_Aske_Oct2024/PMTfied_filtered/Snowstorm/PureNu/22010/2/PMTfied_10.parquet
2025-02-18 15:00:33 - INFO - Filtered PMTfied file saved to: /lustre/hpc/project/icecube/HE_Nu_Aske_Oct2024/PMTfied_filtered/Snowstorm/PureNu/22010/2/PMTfied_7.parquet
2025-02-18 15:00:39 - INFO - Filtered PMTfied file saved to: /lustre/hpc/project/icecube/HE_Nu_Aske_Oct2024/PMTfied_filtered/Snowstorm/PureNu/22010/2/PMTfied_3.parquet
2025-02-18 15:00:40 - INFO - Filtered PMTfied file saved to: /lustre/hpc/project/icecube/HE_Nu_Aske_Oct2024/PMTfied_filtered/Snowstorm/PureNu/22010/2/PMTfied_22.parquet
2025-02-18 15:00:45 - INFO - Filtered PMTfied file saved to: /lustre/hpc/project/icecube/HE_Nu_Aske_Oct2024/PMTfied_filtered/Snowstorm/PureNu/22010/2/PMTfied_16.parquet
2025-02-18 15:00:49 - INFO - Filtered PMTfied file saved to: /lustre/hpc/project/icecube/HE_Nu_Aske_Oct2024/PMTfied_filtered/Snowstorm/PureNu/22010/2/PMTfied_12.parquet
2025-02-18 15:00:54 - INFO - Filtered PMTfied file saved to: /lustre/hpc/project/icecube/HE_Nu_Aske_Oct2024/PMTfied_filtered/Snowstorm/PureNu/22010/2/PMTfied_5.parquet
2025-02-18 15:00:59 - INFO - Filtered PMTfied file saved to: /lustre/hpc/project/icecube/HE_Nu_Aske_Oct2024/PMTfied_filtered/Snowstorm/PureNu/22010/2/PMTfied_1.parquet
2025-02-18 15:01:03 - INFO - Filtered PMTfied file saved to: /lustre/hpc/project/icecube/HE_Nu_Aske_Oct2024/PMTfied_filtered/Snowstorm/PureNu/22010/2/PMTfied_9.parquet
2025-02-18 15:01:08 - INFO - Filtered PMTfied file saved to: /lustre/hpc/project/icecube/HE_Nu_Aske_Oct2024/PMTfied_filtered/Snowstorm/PureNu/22010/2/PMTfied_20.parquet
2025-02-18 15:01:13 - INFO - Filtered PMTfied file saved to: /lustre/hpc/project/icecube/HE_Nu_Aske_Oct2024/PMTfied_filtered/Snowstorm/PureNu/22010/2/PMTfied_21.parquet
2025-02-18 15:01:18 - INFO - Filtered PMTfied file saved to: /lustre/hpc/project/icecube/HE_Nu_Aske_Oct2024/PMTfied_filtered/Snowstorm/PureNu/22010/2/PMTfied_17.parquet
2025-02-18 15:01:23 - INFO - Filtered PMTfied file saved to: /lustre/hpc/project/icecube/HE_Nu_Aske_Oct2024/PMTfied_filtered/Snowstorm/PureNu/22010/2/PMTfied_13.parquet
2025-02-18 15:01:28 - INFO - Filtered PMTfied file saved to: /lustre/hpc/project/icecube/HE_Nu_Aske_Oct2024/PMTfied_filtered/Snowstorm/PureNu/22010/2/PMTfied_8.parquet
2025-02-18 15:01:33 - INFO - Filtered PMTfied file saved to: /lustre/hpc/project/icecube/HE_Nu_Aske_Oct2024/PMTfied_filtered/Snowstorm/PureNu/22010/2/PMTfied_4.parquet
2025-02-18 15:01:33 - INFO - Filtering process completed.
2025-02-18 15:01:33 - INFO - Filtering process completed.
2025-02-18 15:01:33 - INFO - Unified receipt generated: /lustre/hpc/project/icecube/HE_Nu_Aske_Oct2024/PMTfied_filtered/Snowstorm/PureNu/22010/[Receipt]22010_2.json
2025-02-18 15:01:33 - INFO - Filtering process completed.
Job completed at Tue Feb 18 03:01:33 PM CET 2025
