Starting job at Tue Feb 18 02:58:05 PM CET 2025
Running Filter_by_part.py for subdirectory 22010, part 7
2025-02-18 14:58:10 - INFO - Event filtering process starts...
2025-02-18 14:58:10 - INFO - Initialized PureNeutrinoEventFilter filter for 22010/7
2025-02-18 14:58:26 - INFO - Loaded 7 event specifier files from /lustre/hpc/project/icecube/HE_Nu_Aske_Oct2024/clean_events_dict/22010/22010/reduced
2025-02-18 14:58:28 - INFO - Selected 3 CSV files covering event range [3394, 5020]
2025-02-18 14:59:24 - INFO - Loaded 35903402 valid (RunID, EventID) pairs from CSV files
2025-02-18 14:59:34 - INFO - Extracted 2795098 valid events based on pure neutrino events.
2025-02-18 14:59:46 - INFO - Initialized CompositeEventFilter filter for 22010/7
2025-02-18 14:59:46 - INFO - Initialized (PureNu)
2025-02-18 14:59:46 - INFO - Starting filtering process for 22010/7
2025-02-18 14:59:46 - INFO - Starting filtering process for 22010/7
2025-02-18 15:01:42 - INFO - Recalculated 'offset' column based on 'N_doms' values within each 'shard_no' group.
2025-02-18 15:02:00 - INFO - Filtered truth file saved to: /lustre/hpc/project/icecube/HE_Nu_Aske_Oct2024/PMTfied_filtered/Snowstorm/PureNu/22010/truth_7.parquet
2025-02-18 15:02:10 - INFO - Filtered PMTfied file saved to: /lustre/hpc/project/icecube/HE_Nu_Aske_Oct2024/PMTfied_filtered/Snowstorm/PureNu/22010/7/PMTfied_20.parquet
2025-02-18 15:02:20 - INFO - Filtered PMTfied file saved to: /lustre/hpc/project/icecube/HE_Nu_Aske_Oct2024/PMTfied_filtered/Snowstorm/PureNu/22010/7/PMTfied_12.parquet
2025-02-18 15:02:30 - INFO - Filtered PMTfied file saved to: /lustre/hpc/project/icecube/HE_Nu_Aske_Oct2024/PMTfied_filtered/Snowstorm/PureNu/22010/7/PMTfied_16.parquet
2025-02-18 15:02:40 - INFO - Filtered PMTfied file saved to: /lustre/hpc/project/icecube/HE_Nu_Aske_Oct2024/PMTfied_filtered/Snowstorm/PureNu/22010/7/PMTfied_6.parquet
2025-02-18 15:02:50 - INFO - Filtered PMTfied file saved to: /lustre/hpc/project/icecube/HE_Nu_Aske_Oct2024/PMTfied_filtered/Snowstorm/PureNu/22010/7/PMTfied_2.parquet
2025-02-18 15:03:00 - INFO - Filtered PMTfied file saved to: /lustre/hpc/project/icecube/HE_Nu_Aske_Oct2024/PMTfied_filtered/Snowstorm/PureNu/22010/7/PMTfied_13.parquet
2025-02-18 15:03:10 - INFO - Filtered PMTfied file saved to: /lustre/hpc/project/icecube/HE_Nu_Aske_Oct2024/PMTfied_filtered/Snowstorm/PureNu/22010/7/PMTfied_17.parquet
2025-02-18 15:03:20 - INFO - Filtered PMTfied file saved to: /lustre/hpc/project/icecube/HE_Nu_Aske_Oct2024/PMTfied_filtered/Snowstorm/PureNu/22010/7/PMTfied_7.parquet
2025-02-18 15:03:30 - INFO - Filtered PMTfied file saved to: /lustre/hpc/project/icecube/HE_Nu_Aske_Oct2024/PMTfied_filtered/Snowstorm/PureNu/22010/7/PMTfied_3.parquet
2025-02-18 15:03:40 - INFO - Filtered PMTfied file saved to: /lustre/hpc/project/icecube/HE_Nu_Aske_Oct2024/PMTfied_filtered/Snowstorm/PureNu/22010/7/PMTfied_21.parquet
2025-02-18 15:03:50 - INFO - Filtered PMTfied file saved to: /lustre/hpc/project/icecube/HE_Nu_Aske_Oct2024/PMTfied_filtered/Snowstorm/PureNu/22010/7/PMTfied_19.parquet
2025-02-18 15:04:00 - INFO - Filtered PMTfied file saved to: /lustre/hpc/project/icecube/HE_Nu_Aske_Oct2024/PMTfied_filtered/Snowstorm/PureNu/22010/7/PMTfied_11.parquet
2025-02-18 15:04:10 - INFO - Filtered PMTfied file saved to: /lustre/hpc/project/icecube/HE_Nu_Aske_Oct2024/PMTfied_filtered/Snowstorm/PureNu/22010/7/PMTfied_15.parquet
2025-02-18 15:04:20 - INFO - Filtered PMTfied file saved to: /lustre/hpc/project/icecube/HE_Nu_Aske_Oct2024/PMTfied_filtered/Snowstorm/PureNu/22010/7/PMTfied_9.parquet
2025-02-18 15:04:30 - INFO - Filtered PMTfied file saved to: /lustre/hpc/project/icecube/HE_Nu_Aske_Oct2024/PMTfied_filtered/Snowstorm/PureNu/22010/7/PMTfied_5.parquet
2025-02-18 15:04:40 - INFO - Filtered PMTfied file saved to: /lustre/hpc/project/icecube/HE_Nu_Aske_Oct2024/PMTfied_filtered/Snowstorm/PureNu/22010/7/PMTfied_1.parquet
2025-02-18 15:04:45 - INFO - Filtered PMTfied file saved to: /lustre/hpc/project/icecube/HE_Nu_Aske_Oct2024/PMTfied_filtered/Snowstorm/PureNu/22010/7/PMTfied_22.parquet
2025-02-18 15:04:55 - INFO - Filtered PMTfied file saved to: /lustre/hpc/project/icecube/HE_Nu_Aske_Oct2024/PMTfied_filtered/Snowstorm/PureNu/22010/7/PMTfied_10.parquet
2025-02-18 15:05:05 - INFO - Filtered PMTfied file saved to: /lustre/hpc/project/icecube/HE_Nu_Aske_Oct2024/PMTfied_filtered/Snowstorm/PureNu/22010/7/PMTfied_14.parquet
2025-02-18 15:05:15 - INFO - Filtered PMTfied file saved to: /lustre/hpc/project/icecube/HE_Nu_Aske_Oct2024/PMTfied_filtered/Snowstorm/PureNu/22010/7/PMTfied_18.parquet
2025-02-18 15:05:25 - INFO - Filtered PMTfied file saved to: /lustre/hpc/project/icecube/HE_Nu_Aske_Oct2024/PMTfied_filtered/Snowstorm/PureNu/22010/7/PMTfied_4.parquet
2025-02-18 15:05:35 - INFO - Filtered PMTfied file saved to: /lustre/hpc/project/icecube/HE_Nu_Aske_Oct2024/PMTfied_filtered/Snowstorm/PureNu/22010/7/PMTfied_8.parquet
2025-02-18 15:05:35 - INFO - Filtering process completed.
2025-02-18 15:05:35 - INFO - Filtering process completed.
2025-02-18 15:05:35 - INFO - Unified receipt generated: /lustre/hpc/project/icecube/HE_Nu_Aske_Oct2024/PMTfied_filtered/Snowstorm/PureNu/22010/[Receipt]22010_7.json
2025-02-18 15:05:35 - INFO - Filtering process completed.
Job completed at Tue Feb 18 03:05:36 PM CET 2025
