Starting job at Tue Feb 18 02:58:04 PM CET 2025
Running Filter_by_part.py for subdirectory 22010, part 1
2025-02-18 14:58:10 - INFO - Event filtering process starts...
2025-02-18 14:58:10 - INFO - Initialized PureNeutrinoEventFilter filter for 22010/1
2025-02-18 14:58:23 - INFO - Loaded 7 event specifier files from /lustre/hpc/project/icecube/HE_Nu_Aske_Oct2024/clean_events_dict/22010/22010/reduced
2025-02-18 14:58:25 - INFO - Selected 2 CSV files covering event range [0, 1700]
2025-02-18 14:58:42 - INFO - Loaded 23926593 valid (RunID, EventID) pairs from CSV files
2025-02-18 14:58:46 - INFO - Extracted 2795391 valid events based on pure neutrino events.
2025-02-18 14:58:51 - INFO - Initialized CompositeEventFilter filter for 22010/1
2025-02-18 14:58:51 - INFO - Initialized (PureNu)
2025-02-18 14:58:51 - INFO - Starting filtering process for 22010/1
2025-02-18 14:58:51 - INFO - Starting filtering process for 22010/1
2025-02-18 14:59:44 - INFO - Recalculated 'offset' column based on 'N_doms' values within each 'shard_no' group.
2025-02-18 14:59:54 - INFO - Filtered truth file saved to: /lustre/hpc/project/icecube/HE_Nu_Aske_Oct2024/PMTfied_filtered/Snowstorm/PureNu/22010/truth_1.parquet
2025-02-18 14:59:59 - INFO - Filtered PMTfied file saved to: /lustre/hpc/project/icecube/HE_Nu_Aske_Oct2024/PMTfied_filtered/Snowstorm/PureNu/22010/1/PMTfied_15.parquet
2025-02-18 15:00:04 - INFO - Filtered PMTfied file saved to: /lustre/hpc/project/icecube/HE_Nu_Aske_Oct2024/PMTfied_filtered/Snowstorm/PureNu/22010/1/PMTfied_11.parquet
2025-02-18 15:00:10 - INFO - Filtered PMTfied file saved to: /lustre/hpc/project/icecube/HE_Nu_Aske_Oct2024/PMTfied_filtered/Snowstorm/PureNu/22010/1/PMTfied_19.parquet
2025-02-18 15:00:15 - INFO - Filtered PMTfied file saved to: /lustre/hpc/project/icecube/HE_Nu_Aske_Oct2024/PMTfied_filtered/Snowstorm/PureNu/22010/1/PMTfied_2.parquet
2025-02-18 15:00:20 - INFO - Filtered PMTfied file saved to: /lustre/hpc/project/icecube/HE_Nu_Aske_Oct2024/PMTfied_filtered/Snowstorm/PureNu/22010/1/PMTfied_6.parquet
2025-02-18 15:00:21 - INFO - Filtered PMTfied file saved to: /lustre/hpc/project/icecube/HE_Nu_Aske_Oct2024/PMTfied_filtered/Snowstorm/PureNu/22010/1/PMTfied_22.parquet
2025-02-18 15:00:26 - INFO - Filtered PMTfied file saved to: /lustre/hpc/project/icecube/HE_Nu_Aske_Oct2024/PMTfied_filtered/Snowstorm/PureNu/22010/1/PMTfied_3.parquet
2025-02-18 15:00:30 - INFO - Filtered PMTfied file saved to: /lustre/hpc/project/icecube/HE_Nu_Aske_Oct2024/PMTfied_filtered/Snowstorm/PureNu/22010/1/PMTfied_7.parquet
2025-02-18 15:00:36 - INFO - Filtered PMTfied file saved to: /lustre/hpc/project/icecube/HE_Nu_Aske_Oct2024/PMTfied_filtered/Snowstorm/PureNu/22010/1/PMTfied_18.parquet
2025-02-18 15:00:41 - INFO - Filtered PMTfied file saved to: /lustre/hpc/project/icecube/HE_Nu_Aske_Oct2024/PMTfied_filtered/Snowstorm/PureNu/22010/1/PMTfied_14.parquet
2025-02-18 15:00:46 - INFO - Filtered PMTfied file saved to: /lustre/hpc/project/icecube/HE_Nu_Aske_Oct2024/PMTfied_filtered/Snowstorm/PureNu/22010/1/PMTfied_10.parquet
2025-02-18 15:00:50 - INFO - Filtered PMTfied file saved to: /lustre/hpc/project/icecube/HE_Nu_Aske_Oct2024/PMTfied_filtered/Snowstorm/PureNu/22010/1/PMTfied_20.parquet
2025-02-18 15:00:55 - INFO - Filtered PMTfied file saved to: /lustre/hpc/project/icecube/HE_Nu_Aske_Oct2024/PMTfied_filtered/Snowstorm/PureNu/22010/1/PMTfied_9.parquet
2025-02-18 15:01:00 - INFO - Filtered PMTfied file saved to: /lustre/hpc/project/icecube/HE_Nu_Aske_Oct2024/PMTfied_filtered/Snowstorm/PureNu/22010/1/PMTfied_1.parquet
2025-02-18 15:01:06 - INFO - Filtered PMTfied file saved to: /lustre/hpc/project/icecube/HE_Nu_Aske_Oct2024/PMTfied_filtered/Snowstorm/PureNu/22010/1/PMTfied_5.parquet
2025-02-18 15:01:10 - INFO - Filtered PMTfied file saved to: /lustre/hpc/project/icecube/HE_Nu_Aske_Oct2024/PMTfied_filtered/Snowstorm/PureNu/22010/1/PMTfied_16.parquet
2025-02-18 15:01:15 - INFO - Filtered PMTfied file saved to: /lustre/hpc/project/icecube/HE_Nu_Aske_Oct2024/PMTfied_filtered/Snowstorm/PureNu/22010/1/PMTfied_12.parquet
2025-02-18 15:01:21 - INFO - Filtered PMTfied file saved to: /lustre/hpc/project/icecube/HE_Nu_Aske_Oct2024/PMTfied_filtered/Snowstorm/PureNu/22010/1/PMTfied_17.parquet
2025-02-18 15:01:26 - INFO - Filtered PMTfied file saved to: /lustre/hpc/project/icecube/HE_Nu_Aske_Oct2024/PMTfied_filtered/Snowstorm/PureNu/22010/1/PMTfied_13.parquet
2025-02-18 15:01:30 - INFO - Filtered PMTfied file saved to: /lustre/hpc/project/icecube/HE_Nu_Aske_Oct2024/PMTfied_filtered/Snowstorm/PureNu/22010/1/PMTfied_21.parquet
2025-02-18 15:01:35 - INFO - Filtered PMTfied file saved to: /lustre/hpc/project/icecube/HE_Nu_Aske_Oct2024/PMTfied_filtered/Snowstorm/PureNu/22010/1/PMTfied_4.parquet
2025-02-18 15:01:40 - INFO - Filtered PMTfied file saved to: /lustre/hpc/project/icecube/HE_Nu_Aske_Oct2024/PMTfied_filtered/Snowstorm/PureNu/22010/1/PMTfied_8.parquet
2025-02-18 15:01:40 - INFO - Filtering process completed.
2025-02-18 15:01:40 - INFO - Filtering process completed.
2025-02-18 15:01:40 - INFO - Unified receipt generated: /lustre/hpc/project/icecube/HE_Nu_Aske_Oct2024/PMTfied_filtered/Snowstorm/PureNu/22010/[Receipt]22010_1.json
2025-02-18 15:01:40 - INFO - Filtering process completed.
Job completed at Tue Feb 18 03:01:40 PM CET 2025
