Starting job at Mon Feb 24 01:06:37 PM CET 2025
Running Filter_by_part.py for subdirectory 22010, part 7
2025-02-24 13:06:39 - INFO - Event filtering process starts...
2025-02-24 13:06:39 - INFO - Initialized PureNeutrinoEventFilter filter for 22010/7
2025-02-24 13:06:54 - INFO - Loaded 7 event specifier files from /lustre/hpc/project/icecube/HE_Nu_Aske_Oct2024/clean_events_dict/22010/22010/reduced
2025-02-24 13:06:57 - INFO - Selected 3 CSV files covering event range [3394, 5020]
2025-02-24 13:07:50 - INFO - Loaded 35903402 valid (RunID, EventID) pairs from CSV files
2025-02-24 13:08:00 - INFO - Extracted 2795098 valid events based on pure neutrino events.
2025-02-24 13:08:12 - INFO - Initialized Muon13Filter filter for 22010/7
2025-02-24 13:08:15 - INFO - Extracted 2495588 valid events where MuonFilter_13==True.
2025-02-24 13:08:15 - INFO - Initialized CCFilter filter for 22010/7
2025-02-24 13:08:19 - INFO - Extracted 3757505 valid events which are CC interactions.
2025-02-24 13:08:19 - INFO - Initialized CompositeEventFilter filter for 22010/7
2025-02-24 13:08:19 - INFO - Initialized (CC_CRclean_MuonLike)
2025-02-24 13:08:19 - INFO - Starting filtering process for 22010/7
2025-02-24 13:08:19 - INFO - Starting filtering process for 22010/7
2025-02-24 13:10:21 - INFO - Recalculated 'offset' column based on 'N_doms' values within each 'shard_no' group.
2025-02-24 13:10:39 - INFO - Filtered truth file saved to: /lustre/hpc/project/icecube/HE_Nu_Aske_Oct2024/PMTfied_filtered/Snowstorm/CC_CRclean_MuonLike/22010/truth_7.parquet
2025-02-24 13:10:48 - INFO - Filtered PMTfied file saved to: /lustre/hpc/project/icecube/HE_Nu_Aske_Oct2024/PMTfied_filtered/Snowstorm/CC_CRclean_MuonLike/22010/7/PMTfied_20.parquet
2025-02-24 13:10:57 - INFO - Filtered PMTfied file saved to: /lustre/hpc/project/icecube/HE_Nu_Aske_Oct2024/PMTfied_filtered/Snowstorm/CC_CRclean_MuonLike/22010/7/PMTfied_12.parquet
2025-02-24 13:11:07 - INFO - Filtered PMTfied file saved to: /lustre/hpc/project/icecube/HE_Nu_Aske_Oct2024/PMTfied_filtered/Snowstorm/CC_CRclean_MuonLike/22010/7/PMTfied_16.parquet
2025-02-24 13:11:16 - INFO - Filtered PMTfied file saved to: /lustre/hpc/project/icecube/HE_Nu_Aske_Oct2024/PMTfied_filtered/Snowstorm/CC_CRclean_MuonLike/22010/7/PMTfied_6.parquet
2025-02-24 13:11:25 - INFO - Filtered PMTfied file saved to: /lustre/hpc/project/icecube/HE_Nu_Aske_Oct2024/PMTfied_filtered/Snowstorm/CC_CRclean_MuonLike/22010/7/PMTfied_2.parquet
2025-02-24 13:11:33 - INFO - Filtered PMTfied file saved to: /lustre/hpc/project/icecube/HE_Nu_Aske_Oct2024/PMTfied_filtered/Snowstorm/CC_CRclean_MuonLike/22010/7/PMTfied_13.parquet
2025-02-24 13:11:42 - INFO - Filtered PMTfied file saved to: /lustre/hpc/project/icecube/HE_Nu_Aske_Oct2024/PMTfied_filtered/Snowstorm/CC_CRclean_MuonLike/22010/7/PMTfied_17.parquet
2025-02-24 13:11:51 - INFO - Filtered PMTfied file saved to: /lustre/hpc/project/icecube/HE_Nu_Aske_Oct2024/PMTfied_filtered/Snowstorm/CC_CRclean_MuonLike/22010/7/PMTfied_7.parquet
2025-02-24 13:12:00 - INFO - Filtered PMTfied file saved to: /lustre/hpc/project/icecube/HE_Nu_Aske_Oct2024/PMTfied_filtered/Snowstorm/CC_CRclean_MuonLike/22010/7/PMTfied_3.parquet
2025-02-24 13:12:09 - INFO - Filtered PMTfied file saved to: /lustre/hpc/project/icecube/HE_Nu_Aske_Oct2024/PMTfied_filtered/Snowstorm/CC_CRclean_MuonLike/22010/7/PMTfied_21.parquet
2025-02-24 13:12:18 - INFO - Filtered PMTfied file saved to: /lustre/hpc/project/icecube/HE_Nu_Aske_Oct2024/PMTfied_filtered/Snowstorm/CC_CRclean_MuonLike/22010/7/PMTfied_19.parquet
2025-02-24 13:12:27 - INFO - Filtered PMTfied file saved to: /lustre/hpc/project/icecube/HE_Nu_Aske_Oct2024/PMTfied_filtered/Snowstorm/CC_CRclean_MuonLike/22010/7/PMTfied_11.parquet
2025-02-24 13:12:36 - INFO - Filtered PMTfied file saved to: /lustre/hpc/project/icecube/HE_Nu_Aske_Oct2024/PMTfied_filtered/Snowstorm/CC_CRclean_MuonLike/22010/7/PMTfied_15.parquet
2025-02-24 13:12:45 - INFO - Filtered PMTfied file saved to: /lustre/hpc/project/icecube/HE_Nu_Aske_Oct2024/PMTfied_filtered/Snowstorm/CC_CRclean_MuonLike/22010/7/PMTfied_9.parquet
2025-02-24 13:12:54 - INFO - Filtered PMTfied file saved to: /lustre/hpc/project/icecube/HE_Nu_Aske_Oct2024/PMTfied_filtered/Snowstorm/CC_CRclean_MuonLike/22010/7/PMTfied_5.parquet
2025-02-24 13:13:02 - INFO - Filtered PMTfied file saved to: /lustre/hpc/project/icecube/HE_Nu_Aske_Oct2024/PMTfied_filtered/Snowstorm/CC_CRclean_MuonLike/22010/7/PMTfied_1.parquet
2025-02-24 13:13:07 - INFO - Filtered PMTfied file saved to: /lustre/hpc/project/icecube/HE_Nu_Aske_Oct2024/PMTfied_filtered/Snowstorm/CC_CRclean_MuonLike/22010/7/PMTfied_22.parquet
2025-02-24 13:13:16 - INFO - Filtered PMTfied file saved to: /lustre/hpc/project/icecube/HE_Nu_Aske_Oct2024/PMTfied_filtered/Snowstorm/CC_CRclean_MuonLike/22010/7/PMTfied_10.parquet
2025-02-24 13:13:26 - INFO - Filtered PMTfied file saved to: /lustre/hpc/project/icecube/HE_Nu_Aske_Oct2024/PMTfied_filtered/Snowstorm/CC_CRclean_MuonLike/22010/7/PMTfied_14.parquet
2025-02-24 13:13:34 - INFO - Filtered PMTfied file saved to: /lustre/hpc/project/icecube/HE_Nu_Aske_Oct2024/PMTfied_filtered/Snowstorm/CC_CRclean_MuonLike/22010/7/PMTfied_18.parquet
2025-02-24 13:13:43 - INFO - Filtered PMTfied file saved to: /lustre/hpc/project/icecube/HE_Nu_Aske_Oct2024/PMTfied_filtered/Snowstorm/CC_CRclean_MuonLike/22010/7/PMTfied_4.parquet
2025-02-24 13:13:52 - INFO - Filtered PMTfied file saved to: /lustre/hpc/project/icecube/HE_Nu_Aske_Oct2024/PMTfied_filtered/Snowstorm/CC_CRclean_MuonLike/22010/7/PMTfied_8.parquet
2025-02-24 13:13:52 - INFO - Filtering process completed.
2025-02-24 13:13:52 - INFO - Filtering process completed.
2025-02-24 13:13:53 - INFO - Unified receipt generated: /lustre/hpc/project/icecube/HE_Nu_Aske_Oct2024/PMTfied_filtered/Snowstorm/CC_CRclean_MuonLike/22010/[Receipt]22010_7.json
2025-02-24 13:13:53 - INFO - Filtering process completed.
Job completed at Mon Feb 24 01:13:53 PM CET 2025
