Starting job at Sun Feb 16 05:54:36 PM CET 2025
Running Filter_by_part.py for subdirectory 22010, part 1
2025-02-16 17:54:43 - INFO - Event filtering process starts...
2025-02-16 17:54:43 - INFO - Initialized Muon13Filter filter for 22010/1
2025-02-16 17:54:58 - INFO - Extracted 2494815 valid events where MuonFilter_13==True.
2025-02-16 17:54:58 - INFO - Initialized CompositeEventFilter filter for 22010/1
2025-02-16 17:54:58 - INFO - Initialized (MuonLike)
2025-02-16 17:54:58 - INFO - Starting filtering process for 22010/1
2025-02-16 17:54:58 - INFO - Starting filtering process for 22010/1
2025-02-16 17:55:46 - INFO - Recalculated 'offset' column based on filtered 'N_doms' values.
2025-02-16 17:55:56 - INFO - Filtered truth file saved to: /lustre/hpc/project/icecube/HE_Nu_Aske_Oct2024/PMTfied_filtered/Snowstorm/MuonLike/22010/truth_1.parquet
2025-02-16 17:56:01 - INFO - Filtered PMTfied file saved to: /lustre/hpc/project/icecube/HE_Nu_Aske_Oct2024/PMTfied_filtered/Snowstorm/MuonLike/22010/1/PMTfied_15.parquet
2025-02-16 17:56:07 - INFO - Filtered PMTfied file saved to: /lustre/hpc/project/icecube/HE_Nu_Aske_Oct2024/PMTfied_filtered/Snowstorm/MuonLike/22010/1/PMTfied_11.parquet
2025-02-16 17:56:12 - INFO - Filtered PMTfied file saved to: /lustre/hpc/project/icecube/HE_Nu_Aske_Oct2024/PMTfied_filtered/Snowstorm/MuonLike/22010/1/PMTfied_19.parquet
2025-02-16 17:56:17 - INFO - Filtered PMTfied file saved to: /lustre/hpc/project/icecube/HE_Nu_Aske_Oct2024/PMTfied_filtered/Snowstorm/MuonLike/22010/1/PMTfied_2.parquet
2025-02-16 17:56:23 - INFO - Filtered PMTfied file saved to: /lustre/hpc/project/icecube/HE_Nu_Aske_Oct2024/PMTfied_filtered/Snowstorm/MuonLike/22010/1/PMTfied_6.parquet
2025-02-16 17:56:27 - INFO - Filtered PMTfied file saved to: /lustre/hpc/project/icecube/HE_Nu_Aske_Oct2024/PMTfied_filtered/Snowstorm/MuonLike/22010/1/PMTfied_22.parquet
2025-02-16 17:56:32 - INFO - Filtered PMTfied file saved to: /lustre/hpc/project/icecube/HE_Nu_Aske_Oct2024/PMTfied_filtered/Snowstorm/MuonLike/22010/1/PMTfied_3.parquet
2025-02-16 17:56:37 - INFO - Filtered PMTfied file saved to: /lustre/hpc/project/icecube/HE_Nu_Aske_Oct2024/PMTfied_filtered/Snowstorm/MuonLike/22010/1/PMTfied_7.parquet
2025-02-16 17:56:44 - INFO - Filtered PMTfied file saved to: /lustre/hpc/project/icecube/HE_Nu_Aske_Oct2024/PMTfied_filtered/Snowstorm/MuonLike/22010/1/PMTfied_18.parquet
2025-02-16 17:56:49 - INFO - Filtered PMTfied file saved to: /lustre/hpc/project/icecube/HE_Nu_Aske_Oct2024/PMTfied_filtered/Snowstorm/MuonLike/22010/1/PMTfied_14.parquet
2025-02-16 17:56:55 - INFO - Filtered PMTfied file saved to: /lustre/hpc/project/icecube/HE_Nu_Aske_Oct2024/PMTfied_filtered/Snowstorm/MuonLike/22010/1/PMTfied_10.parquet
2025-02-16 17:57:00 - INFO - Filtered PMTfied file saved to: /lustre/hpc/project/icecube/HE_Nu_Aske_Oct2024/PMTfied_filtered/Snowstorm/MuonLike/22010/1/PMTfied_20.parquet
2025-02-16 17:57:05 - INFO - Filtered PMTfied file saved to: /lustre/hpc/project/icecube/HE_Nu_Aske_Oct2024/PMTfied_filtered/Snowstorm/MuonLike/22010/1/PMTfied_9.parquet
2025-02-16 17:57:10 - INFO - Filtered PMTfied file saved to: /lustre/hpc/project/icecube/HE_Nu_Aske_Oct2024/PMTfied_filtered/Snowstorm/MuonLike/22010/1/PMTfied_1.parquet
2025-02-16 17:57:15 - INFO - Filtered PMTfied file saved to: /lustre/hpc/project/icecube/HE_Nu_Aske_Oct2024/PMTfied_filtered/Snowstorm/MuonLike/22010/1/PMTfied_5.parquet
2025-02-16 17:57:20 - INFO - Filtered PMTfied file saved to: /lustre/hpc/project/icecube/HE_Nu_Aske_Oct2024/PMTfied_filtered/Snowstorm/MuonLike/22010/1/PMTfied_16.parquet
2025-02-16 17:57:25 - INFO - Filtered PMTfied file saved to: /lustre/hpc/project/icecube/HE_Nu_Aske_Oct2024/PMTfied_filtered/Snowstorm/MuonLike/22010/1/PMTfied_12.parquet
2025-02-16 17:57:32 - INFO - Filtered PMTfied file saved to: /lustre/hpc/project/icecube/HE_Nu_Aske_Oct2024/PMTfied_filtered/Snowstorm/MuonLike/22010/1/PMTfied_17.parquet
2025-02-16 17:57:38 - INFO - Filtered PMTfied file saved to: /lustre/hpc/project/icecube/HE_Nu_Aske_Oct2024/PMTfied_filtered/Snowstorm/MuonLike/22010/1/PMTfied_13.parquet
2025-02-16 17:57:43 - INFO - Filtered PMTfied file saved to: /lustre/hpc/project/icecube/HE_Nu_Aske_Oct2024/PMTfied_filtered/Snowstorm/MuonLike/22010/1/PMTfied_21.parquet
2025-02-16 17:57:48 - INFO - Filtered PMTfied file saved to: /lustre/hpc/project/icecube/HE_Nu_Aske_Oct2024/PMTfied_filtered/Snowstorm/MuonLike/22010/1/PMTfied_4.parquet
2025-02-16 17:57:52 - INFO - Filtered PMTfied file saved to: /lustre/hpc/project/icecube/HE_Nu_Aske_Oct2024/PMTfied_filtered/Snowstorm/MuonLike/22010/1/PMTfied_8.parquet
2025-02-16 17:57:52 - INFO - Filtering process completed.
2025-02-16 17:57:52 - INFO - Filtering process completed.
2025-02-16 17:57:53 - INFO - Unified receipt generated: /lustre/hpc/project/icecube/HE_Nu_Aske_Oct2024/PMTfied_filtered/Snowstorm/MuonLike/22010/[Receipt]22010_1.json
2025-02-16 17:57:53 - INFO - Filtering process completed.
Job completed at Sun Feb 16 05:57:53 PM CET 2025
