Starting job at Sun Feb 16 05:54:39 PM CET 2025
Running Filter_by_part.py for subdirectory 22010, part 9
2025-02-16 17:54:43 - INFO - Event filtering process starts...
2025-02-16 17:54:43 - INFO - Initialized Muon13Filter filter for 22010/9
2025-02-16 17:55:05 - INFO - Extracted 2491463 valid events where MuonFilter_13==True.
2025-02-16 17:55:05 - INFO - Initialized CompositeEventFilter filter for 22010/9
2025-02-16 17:55:05 - INFO - Initialized (MuonLike)
2025-02-16 17:55:05 - INFO - Starting filtering process for 22010/9
2025-02-16 17:55:05 - INFO - Starting filtering process for 22010/9
2025-02-16 17:56:46 - INFO - Recalculated 'offset' column based on filtered 'N_doms' values.
2025-02-16 17:57:02 - INFO - Filtered truth file saved to: /lustre/hpc/project/icecube/HE_Nu_Aske_Oct2024/PMTfied_filtered/Snowstorm/MuonLike/22010/truth_9.parquet
2025-02-16 17:57:13 - INFO - Filtered PMTfied file saved to: /lustre/hpc/project/icecube/HE_Nu_Aske_Oct2024/PMTfied_filtered/Snowstorm/MuonLike/22010/9/PMTfied_20.parquet
2025-02-16 17:57:23 - INFO - Filtered PMTfied file saved to: /lustre/hpc/project/icecube/HE_Nu_Aske_Oct2024/PMTfied_filtered/Snowstorm/MuonLike/22010/9/PMTfied_3.parquet
2025-02-16 17:57:34 - INFO - Filtered PMTfied file saved to: /lustre/hpc/project/icecube/HE_Nu_Aske_Oct2024/PMTfied_filtered/Snowstorm/MuonLike/22010/9/PMTfied_7.parquet
2025-02-16 17:57:44 - INFO - Filtered PMTfied file saved to: /lustre/hpc/project/icecube/HE_Nu_Aske_Oct2024/PMTfied_filtered/Snowstorm/MuonLike/22010/9/PMTfied_12.parquet
2025-02-16 17:57:55 - INFO - Filtered PMTfied file saved to: /lustre/hpc/project/icecube/HE_Nu_Aske_Oct2024/PMTfied_filtered/Snowstorm/MuonLike/22010/9/PMTfied_16.parquet
2025-02-16 17:58:05 - INFO - Filtered PMTfied file saved to: /lustre/hpc/project/icecube/HE_Nu_Aske_Oct2024/PMTfied_filtered/Snowstorm/MuonLike/22010/9/PMTfied_13.parquet
2025-02-16 17:58:17 - INFO - Filtered PMTfied file saved to: /lustre/hpc/project/icecube/HE_Nu_Aske_Oct2024/PMTfied_filtered/Snowstorm/MuonLike/22010/9/PMTfied_17.parquet
2025-02-16 17:58:27 - INFO - Filtered PMTfied file saved to: /lustre/hpc/project/icecube/HE_Nu_Aske_Oct2024/PMTfied_filtered/Snowstorm/MuonLike/22010/9/PMTfied_2.parquet
2025-02-16 17:58:38 - INFO - Filtered PMTfied file saved to: /lustre/hpc/project/icecube/HE_Nu_Aske_Oct2024/PMTfied_filtered/Snowstorm/MuonLike/22010/9/PMTfied_6.parquet
2025-02-16 17:58:48 - INFO - Filtered PMTfied file saved to: /lustre/hpc/project/icecube/HE_Nu_Aske_Oct2024/PMTfied_filtered/Snowstorm/MuonLike/22010/9/PMTfied_21.parquet
2025-02-16 17:59:00 - INFO - Filtered PMTfied file saved to: /lustre/hpc/project/icecube/HE_Nu_Aske_Oct2024/PMTfied_filtered/Snowstorm/MuonLike/22010/9/PMTfied_11.parquet
2025-02-16 17:59:10 - INFO - Filtered PMTfied file saved to: /lustre/hpc/project/icecube/HE_Nu_Aske_Oct2024/PMTfied_filtered/Snowstorm/MuonLike/22010/9/PMTfied_8.parquet
2025-02-16 17:59:20 - INFO - Filtered PMTfied file saved to: /lustre/hpc/project/icecube/HE_Nu_Aske_Oct2024/PMTfied_filtered/Snowstorm/MuonLike/22010/9/PMTfied_15.parquet
2025-02-16 17:59:31 - INFO - Filtered PMTfied file saved to: /lustre/hpc/project/icecube/HE_Nu_Aske_Oct2024/PMTfied_filtered/Snowstorm/MuonLike/22010/9/PMTfied_19.parquet
2025-02-16 17:59:41 - INFO - Filtered PMTfied file saved to: /lustre/hpc/project/icecube/HE_Nu_Aske_Oct2024/PMTfied_filtered/Snowstorm/MuonLike/22010/9/PMTfied_4.parquet
2025-02-16 17:59:43 - INFO - Filtered PMTfied file saved to: /lustre/hpc/project/icecube/HE_Nu_Aske_Oct2024/PMTfied_filtered/Snowstorm/MuonLike/22010/9/PMTfied_22.parquet
2025-02-16 17:59:54 - INFO - Filtered PMTfied file saved to: /lustre/hpc/project/icecube/HE_Nu_Aske_Oct2024/PMTfied_filtered/Snowstorm/MuonLike/22010/9/PMTfied_1.parquet
2025-02-16 18:00:04 - INFO - Filtered PMTfied file saved to: /lustre/hpc/project/icecube/HE_Nu_Aske_Oct2024/PMTfied_filtered/Snowstorm/MuonLike/22010/9/PMTfied_18.parquet
2025-02-16 18:00:15 - INFO - Filtered PMTfied file saved to: /lustre/hpc/project/icecube/HE_Nu_Aske_Oct2024/PMTfied_filtered/Snowstorm/MuonLike/22010/9/PMTfied_5.parquet
2025-02-16 18:00:25 - INFO - Filtered PMTfied file saved to: /lustre/hpc/project/icecube/HE_Nu_Aske_Oct2024/PMTfied_filtered/Snowstorm/MuonLike/22010/9/PMTfied_10.parquet
2025-02-16 18:00:37 - INFO - Filtered PMTfied file saved to: /lustre/hpc/project/icecube/HE_Nu_Aske_Oct2024/PMTfied_filtered/Snowstorm/MuonLike/22010/9/PMTfied_9.parquet
2025-02-16 18:00:47 - INFO - Filtered PMTfied file saved to: /lustre/hpc/project/icecube/HE_Nu_Aske_Oct2024/PMTfied_filtered/Snowstorm/MuonLike/22010/9/PMTfied_14.parquet
2025-02-16 18:00:47 - INFO - Filtering process completed.
2025-02-16 18:00:47 - INFO - Filtering process completed.
2025-02-16 18:00:48 - INFO - Unified receipt generated: /lustre/hpc/project/icecube/HE_Nu_Aske_Oct2024/PMTfied_filtered/Snowstorm/MuonLike/22010/[Receipt]22010_9.json
2025-02-16 18:00:48 - INFO - Filtering process completed.
Job completed at Sun Feb 16 06:00:48 PM CET 2025
