Starting job at Tue Feb 18 02:58:05 PM CET 2025
Running Filter_by_part.py for subdirectory 22010, part 6
2025-02-18 14:58:10 - INFO - Event filtering process starts...
2025-02-18 14:58:10 - INFO - Initialized PureNeutrinoEventFilter filter for 22010/6
2025-02-18 14:58:25 - INFO - Loaded 7 event specifier files from /lustre/hpc/project/icecube/HE_Nu_Aske_Oct2024/clean_events_dict/22010/22010/reduced
2025-02-18 14:58:28 - INFO - Selected 4 CSV files covering event range [1729, 4990]
2025-02-18 14:59:39 - INFO - Loaded 47897990 valid (RunID, EventID) pairs from CSV files
2025-02-18 14:59:48 - INFO - Extracted 2792124 valid events based on pure neutrino events.
2025-02-18 15:00:04 - INFO - Initialized CompositeEventFilter filter for 22010/6
2025-02-18 15:00:04 - INFO - Initialized (PureNu)
2025-02-18 15:00:04 - INFO - Starting filtering process for 22010/6
2025-02-18 15:00:04 - INFO - Starting filtering process for 22010/6
2025-02-18 15:01:58 - INFO - Recalculated 'offset' column based on 'N_doms' values within each 'shard_no' group.
2025-02-18 15:02:17 - INFO - Filtered truth file saved to: /lustre/hpc/project/icecube/HE_Nu_Aske_Oct2024/PMTfied_filtered/Snowstorm/PureNu/22010/truth_6.parquet
2025-02-18 15:02:27 - INFO - Filtered PMTfied file saved to: /lustre/hpc/project/icecube/HE_Nu_Aske_Oct2024/PMTfied_filtered/Snowstorm/PureNu/22010/6/PMTfied_2.parquet
2025-02-18 15:02:37 - INFO - Filtered PMTfied file saved to: /lustre/hpc/project/icecube/HE_Nu_Aske_Oct2024/PMTfied_filtered/Snowstorm/PureNu/22010/6/PMTfied_6.parquet
2025-02-18 15:02:47 - INFO - Filtered PMTfied file saved to: /lustre/hpc/project/icecube/HE_Nu_Aske_Oct2024/PMTfied_filtered/Snowstorm/PureNu/22010/6/PMTfied_20.parquet
2025-02-18 15:02:57 - INFO - Filtered PMTfied file saved to: /lustre/hpc/project/icecube/HE_Nu_Aske_Oct2024/PMTfied_filtered/Snowstorm/PureNu/22010/6/PMTfied_16.parquet
2025-02-18 15:03:07 - INFO - Filtered PMTfied file saved to: /lustre/hpc/project/icecube/HE_Nu_Aske_Oct2024/PMTfied_filtered/Snowstorm/PureNu/22010/6/PMTfied_12.parquet
2025-02-18 15:03:17 - INFO - Filtered PMTfied file saved to: /lustre/hpc/project/icecube/HE_Nu_Aske_Oct2024/PMTfied_filtered/Snowstorm/PureNu/22010/6/PMTfied_17.parquet
2025-02-18 15:03:27 - INFO - Filtered PMTfied file saved to: /lustre/hpc/project/icecube/HE_Nu_Aske_Oct2024/PMTfied_filtered/Snowstorm/PureNu/22010/6/PMTfied_13.parquet
2025-02-18 15:03:38 - INFO - Filtered PMTfied file saved to: /lustre/hpc/project/icecube/HE_Nu_Aske_Oct2024/PMTfied_filtered/Snowstorm/PureNu/22010/6/PMTfied_3.parquet
2025-02-18 15:03:48 - INFO - Filtered PMTfied file saved to: /lustre/hpc/project/icecube/HE_Nu_Aske_Oct2024/PMTfied_filtered/Snowstorm/PureNu/22010/6/PMTfied_7.parquet
2025-02-18 15:03:58 - INFO - Filtered PMTfied file saved to: /lustre/hpc/project/icecube/HE_Nu_Aske_Oct2024/PMTfied_filtered/Snowstorm/PureNu/22010/6/PMTfied_21.parquet
2025-02-18 15:04:08 - INFO - Filtered PMTfied file saved to: /lustre/hpc/project/icecube/HE_Nu_Aske_Oct2024/PMTfied_filtered/Snowstorm/PureNu/22010/6/PMTfied_19.parquet
2025-02-18 15:04:18 - INFO - Filtered PMTfied file saved to: /lustre/hpc/project/icecube/HE_Nu_Aske_Oct2024/PMTfied_filtered/Snowstorm/PureNu/22010/6/PMTfied_15.parquet
2025-02-18 15:04:28 - INFO - Filtered PMTfied file saved to: /lustre/hpc/project/icecube/HE_Nu_Aske_Oct2024/PMTfied_filtered/Snowstorm/PureNu/22010/6/PMTfied_11.parquet
2025-02-18 15:04:38 - INFO - Filtered PMTfied file saved to: /lustre/hpc/project/icecube/HE_Nu_Aske_Oct2024/PMTfied_filtered/Snowstorm/PureNu/22010/6/PMTfied_9.parquet
2025-02-18 15:04:48 - INFO - Filtered PMTfied file saved to: /lustre/hpc/project/icecube/HE_Nu_Aske_Oct2024/PMTfied_filtered/Snowstorm/PureNu/22010/6/PMTfied_1.parquet
2025-02-18 15:04:58 - INFO - Filtered PMTfied file saved to: /lustre/hpc/project/icecube/HE_Nu_Aske_Oct2024/PMTfied_filtered/Snowstorm/PureNu/22010/6/PMTfied_5.parquet
2025-02-18 15:05:00 - INFO - Filtered PMTfied file saved to: /lustre/hpc/project/icecube/HE_Nu_Aske_Oct2024/PMTfied_filtered/Snowstorm/PureNu/22010/6/PMTfied_22.parquet
2025-02-18 15:05:10 - INFO - Filtered PMTfied file saved to: /lustre/hpc/project/icecube/HE_Nu_Aske_Oct2024/PMTfied_filtered/Snowstorm/PureNu/22010/6/PMTfied_4.parquet
2025-02-18 15:05:20 - INFO - Filtered PMTfied file saved to: /lustre/hpc/project/icecube/HE_Nu_Aske_Oct2024/PMTfied_filtered/Snowstorm/PureNu/22010/6/PMTfied_8.parquet
2025-02-18 15:05:30 - INFO - Filtered PMTfied file saved to: /lustre/hpc/project/icecube/HE_Nu_Aske_Oct2024/PMTfied_filtered/Snowstorm/PureNu/22010/6/PMTfied_14.parquet
2025-02-18 15:05:40 - INFO - Filtered PMTfied file saved to: /lustre/hpc/project/icecube/HE_Nu_Aske_Oct2024/PMTfied_filtered/Snowstorm/PureNu/22010/6/PMTfied_10.parquet
2025-02-18 15:05:49 - INFO - Filtered PMTfied file saved to: /lustre/hpc/project/icecube/HE_Nu_Aske_Oct2024/PMTfied_filtered/Snowstorm/PureNu/22010/6/PMTfied_18.parquet
2025-02-18 15:05:50 - INFO - Filtering process completed.
2025-02-18 15:05:50 - INFO - Filtering process completed.
2025-02-18 15:05:50 - INFO - Unified receipt generated: /lustre/hpc/project/icecube/HE_Nu_Aske_Oct2024/PMTfied_filtered/Snowstorm/PureNu/22010/[Receipt]22010_6.json
2025-02-18 15:05:50 - INFO - Filtering process completed.
Job completed at Tue Feb 18 03:05:50 PM CET 2025
