Starting job at Sun Feb 16 05:54:37 PM CET 2025
Running Filter_by_part.py for subdirectory 22010, part 7
2025-02-16 17:54:43 - INFO - Event filtering process starts...
2025-02-16 17:54:43 - INFO - Initialized Muon13Filter filter for 22010/7
2025-02-16 17:54:58 - INFO - Extracted 2495588 valid events where MuonFilter_13==True.
2025-02-16 17:54:58 - INFO - Initialized CompositeEventFilter filter for 22010/7
2025-02-16 17:54:58 - INFO - Initialized (MuonLike)
2025-02-16 17:54:58 - INFO - Starting filtering process for 22010/7
2025-02-16 17:54:58 - INFO - Starting filtering process for 22010/7
2025-02-16 17:55:44 - INFO - Recalculated 'offset' column based on filtered 'N_doms' values.
2025-02-16 17:55:58 - INFO - Filtered truth file saved to: /lustre/hpc/project/icecube/HE_Nu_Aske_Oct2024/PMTfied_filtered/Snowstorm/MuonLike/22010/truth_7.parquet
2025-02-16 17:56:03 - INFO - Filtered PMTfied file saved to: /lustre/hpc/project/icecube/HE_Nu_Aske_Oct2024/PMTfied_filtered/Snowstorm/MuonLike/22010/7/PMTfied_20.parquet
2025-02-16 17:56:07 - INFO - Filtered PMTfied file saved to: /lustre/hpc/project/icecube/HE_Nu_Aske_Oct2024/PMTfied_filtered/Snowstorm/MuonLike/22010/7/PMTfied_12.parquet
2025-02-16 17:56:12 - INFO - Filtered PMTfied file saved to: /lustre/hpc/project/icecube/HE_Nu_Aske_Oct2024/PMTfied_filtered/Snowstorm/MuonLike/22010/7/PMTfied_16.parquet
2025-02-16 17:56:17 - INFO - Filtered PMTfied file saved to: /lustre/hpc/project/icecube/HE_Nu_Aske_Oct2024/PMTfied_filtered/Snowstorm/MuonLike/22010/7/PMTfied_6.parquet
2025-02-16 17:56:22 - INFO - Filtered PMTfied file saved to: /lustre/hpc/project/icecube/HE_Nu_Aske_Oct2024/PMTfied_filtered/Snowstorm/MuonLike/22010/7/PMTfied_2.parquet
2025-02-16 17:56:26 - INFO - Filtered PMTfied file saved to: /lustre/hpc/project/icecube/HE_Nu_Aske_Oct2024/PMTfied_filtered/Snowstorm/MuonLike/22010/7/PMTfied_13.parquet
2025-02-16 17:56:32 - INFO - Filtered PMTfied file saved to: /lustre/hpc/project/icecube/HE_Nu_Aske_Oct2024/PMTfied_filtered/Snowstorm/MuonLike/22010/7/PMTfied_17.parquet
2025-02-16 17:56:36 - INFO - Filtered PMTfied file saved to: /lustre/hpc/project/icecube/HE_Nu_Aske_Oct2024/PMTfied_filtered/Snowstorm/MuonLike/22010/7/PMTfied_7.parquet
2025-02-16 17:56:43 - INFO - Filtered PMTfied file saved to: /lustre/hpc/project/icecube/HE_Nu_Aske_Oct2024/PMTfied_filtered/Snowstorm/MuonLike/22010/7/PMTfied_3.parquet
2025-02-16 17:56:48 - INFO - Filtered PMTfied file saved to: /lustre/hpc/project/icecube/HE_Nu_Aske_Oct2024/PMTfied_filtered/Snowstorm/MuonLike/22010/7/PMTfied_21.parquet
2025-02-16 17:56:53 - INFO - Filtered PMTfied file saved to: /lustre/hpc/project/icecube/HE_Nu_Aske_Oct2024/PMTfied_filtered/Snowstorm/MuonLike/22010/7/PMTfied_19.parquet
2025-02-16 17:56:58 - INFO - Filtered PMTfied file saved to: /lustre/hpc/project/icecube/HE_Nu_Aske_Oct2024/PMTfied_filtered/Snowstorm/MuonLike/22010/7/PMTfied_11.parquet
2025-02-16 17:57:02 - INFO - Filtered PMTfied file saved to: /lustre/hpc/project/icecube/HE_Nu_Aske_Oct2024/PMTfied_filtered/Snowstorm/MuonLike/22010/7/PMTfied_15.parquet
2025-02-16 17:57:08 - INFO - Filtered PMTfied file saved to: /lustre/hpc/project/icecube/HE_Nu_Aske_Oct2024/PMTfied_filtered/Snowstorm/MuonLike/22010/7/PMTfied_9.parquet
2025-02-16 17:57:13 - INFO - Filtered PMTfied file saved to: /lustre/hpc/project/icecube/HE_Nu_Aske_Oct2024/PMTfied_filtered/Snowstorm/MuonLike/22010/7/PMTfied_5.parquet
2025-02-16 17:57:17 - INFO - Filtered PMTfied file saved to: /lustre/hpc/project/icecube/HE_Nu_Aske_Oct2024/PMTfied_filtered/Snowstorm/MuonLike/22010/7/PMTfied_1.parquet
2025-02-16 17:57:26 - INFO - Filtered PMTfied file saved to: /lustre/hpc/project/icecube/HE_Nu_Aske_Oct2024/PMTfied_filtered/Snowstorm/MuonLike/22010/7/PMTfied_22.parquet
2025-02-16 17:57:31 - INFO - Filtered PMTfied file saved to: /lustre/hpc/project/icecube/HE_Nu_Aske_Oct2024/PMTfied_filtered/Snowstorm/MuonLike/22010/7/PMTfied_10.parquet
2025-02-16 17:57:35 - INFO - Filtered PMTfied file saved to: /lustre/hpc/project/icecube/HE_Nu_Aske_Oct2024/PMTfied_filtered/Snowstorm/MuonLike/22010/7/PMTfied_14.parquet
2025-02-16 17:57:40 - INFO - Filtered PMTfied file saved to: /lustre/hpc/project/icecube/HE_Nu_Aske_Oct2024/PMTfied_filtered/Snowstorm/MuonLike/22010/7/PMTfied_18.parquet
2025-02-16 17:57:45 - INFO - Filtered PMTfied file saved to: /lustre/hpc/project/icecube/HE_Nu_Aske_Oct2024/PMTfied_filtered/Snowstorm/MuonLike/22010/7/PMTfied_4.parquet
2025-02-16 17:57:51 - INFO - Filtered PMTfied file saved to: /lustre/hpc/project/icecube/HE_Nu_Aske_Oct2024/PMTfied_filtered/Snowstorm/MuonLike/22010/7/PMTfied_8.parquet
2025-02-16 17:57:51 - INFO - Filtering process completed.
2025-02-16 17:57:51 - INFO - Filtering process completed.
2025-02-16 17:57:52 - INFO - Unified receipt generated: /lustre/hpc/project/icecube/HE_Nu_Aske_Oct2024/PMTfied_filtered/Snowstorm/MuonLike/22010/[Receipt]22010_7.json
2025-02-16 17:57:52 - INFO - Filtering process completed.
Job completed at Sun Feb 16 05:57:52 PM CET 2025
