Starting job at Mon Feb 24 01:06:36 PM CET 2025
Running Filter_by_part.py for subdirectory 22010, part 4
2025-02-24 13:06:38 - INFO - Event filtering process starts...
2025-02-24 13:06:38 - INFO - Initialized PureNeutrinoEventFilter filter for 22010/4
2025-02-24 13:06:53 - INFO - Loaded 7 event specifier files from /lustre/hpc/project/icecube/HE_Nu_Aske_Oct2024/clean_events_dict/22010/22010/reduced
2025-02-24 13:06:56 - INFO - Selected 3 CSV files covering event range [1664, 3327]
2025-02-24 13:07:50 - INFO - Loaded 35937228 valid (RunID, EventID) pairs from CSV files
2025-02-24 13:07:59 - INFO - Extracted 2788768 valid events based on pure neutrino events.
2025-02-24 13:08:11 - INFO - Initialized Muon13Filter filter for 22010/4
2025-02-24 13:08:14 - INFO - Extracted 2492809 valid events where MuonFilter_13==True.
2025-02-24 13:08:14 - INFO - Initialized CCFilter filter for 22010/4
2025-02-24 13:08:18 - INFO - Extracted 3751290 valid events which are CC interactions.
2025-02-24 13:08:19 - INFO - Initialized CompositeEventFilter filter for 22010/4
2025-02-24 13:08:19 - INFO - Initialized (CC_CRclean_MuonLike)
2025-02-24 13:08:19 - INFO - Starting filtering process for 22010/4
2025-02-24 13:08:19 - INFO - Starting filtering process for 22010/4
2025-02-24 13:10:21 - INFO - Recalculated 'offset' column based on 'N_doms' values within each 'shard_no' group.
2025-02-24 13:10:41 - INFO - Filtered truth file saved to: /lustre/hpc/project/icecube/HE_Nu_Aske_Oct2024/PMTfied_filtered/Snowstorm/CC_CRclean_MuonLike/22010/truth_4.parquet
2025-02-24 13:10:51 - INFO - Filtered PMTfied file saved to: /lustre/hpc/project/icecube/HE_Nu_Aske_Oct2024/PMTfied_filtered/Snowstorm/CC_CRclean_MuonLike/22010/4/PMTfied_19.parquet
2025-02-24 13:11:00 - INFO - Filtered PMTfied file saved to: /lustre/hpc/project/icecube/HE_Nu_Aske_Oct2024/PMTfied_filtered/Snowstorm/CC_CRclean_MuonLike/22010/4/PMTfied_15.parquet
2025-02-24 13:11:09 - INFO - Filtered PMTfied file saved to: /lustre/hpc/project/icecube/HE_Nu_Aske_Oct2024/PMTfied_filtered/Snowstorm/CC_CRclean_MuonLike/22010/4/PMTfied_11.parquet
2025-02-24 13:11:17 - INFO - Filtered PMTfied file saved to: /lustre/hpc/project/icecube/HE_Nu_Aske_Oct2024/PMTfied_filtered/Snowstorm/CC_CRclean_MuonLike/22010/4/PMTfied_8.parquet
2025-02-24 13:11:26 - INFO - Filtered PMTfied file saved to: /lustre/hpc/project/icecube/HE_Nu_Aske_Oct2024/PMTfied_filtered/Snowstorm/CC_CRclean_MuonLike/22010/4/PMTfied_4.parquet
2025-02-24 13:11:35 - INFO - Filtered PMTfied file saved to: /lustre/hpc/project/icecube/HE_Nu_Aske_Oct2024/PMTfied_filtered/Snowstorm/CC_CRclean_MuonLike/22010/4/PMTfied_14.parquet
2025-02-24 13:11:44 - INFO - Filtered PMTfied file saved to: /lustre/hpc/project/icecube/HE_Nu_Aske_Oct2024/PMTfied_filtered/Snowstorm/CC_CRclean_MuonLike/22010/4/PMTfied_10.parquet
2025-02-24 13:11:53 - INFO - Filtered PMTfied file saved to: /lustre/hpc/project/icecube/HE_Nu_Aske_Oct2024/PMTfied_filtered/Snowstorm/CC_CRclean_MuonLike/22010/4/PMTfied_18.parquet
2025-02-24 13:12:02 - INFO - Filtered PMTfied file saved to: /lustre/hpc/project/icecube/HE_Nu_Aske_Oct2024/PMTfied_filtered/Snowstorm/CC_CRclean_MuonLike/22010/4/PMTfied_1.parquet
2025-02-24 13:12:11 - INFO - Filtered PMTfied file saved to: /lustre/hpc/project/icecube/HE_Nu_Aske_Oct2024/PMTfied_filtered/Snowstorm/CC_CRclean_MuonLike/22010/4/PMTfied_5.parquet
2025-02-24 13:12:20 - INFO - Filtered PMTfied file saved to: /lustre/hpc/project/icecube/HE_Nu_Aske_Oct2024/PMTfied_filtered/Snowstorm/CC_CRclean_MuonLike/22010/4/PMTfied_9.parquet
2025-02-24 13:12:21 - INFO - Filtered PMTfied file saved to: /lustre/hpc/project/icecube/HE_Nu_Aske_Oct2024/PMTfied_filtered/Snowstorm/CC_CRclean_MuonLike/22010/4/PMTfied_22.parquet
2025-02-24 13:12:30 - INFO - Filtered PMTfied file saved to: /lustre/hpc/project/icecube/HE_Nu_Aske_Oct2024/PMTfied_filtered/Snowstorm/CC_CRclean_MuonLike/22010/4/PMTfied_16.parquet
2025-02-24 13:12:39 - INFO - Filtered PMTfied file saved to: /lustre/hpc/project/icecube/HE_Nu_Aske_Oct2024/PMTfied_filtered/Snowstorm/CC_CRclean_MuonLike/22010/4/PMTfied_12.parquet
2025-02-24 13:12:47 - INFO - Filtered PMTfied file saved to: /lustre/hpc/project/icecube/HE_Nu_Aske_Oct2024/PMTfied_filtered/Snowstorm/CC_CRclean_MuonLike/22010/4/PMTfied_3.parquet
2025-02-24 13:12:56 - INFO - Filtered PMTfied file saved to: /lustre/hpc/project/icecube/HE_Nu_Aske_Oct2024/PMTfied_filtered/Snowstorm/CC_CRclean_MuonLike/22010/4/PMTfied_7.parquet
2025-02-24 13:13:05 - INFO - Filtered PMTfied file saved to: /lustre/hpc/project/icecube/HE_Nu_Aske_Oct2024/PMTfied_filtered/Snowstorm/CC_CRclean_MuonLike/22010/4/PMTfied_20.parquet
2025-02-24 13:13:14 - INFO - Filtered PMTfied file saved to: /lustre/hpc/project/icecube/HE_Nu_Aske_Oct2024/PMTfied_filtered/Snowstorm/CC_CRclean_MuonLike/22010/4/PMTfied_21.parquet
2025-02-24 13:13:23 - INFO - Filtered PMTfied file saved to: /lustre/hpc/project/icecube/HE_Nu_Aske_Oct2024/PMTfied_filtered/Snowstorm/CC_CRclean_MuonLike/22010/4/PMTfied_17.parquet
2025-02-24 13:13:32 - INFO - Filtered PMTfied file saved to: /lustre/hpc/project/icecube/HE_Nu_Aske_Oct2024/PMTfied_filtered/Snowstorm/CC_CRclean_MuonLike/22010/4/PMTfied_13.parquet
2025-02-24 13:13:40 - INFO - Filtered PMTfied file saved to: /lustre/hpc/project/icecube/HE_Nu_Aske_Oct2024/PMTfied_filtered/Snowstorm/CC_CRclean_MuonLike/22010/4/PMTfied_2.parquet
2025-02-24 13:13:49 - INFO - Filtered PMTfied file saved to: /lustre/hpc/project/icecube/HE_Nu_Aske_Oct2024/PMTfied_filtered/Snowstorm/CC_CRclean_MuonLike/22010/4/PMTfied_6.parquet
2025-02-24 13:13:49 - INFO - Filtering process completed.
2025-02-24 13:13:49 - INFO - Filtering process completed.
2025-02-24 13:13:50 - INFO - Unified receipt generated: /lustre/hpc/project/icecube/HE_Nu_Aske_Oct2024/PMTfied_filtered/Snowstorm/CC_CRclean_MuonLike/22010/[Receipt]22010_4.json
2025-02-24 13:13:50 - INFO - Filtering process completed.
Job completed at Mon Feb 24 01:13:50 PM CET 2025
