Starting job at Mon Feb 17 04:06:06 PM CET 2025
Running Filter_by_part.py for subdirectory 22010, part 11
2025-02-17 16:06:06 - INFO - Event filtering process starts...
2025-02-17 16:06:06 - INFO - Initialized Muon13Filter filter for 22010/11
2025-02-17 16:06:09 - INFO - Extracted 2493068 valid events where MuonFilter_13==True.
2025-02-17 16:06:09 - INFO - Initialized CompositeEventFilter filter for 22010/11
2025-02-17 16:06:09 - INFO - Initialized (MuonLike)
2025-02-17 16:06:09 - INFO - Starting filtering process for 22010/11
2025-02-17 16:06:09 - INFO - Starting filtering process for 22010/11
2025-02-17 16:07:48 - INFO - Recalculated 'offset' column based on 'N_doms' values within each 'shard_no' group.
2025-02-17 16:08:05 - INFO - Filtered truth file saved to: /lustre/hpc/project/icecube/HE_Nu_Aske_Oct2024/PMTfied_filtered/Snowstorm/MuonLike/22010/truth_11.parquet
2025-02-17 16:08:15 - INFO - Filtered PMTfied file saved to: /lustre/hpc/project/icecube/HE_Nu_Aske_Oct2024/PMTfied_filtered/Snowstorm/MuonLike/22010/11/PMTfied_8.parquet
2025-02-17 16:08:25 - INFO - Filtered PMTfied file saved to: /lustre/hpc/project/icecube/HE_Nu_Aske_Oct2024/PMTfied_filtered/Snowstorm/MuonLike/22010/11/PMTfied_19.parquet
2025-02-17 16:08:36 - INFO - Filtered PMTfied file saved to: /lustre/hpc/project/icecube/HE_Nu_Aske_Oct2024/PMTfied_filtered/Snowstorm/MuonLike/22010/11/PMTfied_15.parquet
2025-02-17 16:08:46 - INFO - Filtered PMTfied file saved to: /lustre/hpc/project/icecube/HE_Nu_Aske_Oct2024/PMTfied_filtered/Snowstorm/MuonLike/22010/11/PMTfied_4.parquet
2025-02-17 16:08:56 - INFO - Filtered PMTfied file saved to: /lustre/hpc/project/icecube/HE_Nu_Aske_Oct2024/PMTfied_filtered/Snowstorm/MuonLike/22010/11/PMTfied_11.parquet
2025-02-17 16:09:06 - INFO - Filtered PMTfied file saved to: /lustre/hpc/project/icecube/HE_Nu_Aske_Oct2024/PMTfied_filtered/Snowstorm/MuonLike/22010/11/PMTfied_14.parquet
2025-02-17 16:09:17 - INFO - Filtered PMTfied file saved to: /lustre/hpc/project/icecube/HE_Nu_Aske_Oct2024/PMTfied_filtered/Snowstorm/MuonLike/22010/11/PMTfied_5.parquet
2025-02-17 16:09:28 - INFO - Filtered PMTfied file saved to: /lustre/hpc/project/icecube/HE_Nu_Aske_Oct2024/PMTfied_filtered/Snowstorm/MuonLike/22010/11/PMTfied_1.parquet
2025-02-17 16:09:38 - INFO - Filtered PMTfied file saved to: /lustre/hpc/project/icecube/HE_Nu_Aske_Oct2024/PMTfied_filtered/Snowstorm/MuonLike/22010/11/PMTfied_10.parquet
2025-02-17 16:09:48 - INFO - Filtered PMTfied file saved to: /lustre/hpc/project/icecube/HE_Nu_Aske_Oct2024/PMTfied_filtered/Snowstorm/MuonLike/22010/11/PMTfied_9.parquet
2025-02-17 16:09:59 - INFO - Filtered PMTfied file saved to: /lustre/hpc/project/icecube/HE_Nu_Aske_Oct2024/PMTfied_filtered/Snowstorm/MuonLike/22010/11/PMTfied_18.parquet
2025-02-17 16:10:01 - INFO - Filtered PMTfied file saved to: /lustre/hpc/project/icecube/HE_Nu_Aske_Oct2024/PMTfied_filtered/Snowstorm/MuonLike/22010/11/PMTfied_22.parquet
2025-02-17 16:10:11 - INFO - Filtered PMTfied file saved to: /lustre/hpc/project/icecube/HE_Nu_Aske_Oct2024/PMTfied_filtered/Snowstorm/MuonLike/22010/11/PMTfied_16.parquet
2025-02-17 16:10:21 - INFO - Filtered PMTfied file saved to: /lustre/hpc/project/icecube/HE_Nu_Aske_Oct2024/PMTfied_filtered/Snowstorm/MuonLike/22010/11/PMTfied_7.parquet
2025-02-17 16:10:32 - INFO - Filtered PMTfied file saved to: /lustre/hpc/project/icecube/HE_Nu_Aske_Oct2024/PMTfied_filtered/Snowstorm/MuonLike/22010/11/PMTfied_3.parquet
2025-02-17 16:10:42 - INFO - Filtered PMTfied file saved to: /lustre/hpc/project/icecube/HE_Nu_Aske_Oct2024/PMTfied_filtered/Snowstorm/MuonLike/22010/11/PMTfied_12.parquet
2025-02-17 16:10:53 - INFO - Filtered PMTfied file saved to: /lustre/hpc/project/icecube/HE_Nu_Aske_Oct2024/PMTfied_filtered/Snowstorm/MuonLike/22010/11/PMTfied_20.parquet
2025-02-17 16:11:03 - INFO - Filtered PMTfied file saved to: /lustre/hpc/project/icecube/HE_Nu_Aske_Oct2024/PMTfied_filtered/Snowstorm/MuonLike/22010/11/PMTfied_21.parquet
2025-02-17 16:11:13 - INFO - Filtered PMTfied file saved to: /lustre/hpc/project/icecube/HE_Nu_Aske_Oct2024/PMTfied_filtered/Snowstorm/MuonLike/22010/11/PMTfied_17.parquet
2025-02-17 16:11:24 - INFO - Filtered PMTfied file saved to: /lustre/hpc/project/icecube/HE_Nu_Aske_Oct2024/PMTfied_filtered/Snowstorm/MuonLike/22010/11/PMTfied_6.parquet
2025-02-17 16:11:35 - INFO - Filtered PMTfied file saved to: /lustre/hpc/project/icecube/HE_Nu_Aske_Oct2024/PMTfied_filtered/Snowstorm/MuonLike/22010/11/PMTfied_2.parquet
2025-02-17 16:11:46 - INFO - Filtered PMTfied file saved to: /lustre/hpc/project/icecube/HE_Nu_Aske_Oct2024/PMTfied_filtered/Snowstorm/MuonLike/22010/11/PMTfied_13.parquet
2025-02-17 16:11:46 - INFO - Filtering process completed.
2025-02-17 16:11:46 - INFO - Filtering process completed.
2025-02-17 16:11:46 - INFO - Unified receipt generated: /lustre/hpc/project/icecube/HE_Nu_Aske_Oct2024/PMTfied_filtered/Snowstorm/MuonLike/22010/[Receipt]22010_11.json
2025-02-17 16:11:46 - INFO - Filtering process completed.
Job completed at Mon Feb 17 04:11:47 PM CET 2025
