Starting job at Sun Feb 16 05:54:36 PM CET 2025
Running Filter_by_part.py for subdirectory 22010, part 6
2025-02-16 17:54:43 - INFO - Event filtering process starts...
2025-02-16 17:54:43 - INFO - Initialized Muon13Filter filter for 22010/6
2025-02-16 17:54:57 - INFO - Extracted 2492631 valid events where MuonFilter_13==True.
2025-02-16 17:54:57 - INFO - Initialized CompositeEventFilter filter for 22010/6
2025-02-16 17:54:57 - INFO - Initialized (MuonLike)
2025-02-16 17:54:57 - INFO - Starting filtering process for 22010/6
2025-02-16 17:54:57 - INFO - Starting filtering process for 22010/6
2025-02-16 17:55:44 - INFO - Recalculated 'offset' column based on filtered 'N_doms' values.
2025-02-16 17:55:55 - INFO - Filtered truth file saved to: /lustre/hpc/project/icecube/HE_Nu_Aske_Oct2024/PMTfied_filtered/Snowstorm/MuonLike/22010/truth_6.parquet
2025-02-16 17:56:00 - INFO - Filtered PMTfied file saved to: /lustre/hpc/project/icecube/HE_Nu_Aske_Oct2024/PMTfied_filtered/Snowstorm/MuonLike/22010/6/PMTfied_2.parquet
2025-02-16 17:56:05 - INFO - Filtered PMTfied file saved to: /lustre/hpc/project/icecube/HE_Nu_Aske_Oct2024/PMTfied_filtered/Snowstorm/MuonLike/22010/6/PMTfied_6.parquet
2025-02-16 17:56:12 - INFO - Filtered PMTfied file saved to: /lustre/hpc/project/icecube/HE_Nu_Aske_Oct2024/PMTfied_filtered/Snowstorm/MuonLike/22010/6/PMTfied_20.parquet
2025-02-16 17:56:16 - INFO - Filtered PMTfied file saved to: /lustre/hpc/project/icecube/HE_Nu_Aske_Oct2024/PMTfied_filtered/Snowstorm/MuonLike/22010/6/PMTfied_16.parquet
2025-02-16 17:56:21 - INFO - Filtered PMTfied file saved to: /lustre/hpc/project/icecube/HE_Nu_Aske_Oct2024/PMTfied_filtered/Snowstorm/MuonLike/22010/6/PMTfied_12.parquet
2025-02-16 17:56:26 - INFO - Filtered PMTfied file saved to: /lustre/hpc/project/icecube/HE_Nu_Aske_Oct2024/PMTfied_filtered/Snowstorm/MuonLike/22010/6/PMTfied_17.parquet
2025-02-16 17:56:31 - INFO - Filtered PMTfied file saved to: /lustre/hpc/project/icecube/HE_Nu_Aske_Oct2024/PMTfied_filtered/Snowstorm/MuonLike/22010/6/PMTfied_13.parquet
2025-02-16 17:56:36 - INFO - Filtered PMTfied file saved to: /lustre/hpc/project/icecube/HE_Nu_Aske_Oct2024/PMTfied_filtered/Snowstorm/MuonLike/22010/6/PMTfied_3.parquet
2025-02-16 17:56:41 - INFO - Filtered PMTfied file saved to: /lustre/hpc/project/icecube/HE_Nu_Aske_Oct2024/PMTfied_filtered/Snowstorm/MuonLike/22010/6/PMTfied_7.parquet
2025-02-16 17:56:48 - INFO - Filtered PMTfied file saved to: /lustre/hpc/project/icecube/HE_Nu_Aske_Oct2024/PMTfied_filtered/Snowstorm/MuonLike/22010/6/PMTfied_21.parquet
2025-02-16 17:56:52 - INFO - Filtered PMTfied file saved to: /lustre/hpc/project/icecube/HE_Nu_Aske_Oct2024/PMTfied_filtered/Snowstorm/MuonLike/22010/6/PMTfied_19.parquet
2025-02-16 17:56:57 - INFO - Filtered PMTfied file saved to: /lustre/hpc/project/icecube/HE_Nu_Aske_Oct2024/PMTfied_filtered/Snowstorm/MuonLike/22010/6/PMTfied_15.parquet
2025-02-16 17:57:02 - INFO - Filtered PMTfied file saved to: /lustre/hpc/project/icecube/HE_Nu_Aske_Oct2024/PMTfied_filtered/Snowstorm/MuonLike/22010/6/PMTfied_11.parquet
2025-02-16 17:57:06 - INFO - Filtered PMTfied file saved to: /lustre/hpc/project/icecube/HE_Nu_Aske_Oct2024/PMTfied_filtered/Snowstorm/MuonLike/22010/6/PMTfied_9.parquet
2025-02-16 17:57:11 - INFO - Filtered PMTfied file saved to: /lustre/hpc/project/icecube/HE_Nu_Aske_Oct2024/PMTfied_filtered/Snowstorm/MuonLike/22010/6/PMTfied_1.parquet
2025-02-16 17:57:16 - INFO - Filtered PMTfied file saved to: /lustre/hpc/project/icecube/HE_Nu_Aske_Oct2024/PMTfied_filtered/Snowstorm/MuonLike/22010/6/PMTfied_5.parquet
2025-02-16 17:57:18 - INFO - Filtered PMTfied file saved to: /lustre/hpc/project/icecube/HE_Nu_Aske_Oct2024/PMTfied_filtered/Snowstorm/MuonLike/22010/6/PMTfied_22.parquet
2025-02-16 17:57:22 - INFO - Filtered PMTfied file saved to: /lustre/hpc/project/icecube/HE_Nu_Aske_Oct2024/PMTfied_filtered/Snowstorm/MuonLike/22010/6/PMTfied_4.parquet
2025-02-16 17:57:27 - INFO - Filtered PMTfied file saved to: /lustre/hpc/project/icecube/HE_Nu_Aske_Oct2024/PMTfied_filtered/Snowstorm/MuonLike/22010/6/PMTfied_8.parquet
2025-02-16 17:57:32 - INFO - Filtered PMTfied file saved to: /lustre/hpc/project/icecube/HE_Nu_Aske_Oct2024/PMTfied_filtered/Snowstorm/MuonLike/22010/6/PMTfied_14.parquet
2025-02-16 17:57:37 - INFO - Filtered PMTfied file saved to: /lustre/hpc/project/icecube/HE_Nu_Aske_Oct2024/PMTfied_filtered/Snowstorm/MuonLike/22010/6/PMTfied_10.parquet
2025-02-16 17:57:43 - INFO - Filtered PMTfied file saved to: /lustre/hpc/project/icecube/HE_Nu_Aske_Oct2024/PMTfied_filtered/Snowstorm/MuonLike/22010/6/PMTfied_18.parquet
2025-02-16 17:57:44 - INFO - Filtering process completed.
2025-02-16 17:57:44 - INFO - Filtering process completed.
2025-02-16 17:57:44 - INFO - Unified receipt generated: /lustre/hpc/project/icecube/HE_Nu_Aske_Oct2024/PMTfied_filtered/Snowstorm/MuonLike/22010/[Receipt]22010_6.json
2025-02-16 17:57:44 - INFO - Filtering process completed.
Job completed at Sun Feb 16 05:57:44 PM CET 2025
