Starting job at Sun Feb 16 05:54:36 PM CET 2025
Running Filter_by_part.py for subdirectory 22010, part 4
2025-02-16 17:54:43 - INFO - Event filtering process starts...
2025-02-16 17:54:43 - INFO - Initialized Muon13Filter filter for 22010/4
2025-02-16 17:54:56 - INFO - Extracted 2492809 valid events where MuonFilter_13==True.
2025-02-16 17:54:56 - INFO - Initialized CompositeEventFilter filter for 22010/4
2025-02-16 17:54:56 - INFO - Initialized (MuonLike)
2025-02-16 17:54:56 - INFO - Starting filtering process for 22010/4
2025-02-16 17:54:56 - INFO - Starting filtering process for 22010/4
2025-02-16 17:55:42 - INFO - Recalculated 'offset' column based on filtered 'N_doms' values.
2025-02-16 17:55:51 - INFO - Filtered truth file saved to: /lustre/hpc/project/icecube/HE_Nu_Aske_Oct2024/PMTfied_filtered/Snowstorm/MuonLike/22010/truth_4.parquet
2025-02-16 17:55:58 - INFO - Filtered PMTfied file saved to: /lustre/hpc/project/icecube/HE_Nu_Aske_Oct2024/PMTfied_filtered/Snowstorm/MuonLike/22010/4/PMTfied_19.parquet
2025-02-16 17:56:03 - INFO - Filtered PMTfied file saved to: /lustre/hpc/project/icecube/HE_Nu_Aske_Oct2024/PMTfied_filtered/Snowstorm/MuonLike/22010/4/PMTfied_15.parquet
2025-02-16 17:56:10 - INFO - Filtered PMTfied file saved to: /lustre/hpc/project/icecube/HE_Nu_Aske_Oct2024/PMTfied_filtered/Snowstorm/MuonLike/22010/4/PMTfied_11.parquet
2025-02-16 17:56:14 - INFO - Filtered PMTfied file saved to: /lustre/hpc/project/icecube/HE_Nu_Aske_Oct2024/PMTfied_filtered/Snowstorm/MuonLike/22010/4/PMTfied_8.parquet
2025-02-16 17:56:21 - INFO - Filtered PMTfied file saved to: /lustre/hpc/project/icecube/HE_Nu_Aske_Oct2024/PMTfied_filtered/Snowstorm/MuonLike/22010/4/PMTfied_4.parquet
2025-02-16 17:56:26 - INFO - Filtered PMTfied file saved to: /lustre/hpc/project/icecube/HE_Nu_Aske_Oct2024/PMTfied_filtered/Snowstorm/MuonLike/22010/4/PMTfied_14.parquet
2025-02-16 17:56:31 - INFO - Filtered PMTfied file saved to: /lustre/hpc/project/icecube/HE_Nu_Aske_Oct2024/PMTfied_filtered/Snowstorm/MuonLike/22010/4/PMTfied_10.parquet
2025-02-16 17:56:36 - INFO - Filtered PMTfied file saved to: /lustre/hpc/project/icecube/HE_Nu_Aske_Oct2024/PMTfied_filtered/Snowstorm/MuonLike/22010/4/PMTfied_18.parquet
2025-02-16 17:56:40 - INFO - Filtered PMTfied file saved to: /lustre/hpc/project/icecube/HE_Nu_Aske_Oct2024/PMTfied_filtered/Snowstorm/MuonLike/22010/4/PMTfied_1.parquet
2025-02-16 17:56:45 - INFO - Filtered PMTfied file saved to: /lustre/hpc/project/icecube/HE_Nu_Aske_Oct2024/PMTfied_filtered/Snowstorm/MuonLike/22010/4/PMTfied_5.parquet
2025-02-16 17:56:50 - INFO - Filtered PMTfied file saved to: /lustre/hpc/project/icecube/HE_Nu_Aske_Oct2024/PMTfied_filtered/Snowstorm/MuonLike/22010/4/PMTfied_9.parquet
2025-02-16 17:56:51 - INFO - Filtered PMTfied file saved to: /lustre/hpc/project/icecube/HE_Nu_Aske_Oct2024/PMTfied_filtered/Snowstorm/MuonLike/22010/4/PMTfied_22.parquet
2025-02-16 17:56:56 - INFO - Filtered PMTfied file saved to: /lustre/hpc/project/icecube/HE_Nu_Aske_Oct2024/PMTfied_filtered/Snowstorm/MuonLike/22010/4/PMTfied_16.parquet
2025-02-16 17:57:00 - INFO - Filtered PMTfied file saved to: /lustre/hpc/project/icecube/HE_Nu_Aske_Oct2024/PMTfied_filtered/Snowstorm/MuonLike/22010/4/PMTfied_12.parquet
2025-02-16 17:57:07 - INFO - Filtered PMTfied file saved to: /lustre/hpc/project/icecube/HE_Nu_Aske_Oct2024/PMTfied_filtered/Snowstorm/MuonLike/22010/4/PMTfied_3.parquet
2025-02-16 17:57:12 - INFO - Filtered PMTfied file saved to: /lustre/hpc/project/icecube/HE_Nu_Aske_Oct2024/PMTfied_filtered/Snowstorm/MuonLike/22010/4/PMTfied_7.parquet
2025-02-16 17:57:17 - INFO - Filtered PMTfied file saved to: /lustre/hpc/project/icecube/HE_Nu_Aske_Oct2024/PMTfied_filtered/Snowstorm/MuonLike/22010/4/PMTfied_20.parquet
2025-02-16 17:57:21 - INFO - Filtered PMTfied file saved to: /lustre/hpc/project/icecube/HE_Nu_Aske_Oct2024/PMTfied_filtered/Snowstorm/MuonLike/22010/4/PMTfied_21.parquet
2025-02-16 17:57:26 - INFO - Filtered PMTfied file saved to: /lustre/hpc/project/icecube/HE_Nu_Aske_Oct2024/PMTfied_filtered/Snowstorm/MuonLike/22010/4/PMTfied_17.parquet
2025-02-16 17:57:33 - INFO - Filtered PMTfied file saved to: /lustre/hpc/project/icecube/HE_Nu_Aske_Oct2024/PMTfied_filtered/Snowstorm/MuonLike/22010/4/PMTfied_13.parquet
2025-02-16 17:57:37 - INFO - Filtered PMTfied file saved to: /lustre/hpc/project/icecube/HE_Nu_Aske_Oct2024/PMTfied_filtered/Snowstorm/MuonLike/22010/4/PMTfied_2.parquet
2025-02-16 17:57:43 - INFO - Filtered PMTfied file saved to: /lustre/hpc/project/icecube/HE_Nu_Aske_Oct2024/PMTfied_filtered/Snowstorm/MuonLike/22010/4/PMTfied_6.parquet
2025-02-16 17:57:43 - INFO - Filtering process completed.
2025-02-16 17:57:43 - INFO - Filtering process completed.
2025-02-16 17:57:43 - INFO - Unified receipt generated: /lustre/hpc/project/icecube/HE_Nu_Aske_Oct2024/PMTfied_filtered/Snowstorm/MuonLike/22010/[Receipt]22010_4.json
2025-02-16 17:57:43 - INFO - Filtering process completed.
Job completed at Sun Feb 16 05:57:43 PM CET 2025
