Starting job at Mon Feb 17 04:14:45 PM CET 2025
Running Filter_by_part.py for subdirectory 22010, part 3
2025-02-17 16:14:45 - INFO - Event filtering process starts...
2025-02-17 16:14:45 - INFO - Initialized PureNeutrinoEventFilter filter for 22010/3
2025-02-17 16:14:46 - INFO - Loaded 10 event specifier files from /lustre/hpc/project/icecube/HE_Nu_Aske_Oct2024/clean_events_dict/22010/22010/reduced
2025-02-17 16:14:47 - INFO - Selected 10 CSV files covering event range [28, 3298]
2025-02-17 16:14:56 - INFO - Loaded 11955897 valid (RunID, EventID) pairs from CSV files
2025-02-17 16:15:00 - INFO - Extracted 1166285 valid events based on pure neutrino events.
2025-02-17 16:15:02 - INFO - Initialized Muon13Filter filter for 22010/3
2025-02-17 16:15:03 - INFO - Extracted 2494750 valid events where MuonFilter_13==True.
2025-02-17 16:15:03 - INFO - Initialized CompositeEventFilter filter for 22010/3
2025-02-17 16:15:03 - INFO - Initialized (MuonLike_PureNu)
2025-02-17 16:15:03 - INFO - Starting filtering process for 22010/3
2025-02-17 16:15:03 - INFO - Starting filtering process for 22010/3
2025-02-17 16:15:19 - INFO - Recalculated 'offset' column based on 'N_doms' values within each 'shard_no' group.
2025-02-17 16:15:22 - INFO - Filtered truth file saved to: /lustre/hpc/project/icecube/HE_Nu_Aske_Oct2024/PMTfied_filtered/Snowstorm/MuonLike_PureNu/22010/truth_3.parquet
2025-02-17 16:15:26 - INFO - Filtered PMTfied file saved to: /lustre/hpc/project/icecube/HE_Nu_Aske_Oct2024/PMTfied_filtered/Snowstorm/MuonLike_PureNu/22010/3/PMTfied_12.parquet
2025-02-17 16:15:29 - INFO - Filtered PMTfied file saved to: /lustre/hpc/project/icecube/HE_Nu_Aske_Oct2024/PMTfied_filtered/Snowstorm/MuonLike_PureNu/22010/3/PMTfied_16.parquet
2025-02-17 16:15:32 - INFO - Filtered PMTfied file saved to: /lustre/hpc/project/icecube/HE_Nu_Aske_Oct2024/PMTfied_filtered/Snowstorm/MuonLike_PureNu/22010/3/PMTfied_2.parquet
2025-02-17 16:15:36 - INFO - Filtered PMTfied file saved to: /lustre/hpc/project/icecube/HE_Nu_Aske_Oct2024/PMTfied_filtered/Snowstorm/MuonLike_PureNu/22010/3/PMTfied_6.parquet
2025-02-17 16:15:38 - WARNING - Skipping PMTfied_20.parquet: No valid events found in PMTfied file.
2025-02-17 16:15:41 - INFO - Filtered PMTfied file saved to: /lustre/hpc/project/icecube/HE_Nu_Aske_Oct2024/PMTfied_filtered/Snowstorm/MuonLike_PureNu/22010/3/PMTfied_3.parquet
2025-02-17 16:15:45 - INFO - Filtered PMTfied file saved to: /lustre/hpc/project/icecube/HE_Nu_Aske_Oct2024/PMTfied_filtered/Snowstorm/MuonLike_PureNu/22010/3/PMTfied_7.parquet
2025-02-17 16:15:47 - WARNING - Skipping PMTfied_21.parquet: No valid events found in PMTfied file.
2025-02-17 16:15:50 - INFO - Filtered PMTfied file saved to: /lustre/hpc/project/icecube/HE_Nu_Aske_Oct2024/PMTfied_filtered/Snowstorm/MuonLike_PureNu/22010/3/PMTfied_13.parquet
2025-02-17 16:15:52 - WARNING - Skipping PMTfied_17.parquet: No valid events found in PMTfied file.
2025-02-17 16:15:55 - INFO - Filtered PMTfied file saved to: /lustre/hpc/project/icecube/HE_Nu_Aske_Oct2024/PMTfied_filtered/Snowstorm/MuonLike_PureNu/22010/3/PMTfied_1.parquet
2025-02-17 16:15:58 - INFO - Filtered PMTfied file saved to: /lustre/hpc/project/icecube/HE_Nu_Aske_Oct2024/PMTfied_filtered/Snowstorm/MuonLike_PureNu/22010/3/PMTfied_5.parquet
2025-02-17 16:16:01 - INFO - Filtered PMTfied file saved to: /lustre/hpc/project/icecube/HE_Nu_Aske_Oct2024/PMTfied_filtered/Snowstorm/MuonLike_PureNu/22010/3/PMTfied_9.parquet
2025-02-17 16:16:04 - INFO - Filtered PMTfied file saved to: /lustre/hpc/project/icecube/HE_Nu_Aske_Oct2024/PMTfied_filtered/Snowstorm/MuonLike_PureNu/22010/3/PMTfied_11.parquet
2025-02-17 16:16:08 - INFO - Filtered PMTfied file saved to: /lustre/hpc/project/icecube/HE_Nu_Aske_Oct2024/PMTfied_filtered/Snowstorm/MuonLike_PureNu/22010/3/PMTfied_15.parquet
2025-02-17 16:16:10 - WARNING - Skipping PMTfied_19.parquet: No valid events found in PMTfied file.
2025-02-17 16:16:12 - WARNING - Skipping PMTfied_18.parquet: No valid events found in PMTfied file.
2025-02-17 16:16:16 - INFO - Filtered PMTfied file saved to: /lustre/hpc/project/icecube/HE_Nu_Aske_Oct2024/PMTfied_filtered/Snowstorm/MuonLike_PureNu/22010/3/PMTfied_10.parquet
2025-02-17 16:16:19 - INFO - Filtered PMTfied file saved to: /lustre/hpc/project/icecube/HE_Nu_Aske_Oct2024/PMTfied_filtered/Snowstorm/MuonLike_PureNu/22010/3/PMTfied_14.parquet
2025-02-17 16:16:22 - INFO - Filtered PMTfied file saved to: /lustre/hpc/project/icecube/HE_Nu_Aske_Oct2024/PMTfied_filtered/Snowstorm/MuonLike_PureNu/22010/3/PMTfied_8.parquet
2025-02-17 16:16:25 - INFO - Filtered PMTfied file saved to: /lustre/hpc/project/icecube/HE_Nu_Aske_Oct2024/PMTfied_filtered/Snowstorm/MuonLike_PureNu/22010/3/PMTfied_4.parquet
2025-02-17 16:16:26 - WARNING - Skipping PMTfied_22.parquet: No valid events found in PMTfied file.
2025-02-17 16:16:26 - INFO - Filtering process completed.
2025-02-17 16:16:26 - INFO - Filtering process completed.
2025-02-17 16:16:26 - INFO - Unified receipt generated: /lustre/hpc/project/icecube/HE_Nu_Aske_Oct2024/PMTfied_filtered/Snowstorm/MuonLike_PureNu/22010/[Receipt]22010_3.json
2025-02-17 16:16:26 - INFO - Filtering process completed.
Job completed at Mon Feb 17 04:16:26 PM CET 2025
