Starting job at Tue Feb 18 03:07:01 PM CET 2025
Running Filter_by_part.py for subdirectory 22010, part 6
2025-02-18 15:07:01 - INFO - Event filtering process starts...
2025-02-18 15:07:01 - INFO - Initialized PureNeutrinoEventFilter filter for 22010/6
2025-02-18 15:07:02 - INFO - Loaded 7 event specifier files from /lustre/hpc/project/icecube/HE_Nu_Aske_Oct2024/clean_events_dict/22010/22010/reduced
2025-02-18 15:07:05 - INFO - Selected 4 CSV files covering event range [1729, 4990]
2025-02-18 15:08:12 - INFO - Loaded 47897990 valid (RunID, EventID) pairs from CSV files
2025-02-18 15:08:21 - INFO - Extracted 2792124 valid events based on pure neutrino events.
2025-02-18 15:08:38 - INFO - Initialized Muon13Filter filter for 22010/6
2025-02-18 15:08:40 - INFO - Extracted 2492631 valid events where MuonFilter_13==True.
2025-02-18 15:08:41 - INFO - Initialized CompositeEventFilter filter for 22010/6
2025-02-18 15:08:41 - INFO - Initialized (MuonLike_PureNu)
2025-02-18 15:08:41 - INFO - Starting filtering process for 22010/6
2025-02-18 15:08:41 - INFO - Starting filtering process for 22010/6
2025-02-18 15:10:01 - INFO - Recalculated 'offset' column based on 'N_doms' values within each 'shard_no' group.
2025-02-18 15:10:14 - INFO - Filtered truth file saved to: /lustre/hpc/project/icecube/HE_Nu_Aske_Oct2024/PMTfied_filtered/Snowstorm/MuonLike_PureNu/22010/truth_6.parquet
2025-02-18 15:10:21 - INFO - Filtered PMTfied file saved to: /lustre/hpc/project/icecube/HE_Nu_Aske_Oct2024/PMTfied_filtered/Snowstorm/MuonLike_PureNu/22010/6/PMTfied_2.parquet
2025-02-18 15:10:29 - INFO - Filtered PMTfied file saved to: /lustre/hpc/project/icecube/HE_Nu_Aske_Oct2024/PMTfied_filtered/Snowstorm/MuonLike_PureNu/22010/6/PMTfied_6.parquet
2025-02-18 15:10:36 - INFO - Filtered PMTfied file saved to: /lustre/hpc/project/icecube/HE_Nu_Aske_Oct2024/PMTfied_filtered/Snowstorm/MuonLike_PureNu/22010/6/PMTfied_20.parquet
2025-02-18 15:10:44 - INFO - Filtered PMTfied file saved to: /lustre/hpc/project/icecube/HE_Nu_Aske_Oct2024/PMTfied_filtered/Snowstorm/MuonLike_PureNu/22010/6/PMTfied_16.parquet
2025-02-18 15:10:51 - INFO - Filtered PMTfied file saved to: /lustre/hpc/project/icecube/HE_Nu_Aske_Oct2024/PMTfied_filtered/Snowstorm/MuonLike_PureNu/22010/6/PMTfied_12.parquet
2025-02-18 15:10:58 - INFO - Filtered PMTfied file saved to: /lustre/hpc/project/icecube/HE_Nu_Aske_Oct2024/PMTfied_filtered/Snowstorm/MuonLike_PureNu/22010/6/PMTfied_17.parquet
2025-02-18 15:11:06 - INFO - Filtered PMTfied file saved to: /lustre/hpc/project/icecube/HE_Nu_Aske_Oct2024/PMTfied_filtered/Snowstorm/MuonLike_PureNu/22010/6/PMTfied_13.parquet
2025-02-18 15:11:13 - INFO - Filtered PMTfied file saved to: /lustre/hpc/project/icecube/HE_Nu_Aske_Oct2024/PMTfied_filtered/Snowstorm/MuonLike_PureNu/22010/6/PMTfied_3.parquet
2025-02-18 15:11:20 - INFO - Filtered PMTfied file saved to: /lustre/hpc/project/icecube/HE_Nu_Aske_Oct2024/PMTfied_filtered/Snowstorm/MuonLike_PureNu/22010/6/PMTfied_7.parquet
2025-02-18 15:11:28 - INFO - Filtered PMTfied file saved to: /lustre/hpc/project/icecube/HE_Nu_Aske_Oct2024/PMTfied_filtered/Snowstorm/MuonLike_PureNu/22010/6/PMTfied_21.parquet
2025-02-18 15:11:35 - INFO - Filtered PMTfied file saved to: /lustre/hpc/project/icecube/HE_Nu_Aske_Oct2024/PMTfied_filtered/Snowstorm/MuonLike_PureNu/22010/6/PMTfied_19.parquet
2025-02-18 15:11:42 - INFO - Filtered PMTfied file saved to: /lustre/hpc/project/icecube/HE_Nu_Aske_Oct2024/PMTfied_filtered/Snowstorm/MuonLike_PureNu/22010/6/PMTfied_15.parquet
2025-02-18 15:11:50 - INFO - Filtered PMTfied file saved to: /lustre/hpc/project/icecube/HE_Nu_Aske_Oct2024/PMTfied_filtered/Snowstorm/MuonLike_PureNu/22010/6/PMTfied_11.parquet
2025-02-18 15:11:57 - INFO - Filtered PMTfied file saved to: /lustre/hpc/project/icecube/HE_Nu_Aske_Oct2024/PMTfied_filtered/Snowstorm/MuonLike_PureNu/22010/6/PMTfied_9.parquet
2025-02-18 15:12:04 - INFO - Filtered PMTfied file saved to: /lustre/hpc/project/icecube/HE_Nu_Aske_Oct2024/PMTfied_filtered/Snowstorm/MuonLike_PureNu/22010/6/PMTfied_1.parquet
2025-02-18 15:12:12 - INFO - Filtered PMTfied file saved to: /lustre/hpc/project/icecube/HE_Nu_Aske_Oct2024/PMTfied_filtered/Snowstorm/MuonLike_PureNu/22010/6/PMTfied_5.parquet
2025-02-18 15:12:13 - INFO - Filtered PMTfied file saved to: /lustre/hpc/project/icecube/HE_Nu_Aske_Oct2024/PMTfied_filtered/Snowstorm/MuonLike_PureNu/22010/6/PMTfied_22.parquet
2025-02-18 15:12:20 - INFO - Filtered PMTfied file saved to: /lustre/hpc/project/icecube/HE_Nu_Aske_Oct2024/PMTfied_filtered/Snowstorm/MuonLike_PureNu/22010/6/PMTfied_4.parquet
2025-02-18 15:12:28 - INFO - Filtered PMTfied file saved to: /lustre/hpc/project/icecube/HE_Nu_Aske_Oct2024/PMTfied_filtered/Snowstorm/MuonLike_PureNu/22010/6/PMTfied_8.parquet
2025-02-18 15:12:35 - INFO - Filtered PMTfied file saved to: /lustre/hpc/project/icecube/HE_Nu_Aske_Oct2024/PMTfied_filtered/Snowstorm/MuonLike_PureNu/22010/6/PMTfied_14.parquet
2025-02-18 15:12:42 - INFO - Filtered PMTfied file saved to: /lustre/hpc/project/icecube/HE_Nu_Aske_Oct2024/PMTfied_filtered/Snowstorm/MuonLike_PureNu/22010/6/PMTfied_10.parquet
2025-02-18 15:12:50 - INFO - Filtered PMTfied file saved to: /lustre/hpc/project/icecube/HE_Nu_Aske_Oct2024/PMTfied_filtered/Snowstorm/MuonLike_PureNu/22010/6/PMTfied_18.parquet
2025-02-18 15:12:50 - INFO - Filtering process completed.
2025-02-18 15:12:50 - INFO - Filtering process completed.
2025-02-18 15:12:50 - INFO - Unified receipt generated: /lustre/hpc/project/icecube/HE_Nu_Aske_Oct2024/PMTfied_filtered/Snowstorm/MuonLike_PureNu/22010/[Receipt]22010_6.json
2025-02-18 15:12:50 - INFO - Filtering process completed.
Job completed at Tue Feb 18 03:12:50 PM CET 2025
