Starting job at Mon Feb 24 01:51:00 PM CET 2025
Running Filter_by_part.py for subdirectory 22010, part 8
2025-02-24 13:51:01 - INFO - Event filtering process starts...
2025-02-24 13:51:01 - INFO - Initialized PureNeutrinoEventFilter filter for 22010/8
2025-02-24 13:51:12 - INFO - Loaded 7 event specifier files from /lustre/hpc/project/icecube/HE_Nu_Aske_Oct2024/clean_events_dict/22010/22010/reduced
2025-02-24 13:51:15 - INFO - Selected 3 CSV files covering event range [3424, 5079]
2025-02-24 13:52:05 - INFO - Loaded 35903402 valid (RunID, EventID) pairs from CSV files
2025-02-24 13:52:15 - INFO - Extracted 2791312 valid events based on pure neutrino events.
2025-02-24 13:52:27 - INFO - Initialized CCFilter filter for 22010/8
2025-02-24 13:52:31 - INFO - Extracted 3751369 valid events which are CC interactions.
2025-02-24 13:52:31 - INFO - Initialized ContainmentFilter filter for 22010/8
2025-02-24 13:52:33 - INFO - Extracted 1710476 valid events within the specified containment region.
2025-02-24 13:52:34 - INFO - Initialized CompositeEventFilter filter for 22010/8
2025-02-24 13:52:34 - INFO - Initialized (CC_CRclean_Contained)
2025-02-24 13:52:34 - INFO - Starting filtering process for 22010/8
2025-02-24 13:52:34 - INFO - Starting filtering process for 22010/8
2025-02-24 13:53:56 - INFO - Recalculated 'offset' column based on 'N_doms' values within each 'shard_no' group.
2025-02-24 13:54:08 - INFO - Filtered truth file saved to: /lustre/hpc/project/icecube/HE_Nu_Aske_Oct2024/PMTfied_filtered/Snowstorm/CC_CRclean_Contained/22010/truth_8.parquet
2025-02-24 13:54:14 - INFO - Filtered PMTfied file saved to: /lustre/hpc/project/icecube/HE_Nu_Aske_Oct2024/PMTfied_filtered/Snowstorm/CC_CRclean_Contained/22010/8/PMTfied_21.parquet
2025-02-24 13:54:20 - INFO - Filtered PMTfied file saved to: /lustre/hpc/project/icecube/HE_Nu_Aske_Oct2024/PMTfied_filtered/Snowstorm/CC_CRclean_Contained/22010/8/PMTfied_2.parquet
2025-02-24 13:54:26 - INFO - Filtered PMTfied file saved to: /lustre/hpc/project/icecube/HE_Nu_Aske_Oct2024/PMTfied_filtered/Snowstorm/CC_CRclean_Contained/22010/8/PMTfied_6.parquet
2025-02-24 13:54:33 - INFO - Filtered PMTfied file saved to: /lustre/hpc/project/icecube/HE_Nu_Aske_Oct2024/PMTfied_filtered/Snowstorm/CC_CRclean_Contained/22010/8/PMTfied_17.parquet
2025-02-24 13:54:38 - INFO - Filtered PMTfied file saved to: /lustre/hpc/project/icecube/HE_Nu_Aske_Oct2024/PMTfied_filtered/Snowstorm/CC_CRclean_Contained/22010/8/PMTfied_13.parquet
2025-02-24 13:54:45 - INFO - Filtered PMTfied file saved to: /lustre/hpc/project/icecube/HE_Nu_Aske_Oct2024/PMTfied_filtered/Snowstorm/CC_CRclean_Contained/22010/8/PMTfied_3.parquet
2025-02-24 13:54:51 - INFO - Filtered PMTfied file saved to: /lustre/hpc/project/icecube/HE_Nu_Aske_Oct2024/PMTfied_filtered/Snowstorm/CC_CRclean_Contained/22010/8/PMTfied_7.parquet
2025-02-24 13:54:57 - INFO - Filtered PMTfied file saved to: /lustre/hpc/project/icecube/HE_Nu_Aske_Oct2024/PMTfied_filtered/Snowstorm/CC_CRclean_Contained/22010/8/PMTfied_16.parquet
2025-02-24 13:55:03 - INFO - Filtered PMTfied file saved to: /lustre/hpc/project/icecube/HE_Nu_Aske_Oct2024/PMTfied_filtered/Snowstorm/CC_CRclean_Contained/22010/8/PMTfied_12.parquet
2025-02-24 13:55:09 - INFO - Filtered PMTfied file saved to: /lustre/hpc/project/icecube/HE_Nu_Aske_Oct2024/PMTfied_filtered/Snowstorm/CC_CRclean_Contained/22010/8/PMTfied_20.parquet
2025-02-24 13:55:15 - INFO - Filtered PMTfied file saved to: /lustre/hpc/project/icecube/HE_Nu_Aske_Oct2024/PMTfied_filtered/Snowstorm/CC_CRclean_Contained/22010/8/PMTfied_1.parquet
2025-02-24 13:55:21 - INFO - Filtered PMTfied file saved to: /lustre/hpc/project/icecube/HE_Nu_Aske_Oct2024/PMTfied_filtered/Snowstorm/CC_CRclean_Contained/22010/8/PMTfied_5.parquet
2025-02-24 13:55:27 - INFO - Filtered PMTfied file saved to: /lustre/hpc/project/icecube/HE_Nu_Aske_Oct2024/PMTfied_filtered/Snowstorm/CC_CRclean_Contained/22010/8/PMTfied_9.parquet
2025-02-24 13:55:33 - INFO - Filtered PMTfied file saved to: /lustre/hpc/project/icecube/HE_Nu_Aske_Oct2024/PMTfied_filtered/Snowstorm/CC_CRclean_Contained/22010/8/PMTfied_14.parquet
2025-02-24 13:55:39 - INFO - Filtered PMTfied file saved to: /lustre/hpc/project/icecube/HE_Nu_Aske_Oct2024/PMTfied_filtered/Snowstorm/CC_CRclean_Contained/22010/8/PMTfied_10.parquet
2025-02-24 13:55:45 - INFO - Filtered PMTfied file saved to: /lustre/hpc/project/icecube/HE_Nu_Aske_Oct2024/PMTfied_filtered/Snowstorm/CC_CRclean_Contained/22010/8/PMTfied_18.parquet
2025-02-24 13:55:47 - INFO - Filtered PMTfied file saved to: /lustre/hpc/project/icecube/HE_Nu_Aske_Oct2024/PMTfied_filtered/Snowstorm/CC_CRclean_Contained/22010/8/PMTfied_22.parquet
2025-02-24 13:55:53 - INFO - Filtered PMTfied file saved to: /lustre/hpc/project/icecube/HE_Nu_Aske_Oct2024/PMTfied_filtered/Snowstorm/CC_CRclean_Contained/22010/8/PMTfied_8.parquet
2025-02-24 13:55:59 - INFO - Filtered PMTfied file saved to: /lustre/hpc/project/icecube/HE_Nu_Aske_Oct2024/PMTfied_filtered/Snowstorm/CC_CRclean_Contained/22010/8/PMTfied_4.parquet
2025-02-24 13:56:05 - INFO - Filtered PMTfied file saved to: /lustre/hpc/project/icecube/HE_Nu_Aske_Oct2024/PMTfied_filtered/Snowstorm/CC_CRclean_Contained/22010/8/PMTfied_19.parquet
2025-02-24 13:56:11 - INFO - Filtered PMTfied file saved to: /lustre/hpc/project/icecube/HE_Nu_Aske_Oct2024/PMTfied_filtered/Snowstorm/CC_CRclean_Contained/22010/8/PMTfied_15.parquet
2025-02-24 13:56:17 - INFO - Filtered PMTfied file saved to: /lustre/hpc/project/icecube/HE_Nu_Aske_Oct2024/PMTfied_filtered/Snowstorm/CC_CRclean_Contained/22010/8/PMTfied_11.parquet
2025-02-24 13:56:17 - INFO - Filtering process completed.
2025-02-24 13:56:17 - INFO - Filtering process completed.
2025-02-24 13:56:18 - INFO - Unified receipt generated: /lustre/hpc/project/icecube/HE_Nu_Aske_Oct2024/PMTfied_filtered/Snowstorm/CC_CRclean_Contained/22010/[Receipt]22010_8.json
2025-02-24 13:56:18 - INFO - Filtering process completed.
Job completed at Mon Feb 24 01:56:18 PM CET 2025
