Starting job at Mon Feb 24 01:51:00 PM CET 2025
Running Filter_by_part.py for subdirectory 22010, part 11
2025-02-24 13:51:01 - INFO - Event filtering process starts...
2025-02-24 13:51:01 - INFO - Initialized PureNeutrinoEventFilter filter for 22010/11
2025-02-24 13:51:02 - INFO - Loaded 7 event specifier files from /lustre/hpc/project/icecube/HE_Nu_Aske_Oct2024/clean_events_dict/22010/22010/reduced
2025-02-24 13:51:05 - INFO - Selected 2 CSV files covering event range [5205, 6749]
2025-02-24 13:51:35 - INFO - Loaded 20940378 valid (RunID, EventID) pairs from CSV files
2025-02-24 13:51:44 - INFO - Extracted 2792128 valid events based on pure neutrino events.
2025-02-24 13:51:51 - INFO - Initialized CCFilter filter for 22010/11
2025-02-24 13:51:55 - INFO - Extracted 3751739 valid events which are CC interactions.
2025-02-24 13:51:55 - INFO - Initialized ContainmentFilter filter for 22010/11
2025-02-24 13:51:58 - INFO - Extracted 1708968 valid events within the specified containment region.
2025-02-24 13:51:58 - INFO - Initialized CompositeEventFilter filter for 22010/11
2025-02-24 13:51:58 - INFO - Initialized (CC_CRclean_Contained)
2025-02-24 13:51:58 - INFO - Starting filtering process for 22010/11
2025-02-24 13:51:58 - INFO - Starting filtering process for 22010/11
2025-02-24 13:53:21 - INFO - Recalculated 'offset' column based on 'N_doms' values within each 'shard_no' group.
2025-02-24 13:53:33 - INFO - Filtered truth file saved to: /lustre/hpc/project/icecube/HE_Nu_Aske_Oct2024/PMTfied_filtered/Snowstorm/CC_CRclean_Contained/22010/truth_11.parquet
2025-02-24 13:53:39 - INFO - Filtered PMTfied file saved to: /lustre/hpc/project/icecube/HE_Nu_Aske_Oct2024/PMTfied_filtered/Snowstorm/CC_CRclean_Contained/22010/11/PMTfied_8.parquet
2025-02-24 13:53:45 - INFO - Filtered PMTfied file saved to: /lustre/hpc/project/icecube/HE_Nu_Aske_Oct2024/PMTfied_filtered/Snowstorm/CC_CRclean_Contained/22010/11/PMTfied_19.parquet
2025-02-24 13:53:51 - INFO - Filtered PMTfied file saved to: /lustre/hpc/project/icecube/HE_Nu_Aske_Oct2024/PMTfied_filtered/Snowstorm/CC_CRclean_Contained/22010/11/PMTfied_15.parquet
2025-02-24 13:53:57 - INFO - Filtered PMTfied file saved to: /lustre/hpc/project/icecube/HE_Nu_Aske_Oct2024/PMTfied_filtered/Snowstorm/CC_CRclean_Contained/22010/11/PMTfied_4.parquet
2025-02-24 13:54:03 - INFO - Filtered PMTfied file saved to: /lustre/hpc/project/icecube/HE_Nu_Aske_Oct2024/PMTfied_filtered/Snowstorm/CC_CRclean_Contained/22010/11/PMTfied_11.parquet
2025-02-24 13:54:09 - INFO - Filtered PMTfied file saved to: /lustre/hpc/project/icecube/HE_Nu_Aske_Oct2024/PMTfied_filtered/Snowstorm/CC_CRclean_Contained/22010/11/PMTfied_14.parquet
2025-02-24 13:54:16 - INFO - Filtered PMTfied file saved to: /lustre/hpc/project/icecube/HE_Nu_Aske_Oct2024/PMTfied_filtered/Snowstorm/CC_CRclean_Contained/22010/11/PMTfied_5.parquet
2025-02-24 13:54:22 - INFO - Filtered PMTfied file saved to: /lustre/hpc/project/icecube/HE_Nu_Aske_Oct2024/PMTfied_filtered/Snowstorm/CC_CRclean_Contained/22010/11/PMTfied_1.parquet
2025-02-24 13:54:28 - INFO - Filtered PMTfied file saved to: /lustre/hpc/project/icecube/HE_Nu_Aske_Oct2024/PMTfied_filtered/Snowstorm/CC_CRclean_Contained/22010/11/PMTfied_10.parquet
2025-02-24 13:54:34 - INFO - Filtered PMTfied file saved to: /lustre/hpc/project/icecube/HE_Nu_Aske_Oct2024/PMTfied_filtered/Snowstorm/CC_CRclean_Contained/22010/11/PMTfied_9.parquet
2025-02-24 13:54:40 - INFO - Filtered PMTfied file saved to: /lustre/hpc/project/icecube/HE_Nu_Aske_Oct2024/PMTfied_filtered/Snowstorm/CC_CRclean_Contained/22010/11/PMTfied_18.parquet
2025-02-24 13:54:41 - INFO - Filtered PMTfied file saved to: /lustre/hpc/project/icecube/HE_Nu_Aske_Oct2024/PMTfied_filtered/Snowstorm/CC_CRclean_Contained/22010/11/PMTfied_22.parquet
2025-02-24 13:54:47 - INFO - Filtered PMTfied file saved to: /lustre/hpc/project/icecube/HE_Nu_Aske_Oct2024/PMTfied_filtered/Snowstorm/CC_CRclean_Contained/22010/11/PMTfied_16.parquet
2025-02-24 13:54:53 - INFO - Filtered PMTfied file saved to: /lustre/hpc/project/icecube/HE_Nu_Aske_Oct2024/PMTfied_filtered/Snowstorm/CC_CRclean_Contained/22010/11/PMTfied_7.parquet
2025-02-24 13:54:59 - INFO - Filtered PMTfied file saved to: /lustre/hpc/project/icecube/HE_Nu_Aske_Oct2024/PMTfied_filtered/Snowstorm/CC_CRclean_Contained/22010/11/PMTfied_3.parquet
2025-02-24 13:55:05 - INFO - Filtered PMTfied file saved to: /lustre/hpc/project/icecube/HE_Nu_Aske_Oct2024/PMTfied_filtered/Snowstorm/CC_CRclean_Contained/22010/11/PMTfied_12.parquet
2025-02-24 13:55:11 - INFO - Filtered PMTfied file saved to: /lustre/hpc/project/icecube/HE_Nu_Aske_Oct2024/PMTfied_filtered/Snowstorm/CC_CRclean_Contained/22010/11/PMTfied_20.parquet
2025-02-24 13:55:17 - INFO - Filtered PMTfied file saved to: /lustre/hpc/project/icecube/HE_Nu_Aske_Oct2024/PMTfied_filtered/Snowstorm/CC_CRclean_Contained/22010/11/PMTfied_21.parquet
2025-02-24 13:55:23 - INFO - Filtered PMTfied file saved to: /lustre/hpc/project/icecube/HE_Nu_Aske_Oct2024/PMTfied_filtered/Snowstorm/CC_CRclean_Contained/22010/11/PMTfied_17.parquet
2025-02-24 13:55:30 - INFO - Filtered PMTfied file saved to: /lustre/hpc/project/icecube/HE_Nu_Aske_Oct2024/PMTfied_filtered/Snowstorm/CC_CRclean_Contained/22010/11/PMTfied_6.parquet
2025-02-24 13:55:36 - INFO - Filtered PMTfied file saved to: /lustre/hpc/project/icecube/HE_Nu_Aske_Oct2024/PMTfied_filtered/Snowstorm/CC_CRclean_Contained/22010/11/PMTfied_2.parquet
2025-02-24 13:55:42 - INFO - Filtered PMTfied file saved to: /lustre/hpc/project/icecube/HE_Nu_Aske_Oct2024/PMTfied_filtered/Snowstorm/CC_CRclean_Contained/22010/11/PMTfied_13.parquet
2025-02-24 13:55:42 - INFO - Filtering process completed.
2025-02-24 13:55:42 - INFO - Filtering process completed.
2025-02-24 13:55:42 - INFO - Unified receipt generated: /lustre/hpc/project/icecube/HE_Nu_Aske_Oct2024/PMTfied_filtered/Snowstorm/CC_CRclean_Contained/22010/[Receipt]22010_11.json
2025-02-24 13:55:42 - INFO - Filtering process completed.
Job completed at Mon Feb 24 01:55:43 PM CET 2025
