Starting job at Sun Feb 16 06:08:36 PM CET 2025
Running Filter_by_part.py for subdirectory 22010, part 12
2025-02-16 18:08:36 - INFO - Event filtering process starts...
2025-02-16 18:08:36 - INFO - Initialized PureNeutrinoEventFilter filter for 22010/12
2025-02-16 18:08:37 - INFO - Loaded 10 event specifier files from /lustre/hpc/project/icecube/HE_Nu_Aske_Oct2024/clean_events_dict/22010/22010/reduced
2025-02-16 18:08:37 - INFO - Selected 10 CSV files covering event range [58, 6650]
2025-02-16 18:08:55 - INFO - Loaded 11955897 valid (RunID, EventID) pairs from CSV files
2025-02-16 18:08:57 - INFO - Extracted 135146 valid events based on pure neutrino events.
2025-02-16 18:09:01 - INFO - Initialized CompositeEventFilter filter for 22010/12
2025-02-16 18:09:01 - INFO - Initialized (PureNu)
2025-02-16 18:09:01 - INFO - Starting filtering process for 22010/12
2025-02-16 18:09:01 - INFO - Starting filtering process for 22010/12
2025-02-16 18:09:07 - INFO - Recalculated 'offset' column based on filtered 'N_doms' values.
2025-02-16 18:09:08 - INFO - Filtered truth file saved to: /lustre/hpc/project/icecube/HE_Nu_Aske_Oct2024/PMTfied_filtered/Snowstorm/PureNu/22010/truth_12.parquet
2025-02-16 18:09:12 - WARNING - Skipping PMTfied_4.parquet: No valid events found in PMTfied file.
2025-02-16 18:09:17 - INFO - Filtered PMTfied file saved to: /lustre/hpc/project/icecube/HE_Nu_Aske_Oct2024/PMTfied_filtered/Snowstorm/PureNu/22010/12/PMTfied_5.parquet
2025-02-16 18:09:21 - WARNING - Skipping PMTfied_1.parquet: No valid events found in PMTfied file.
2025-02-16 18:09:23 - INFO - Filtered PMTfied file saved to: /lustre/hpc/project/icecube/HE_Nu_Aske_Oct2024/PMTfied_filtered/Snowstorm/PureNu/22010/12/PMTfied_7.parquet
2025-02-16 18:09:26 - WARNING - Skipping PMTfied_3.parquet: No valid events found in PMTfied file.
2025-02-16 18:09:33 - INFO - Filtered PMTfied file saved to: /lustre/hpc/project/icecube/HE_Nu_Aske_Oct2024/PMTfied_filtered/Snowstorm/PureNu/22010/12/PMTfied_6.parquet
2025-02-16 18:09:37 - WARNING - Skipping PMTfied_2.parquet: No valid events found in PMTfied file.
2025-02-16 18:09:37 - INFO - Filtering process completed.
2025-02-16 18:09:37 - INFO - Filtering process completed.
2025-02-16 18:09:37 - INFO - Unified receipt generated: /lustre/hpc/project/icecube/HE_Nu_Aske_Oct2024/PMTfied_filtered/Snowstorm/PureNu/22010/[Receipt]22010_12.json
2025-02-16 18:09:37 - INFO - Filtering process completed.
Job completed at Sun Feb 16 06:09:37 PM CET 2025
