Starting job at Sun Feb 16 06:13:16 PM CET 2025
Running Filter_by_part.py for subdirectory 22010, part 1
2025-02-16 18:13:16 - INFO - Event filtering process starts...
2025-02-16 18:13:16 - INFO - Initialized PureNeutrinoEventFilter filter for 22010/1
2025-02-16 18:13:17 - INFO - Loaded 10 event specifier files from /lustre/hpc/project/icecube/HE_Nu_Aske_Oct2024/clean_events_dict/22010/22010/reduced
2025-02-16 18:13:18 - INFO - Selected 10 CSV files covering event range [0, 1700]
2025-02-16 18:13:27 - INFO - Loaded 11955897 valid (RunID, EventID) pairs from CSV files
2025-02-16 18:13:30 - INFO - Extracted 1693177 valid events based on pure neutrino events.
2025-02-16 18:13:32 - INFO - Initialized Muon13Filter filter for 22010/1
2025-02-16 18:13:34 - INFO - Extracted 2494815 valid events where MuonFilter_13==True.
2025-02-16 18:13:34 - INFO - Initialized CompositeEventFilter filter for 22010/1
2025-02-16 18:13:34 - INFO - Initialized (MuonLike_PureNu)
2025-02-16 18:13:34 - INFO - Starting filtering process for 22010/1
2025-02-16 18:13:34 - INFO - Starting filtering process for 22010/1
2025-02-16 18:13:58 - INFO - Recalculated 'offset' column based on filtered 'N_doms' values.
2025-02-16 18:14:02 - INFO - Filtered truth file saved to: /lustre/hpc/project/icecube/HE_Nu_Aske_Oct2024/PMTfied_filtered/Snowstorm/MuonLike_PureNu/22010/truth_1.parquet
2025-02-16 18:14:05 - INFO - Filtered PMTfied file saved to: /lustre/hpc/project/icecube/HE_Nu_Aske_Oct2024/PMTfied_filtered/Snowstorm/MuonLike_PureNu/22010/1/PMTfied_15.parquet
2025-02-16 18:14:08 - INFO - Filtered PMTfied file saved to: /lustre/hpc/project/icecube/HE_Nu_Aske_Oct2024/PMTfied_filtered/Snowstorm/MuonLike_PureNu/22010/1/PMTfied_11.parquet
2025-02-16 18:14:11 - INFO - Filtered PMTfied file saved to: /lustre/hpc/project/icecube/HE_Nu_Aske_Oct2024/PMTfied_filtered/Snowstorm/MuonLike_PureNu/22010/1/PMTfied_19.parquet
2025-02-16 18:14:14 - INFO - Filtered PMTfied file saved to: /lustre/hpc/project/icecube/HE_Nu_Aske_Oct2024/PMTfied_filtered/Snowstorm/MuonLike_PureNu/22010/1/PMTfied_2.parquet
2025-02-16 18:14:17 - INFO - Filtered PMTfied file saved to: /lustre/hpc/project/icecube/HE_Nu_Aske_Oct2024/PMTfied_filtered/Snowstorm/MuonLike_PureNu/22010/1/PMTfied_6.parquet
2025-02-16 18:14:18 - INFO - Filtered PMTfied file saved to: /lustre/hpc/project/icecube/HE_Nu_Aske_Oct2024/PMTfied_filtered/Snowstorm/MuonLike_PureNu/22010/1/PMTfied_22.parquet
2025-02-16 18:14:21 - INFO - Filtered PMTfied file saved to: /lustre/hpc/project/icecube/HE_Nu_Aske_Oct2024/PMTfied_filtered/Snowstorm/MuonLike_PureNu/22010/1/PMTfied_3.parquet
2025-02-16 18:14:24 - INFO - Filtered PMTfied file saved to: /lustre/hpc/project/icecube/HE_Nu_Aske_Oct2024/PMTfied_filtered/Snowstorm/MuonLike_PureNu/22010/1/PMTfied_7.parquet
2025-02-16 18:14:27 - INFO - Filtered PMTfied file saved to: /lustre/hpc/project/icecube/HE_Nu_Aske_Oct2024/PMTfied_filtered/Snowstorm/MuonLike_PureNu/22010/1/PMTfied_18.parquet
2025-02-16 18:14:30 - INFO - Filtered PMTfied file saved to: /lustre/hpc/project/icecube/HE_Nu_Aske_Oct2024/PMTfied_filtered/Snowstorm/MuonLike_PureNu/22010/1/PMTfied_14.parquet
2025-02-16 18:14:33 - INFO - Filtered PMTfied file saved to: /lustre/hpc/project/icecube/HE_Nu_Aske_Oct2024/PMTfied_filtered/Snowstorm/MuonLike_PureNu/22010/1/PMTfied_10.parquet
2025-02-16 18:14:36 - INFO - Filtered PMTfied file saved to: /lustre/hpc/project/icecube/HE_Nu_Aske_Oct2024/PMTfied_filtered/Snowstorm/MuonLike_PureNu/22010/1/PMTfied_20.parquet
2025-02-16 18:14:39 - INFO - Filtered PMTfied file saved to: /lustre/hpc/project/icecube/HE_Nu_Aske_Oct2024/PMTfied_filtered/Snowstorm/MuonLike_PureNu/22010/1/PMTfied_9.parquet
2025-02-16 18:14:42 - INFO - Filtered PMTfied file saved to: /lustre/hpc/project/icecube/HE_Nu_Aske_Oct2024/PMTfied_filtered/Snowstorm/MuonLike_PureNu/22010/1/PMTfied_1.parquet
2025-02-16 18:14:44 - INFO - Filtered PMTfied file saved to: /lustre/hpc/project/icecube/HE_Nu_Aske_Oct2024/PMTfied_filtered/Snowstorm/MuonLike_PureNu/22010/1/PMTfied_5.parquet
2025-02-16 18:14:47 - INFO - Filtered PMTfied file saved to: /lustre/hpc/project/icecube/HE_Nu_Aske_Oct2024/PMTfied_filtered/Snowstorm/MuonLike_PureNu/22010/1/PMTfied_16.parquet
2025-02-16 18:14:50 - INFO - Filtered PMTfied file saved to: /lustre/hpc/project/icecube/HE_Nu_Aske_Oct2024/PMTfied_filtered/Snowstorm/MuonLike_PureNu/22010/1/PMTfied_12.parquet
2025-02-16 18:14:53 - INFO - Filtered PMTfied file saved to: /lustre/hpc/project/icecube/HE_Nu_Aske_Oct2024/PMTfied_filtered/Snowstorm/MuonLike_PureNu/22010/1/PMTfied_17.parquet
2025-02-16 18:14:56 - INFO - Filtered PMTfied file saved to: /lustre/hpc/project/icecube/HE_Nu_Aske_Oct2024/PMTfied_filtered/Snowstorm/MuonLike_PureNu/22010/1/PMTfied_13.parquet
2025-02-16 18:14:59 - INFO - Filtered PMTfied file saved to: /lustre/hpc/project/icecube/HE_Nu_Aske_Oct2024/PMTfied_filtered/Snowstorm/MuonLike_PureNu/22010/1/PMTfied_21.parquet
2025-02-16 18:15:02 - INFO - Filtered PMTfied file saved to: /lustre/hpc/project/icecube/HE_Nu_Aske_Oct2024/PMTfied_filtered/Snowstorm/MuonLike_PureNu/22010/1/PMTfied_4.parquet
2025-02-16 18:15:05 - INFO - Filtered PMTfied file saved to: /lustre/hpc/project/icecube/HE_Nu_Aske_Oct2024/PMTfied_filtered/Snowstorm/MuonLike_PureNu/22010/1/PMTfied_8.parquet
2025-02-16 18:15:05 - INFO - Filtering process completed.
2025-02-16 18:15:05 - INFO - Filtering process completed.
2025-02-16 18:15:05 - INFO - Unified receipt generated: /lustre/hpc/project/icecube/HE_Nu_Aske_Oct2024/PMTfied_filtered/Snowstorm/MuonLike_PureNu/22010/[Receipt]22010_1.json
2025-02-16 18:15:05 - INFO - Filtering process completed.
Job completed at Sun Feb 16 06:15:05 PM CET 2025
