Starting job at Mon Feb 17 04:03:52 PM CET 2025
Running Filter_by_part.py for subdirectory 22010, part 8
2025-02-17 16:03:52 - INFO - Event filtering process starts...
2025-02-17 16:03:52 - INFO - Initialized Muon13Filter filter for 22010/8
2025-02-17 16:04:02 - INFO - Extracted 2491720 valid events where MuonFilter_13==True.
2025-02-17 16:04:02 - INFO - Initialized CompositeEventFilter filter for 22010/8
2025-02-17 16:04:02 - INFO - Initialized (MuonLike)
2025-02-17 16:04:02 - INFO - Starting filtering process for 22010/8
2025-02-17 16:04:02 - INFO - Starting filtering process for 22010/8
2025-02-17 16:05:43 - INFO - Recalculated 'offset' column based on 'N_doms' values within each 'shard_no' group.
2025-02-17 16:05:59 - INFO - Filtered truth file saved to: /lustre/hpc/project/icecube/HE_Nu_Aske_Oct2024/PMTfied_filtered/Snowstorm/MuonLike/22010/truth_8.parquet
2025-02-17 16:06:10 - INFO - Filtered PMTfied file saved to: /lustre/hpc/project/icecube/HE_Nu_Aske_Oct2024/PMTfied_filtered/Snowstorm/MuonLike/22010/8/PMTfied_21.parquet
2025-02-17 16:06:20 - INFO - Filtered PMTfied file saved to: /lustre/hpc/project/icecube/HE_Nu_Aske_Oct2024/PMTfied_filtered/Snowstorm/MuonLike/22010/8/PMTfied_2.parquet
2025-02-17 16:06:30 - INFO - Filtered PMTfied file saved to: /lustre/hpc/project/icecube/HE_Nu_Aske_Oct2024/PMTfied_filtered/Snowstorm/MuonLike/22010/8/PMTfied_6.parquet
2025-02-17 16:06:40 - INFO - Filtered PMTfied file saved to: /lustre/hpc/project/icecube/HE_Nu_Aske_Oct2024/PMTfied_filtered/Snowstorm/MuonLike/22010/8/PMTfied_17.parquet
2025-02-17 16:06:51 - INFO - Filtered PMTfied file saved to: /lustre/hpc/project/icecube/HE_Nu_Aske_Oct2024/PMTfied_filtered/Snowstorm/MuonLike/22010/8/PMTfied_13.parquet
2025-02-17 16:07:01 - INFO - Filtered PMTfied file saved to: /lustre/hpc/project/icecube/HE_Nu_Aske_Oct2024/PMTfied_filtered/Snowstorm/MuonLike/22010/8/PMTfied_3.parquet
2025-02-17 16:07:11 - INFO - Filtered PMTfied file saved to: /lustre/hpc/project/icecube/HE_Nu_Aske_Oct2024/PMTfied_filtered/Snowstorm/MuonLike/22010/8/PMTfied_7.parquet
2025-02-17 16:07:22 - INFO - Filtered PMTfied file saved to: /lustre/hpc/project/icecube/HE_Nu_Aske_Oct2024/PMTfied_filtered/Snowstorm/MuonLike/22010/8/PMTfied_16.parquet
2025-02-17 16:07:32 - INFO - Filtered PMTfied file saved to: /lustre/hpc/project/icecube/HE_Nu_Aske_Oct2024/PMTfied_filtered/Snowstorm/MuonLike/22010/8/PMTfied_12.parquet
2025-02-17 16:07:43 - INFO - Filtered PMTfied file saved to: /lustre/hpc/project/icecube/HE_Nu_Aske_Oct2024/PMTfied_filtered/Snowstorm/MuonLike/22010/8/PMTfied_20.parquet
2025-02-17 16:07:53 - INFO - Filtered PMTfied file saved to: /lustre/hpc/project/icecube/HE_Nu_Aske_Oct2024/PMTfied_filtered/Snowstorm/MuonLike/22010/8/PMTfied_1.parquet
2025-02-17 16:08:03 - INFO - Filtered PMTfied file saved to: /lustre/hpc/project/icecube/HE_Nu_Aske_Oct2024/PMTfied_filtered/Snowstorm/MuonLike/22010/8/PMTfied_5.parquet
2025-02-17 16:08:14 - INFO - Filtered PMTfied file saved to: /lustre/hpc/project/icecube/HE_Nu_Aske_Oct2024/PMTfied_filtered/Snowstorm/MuonLike/22010/8/PMTfied_9.parquet
2025-02-17 16:08:24 - INFO - Filtered PMTfied file saved to: /lustre/hpc/project/icecube/HE_Nu_Aske_Oct2024/PMTfied_filtered/Snowstorm/MuonLike/22010/8/PMTfied_14.parquet
2025-02-17 16:08:34 - INFO - Filtered PMTfied file saved to: /lustre/hpc/project/icecube/HE_Nu_Aske_Oct2024/PMTfied_filtered/Snowstorm/MuonLike/22010/8/PMTfied_10.parquet
2025-02-17 16:08:44 - INFO - Filtered PMTfied file saved to: /lustre/hpc/project/icecube/HE_Nu_Aske_Oct2024/PMTfied_filtered/Snowstorm/MuonLike/22010/8/PMTfied_18.parquet
2025-02-17 16:08:47 - INFO - Filtered PMTfied file saved to: /lustre/hpc/project/icecube/HE_Nu_Aske_Oct2024/PMTfied_filtered/Snowstorm/MuonLike/22010/8/PMTfied_22.parquet
2025-02-17 16:08:57 - INFO - Filtered PMTfied file saved to: /lustre/hpc/project/icecube/HE_Nu_Aske_Oct2024/PMTfied_filtered/Snowstorm/MuonLike/22010/8/PMTfied_8.parquet
2025-02-17 16:09:07 - INFO - Filtered PMTfied file saved to: /lustre/hpc/project/icecube/HE_Nu_Aske_Oct2024/PMTfied_filtered/Snowstorm/MuonLike/22010/8/PMTfied_4.parquet
2025-02-17 16:09:17 - INFO - Filtered PMTfied file saved to: /lustre/hpc/project/icecube/HE_Nu_Aske_Oct2024/PMTfied_filtered/Snowstorm/MuonLike/22010/8/PMTfied_19.parquet
2025-02-17 16:09:28 - INFO - Filtered PMTfied file saved to: /lustre/hpc/project/icecube/HE_Nu_Aske_Oct2024/PMTfied_filtered/Snowstorm/MuonLike/22010/8/PMTfied_15.parquet
2025-02-17 16:09:38 - INFO - Filtered PMTfied file saved to: /lustre/hpc/project/icecube/HE_Nu_Aske_Oct2024/PMTfied_filtered/Snowstorm/MuonLike/22010/8/PMTfied_11.parquet
2025-02-17 16:09:38 - INFO - Filtering process completed.
2025-02-17 16:09:38 - INFO - Filtering process completed.
2025-02-17 16:09:38 - INFO - Unified receipt generated: /lustre/hpc/project/icecube/HE_Nu_Aske_Oct2024/PMTfied_filtered/Snowstorm/MuonLike/22010/[Receipt]22010_8.json
2025-02-17 16:09:38 - INFO - Filtering process completed.
Job completed at Mon Feb 17 04:09:38 PM CET 2025
