Starting job at Thu Feb 13 05:02:10 PM CET 2025
Running Filter_by_part.py for subdirectory 22010, part 8
2025-02-13 17:02:11 - INFO - Event filtering process starts...
2025-02-13 17:02:11 - INFO - Initialized Muon13Filter
2025-02-13 17:02:11 - INFO - Starting filtering process for 22010/8
2025-02-13 17:02:40 - INFO - Recalculated 'offset' column based on filtered 'N_doms' values.
2025-02-13 17:02:44 - INFO - Filtered truth file saved to: /lustre/hpc/project/icecube/HE_Nu_Aske_Oct2024/PMTfied_filtered/MuonLike/Snowstorm/22010/truth_8.parquet
2025-02-13 17:02:44 - INFO - Receipt file saved to: /lustre/hpc/project/icecube/HE_Nu_Aske_Oct2024/PMTfied_filtered/MuonLike/Snowstorm/22010/[Receipt]22010_8.json
2025-02-13 17:02:54 - INFO - Filtered PMTfied file saved to: /lustre/hpc/project/icecube/HE_Nu_Aske_Oct2024/PMTfied_filtered/MuonLike/Snowstorm/22010/8/PMTfied_21.parquet
2025-02-13 17:03:05 - INFO - Filtered PMTfied file saved to: /lustre/hpc/project/icecube/HE_Nu_Aske_Oct2024/PMTfied_filtered/MuonLike/Snowstorm/22010/8/PMTfied_2.parquet
2025-02-13 17:03:15 - INFO - Filtered PMTfied file saved to: /lustre/hpc/project/icecube/HE_Nu_Aske_Oct2024/PMTfied_filtered/MuonLike/Snowstorm/22010/8/PMTfied_6.parquet
2025-02-13 17:03:25 - INFO - Filtered PMTfied file saved to: /lustre/hpc/project/icecube/HE_Nu_Aske_Oct2024/PMTfied_filtered/MuonLike/Snowstorm/22010/8/PMTfied_17.parquet
2025-02-13 17:03:36 - INFO - Filtered PMTfied file saved to: /lustre/hpc/project/icecube/HE_Nu_Aske_Oct2024/PMTfied_filtered/MuonLike/Snowstorm/22010/8/PMTfied_13.parquet
2025-02-13 17:03:46 - INFO - Filtered PMTfied file saved to: /lustre/hpc/project/icecube/HE_Nu_Aske_Oct2024/PMTfied_filtered/MuonLike/Snowstorm/22010/8/PMTfied_3.parquet
2025-02-13 17:03:56 - INFO - Filtered PMTfied file saved to: /lustre/hpc/project/icecube/HE_Nu_Aske_Oct2024/PMTfied_filtered/MuonLike/Snowstorm/22010/8/PMTfied_7.parquet
2025-02-13 17:04:06 - INFO - Filtered PMTfied file saved to: /lustre/hpc/project/icecube/HE_Nu_Aske_Oct2024/PMTfied_filtered/MuonLike/Snowstorm/22010/8/PMTfied_16.parquet
2025-02-13 17:04:17 - INFO - Filtered PMTfied file saved to: /lustre/hpc/project/icecube/HE_Nu_Aske_Oct2024/PMTfied_filtered/MuonLike/Snowstorm/22010/8/PMTfied_12.parquet
2025-02-13 17:04:27 - INFO - Filtered PMTfied file saved to: /lustre/hpc/project/icecube/HE_Nu_Aske_Oct2024/PMTfied_filtered/MuonLike/Snowstorm/22010/8/PMTfied_20.parquet
2025-02-13 17:04:38 - INFO - Filtered PMTfied file saved to: /lustre/hpc/project/icecube/HE_Nu_Aske_Oct2024/PMTfied_filtered/MuonLike/Snowstorm/22010/8/PMTfied_1.parquet
2025-02-13 17:04:48 - INFO - Filtered PMTfied file saved to: /lustre/hpc/project/icecube/HE_Nu_Aske_Oct2024/PMTfied_filtered/MuonLike/Snowstorm/22010/8/PMTfied_5.parquet
2025-02-13 17:04:58 - INFO - Filtered PMTfied file saved to: /lustre/hpc/project/icecube/HE_Nu_Aske_Oct2024/PMTfied_filtered/MuonLike/Snowstorm/22010/8/PMTfied_9.parquet
2025-02-13 17:05:09 - INFO - Filtered PMTfied file saved to: /lustre/hpc/project/icecube/HE_Nu_Aske_Oct2024/PMTfied_filtered/MuonLike/Snowstorm/22010/8/PMTfied_14.parquet
2025-02-13 17:05:19 - INFO - Filtered PMTfied file saved to: /lustre/hpc/project/icecube/HE_Nu_Aske_Oct2024/PMTfied_filtered/MuonLike/Snowstorm/22010/8/PMTfied_10.parquet
2025-02-13 17:05:29 - INFO - Filtered PMTfied file saved to: /lustre/hpc/project/icecube/HE_Nu_Aske_Oct2024/PMTfied_filtered/MuonLike/Snowstorm/22010/8/PMTfied_18.parquet
2025-02-13 17:05:31 - INFO - Filtered PMTfied file saved to: /lustre/hpc/project/icecube/HE_Nu_Aske_Oct2024/PMTfied_filtered/MuonLike/Snowstorm/22010/8/PMTfied_22.parquet
2025-02-13 17:05:42 - INFO - Filtered PMTfied file saved to: /lustre/hpc/project/icecube/HE_Nu_Aske_Oct2024/PMTfied_filtered/MuonLike/Snowstorm/22010/8/PMTfied_8.parquet
2025-02-13 17:05:52 - INFO - Filtered PMTfied file saved to: /lustre/hpc/project/icecube/HE_Nu_Aske_Oct2024/PMTfied_filtered/MuonLike/Snowstorm/22010/8/PMTfied_4.parquet
2025-02-13 17:06:02 - INFO - Filtered PMTfied file saved to: /lustre/hpc/project/icecube/HE_Nu_Aske_Oct2024/PMTfied_filtered/MuonLike/Snowstorm/22010/8/PMTfied_19.parquet
2025-02-13 17:06:12 - INFO - Filtered PMTfied file saved to: /lustre/hpc/project/icecube/HE_Nu_Aske_Oct2024/PMTfied_filtered/MuonLike/Snowstorm/22010/8/PMTfied_15.parquet
2025-02-13 17:06:22 - INFO - Filtered PMTfied file saved to: /lustre/hpc/project/icecube/HE_Nu_Aske_Oct2024/PMTfied_filtered/MuonLike/Snowstorm/22010/8/PMTfied_11.parquet
2025-02-13 17:06:22 - INFO - Filtering process completed.
2025-02-13 17:06:22 - INFO - Filtering process completed for all selected filters.
2025-02-13 17:06:22 - INFO - Execution time: 251.84 seconds
2025-02-13 17:06:22 - INFO - Updated receipt with execution time: /lustre/hpc/project/icecube/HE_Nu_Aske_Oct2024/PMTfied_filtered/MuonLike/Snowstorm/22010/[Receipt]22010_8.json
Job completed at Thu Feb 13 05:06:22 PM CET 2025
