Starting job at Mon Feb 24 01:51:00 PM CET 2025
Running Filter_by_part.py for subdirectory 22010, part 12
2025-02-24 13:51:01 - INFO - Event filtering process starts...
2025-02-24 13:51:01 - INFO - Initialized PureNeutrinoEventFilter filter for 22010/12
2025-02-24 13:51:02 - INFO - Loaded 7 event specifier files from /lustre/hpc/project/icecube/HE_Nu_Aske_Oct2024/clean_events_dict/22010/22010/reduced
2025-02-24 13:51:02 - INFO - Selected 7 CSV files covering event range [58, 6650]
2025-02-24 13:52:55 - INFO - Loaded 80794265 valid (RunID, EventID) pairs from CSV files
2025-02-24 13:52:57 - INFO - Extracted 820714 valid events based on pure neutrino events.
2025-02-24 13:53:29 - INFO - Initialized CCFilter filter for 22010/12
2025-02-24 13:53:30 - INFO - Extracted 1100949 valid events which are CC interactions.
2025-02-24 13:53:30 - INFO - Initialized ContainmentFilter filter for 22010/12
2025-02-24 13:53:31 - INFO - Extracted 501690 valid events within the specified containment region.
2025-02-24 13:53:31 - INFO - Initialized CompositeEventFilter filter for 22010/12
2025-02-24 13:53:31 - INFO - Initialized (CC_CRclean_Contained)
2025-02-24 13:53:31 - INFO - Starting filtering process for 22010/12
2025-02-24 13:53:31 - INFO - Starting filtering process for 22010/12
2025-02-24 13:53:54 - INFO - Recalculated 'offset' column based on 'N_doms' values within each 'shard_no' group.
2025-02-24 13:53:58 - INFO - Filtered truth file saved to: /lustre/hpc/project/icecube/HE_Nu_Aske_Oct2024/PMTfied_filtered/Snowstorm/CC_CRclean_Contained/22010/truth_12.parquet
2025-02-24 13:54:05 - INFO - Filtered PMTfied file saved to: /lustre/hpc/project/icecube/HE_Nu_Aske_Oct2024/PMTfied_filtered/Snowstorm/CC_CRclean_Contained/22010/12/PMTfied_4.parquet
2025-02-24 13:54:10 - INFO - Filtered PMTfied file saved to: /lustre/hpc/project/icecube/HE_Nu_Aske_Oct2024/PMTfied_filtered/Snowstorm/CC_CRclean_Contained/22010/12/PMTfied_5.parquet
2025-02-24 13:54:17 - INFO - Filtered PMTfied file saved to: /lustre/hpc/project/icecube/HE_Nu_Aske_Oct2024/PMTfied_filtered/Snowstorm/CC_CRclean_Contained/22010/12/PMTfied_1.parquet
2025-02-24 13:54:18 - INFO - Filtered PMTfied file saved to: /lustre/hpc/project/icecube/HE_Nu_Aske_Oct2024/PMTfied_filtered/Snowstorm/CC_CRclean_Contained/22010/12/PMTfied_7.parquet
2025-02-24 13:54:24 - INFO - Filtered PMTfied file saved to: /lustre/hpc/project/icecube/HE_Nu_Aske_Oct2024/PMTfied_filtered/Snowstorm/CC_CRclean_Contained/22010/12/PMTfied_3.parquet
2025-02-24 13:54:30 - INFO - Filtered PMTfied file saved to: /lustre/hpc/project/icecube/HE_Nu_Aske_Oct2024/PMTfied_filtered/Snowstorm/CC_CRclean_Contained/22010/12/PMTfied_6.parquet
2025-02-24 13:54:36 - INFO - Filtered PMTfied file saved to: /lustre/hpc/project/icecube/HE_Nu_Aske_Oct2024/PMTfied_filtered/Snowstorm/CC_CRclean_Contained/22010/12/PMTfied_2.parquet
2025-02-24 13:54:36 - INFO - Filtering process completed.
2025-02-24 13:54:36 - INFO - Filtering process completed.
2025-02-24 13:54:36 - INFO - Unified receipt generated: /lustre/hpc/project/icecube/HE_Nu_Aske_Oct2024/PMTfied_filtered/Snowstorm/CC_CRclean_Contained/22010/[Receipt]22010_12.json
2025-02-24 13:54:36 - INFO - Filtering process completed.
Job completed at Mon Feb 24 01:54:36 PM CET 2025
