Starting job at Mon Feb 17 04:14:45 PM CET 2025
Running Filter_by_part.py for subdirectory 22010, part 1
2025-02-17 16:14:45 - INFO - Event filtering process starts...
2025-02-17 16:14:45 - INFO - Initialized PureNeutrinoEventFilter filter for 22010/1
2025-02-17 16:14:45 - INFO - Loaded 10 event specifier files from /lustre/hpc/project/icecube/HE_Nu_Aske_Oct2024/clean_events_dict/22010/22010/reduced
2025-02-17 16:14:46 - INFO - Selected 10 CSV files covering event range [0, 1700]
2025-02-17 16:14:55 - INFO - Loaded 11955897 valid (RunID, EventID) pairs from CSV files
2025-02-17 16:14:59 - INFO - Extracted 1693177 valid events based on pure neutrino events.
2025-02-17 16:15:01 - INFO - Initialized Muon13Filter filter for 22010/1
2025-02-17 16:15:02 - INFO - Extracted 2494815 valid events where MuonFilter_13==True.
2025-02-17 16:15:02 - INFO - Initialized CompositeEventFilter filter for 22010/1
2025-02-17 16:15:02 - INFO - Initialized (MuonLike_PureNu)
2025-02-17 16:15:02 - INFO - Starting filtering process for 22010/1
2025-02-17 16:15:02 - INFO - Starting filtering process for 22010/1
2025-02-17 16:15:25 - INFO - Recalculated 'offset' column based on 'N_doms' values within each 'shard_no' group.
2025-02-17 16:15:30 - INFO - Filtered truth file saved to: /lustre/hpc/project/icecube/HE_Nu_Aske_Oct2024/PMTfied_filtered/Snowstorm/MuonLike_PureNu/22010/truth_1.parquet
2025-02-17 16:15:33 - INFO - Filtered PMTfied file saved to: /lustre/hpc/project/icecube/HE_Nu_Aske_Oct2024/PMTfied_filtered/Snowstorm/MuonLike_PureNu/22010/1/PMTfied_15.parquet
2025-02-17 16:15:36 - INFO - Filtered PMTfied file saved to: /lustre/hpc/project/icecube/HE_Nu_Aske_Oct2024/PMTfied_filtered/Snowstorm/MuonLike_PureNu/22010/1/PMTfied_11.parquet
2025-02-17 16:15:39 - INFO - Filtered PMTfied file saved to: /lustre/hpc/project/icecube/HE_Nu_Aske_Oct2024/PMTfied_filtered/Snowstorm/MuonLike_PureNu/22010/1/PMTfied_19.parquet
2025-02-17 16:15:42 - INFO - Filtered PMTfied file saved to: /lustre/hpc/project/icecube/HE_Nu_Aske_Oct2024/PMTfied_filtered/Snowstorm/MuonLike_PureNu/22010/1/PMTfied_2.parquet
2025-02-17 16:15:45 - INFO - Filtered PMTfied file saved to: /lustre/hpc/project/icecube/HE_Nu_Aske_Oct2024/PMTfied_filtered/Snowstorm/MuonLike_PureNu/22010/1/PMTfied_6.parquet
2025-02-17 16:15:46 - INFO - Filtered PMTfied file saved to: /lustre/hpc/project/icecube/HE_Nu_Aske_Oct2024/PMTfied_filtered/Snowstorm/MuonLike_PureNu/22010/1/PMTfied_22.parquet
2025-02-17 16:15:49 - INFO - Filtered PMTfied file saved to: /lustre/hpc/project/icecube/HE_Nu_Aske_Oct2024/PMTfied_filtered/Snowstorm/MuonLike_PureNu/22010/1/PMTfied_3.parquet
2025-02-17 16:15:52 - INFO - Filtered PMTfied file saved to: /lustre/hpc/project/icecube/HE_Nu_Aske_Oct2024/PMTfied_filtered/Snowstorm/MuonLike_PureNu/22010/1/PMTfied_7.parquet
2025-02-17 16:15:55 - INFO - Filtered PMTfied file saved to: /lustre/hpc/project/icecube/HE_Nu_Aske_Oct2024/PMTfied_filtered/Snowstorm/MuonLike_PureNu/22010/1/PMTfied_18.parquet
2025-02-17 16:15:58 - INFO - Filtered PMTfied file saved to: /lustre/hpc/project/icecube/HE_Nu_Aske_Oct2024/PMTfied_filtered/Snowstorm/MuonLike_PureNu/22010/1/PMTfied_14.parquet
2025-02-17 16:16:01 - INFO - Filtered PMTfied file saved to: /lustre/hpc/project/icecube/HE_Nu_Aske_Oct2024/PMTfied_filtered/Snowstorm/MuonLike_PureNu/22010/1/PMTfied_10.parquet
2025-02-17 16:16:04 - INFO - Filtered PMTfied file saved to: /lustre/hpc/project/icecube/HE_Nu_Aske_Oct2024/PMTfied_filtered/Snowstorm/MuonLike_PureNu/22010/1/PMTfied_20.parquet
2025-02-17 16:16:07 - INFO - Filtered PMTfied file saved to: /lustre/hpc/project/icecube/HE_Nu_Aske_Oct2024/PMTfied_filtered/Snowstorm/MuonLike_PureNu/22010/1/PMTfied_9.parquet
2025-02-17 16:16:10 - INFO - Filtered PMTfied file saved to: /lustre/hpc/project/icecube/HE_Nu_Aske_Oct2024/PMTfied_filtered/Snowstorm/MuonLike_PureNu/22010/1/PMTfied_1.parquet
2025-02-17 16:16:13 - INFO - Filtered PMTfied file saved to: /lustre/hpc/project/icecube/HE_Nu_Aske_Oct2024/PMTfied_filtered/Snowstorm/MuonLike_PureNu/22010/1/PMTfied_5.parquet
2025-02-17 16:16:16 - INFO - Filtered PMTfied file saved to: /lustre/hpc/project/icecube/HE_Nu_Aske_Oct2024/PMTfied_filtered/Snowstorm/MuonLike_PureNu/22010/1/PMTfied_16.parquet
2025-02-17 16:16:19 - INFO - Filtered PMTfied file saved to: /lustre/hpc/project/icecube/HE_Nu_Aske_Oct2024/PMTfied_filtered/Snowstorm/MuonLike_PureNu/22010/1/PMTfied_12.parquet
2025-02-17 16:16:22 - INFO - Filtered PMTfied file saved to: /lustre/hpc/project/icecube/HE_Nu_Aske_Oct2024/PMTfied_filtered/Snowstorm/MuonLike_PureNu/22010/1/PMTfied_17.parquet
2025-02-17 16:16:25 - INFO - Filtered PMTfied file saved to: /lustre/hpc/project/icecube/HE_Nu_Aske_Oct2024/PMTfied_filtered/Snowstorm/MuonLike_PureNu/22010/1/PMTfied_13.parquet
2025-02-17 16:16:28 - INFO - Filtered PMTfied file saved to: /lustre/hpc/project/icecube/HE_Nu_Aske_Oct2024/PMTfied_filtered/Snowstorm/MuonLike_PureNu/22010/1/PMTfied_21.parquet
2025-02-17 16:16:31 - INFO - Filtered PMTfied file saved to: /lustre/hpc/project/icecube/HE_Nu_Aske_Oct2024/PMTfied_filtered/Snowstorm/MuonLike_PureNu/22010/1/PMTfied_4.parquet
2025-02-17 16:16:34 - INFO - Filtered PMTfied file saved to: /lustre/hpc/project/icecube/HE_Nu_Aske_Oct2024/PMTfied_filtered/Snowstorm/MuonLike_PureNu/22010/1/PMTfied_8.parquet
2025-02-17 16:16:34 - INFO - Filtering process completed.
2025-02-17 16:16:34 - INFO - Filtering process completed.
2025-02-17 16:16:35 - INFO - Unified receipt generated: /lustre/hpc/project/icecube/HE_Nu_Aske_Oct2024/PMTfied_filtered/Snowstorm/MuonLike_PureNu/22010/[Receipt]22010_1.json
2025-02-17 16:16:35 - INFO - Filtering process completed.
Job completed at Mon Feb 17 04:16:35 PM CET 2025
