Starting job at Tue Feb 18 03:01:30 PM CET 2025
Running Filter_by_part.py for subdirectory 22010, part 12
2025-02-18 15:01:30 - INFO - Event filtering process starts...
2025-02-18 15:01:30 - INFO - Initialized PureNeutrinoEventFilter filter for 22010/12
2025-02-18 15:01:33 - INFO - Loaded 7 event specifier files from /lustre/hpc/project/icecube/HE_Nu_Aske_Oct2024/clean_events_dict/22010/22010/reduced
2025-02-18 15:01:34 - INFO - Selected 7 CSV files covering event range [58, 6650]
2025-02-18 15:03:36 - INFO - Loaded 80794265 valid (RunID, EventID) pairs from CSV files
2025-02-18 15:03:39 - INFO - Extracted 820714 valid events based on pure neutrino events.
2025-02-18 15:04:11 - INFO - Initialized CompositeEventFilter filter for 22010/12
2025-02-18 15:04:11 - INFO - Initialized (PureNu)
2025-02-18 15:04:11 - INFO - Starting filtering process for 22010/12
2025-02-18 15:04:11 - INFO - Starting filtering process for 22010/12
2025-02-18 15:04:44 - INFO - Recalculated 'offset' column based on 'N_doms' values within each 'shard_no' group.
2025-02-18 15:04:49 - INFO - Filtered truth file saved to: /lustre/hpc/project/icecube/HE_Nu_Aske_Oct2024/PMTfied_filtered/Snowstorm/PureNu/22010/truth_12.parquet
2025-02-18 15:04:59 - INFO - Filtered PMTfied file saved to: /lustre/hpc/project/icecube/HE_Nu_Aske_Oct2024/PMTfied_filtered/Snowstorm/PureNu/22010/12/PMTfied_4.parquet
2025-02-18 15:05:10 - INFO - Filtered PMTfied file saved to: /lustre/hpc/project/icecube/HE_Nu_Aske_Oct2024/PMTfied_filtered/Snowstorm/PureNu/22010/12/PMTfied_5.parquet
2025-02-18 15:05:20 - INFO - Filtered PMTfied file saved to: /lustre/hpc/project/icecube/HE_Nu_Aske_Oct2024/PMTfied_filtered/Snowstorm/PureNu/22010/12/PMTfied_1.parquet
2025-02-18 15:05:22 - INFO - Filtered PMTfied file saved to: /lustre/hpc/project/icecube/HE_Nu_Aske_Oct2024/PMTfied_filtered/Snowstorm/PureNu/22010/12/PMTfied_7.parquet
2025-02-18 15:05:32 - INFO - Filtered PMTfied file saved to: /lustre/hpc/project/icecube/HE_Nu_Aske_Oct2024/PMTfied_filtered/Snowstorm/PureNu/22010/12/PMTfied_3.parquet
2025-02-18 15:05:42 - INFO - Filtered PMTfied file saved to: /lustre/hpc/project/icecube/HE_Nu_Aske_Oct2024/PMTfied_filtered/Snowstorm/PureNu/22010/12/PMTfied_6.parquet
2025-02-18 15:05:52 - INFO - Filtered PMTfied file saved to: /lustre/hpc/project/icecube/HE_Nu_Aske_Oct2024/PMTfied_filtered/Snowstorm/PureNu/22010/12/PMTfied_2.parquet
2025-02-18 15:05:52 - INFO - Filtering process completed.
2025-02-18 15:05:52 - INFO - Filtering process completed.
2025-02-18 15:05:53 - INFO - Unified receipt generated: /lustre/hpc/project/icecube/HE_Nu_Aske_Oct2024/PMTfied_filtered/Snowstorm/PureNu/22010/[Receipt]22010_12.json
2025-02-18 15:05:53 - INFO - Filtering process completed.
Job completed at Tue Feb 18 03:05:53 PM CET 2025
