Starting job at Thu Feb 13 04:57:50 PM CET 2025
Running Filter_by_part.py for subdirectory 22010, part 1
2025-02-13 16:57:52 - INFO - Event filtering process starts...
2025-02-13 16:57:52 - INFO - Initialized Muon13Filter
2025-02-13 16:57:52 - INFO - Starting filtering process for 22010/1
2025-02-13 16:58:25 - INFO - Recalculated 'offset' column based on filtered 'N_doms' values.
2025-02-13 16:58:30 - INFO - Filtered truth file saved to: /lustre/hpc/project/icecube/HE_Nu_Aske_Oct2024/PMTfied_filtered/MuonLike/Snowstorm/22010/truth_1.parquet
2025-02-13 16:58:30 - INFO - Receipt file saved to: /lustre/hpc/project/icecube/HE_Nu_Aske_Oct2024/PMTfied_filtered/MuonLike/Snowstorm/22010/[Receipt]22010_1.json
2025-02-13 16:58:41 - INFO - Filtered PMTfied file saved to: /lustre/hpc/project/icecube/HE_Nu_Aske_Oct2024/PMTfied_filtered/MuonLike/Snowstorm/22010/1/PMTfied_15.parquet
2025-02-13 16:58:53 - INFO - Filtered PMTfied file saved to: /lustre/hpc/project/icecube/HE_Nu_Aske_Oct2024/PMTfied_filtered/MuonLike/Snowstorm/22010/1/PMTfied_11.parquet
2025-02-13 16:59:05 - INFO - Filtered PMTfied file saved to: /lustre/hpc/project/icecube/HE_Nu_Aske_Oct2024/PMTfied_filtered/MuonLike/Snowstorm/22010/1/PMTfied_19.parquet
2025-02-13 16:59:16 - INFO - Filtered PMTfied file saved to: /lustre/hpc/project/icecube/HE_Nu_Aske_Oct2024/PMTfied_filtered/MuonLike/Snowstorm/22010/1/PMTfied_2.parquet
2025-02-13 16:59:28 - INFO - Filtered PMTfied file saved to: /lustre/hpc/project/icecube/HE_Nu_Aske_Oct2024/PMTfied_filtered/MuonLike/Snowstorm/22010/1/PMTfied_6.parquet
2025-02-13 16:59:30 - INFO - Filtered PMTfied file saved to: /lustre/hpc/project/icecube/HE_Nu_Aske_Oct2024/PMTfied_filtered/MuonLike/Snowstorm/22010/1/PMTfied_22.parquet
2025-02-13 16:59:42 - INFO - Filtered PMTfied file saved to: /lustre/hpc/project/icecube/HE_Nu_Aske_Oct2024/PMTfied_filtered/MuonLike/Snowstorm/22010/1/PMTfied_3.parquet
2025-02-13 16:59:53 - INFO - Filtered PMTfied file saved to: /lustre/hpc/project/icecube/HE_Nu_Aske_Oct2024/PMTfied_filtered/MuonLike/Snowstorm/22010/1/PMTfied_7.parquet
2025-02-13 17:00:04 - INFO - Filtered PMTfied file saved to: /lustre/hpc/project/icecube/HE_Nu_Aske_Oct2024/PMTfied_filtered/MuonLike/Snowstorm/22010/1/PMTfied_18.parquet
2025-02-13 17:00:16 - INFO - Filtered PMTfied file saved to: /lustre/hpc/project/icecube/HE_Nu_Aske_Oct2024/PMTfied_filtered/MuonLike/Snowstorm/22010/1/PMTfied_14.parquet
2025-02-13 17:00:28 - INFO - Filtered PMTfied file saved to: /lustre/hpc/project/icecube/HE_Nu_Aske_Oct2024/PMTfied_filtered/MuonLike/Snowstorm/22010/1/PMTfied_10.parquet
2025-02-13 17:00:40 - INFO - Filtered PMTfied file saved to: /lustre/hpc/project/icecube/HE_Nu_Aske_Oct2024/PMTfied_filtered/MuonLike/Snowstorm/22010/1/PMTfied_20.parquet
2025-02-13 17:00:51 - INFO - Filtered PMTfied file saved to: /lustre/hpc/project/icecube/HE_Nu_Aske_Oct2024/PMTfied_filtered/MuonLike/Snowstorm/22010/1/PMTfied_9.parquet
2025-02-13 17:01:02 - INFO - Filtered PMTfied file saved to: /lustre/hpc/project/icecube/HE_Nu_Aske_Oct2024/PMTfied_filtered/MuonLike/Snowstorm/22010/1/PMTfied_1.parquet
2025-02-13 17:01:13 - INFO - Filtered PMTfied file saved to: /lustre/hpc/project/icecube/HE_Nu_Aske_Oct2024/PMTfied_filtered/MuonLike/Snowstorm/22010/1/PMTfied_5.parquet
2025-02-13 17:01:25 - INFO - Filtered PMTfied file saved to: /lustre/hpc/project/icecube/HE_Nu_Aske_Oct2024/PMTfied_filtered/MuonLike/Snowstorm/22010/1/PMTfied_16.parquet
2025-02-13 17:01:36 - INFO - Filtered PMTfied file saved to: /lustre/hpc/project/icecube/HE_Nu_Aske_Oct2024/PMTfied_filtered/MuonLike/Snowstorm/22010/1/PMTfied_12.parquet
2025-02-13 17:01:47 - INFO - Filtered PMTfied file saved to: /lustre/hpc/project/icecube/HE_Nu_Aske_Oct2024/PMTfied_filtered/MuonLike/Snowstorm/22010/1/PMTfied_17.parquet
2025-02-13 17:01:59 - INFO - Filtered PMTfied file saved to: /lustre/hpc/project/icecube/HE_Nu_Aske_Oct2024/PMTfied_filtered/MuonLike/Snowstorm/22010/1/PMTfied_13.parquet
2025-02-13 17:02:10 - INFO - Filtered PMTfied file saved to: /lustre/hpc/project/icecube/HE_Nu_Aske_Oct2024/PMTfied_filtered/MuonLike/Snowstorm/22010/1/PMTfied_21.parquet
2025-02-13 17:02:21 - INFO - Filtered PMTfied file saved to: /lustre/hpc/project/icecube/HE_Nu_Aske_Oct2024/PMTfied_filtered/MuonLike/Snowstorm/22010/1/PMTfied_4.parquet
2025-02-13 17:02:33 - INFO - Filtered PMTfied file saved to: /lustre/hpc/project/icecube/HE_Nu_Aske_Oct2024/PMTfied_filtered/MuonLike/Snowstorm/22010/1/PMTfied_8.parquet
2025-02-13 17:02:33 - INFO - Filtering process completed.
2025-02-13 17:02:33 - INFO - Filtering process completed for all selected filters.
2025-02-13 17:02:33 - INFO - Execution time: 280.91 seconds
2025-02-13 17:02:33 - INFO - Updated receipt with execution time: /lustre/hpc/project/icecube/HE_Nu_Aske_Oct2024/PMTfied_filtered/MuonLike/Snowstorm/22010/[Receipt]22010_1.json
Job completed at Thu Feb 13 05:02:33 PM CET 2025
