nohup: ignoring input
2025-02-24 12:46:57 - INFO - Event filtering process starts...
2025-02-24 12:46:57 - INFO - Initialized PureNeutrinoEventFilter filter for 22010/1
2025-02-24 12:47:08 - INFO - Loaded 7 event specifier files from /lustre/hpc/project/icecube/HE_Nu_Aske_Oct2024/clean_events_dict/22010/22010/reduced
2025-02-24 12:47:13 - INFO - Selected 2 CSV files covering event range [0, 1700]
2025-02-24 12:48:25 - INFO - Loaded 23926593 valid (RunID, EventID) pairs from CSV files
2025-02-24 12:48:46 - INFO - Extracted 2795391 valid events based on pure neutrino events.
2025-02-24 12:48:58 - INFO - Initialized Muon13Filter filter for 22010/1
2025-02-24 12:49:05 - INFO - Extracted 2494815 valid events where MuonFilter_13==True.
2025-02-24 12:49:05 - INFO - Initialized CCFilter filter for 22010/1
2025-02-24 12:49:12 - INFO - Extracted 3754203 valid events which are CC interactions.
2025-02-24 12:49:13 - INFO - Initialized CompositeEventFilter filter for 22010/1
2025-02-24 12:49:13 - INFO - Initialized (CC_CRclean_MuonLike)
2025-02-24 12:49:13 - INFO - Starting filtering process for 22010/1
2025-02-24 12:49:13 - INFO - Starting filtering process for 22010/1
2025-02-24 12:53:13 - INFO - Recalculated 'offset' column based on 'N_doms' values within each 'shard_no' group.
2025-02-24 12:53:41 - INFO - Filtered truth file saved to: /lustre/hpc/project/icecube/HE_Nu_Aske_Oct2024/PMTfied_filtered/Snowstorm/CC_CRclean_MuonLike/22010/truth_1.parquet
2025-02-24 12:53:55 - INFO - Filtered PMTfied file saved to: /lustre/hpc/project/icecube/HE_Nu_Aske_Oct2024/PMTfied_filtered/Snowstorm/CC_CRclean_MuonLike/22010/1/PMTfied_15.parquet
2025-02-24 12:54:10 - INFO - Filtered PMTfied file saved to: /lustre/hpc/project/icecube/HE_Nu_Aske_Oct2024/PMTfied_filtered/Snowstorm/CC_CRclean_MuonLike/22010/1/PMTfied_11.parquet
2025-02-24 12:54:25 - INFO - Filtered PMTfied file saved to: /lustre/hpc/project/icecube/HE_Nu_Aske_Oct2024/PMTfied_filtered/Snowstorm/CC_CRclean_MuonLike/22010/1/PMTfied_19.parquet
2025-02-24 12:54:39 - INFO - Filtered PMTfied file saved to: /lustre/hpc/project/icecube/HE_Nu_Aske_Oct2024/PMTfied_filtered/Snowstorm/CC_CRclean_MuonLike/22010/1/PMTfied_2.parquet
2025-02-24 12:54:54 - INFO - Filtered PMTfied file saved to: /lustre/hpc/project/icecube/HE_Nu_Aske_Oct2024/PMTfied_filtered/Snowstorm/CC_CRclean_MuonLike/22010/1/PMTfied_6.parquet
2025-02-24 12:55:00 - INFO - Filtered PMTfied file saved to: /lustre/hpc/project/icecube/HE_Nu_Aske_Oct2024/PMTfied_filtered/Snowstorm/CC_CRclean_MuonLike/22010/1/PMTfied_22.parquet
2025-02-24 12:55:14 - INFO - Filtered PMTfied file saved to: /lustre/hpc/project/icecube/HE_Nu_Aske_Oct2024/PMTfied_filtered/Snowstorm/CC_CRclean_MuonLike/22010/1/PMTfied_3.parquet
2025-02-24 12:55:28 - INFO - Filtered PMTfied file saved to: /lustre/hpc/project/icecube/HE_Nu_Aske_Oct2024/PMTfied_filtered/Snowstorm/CC_CRclean_MuonLike/22010/1/PMTfied_7.parquet
2025-02-24 12:55:43 - INFO - Filtered PMTfied file saved to: /lustre/hpc/project/icecube/HE_Nu_Aske_Oct2024/PMTfied_filtered/Snowstorm/CC_CRclean_MuonLike/22010/1/PMTfied_18.parquet
2025-02-24 12:55:57 - INFO - Filtered PMTfied file saved to: /lustre/hpc/project/icecube/HE_Nu_Aske_Oct2024/PMTfied_filtered/Snowstorm/CC_CRclean_MuonLike/22010/1/PMTfied_14.parquet
2025-02-24 12:56:12 - INFO - Filtered PMTfied file saved to: /lustre/hpc/project/icecube/HE_Nu_Aske_Oct2024/PMTfied_filtered/Snowstorm/CC_CRclean_MuonLike/22010/1/PMTfied_10.parquet
2025-02-24 12:56:26 - INFO - Filtered PMTfied file saved to: /lustre/hpc/project/icecube/HE_Nu_Aske_Oct2024/PMTfied_filtered/Snowstorm/CC_CRclean_MuonLike/22010/1/PMTfied_20.parquet
2025-02-24 12:56:41 - INFO - Filtered PMTfied file saved to: /lustre/hpc/project/icecube/HE_Nu_Aske_Oct2024/PMTfied_filtered/Snowstorm/CC_CRclean_MuonLike/22010/1/PMTfied_9.parquet
2025-02-24 12:56:55 - INFO - Filtered PMTfied file saved to: /lustre/hpc/project/icecube/HE_Nu_Aske_Oct2024/PMTfied_filtered/Snowstorm/CC_CRclean_MuonLike/22010/1/PMTfied_1.parquet
2025-02-24 12:57:09 - INFO - Filtered PMTfied file saved to: /lustre/hpc/project/icecube/HE_Nu_Aske_Oct2024/PMTfied_filtered/Snowstorm/CC_CRclean_MuonLike/22010/1/PMTfied_5.parquet
2025-02-24 12:57:24 - INFO - Filtered PMTfied file saved to: /lustre/hpc/project/icecube/HE_Nu_Aske_Oct2024/PMTfied_filtered/Snowstorm/CC_CRclean_MuonLike/22010/1/PMTfied_16.parquet
2025-02-24 12:57:38 - INFO - Filtered PMTfied file saved to: /lustre/hpc/project/icecube/HE_Nu_Aske_Oct2024/PMTfied_filtered/Snowstorm/CC_CRclean_MuonLike/22010/1/PMTfied_12.parquet
2025-02-24 12:57:53 - INFO - Filtered PMTfied file saved to: /lustre/hpc/project/icecube/HE_Nu_Aske_Oct2024/PMTfied_filtered/Snowstorm/CC_CRclean_MuonLike/22010/1/PMTfied_17.parquet
2025-02-24 12:58:07 - INFO - Filtered PMTfied file saved to: /lustre/hpc/project/icecube/HE_Nu_Aske_Oct2024/PMTfied_filtered/Snowstorm/CC_CRclean_MuonLike/22010/1/PMTfied_13.parquet
2025-02-24 12:58:22 - INFO - Filtered PMTfied file saved to: /lustre/hpc/project/icecube/HE_Nu_Aske_Oct2024/PMTfied_filtered/Snowstorm/CC_CRclean_MuonLike/22010/1/PMTfied_21.parquet
2025-02-24 12:58:36 - INFO - Filtered PMTfied file saved to: /lustre/hpc/project/icecube/HE_Nu_Aske_Oct2024/PMTfied_filtered/Snowstorm/CC_CRclean_MuonLike/22010/1/PMTfied_4.parquet
2025-02-24 12:58:51 - INFO - Filtered PMTfied file saved to: /lustre/hpc/project/icecube/HE_Nu_Aske_Oct2024/PMTfied_filtered/Snowstorm/CC_CRclean_MuonLike/22010/1/PMTfied_8.parquet
2025-02-24 12:58:51 - INFO - Filtering process completed.
2025-02-24 12:58:51 - INFO - Filtering process completed.
2025-02-24 12:58:52 - INFO - Unified receipt generated: /lustre/hpc/project/icecube/HE_Nu_Aske_Oct2024/PMTfied_filtered/Snowstorm/CC_CRclean_MuonLike/22010/[Receipt]22010_1.json
2025-02-24 12:58:52 - INFO - Filtering process completed.
