Starting job at Mon Feb 24 01:06:36 PM CET 2025
Running Filter_by_part.py for subdirectory 22010, part 6
2025-02-24 13:06:38 - INFO - Event filtering process starts...
2025-02-24 13:06:38 - INFO - Initialized PureNeutrinoEventFilter filter for 22010/6
2025-02-24 13:06:54 - INFO - Loaded 7 event specifier files from /lustre/hpc/project/icecube/HE_Nu_Aske_Oct2024/clean_events_dict/22010/22010/reduced
2025-02-24 13:06:58 - INFO - Selected 4 CSV files covering event range [1729, 4990]
2025-02-24 13:08:15 - INFO - Loaded 47897990 valid (RunID, EventID) pairs from CSV files
2025-02-24 13:08:25 - INFO - Extracted 2792124 valid events based on pure neutrino events.
2025-02-24 13:08:43 - INFO - Initialized Muon13Filter filter for 22010/6
2025-02-24 13:08:46 - INFO - Extracted 2492631 valid events where MuonFilter_13==True.
2025-02-24 13:08:46 - INFO - Initialized CCFilter filter for 22010/6
2025-02-24 13:08:50 - INFO - Extracted 3750454 valid events which are CC interactions.
2025-02-24 13:08:51 - INFO - Initialized CompositeEventFilter filter for 22010/6
2025-02-24 13:08:51 - INFO - Initialized (CC_CRclean_MuonLike)
2025-02-24 13:08:51 - INFO - Starting filtering process for 22010/6
2025-02-24 13:08:51 - INFO - Starting filtering process for 22010/6
2025-02-24 13:10:55 - INFO - Recalculated 'offset' column based on 'N_doms' values within each 'shard_no' group.
2025-02-24 13:11:13 - INFO - Filtered truth file saved to: /lustre/hpc/project/icecube/HE_Nu_Aske_Oct2024/PMTfied_filtered/Snowstorm/CC_CRclean_MuonLike/22010/truth_6.parquet
2025-02-24 13:11:23 - INFO - Filtered PMTfied file saved to: /lustre/hpc/project/icecube/HE_Nu_Aske_Oct2024/PMTfied_filtered/Snowstorm/CC_CRclean_MuonLike/22010/6/PMTfied_2.parquet
2025-02-24 13:11:33 - INFO - Filtered PMTfied file saved to: /lustre/hpc/project/icecube/HE_Nu_Aske_Oct2024/PMTfied_filtered/Snowstorm/CC_CRclean_MuonLike/22010/6/PMTfied_6.parquet
2025-02-24 13:11:42 - INFO - Filtered PMTfied file saved to: /lustre/hpc/project/icecube/HE_Nu_Aske_Oct2024/PMTfied_filtered/Snowstorm/CC_CRclean_MuonLike/22010/6/PMTfied_20.parquet
2025-02-24 13:11:51 - INFO - Filtered PMTfied file saved to: /lustre/hpc/project/icecube/HE_Nu_Aske_Oct2024/PMTfied_filtered/Snowstorm/CC_CRclean_MuonLike/22010/6/PMTfied_16.parquet
2025-02-24 13:12:01 - INFO - Filtered PMTfied file saved to: /lustre/hpc/project/icecube/HE_Nu_Aske_Oct2024/PMTfied_filtered/Snowstorm/CC_CRclean_MuonLike/22010/6/PMTfied_12.parquet
2025-02-24 13:12:10 - INFO - Filtered PMTfied file saved to: /lustre/hpc/project/icecube/HE_Nu_Aske_Oct2024/PMTfied_filtered/Snowstorm/CC_CRclean_MuonLike/22010/6/PMTfied_17.parquet
2025-02-24 13:12:19 - INFO - Filtered PMTfied file saved to: /lustre/hpc/project/icecube/HE_Nu_Aske_Oct2024/PMTfied_filtered/Snowstorm/CC_CRclean_MuonLike/22010/6/PMTfied_13.parquet
2025-02-24 13:12:29 - INFO - Filtered PMTfied file saved to: /lustre/hpc/project/icecube/HE_Nu_Aske_Oct2024/PMTfied_filtered/Snowstorm/CC_CRclean_MuonLike/22010/6/PMTfied_3.parquet
2025-02-24 13:12:38 - INFO - Filtered PMTfied file saved to: /lustre/hpc/project/icecube/HE_Nu_Aske_Oct2024/PMTfied_filtered/Snowstorm/CC_CRclean_MuonLike/22010/6/PMTfied_7.parquet
2025-02-24 13:12:48 - INFO - Filtered PMTfied file saved to: /lustre/hpc/project/icecube/HE_Nu_Aske_Oct2024/PMTfied_filtered/Snowstorm/CC_CRclean_MuonLike/22010/6/PMTfied_21.parquet
2025-02-24 13:12:57 - INFO - Filtered PMTfied file saved to: /lustre/hpc/project/icecube/HE_Nu_Aske_Oct2024/PMTfied_filtered/Snowstorm/CC_CRclean_MuonLike/22010/6/PMTfied_19.parquet
2025-02-24 13:13:07 - INFO - Filtered PMTfied file saved to: /lustre/hpc/project/icecube/HE_Nu_Aske_Oct2024/PMTfied_filtered/Snowstorm/CC_CRclean_MuonLike/22010/6/PMTfied_15.parquet
2025-02-24 13:13:16 - INFO - Filtered PMTfied file saved to: /lustre/hpc/project/icecube/HE_Nu_Aske_Oct2024/PMTfied_filtered/Snowstorm/CC_CRclean_MuonLike/22010/6/PMTfied_11.parquet
2025-02-24 13:13:25 - INFO - Filtered PMTfied file saved to: /lustre/hpc/project/icecube/HE_Nu_Aske_Oct2024/PMTfied_filtered/Snowstorm/CC_CRclean_MuonLike/22010/6/PMTfied_9.parquet
2025-02-24 13:13:35 - INFO - Filtered PMTfied file saved to: /lustre/hpc/project/icecube/HE_Nu_Aske_Oct2024/PMTfied_filtered/Snowstorm/CC_CRclean_MuonLike/22010/6/PMTfied_1.parquet
2025-02-24 13:13:44 - INFO - Filtered PMTfied file saved to: /lustre/hpc/project/icecube/HE_Nu_Aske_Oct2024/PMTfied_filtered/Snowstorm/CC_CRclean_MuonLike/22010/6/PMTfied_5.parquet
2025-02-24 13:13:46 - INFO - Filtered PMTfied file saved to: /lustre/hpc/project/icecube/HE_Nu_Aske_Oct2024/PMTfied_filtered/Snowstorm/CC_CRclean_MuonLike/22010/6/PMTfied_22.parquet
2025-02-24 13:13:55 - INFO - Filtered PMTfied file saved to: /lustre/hpc/project/icecube/HE_Nu_Aske_Oct2024/PMTfied_filtered/Snowstorm/CC_CRclean_MuonLike/22010/6/PMTfied_4.parquet
2025-02-24 13:14:04 - INFO - Filtered PMTfied file saved to: /lustre/hpc/project/icecube/HE_Nu_Aske_Oct2024/PMTfied_filtered/Snowstorm/CC_CRclean_MuonLike/22010/6/PMTfied_8.parquet
2025-02-24 13:14:14 - INFO - Filtered PMTfied file saved to: /lustre/hpc/project/icecube/HE_Nu_Aske_Oct2024/PMTfied_filtered/Snowstorm/CC_CRclean_MuonLike/22010/6/PMTfied_14.parquet
2025-02-24 13:14:23 - INFO - Filtered PMTfied file saved to: /lustre/hpc/project/icecube/HE_Nu_Aske_Oct2024/PMTfied_filtered/Snowstorm/CC_CRclean_MuonLike/22010/6/PMTfied_10.parquet
2025-02-24 13:14:32 - INFO - Filtered PMTfied file saved to: /lustre/hpc/project/icecube/HE_Nu_Aske_Oct2024/PMTfied_filtered/Snowstorm/CC_CRclean_MuonLike/22010/6/PMTfied_18.parquet
2025-02-24 13:14:32 - INFO - Filtering process completed.
2025-02-24 13:14:32 - INFO - Filtering process completed.
2025-02-24 13:14:33 - INFO - Unified receipt generated: /lustre/hpc/project/icecube/HE_Nu_Aske_Oct2024/PMTfied_filtered/Snowstorm/CC_CRclean_MuonLike/22010/[Receipt]22010_6.json
2025-02-24 13:14:33 - INFO - Filtering process completed.
Job completed at Mon Feb 24 01:14:33 PM CET 2025
