Starting job at Mon Feb 17 03:55:58 PM CET 2025
Running Filter_by_part.py for subdirectory 22010, part 3
2025-02-17 15:56:00 - INFO - Event filtering process starts...
2025-02-17 15:56:00 - INFO - Initialized PureNeutrinoEventFilter filter for 22010/3
2025-02-17 15:56:07 - INFO - Loaded 10 event specifier files from /lustre/hpc/project/icecube/HE_Nu_Aske_Oct2024/clean_events_dict/22010/22010/reduced
2025-02-17 15:56:08 - INFO - Selected 10 CSV files covering event range [28, 3298]
2025-02-17 15:56:17 - INFO - Loaded 11955897 valid (RunID, EventID) pairs from CSV files
2025-02-17 15:56:20 - INFO - Extracted 1166285 valid events based on pure neutrino events.
2025-02-17 15:56:22 - INFO - Initialized CompositeEventFilter filter for 22010/3
2025-02-17 15:56:22 - INFO - Initialized (PureNu)
2025-02-17 15:56:22 - INFO - Starting filtering process for 22010/3
2025-02-17 15:56:22 - INFO - Starting filtering process for 22010/3
2025-02-17 15:56:44 - INFO - Recalculated 'offset' column based on 'N_doms' values within each 'shard_no' group.
2025-02-17 15:56:49 - INFO - Filtered truth file saved to: /lustre/hpc/project/icecube/HE_Nu_Aske_Oct2024/PMTfied_filtered/Snowstorm/PureNu/22010/truth_3.parquet
2025-02-17 15:56:52 - INFO - Filtered PMTfied file saved to: /lustre/hpc/project/icecube/HE_Nu_Aske_Oct2024/PMTfied_filtered/Snowstorm/PureNu/22010/3/PMTfied_12.parquet
2025-02-17 15:56:56 - INFO - Filtered PMTfied file saved to: /lustre/hpc/project/icecube/HE_Nu_Aske_Oct2024/PMTfied_filtered/Snowstorm/PureNu/22010/3/PMTfied_16.parquet
2025-02-17 15:57:00 - INFO - Filtered PMTfied file saved to: /lustre/hpc/project/icecube/HE_Nu_Aske_Oct2024/PMTfied_filtered/Snowstorm/PureNu/22010/3/PMTfied_2.parquet
2025-02-17 15:57:04 - INFO - Filtered PMTfied file saved to: /lustre/hpc/project/icecube/HE_Nu_Aske_Oct2024/PMTfied_filtered/Snowstorm/PureNu/22010/3/PMTfied_6.parquet
2025-02-17 15:57:07 - WARNING - Skipping PMTfied_20.parquet: No valid events found in PMTfied file.
2025-02-17 15:57:11 - INFO - Filtered PMTfied file saved to: /lustre/hpc/project/icecube/HE_Nu_Aske_Oct2024/PMTfied_filtered/Snowstorm/PureNu/22010/3/PMTfied_3.parquet
2025-02-17 15:57:15 - INFO - Filtered PMTfied file saved to: /lustre/hpc/project/icecube/HE_Nu_Aske_Oct2024/PMTfied_filtered/Snowstorm/PureNu/22010/3/PMTfied_7.parquet
2025-02-17 15:57:18 - WARNING - Skipping PMTfied_21.parquet: No valid events found in PMTfied file.
2025-02-17 15:57:21 - INFO - Filtered PMTfied file saved to: /lustre/hpc/project/icecube/HE_Nu_Aske_Oct2024/PMTfied_filtered/Snowstorm/PureNu/22010/3/PMTfied_13.parquet
2025-02-17 15:57:24 - WARNING - Skipping PMTfied_17.parquet: No valid events found in PMTfied file.
2025-02-17 15:57:27 - INFO - Filtered PMTfied file saved to: /lustre/hpc/project/icecube/HE_Nu_Aske_Oct2024/PMTfied_filtered/Snowstorm/PureNu/22010/3/PMTfied_1.parquet
2025-02-17 15:57:31 - INFO - Filtered PMTfied file saved to: /lustre/hpc/project/icecube/HE_Nu_Aske_Oct2024/PMTfied_filtered/Snowstorm/PureNu/22010/3/PMTfied_5.parquet
2025-02-17 15:57:35 - INFO - Filtered PMTfied file saved to: /lustre/hpc/project/icecube/HE_Nu_Aske_Oct2024/PMTfied_filtered/Snowstorm/PureNu/22010/3/PMTfied_9.parquet
2025-02-17 15:57:39 - INFO - Filtered PMTfied file saved to: /lustre/hpc/project/icecube/HE_Nu_Aske_Oct2024/PMTfied_filtered/Snowstorm/PureNu/22010/3/PMTfied_11.parquet
2025-02-17 15:57:43 - INFO - Filtered PMTfied file saved to: /lustre/hpc/project/icecube/HE_Nu_Aske_Oct2024/PMTfied_filtered/Snowstorm/PureNu/22010/3/PMTfied_15.parquet
2025-02-17 15:57:45 - WARNING - Skipping PMTfied_19.parquet: No valid events found in PMTfied file.
2025-02-17 15:57:48 - WARNING - Skipping PMTfied_18.parquet: No valid events found in PMTfied file.
2025-02-17 15:57:52 - INFO - Filtered PMTfied file saved to: /lustre/hpc/project/icecube/HE_Nu_Aske_Oct2024/PMTfied_filtered/Snowstorm/PureNu/22010/3/PMTfied_10.parquet
2025-02-17 15:57:56 - INFO - Filtered PMTfied file saved to: /lustre/hpc/project/icecube/HE_Nu_Aske_Oct2024/PMTfied_filtered/Snowstorm/PureNu/22010/3/PMTfied_14.parquet
2025-02-17 15:58:00 - INFO - Filtered PMTfied file saved to: /lustre/hpc/project/icecube/HE_Nu_Aske_Oct2024/PMTfied_filtered/Snowstorm/PureNu/22010/3/PMTfied_8.parquet
2025-02-17 15:58:03 - INFO - Filtered PMTfied file saved to: /lustre/hpc/project/icecube/HE_Nu_Aske_Oct2024/PMTfied_filtered/Snowstorm/PureNu/22010/3/PMTfied_4.parquet
2025-02-17 15:58:04 - WARNING - Skipping PMTfied_22.parquet: No valid events found in PMTfied file.
2025-02-17 15:58:04 - INFO - Filtering process completed.
2025-02-17 15:58:04 - INFO - Filtering process completed.
2025-02-17 15:58:04 - INFO - Unified receipt generated: /lustre/hpc/project/icecube/HE_Nu_Aske_Oct2024/PMTfied_filtered/Snowstorm/PureNu/22010/[Receipt]22010_3.json
2025-02-17 15:58:04 - INFO - Filtering process completed.
Job completed at Mon Feb 17 03:58:05 PM CET 2025
