Starting job at Mon Feb 17 03:55:58 PM CET 2025
Running Filter_by_part.py for subdirectory 22010, part 2
2025-02-17 15:56:00 - INFO - Event filtering process starts...
2025-02-17 15:56:00 - INFO - Initialized PureNeutrinoEventFilter filter for 22010/2
2025-02-17 15:56:05 - INFO - Loaded 10 event specifier files from /lustre/hpc/project/icecube/HE_Nu_Aske_Oct2024/clean_events_dict/22010/22010/reduced
2025-02-17 15:56:06 - INFO - Selected 10 CSV files covering event range [29, 1680]
2025-02-17 15:56:17 - INFO - Loaded 11955897 valid (RunID, EventID) pairs from CSV files
2025-02-17 15:56:20 - INFO - Extracted 1676382 valid events based on pure neutrino events.
2025-02-17 15:56:22 - INFO - Initialized CompositeEventFilter filter for 22010/2
2025-02-17 15:56:22 - INFO - Initialized (PureNu)
2025-02-17 15:56:22 - INFO - Starting filtering process for 22010/2
2025-02-17 15:56:22 - INFO - Starting filtering process for 22010/2
2025-02-17 15:56:55 - INFO - Recalculated 'offset' column based on 'N_doms' values within each 'shard_no' group.
2025-02-17 15:57:01 - INFO - Filtered truth file saved to: /lustre/hpc/project/icecube/HE_Nu_Aske_Oct2024/PMTfied_filtered/Snowstorm/PureNu/22010/truth_2.parquet
2025-02-17 15:57:06 - INFO - Filtered PMTfied file saved to: /lustre/hpc/project/icecube/HE_Nu_Aske_Oct2024/PMTfied_filtered/Snowstorm/PureNu/22010/2/PMTfied_15.parquet
2025-02-17 15:57:11 - INFO - Filtered PMTfied file saved to: /lustre/hpc/project/icecube/HE_Nu_Aske_Oct2024/PMTfied_filtered/Snowstorm/PureNu/22010/2/PMTfied_11.parquet
2025-02-17 15:57:15 - INFO - Filtered PMTfied file saved to: /lustre/hpc/project/icecube/HE_Nu_Aske_Oct2024/PMTfied_filtered/Snowstorm/PureNu/22010/2/PMTfied_19.parquet
2025-02-17 15:57:20 - INFO - Filtered PMTfied file saved to: /lustre/hpc/project/icecube/HE_Nu_Aske_Oct2024/PMTfied_filtered/Snowstorm/PureNu/22010/2/PMTfied_6.parquet
2025-02-17 15:57:24 - INFO - Filtered PMTfied file saved to: /lustre/hpc/project/icecube/HE_Nu_Aske_Oct2024/PMTfied_filtered/Snowstorm/PureNu/22010/2/PMTfied_2.parquet
2025-02-17 15:57:28 - INFO - Filtered PMTfied file saved to: /lustre/hpc/project/icecube/HE_Nu_Aske_Oct2024/PMTfied_filtered/Snowstorm/PureNu/22010/2/PMTfied_18.parquet
2025-02-17 15:57:32 - INFO - Filtered PMTfied file saved to: /lustre/hpc/project/icecube/HE_Nu_Aske_Oct2024/PMTfied_filtered/Snowstorm/PureNu/22010/2/PMTfied_14.parquet
2025-02-17 15:57:36 - INFO - Filtered PMTfied file saved to: /lustre/hpc/project/icecube/HE_Nu_Aske_Oct2024/PMTfied_filtered/Snowstorm/PureNu/22010/2/PMTfied_10.parquet
2025-02-17 15:57:40 - INFO - Filtered PMTfied file saved to: /lustre/hpc/project/icecube/HE_Nu_Aske_Oct2024/PMTfied_filtered/Snowstorm/PureNu/22010/2/PMTfied_7.parquet
2025-02-17 15:57:43 - INFO - Filtered PMTfied file saved to: /lustre/hpc/project/icecube/HE_Nu_Aske_Oct2024/PMTfied_filtered/Snowstorm/PureNu/22010/2/PMTfied_3.parquet
2025-02-17 15:57:47 - INFO - Filtered PMTfied file saved to: /lustre/hpc/project/icecube/HE_Nu_Aske_Oct2024/PMTfied_filtered/Snowstorm/PureNu/22010/2/PMTfied_22.parquet
2025-02-17 15:57:50 - INFO - Filtered PMTfied file saved to: /lustre/hpc/project/icecube/HE_Nu_Aske_Oct2024/PMTfied_filtered/Snowstorm/PureNu/22010/2/PMTfied_16.parquet
2025-02-17 15:57:54 - INFO - Filtered PMTfied file saved to: /lustre/hpc/project/icecube/HE_Nu_Aske_Oct2024/PMTfied_filtered/Snowstorm/PureNu/22010/2/PMTfied_12.parquet
2025-02-17 15:57:57 - INFO - Filtered PMTfied file saved to: /lustre/hpc/project/icecube/HE_Nu_Aske_Oct2024/PMTfied_filtered/Snowstorm/PureNu/22010/2/PMTfied_5.parquet
2025-02-17 15:58:01 - INFO - Filtered PMTfied file saved to: /lustre/hpc/project/icecube/HE_Nu_Aske_Oct2024/PMTfied_filtered/Snowstorm/PureNu/22010/2/PMTfied_1.parquet
2025-02-17 15:58:05 - INFO - Filtered PMTfied file saved to: /lustre/hpc/project/icecube/HE_Nu_Aske_Oct2024/PMTfied_filtered/Snowstorm/PureNu/22010/2/PMTfied_9.parquet
2025-02-17 15:58:10 - INFO - Filtered PMTfied file saved to: /lustre/hpc/project/icecube/HE_Nu_Aske_Oct2024/PMTfied_filtered/Snowstorm/PureNu/22010/2/PMTfied_20.parquet
2025-02-17 15:58:14 - INFO - Filtered PMTfied file saved to: /lustre/hpc/project/icecube/HE_Nu_Aske_Oct2024/PMTfied_filtered/Snowstorm/PureNu/22010/2/PMTfied_21.parquet
2025-02-17 15:58:19 - INFO - Filtered PMTfied file saved to: /lustre/hpc/project/icecube/HE_Nu_Aske_Oct2024/PMTfied_filtered/Snowstorm/PureNu/22010/2/PMTfied_17.parquet
2025-02-17 15:58:23 - INFO - Filtered PMTfied file saved to: /lustre/hpc/project/icecube/HE_Nu_Aske_Oct2024/PMTfied_filtered/Snowstorm/PureNu/22010/2/PMTfied_13.parquet
2025-02-17 15:58:27 - INFO - Filtered PMTfied file saved to: /lustre/hpc/project/icecube/HE_Nu_Aske_Oct2024/PMTfied_filtered/Snowstorm/PureNu/22010/2/PMTfied_8.parquet
2025-02-17 15:58:31 - INFO - Filtered PMTfied file saved to: /lustre/hpc/project/icecube/HE_Nu_Aske_Oct2024/PMTfied_filtered/Snowstorm/PureNu/22010/2/PMTfied_4.parquet
2025-02-17 15:58:31 - INFO - Filtering process completed.
2025-02-17 15:58:31 - INFO - Filtering process completed.
2025-02-17 15:58:31 - INFO - Unified receipt generated: /lustre/hpc/project/icecube/HE_Nu_Aske_Oct2024/PMTfied_filtered/Snowstorm/PureNu/22010/[Receipt]22010_2.json
2025-02-17 15:58:31 - INFO - Filtering process completed.
Job completed at Mon Feb 17 03:58:31 PM CET 2025
