Starting job at Mon Feb 17 04:03:51 PM CET 2025
Running Filter_by_part.py for subdirectory 22010, part 7
2025-02-17 16:03:51 - INFO - Event filtering process starts...
2025-02-17 16:03:51 - INFO - Initialized Muon13Filter filter for 22010/7
2025-02-17 16:04:01 - INFO - Extracted 2495588 valid events where MuonFilter_13==True.
2025-02-17 16:04:01 - INFO - Initialized CompositeEventFilter filter for 22010/7
2025-02-17 16:04:01 - INFO - Initialized (MuonLike)
2025-02-17 16:04:01 - INFO - Starting filtering process for 22010/7
2025-02-17 16:04:01 - INFO - Starting filtering process for 22010/7
2025-02-17 16:05:43 - INFO - Recalculated 'offset' column based on 'N_doms' values within each 'shard_no' group.
2025-02-17 16:05:59 - INFO - Filtered truth file saved to: /lustre/hpc/project/icecube/HE_Nu_Aske_Oct2024/PMTfied_filtered/Snowstorm/MuonLike/22010/truth_7.parquet
2025-02-17 16:06:10 - INFO - Filtered PMTfied file saved to: /lustre/hpc/project/icecube/HE_Nu_Aske_Oct2024/PMTfied_filtered/Snowstorm/MuonLike/22010/7/PMTfied_20.parquet
2025-02-17 16:06:20 - INFO - Filtered PMTfied file saved to: /lustre/hpc/project/icecube/HE_Nu_Aske_Oct2024/PMTfied_filtered/Snowstorm/MuonLike/22010/7/PMTfied_12.parquet
2025-02-17 16:06:31 - INFO - Filtered PMTfied file saved to: /lustre/hpc/project/icecube/HE_Nu_Aske_Oct2024/PMTfied_filtered/Snowstorm/MuonLike/22010/7/PMTfied_16.parquet
2025-02-17 16:06:41 - INFO - Filtered PMTfied file saved to: /lustre/hpc/project/icecube/HE_Nu_Aske_Oct2024/PMTfied_filtered/Snowstorm/MuonLike/22010/7/PMTfied_6.parquet
2025-02-17 16:06:51 - INFO - Filtered PMTfied file saved to: /lustre/hpc/project/icecube/HE_Nu_Aske_Oct2024/PMTfied_filtered/Snowstorm/MuonLike/22010/7/PMTfied_2.parquet
2025-02-17 16:07:02 - INFO - Filtered PMTfied file saved to: /lustre/hpc/project/icecube/HE_Nu_Aske_Oct2024/PMTfied_filtered/Snowstorm/MuonLike/22010/7/PMTfied_13.parquet
2025-02-17 16:07:12 - INFO - Filtered PMTfied file saved to: /lustre/hpc/project/icecube/HE_Nu_Aske_Oct2024/PMTfied_filtered/Snowstorm/MuonLike/22010/7/PMTfied_17.parquet
2025-02-17 16:07:23 - INFO - Filtered PMTfied file saved to: /lustre/hpc/project/icecube/HE_Nu_Aske_Oct2024/PMTfied_filtered/Snowstorm/MuonLike/22010/7/PMTfied_7.parquet
2025-02-17 16:07:33 - INFO - Filtered PMTfied file saved to: /lustre/hpc/project/icecube/HE_Nu_Aske_Oct2024/PMTfied_filtered/Snowstorm/MuonLike/22010/7/PMTfied_3.parquet
2025-02-17 16:07:43 - INFO - Filtered PMTfied file saved to: /lustre/hpc/project/icecube/HE_Nu_Aske_Oct2024/PMTfied_filtered/Snowstorm/MuonLike/22010/7/PMTfied_21.parquet
2025-02-17 16:07:53 - INFO - Filtered PMTfied file saved to: /lustre/hpc/project/icecube/HE_Nu_Aske_Oct2024/PMTfied_filtered/Snowstorm/MuonLike/22010/7/PMTfied_19.parquet
2025-02-17 16:08:04 - INFO - Filtered PMTfied file saved to: /lustre/hpc/project/icecube/HE_Nu_Aske_Oct2024/PMTfied_filtered/Snowstorm/MuonLike/22010/7/PMTfied_11.parquet
2025-02-17 16:08:14 - INFO - Filtered PMTfied file saved to: /lustre/hpc/project/icecube/HE_Nu_Aske_Oct2024/PMTfied_filtered/Snowstorm/MuonLike/22010/7/PMTfied_15.parquet
2025-02-17 16:08:25 - INFO - Filtered PMTfied file saved to: /lustre/hpc/project/icecube/HE_Nu_Aske_Oct2024/PMTfied_filtered/Snowstorm/MuonLike/22010/7/PMTfied_9.parquet
2025-02-17 16:08:35 - INFO - Filtered PMTfied file saved to: /lustre/hpc/project/icecube/HE_Nu_Aske_Oct2024/PMTfied_filtered/Snowstorm/MuonLike/22010/7/PMTfied_5.parquet
2025-02-17 16:08:45 - INFO - Filtered PMTfied file saved to: /lustre/hpc/project/icecube/HE_Nu_Aske_Oct2024/PMTfied_filtered/Snowstorm/MuonLike/22010/7/PMTfied_1.parquet
2025-02-17 16:08:51 - INFO - Filtered PMTfied file saved to: /lustre/hpc/project/icecube/HE_Nu_Aske_Oct2024/PMTfied_filtered/Snowstorm/MuonLike/22010/7/PMTfied_22.parquet
2025-02-17 16:09:01 - INFO - Filtered PMTfied file saved to: /lustre/hpc/project/icecube/HE_Nu_Aske_Oct2024/PMTfied_filtered/Snowstorm/MuonLike/22010/7/PMTfied_10.parquet
2025-02-17 16:09:11 - INFO - Filtered PMTfied file saved to: /lustre/hpc/project/icecube/HE_Nu_Aske_Oct2024/PMTfied_filtered/Snowstorm/MuonLike/22010/7/PMTfied_14.parquet
2025-02-17 16:09:22 - INFO - Filtered PMTfied file saved to: /lustre/hpc/project/icecube/HE_Nu_Aske_Oct2024/PMTfied_filtered/Snowstorm/MuonLike/22010/7/PMTfied_18.parquet
2025-02-17 16:09:32 - INFO - Filtered PMTfied file saved to: /lustre/hpc/project/icecube/HE_Nu_Aske_Oct2024/PMTfied_filtered/Snowstorm/MuonLike/22010/7/PMTfied_4.parquet
2025-02-17 16:09:42 - INFO - Filtered PMTfied file saved to: /lustre/hpc/project/icecube/HE_Nu_Aske_Oct2024/PMTfied_filtered/Snowstorm/MuonLike/22010/7/PMTfied_8.parquet
2025-02-17 16:09:42 - INFO - Filtering process completed.
2025-02-17 16:09:42 - INFO - Filtering process completed.
2025-02-17 16:09:43 - INFO - Unified receipt generated: /lustre/hpc/project/icecube/HE_Nu_Aske_Oct2024/PMTfied_filtered/Snowstorm/MuonLike/22010/[Receipt]22010_7.json
2025-02-17 16:09:43 - INFO - Filtering process completed.
Job completed at Mon Feb 17 04:09:43 PM CET 2025
