Starting job at Sun Feb 16 05:54:38 PM CET 2025
Running Filter_by_part.py for subdirectory 22010, part 11
2025-02-16 17:54:43 - INFO - Event filtering process starts...
2025-02-16 17:54:43 - INFO - Initialized Muon13Filter filter for 22010/11
2025-02-16 17:55:09 - INFO - Extracted 2493068 valid events where MuonFilter_13==True.
2025-02-16 17:55:09 - INFO - Initialized CompositeEventFilter filter for 22010/11
2025-02-16 17:55:09 - INFO - Initialized (MuonLike)
2025-02-16 17:55:09 - INFO - Starting filtering process for 22010/11
2025-02-16 17:55:09 - INFO - Starting filtering process for 22010/11
2025-02-16 17:57:02 - INFO - Recalculated 'offset' column based on filtered 'N_doms' values.
2025-02-16 17:57:21 - INFO - Filtered truth file saved to: /lustre/hpc/project/icecube/HE_Nu_Aske_Oct2024/PMTfied_filtered/Snowstorm/MuonLike/22010/truth_11.parquet
2025-02-16 17:57:33 - INFO - Filtered PMTfied file saved to: /lustre/hpc/project/icecube/HE_Nu_Aske_Oct2024/PMTfied_filtered/Snowstorm/MuonLike/22010/11/PMTfied_8.parquet
2025-02-16 17:57:45 - INFO - Filtered PMTfied file saved to: /lustre/hpc/project/icecube/HE_Nu_Aske_Oct2024/PMTfied_filtered/Snowstorm/MuonLike/22010/11/PMTfied_19.parquet
2025-02-16 17:57:56 - INFO - Filtered PMTfied file saved to: /lustre/hpc/project/icecube/HE_Nu_Aske_Oct2024/PMTfied_filtered/Snowstorm/MuonLike/22010/11/PMTfied_15.parquet
2025-02-16 17:58:07 - INFO - Filtered PMTfied file saved to: /lustre/hpc/project/icecube/HE_Nu_Aske_Oct2024/PMTfied_filtered/Snowstorm/MuonLike/22010/11/PMTfied_4.parquet
2025-02-16 17:58:19 - INFO - Filtered PMTfied file saved to: /lustre/hpc/project/icecube/HE_Nu_Aske_Oct2024/PMTfied_filtered/Snowstorm/MuonLike/22010/11/PMTfied_11.parquet
2025-02-16 17:58:30 - INFO - Filtered PMTfied file saved to: /lustre/hpc/project/icecube/HE_Nu_Aske_Oct2024/PMTfied_filtered/Snowstorm/MuonLike/22010/11/PMTfied_14.parquet
2025-02-16 17:58:42 - INFO - Filtered PMTfied file saved to: /lustre/hpc/project/icecube/HE_Nu_Aske_Oct2024/PMTfied_filtered/Snowstorm/MuonLike/22010/11/PMTfied_5.parquet
2025-02-16 17:58:53 - INFO - Filtered PMTfied file saved to: /lustre/hpc/project/icecube/HE_Nu_Aske_Oct2024/PMTfied_filtered/Snowstorm/MuonLike/22010/11/PMTfied_1.parquet
2025-02-16 17:59:05 - INFO - Filtered PMTfied file saved to: /lustre/hpc/project/icecube/HE_Nu_Aske_Oct2024/PMTfied_filtered/Snowstorm/MuonLike/22010/11/PMTfied_10.parquet
2025-02-16 17:59:16 - INFO - Filtered PMTfied file saved to: /lustre/hpc/project/icecube/HE_Nu_Aske_Oct2024/PMTfied_filtered/Snowstorm/MuonLike/22010/11/PMTfied_9.parquet
2025-02-16 17:59:27 - INFO - Filtered PMTfied file saved to: /lustre/hpc/project/icecube/HE_Nu_Aske_Oct2024/PMTfied_filtered/Snowstorm/MuonLike/22010/11/PMTfied_18.parquet
2025-02-16 17:59:30 - INFO - Filtered PMTfied file saved to: /lustre/hpc/project/icecube/HE_Nu_Aske_Oct2024/PMTfied_filtered/Snowstorm/MuonLike/22010/11/PMTfied_22.parquet
2025-02-16 17:59:41 - INFO - Filtered PMTfied file saved to: /lustre/hpc/project/icecube/HE_Nu_Aske_Oct2024/PMTfied_filtered/Snowstorm/MuonLike/22010/11/PMTfied_16.parquet
2025-02-16 17:59:52 - INFO - Filtered PMTfied file saved to: /lustre/hpc/project/icecube/HE_Nu_Aske_Oct2024/PMTfied_filtered/Snowstorm/MuonLike/22010/11/PMTfied_7.parquet
2025-02-16 18:00:04 - INFO - Filtered PMTfied file saved to: /lustre/hpc/project/icecube/HE_Nu_Aske_Oct2024/PMTfied_filtered/Snowstorm/MuonLike/22010/11/PMTfied_3.parquet
2025-02-16 18:00:15 - INFO - Filtered PMTfied file saved to: /lustre/hpc/project/icecube/HE_Nu_Aske_Oct2024/PMTfied_filtered/Snowstorm/MuonLike/22010/11/PMTfied_12.parquet
2025-02-16 18:00:26 - INFO - Filtered PMTfied file saved to: /lustre/hpc/project/icecube/HE_Nu_Aske_Oct2024/PMTfied_filtered/Snowstorm/MuonLike/22010/11/PMTfied_20.parquet
2025-02-16 18:00:38 - INFO - Filtered PMTfied file saved to: /lustre/hpc/project/icecube/HE_Nu_Aske_Oct2024/PMTfied_filtered/Snowstorm/MuonLike/22010/11/PMTfied_21.parquet
2025-02-16 18:00:49 - INFO - Filtered PMTfied file saved to: /lustre/hpc/project/icecube/HE_Nu_Aske_Oct2024/PMTfied_filtered/Snowstorm/MuonLike/22010/11/PMTfied_17.parquet
2025-02-16 18:01:00 - INFO - Filtered PMTfied file saved to: /lustre/hpc/project/icecube/HE_Nu_Aske_Oct2024/PMTfied_filtered/Snowstorm/MuonLike/22010/11/PMTfied_6.parquet
2025-02-16 18:01:12 - INFO - Filtered PMTfied file saved to: /lustre/hpc/project/icecube/HE_Nu_Aske_Oct2024/PMTfied_filtered/Snowstorm/MuonLike/22010/11/PMTfied_2.parquet
2025-02-16 18:01:23 - INFO - Filtered PMTfied file saved to: /lustre/hpc/project/icecube/HE_Nu_Aske_Oct2024/PMTfied_filtered/Snowstorm/MuonLike/22010/11/PMTfied_13.parquet
2025-02-16 18:01:23 - INFO - Filtering process completed.
2025-02-16 18:01:23 - INFO - Filtering process completed.
2025-02-16 18:01:24 - INFO - Unified receipt generated: /lustre/hpc/project/icecube/HE_Nu_Aske_Oct2024/PMTfied_filtered/Snowstorm/MuonLike/22010/[Receipt]22010_11.json
2025-02-16 18:01:24 - INFO - Filtering process completed.
Job completed at Sun Feb 16 06:01:24 PM CET 2025
