Starting job at Sun Feb 16 06:13:15 PM CET 2025
Running Filter_by_part.py for subdirectory 22010, part 3
2025-02-16 18:13:15 - INFO - Event filtering process starts...
2025-02-16 18:13:15 - INFO - Initialized PureNeutrinoEventFilter filter for 22010/3
2025-02-16 18:13:16 - INFO - Loaded 10 event specifier files from /lustre/hpc/project/icecube/HE_Nu_Aske_Oct2024/clean_events_dict/22010/22010/reduced
2025-02-16 18:13:17 - INFO - Selected 10 CSV files covering event range [28, 3298]
2025-02-16 18:13:25 - INFO - Loaded 11955897 valid (RunID, EventID) pairs from CSV files
2025-02-16 18:13:29 - INFO - Extracted 1166285 valid events based on pure neutrino events.
2025-02-16 18:13:31 - INFO - Initialized Muon13Filter filter for 22010/3
2025-02-16 18:13:32 - INFO - Extracted 2494750 valid events where MuonFilter_13==True.
2025-02-16 18:13:32 - INFO - Initialized CompositeEventFilter filter for 22010/3
2025-02-16 18:13:32 - INFO - Initialized (MuonLike_PureNu)
2025-02-16 18:13:32 - INFO - Starting filtering process for 22010/3
2025-02-16 18:13:32 - INFO - Starting filtering process for 22010/3
2025-02-16 18:13:48 - INFO - Recalculated 'offset' column based on filtered 'N_doms' values.
2025-02-16 18:13:51 - INFO - Filtered truth file saved to: /lustre/hpc/project/icecube/HE_Nu_Aske_Oct2024/PMTfied_filtered/Snowstorm/MuonLike_PureNu/22010/truth_3.parquet
2025-02-16 18:13:53 - INFO - Filtered PMTfied file saved to: /lustre/hpc/project/icecube/HE_Nu_Aske_Oct2024/PMTfied_filtered/Snowstorm/MuonLike_PureNu/22010/3/PMTfied_12.parquet
2025-02-16 18:13:56 - INFO - Filtered PMTfied file saved to: /lustre/hpc/project/icecube/HE_Nu_Aske_Oct2024/PMTfied_filtered/Snowstorm/MuonLike_PureNu/22010/3/PMTfied_16.parquet
2025-02-16 18:13:58 - INFO - Filtered PMTfied file saved to: /lustre/hpc/project/icecube/HE_Nu_Aske_Oct2024/PMTfied_filtered/Snowstorm/MuonLike_PureNu/22010/3/PMTfied_2.parquet
2025-02-16 18:14:01 - INFO - Filtered PMTfied file saved to: /lustre/hpc/project/icecube/HE_Nu_Aske_Oct2024/PMTfied_filtered/Snowstorm/MuonLike_PureNu/22010/3/PMTfied_6.parquet
2025-02-16 18:14:03 - WARNING - Skipping PMTfied_20.parquet: No valid events found in PMTfied file.
2025-02-16 18:14:06 - INFO - Filtered PMTfied file saved to: /lustre/hpc/project/icecube/HE_Nu_Aske_Oct2024/PMTfied_filtered/Snowstorm/MuonLike_PureNu/22010/3/PMTfied_3.parquet
2025-02-16 18:14:09 - INFO - Filtered PMTfied file saved to: /lustre/hpc/project/icecube/HE_Nu_Aske_Oct2024/PMTfied_filtered/Snowstorm/MuonLike_PureNu/22010/3/PMTfied_7.parquet
2025-02-16 18:14:10 - WARNING - Skipping PMTfied_21.parquet: No valid events found in PMTfied file.
2025-02-16 18:14:13 - INFO - Filtered PMTfied file saved to: /lustre/hpc/project/icecube/HE_Nu_Aske_Oct2024/PMTfied_filtered/Snowstorm/MuonLike_PureNu/22010/3/PMTfied_13.parquet
2025-02-16 18:14:15 - WARNING - Skipping PMTfied_17.parquet: No valid events found in PMTfied file.
2025-02-16 18:14:18 - INFO - Filtered PMTfied file saved to: /lustre/hpc/project/icecube/HE_Nu_Aske_Oct2024/PMTfied_filtered/Snowstorm/MuonLike_PureNu/22010/3/PMTfied_1.parquet
2025-02-16 18:14:21 - INFO - Filtered PMTfied file saved to: /lustre/hpc/project/icecube/HE_Nu_Aske_Oct2024/PMTfied_filtered/Snowstorm/MuonLike_PureNu/22010/3/PMTfied_5.parquet
2025-02-16 18:14:23 - INFO - Filtered PMTfied file saved to: /lustre/hpc/project/icecube/HE_Nu_Aske_Oct2024/PMTfied_filtered/Snowstorm/MuonLike_PureNu/22010/3/PMTfied_9.parquet
2025-02-16 18:14:26 - INFO - Filtered PMTfied file saved to: /lustre/hpc/project/icecube/HE_Nu_Aske_Oct2024/PMTfied_filtered/Snowstorm/MuonLike_PureNu/22010/3/PMTfied_11.parquet
2025-02-16 18:14:29 - INFO - Filtered PMTfied file saved to: /lustre/hpc/project/icecube/HE_Nu_Aske_Oct2024/PMTfied_filtered/Snowstorm/MuonLike_PureNu/22010/3/PMTfied_15.parquet
2025-02-16 18:14:31 - WARNING - Skipping PMTfied_19.parquet: No valid events found in PMTfied file.
2025-02-16 18:14:32 - WARNING - Skipping PMTfied_18.parquet: No valid events found in PMTfied file.
2025-02-16 18:14:35 - INFO - Filtered PMTfied file saved to: /lustre/hpc/project/icecube/HE_Nu_Aske_Oct2024/PMTfied_filtered/Snowstorm/MuonLike_PureNu/22010/3/PMTfied_10.parquet
2025-02-16 18:14:38 - INFO - Filtered PMTfied file saved to: /lustre/hpc/project/icecube/HE_Nu_Aske_Oct2024/PMTfied_filtered/Snowstorm/MuonLike_PureNu/22010/3/PMTfied_14.parquet
2025-02-16 18:14:41 - INFO - Filtered PMTfied file saved to: /lustre/hpc/project/icecube/HE_Nu_Aske_Oct2024/PMTfied_filtered/Snowstorm/MuonLike_PureNu/22010/3/PMTfied_8.parquet
2025-02-16 18:14:44 - INFO - Filtered PMTfied file saved to: /lustre/hpc/project/icecube/HE_Nu_Aske_Oct2024/PMTfied_filtered/Snowstorm/MuonLike_PureNu/22010/3/PMTfied_4.parquet
2025-02-16 18:14:44 - WARNING - Skipping PMTfied_22.parquet: No valid events found in PMTfied file.
2025-02-16 18:14:44 - INFO - Filtering process completed.
2025-02-16 18:14:44 - INFO - Filtering process completed.
2025-02-16 18:14:44 - INFO - Unified receipt generated: /lustre/hpc/project/icecube/HE_Nu_Aske_Oct2024/PMTfied_filtered/Snowstorm/MuonLike_PureNu/22010/[Receipt]22010_3.json
2025-02-16 18:14:44 - INFO - Filtering process completed.
Job completed at Sun Feb 16 06:14:44 PM CET 2025
