Starting job at Sun Feb 16 06:19:34 PM CET 2025
Running Filter_by_part.py for subdirectory 22010, part 12
2025-02-16 18:19:36 - INFO - Event filtering process starts...
2025-02-16 18:19:36 - INFO - Initialized PureNeutrinoEventFilter filter for 22010/12
2025-02-16 18:19:44 - INFO - Loaded 10 event specifier files from /lustre/hpc/project/icecube/HE_Nu_Aske_Oct2024/clean_events_dict/22010/22010/reduced
2025-02-16 18:19:44 - INFO - Selected 10 CSV files covering event range [58, 6650]
2025-02-16 18:20:03 - INFO - Loaded 11955897 valid (RunID, EventID) pairs from CSV files
2025-02-16 18:20:04 - INFO - Extracted 135146 valid events based on pure neutrino events.
2025-02-16 18:20:08 - INFO - Initialized CompositeEventFilter filter for 22010/12
2025-02-16 18:20:08 - INFO - Initialized (PureNu)
2025-02-16 18:20:08 - INFO - Starting filtering process for 22010/12
2025-02-16 18:20:08 - INFO - Starting filtering process for 22010/12
2025-02-16 18:20:14 - INFO - Recalculated 'offset' column based on filtered 'N_doms' values.
2025-02-16 18:20:15 - INFO - Filtered truth file saved to: /lustre/hpc/project/icecube/HE_Nu_Aske_Oct2024/PMTfied_filtered/Snowstorm/PureNu/22010/truth_12.parquet
2025-02-16 18:20:21 - WARNING - Skipping PMTfied_4.parquet: No valid events found in PMTfied file.
2025-02-16 18:20:28 - INFO - Filtered PMTfied file saved to: /lustre/hpc/project/icecube/HE_Nu_Aske_Oct2024/PMTfied_filtered/Snowstorm/PureNu/22010/12/PMTfied_5.parquet
2025-02-16 18:20:34 - WARNING - Skipping PMTfied_1.parquet: No valid events found in PMTfied file.
2025-02-16 18:20:35 - INFO - Filtered PMTfied file saved to: /lustre/hpc/project/icecube/HE_Nu_Aske_Oct2024/PMTfied_filtered/Snowstorm/PureNu/22010/12/PMTfied_7.parquet
2025-02-16 18:20:41 - WARNING - Skipping PMTfied_3.parquet: No valid events found in PMTfied file.
2025-02-16 18:20:49 - INFO - Filtered PMTfied file saved to: /lustre/hpc/project/icecube/HE_Nu_Aske_Oct2024/PMTfied_filtered/Snowstorm/PureNu/22010/12/PMTfied_6.parquet
2025-02-16 18:20:54 - WARNING - Skipping PMTfied_2.parquet: No valid events found in PMTfied file.
2025-02-16 18:20:55 - INFO - Filtering process completed.
2025-02-16 18:20:55 - INFO - Filtering process completed.
2025-02-16 18:20:55 - INFO - Unified receipt generated: /lustre/hpc/project/icecube/HE_Nu_Aske_Oct2024/PMTfied_filtered/Snowstorm/PureNu/22010/[Receipt]22010_12.json
2025-02-16 18:20:55 - INFO - Filtering process completed.
Job completed at Sun Feb 16 06:20:55 PM CET 2025
