Starting job at Sun Feb 16 06:13:15 PM CET 2025
Running Filter_by_part.py for subdirectory 22010, part 2
2025-02-16 18:13:15 - INFO - Event filtering process starts...
2025-02-16 18:13:15 - INFO - Initialized PureNeutrinoEventFilter filter for 22010/2
2025-02-16 18:13:16 - INFO - Loaded 10 event specifier files from /lustre/hpc/project/icecube/HE_Nu_Aske_Oct2024/clean_events_dict/22010/22010/reduced
2025-02-16 18:13:17 - INFO - Selected 10 CSV files covering event range [29, 1680]
2025-02-16 18:13:26 - INFO - Loaded 11955897 valid (RunID, EventID) pairs from CSV files
2025-02-16 18:13:29 - INFO - Extracted 1676382 valid events based on pure neutrino events.
2025-02-16 18:13:31 - INFO - Initialized Muon13Filter filter for 22010/2
2025-02-16 18:13:32 - INFO - Extracted 2492342 valid events where MuonFilter_13==True.
2025-02-16 18:13:33 - INFO - Initialized CompositeEventFilter filter for 22010/2
2025-02-16 18:13:33 - INFO - Initialized (MuonLike_PureNu)
2025-02-16 18:13:33 - INFO - Starting filtering process for 22010/2
2025-02-16 18:13:33 - INFO - Starting filtering process for 22010/2
2025-02-16 18:13:56 - INFO - Recalculated 'offset' column based on filtered 'N_doms' values.
2025-02-16 18:14:01 - INFO - Filtered truth file saved to: /lustre/hpc/project/icecube/HE_Nu_Aske_Oct2024/PMTfied_filtered/Snowstorm/MuonLike_PureNu/22010/truth_2.parquet
2025-02-16 18:14:04 - INFO - Filtered PMTfied file saved to: /lustre/hpc/project/icecube/HE_Nu_Aske_Oct2024/PMTfied_filtered/Snowstorm/MuonLike_PureNu/22010/2/PMTfied_15.parquet
2025-02-16 18:14:07 - INFO - Filtered PMTfied file saved to: /lustre/hpc/project/icecube/HE_Nu_Aske_Oct2024/PMTfied_filtered/Snowstorm/MuonLike_PureNu/22010/2/PMTfied_11.parquet
2025-02-16 18:14:10 - INFO - Filtered PMTfied file saved to: /lustre/hpc/project/icecube/HE_Nu_Aske_Oct2024/PMTfied_filtered/Snowstorm/MuonLike_PureNu/22010/2/PMTfied_19.parquet
2025-02-16 18:14:13 - INFO - Filtered PMTfied file saved to: /lustre/hpc/project/icecube/HE_Nu_Aske_Oct2024/PMTfied_filtered/Snowstorm/MuonLike_PureNu/22010/2/PMTfied_6.parquet
2025-02-16 18:14:16 - INFO - Filtered PMTfied file saved to: /lustre/hpc/project/icecube/HE_Nu_Aske_Oct2024/PMTfied_filtered/Snowstorm/MuonLike_PureNu/22010/2/PMTfied_2.parquet
2025-02-16 18:14:19 - INFO - Filtered PMTfied file saved to: /lustre/hpc/project/icecube/HE_Nu_Aske_Oct2024/PMTfied_filtered/Snowstorm/MuonLike_PureNu/22010/2/PMTfied_18.parquet
2025-02-16 18:14:22 - INFO - Filtered PMTfied file saved to: /lustre/hpc/project/icecube/HE_Nu_Aske_Oct2024/PMTfied_filtered/Snowstorm/MuonLike_PureNu/22010/2/PMTfied_14.parquet
2025-02-16 18:14:25 - INFO - Filtered PMTfied file saved to: /lustre/hpc/project/icecube/HE_Nu_Aske_Oct2024/PMTfied_filtered/Snowstorm/MuonLike_PureNu/22010/2/PMTfied_10.parquet
2025-02-16 18:14:28 - INFO - Filtered PMTfied file saved to: /lustre/hpc/project/icecube/HE_Nu_Aske_Oct2024/PMTfied_filtered/Snowstorm/MuonLike_PureNu/22010/2/PMTfied_7.parquet
2025-02-16 18:14:31 - INFO - Filtered PMTfied file saved to: /lustre/hpc/project/icecube/HE_Nu_Aske_Oct2024/PMTfied_filtered/Snowstorm/MuonLike_PureNu/22010/2/PMTfied_3.parquet
2025-02-16 18:14:32 - INFO - Filtered PMTfied file saved to: /lustre/hpc/project/icecube/HE_Nu_Aske_Oct2024/PMTfied_filtered/Snowstorm/MuonLike_PureNu/22010/2/PMTfied_22.parquet
2025-02-16 18:14:34 - INFO - Filtered PMTfied file saved to: /lustre/hpc/project/icecube/HE_Nu_Aske_Oct2024/PMTfied_filtered/Snowstorm/MuonLike_PureNu/22010/2/PMTfied_16.parquet
2025-02-16 18:14:37 - INFO - Filtered PMTfied file saved to: /lustre/hpc/project/icecube/HE_Nu_Aske_Oct2024/PMTfied_filtered/Snowstorm/MuonLike_PureNu/22010/2/PMTfied_12.parquet
2025-02-16 18:14:40 - INFO - Filtered PMTfied file saved to: /lustre/hpc/project/icecube/HE_Nu_Aske_Oct2024/PMTfied_filtered/Snowstorm/MuonLike_PureNu/22010/2/PMTfied_5.parquet
2025-02-16 18:14:43 - INFO - Filtered PMTfied file saved to: /lustre/hpc/project/icecube/HE_Nu_Aske_Oct2024/PMTfied_filtered/Snowstorm/MuonLike_PureNu/22010/2/PMTfied_1.parquet
2025-02-16 18:14:46 - INFO - Filtered PMTfied file saved to: /lustre/hpc/project/icecube/HE_Nu_Aske_Oct2024/PMTfied_filtered/Snowstorm/MuonLike_PureNu/22010/2/PMTfied_9.parquet
2025-02-16 18:14:49 - INFO - Filtered PMTfied file saved to: /lustre/hpc/project/icecube/HE_Nu_Aske_Oct2024/PMTfied_filtered/Snowstorm/MuonLike_PureNu/22010/2/PMTfied_20.parquet
2025-02-16 18:14:52 - INFO - Filtered PMTfied file saved to: /lustre/hpc/project/icecube/HE_Nu_Aske_Oct2024/PMTfied_filtered/Snowstorm/MuonLike_PureNu/22010/2/PMTfied_21.parquet
2025-02-16 18:14:55 - INFO - Filtered PMTfied file saved to: /lustre/hpc/project/icecube/HE_Nu_Aske_Oct2024/PMTfied_filtered/Snowstorm/MuonLike_PureNu/22010/2/PMTfied_17.parquet
2025-02-16 18:14:58 - INFO - Filtered PMTfied file saved to: /lustre/hpc/project/icecube/HE_Nu_Aske_Oct2024/PMTfied_filtered/Snowstorm/MuonLike_PureNu/22010/2/PMTfied_13.parquet
2025-02-16 18:15:01 - INFO - Filtered PMTfied file saved to: /lustre/hpc/project/icecube/HE_Nu_Aske_Oct2024/PMTfied_filtered/Snowstorm/MuonLike_PureNu/22010/2/PMTfied_8.parquet
2025-02-16 18:15:05 - INFO - Filtered PMTfied file saved to: /lustre/hpc/project/icecube/HE_Nu_Aske_Oct2024/PMTfied_filtered/Snowstorm/MuonLike_PureNu/22010/2/PMTfied_4.parquet
2025-02-16 18:15:05 - INFO - Filtering process completed.
2025-02-16 18:15:05 - INFO - Filtering process completed.
2025-02-16 18:15:05 - INFO - Unified receipt generated: /lustre/hpc/project/icecube/HE_Nu_Aske_Oct2024/PMTfied_filtered/Snowstorm/MuonLike_PureNu/22010/[Receipt]22010_2.json
2025-02-16 18:15:05 - INFO - Filtering process completed.
Job completed at Sun Feb 16 06:15:05 PM CET 2025
