Starting job at Sun Feb 16 05:54:36 PM CET 2025
Running Filter_by_part.py for subdirectory 22010, part 2
2025-02-16 17:54:43 - INFO - Event filtering process starts...
2025-02-16 17:54:43 - INFO - Initialized Muon13Filter filter for 22010/2
2025-02-16 17:54:55 - INFO - Extracted 2492342 valid events where MuonFilter_13==True.
2025-02-16 17:54:55 - INFO - Initialized CompositeEventFilter filter for 22010/2
2025-02-16 17:54:55 - INFO - Initialized (MuonLike)
2025-02-16 17:54:55 - INFO - Starting filtering process for 22010/2
2025-02-16 17:54:55 - INFO - Starting filtering process for 22010/2
2025-02-16 17:55:44 - INFO - Recalculated 'offset' column based on filtered 'N_doms' values.
2025-02-16 17:55:53 - INFO - Filtered truth file saved to: /lustre/hpc/project/icecube/HE_Nu_Aske_Oct2024/PMTfied_filtered/Snowstorm/MuonLike/22010/truth_2.parquet
2025-02-16 17:56:00 - INFO - Filtered PMTfied file saved to: /lustre/hpc/project/icecube/HE_Nu_Aske_Oct2024/PMTfied_filtered/Snowstorm/MuonLike/22010/2/PMTfied_15.parquet
2025-02-16 17:56:06 - INFO - Filtered PMTfied file saved to: /lustre/hpc/project/icecube/HE_Nu_Aske_Oct2024/PMTfied_filtered/Snowstorm/MuonLike/22010/2/PMTfied_11.parquet
2025-02-16 17:56:12 - INFO - Filtered PMTfied file saved to: /lustre/hpc/project/icecube/HE_Nu_Aske_Oct2024/PMTfied_filtered/Snowstorm/MuonLike/22010/2/PMTfied_19.parquet
2025-02-16 17:56:18 - INFO - Filtered PMTfied file saved to: /lustre/hpc/project/icecube/HE_Nu_Aske_Oct2024/PMTfied_filtered/Snowstorm/MuonLike/22010/2/PMTfied_6.parquet
2025-02-16 17:56:23 - INFO - Filtered PMTfied file saved to: /lustre/hpc/project/icecube/HE_Nu_Aske_Oct2024/PMTfied_filtered/Snowstorm/MuonLike/22010/2/PMTfied_2.parquet
2025-02-16 17:56:28 - INFO - Filtered PMTfied file saved to: /lustre/hpc/project/icecube/HE_Nu_Aske_Oct2024/PMTfied_filtered/Snowstorm/MuonLike/22010/2/PMTfied_18.parquet
2025-02-16 17:56:33 - INFO - Filtered PMTfied file saved to: /lustre/hpc/project/icecube/HE_Nu_Aske_Oct2024/PMTfied_filtered/Snowstorm/MuonLike/22010/2/PMTfied_14.parquet
2025-02-16 17:56:37 - INFO - Filtered PMTfied file saved to: /lustre/hpc/project/icecube/HE_Nu_Aske_Oct2024/PMTfied_filtered/Snowstorm/MuonLike/22010/2/PMTfied_10.parquet
2025-02-16 17:56:42 - INFO - Filtered PMTfied file saved to: /lustre/hpc/project/icecube/HE_Nu_Aske_Oct2024/PMTfied_filtered/Snowstorm/MuonLike/22010/2/PMTfied_7.parquet
2025-02-16 17:56:47 - INFO - Filtered PMTfied file saved to: /lustre/hpc/project/icecube/HE_Nu_Aske_Oct2024/PMTfied_filtered/Snowstorm/MuonLike/22010/2/PMTfied_3.parquet
2025-02-16 17:56:48 - INFO - Filtered PMTfied file saved to: /lustre/hpc/project/icecube/HE_Nu_Aske_Oct2024/PMTfied_filtered/Snowstorm/MuonLike/22010/2/PMTfied_22.parquet
2025-02-16 17:56:54 - INFO - Filtered PMTfied file saved to: /lustre/hpc/project/icecube/HE_Nu_Aske_Oct2024/PMTfied_filtered/Snowstorm/MuonLike/22010/2/PMTfied_16.parquet
2025-02-16 17:56:59 - INFO - Filtered PMTfied file saved to: /lustre/hpc/project/icecube/HE_Nu_Aske_Oct2024/PMTfied_filtered/Snowstorm/MuonLike/22010/2/PMTfied_12.parquet
2025-02-16 17:57:04 - INFO - Filtered PMTfied file saved to: /lustre/hpc/project/icecube/HE_Nu_Aske_Oct2024/PMTfied_filtered/Snowstorm/MuonLike/22010/2/PMTfied_5.parquet
2025-02-16 17:57:09 - INFO - Filtered PMTfied file saved to: /lustre/hpc/project/icecube/HE_Nu_Aske_Oct2024/PMTfied_filtered/Snowstorm/MuonLike/22010/2/PMTfied_1.parquet
2025-02-16 17:57:14 - INFO - Filtered PMTfied file saved to: /lustre/hpc/project/icecube/HE_Nu_Aske_Oct2024/PMTfied_filtered/Snowstorm/MuonLike/22010/2/PMTfied_9.parquet
2025-02-16 17:57:20 - INFO - Filtered PMTfied file saved to: /lustre/hpc/project/icecube/HE_Nu_Aske_Oct2024/PMTfied_filtered/Snowstorm/MuonLike/22010/2/PMTfied_20.parquet
2025-02-16 17:57:26 - INFO - Filtered PMTfied file saved to: /lustre/hpc/project/icecube/HE_Nu_Aske_Oct2024/PMTfied_filtered/Snowstorm/MuonLike/22010/2/PMTfied_21.parquet
2025-02-16 17:57:31 - INFO - Filtered PMTfied file saved to: /lustre/hpc/project/icecube/HE_Nu_Aske_Oct2024/PMTfied_filtered/Snowstorm/MuonLike/22010/2/PMTfied_17.parquet
2025-02-16 17:57:37 - INFO - Filtered PMTfied file saved to: /lustre/hpc/project/icecube/HE_Nu_Aske_Oct2024/PMTfied_filtered/Snowstorm/MuonLike/22010/2/PMTfied_13.parquet
2025-02-16 17:57:42 - INFO - Filtered PMTfied file saved to: /lustre/hpc/project/icecube/HE_Nu_Aske_Oct2024/PMTfied_filtered/Snowstorm/MuonLike/22010/2/PMTfied_8.parquet
2025-02-16 17:57:47 - INFO - Filtered PMTfied file saved to: /lustre/hpc/project/icecube/HE_Nu_Aske_Oct2024/PMTfied_filtered/Snowstorm/MuonLike/22010/2/PMTfied_4.parquet
2025-02-16 17:57:47 - INFO - Filtering process completed.
2025-02-16 17:57:47 - INFO - Filtering process completed.
2025-02-16 17:57:48 - INFO - Unified receipt generated: /lustre/hpc/project/icecube/HE_Nu_Aske_Oct2024/PMTfied_filtered/Snowstorm/MuonLike/22010/[Receipt]22010_2.json
2025-02-16 17:57:48 - INFO - Filtering process completed.
Job completed at Sun Feb 16 05:57:48 PM CET 2025
