Starting job at Thu Feb 13 05:02:22 PM CET 2025
Running Filter_by_part.py for subdirectory 22010, part 11
2025-02-13 17:02:22 - INFO - Event filtering process starts...
2025-02-13 17:02:22 - INFO - Initialized Muon13Filter
2025-02-13 17:02:22 - INFO - Starting filtering process for 22010/11
2025-02-13 17:02:52 - INFO - Recalculated 'offset' column based on filtered 'N_doms' values.
2025-02-13 17:02:56 - INFO - Filtered truth file saved to: /lustre/hpc/project/icecube/HE_Nu_Aske_Oct2024/PMTfied_filtered/MuonLike/Snowstorm/22010/truth_11.parquet
2025-02-13 17:02:56 - INFO - Receipt file saved to: /lustre/hpc/project/icecube/HE_Nu_Aske_Oct2024/PMTfied_filtered/MuonLike/Snowstorm/22010/[Receipt]22010_11.json
2025-02-13 17:03:06 - INFO - Filtered PMTfied file saved to: /lustre/hpc/project/icecube/HE_Nu_Aske_Oct2024/PMTfied_filtered/MuonLike/Snowstorm/22010/11/PMTfied_8.parquet
2025-02-13 17:03:22 - INFO - Filtered PMTfied file saved to: /lustre/hpc/project/icecube/HE_Nu_Aske_Oct2024/PMTfied_filtered/MuonLike/Snowstorm/22010/11/PMTfied_19.parquet
2025-02-13 17:03:32 - INFO - Filtered PMTfied file saved to: /lustre/hpc/project/icecube/HE_Nu_Aske_Oct2024/PMTfied_filtered/MuonLike/Snowstorm/22010/11/PMTfied_15.parquet
2025-02-13 17:03:42 - INFO - Filtered PMTfied file saved to: /lustre/hpc/project/icecube/HE_Nu_Aske_Oct2024/PMTfied_filtered/MuonLike/Snowstorm/22010/11/PMTfied_4.parquet
2025-02-13 17:03:52 - INFO - Filtered PMTfied file saved to: /lustre/hpc/project/icecube/HE_Nu_Aske_Oct2024/PMTfied_filtered/MuonLike/Snowstorm/22010/11/PMTfied_11.parquet
2025-02-13 17:04:07 - INFO - Filtered PMTfied file saved to: /lustre/hpc/project/icecube/HE_Nu_Aske_Oct2024/PMTfied_filtered/MuonLike/Snowstorm/22010/11/PMTfied_14.parquet
2025-02-13 17:04:17 - INFO - Filtered PMTfied file saved to: /lustre/hpc/project/icecube/HE_Nu_Aske_Oct2024/PMTfied_filtered/MuonLike/Snowstorm/22010/11/PMTfied_5.parquet
2025-02-13 17:04:31 - INFO - Filtered PMTfied file saved to: /lustre/hpc/project/icecube/HE_Nu_Aske_Oct2024/PMTfied_filtered/MuonLike/Snowstorm/22010/11/PMTfied_1.parquet
2025-02-13 17:04:42 - INFO - Filtered PMTfied file saved to: /lustre/hpc/project/icecube/HE_Nu_Aske_Oct2024/PMTfied_filtered/MuonLike/Snowstorm/22010/11/PMTfied_10.parquet
2025-02-13 17:04:52 - INFO - Filtered PMTfied file saved to: /lustre/hpc/project/icecube/HE_Nu_Aske_Oct2024/PMTfied_filtered/MuonLike/Snowstorm/22010/11/PMTfied_9.parquet
2025-02-13 17:05:06 - INFO - Filtered PMTfied file saved to: /lustre/hpc/project/icecube/HE_Nu_Aske_Oct2024/PMTfied_filtered/MuonLike/Snowstorm/22010/11/PMTfied_18.parquet
2025-02-13 17:05:08 - INFO - Filtered PMTfied file saved to: /lustre/hpc/project/icecube/HE_Nu_Aske_Oct2024/PMTfied_filtered/MuonLike/Snowstorm/22010/11/PMTfied_22.parquet
2025-02-13 17:05:18 - INFO - Filtered PMTfied file saved to: /lustre/hpc/project/icecube/HE_Nu_Aske_Oct2024/PMTfied_filtered/MuonLike/Snowstorm/22010/11/PMTfied_16.parquet
2025-02-13 17:05:28 - INFO - Filtered PMTfied file saved to: /lustre/hpc/project/icecube/HE_Nu_Aske_Oct2024/PMTfied_filtered/MuonLike/Snowstorm/22010/11/PMTfied_7.parquet
2025-02-13 17:05:39 - INFO - Filtered PMTfied file saved to: /lustre/hpc/project/icecube/HE_Nu_Aske_Oct2024/PMTfied_filtered/MuonLike/Snowstorm/22010/11/PMTfied_3.parquet
2025-02-13 17:05:49 - INFO - Filtered PMTfied file saved to: /lustre/hpc/project/icecube/HE_Nu_Aske_Oct2024/PMTfied_filtered/MuonLike/Snowstorm/22010/11/PMTfied_12.parquet
2025-02-13 17:05:59 - INFO - Filtered PMTfied file saved to: /lustre/hpc/project/icecube/HE_Nu_Aske_Oct2024/PMTfied_filtered/MuonLike/Snowstorm/22010/11/PMTfied_20.parquet
2025-02-13 17:06:09 - INFO - Filtered PMTfied file saved to: /lustre/hpc/project/icecube/HE_Nu_Aske_Oct2024/PMTfied_filtered/MuonLike/Snowstorm/22010/11/PMTfied_21.parquet
2025-02-13 17:06:19 - INFO - Filtered PMTfied file saved to: /lustre/hpc/project/icecube/HE_Nu_Aske_Oct2024/PMTfied_filtered/MuonLike/Snowstorm/22010/11/PMTfied_17.parquet
2025-02-13 17:06:34 - INFO - Filtered PMTfied file saved to: /lustre/hpc/project/icecube/HE_Nu_Aske_Oct2024/PMTfied_filtered/MuonLike/Snowstorm/22010/11/PMTfied_6.parquet
2025-02-13 17:06:44 - INFO - Filtered PMTfied file saved to: /lustre/hpc/project/icecube/HE_Nu_Aske_Oct2024/PMTfied_filtered/MuonLike/Snowstorm/22010/11/PMTfied_2.parquet
2025-02-13 17:06:54 - INFO - Filtered PMTfied file saved to: /lustre/hpc/project/icecube/HE_Nu_Aske_Oct2024/PMTfied_filtered/MuonLike/Snowstorm/22010/11/PMTfied_13.parquet
2025-02-13 17:06:54 - INFO - Filtering process completed.
2025-02-13 17:06:54 - INFO - Filtering process completed for all selected filters.
2025-02-13 17:06:54 - INFO - Execution time: 272.05 seconds
2025-02-13 17:06:54 - INFO - Updated receipt with execution time: /lustre/hpc/project/icecube/HE_Nu_Aske_Oct2024/PMTfied_filtered/MuonLike/Snowstorm/22010/[Receipt]22010_11.json
Job completed at Thu Feb 13 05:06:55 PM CET 2025
