Starting job at Tue Feb 18 03:07:01 PM CET 2025
Running Filter_by_part.py for subdirectory 22010, part 8
2025-02-18 15:07:01 - INFO - Event filtering process starts...
2025-02-18 15:07:01 - INFO - Initialized PureNeutrinoEventFilter filter for 22010/8
2025-02-18 15:07:02 - INFO - Loaded 7 event specifier files from /lustre/hpc/project/icecube/HE_Nu_Aske_Oct2024/clean_events_dict/22010/22010/reduced
2025-02-18 15:07:05 - INFO - Selected 3 CSV files covering event range [3424, 5079]
2025-02-18 15:07:53 - INFO - Loaded 35903402 valid (RunID, EventID) pairs from CSV files
2025-02-18 15:08:03 - INFO - Extracted 2791312 valid events based on pure neutrino events.
2025-02-18 15:08:14 - INFO - Initialized Muon13Filter filter for 22010/8
2025-02-18 15:08:17 - INFO - Extracted 2491720 valid events where MuonFilter_13==True.
2025-02-18 15:08:17 - INFO - Initialized CompositeEventFilter filter for 22010/8
2025-02-18 15:08:17 - INFO - Initialized (MuonLike_PureNu)
2025-02-18 15:08:17 - INFO - Starting filtering process for 22010/8
2025-02-18 15:08:17 - INFO - Starting filtering process for 22010/8
2025-02-18 15:09:41 - INFO - Recalculated 'offset' column based on 'N_doms' values within each 'shard_no' group.
2025-02-18 15:09:54 - INFO - Filtered truth file saved to: /lustre/hpc/project/icecube/HE_Nu_Aske_Oct2024/PMTfied_filtered/Snowstorm/MuonLike_PureNu/22010/truth_8.parquet
2025-02-18 15:10:01 - INFO - Filtered PMTfied file saved to: /lustre/hpc/project/icecube/HE_Nu_Aske_Oct2024/PMTfied_filtered/Snowstorm/MuonLike_PureNu/22010/8/PMTfied_21.parquet
2025-02-18 15:10:09 - INFO - Filtered PMTfied file saved to: /lustre/hpc/project/icecube/HE_Nu_Aske_Oct2024/PMTfied_filtered/Snowstorm/MuonLike_PureNu/22010/8/PMTfied_2.parquet
2025-02-18 15:10:16 - INFO - Filtered PMTfied file saved to: /lustre/hpc/project/icecube/HE_Nu_Aske_Oct2024/PMTfied_filtered/Snowstorm/MuonLike_PureNu/22010/8/PMTfied_6.parquet
2025-02-18 15:10:23 - INFO - Filtered PMTfied file saved to: /lustre/hpc/project/icecube/HE_Nu_Aske_Oct2024/PMTfied_filtered/Snowstorm/MuonLike_PureNu/22010/8/PMTfied_17.parquet
2025-02-18 15:10:31 - INFO - Filtered PMTfied file saved to: /lustre/hpc/project/icecube/HE_Nu_Aske_Oct2024/PMTfied_filtered/Snowstorm/MuonLike_PureNu/22010/8/PMTfied_13.parquet
2025-02-18 15:10:38 - INFO - Filtered PMTfied file saved to: /lustre/hpc/project/icecube/HE_Nu_Aske_Oct2024/PMTfied_filtered/Snowstorm/MuonLike_PureNu/22010/8/PMTfied_3.parquet
2025-02-18 15:10:46 - INFO - Filtered PMTfied file saved to: /lustre/hpc/project/icecube/HE_Nu_Aske_Oct2024/PMTfied_filtered/Snowstorm/MuonLike_PureNu/22010/8/PMTfied_7.parquet
2025-02-18 15:10:53 - INFO - Filtered PMTfied file saved to: /lustre/hpc/project/icecube/HE_Nu_Aske_Oct2024/PMTfied_filtered/Snowstorm/MuonLike_PureNu/22010/8/PMTfied_16.parquet
2025-02-18 15:11:00 - INFO - Filtered PMTfied file saved to: /lustre/hpc/project/icecube/HE_Nu_Aske_Oct2024/PMTfied_filtered/Snowstorm/MuonLike_PureNu/22010/8/PMTfied_12.parquet
2025-02-18 15:11:08 - INFO - Filtered PMTfied file saved to: /lustre/hpc/project/icecube/HE_Nu_Aske_Oct2024/PMTfied_filtered/Snowstorm/MuonLike_PureNu/22010/8/PMTfied_20.parquet
2025-02-18 15:11:15 - INFO - Filtered PMTfied file saved to: /lustre/hpc/project/icecube/HE_Nu_Aske_Oct2024/PMTfied_filtered/Snowstorm/MuonLike_PureNu/22010/8/PMTfied_1.parquet
2025-02-18 15:11:23 - INFO - Filtered PMTfied file saved to: /lustre/hpc/project/icecube/HE_Nu_Aske_Oct2024/PMTfied_filtered/Snowstorm/MuonLike_PureNu/22010/8/PMTfied_5.parquet
2025-02-18 15:11:30 - INFO - Filtered PMTfied file saved to: /lustre/hpc/project/icecube/HE_Nu_Aske_Oct2024/PMTfied_filtered/Snowstorm/MuonLike_PureNu/22010/8/PMTfied_9.parquet
2025-02-18 15:11:37 - INFO - Filtered PMTfied file saved to: /lustre/hpc/project/icecube/HE_Nu_Aske_Oct2024/PMTfied_filtered/Snowstorm/MuonLike_PureNu/22010/8/PMTfied_14.parquet
2025-02-18 15:11:45 - INFO - Filtered PMTfied file saved to: /lustre/hpc/project/icecube/HE_Nu_Aske_Oct2024/PMTfied_filtered/Snowstorm/MuonLike_PureNu/22010/8/PMTfied_10.parquet
2025-02-18 15:11:52 - INFO - Filtered PMTfied file saved to: /lustre/hpc/project/icecube/HE_Nu_Aske_Oct2024/PMTfied_filtered/Snowstorm/MuonLike_PureNu/22010/8/PMTfied_18.parquet
2025-02-18 15:11:54 - INFO - Filtered PMTfied file saved to: /lustre/hpc/project/icecube/HE_Nu_Aske_Oct2024/PMTfied_filtered/Snowstorm/MuonLike_PureNu/22010/8/PMTfied_22.parquet
2025-02-18 15:12:01 - INFO - Filtered PMTfied file saved to: /lustre/hpc/project/icecube/HE_Nu_Aske_Oct2024/PMTfied_filtered/Snowstorm/MuonLike_PureNu/22010/8/PMTfied_8.parquet
2025-02-18 15:12:08 - INFO - Filtered PMTfied file saved to: /lustre/hpc/project/icecube/HE_Nu_Aske_Oct2024/PMTfied_filtered/Snowstorm/MuonLike_PureNu/22010/8/PMTfied_4.parquet
2025-02-18 15:12:16 - INFO - Filtered PMTfied file saved to: /lustre/hpc/project/icecube/HE_Nu_Aske_Oct2024/PMTfied_filtered/Snowstorm/MuonLike_PureNu/22010/8/PMTfied_19.parquet
2025-02-18 15:12:23 - INFO - Filtered PMTfied file saved to: /lustre/hpc/project/icecube/HE_Nu_Aske_Oct2024/PMTfied_filtered/Snowstorm/MuonLike_PureNu/22010/8/PMTfied_15.parquet
2025-02-18 15:12:30 - INFO - Filtered PMTfied file saved to: /lustre/hpc/project/icecube/HE_Nu_Aske_Oct2024/PMTfied_filtered/Snowstorm/MuonLike_PureNu/22010/8/PMTfied_11.parquet
2025-02-18 15:12:31 - INFO - Filtering process completed.
2025-02-18 15:12:31 - INFO - Filtering process completed.
2025-02-18 15:12:31 - INFO - Unified receipt generated: /lustre/hpc/project/icecube/HE_Nu_Aske_Oct2024/PMTfied_filtered/Snowstorm/MuonLike_PureNu/22010/[Receipt]22010_8.json
2025-02-18 15:12:31 - INFO - Filtering process completed.
Job completed at Tue Feb 18 03:12:31 PM CET 2025
