Starting job at Tue Feb 18 02:58:04 PM CET 2025
Running Filter_by_part.py for subdirectory 22010, part 4
2025-02-18 14:58:10 - INFO - Event filtering process starts...
2025-02-18 14:58:10 - INFO - Initialized PureNeutrinoEventFilter filter for 22010/4
2025-02-18 14:58:18 - INFO - Loaded 7 event specifier files from /lustre/hpc/project/icecube/HE_Nu_Aske_Oct2024/clean_events_dict/22010/22010/reduced
2025-02-18 14:58:19 - INFO - Selected 3 CSV files covering event range [1664, 3327]
2025-02-18 14:58:46 - INFO - Loaded 35937228 valid (RunID, EventID) pairs from CSV files
2025-02-18 14:58:50 - INFO - Extracted 2788768 valid events based on pure neutrino events.
2025-02-18 14:58:57 - INFO - Initialized CompositeEventFilter filter for 22010/4
2025-02-18 14:58:57 - INFO - Initialized (PureNu)
2025-02-18 14:58:57 - INFO - Starting filtering process for 22010/4
2025-02-18 14:58:57 - INFO - Starting filtering process for 22010/4
2025-02-18 14:59:48 - INFO - Recalculated 'offset' column based on 'N_doms' values within each 'shard_no' group.
2025-02-18 14:59:58 - INFO - Filtered truth file saved to: /lustre/hpc/project/icecube/HE_Nu_Aske_Oct2024/PMTfied_filtered/Snowstorm/PureNu/22010/truth_4.parquet
2025-02-18 15:00:02 - INFO - Filtered PMTfied file saved to: /lustre/hpc/project/icecube/HE_Nu_Aske_Oct2024/PMTfied_filtered/Snowstorm/PureNu/22010/4/PMTfied_19.parquet
2025-02-18 15:00:06 - INFO - Filtered PMTfied file saved to: /lustre/hpc/project/icecube/HE_Nu_Aske_Oct2024/PMTfied_filtered/Snowstorm/PureNu/22010/4/PMTfied_15.parquet
2025-02-18 15:00:11 - INFO - Filtered PMTfied file saved to: /lustre/hpc/project/icecube/HE_Nu_Aske_Oct2024/PMTfied_filtered/Snowstorm/PureNu/22010/4/PMTfied_11.parquet
2025-02-18 15:00:15 - INFO - Filtered PMTfied file saved to: /lustre/hpc/project/icecube/HE_Nu_Aske_Oct2024/PMTfied_filtered/Snowstorm/PureNu/22010/4/PMTfied_8.parquet
2025-02-18 15:00:19 - INFO - Filtered PMTfied file saved to: /lustre/hpc/project/icecube/HE_Nu_Aske_Oct2024/PMTfied_filtered/Snowstorm/PureNu/22010/4/PMTfied_4.parquet
2025-02-18 15:00:24 - INFO - Filtered PMTfied file saved to: /lustre/hpc/project/icecube/HE_Nu_Aske_Oct2024/PMTfied_filtered/Snowstorm/PureNu/22010/4/PMTfied_14.parquet
2025-02-18 15:00:28 - INFO - Filtered PMTfied file saved to: /lustre/hpc/project/icecube/HE_Nu_Aske_Oct2024/PMTfied_filtered/Snowstorm/PureNu/22010/4/PMTfied_10.parquet
2025-02-18 15:00:33 - INFO - Filtered PMTfied file saved to: /lustre/hpc/project/icecube/HE_Nu_Aske_Oct2024/PMTfied_filtered/Snowstorm/PureNu/22010/4/PMTfied_18.parquet
2025-02-18 15:00:37 - INFO - Filtered PMTfied file saved to: /lustre/hpc/project/icecube/HE_Nu_Aske_Oct2024/PMTfied_filtered/Snowstorm/PureNu/22010/4/PMTfied_1.parquet
2025-02-18 15:00:41 - INFO - Filtered PMTfied file saved to: /lustre/hpc/project/icecube/HE_Nu_Aske_Oct2024/PMTfied_filtered/Snowstorm/PureNu/22010/4/PMTfied_5.parquet
2025-02-18 15:00:46 - INFO - Filtered PMTfied file saved to: /lustre/hpc/project/icecube/HE_Nu_Aske_Oct2024/PMTfied_filtered/Snowstorm/PureNu/22010/4/PMTfied_9.parquet
2025-02-18 15:00:47 - INFO - Filtered PMTfied file saved to: /lustre/hpc/project/icecube/HE_Nu_Aske_Oct2024/PMTfied_filtered/Snowstorm/PureNu/22010/4/PMTfied_22.parquet
2025-02-18 15:00:51 - INFO - Filtered PMTfied file saved to: /lustre/hpc/project/icecube/HE_Nu_Aske_Oct2024/PMTfied_filtered/Snowstorm/PureNu/22010/4/PMTfied_16.parquet
2025-02-18 15:00:55 - INFO - Filtered PMTfied file saved to: /lustre/hpc/project/icecube/HE_Nu_Aske_Oct2024/PMTfied_filtered/Snowstorm/PureNu/22010/4/PMTfied_12.parquet
2025-02-18 15:00:59 - INFO - Filtered PMTfied file saved to: /lustre/hpc/project/icecube/HE_Nu_Aske_Oct2024/PMTfied_filtered/Snowstorm/PureNu/22010/4/PMTfied_3.parquet
2025-02-18 15:01:04 - INFO - Filtered PMTfied file saved to: /lustre/hpc/project/icecube/HE_Nu_Aske_Oct2024/PMTfied_filtered/Snowstorm/PureNu/22010/4/PMTfied_7.parquet
2025-02-18 15:01:08 - INFO - Filtered PMTfied file saved to: /lustre/hpc/project/icecube/HE_Nu_Aske_Oct2024/PMTfied_filtered/Snowstorm/PureNu/22010/4/PMTfied_20.parquet
2025-02-18 15:01:12 - INFO - Filtered PMTfied file saved to: /lustre/hpc/project/icecube/HE_Nu_Aske_Oct2024/PMTfied_filtered/Snowstorm/PureNu/22010/4/PMTfied_21.parquet
2025-02-18 15:01:17 - INFO - Filtered PMTfied file saved to: /lustre/hpc/project/icecube/HE_Nu_Aske_Oct2024/PMTfied_filtered/Snowstorm/PureNu/22010/4/PMTfied_17.parquet
2025-02-18 15:01:21 - INFO - Filtered PMTfied file saved to: /lustre/hpc/project/icecube/HE_Nu_Aske_Oct2024/PMTfied_filtered/Snowstorm/PureNu/22010/4/PMTfied_13.parquet
2025-02-18 15:01:25 - INFO - Filtered PMTfied file saved to: /lustre/hpc/project/icecube/HE_Nu_Aske_Oct2024/PMTfied_filtered/Snowstorm/PureNu/22010/4/PMTfied_2.parquet
2025-02-18 15:01:30 - INFO - Filtered PMTfied file saved to: /lustre/hpc/project/icecube/HE_Nu_Aske_Oct2024/PMTfied_filtered/Snowstorm/PureNu/22010/4/PMTfied_6.parquet
2025-02-18 15:01:30 - INFO - Filtering process completed.
2025-02-18 15:01:30 - INFO - Filtering process completed.
2025-02-18 15:01:30 - INFO - Unified receipt generated: /lustre/hpc/project/icecube/HE_Nu_Aske_Oct2024/PMTfied_filtered/Snowstorm/PureNu/22010/[Receipt]22010_4.json
2025-02-18 15:01:30 - INFO - Filtering process completed.
Job completed at Tue Feb 18 03:01:30 PM CET 2025
