Starting job at Tue Feb 18 03:09:29 PM CET 2025
Running Filter_by_part.py for subdirectory 22010, part 12
2025-02-18 15:09:29 - INFO - Event filtering process starts...
2025-02-18 15:09:29 - INFO - Initialized PureNeutrinoEventFilter filter for 22010/12
2025-02-18 15:09:30 - INFO - Loaded 7 event specifier files from /lustre/hpc/project/icecube/HE_Nu_Aske_Oct2024/clean_events_dict/22010/22010/reduced
2025-02-18 15:09:31 - INFO - Selected 7 CSV files covering event range [58, 6650]
2025-02-18 15:11:20 - INFO - Loaded 80794265 valid (RunID, EventID) pairs from CSV files
2025-02-18 15:11:23 - INFO - Extracted 820714 valid events based on pure neutrino events.
2025-02-18 15:11:55 - INFO - Initialized Muon13Filter filter for 22010/12
2025-02-18 15:11:56 - INFO - Extracted 731970 valid events where MuonFilter_13==True.
2025-02-18 15:11:56 - INFO - Initialized CompositeEventFilter filter for 22010/12
2025-02-18 15:11:56 - INFO - Initialized (MuonLike_PureNu)
2025-02-18 15:11:56 - INFO - Starting filtering process for 22010/12
2025-02-18 15:11:56 - INFO - Starting filtering process for 22010/12
2025-02-18 15:12:19 - INFO - Recalculated 'offset' column based on 'N_doms' values within each 'shard_no' group.
2025-02-18 15:12:23 - INFO - Filtered truth file saved to: /lustre/hpc/project/icecube/HE_Nu_Aske_Oct2024/PMTfied_filtered/Snowstorm/MuonLike_PureNu/22010/truth_12.parquet
2025-02-18 15:12:30 - INFO - Filtered PMTfied file saved to: /lustre/hpc/project/icecube/HE_Nu_Aske_Oct2024/PMTfied_filtered/Snowstorm/MuonLike_PureNu/22010/12/PMTfied_4.parquet
2025-02-18 15:12:38 - INFO - Filtered PMTfied file saved to: /lustre/hpc/project/icecube/HE_Nu_Aske_Oct2024/PMTfied_filtered/Snowstorm/MuonLike_PureNu/22010/12/PMTfied_5.parquet
2025-02-18 15:12:45 - INFO - Filtered PMTfied file saved to: /lustre/hpc/project/icecube/HE_Nu_Aske_Oct2024/PMTfied_filtered/Snowstorm/MuonLike_PureNu/22010/12/PMTfied_1.parquet
2025-02-18 15:12:47 - INFO - Filtered PMTfied file saved to: /lustre/hpc/project/icecube/HE_Nu_Aske_Oct2024/PMTfied_filtered/Snowstorm/MuonLike_PureNu/22010/12/PMTfied_7.parquet
2025-02-18 15:12:54 - INFO - Filtered PMTfied file saved to: /lustre/hpc/project/icecube/HE_Nu_Aske_Oct2024/PMTfied_filtered/Snowstorm/MuonLike_PureNu/22010/12/PMTfied_3.parquet
2025-02-18 15:13:02 - INFO - Filtered PMTfied file saved to: /lustre/hpc/project/icecube/HE_Nu_Aske_Oct2024/PMTfied_filtered/Snowstorm/MuonLike_PureNu/22010/12/PMTfied_6.parquet
2025-02-18 15:13:09 - INFO - Filtered PMTfied file saved to: /lustre/hpc/project/icecube/HE_Nu_Aske_Oct2024/PMTfied_filtered/Snowstorm/MuonLike_PureNu/22010/12/PMTfied_2.parquet
2025-02-18 15:13:09 - INFO - Filtering process completed.
2025-02-18 15:13:09 - INFO - Filtering process completed.
2025-02-18 15:13:09 - INFO - Unified receipt generated: /lustre/hpc/project/icecube/HE_Nu_Aske_Oct2024/PMTfied_filtered/Snowstorm/MuonLike_PureNu/22010/[Receipt]22010_12.json
2025-02-18 15:13:09 - INFO - Filtering process completed.
Job completed at Tue Feb 18 03:13:09 PM CET 2025
