Starting job at Mon Feb 24 01:51:00 PM CET 2025
Running Filter_by_part.py for subdirectory 22010, part 5
2025-02-24 13:51:01 - INFO - Event filtering process starts...
2025-02-24 13:51:01 - INFO - Initialized PureNeutrinoEventFilter filter for 22010/5
2025-02-24 13:51:02 - INFO - Loaded 7 event specifier files from /lustre/hpc/project/icecube/HE_Nu_Aske_Oct2024/clean_events_dict/22010/22010/reduced
2025-02-24 13:51:05 - INFO - Selected 3 CSV files covering event range [1714, 3358]
2025-02-24 13:51:53 - INFO - Loaded 35937228 valid (RunID, EventID) pairs from CSV files
2025-02-24 13:52:02 - INFO - Extracted 2792624 valid events based on pure neutrino events.
2025-02-24 13:52:14 - INFO - Initialized CCFilter filter for 22010/5
2025-02-24 13:52:18 - INFO - Extracted 3753415 valid events which are CC interactions.
2025-02-24 13:52:18 - INFO - Initialized ContainmentFilter filter for 22010/5
2025-02-24 13:52:21 - INFO - Extracted 1711061 valid events within the specified containment region.
2025-02-24 13:52:22 - INFO - Initialized CompositeEventFilter filter for 22010/5
2025-02-24 13:52:22 - INFO - Initialized (CC_CRclean_Contained)
2025-02-24 13:52:22 - INFO - Starting filtering process for 22010/5
2025-02-24 13:52:22 - INFO - Starting filtering process for 22010/5
2025-02-24 13:53:42 - INFO - Recalculated 'offset' column based on 'N_doms' values within each 'shard_no' group.
2025-02-24 13:53:54 - INFO - Filtered truth file saved to: /lustre/hpc/project/icecube/HE_Nu_Aske_Oct2024/PMTfied_filtered/Snowstorm/CC_CRclean_Contained/22010/truth_5.parquet
2025-02-24 13:53:55 - INFO - Filtered PMTfied file saved to: /lustre/hpc/project/icecube/HE_Nu_Aske_Oct2024/PMTfied_filtered/Snowstorm/CC_CRclean_Contained/22010/5/PMTfied_22.parquet
2025-02-24 13:54:01 - INFO - Filtered PMTfied file saved to: /lustre/hpc/project/icecube/HE_Nu_Aske_Oct2024/PMTfied_filtered/Snowstorm/CC_CRclean_Contained/22010/5/PMTfied_18.parquet
2025-02-24 13:54:07 - INFO - Filtered PMTfied file saved to: /lustre/hpc/project/icecube/HE_Nu_Aske_Oct2024/PMTfied_filtered/Snowstorm/CC_CRclean_Contained/22010/5/PMTfied_14.parquet
2025-02-24 13:54:13 - INFO - Filtered PMTfied file saved to: /lustre/hpc/project/icecube/HE_Nu_Aske_Oct2024/PMTfied_filtered/Snowstorm/CC_CRclean_Contained/22010/5/PMTfied_10.parquet
2025-02-24 13:54:19 - INFO - Filtered PMTfied file saved to: /lustre/hpc/project/icecube/HE_Nu_Aske_Oct2024/PMTfied_filtered/Snowstorm/CC_CRclean_Contained/22010/5/PMTfied_7.parquet
2025-02-24 13:54:25 - INFO - Filtered PMTfied file saved to: /lustre/hpc/project/icecube/HE_Nu_Aske_Oct2024/PMTfied_filtered/Snowstorm/CC_CRclean_Contained/22010/5/PMTfied_3.parquet
2025-02-24 13:54:31 - INFO - Filtered PMTfied file saved to: /lustre/hpc/project/icecube/HE_Nu_Aske_Oct2024/PMTfied_filtered/Snowstorm/CC_CRclean_Contained/22010/5/PMTfied_15.parquet
2025-02-24 13:54:37 - INFO - Filtered PMTfied file saved to: /lustre/hpc/project/icecube/HE_Nu_Aske_Oct2024/PMTfied_filtered/Snowstorm/CC_CRclean_Contained/22010/5/PMTfied_11.parquet
2025-02-24 13:54:46 - INFO - Filtered PMTfied file saved to: /lustre/hpc/project/icecube/HE_Nu_Aske_Oct2024/PMTfied_filtered/Snowstorm/CC_CRclean_Contained/22010/5/PMTfied_19.parquet
2025-02-24 13:54:51 - INFO - Filtered PMTfied file saved to: /lustre/hpc/project/icecube/HE_Nu_Aske_Oct2024/PMTfied_filtered/Snowstorm/CC_CRclean_Contained/22010/5/PMTfied_6.parquet
2025-02-24 13:54:57 - INFO - Filtered PMTfied file saved to: /lustre/hpc/project/icecube/HE_Nu_Aske_Oct2024/PMTfied_filtered/Snowstorm/CC_CRclean_Contained/22010/5/PMTfied_2.parquet
2025-02-24 13:55:03 - INFO - Filtered PMTfied file saved to: /lustre/hpc/project/icecube/HE_Nu_Aske_Oct2024/PMTfied_filtered/Snowstorm/CC_CRclean_Contained/22010/5/PMTfied_17.parquet
2025-02-24 13:55:09 - INFO - Filtered PMTfied file saved to: /lustre/hpc/project/icecube/HE_Nu_Aske_Oct2024/PMTfied_filtered/Snowstorm/CC_CRclean_Contained/22010/5/PMTfied_13.parquet
2025-02-24 13:55:15 - INFO - Filtered PMTfied file saved to: /lustre/hpc/project/icecube/HE_Nu_Aske_Oct2024/PMTfied_filtered/Snowstorm/CC_CRclean_Contained/22010/5/PMTfied_8.parquet
2025-02-24 13:55:21 - INFO - Filtered PMTfied file saved to: /lustre/hpc/project/icecube/HE_Nu_Aske_Oct2024/PMTfied_filtered/Snowstorm/CC_CRclean_Contained/22010/5/PMTfied_4.parquet
2025-02-24 13:55:27 - INFO - Filtered PMTfied file saved to: /lustre/hpc/project/icecube/HE_Nu_Aske_Oct2024/PMTfied_filtered/Snowstorm/CC_CRclean_Contained/22010/5/PMTfied_21.parquet
2025-02-24 13:55:33 - INFO - Filtered PMTfied file saved to: /lustre/hpc/project/icecube/HE_Nu_Aske_Oct2024/PMTfied_filtered/Snowstorm/CC_CRclean_Contained/22010/5/PMTfied_20.parquet
2025-02-24 13:55:39 - INFO - Filtered PMTfied file saved to: /lustre/hpc/project/icecube/HE_Nu_Aske_Oct2024/PMTfied_filtered/Snowstorm/CC_CRclean_Contained/22010/5/PMTfied_16.parquet
2025-02-24 13:55:45 - INFO - Filtered PMTfied file saved to: /lustre/hpc/project/icecube/HE_Nu_Aske_Oct2024/PMTfied_filtered/Snowstorm/CC_CRclean_Contained/22010/5/PMTfied_12.parquet
2025-02-24 13:55:51 - INFO - Filtered PMTfied file saved to: /lustre/hpc/project/icecube/HE_Nu_Aske_Oct2024/PMTfied_filtered/Snowstorm/CC_CRclean_Contained/22010/5/PMTfied_5.parquet
2025-02-24 13:55:58 - INFO - Filtered PMTfied file saved to: /lustre/hpc/project/icecube/HE_Nu_Aske_Oct2024/PMTfied_filtered/Snowstorm/CC_CRclean_Contained/22010/5/PMTfied_1.parquet
2025-02-24 13:56:04 - INFO - Filtered PMTfied file saved to: /lustre/hpc/project/icecube/HE_Nu_Aske_Oct2024/PMTfied_filtered/Snowstorm/CC_CRclean_Contained/22010/5/PMTfied_9.parquet
2025-02-24 13:56:04 - INFO - Filtering process completed.
2025-02-24 13:56:04 - INFO - Filtering process completed.
2025-02-24 13:56:05 - INFO - Unified receipt generated: /lustre/hpc/project/icecube/HE_Nu_Aske_Oct2024/PMTfied_filtered/Snowstorm/CC_CRclean_Contained/22010/[Receipt]22010_5.json
2025-02-24 13:56:05 - INFO - Filtering process completed.
Job completed at Mon Feb 24 01:56:05 PM CET 2025
