Starting job at Mon Feb 24 01:06:35 PM CET 2025
Running Filter_by_part.py for subdirectory 22010, part 2
2025-02-24 13:06:38 - INFO - Event filtering process starts...
2025-02-24 13:06:38 - INFO - Initialized PureNeutrinoEventFilter filter for 22010/2
2025-02-24 13:06:45 - INFO - Loaded 7 event specifier files from /lustre/hpc/project/icecube/HE_Nu_Aske_Oct2024/clean_events_dict/22010/22010/reduced
2025-02-24 13:06:46 - INFO - Selected 2 CSV files covering event range [29, 1680]
2025-02-24 13:07:04 - INFO - Loaded 23926593 valid (RunID, EventID) pairs from CSV files
2025-02-24 13:07:08 - INFO - Extracted 2790967 valid events based on pure neutrino events.
2025-02-24 13:07:13 - INFO - Initialized Muon13Filter filter for 22010/2
2025-02-24 13:07:14 - INFO - Extracted 2492342 valid events where MuonFilter_13==True.
2025-02-24 13:07:14 - INFO - Initialized CCFilter filter for 22010/2
2025-02-24 13:07:16 - INFO - Extracted 3748604 valid events which are CC interactions.
2025-02-24 13:07:16 - INFO - Initialized CompositeEventFilter filter for 22010/2
2025-02-24 13:07:16 - INFO - Initialized (CC_CRclean_MuonLike)
2025-02-24 13:07:16 - INFO - Starting filtering process for 22010/2
2025-02-24 13:07:16 - INFO - Starting filtering process for 22010/2
2025-02-24 13:08:15 - INFO - Recalculated 'offset' column based on 'N_doms' values within each 'shard_no' group.
2025-02-24 13:08:25 - INFO - Filtered truth file saved to: /lustre/hpc/project/icecube/HE_Nu_Aske_Oct2024/PMTfied_filtered/Snowstorm/CC_CRclean_MuonLike/22010/truth_2.parquet
2025-02-24 13:08:31 - INFO - Filtered PMTfied file saved to: /lustre/hpc/project/icecube/HE_Nu_Aske_Oct2024/PMTfied_filtered/Snowstorm/CC_CRclean_MuonLike/22010/2/PMTfied_15.parquet
2025-02-24 13:08:35 - INFO - Filtered PMTfied file saved to: /lustre/hpc/project/icecube/HE_Nu_Aske_Oct2024/PMTfied_filtered/Snowstorm/CC_CRclean_MuonLike/22010/2/PMTfied_11.parquet
2025-02-24 13:08:39 - INFO - Filtered PMTfied file saved to: /lustre/hpc/project/icecube/HE_Nu_Aske_Oct2024/PMTfied_filtered/Snowstorm/CC_CRclean_MuonLike/22010/2/PMTfied_19.parquet
2025-02-24 13:08:44 - INFO - Filtered PMTfied file saved to: /lustre/hpc/project/icecube/HE_Nu_Aske_Oct2024/PMTfied_filtered/Snowstorm/CC_CRclean_MuonLike/22010/2/PMTfied_6.parquet
2025-02-24 13:08:48 - INFO - Filtered PMTfied file saved to: /lustre/hpc/project/icecube/HE_Nu_Aske_Oct2024/PMTfied_filtered/Snowstorm/CC_CRclean_MuonLike/22010/2/PMTfied_2.parquet
2025-02-24 13:08:52 - INFO - Filtered PMTfied file saved to: /lustre/hpc/project/icecube/HE_Nu_Aske_Oct2024/PMTfied_filtered/Snowstorm/CC_CRclean_MuonLike/22010/2/PMTfied_18.parquet
2025-02-24 13:08:56 - INFO - Filtered PMTfied file saved to: /lustre/hpc/project/icecube/HE_Nu_Aske_Oct2024/PMTfied_filtered/Snowstorm/CC_CRclean_MuonLike/22010/2/PMTfied_14.parquet
2025-02-24 13:09:00 - INFO - Filtered PMTfied file saved to: /lustre/hpc/project/icecube/HE_Nu_Aske_Oct2024/PMTfied_filtered/Snowstorm/CC_CRclean_MuonLike/22010/2/PMTfied_10.parquet
2025-02-24 13:09:04 - INFO - Filtered PMTfied file saved to: /lustre/hpc/project/icecube/HE_Nu_Aske_Oct2024/PMTfied_filtered/Snowstorm/CC_CRclean_MuonLike/22010/2/PMTfied_7.parquet
2025-02-24 13:09:08 - INFO - Filtered PMTfied file saved to: /lustre/hpc/project/icecube/HE_Nu_Aske_Oct2024/PMTfied_filtered/Snowstorm/CC_CRclean_MuonLike/22010/2/PMTfied_3.parquet
2025-02-24 13:09:10 - INFO - Filtered PMTfied file saved to: /lustre/hpc/project/icecube/HE_Nu_Aske_Oct2024/PMTfied_filtered/Snowstorm/CC_CRclean_MuonLike/22010/2/PMTfied_22.parquet
2025-02-24 13:09:14 - INFO - Filtered PMTfied file saved to: /lustre/hpc/project/icecube/HE_Nu_Aske_Oct2024/PMTfied_filtered/Snowstorm/CC_CRclean_MuonLike/22010/2/PMTfied_16.parquet
2025-02-24 13:09:18 - INFO - Filtered PMTfied file saved to: /lustre/hpc/project/icecube/HE_Nu_Aske_Oct2024/PMTfied_filtered/Snowstorm/CC_CRclean_MuonLike/22010/2/PMTfied_12.parquet
2025-02-24 13:09:22 - INFO - Filtered PMTfied file saved to: /lustre/hpc/project/icecube/HE_Nu_Aske_Oct2024/PMTfied_filtered/Snowstorm/CC_CRclean_MuonLike/22010/2/PMTfied_5.parquet
2025-02-24 13:09:26 - INFO - Filtered PMTfied file saved to: /lustre/hpc/project/icecube/HE_Nu_Aske_Oct2024/PMTfied_filtered/Snowstorm/CC_CRclean_MuonLike/22010/2/PMTfied_1.parquet
2025-02-24 13:09:30 - INFO - Filtered PMTfied file saved to: /lustre/hpc/project/icecube/HE_Nu_Aske_Oct2024/PMTfied_filtered/Snowstorm/CC_CRclean_MuonLike/22010/2/PMTfied_9.parquet
2025-02-24 13:09:35 - INFO - Filtered PMTfied file saved to: /lustre/hpc/project/icecube/HE_Nu_Aske_Oct2024/PMTfied_filtered/Snowstorm/CC_CRclean_MuonLike/22010/2/PMTfied_20.parquet
2025-02-24 13:09:39 - INFO - Filtered PMTfied file saved to: /lustre/hpc/project/icecube/HE_Nu_Aske_Oct2024/PMTfied_filtered/Snowstorm/CC_CRclean_MuonLike/22010/2/PMTfied_21.parquet
2025-02-24 13:09:43 - INFO - Filtered PMTfied file saved to: /lustre/hpc/project/icecube/HE_Nu_Aske_Oct2024/PMTfied_filtered/Snowstorm/CC_CRclean_MuonLike/22010/2/PMTfied_17.parquet
2025-02-24 13:09:47 - INFO - Filtered PMTfied file saved to: /lustre/hpc/project/icecube/HE_Nu_Aske_Oct2024/PMTfied_filtered/Snowstorm/CC_CRclean_MuonLike/22010/2/PMTfied_13.parquet
2025-02-24 13:09:51 - INFO - Filtered PMTfied file saved to: /lustre/hpc/project/icecube/HE_Nu_Aske_Oct2024/PMTfied_filtered/Snowstorm/CC_CRclean_MuonLike/22010/2/PMTfied_8.parquet
2025-02-24 13:09:55 - INFO - Filtered PMTfied file saved to: /lustre/hpc/project/icecube/HE_Nu_Aske_Oct2024/PMTfied_filtered/Snowstorm/CC_CRclean_MuonLike/22010/2/PMTfied_4.parquet
2025-02-24 13:09:55 - INFO - Filtering process completed.
2025-02-24 13:09:55 - INFO - Filtering process completed.
2025-02-24 13:09:56 - INFO - Unified receipt generated: /lustre/hpc/project/icecube/HE_Nu_Aske_Oct2024/PMTfied_filtered/Snowstorm/CC_CRclean_MuonLike/22010/[Receipt]22010_2.json
2025-02-24 13:09:56 - INFO - Filtering process completed.
Job completed at Mon Feb 24 01:09:56 PM CET 2025
