Starting job at Mon Feb 24 01:50:59 PM CET 2025
Running Filter_by_part.py for subdirectory 22010, part 2
2025-02-24 13:51:00 - INFO - Event filtering process starts...
2025-02-24 13:51:00 - INFO - Initialized PureNeutrinoEventFilter filter for 22010/2
2025-02-24 13:51:00 - INFO - Loaded 7 event specifier files from /lustre/hpc/project/icecube/HE_Nu_Aske_Oct2024/clean_events_dict/22010/22010/reduced
2025-02-24 13:51:02 - INFO - Selected 2 CSV files covering event range [29, 1680]
2025-02-24 13:51:19 - INFO - Loaded 23926593 valid (RunID, EventID) pairs from CSV files
2025-02-24 13:51:23 - INFO - Extracted 2790967 valid events based on pure neutrino events.
2025-02-24 13:51:28 - INFO - Initialized CCFilter filter for 22010/2
2025-02-24 13:51:30 - INFO - Extracted 3748604 valid events which are CC interactions.
2025-02-24 13:51:30 - INFO - Initialized ContainmentFilter filter for 22010/2
2025-02-24 13:51:31 - INFO - Extracted 1709827 valid events within the specified containment region.
2025-02-24 13:51:31 - INFO - Initialized CompositeEventFilter filter for 22010/2
2025-02-24 13:51:31 - INFO - Initialized (CC_CRclean_Contained)
2025-02-24 13:51:31 - INFO - Starting filtering process for 22010/2
2025-02-24 13:51:31 - INFO - Starting filtering process for 22010/2
2025-02-24 13:52:10 - INFO - Recalculated 'offset' column based on 'N_doms' values within each 'shard_no' group.
2025-02-24 13:52:17 - INFO - Filtered truth file saved to: /lustre/hpc/project/icecube/HE_Nu_Aske_Oct2024/PMTfied_filtered/Snowstorm/CC_CRclean_Contained/22010/truth_2.parquet
2025-02-24 13:52:20 - INFO - Filtered PMTfied file saved to: /lustre/hpc/project/icecube/HE_Nu_Aske_Oct2024/PMTfied_filtered/Snowstorm/CC_CRclean_Contained/22010/2/PMTfied_15.parquet
2025-02-24 13:52:24 - INFO - Filtered PMTfied file saved to: /lustre/hpc/project/icecube/HE_Nu_Aske_Oct2024/PMTfied_filtered/Snowstorm/CC_CRclean_Contained/22010/2/PMTfied_11.parquet
2025-02-24 13:52:27 - INFO - Filtered PMTfied file saved to: /lustre/hpc/project/icecube/HE_Nu_Aske_Oct2024/PMTfied_filtered/Snowstorm/CC_CRclean_Contained/22010/2/PMTfied_19.parquet
2025-02-24 13:52:30 - INFO - Filtered PMTfied file saved to: /lustre/hpc/project/icecube/HE_Nu_Aske_Oct2024/PMTfied_filtered/Snowstorm/CC_CRclean_Contained/22010/2/PMTfied_6.parquet
2025-02-24 13:52:33 - INFO - Filtered PMTfied file saved to: /lustre/hpc/project/icecube/HE_Nu_Aske_Oct2024/PMTfied_filtered/Snowstorm/CC_CRclean_Contained/22010/2/PMTfied_2.parquet
2025-02-24 13:52:36 - INFO - Filtered PMTfied file saved to: /lustre/hpc/project/icecube/HE_Nu_Aske_Oct2024/PMTfied_filtered/Snowstorm/CC_CRclean_Contained/22010/2/PMTfied_18.parquet
2025-02-24 13:52:39 - INFO - Filtered PMTfied file saved to: /lustre/hpc/project/icecube/HE_Nu_Aske_Oct2024/PMTfied_filtered/Snowstorm/CC_CRclean_Contained/22010/2/PMTfied_14.parquet
2025-02-24 13:52:42 - INFO - Filtered PMTfied file saved to: /lustre/hpc/project/icecube/HE_Nu_Aske_Oct2024/PMTfied_filtered/Snowstorm/CC_CRclean_Contained/22010/2/PMTfied_10.parquet
2025-02-24 13:52:45 - INFO - Filtered PMTfied file saved to: /lustre/hpc/project/icecube/HE_Nu_Aske_Oct2024/PMTfied_filtered/Snowstorm/CC_CRclean_Contained/22010/2/PMTfied_7.parquet
2025-02-24 13:52:48 - INFO - Filtered PMTfied file saved to: /lustre/hpc/project/icecube/HE_Nu_Aske_Oct2024/PMTfied_filtered/Snowstorm/CC_CRclean_Contained/22010/2/PMTfied_3.parquet
2025-02-24 13:52:48 - INFO - Filtered PMTfied file saved to: /lustre/hpc/project/icecube/HE_Nu_Aske_Oct2024/PMTfied_filtered/Snowstorm/CC_CRclean_Contained/22010/2/PMTfied_22.parquet
2025-02-24 13:52:51 - INFO - Filtered PMTfied file saved to: /lustre/hpc/project/icecube/HE_Nu_Aske_Oct2024/PMTfied_filtered/Snowstorm/CC_CRclean_Contained/22010/2/PMTfied_16.parquet
2025-02-24 13:52:54 - INFO - Filtered PMTfied file saved to: /lustre/hpc/project/icecube/HE_Nu_Aske_Oct2024/PMTfied_filtered/Snowstorm/CC_CRclean_Contained/22010/2/PMTfied_12.parquet
2025-02-24 13:52:57 - INFO - Filtered PMTfied file saved to: /lustre/hpc/project/icecube/HE_Nu_Aske_Oct2024/PMTfied_filtered/Snowstorm/CC_CRclean_Contained/22010/2/PMTfied_5.parquet
2025-02-24 13:53:00 - INFO - Filtered PMTfied file saved to: /lustre/hpc/project/icecube/HE_Nu_Aske_Oct2024/PMTfied_filtered/Snowstorm/CC_CRclean_Contained/22010/2/PMTfied_1.parquet
2025-02-24 13:53:03 - INFO - Filtered PMTfied file saved to: /lustre/hpc/project/icecube/HE_Nu_Aske_Oct2024/PMTfied_filtered/Snowstorm/CC_CRclean_Contained/22010/2/PMTfied_9.parquet
2025-02-24 13:53:06 - INFO - Filtered PMTfied file saved to: /lustre/hpc/project/icecube/HE_Nu_Aske_Oct2024/PMTfied_filtered/Snowstorm/CC_CRclean_Contained/22010/2/PMTfied_20.parquet
2025-02-24 13:53:09 - INFO - Filtered PMTfied file saved to: /lustre/hpc/project/icecube/HE_Nu_Aske_Oct2024/PMTfied_filtered/Snowstorm/CC_CRclean_Contained/22010/2/PMTfied_21.parquet
2025-02-24 13:53:12 - INFO - Filtered PMTfied file saved to: /lustre/hpc/project/icecube/HE_Nu_Aske_Oct2024/PMTfied_filtered/Snowstorm/CC_CRclean_Contained/22010/2/PMTfied_17.parquet
2025-02-24 13:53:15 - INFO - Filtered PMTfied file saved to: /lustre/hpc/project/icecube/HE_Nu_Aske_Oct2024/PMTfied_filtered/Snowstorm/CC_CRclean_Contained/22010/2/PMTfied_13.parquet
2025-02-24 13:53:18 - INFO - Filtered PMTfied file saved to: /lustre/hpc/project/icecube/HE_Nu_Aske_Oct2024/PMTfied_filtered/Snowstorm/CC_CRclean_Contained/22010/2/PMTfied_8.parquet
2025-02-24 13:53:21 - INFO - Filtered PMTfied file saved to: /lustre/hpc/project/icecube/HE_Nu_Aske_Oct2024/PMTfied_filtered/Snowstorm/CC_CRclean_Contained/22010/2/PMTfied_4.parquet
2025-02-24 13:53:21 - INFO - Filtering process completed.
2025-02-24 13:53:21 - INFO - Filtering process completed.
2025-02-24 13:53:21 - INFO - Unified receipt generated: /lustre/hpc/project/icecube/HE_Nu_Aske_Oct2024/PMTfied_filtered/Snowstorm/CC_CRclean_Contained/22010/[Receipt]22010_2.json
2025-02-24 13:53:21 - INFO - Filtering process completed.
Job completed at Mon Feb 24 01:53:21 PM CET 2025
