Starting job at Mon Feb 17 03:56:11 PM CET 2025
Running Filter_by_part.py for subdirectory 22010, part 12
2025-02-17 15:56:11 - INFO - Event filtering process starts...
2025-02-17 15:56:11 - INFO - Initialized PureNeutrinoEventFilter filter for 22010/12
2025-02-17 15:56:12 - INFO - Loaded 10 event specifier files from /lustre/hpc/project/icecube/HE_Nu_Aske_Oct2024/clean_events_dict/22010/22010/reduced
2025-02-17 15:56:12 - INFO - Selected 10 CSV files covering event range [58, 6650]
2025-02-17 15:56:21 - INFO - Loaded 11955897 valid (RunID, EventID) pairs from CSV files
2025-02-17 15:56:22 - INFO - Extracted 135146 valid events based on pure neutrino events.
2025-02-17 15:56:24 - INFO - Initialized CompositeEventFilter filter for 22010/12
2025-02-17 15:56:24 - INFO - Initialized (PureNu)
2025-02-17 15:56:24 - INFO - Starting filtering process for 22010/12
2025-02-17 15:56:24 - INFO - Starting filtering process for 22010/12
2025-02-17 15:56:27 - INFO - Recalculated 'offset' column based on 'N_doms' values within each 'shard_no' group.
2025-02-17 15:56:28 - INFO - Filtered truth file saved to: /lustre/hpc/project/icecube/HE_Nu_Aske_Oct2024/PMTfied_filtered/Snowstorm/PureNu/22010/truth_12.parquet
2025-02-17 15:56:30 - WARNING - Skipping PMTfied_4.parquet: No valid events found in PMTfied file.
2025-02-17 15:56:33 - INFO - Filtered PMTfied file saved to: /lustre/hpc/project/icecube/HE_Nu_Aske_Oct2024/PMTfied_filtered/Snowstorm/PureNu/22010/12/PMTfied_5.parquet
2025-02-17 15:56:35 - WARNING - Skipping PMTfied_1.parquet: No valid events found in PMTfied file.
2025-02-17 15:56:36 - INFO - Filtered PMTfied file saved to: /lustre/hpc/project/icecube/HE_Nu_Aske_Oct2024/PMTfied_filtered/Snowstorm/PureNu/22010/12/PMTfied_7.parquet
2025-02-17 15:56:39 - WARNING - Skipping PMTfied_3.parquet: No valid events found in PMTfied file.
2025-02-17 15:56:43 - INFO - Filtered PMTfied file saved to: /lustre/hpc/project/icecube/HE_Nu_Aske_Oct2024/PMTfied_filtered/Snowstorm/PureNu/22010/12/PMTfied_6.parquet
2025-02-17 15:56:45 - WARNING - Skipping PMTfied_2.parquet: No valid events found in PMTfied file.
2025-02-17 15:56:45 - INFO - Filtering process completed.
2025-02-17 15:56:45 - INFO - Filtering process completed.
2025-02-17 15:56:45 - INFO - Unified receipt generated: /lustre/hpc/project/icecube/HE_Nu_Aske_Oct2024/PMTfied_filtered/Snowstorm/PureNu/22010/[Receipt]22010_12.json
2025-02-17 15:56:45 - INFO - Filtering process completed.
Job completed at Mon Feb 17 03:56:45 PM CET 2025
