Starting job at Tue Feb 18 03:07:01 PM CET 2025
Running Filter_by_part.py for subdirectory 22010, part 9
2025-02-18 15:07:01 - INFO - Event filtering process starts...
2025-02-18 15:07:01 - INFO - Initialized PureNeutrinoEventFilter filter for 22010/9
2025-02-18 15:07:02 - INFO - Loaded 7 event specifier files from /lustre/hpc/project/icecube/HE_Nu_Aske_Oct2024/clean_events_dict/22010/22010/reduced
2025-02-18 15:07:05 - INFO - Selected 4 CSV files covering event range [3454, 6690]
2025-02-18 15:08:06 - INFO - Loaded 44900634 valid (RunID, EventID) pairs from CSV files
2025-02-18 15:08:15 - INFO - Extracted 2787186 valid events based on pure neutrino events.
2025-02-18 15:08:30 - INFO - Initialized Muon13Filter filter for 22010/9
2025-02-18 15:08:33 - INFO - Extracted 2491463 valid events where MuonFilter_13==True.
2025-02-18 15:08:33 - INFO - Initialized CompositeEventFilter filter for 22010/9
2025-02-18 15:08:33 - INFO - Initialized (MuonLike_PureNu)
2025-02-18 15:08:33 - INFO - Starting filtering process for 22010/9
2025-02-18 15:08:33 - INFO - Starting filtering process for 22010/9
2025-02-18 15:09:53 - INFO - Recalculated 'offset' column based on 'N_doms' values within each 'shard_no' group.
2025-02-18 15:10:06 - INFO - Filtered truth file saved to: /lustre/hpc/project/icecube/HE_Nu_Aske_Oct2024/PMTfied_filtered/Snowstorm/MuonLike_PureNu/22010/truth_9.parquet
2025-02-18 15:10:13 - INFO - Filtered PMTfied file saved to: /lustre/hpc/project/icecube/HE_Nu_Aske_Oct2024/PMTfied_filtered/Snowstorm/MuonLike_PureNu/22010/9/PMTfied_20.parquet
2025-02-18 15:10:20 - INFO - Filtered PMTfied file saved to: /lustre/hpc/project/icecube/HE_Nu_Aske_Oct2024/PMTfied_filtered/Snowstorm/MuonLike_PureNu/22010/9/PMTfied_3.parquet
2025-02-18 15:10:28 - INFO - Filtered PMTfied file saved to: /lustre/hpc/project/icecube/HE_Nu_Aske_Oct2024/PMTfied_filtered/Snowstorm/MuonLike_PureNu/22010/9/PMTfied_7.parquet
2025-02-18 15:10:35 - INFO - Filtered PMTfied file saved to: /lustre/hpc/project/icecube/HE_Nu_Aske_Oct2024/PMTfied_filtered/Snowstorm/MuonLike_PureNu/22010/9/PMTfied_12.parquet
2025-02-18 15:10:42 - INFO - Filtered PMTfied file saved to: /lustre/hpc/project/icecube/HE_Nu_Aske_Oct2024/PMTfied_filtered/Snowstorm/MuonLike_PureNu/22010/9/PMTfied_16.parquet
2025-02-18 15:10:50 - INFO - Filtered PMTfied file saved to: /lustre/hpc/project/icecube/HE_Nu_Aske_Oct2024/PMTfied_filtered/Snowstorm/MuonLike_PureNu/22010/9/PMTfied_13.parquet
2025-02-18 15:10:57 - INFO - Filtered PMTfied file saved to: /lustre/hpc/project/icecube/HE_Nu_Aske_Oct2024/PMTfied_filtered/Snowstorm/MuonLike_PureNu/22010/9/PMTfied_17.parquet
2025-02-18 15:11:04 - INFO - Filtered PMTfied file saved to: /lustre/hpc/project/icecube/HE_Nu_Aske_Oct2024/PMTfied_filtered/Snowstorm/MuonLike_PureNu/22010/9/PMTfied_2.parquet
2025-02-18 15:11:11 - INFO - Filtered PMTfied file saved to: /lustre/hpc/project/icecube/HE_Nu_Aske_Oct2024/PMTfied_filtered/Snowstorm/MuonLike_PureNu/22010/9/PMTfied_6.parquet
2025-02-18 15:11:19 - INFO - Filtered PMTfied file saved to: /lustre/hpc/project/icecube/HE_Nu_Aske_Oct2024/PMTfied_filtered/Snowstorm/MuonLike_PureNu/22010/9/PMTfied_21.parquet
2025-02-18 15:11:26 - INFO - Filtered PMTfied file saved to: /lustre/hpc/project/icecube/HE_Nu_Aske_Oct2024/PMTfied_filtered/Snowstorm/MuonLike_PureNu/22010/9/PMTfied_11.parquet
2025-02-18 15:11:33 - INFO - Filtered PMTfied file saved to: /lustre/hpc/project/icecube/HE_Nu_Aske_Oct2024/PMTfied_filtered/Snowstorm/MuonLike_PureNu/22010/9/PMTfied_8.parquet
2025-02-18 15:11:40 - INFO - Filtered PMTfied file saved to: /lustre/hpc/project/icecube/HE_Nu_Aske_Oct2024/PMTfied_filtered/Snowstorm/MuonLike_PureNu/22010/9/PMTfied_15.parquet
2025-02-18 15:11:48 - INFO - Filtered PMTfied file saved to: /lustre/hpc/project/icecube/HE_Nu_Aske_Oct2024/PMTfied_filtered/Snowstorm/MuonLike_PureNu/22010/9/PMTfied_19.parquet
2025-02-18 15:11:55 - INFO - Filtered PMTfied file saved to: /lustre/hpc/project/icecube/HE_Nu_Aske_Oct2024/PMTfied_filtered/Snowstorm/MuonLike_PureNu/22010/9/PMTfied_4.parquet
2025-02-18 15:11:56 - INFO - Filtered PMTfied file saved to: /lustre/hpc/project/icecube/HE_Nu_Aske_Oct2024/PMTfied_filtered/Snowstorm/MuonLike_PureNu/22010/9/PMTfied_22.parquet
2025-02-18 15:12:04 - INFO - Filtered PMTfied file saved to: /lustre/hpc/project/icecube/HE_Nu_Aske_Oct2024/PMTfied_filtered/Snowstorm/MuonLike_PureNu/22010/9/PMTfied_1.parquet
2025-02-18 15:12:11 - INFO - Filtered PMTfied file saved to: /lustre/hpc/project/icecube/HE_Nu_Aske_Oct2024/PMTfied_filtered/Snowstorm/MuonLike_PureNu/22010/9/PMTfied_18.parquet
2025-02-18 15:12:18 - INFO - Filtered PMTfied file saved to: /lustre/hpc/project/icecube/HE_Nu_Aske_Oct2024/PMTfied_filtered/Snowstorm/MuonLike_PureNu/22010/9/PMTfied_5.parquet
2025-02-18 15:12:26 - INFO - Filtered PMTfied file saved to: /lustre/hpc/project/icecube/HE_Nu_Aske_Oct2024/PMTfied_filtered/Snowstorm/MuonLike_PureNu/22010/9/PMTfied_10.parquet
2025-02-18 15:12:33 - INFO - Filtered PMTfied file saved to: /lustre/hpc/project/icecube/HE_Nu_Aske_Oct2024/PMTfied_filtered/Snowstorm/MuonLike_PureNu/22010/9/PMTfied_9.parquet
2025-02-18 15:12:40 - INFO - Filtered PMTfied file saved to: /lustre/hpc/project/icecube/HE_Nu_Aske_Oct2024/PMTfied_filtered/Snowstorm/MuonLike_PureNu/22010/9/PMTfied_14.parquet
2025-02-18 15:12:40 - INFO - Filtering process completed.
2025-02-18 15:12:40 - INFO - Filtering process completed.
2025-02-18 15:12:41 - INFO - Unified receipt generated: /lustre/hpc/project/icecube/HE_Nu_Aske_Oct2024/PMTfied_filtered/Snowstorm/MuonLike_PureNu/22010/[Receipt]22010_9.json
2025-02-18 15:12:41 - INFO - Filtering process completed.
Job completed at Tue Feb 18 03:12:41 PM CET 2025
