Starting job at Tue Feb 18 03:07:01 PM CET 2025
Running Filter_by_part.py for subdirectory 22010, part 7
2025-02-18 15:07:01 - INFO - Event filtering process starts...
2025-02-18 15:07:01 - INFO - Initialized PureNeutrinoEventFilter filter for 22010/7
2025-02-18 15:07:02 - INFO - Loaded 7 event specifier files from /lustre/hpc/project/icecube/HE_Nu_Aske_Oct2024/clean_events_dict/22010/22010/reduced
2025-02-18 15:07:05 - INFO - Selected 3 CSV files covering event range [3394, 5020]
2025-02-18 15:07:55 - INFO - Loaded 35903402 valid (RunID, EventID) pairs from CSV files
2025-02-18 15:08:05 - INFO - Extracted 2795098 valid events based on pure neutrino events.
2025-02-18 15:08:16 - INFO - Initialized Muon13Filter filter for 22010/7
2025-02-18 15:08:19 - INFO - Extracted 2495588 valid events where MuonFilter_13==True.
2025-02-18 15:08:19 - INFO - Initialized CompositeEventFilter filter for 22010/7
2025-02-18 15:08:19 - INFO - Initialized (MuonLike_PureNu)
2025-02-18 15:08:19 - INFO - Starting filtering process for 22010/7
2025-02-18 15:08:19 - INFO - Starting filtering process for 22010/7
2025-02-18 15:09:40 - INFO - Recalculated 'offset' column based on 'N_doms' values within each 'shard_no' group.
2025-02-18 15:09:53 - INFO - Filtered truth file saved to: /lustre/hpc/project/icecube/HE_Nu_Aske_Oct2024/PMTfied_filtered/Snowstorm/MuonLike_PureNu/22010/truth_7.parquet
2025-02-18 15:10:00 - INFO - Filtered PMTfied file saved to: /lustre/hpc/project/icecube/HE_Nu_Aske_Oct2024/PMTfied_filtered/Snowstorm/MuonLike_PureNu/22010/7/PMTfied_20.parquet
2025-02-18 15:10:07 - INFO - Filtered PMTfied file saved to: /lustre/hpc/project/icecube/HE_Nu_Aske_Oct2024/PMTfied_filtered/Snowstorm/MuonLike_PureNu/22010/7/PMTfied_12.parquet
2025-02-18 15:10:15 - INFO - Filtered PMTfied file saved to: /lustre/hpc/project/icecube/HE_Nu_Aske_Oct2024/PMTfied_filtered/Snowstorm/MuonLike_PureNu/22010/7/PMTfied_16.parquet
2025-02-18 15:10:22 - INFO - Filtered PMTfied file saved to: /lustre/hpc/project/icecube/HE_Nu_Aske_Oct2024/PMTfied_filtered/Snowstorm/MuonLike_PureNu/22010/7/PMTfied_6.parquet
2025-02-18 15:10:29 - INFO - Filtered PMTfied file saved to: /lustre/hpc/project/icecube/HE_Nu_Aske_Oct2024/PMTfied_filtered/Snowstorm/MuonLike_PureNu/22010/7/PMTfied_2.parquet
2025-02-18 15:10:37 - INFO - Filtered PMTfied file saved to: /lustre/hpc/project/icecube/HE_Nu_Aske_Oct2024/PMTfied_filtered/Snowstorm/MuonLike_PureNu/22010/7/PMTfied_13.parquet
2025-02-18 15:10:44 - INFO - Filtered PMTfied file saved to: /lustre/hpc/project/icecube/HE_Nu_Aske_Oct2024/PMTfied_filtered/Snowstorm/MuonLike_PureNu/22010/7/PMTfied_17.parquet
2025-02-18 15:10:51 - INFO - Filtered PMTfied file saved to: /lustre/hpc/project/icecube/HE_Nu_Aske_Oct2024/PMTfied_filtered/Snowstorm/MuonLike_PureNu/22010/7/PMTfied_7.parquet
2025-02-18 15:10:59 - INFO - Filtered PMTfied file saved to: /lustre/hpc/project/icecube/HE_Nu_Aske_Oct2024/PMTfied_filtered/Snowstorm/MuonLike_PureNu/22010/7/PMTfied_3.parquet
2025-02-18 15:11:06 - INFO - Filtered PMTfied file saved to: /lustre/hpc/project/icecube/HE_Nu_Aske_Oct2024/PMTfied_filtered/Snowstorm/MuonLike_PureNu/22010/7/PMTfied_21.parquet
2025-02-18 15:11:13 - INFO - Filtered PMTfied file saved to: /lustre/hpc/project/icecube/HE_Nu_Aske_Oct2024/PMTfied_filtered/Snowstorm/MuonLike_PureNu/22010/7/PMTfied_19.parquet
2025-02-18 15:11:21 - INFO - Filtered PMTfied file saved to: /lustre/hpc/project/icecube/HE_Nu_Aske_Oct2024/PMTfied_filtered/Snowstorm/MuonLike_PureNu/22010/7/PMTfied_11.parquet
2025-02-18 15:11:28 - INFO - Filtered PMTfied file saved to: /lustre/hpc/project/icecube/HE_Nu_Aske_Oct2024/PMTfied_filtered/Snowstorm/MuonLike_PureNu/22010/7/PMTfied_15.parquet
2025-02-18 15:11:35 - INFO - Filtered PMTfied file saved to: /lustre/hpc/project/icecube/HE_Nu_Aske_Oct2024/PMTfied_filtered/Snowstorm/MuonLike_PureNu/22010/7/PMTfied_9.parquet
2025-02-18 15:11:43 - INFO - Filtered PMTfied file saved to: /lustre/hpc/project/icecube/HE_Nu_Aske_Oct2024/PMTfied_filtered/Snowstorm/MuonLike_PureNu/22010/7/PMTfied_5.parquet
2025-02-18 15:11:50 - INFO - Filtered PMTfied file saved to: /lustre/hpc/project/icecube/HE_Nu_Aske_Oct2024/PMTfied_filtered/Snowstorm/MuonLike_PureNu/22010/7/PMTfied_1.parquet
2025-02-18 15:11:52 - INFO - Filtered PMTfied file saved to: /lustre/hpc/project/icecube/HE_Nu_Aske_Oct2024/PMTfied_filtered/Snowstorm/MuonLike_PureNu/22010/7/PMTfied_22.parquet
2025-02-18 15:11:59 - INFO - Filtered PMTfied file saved to: /lustre/hpc/project/icecube/HE_Nu_Aske_Oct2024/PMTfied_filtered/Snowstorm/MuonLike_PureNu/22010/7/PMTfied_10.parquet
2025-02-18 15:12:06 - INFO - Filtered PMTfied file saved to: /lustre/hpc/project/icecube/HE_Nu_Aske_Oct2024/PMTfied_filtered/Snowstorm/MuonLike_PureNu/22010/7/PMTfied_14.parquet
2025-02-18 15:12:14 - INFO - Filtered PMTfied file saved to: /lustre/hpc/project/icecube/HE_Nu_Aske_Oct2024/PMTfied_filtered/Snowstorm/MuonLike_PureNu/22010/7/PMTfied_18.parquet
2025-02-18 15:12:21 - INFO - Filtered PMTfied file saved to: /lustre/hpc/project/icecube/HE_Nu_Aske_Oct2024/PMTfied_filtered/Snowstorm/MuonLike_PureNu/22010/7/PMTfied_4.parquet
2025-02-18 15:12:28 - INFO - Filtered PMTfied file saved to: /lustre/hpc/project/icecube/HE_Nu_Aske_Oct2024/PMTfied_filtered/Snowstorm/MuonLike_PureNu/22010/7/PMTfied_8.parquet
2025-02-18 15:12:28 - INFO - Filtering process completed.
2025-02-18 15:12:28 - INFO - Filtering process completed.
2025-02-18 15:12:29 - INFO - Unified receipt generated: /lustre/hpc/project/icecube/HE_Nu_Aske_Oct2024/PMTfied_filtered/Snowstorm/MuonLike_PureNu/22010/[Receipt]22010_7.json
2025-02-18 15:12:29 - INFO - Filtering process completed.
Job completed at Tue Feb 18 03:12:29 PM CET 2025
