Starting job at Mon Feb 17 04:03:51 PM CET 2025
Running Filter_by_part.py for subdirectory 22010, part 1
2025-02-17 16:03:51 - INFO - Event filtering process starts...
2025-02-17 16:03:51 - INFO - Initialized Muon13Filter filter for 22010/1
2025-02-17 16:03:55 - INFO - Extracted 2494815 valid events where MuonFilter_13==True.
2025-02-17 16:03:55 - INFO - Initialized CompositeEventFilter filter for 22010/1
2025-02-17 16:03:55 - INFO - Initialized (MuonLike)
2025-02-17 16:03:55 - INFO - Starting filtering process for 22010/1
2025-02-17 16:03:55 - INFO - Starting filtering process for 22010/1
2025-02-17 16:04:44 - INFO - Recalculated 'offset' column based on 'N_doms' values within each 'shard_no' group.
2025-02-17 16:04:53 - INFO - Filtered truth file saved to: /lustre/hpc/project/icecube/HE_Nu_Aske_Oct2024/PMTfied_filtered/Snowstorm/MuonLike/22010/truth_1.parquet
2025-02-17 16:04:58 - INFO - Filtered PMTfied file saved to: /lustre/hpc/project/icecube/HE_Nu_Aske_Oct2024/PMTfied_filtered/Snowstorm/MuonLike/22010/1/PMTfied_15.parquet
2025-02-17 16:05:04 - INFO - Filtered PMTfied file saved to: /lustre/hpc/project/icecube/HE_Nu_Aske_Oct2024/PMTfied_filtered/Snowstorm/MuonLike/22010/1/PMTfied_11.parquet
2025-02-17 16:05:09 - INFO - Filtered PMTfied file saved to: /lustre/hpc/project/icecube/HE_Nu_Aske_Oct2024/PMTfied_filtered/Snowstorm/MuonLike/22010/1/PMTfied_19.parquet
2025-02-17 16:05:13 - INFO - Filtered PMTfied file saved to: /lustre/hpc/project/icecube/HE_Nu_Aske_Oct2024/PMTfied_filtered/Snowstorm/MuonLike/22010/1/PMTfied_2.parquet
2025-02-17 16:05:18 - INFO - Filtered PMTfied file saved to: /lustre/hpc/project/icecube/HE_Nu_Aske_Oct2024/PMTfied_filtered/Snowstorm/MuonLike/22010/1/PMTfied_6.parquet
2025-02-17 16:05:19 - INFO - Filtered PMTfied file saved to: /lustre/hpc/project/icecube/HE_Nu_Aske_Oct2024/PMTfied_filtered/Snowstorm/MuonLike/22010/1/PMTfied_22.parquet
2025-02-17 16:05:24 - INFO - Filtered PMTfied file saved to: /lustre/hpc/project/icecube/HE_Nu_Aske_Oct2024/PMTfied_filtered/Snowstorm/MuonLike/22010/1/PMTfied_3.parquet
2025-02-17 16:05:28 - INFO - Filtered PMTfied file saved to: /lustre/hpc/project/icecube/HE_Nu_Aske_Oct2024/PMTfied_filtered/Snowstorm/MuonLike/22010/1/PMTfied_7.parquet
2025-02-17 16:05:34 - INFO - Filtered PMTfied file saved to: /lustre/hpc/project/icecube/HE_Nu_Aske_Oct2024/PMTfied_filtered/Snowstorm/MuonLike/22010/1/PMTfied_18.parquet
2025-02-17 16:05:39 - INFO - Filtered PMTfied file saved to: /lustre/hpc/project/icecube/HE_Nu_Aske_Oct2024/PMTfied_filtered/Snowstorm/MuonLike/22010/1/PMTfied_14.parquet
2025-02-17 16:05:44 - INFO - Filtered PMTfied file saved to: /lustre/hpc/project/icecube/HE_Nu_Aske_Oct2024/PMTfied_filtered/Snowstorm/MuonLike/22010/1/PMTfied_10.parquet
2025-02-17 16:05:49 - INFO - Filtered PMTfied file saved to: /lustre/hpc/project/icecube/HE_Nu_Aske_Oct2024/PMTfied_filtered/Snowstorm/MuonLike/22010/1/PMTfied_20.parquet
2025-02-17 16:05:53 - INFO - Filtered PMTfied file saved to: /lustre/hpc/project/icecube/HE_Nu_Aske_Oct2024/PMTfied_filtered/Snowstorm/MuonLike/22010/1/PMTfied_9.parquet
2025-02-17 16:05:58 - INFO - Filtered PMTfied file saved to: /lustre/hpc/project/icecube/HE_Nu_Aske_Oct2024/PMTfied_filtered/Snowstorm/MuonLike/22010/1/PMTfied_1.parquet
2025-02-17 16:06:03 - INFO - Filtered PMTfied file saved to: /lustre/hpc/project/icecube/HE_Nu_Aske_Oct2024/PMTfied_filtered/Snowstorm/MuonLike/22010/1/PMTfied_5.parquet
2025-02-17 16:06:07 - INFO - Filtered PMTfied file saved to: /lustre/hpc/project/icecube/HE_Nu_Aske_Oct2024/PMTfied_filtered/Snowstorm/MuonLike/22010/1/PMTfied_16.parquet
2025-02-17 16:06:12 - INFO - Filtered PMTfied file saved to: /lustre/hpc/project/icecube/HE_Nu_Aske_Oct2024/PMTfied_filtered/Snowstorm/MuonLike/22010/1/PMTfied_12.parquet
2025-02-17 16:06:18 - INFO - Filtered PMTfied file saved to: /lustre/hpc/project/icecube/HE_Nu_Aske_Oct2024/PMTfied_filtered/Snowstorm/MuonLike/22010/1/PMTfied_17.parquet
2025-02-17 16:06:23 - INFO - Filtered PMTfied file saved to: /lustre/hpc/project/icecube/HE_Nu_Aske_Oct2024/PMTfied_filtered/Snowstorm/MuonLike/22010/1/PMTfied_13.parquet
2025-02-17 16:06:28 - INFO - Filtered PMTfied file saved to: /lustre/hpc/project/icecube/HE_Nu_Aske_Oct2024/PMTfied_filtered/Snowstorm/MuonLike/22010/1/PMTfied_21.parquet
2025-02-17 16:06:32 - INFO - Filtered PMTfied file saved to: /lustre/hpc/project/icecube/HE_Nu_Aske_Oct2024/PMTfied_filtered/Snowstorm/MuonLike/22010/1/PMTfied_4.parquet
2025-02-17 16:06:37 - INFO - Filtered PMTfied file saved to: /lustre/hpc/project/icecube/HE_Nu_Aske_Oct2024/PMTfied_filtered/Snowstorm/MuonLike/22010/1/PMTfied_8.parquet
2025-02-17 16:06:37 - INFO - Filtering process completed.
2025-02-17 16:06:37 - INFO - Filtering process completed.
2025-02-17 16:06:37 - INFO - Unified receipt generated: /lustre/hpc/project/icecube/HE_Nu_Aske_Oct2024/PMTfied_filtered/Snowstorm/MuonLike/22010/[Receipt]22010_1.json
2025-02-17 16:06:37 - INFO - Filtering process completed.
Job completed at Mon Feb 17 04:06:37 PM CET 2025
