Starting job at Tue Feb 18 03:07:01 PM CET 2025
Running Filter_by_part.py for subdirectory 22010, part 5
2025-02-18 15:07:01 - INFO - Event filtering process starts...
2025-02-18 15:07:01 - INFO - Initialized PureNeutrinoEventFilter filter for 22010/5
2025-02-18 15:07:02 - INFO - Loaded 7 event specifier files from /lustre/hpc/project/icecube/HE_Nu_Aske_Oct2024/clean_events_dict/22010/22010/reduced
2025-02-18 15:07:06 - INFO - Selected 3 CSV files covering event range [1714, 3358]
2025-02-18 15:08:00 - INFO - Loaded 35937228 valid (RunID, EventID) pairs from CSV files
2025-02-18 15:08:10 - INFO - Extracted 2792624 valid events based on pure neutrino events.
2025-02-18 15:08:22 - INFO - Initialized Muon13Filter filter for 22010/5
2025-02-18 15:08:25 - INFO - Extracted 2494773 valid events where MuonFilter_13==True.
2025-02-18 15:08:25 - INFO - Initialized CompositeEventFilter filter for 22010/5
2025-02-18 15:08:25 - INFO - Initialized (MuonLike_PureNu)
2025-02-18 15:08:25 - INFO - Starting filtering process for 22010/5
2025-02-18 15:08:25 - INFO - Starting filtering process for 22010/5
2025-02-18 15:09:57 - INFO - Recalculated 'offset' column based on 'N_doms' values within each 'shard_no' group.
2025-02-18 15:10:12 - INFO - Filtered truth file saved to: /lustre/hpc/project/icecube/HE_Nu_Aske_Oct2024/PMTfied_filtered/Snowstorm/MuonLike_PureNu/22010/truth_5.parquet
2025-02-18 15:10:14 - INFO - Filtered PMTfied file saved to: /lustre/hpc/project/icecube/HE_Nu_Aske_Oct2024/PMTfied_filtered/Snowstorm/MuonLike_PureNu/22010/5/PMTfied_22.parquet
2025-02-18 15:10:22 - INFO - Filtered PMTfied file saved to: /lustre/hpc/project/icecube/HE_Nu_Aske_Oct2024/PMTfied_filtered/Snowstorm/MuonLike_PureNu/22010/5/PMTfied_18.parquet
2025-02-18 15:10:31 - INFO - Filtered PMTfied file saved to: /lustre/hpc/project/icecube/HE_Nu_Aske_Oct2024/PMTfied_filtered/Snowstorm/MuonLike_PureNu/22010/5/PMTfied_14.parquet
2025-02-18 15:10:39 - INFO - Filtered PMTfied file saved to: /lustre/hpc/project/icecube/HE_Nu_Aske_Oct2024/PMTfied_filtered/Snowstorm/MuonLike_PureNu/22010/5/PMTfied_10.parquet
2025-02-18 15:10:47 - INFO - Filtered PMTfied file saved to: /lustre/hpc/project/icecube/HE_Nu_Aske_Oct2024/PMTfied_filtered/Snowstorm/MuonLike_PureNu/22010/5/PMTfied_7.parquet
2025-02-18 15:10:55 - INFO - Filtered PMTfied file saved to: /lustre/hpc/project/icecube/HE_Nu_Aske_Oct2024/PMTfied_filtered/Snowstorm/MuonLike_PureNu/22010/5/PMTfied_3.parquet
2025-02-18 15:11:04 - INFO - Filtered PMTfied file saved to: /lustre/hpc/project/icecube/HE_Nu_Aske_Oct2024/PMTfied_filtered/Snowstorm/MuonLike_PureNu/22010/5/PMTfied_15.parquet
2025-02-18 15:11:12 - INFO - Filtered PMTfied file saved to: /lustre/hpc/project/icecube/HE_Nu_Aske_Oct2024/PMTfied_filtered/Snowstorm/MuonLike_PureNu/22010/5/PMTfied_11.parquet
2025-02-18 15:11:20 - INFO - Filtered PMTfied file saved to: /lustre/hpc/project/icecube/HE_Nu_Aske_Oct2024/PMTfied_filtered/Snowstorm/MuonLike_PureNu/22010/5/PMTfied_19.parquet
2025-02-18 15:11:28 - INFO - Filtered PMTfied file saved to: /lustre/hpc/project/icecube/HE_Nu_Aske_Oct2024/PMTfied_filtered/Snowstorm/MuonLike_PureNu/22010/5/PMTfied_6.parquet
2025-02-18 15:11:36 - INFO - Filtered PMTfied file saved to: /lustre/hpc/project/icecube/HE_Nu_Aske_Oct2024/PMTfied_filtered/Snowstorm/MuonLike_PureNu/22010/5/PMTfied_2.parquet
2025-02-18 15:11:44 - INFO - Filtered PMTfied file saved to: /lustre/hpc/project/icecube/HE_Nu_Aske_Oct2024/PMTfied_filtered/Snowstorm/MuonLike_PureNu/22010/5/PMTfied_17.parquet
2025-02-18 15:11:52 - INFO - Filtered PMTfied file saved to: /lustre/hpc/project/icecube/HE_Nu_Aske_Oct2024/PMTfied_filtered/Snowstorm/MuonLike_PureNu/22010/5/PMTfied_13.parquet
2025-02-18 15:12:01 - INFO - Filtered PMTfied file saved to: /lustre/hpc/project/icecube/HE_Nu_Aske_Oct2024/PMTfied_filtered/Snowstorm/MuonLike_PureNu/22010/5/PMTfied_8.parquet
2025-02-18 15:12:09 - INFO - Filtered PMTfied file saved to: /lustre/hpc/project/icecube/HE_Nu_Aske_Oct2024/PMTfied_filtered/Snowstorm/MuonLike_PureNu/22010/5/PMTfied_4.parquet
2025-02-18 15:12:17 - INFO - Filtered PMTfied file saved to: /lustre/hpc/project/icecube/HE_Nu_Aske_Oct2024/PMTfied_filtered/Snowstorm/MuonLike_PureNu/22010/5/PMTfied_21.parquet
2025-02-18 15:12:25 - INFO - Filtered PMTfied file saved to: /lustre/hpc/project/icecube/HE_Nu_Aske_Oct2024/PMTfied_filtered/Snowstorm/MuonLike_PureNu/22010/5/PMTfied_20.parquet
2025-02-18 15:12:34 - INFO - Filtered PMTfied file saved to: /lustre/hpc/project/icecube/HE_Nu_Aske_Oct2024/PMTfied_filtered/Snowstorm/MuonLike_PureNu/22010/5/PMTfied_16.parquet
2025-02-18 15:12:42 - INFO - Filtered PMTfied file saved to: /lustre/hpc/project/icecube/HE_Nu_Aske_Oct2024/PMTfied_filtered/Snowstorm/MuonLike_PureNu/22010/5/PMTfied_12.parquet
2025-02-18 15:12:50 - INFO - Filtered PMTfied file saved to: /lustre/hpc/project/icecube/HE_Nu_Aske_Oct2024/PMTfied_filtered/Snowstorm/MuonLike_PureNu/22010/5/PMTfied_5.parquet
2025-02-18 15:12:58 - INFO - Filtered PMTfied file saved to: /lustre/hpc/project/icecube/HE_Nu_Aske_Oct2024/PMTfied_filtered/Snowstorm/MuonLike_PureNu/22010/5/PMTfied_1.parquet
2025-02-18 15:13:07 - INFO - Filtered PMTfied file saved to: /lustre/hpc/project/icecube/HE_Nu_Aske_Oct2024/PMTfied_filtered/Snowstorm/MuonLike_PureNu/22010/5/PMTfied_9.parquet
2025-02-18 15:13:07 - INFO - Filtering process completed.
2025-02-18 15:13:07 - INFO - Filtering process completed.
2025-02-18 15:13:07 - INFO - Unified receipt generated: /lustre/hpc/project/icecube/HE_Nu_Aske_Oct2024/PMTfied_filtered/Snowstorm/MuonLike_PureNu/22010/[Receipt]22010_5.json
2025-02-18 15:13:07 - INFO - Filtering process completed.
Job completed at Tue Feb 18 03:13:07 PM CET 2025
