Starting job at Tue Feb 18 02:58:05 PM CET 2025
Running Filter_by_part.py for subdirectory 22010, part 9
2025-02-18 14:58:10 - INFO - Event filtering process starts...
2025-02-18 14:58:10 - INFO - Initialized PureNeutrinoEventFilter filter for 22010/9
2025-02-18 14:58:25 - INFO - Loaded 7 event specifier files from /lustre/hpc/project/icecube/HE_Nu_Aske_Oct2024/clean_events_dict/22010/22010/reduced
2025-02-18 14:58:28 - INFO - Selected 4 CSV files covering event range [3454, 6690]
2025-02-18 14:59:38 - INFO - Loaded 44900634 valid (RunID, EventID) pairs from CSV files
2025-02-18 14:59:47 - INFO - Extracted 2787186 valid events based on pure neutrino events.
2025-02-18 15:00:03 - INFO - Initialized CompositeEventFilter filter for 22010/9
2025-02-18 15:00:03 - INFO - Initialized (PureNu)
2025-02-18 15:00:03 - INFO - Starting filtering process for 22010/9
2025-02-18 15:00:03 - INFO - Starting filtering process for 22010/9
2025-02-18 15:01:57 - INFO - Recalculated 'offset' column based on 'N_doms' values within each 'shard_no' group.
2025-02-18 15:02:16 - INFO - Filtered truth file saved to: /lustre/hpc/project/icecube/HE_Nu_Aske_Oct2024/PMTfied_filtered/Snowstorm/PureNu/22010/truth_9.parquet
2025-02-18 15:02:25 - INFO - Filtered PMTfied file saved to: /lustre/hpc/project/icecube/HE_Nu_Aske_Oct2024/PMTfied_filtered/Snowstorm/PureNu/22010/9/PMTfied_20.parquet
2025-02-18 15:02:35 - INFO - Filtered PMTfied file saved to: /lustre/hpc/project/icecube/HE_Nu_Aske_Oct2024/PMTfied_filtered/Snowstorm/PureNu/22010/9/PMTfied_3.parquet
2025-02-18 15:02:45 - INFO - Filtered PMTfied file saved to: /lustre/hpc/project/icecube/HE_Nu_Aske_Oct2024/PMTfied_filtered/Snowstorm/PureNu/22010/9/PMTfied_7.parquet
2025-02-18 15:02:56 - INFO - Filtered PMTfied file saved to: /lustre/hpc/project/icecube/HE_Nu_Aske_Oct2024/PMTfied_filtered/Snowstorm/PureNu/22010/9/PMTfied_12.parquet
2025-02-18 15:03:06 - INFO - Filtered PMTfied file saved to: /lustre/hpc/project/icecube/HE_Nu_Aske_Oct2024/PMTfied_filtered/Snowstorm/PureNu/22010/9/PMTfied_16.parquet
2025-02-18 15:03:16 - INFO - Filtered PMTfied file saved to: /lustre/hpc/project/icecube/HE_Nu_Aske_Oct2024/PMTfied_filtered/Snowstorm/PureNu/22010/9/PMTfied_13.parquet
2025-02-18 15:03:27 - INFO - Filtered PMTfied file saved to: /lustre/hpc/project/icecube/HE_Nu_Aske_Oct2024/PMTfied_filtered/Snowstorm/PureNu/22010/9/PMTfied_17.parquet
2025-02-18 15:03:37 - INFO - Filtered PMTfied file saved to: /lustre/hpc/project/icecube/HE_Nu_Aske_Oct2024/PMTfied_filtered/Snowstorm/PureNu/22010/9/PMTfied_2.parquet
2025-02-18 15:03:47 - INFO - Filtered PMTfied file saved to: /lustre/hpc/project/icecube/HE_Nu_Aske_Oct2024/PMTfied_filtered/Snowstorm/PureNu/22010/9/PMTfied_6.parquet
2025-02-18 15:03:57 - INFO - Filtered PMTfied file saved to: /lustre/hpc/project/icecube/HE_Nu_Aske_Oct2024/PMTfied_filtered/Snowstorm/PureNu/22010/9/PMTfied_21.parquet
2025-02-18 15:04:07 - INFO - Filtered PMTfied file saved to: /lustre/hpc/project/icecube/HE_Nu_Aske_Oct2024/PMTfied_filtered/Snowstorm/PureNu/22010/9/PMTfied_11.parquet
2025-02-18 15:04:17 - INFO - Filtered PMTfied file saved to: /lustre/hpc/project/icecube/HE_Nu_Aske_Oct2024/PMTfied_filtered/Snowstorm/PureNu/22010/9/PMTfied_8.parquet
2025-02-18 15:04:27 - INFO - Filtered PMTfied file saved to: /lustre/hpc/project/icecube/HE_Nu_Aske_Oct2024/PMTfied_filtered/Snowstorm/PureNu/22010/9/PMTfied_15.parquet
2025-02-18 15:04:37 - INFO - Filtered PMTfied file saved to: /lustre/hpc/project/icecube/HE_Nu_Aske_Oct2024/PMTfied_filtered/Snowstorm/PureNu/22010/9/PMTfied_19.parquet
2025-02-18 15:04:47 - INFO - Filtered PMTfied file saved to: /lustre/hpc/project/icecube/HE_Nu_Aske_Oct2024/PMTfied_filtered/Snowstorm/PureNu/22010/9/PMTfied_4.parquet
2025-02-18 15:04:49 - INFO - Filtered PMTfied file saved to: /lustre/hpc/project/icecube/HE_Nu_Aske_Oct2024/PMTfied_filtered/Snowstorm/PureNu/22010/9/PMTfied_22.parquet
2025-02-18 15:04:59 - INFO - Filtered PMTfied file saved to: /lustre/hpc/project/icecube/HE_Nu_Aske_Oct2024/PMTfied_filtered/Snowstorm/PureNu/22010/9/PMTfied_1.parquet
2025-02-18 15:05:09 - INFO - Filtered PMTfied file saved to: /lustre/hpc/project/icecube/HE_Nu_Aske_Oct2024/PMTfied_filtered/Snowstorm/PureNu/22010/9/PMTfied_18.parquet
2025-02-18 15:05:19 - INFO - Filtered PMTfied file saved to: /lustre/hpc/project/icecube/HE_Nu_Aske_Oct2024/PMTfied_filtered/Snowstorm/PureNu/22010/9/PMTfied_5.parquet
2025-02-18 15:05:29 - INFO - Filtered PMTfied file saved to: /lustre/hpc/project/icecube/HE_Nu_Aske_Oct2024/PMTfied_filtered/Snowstorm/PureNu/22010/9/PMTfied_10.parquet
2025-02-18 15:05:39 - INFO - Filtered PMTfied file saved to: /lustre/hpc/project/icecube/HE_Nu_Aske_Oct2024/PMTfied_filtered/Snowstorm/PureNu/22010/9/PMTfied_9.parquet
2025-02-18 15:05:49 - INFO - Filtered PMTfied file saved to: /lustre/hpc/project/icecube/HE_Nu_Aske_Oct2024/PMTfied_filtered/Snowstorm/PureNu/22010/9/PMTfied_14.parquet
2025-02-18 15:05:49 - INFO - Filtering process completed.
2025-02-18 15:05:49 - INFO - Filtering process completed.
2025-02-18 15:05:50 - INFO - Unified receipt generated: /lustre/hpc/project/icecube/HE_Nu_Aske_Oct2024/PMTfied_filtered/Snowstorm/PureNu/22010/[Receipt]22010_9.json
2025-02-18 15:05:50 - INFO - Filtering process completed.
Job completed at Tue Feb 18 03:05:50 PM CET 2025
