Starting job at Tue Feb 18 02:58:04 PM CET 2025
Running Filter_by_part.py for subdirectory 22010, part 8
2025-02-18 14:58:10 - INFO - Event filtering process starts...
2025-02-18 14:58:10 - INFO - Initialized PureNeutrinoEventFilter filter for 22010/8
2025-02-18 14:58:25 - INFO - Loaded 7 event specifier files from /lustre/hpc/project/icecube/HE_Nu_Aske_Oct2024/clean_events_dict/22010/22010/reduced
2025-02-18 14:58:28 - INFO - Selected 3 CSV files covering event range [3424, 5079]
2025-02-18 14:59:21 - INFO - Loaded 35903402 valid (RunID, EventID) pairs from CSV files
2025-02-18 14:59:30 - INFO - Extracted 2791312 valid events based on pure neutrino events.
2025-02-18 14:59:42 - INFO - Initialized CompositeEventFilter filter for 22010/8
2025-02-18 14:59:42 - INFO - Initialized (PureNu)
2025-02-18 14:59:42 - INFO - Starting filtering process for 22010/8
2025-02-18 14:59:42 - INFO - Starting filtering process for 22010/8
2025-02-18 15:01:36 - INFO - Recalculated 'offset' column based on 'N_doms' values within each 'shard_no' group.
2025-02-18 15:01:54 - INFO - Filtered truth file saved to: /lustre/hpc/project/icecube/HE_Nu_Aske_Oct2024/PMTfied_filtered/Snowstorm/PureNu/22010/truth_8.parquet
2025-02-18 15:02:04 - INFO - Filtered PMTfied file saved to: /lustre/hpc/project/icecube/HE_Nu_Aske_Oct2024/PMTfied_filtered/Snowstorm/PureNu/22010/8/PMTfied_21.parquet
2025-02-18 15:02:14 - INFO - Filtered PMTfied file saved to: /lustre/hpc/project/icecube/HE_Nu_Aske_Oct2024/PMTfied_filtered/Snowstorm/PureNu/22010/8/PMTfied_2.parquet
2025-02-18 15:02:24 - INFO - Filtered PMTfied file saved to: /lustre/hpc/project/icecube/HE_Nu_Aske_Oct2024/PMTfied_filtered/Snowstorm/PureNu/22010/8/PMTfied_6.parquet
2025-02-18 15:02:34 - INFO - Filtered PMTfied file saved to: /lustre/hpc/project/icecube/HE_Nu_Aske_Oct2024/PMTfied_filtered/Snowstorm/PureNu/22010/8/PMTfied_17.parquet
2025-02-18 15:02:44 - INFO - Filtered PMTfied file saved to: /lustre/hpc/project/icecube/HE_Nu_Aske_Oct2024/PMTfied_filtered/Snowstorm/PureNu/22010/8/PMTfied_13.parquet
2025-02-18 15:02:54 - INFO - Filtered PMTfied file saved to: /lustre/hpc/project/icecube/HE_Nu_Aske_Oct2024/PMTfied_filtered/Snowstorm/PureNu/22010/8/PMTfied_3.parquet
2025-02-18 15:03:04 - INFO - Filtered PMTfied file saved to: /lustre/hpc/project/icecube/HE_Nu_Aske_Oct2024/PMTfied_filtered/Snowstorm/PureNu/22010/8/PMTfied_7.parquet
2025-02-18 15:03:14 - INFO - Filtered PMTfied file saved to: /lustre/hpc/project/icecube/HE_Nu_Aske_Oct2024/PMTfied_filtered/Snowstorm/PureNu/22010/8/PMTfied_16.parquet
2025-02-18 15:03:24 - INFO - Filtered PMTfied file saved to: /lustre/hpc/project/icecube/HE_Nu_Aske_Oct2024/PMTfied_filtered/Snowstorm/PureNu/22010/8/PMTfied_12.parquet
2025-02-18 15:03:34 - INFO - Filtered PMTfied file saved to: /lustre/hpc/project/icecube/HE_Nu_Aske_Oct2024/PMTfied_filtered/Snowstorm/PureNu/22010/8/PMTfied_20.parquet
2025-02-18 15:03:44 - INFO - Filtered PMTfied file saved to: /lustre/hpc/project/icecube/HE_Nu_Aske_Oct2024/PMTfied_filtered/Snowstorm/PureNu/22010/8/PMTfied_1.parquet
2025-02-18 15:03:54 - INFO - Filtered PMTfied file saved to: /lustre/hpc/project/icecube/HE_Nu_Aske_Oct2024/PMTfied_filtered/Snowstorm/PureNu/22010/8/PMTfied_5.parquet
2025-02-18 15:04:04 - INFO - Filtered PMTfied file saved to: /lustre/hpc/project/icecube/HE_Nu_Aske_Oct2024/PMTfied_filtered/Snowstorm/PureNu/22010/8/PMTfied_9.parquet
2025-02-18 15:04:14 - INFO - Filtered PMTfied file saved to: /lustre/hpc/project/icecube/HE_Nu_Aske_Oct2024/PMTfied_filtered/Snowstorm/PureNu/22010/8/PMTfied_14.parquet
2025-02-18 15:04:24 - INFO - Filtered PMTfied file saved to: /lustre/hpc/project/icecube/HE_Nu_Aske_Oct2024/PMTfied_filtered/Snowstorm/PureNu/22010/8/PMTfied_10.parquet
2025-02-18 15:04:34 - INFO - Filtered PMTfied file saved to: /lustre/hpc/project/icecube/HE_Nu_Aske_Oct2024/PMTfied_filtered/Snowstorm/PureNu/22010/8/PMTfied_18.parquet
2025-02-18 15:04:36 - INFO - Filtered PMTfied file saved to: /lustre/hpc/project/icecube/HE_Nu_Aske_Oct2024/PMTfied_filtered/Snowstorm/PureNu/22010/8/PMTfied_22.parquet
2025-02-18 15:04:45 - INFO - Filtered PMTfied file saved to: /lustre/hpc/project/icecube/HE_Nu_Aske_Oct2024/PMTfied_filtered/Snowstorm/PureNu/22010/8/PMTfied_8.parquet
2025-02-18 15:04:55 - INFO - Filtered PMTfied file saved to: /lustre/hpc/project/icecube/HE_Nu_Aske_Oct2024/PMTfied_filtered/Snowstorm/PureNu/22010/8/PMTfied_4.parquet
2025-02-18 15:05:05 - INFO - Filtered PMTfied file saved to: /lustre/hpc/project/icecube/HE_Nu_Aske_Oct2024/PMTfied_filtered/Snowstorm/PureNu/22010/8/PMTfied_19.parquet
2025-02-18 15:05:16 - INFO - Filtered PMTfied file saved to: /lustre/hpc/project/icecube/HE_Nu_Aske_Oct2024/PMTfied_filtered/Snowstorm/PureNu/22010/8/PMTfied_15.parquet
2025-02-18 15:05:25 - INFO - Filtered PMTfied file saved to: /lustre/hpc/project/icecube/HE_Nu_Aske_Oct2024/PMTfied_filtered/Snowstorm/PureNu/22010/8/PMTfied_11.parquet
2025-02-18 15:05:25 - INFO - Filtering process completed.
2025-02-18 15:05:25 - INFO - Filtering process completed.
2025-02-18 15:05:26 - INFO - Unified receipt generated: /lustre/hpc/project/icecube/HE_Nu_Aske_Oct2024/PMTfied_filtered/Snowstorm/PureNu/22010/[Receipt]22010_8.json
2025-02-18 15:05:26 - INFO - Filtering process completed.
Job completed at Tue Feb 18 03:05:26 PM CET 2025
