Starting job at Thu Feb 13 04:57:51 PM CET 2025
Running Filter_by_part.py for subdirectory 22010, part 3
2025-02-13 16:57:53 - INFO - Event filtering process starts...
2025-02-13 16:57:53 - INFO - Initialized Muon13Filter
2025-02-13 16:57:53 - INFO - Starting filtering process for 22010/3
2025-02-13 16:58:24 - INFO - Recalculated 'offset' column based on filtered 'N_doms' values.
2025-02-13 16:58:28 - INFO - Filtered truth file saved to: /lustre/hpc/project/icecube/HE_Nu_Aske_Oct2024/PMTfied_filtered/MuonLike/Snowstorm/22010/truth_3.parquet
2025-02-13 16:58:28 - INFO - Receipt file saved to: /lustre/hpc/project/icecube/HE_Nu_Aske_Oct2024/PMTfied_filtered/MuonLike/Snowstorm/22010/[Receipt]22010_3.json
2025-02-13 16:58:39 - INFO - Filtered PMTfied file saved to: /lustre/hpc/project/icecube/HE_Nu_Aske_Oct2024/PMTfied_filtered/MuonLike/Snowstorm/22010/3/PMTfied_12.parquet
2025-02-13 16:58:49 - INFO - Filtered PMTfied file saved to: /lustre/hpc/project/icecube/HE_Nu_Aske_Oct2024/PMTfied_filtered/MuonLike/Snowstorm/22010/3/PMTfied_16.parquet
2025-02-13 16:58:59 - INFO - Filtered PMTfied file saved to: /lustre/hpc/project/icecube/HE_Nu_Aske_Oct2024/PMTfied_filtered/MuonLike/Snowstorm/22010/3/PMTfied_2.parquet
2025-02-13 16:59:10 - INFO - Filtered PMTfied file saved to: /lustre/hpc/project/icecube/HE_Nu_Aske_Oct2024/PMTfied_filtered/MuonLike/Snowstorm/22010/3/PMTfied_6.parquet
2025-02-13 16:59:21 - INFO - Filtered PMTfied file saved to: /lustre/hpc/project/icecube/HE_Nu_Aske_Oct2024/PMTfied_filtered/MuonLike/Snowstorm/22010/3/PMTfied_20.parquet
2025-02-13 16:59:32 - INFO - Filtered PMTfied file saved to: /lustre/hpc/project/icecube/HE_Nu_Aske_Oct2024/PMTfied_filtered/MuonLike/Snowstorm/22010/3/PMTfied_3.parquet
2025-02-13 16:59:42 - INFO - Filtered PMTfied file saved to: /lustre/hpc/project/icecube/HE_Nu_Aske_Oct2024/PMTfied_filtered/MuonLike/Snowstorm/22010/3/PMTfied_7.parquet
2025-02-13 16:59:52 - INFO - Filtered PMTfied file saved to: /lustre/hpc/project/icecube/HE_Nu_Aske_Oct2024/PMTfied_filtered/MuonLike/Snowstorm/22010/3/PMTfied_21.parquet
2025-02-13 17:00:02 - INFO - Filtered PMTfied file saved to: /lustre/hpc/project/icecube/HE_Nu_Aske_Oct2024/PMTfied_filtered/MuonLike/Snowstorm/22010/3/PMTfied_13.parquet
2025-02-13 17:00:13 - INFO - Filtered PMTfied file saved to: /lustre/hpc/project/icecube/HE_Nu_Aske_Oct2024/PMTfied_filtered/MuonLike/Snowstorm/22010/3/PMTfied_17.parquet
2025-02-13 17:00:23 - INFO - Filtered PMTfied file saved to: /lustre/hpc/project/icecube/HE_Nu_Aske_Oct2024/PMTfied_filtered/MuonLike/Snowstorm/22010/3/PMTfied_1.parquet
2025-02-13 17:00:33 - INFO - Filtered PMTfied file saved to: /lustre/hpc/project/icecube/HE_Nu_Aske_Oct2024/PMTfied_filtered/MuonLike/Snowstorm/22010/3/PMTfied_5.parquet
2025-02-13 17:00:43 - INFO - Filtered PMTfied file saved to: /lustre/hpc/project/icecube/HE_Nu_Aske_Oct2024/PMTfied_filtered/MuonLike/Snowstorm/22010/3/PMTfied_9.parquet
2025-02-13 17:00:54 - INFO - Filtered PMTfied file saved to: /lustre/hpc/project/icecube/HE_Nu_Aske_Oct2024/PMTfied_filtered/MuonLike/Snowstorm/22010/3/PMTfied_11.parquet
2025-02-13 17:01:04 - INFO - Filtered PMTfied file saved to: /lustre/hpc/project/icecube/HE_Nu_Aske_Oct2024/PMTfied_filtered/MuonLike/Snowstorm/22010/3/PMTfied_15.parquet
2025-02-13 17:01:14 - INFO - Filtered PMTfied file saved to: /lustre/hpc/project/icecube/HE_Nu_Aske_Oct2024/PMTfied_filtered/MuonLike/Snowstorm/22010/3/PMTfied_19.parquet
2025-02-13 17:01:24 - INFO - Filtered PMTfied file saved to: /lustre/hpc/project/icecube/HE_Nu_Aske_Oct2024/PMTfied_filtered/MuonLike/Snowstorm/22010/3/PMTfied_18.parquet
2025-02-13 17:01:35 - INFO - Filtered PMTfied file saved to: /lustre/hpc/project/icecube/HE_Nu_Aske_Oct2024/PMTfied_filtered/MuonLike/Snowstorm/22010/3/PMTfied_10.parquet
2025-02-13 17:01:45 - INFO - Filtered PMTfied file saved to: /lustre/hpc/project/icecube/HE_Nu_Aske_Oct2024/PMTfied_filtered/MuonLike/Snowstorm/22010/3/PMTfied_14.parquet
2025-02-13 17:01:56 - INFO - Filtered PMTfied file saved to: /lustre/hpc/project/icecube/HE_Nu_Aske_Oct2024/PMTfied_filtered/MuonLike/Snowstorm/22010/3/PMTfied_8.parquet
2025-02-13 17:02:06 - INFO - Filtered PMTfied file saved to: /lustre/hpc/project/icecube/HE_Nu_Aske_Oct2024/PMTfied_filtered/MuonLike/Snowstorm/22010/3/PMTfied_4.parquet
2025-02-13 17:02:08 - INFO - Filtered PMTfied file saved to: /lustre/hpc/project/icecube/HE_Nu_Aske_Oct2024/PMTfied_filtered/MuonLike/Snowstorm/22010/3/PMTfied_22.parquet
2025-02-13 17:02:08 - INFO - Filtering process completed.
2025-02-13 17:02:08 - INFO - Filtering process completed for all selected filters.
2025-02-13 17:02:08 - INFO - Execution time: 255.16 seconds
2025-02-13 17:02:08 - INFO - Updated receipt with execution time: /lustre/hpc/project/icecube/HE_Nu_Aske_Oct2024/PMTfied_filtered/MuonLike/Snowstorm/22010/[Receipt]22010_3.json
Job completed at Thu Feb 13 05:02:09 PM CET 2025
