Starting job at Mon Feb 24 01:51:00 PM CET 2025
Running Filter_by_part.py for subdirectory 22010, part 6
2025-02-24 13:51:01 - INFO - Event filtering process starts...
2025-02-24 13:51:01 - INFO - Initialized PureNeutrinoEventFilter filter for 22010/6
2025-02-24 13:51:02 - INFO - Loaded 7 event specifier files from /lustre/hpc/project/icecube/HE_Nu_Aske_Oct2024/clean_events_dict/22010/22010/reduced
2025-02-24 13:51:05 - INFO - Selected 4 CSV files covering event range [1729, 4990]
2025-02-24 13:52:11 - INFO - Loaded 47897990 valid (RunID, EventID) pairs from CSV files
2025-02-24 13:52:20 - INFO - Extracted 2792124 valid events based on pure neutrino events.
2025-02-24 13:52:37 - INFO - Initialized CCFilter filter for 22010/6
2025-02-24 13:52:41 - INFO - Extracted 3750454 valid events which are CC interactions.
2025-02-24 13:52:41 - INFO - Initialized ContainmentFilter filter for 22010/6
2025-02-24 13:52:44 - INFO - Extracted 1708201 valid events within the specified containment region.
2025-02-24 13:52:44 - INFO - Initialized CompositeEventFilter filter for 22010/6
2025-02-24 13:52:44 - INFO - Initialized (CC_CRclean_Contained)
2025-02-24 13:52:44 - INFO - Starting filtering process for 22010/6
2025-02-24 13:52:44 - INFO - Starting filtering process for 22010/6
2025-02-24 13:54:05 - INFO - Recalculated 'offset' column based on 'N_doms' values within each 'shard_no' group.
2025-02-24 13:54:17 - INFO - Filtered truth file saved to: /lustre/hpc/project/icecube/HE_Nu_Aske_Oct2024/PMTfied_filtered/Snowstorm/CC_CRclean_Contained/22010/truth_6.parquet
2025-02-24 13:54:23 - INFO - Filtered PMTfied file saved to: /lustre/hpc/project/icecube/HE_Nu_Aske_Oct2024/PMTfied_filtered/Snowstorm/CC_CRclean_Contained/22010/6/PMTfied_2.parquet
2025-02-24 13:54:30 - INFO - Filtered PMTfied file saved to: /lustre/hpc/project/icecube/HE_Nu_Aske_Oct2024/PMTfied_filtered/Snowstorm/CC_CRclean_Contained/22010/6/PMTfied_6.parquet
2025-02-24 13:54:37 - INFO - Filtered PMTfied file saved to: /lustre/hpc/project/icecube/HE_Nu_Aske_Oct2024/PMTfied_filtered/Snowstorm/CC_CRclean_Contained/22010/6/PMTfied_20.parquet
2025-02-24 13:54:43 - INFO - Filtered PMTfied file saved to: /lustre/hpc/project/icecube/HE_Nu_Aske_Oct2024/PMTfied_filtered/Snowstorm/CC_CRclean_Contained/22010/6/PMTfied_16.parquet
2025-02-24 13:54:49 - INFO - Filtered PMTfied file saved to: /lustre/hpc/project/icecube/HE_Nu_Aske_Oct2024/PMTfied_filtered/Snowstorm/CC_CRclean_Contained/22010/6/PMTfied_12.parquet
2025-02-24 13:54:56 - INFO - Filtered PMTfied file saved to: /lustre/hpc/project/icecube/HE_Nu_Aske_Oct2024/PMTfied_filtered/Snowstorm/CC_CRclean_Contained/22010/6/PMTfied_17.parquet
2025-02-24 13:55:01 - INFO - Filtered PMTfied file saved to: /lustre/hpc/project/icecube/HE_Nu_Aske_Oct2024/PMTfied_filtered/Snowstorm/CC_CRclean_Contained/22010/6/PMTfied_13.parquet
2025-02-24 13:55:07 - INFO - Filtered PMTfied file saved to: /lustre/hpc/project/icecube/HE_Nu_Aske_Oct2024/PMTfied_filtered/Snowstorm/CC_CRclean_Contained/22010/6/PMTfied_3.parquet
2025-02-24 13:55:13 - INFO - Filtered PMTfied file saved to: /lustre/hpc/project/icecube/HE_Nu_Aske_Oct2024/PMTfied_filtered/Snowstorm/CC_CRclean_Contained/22010/6/PMTfied_7.parquet
2025-02-24 13:55:21 - INFO - Filtered PMTfied file saved to: /lustre/hpc/project/icecube/HE_Nu_Aske_Oct2024/PMTfied_filtered/Snowstorm/CC_CRclean_Contained/22010/6/PMTfied_21.parquet
2025-02-24 13:55:27 - INFO - Filtered PMTfied file saved to: /lustre/hpc/project/icecube/HE_Nu_Aske_Oct2024/PMTfied_filtered/Snowstorm/CC_CRclean_Contained/22010/6/PMTfied_19.parquet
2025-02-24 13:55:33 - INFO - Filtered PMTfied file saved to: /lustre/hpc/project/icecube/HE_Nu_Aske_Oct2024/PMTfied_filtered/Snowstorm/CC_CRclean_Contained/22010/6/PMTfied_15.parquet
2025-02-24 13:55:39 - INFO - Filtered PMTfied file saved to: /lustre/hpc/project/icecube/HE_Nu_Aske_Oct2024/PMTfied_filtered/Snowstorm/CC_CRclean_Contained/22010/6/PMTfied_11.parquet
2025-02-24 13:55:45 - INFO - Filtered PMTfied file saved to: /lustre/hpc/project/icecube/HE_Nu_Aske_Oct2024/PMTfied_filtered/Snowstorm/CC_CRclean_Contained/22010/6/PMTfied_9.parquet
2025-02-24 13:55:51 - INFO - Filtered PMTfied file saved to: /lustre/hpc/project/icecube/HE_Nu_Aske_Oct2024/PMTfied_filtered/Snowstorm/CC_CRclean_Contained/22010/6/PMTfied_1.parquet
2025-02-24 13:55:57 - INFO - Filtered PMTfied file saved to: /lustre/hpc/project/icecube/HE_Nu_Aske_Oct2024/PMTfied_filtered/Snowstorm/CC_CRclean_Contained/22010/6/PMTfied_5.parquet
2025-02-24 13:55:59 - INFO - Filtered PMTfied file saved to: /lustre/hpc/project/icecube/HE_Nu_Aske_Oct2024/PMTfied_filtered/Snowstorm/CC_CRclean_Contained/22010/6/PMTfied_22.parquet
2025-02-24 13:56:05 - INFO - Filtered PMTfied file saved to: /lustre/hpc/project/icecube/HE_Nu_Aske_Oct2024/PMTfied_filtered/Snowstorm/CC_CRclean_Contained/22010/6/PMTfied_4.parquet
2025-02-24 13:56:11 - INFO - Filtered PMTfied file saved to: /lustre/hpc/project/icecube/HE_Nu_Aske_Oct2024/PMTfied_filtered/Snowstorm/CC_CRclean_Contained/22010/6/PMTfied_8.parquet
2025-02-24 13:56:17 - INFO - Filtered PMTfied file saved to: /lustre/hpc/project/icecube/HE_Nu_Aske_Oct2024/PMTfied_filtered/Snowstorm/CC_CRclean_Contained/22010/6/PMTfied_14.parquet
2025-02-24 13:56:23 - INFO - Filtered PMTfied file saved to: /lustre/hpc/project/icecube/HE_Nu_Aske_Oct2024/PMTfied_filtered/Snowstorm/CC_CRclean_Contained/22010/6/PMTfied_10.parquet
2025-02-24 13:56:30 - INFO - Filtered PMTfied file saved to: /lustre/hpc/project/icecube/HE_Nu_Aske_Oct2024/PMTfied_filtered/Snowstorm/CC_CRclean_Contained/22010/6/PMTfied_18.parquet
2025-02-24 13:56:31 - INFO - Filtering process completed.
2025-02-24 13:56:31 - INFO - Filtering process completed.
2025-02-24 13:56:31 - INFO - Unified receipt generated: /lustre/hpc/project/icecube/HE_Nu_Aske_Oct2024/PMTfied_filtered/Snowstorm/CC_CRclean_Contained/22010/[Receipt]22010_6.json
2025-02-24 13:56:31 - INFO - Filtering process completed.
Job completed at Mon Feb 24 01:56:31 PM CET 2025
