Starting job at Mon Feb 17 04:06:34 PM CET 2025
Running Filter_by_part.py for subdirectory 22010, part 12
2025-02-17 16:06:34 - INFO - Event filtering process starts...
2025-02-17 16:06:34 - INFO - Initialized Muon13Filter filter for 22010/12
2025-02-17 16:06:35 - INFO - Extracted 731970 valid events where MuonFilter_13==True.
2025-02-17 16:06:35 - INFO - Initialized CompositeEventFilter filter for 22010/12
2025-02-17 16:06:35 - INFO - Initialized (MuonLike)
2025-02-17 16:06:35 - INFO - Starting filtering process for 22010/12
2025-02-17 16:06:35 - INFO - Starting filtering process for 22010/12
2025-02-17 16:06:49 - INFO - Recalculated 'offset' column based on 'N_doms' values within each 'shard_no' group.
2025-02-17 16:06:51 - INFO - Filtered truth file saved to: /lustre/hpc/project/icecube/HE_Nu_Aske_Oct2024/PMTfied_filtered/Snowstorm/MuonLike/22010/truth_12.parquet
2025-02-17 16:06:56 - INFO - Filtered PMTfied file saved to: /lustre/hpc/project/icecube/HE_Nu_Aske_Oct2024/PMTfied_filtered/Snowstorm/MuonLike/22010/12/PMTfied_4.parquet
2025-02-17 16:07:01 - INFO - Filtered PMTfied file saved to: /lustre/hpc/project/icecube/HE_Nu_Aske_Oct2024/PMTfied_filtered/Snowstorm/MuonLike/22010/12/PMTfied_5.parquet
2025-02-17 16:07:06 - INFO - Filtered PMTfied file saved to: /lustre/hpc/project/icecube/HE_Nu_Aske_Oct2024/PMTfied_filtered/Snowstorm/MuonLike/22010/12/PMTfied_1.parquet
2025-02-17 16:07:07 - INFO - Filtered PMTfied file saved to: /lustre/hpc/project/icecube/HE_Nu_Aske_Oct2024/PMTfied_filtered/Snowstorm/MuonLike/22010/12/PMTfied_7.parquet
2025-02-17 16:07:12 - INFO - Filtered PMTfied file saved to: /lustre/hpc/project/icecube/HE_Nu_Aske_Oct2024/PMTfied_filtered/Snowstorm/MuonLike/22010/12/PMTfied_3.parquet
2025-02-17 16:07:17 - INFO - Filtered PMTfied file saved to: /lustre/hpc/project/icecube/HE_Nu_Aske_Oct2024/PMTfied_filtered/Snowstorm/MuonLike/22010/12/PMTfied_6.parquet
2025-02-17 16:07:21 - INFO - Filtered PMTfied file saved to: /lustre/hpc/project/icecube/HE_Nu_Aske_Oct2024/PMTfied_filtered/Snowstorm/MuonLike/22010/12/PMTfied_2.parquet
2025-02-17 16:07:22 - INFO - Filtering process completed.
2025-02-17 16:07:22 - INFO - Filtering process completed.
2025-02-17 16:07:22 - INFO - Unified receipt generated: /lustre/hpc/project/icecube/HE_Nu_Aske_Oct2024/PMTfied_filtered/Snowstorm/MuonLike/22010/[Receipt]22010_12.json
2025-02-17 16:07:22 - INFO - Filtering process completed.
Job completed at Mon Feb 17 04:07:22 PM CET 2025
