Starting job at Mon Feb 17 04:14:46 PM CET 2025
Running Filter_by_part.py for subdirectory 22010, part 2
2025-02-17 16:14:46 - INFO - Event filtering process starts...
2025-02-17 16:14:46 - INFO - Initialized PureNeutrinoEventFilter filter for 22010/2
2025-02-17 16:14:46 - INFO - Loaded 10 event specifier files from /lustre/hpc/project/icecube/HE_Nu_Aske_Oct2024/clean_events_dict/22010/22010/reduced
2025-02-17 16:14:47 - INFO - Selected 10 CSV files covering event range [29, 1680]
2025-02-17 16:14:56 - INFO - Loaded 11955897 valid (RunID, EventID) pairs from CSV files
2025-02-17 16:15:00 - INFO - Extracted 1676382 valid events based on pure neutrino events.
2025-02-17 16:15:02 - INFO - Initialized Muon13Filter filter for 22010/2
2025-02-17 16:15:03 - INFO - Extracted 2492342 valid events where MuonFilter_13==True.
2025-02-17 16:15:03 - INFO - Initialized CompositeEventFilter filter for 22010/2
2025-02-17 16:15:03 - INFO - Initialized (MuonLike_PureNu)
2025-02-17 16:15:03 - INFO - Starting filtering process for 22010/2
2025-02-17 16:15:03 - INFO - Starting filtering process for 22010/2
2025-02-17 16:15:26 - INFO - Recalculated 'offset' column based on 'N_doms' values within each 'shard_no' group.
2025-02-17 16:15:31 - INFO - Filtered truth file saved to: /lustre/hpc/project/icecube/HE_Nu_Aske_Oct2024/PMTfied_filtered/Snowstorm/MuonLike_PureNu/22010/truth_2.parquet
2025-02-17 16:15:34 - INFO - Filtered PMTfied file saved to: /lustre/hpc/project/icecube/HE_Nu_Aske_Oct2024/PMTfied_filtered/Snowstorm/MuonLike_PureNu/22010/2/PMTfied_15.parquet
2025-02-17 16:15:37 - INFO - Filtered PMTfied file saved to: /lustre/hpc/project/icecube/HE_Nu_Aske_Oct2024/PMTfied_filtered/Snowstorm/MuonLike_PureNu/22010/2/PMTfied_11.parquet
2025-02-17 16:15:40 - INFO - Filtered PMTfied file saved to: /lustre/hpc/project/icecube/HE_Nu_Aske_Oct2024/PMTfied_filtered/Snowstorm/MuonLike_PureNu/22010/2/PMTfied_19.parquet
2025-02-17 16:15:43 - INFO - Filtered PMTfied file saved to: /lustre/hpc/project/icecube/HE_Nu_Aske_Oct2024/PMTfied_filtered/Snowstorm/MuonLike_PureNu/22010/2/PMTfied_6.parquet
2025-02-17 16:15:46 - INFO - Filtered PMTfied file saved to: /lustre/hpc/project/icecube/HE_Nu_Aske_Oct2024/PMTfied_filtered/Snowstorm/MuonLike_PureNu/22010/2/PMTfied_2.parquet
2025-02-17 16:15:49 - INFO - Filtered PMTfied file saved to: /lustre/hpc/project/icecube/HE_Nu_Aske_Oct2024/PMTfied_filtered/Snowstorm/MuonLike_PureNu/22010/2/PMTfied_18.parquet
2025-02-17 16:15:52 - INFO - Filtered PMTfied file saved to: /lustre/hpc/project/icecube/HE_Nu_Aske_Oct2024/PMTfied_filtered/Snowstorm/MuonLike_PureNu/22010/2/PMTfied_14.parquet
2025-02-17 16:15:55 - INFO - Filtered PMTfied file saved to: /lustre/hpc/project/icecube/HE_Nu_Aske_Oct2024/PMTfied_filtered/Snowstorm/MuonLike_PureNu/22010/2/PMTfied_10.parquet
2025-02-17 16:15:58 - INFO - Filtered PMTfied file saved to: /lustre/hpc/project/icecube/HE_Nu_Aske_Oct2024/PMTfied_filtered/Snowstorm/MuonLike_PureNu/22010/2/PMTfied_7.parquet
2025-02-17 16:16:01 - INFO - Filtered PMTfied file saved to: /lustre/hpc/project/icecube/HE_Nu_Aske_Oct2024/PMTfied_filtered/Snowstorm/MuonLike_PureNu/22010/2/PMTfied_3.parquet
2025-02-17 16:16:01 - INFO - Filtered PMTfied file saved to: /lustre/hpc/project/icecube/HE_Nu_Aske_Oct2024/PMTfied_filtered/Snowstorm/MuonLike_PureNu/22010/2/PMTfied_22.parquet
2025-02-17 16:16:04 - INFO - Filtered PMTfied file saved to: /lustre/hpc/project/icecube/HE_Nu_Aske_Oct2024/PMTfied_filtered/Snowstorm/MuonLike_PureNu/22010/2/PMTfied_16.parquet
2025-02-17 16:16:07 - INFO - Filtered PMTfied file saved to: /lustre/hpc/project/icecube/HE_Nu_Aske_Oct2024/PMTfied_filtered/Snowstorm/MuonLike_PureNu/22010/2/PMTfied_12.parquet
2025-02-17 16:16:10 - INFO - Filtered PMTfied file saved to: /lustre/hpc/project/icecube/HE_Nu_Aske_Oct2024/PMTfied_filtered/Snowstorm/MuonLike_PureNu/22010/2/PMTfied_5.parquet
2025-02-17 16:16:13 - INFO - Filtered PMTfied file saved to: /lustre/hpc/project/icecube/HE_Nu_Aske_Oct2024/PMTfied_filtered/Snowstorm/MuonLike_PureNu/22010/2/PMTfied_1.parquet
2025-02-17 16:16:16 - INFO - Filtered PMTfied file saved to: /lustre/hpc/project/icecube/HE_Nu_Aske_Oct2024/PMTfied_filtered/Snowstorm/MuonLike_PureNu/22010/2/PMTfied_9.parquet
2025-02-17 16:16:19 - INFO - Filtered PMTfied file saved to: /lustre/hpc/project/icecube/HE_Nu_Aske_Oct2024/PMTfied_filtered/Snowstorm/MuonLike_PureNu/22010/2/PMTfied_20.parquet
2025-02-17 16:16:22 - INFO - Filtered PMTfied file saved to: /lustre/hpc/project/icecube/HE_Nu_Aske_Oct2024/PMTfied_filtered/Snowstorm/MuonLike_PureNu/22010/2/PMTfied_21.parquet
2025-02-17 16:16:25 - INFO - Filtered PMTfied file saved to: /lustre/hpc/project/icecube/HE_Nu_Aske_Oct2024/PMTfied_filtered/Snowstorm/MuonLike_PureNu/22010/2/PMTfied_17.parquet
2025-02-17 16:16:28 - INFO - Filtered PMTfied file saved to: /lustre/hpc/project/icecube/HE_Nu_Aske_Oct2024/PMTfied_filtered/Snowstorm/MuonLike_PureNu/22010/2/PMTfied_13.parquet
2025-02-17 16:16:31 - INFO - Filtered PMTfied file saved to: /lustre/hpc/project/icecube/HE_Nu_Aske_Oct2024/PMTfied_filtered/Snowstorm/MuonLike_PureNu/22010/2/PMTfied_8.parquet
2025-02-17 16:16:34 - INFO - Filtered PMTfied file saved to: /lustre/hpc/project/icecube/HE_Nu_Aske_Oct2024/PMTfied_filtered/Snowstorm/MuonLike_PureNu/22010/2/PMTfied_4.parquet
2025-02-17 16:16:34 - INFO - Filtering process completed.
2025-02-17 16:16:34 - INFO - Filtering process completed.
2025-02-17 16:16:34 - INFO - Unified receipt generated: /lustre/hpc/project/icecube/HE_Nu_Aske_Oct2024/PMTfied_filtered/Snowstorm/MuonLike_PureNu/22010/[Receipt]22010_2.json
2025-02-17 16:16:34 - INFO - Filtering process completed.
Job completed at Mon Feb 17 04:16:34 PM CET 2025
