Starting job at Mon Feb 17 04:03:52 PM CET 2025
Running Filter_by_part.py for subdirectory 22010, part 4
2025-02-17 16:03:52 - INFO - Event filtering process starts...
2025-02-17 16:03:52 - INFO - Initialized Muon13Filter filter for 22010/4
2025-02-17 16:04:02 - INFO - Extracted 2492809 valid events where MuonFilter_13==True.
2025-02-17 16:04:02 - INFO - Initialized CompositeEventFilter filter for 22010/4
2025-02-17 16:04:02 - INFO - Initialized (MuonLike)
2025-02-17 16:04:02 - INFO - Starting filtering process for 22010/4
2025-02-17 16:04:02 - INFO - Starting filtering process for 22010/4
2025-02-17 16:05:59 - INFO - Recalculated 'offset' column based on 'N_doms' values within each 'shard_no' group.
2025-02-17 16:06:17 - INFO - Filtered truth file saved to: /lustre/hpc/project/icecube/HE_Nu_Aske_Oct2024/PMTfied_filtered/Snowstorm/MuonLike/22010/truth_4.parquet
2025-02-17 16:06:29 - INFO - Filtered PMTfied file saved to: /lustre/hpc/project/icecube/HE_Nu_Aske_Oct2024/PMTfied_filtered/Snowstorm/MuonLike/22010/4/PMTfied_19.parquet
2025-02-17 16:06:40 - INFO - Filtered PMTfied file saved to: /lustre/hpc/project/icecube/HE_Nu_Aske_Oct2024/PMTfied_filtered/Snowstorm/MuonLike/22010/4/PMTfied_15.parquet
2025-02-17 16:06:52 - INFO - Filtered PMTfied file saved to: /lustre/hpc/project/icecube/HE_Nu_Aske_Oct2024/PMTfied_filtered/Snowstorm/MuonLike/22010/4/PMTfied_11.parquet
2025-02-17 16:07:03 - INFO - Filtered PMTfied file saved to: /lustre/hpc/project/icecube/HE_Nu_Aske_Oct2024/PMTfied_filtered/Snowstorm/MuonLike/22010/4/PMTfied_8.parquet
2025-02-17 16:07:14 - INFO - Filtered PMTfied file saved to: /lustre/hpc/project/icecube/HE_Nu_Aske_Oct2024/PMTfied_filtered/Snowstorm/MuonLike/22010/4/PMTfied_4.parquet
2025-02-17 16:07:26 - INFO - Filtered PMTfied file saved to: /lustre/hpc/project/icecube/HE_Nu_Aske_Oct2024/PMTfied_filtered/Snowstorm/MuonLike/22010/4/PMTfied_14.parquet
2025-02-17 16:07:37 - INFO - Filtered PMTfied file saved to: /lustre/hpc/project/icecube/HE_Nu_Aske_Oct2024/PMTfied_filtered/Snowstorm/MuonLike/22010/4/PMTfied_10.parquet
2025-02-17 16:07:49 - INFO - Filtered PMTfied file saved to: /lustre/hpc/project/icecube/HE_Nu_Aske_Oct2024/PMTfied_filtered/Snowstorm/MuonLike/22010/4/PMTfied_18.parquet
2025-02-17 16:08:00 - INFO - Filtered PMTfied file saved to: /lustre/hpc/project/icecube/HE_Nu_Aske_Oct2024/PMTfied_filtered/Snowstorm/MuonLike/22010/4/PMTfied_1.parquet
2025-02-17 16:08:11 - INFO - Filtered PMTfied file saved to: /lustre/hpc/project/icecube/HE_Nu_Aske_Oct2024/PMTfied_filtered/Snowstorm/MuonLike/22010/4/PMTfied_5.parquet
2025-02-17 16:08:23 - INFO - Filtered PMTfied file saved to: /lustre/hpc/project/icecube/HE_Nu_Aske_Oct2024/PMTfied_filtered/Snowstorm/MuonLike/22010/4/PMTfied_9.parquet
2025-02-17 16:08:25 - INFO - Filtered PMTfied file saved to: /lustre/hpc/project/icecube/HE_Nu_Aske_Oct2024/PMTfied_filtered/Snowstorm/MuonLike/22010/4/PMTfied_22.parquet
2025-02-17 16:08:36 - INFO - Filtered PMTfied file saved to: /lustre/hpc/project/icecube/HE_Nu_Aske_Oct2024/PMTfied_filtered/Snowstorm/MuonLike/22010/4/PMTfied_16.parquet
2025-02-17 16:08:48 - INFO - Filtered PMTfied file saved to: /lustre/hpc/project/icecube/HE_Nu_Aske_Oct2024/PMTfied_filtered/Snowstorm/MuonLike/22010/4/PMTfied_12.parquet
2025-02-17 16:08:59 - INFO - Filtered PMTfied file saved to: /lustre/hpc/project/icecube/HE_Nu_Aske_Oct2024/PMTfied_filtered/Snowstorm/MuonLike/22010/4/PMTfied_3.parquet
2025-02-17 16:09:11 - INFO - Filtered PMTfied file saved to: /lustre/hpc/project/icecube/HE_Nu_Aske_Oct2024/PMTfied_filtered/Snowstorm/MuonLike/22010/4/PMTfied_7.parquet
2025-02-17 16:09:22 - INFO - Filtered PMTfied file saved to: /lustre/hpc/project/icecube/HE_Nu_Aske_Oct2024/PMTfied_filtered/Snowstorm/MuonLike/22010/4/PMTfied_20.parquet
2025-02-17 16:09:33 - INFO - Filtered PMTfied file saved to: /lustre/hpc/project/icecube/HE_Nu_Aske_Oct2024/PMTfied_filtered/Snowstorm/MuonLike/22010/4/PMTfied_21.parquet
2025-02-17 16:09:45 - INFO - Filtered PMTfied file saved to: /lustre/hpc/project/icecube/HE_Nu_Aske_Oct2024/PMTfied_filtered/Snowstorm/MuonLike/22010/4/PMTfied_17.parquet
2025-02-17 16:09:57 - INFO - Filtered PMTfied file saved to: /lustre/hpc/project/icecube/HE_Nu_Aske_Oct2024/PMTfied_filtered/Snowstorm/MuonLike/22010/4/PMTfied_13.parquet
2025-02-17 16:10:08 - INFO - Filtered PMTfied file saved to: /lustre/hpc/project/icecube/HE_Nu_Aske_Oct2024/PMTfied_filtered/Snowstorm/MuonLike/22010/4/PMTfied_2.parquet
2025-02-17 16:10:19 - INFO - Filtered PMTfied file saved to: /lustre/hpc/project/icecube/HE_Nu_Aske_Oct2024/PMTfied_filtered/Snowstorm/MuonLike/22010/4/PMTfied_6.parquet
2025-02-17 16:10:20 - INFO - Filtering process completed.
2025-02-17 16:10:20 - INFO - Filtering process completed.
2025-02-17 16:10:20 - INFO - Unified receipt generated: /lustre/hpc/project/icecube/HE_Nu_Aske_Oct2024/PMTfied_filtered/Snowstorm/MuonLike/22010/[Receipt]22010_4.json
2025-02-17 16:10:20 - INFO - Filtering process completed.
Job completed at Mon Feb 17 04:10:20 PM CET 2025
