Starting job at Tue Feb 18 03:06:59 PM CET 2025
Running Filter_by_part.py for subdirectory 22010, part 3
2025-02-18 15:06:59 - INFO - Event filtering process starts...
2025-02-18 15:06:59 - INFO - Initialized PureNeutrinoEventFilter filter for 22010/3
2025-02-18 15:07:00 - INFO - Loaded 7 event specifier files from /lustre/hpc/project/icecube/HE_Nu_Aske_Oct2024/clean_events_dict/22010/22010/reduced
2025-02-18 15:07:01 - INFO - Selected 4 CSV files covering event range [28, 3298]
2025-02-18 15:07:34 - INFO - Loaded 47893125 valid (RunID, EventID) pairs from CSV files
2025-02-18 15:07:38 - INFO - Extracted 2792600 valid events based on pure neutrino events.
2025-02-18 15:07:47 - INFO - Initialized Muon13Filter filter for 22010/3
2025-02-18 15:07:48 - INFO - Extracted 2494750 valid events where MuonFilter_13==True.
2025-02-18 15:07:48 - INFO - Initialized CompositeEventFilter filter for 22010/3
2025-02-18 15:07:48 - INFO - Initialized (MuonLike_PureNu)
2025-02-18 15:07:48 - INFO - Starting filtering process for 22010/3
2025-02-18 15:07:48 - INFO - Starting filtering process for 22010/3
2025-02-18 15:08:24 - INFO - Recalculated 'offset' column based on 'N_doms' values within each 'shard_no' group.
2025-02-18 15:08:31 - INFO - Filtered truth file saved to: /lustre/hpc/project/icecube/HE_Nu_Aske_Oct2024/PMTfied_filtered/Snowstorm/MuonLike_PureNu/22010/truth_3.parquet
2025-02-18 15:08:35 - INFO - Filtered PMTfied file saved to: /lustre/hpc/project/icecube/HE_Nu_Aske_Oct2024/PMTfied_filtered/Snowstorm/MuonLike_PureNu/22010/3/PMTfied_12.parquet
2025-02-18 15:08:38 - INFO - Filtered PMTfied file saved to: /lustre/hpc/project/icecube/HE_Nu_Aske_Oct2024/PMTfied_filtered/Snowstorm/MuonLike_PureNu/22010/3/PMTfied_16.parquet
2025-02-18 15:08:42 - INFO - Filtered PMTfied file saved to: /lustre/hpc/project/icecube/HE_Nu_Aske_Oct2024/PMTfied_filtered/Snowstorm/MuonLike_PureNu/22010/3/PMTfied_2.parquet
2025-02-18 15:08:45 - INFO - Filtered PMTfied file saved to: /lustre/hpc/project/icecube/HE_Nu_Aske_Oct2024/PMTfied_filtered/Snowstorm/MuonLike_PureNu/22010/3/PMTfied_6.parquet
2025-02-18 15:08:49 - INFO - Filtered PMTfied file saved to: /lustre/hpc/project/icecube/HE_Nu_Aske_Oct2024/PMTfied_filtered/Snowstorm/MuonLike_PureNu/22010/3/PMTfied_20.parquet
2025-02-18 15:08:52 - INFO - Filtered PMTfied file saved to: /lustre/hpc/project/icecube/HE_Nu_Aske_Oct2024/PMTfied_filtered/Snowstorm/MuonLike_PureNu/22010/3/PMTfied_3.parquet
2025-02-18 15:08:56 - INFO - Filtered PMTfied file saved to: /lustre/hpc/project/icecube/HE_Nu_Aske_Oct2024/PMTfied_filtered/Snowstorm/MuonLike_PureNu/22010/3/PMTfied_7.parquet
2025-02-18 15:08:59 - INFO - Filtered PMTfied file saved to: /lustre/hpc/project/icecube/HE_Nu_Aske_Oct2024/PMTfied_filtered/Snowstorm/MuonLike_PureNu/22010/3/PMTfied_21.parquet
2025-02-18 15:09:03 - INFO - Filtered PMTfied file saved to: /lustre/hpc/project/icecube/HE_Nu_Aske_Oct2024/PMTfied_filtered/Snowstorm/MuonLike_PureNu/22010/3/PMTfied_13.parquet
2025-02-18 15:09:06 - INFO - Filtered PMTfied file saved to: /lustre/hpc/project/icecube/HE_Nu_Aske_Oct2024/PMTfied_filtered/Snowstorm/MuonLike_PureNu/22010/3/PMTfied_17.parquet
2025-02-18 15:09:10 - INFO - Filtered PMTfied file saved to: /lustre/hpc/project/icecube/HE_Nu_Aske_Oct2024/PMTfied_filtered/Snowstorm/MuonLike_PureNu/22010/3/PMTfied_1.parquet
2025-02-18 15:09:13 - INFO - Filtered PMTfied file saved to: /lustre/hpc/project/icecube/HE_Nu_Aske_Oct2024/PMTfied_filtered/Snowstorm/MuonLike_PureNu/22010/3/PMTfied_5.parquet
2025-02-18 15:09:17 - INFO - Filtered PMTfied file saved to: /lustre/hpc/project/icecube/HE_Nu_Aske_Oct2024/PMTfied_filtered/Snowstorm/MuonLike_PureNu/22010/3/PMTfied_9.parquet
2025-02-18 15:09:20 - INFO - Filtered PMTfied file saved to: /lustre/hpc/project/icecube/HE_Nu_Aske_Oct2024/PMTfied_filtered/Snowstorm/MuonLike_PureNu/22010/3/PMTfied_11.parquet
2025-02-18 15:09:24 - INFO - Filtered PMTfied file saved to: /lustre/hpc/project/icecube/HE_Nu_Aske_Oct2024/PMTfied_filtered/Snowstorm/MuonLike_PureNu/22010/3/PMTfied_15.parquet
2025-02-18 15:09:27 - INFO - Filtered PMTfied file saved to: /lustre/hpc/project/icecube/HE_Nu_Aske_Oct2024/PMTfied_filtered/Snowstorm/MuonLike_PureNu/22010/3/PMTfied_19.parquet
2025-02-18 15:09:31 - INFO - Filtered PMTfied file saved to: /lustre/hpc/project/icecube/HE_Nu_Aske_Oct2024/PMTfied_filtered/Snowstorm/MuonLike_PureNu/22010/3/PMTfied_18.parquet
2025-02-18 15:09:34 - INFO - Filtered PMTfied file saved to: /lustre/hpc/project/icecube/HE_Nu_Aske_Oct2024/PMTfied_filtered/Snowstorm/MuonLike_PureNu/22010/3/PMTfied_10.parquet
2025-02-18 15:09:38 - INFO - Filtered PMTfied file saved to: /lustre/hpc/project/icecube/HE_Nu_Aske_Oct2024/PMTfied_filtered/Snowstorm/MuonLike_PureNu/22010/3/PMTfied_14.parquet
2025-02-18 15:09:41 - INFO - Filtered PMTfied file saved to: /lustre/hpc/project/icecube/HE_Nu_Aske_Oct2024/PMTfied_filtered/Snowstorm/MuonLike_PureNu/22010/3/PMTfied_8.parquet
2025-02-18 15:09:45 - INFO - Filtered PMTfied file saved to: /lustre/hpc/project/icecube/HE_Nu_Aske_Oct2024/PMTfied_filtered/Snowstorm/MuonLike_PureNu/22010/3/PMTfied_4.parquet
2025-02-18 15:09:46 - INFO - Filtered PMTfied file saved to: /lustre/hpc/project/icecube/HE_Nu_Aske_Oct2024/PMTfied_filtered/Snowstorm/MuonLike_PureNu/22010/3/PMTfied_22.parquet
2025-02-18 15:09:46 - INFO - Filtering process completed.
2025-02-18 15:09:46 - INFO - Filtering process completed.
2025-02-18 15:09:46 - INFO - Unified receipt generated: /lustre/hpc/project/icecube/HE_Nu_Aske_Oct2024/PMTfied_filtered/Snowstorm/MuonLike_PureNu/22010/[Receipt]22010_3.json
2025-02-18 15:09:46 - INFO - Filtering process completed.
Job completed at Tue Feb 18 03:09:46 PM CET 2025
