2025-01-07 10:40:29 - INFO - PMTfication by part starts...
2025-01-07 10:40:29 - INFO - Processing file: merged_part_11.db
2025-01-07 10:40:29 - INFO - Using up to 40 workers.
2025-01-07 10:40:43 - INFO - Processing shard 1 of part 11 in subdirectory 22010.
2025-01-07 11:54:40 - INFO - Processing shard 2 of part 11 in subdirectory 22010.
2025-01-07 13:08:57 - INFO - Processing shard 3 of part 11 in subdirectory 22010.
2025-01-07 14:28:25 - INFO - Processing shard 4 of part 11 in subdirectory 22010.
2025-01-07 15:35:09 - INFO - Processing shard 5 of part 11 in subdirectory 22010.
2025-01-07 16:52:11 - INFO - Processing shard 6 of part 11 in subdirectory 22010.
2025-01-07 17:30:38 - INFO - Processing shard 7 of part 11 in subdirectory 22010.
2025-01-07 18:19:50 - INFO - Processing shard 8 of part 11 in subdirectory 22010.
2025-01-07 19:23:17 - INFO - Processing shard 9 of part 11 in subdirectory 22010.
2025-01-07 20:18:33 - INFO - Processing shard 10 of part 11 in subdirectory 22010.
2025-01-07 21:18:18 - INFO - Processing shard 11 of part 11 in subdirectory 22010.
2025-01-07 22:20:19 - INFO - Processing shard 12 of part 11 in subdirectory 22010.
2025-01-07 23:20:02 - INFO - Processing shard 13 of part 11 in subdirectory 22010.
2025-01-08 00:11:24 - INFO - Processing shard 14 of part 11 in subdirectory 22010.
2025-01-08 01:13:36 - INFO - Processing shard 15 of part 11 in subdirectory 22010.
2025-01-08 02:15:27 - INFO - Processing shard 16 of part 11 in subdirectory 22010.
2025-01-08 03:19:36 - INFO - Processing shard 17 of part 11 in subdirectory 22010.
2025-01-08 04:23:13 - INFO - Processing shard 18 of part 11 in subdirectory 22010.
2025-01-08 05:26:13 - INFO - Processing shard 19 of part 11 in subdirectory 22010.
2025-01-08 06:31:40 - INFO - Processing shard 20 of part 11 in subdirectory 22010.
2025-01-08 07:36:11 - INFO - Processing shard 21 of part 11 in subdirectory 22010.
2025-01-08 08:39:20 - INFO - Processing shard 22 of part 11 in subdirectory 22010.
2025-01-08 09:29:05 - INFO - PMTfication completed.
