2024-12-14 22:08:25 - INFO - PMTfication by part starts...
2024-12-14 22:08:25 - INFO - Processing file: merged_part_1.db
2024-12-14 22:08:25 - INFO - Using up to 32 workers.
2024-12-14 22:08:36 - INFO - Processing shard 1 of part 1 in subdirectory 22010.
2024-12-14 23:01:15 - INFO - Processing shard 2 of part 1 in subdirectory 22010.
2024-12-14 23:05:49 - INFO - Processing shard 3 of part 1 in subdirectory 22010.
2024-12-14 23:07:05 - INFO - Processing shard 4 of part 1 in subdirectory 22010.
2024-12-14 23:08:21 - INFO - Processing shard 5 of part 1 in subdirectory 22010.
2024-12-14 23:09:37 - INFO - Processing shard 6 of part 1 in subdirectory 22010.
2024-12-14 23:10:53 - INFO - Processing shard 7 of part 1 in subdirectory 22010.
2024-12-14 23:12:14 - INFO - Processing shard 8 of part 1 in subdirectory 22010.
2024-12-14 23:13:32 - INFO - Processing shard 9 of part 1 in subdirectory 22010.
2024-12-14 23:39:51 - INFO - Processing shard 10 of part 1 in subdirectory 22010.
2024-12-14 23:45:26 - INFO - Processing shard 11 of part 1 in subdirectory 22010.
2024-12-14 23:46:36 - INFO - Processing shard 12 of part 1 in subdirectory 22010.
2024-12-14 23:47:46 - INFO - Processing shard 13 of part 1 in subdirectory 22010.
2024-12-14 23:48:56 - INFO - Processing shard 14 of part 1 in subdirectory 22010.
2024-12-14 23:50:06 - INFO - Processing shard 15 of part 1 in subdirectory 22010.
2024-12-14 23:51:18 - INFO - Processing shard 16 of part 1 in subdirectory 22010.
2024-12-14 23:52:28 - INFO - Processing shard 17 of part 1 in subdirectory 22010.
2024-12-14 23:53:39 - INFO - Processing shard 18 of part 1 in subdirectory 22010.
2024-12-14 23:54:49 - INFO - Processing shard 19 of part 1 in subdirectory 22010.
2024-12-14 23:55:59 - INFO - Processing shard 20 of part 1 in subdirectory 22010.
2024-12-14 23:57:13 - INFO - Processing shard 21 of part 1 in subdirectory 22010.
2024-12-14 23:58:23 - INFO - Processing shard 22 of part 1 in subdirectory 22010.
2024-12-14 23:59:15 - INFO - PMTfication completed.
