2024-12-14 22:38:16 - INFO - PMTfication by part starts...
2024-12-14 22:38:16 - INFO - Processing file: merged_part_2.db
2024-12-14 22:38:16 - INFO - Using up to 32 workers.
2024-12-14 22:38:25 - INFO - Processing shard 1 of part 2 in subdirectory 22010.
2024-12-14 23:33:51 - INFO - Processing shard 2 of part 2 in subdirectory 22010.
2024-12-14 23:38:45 - INFO - Processing shard 3 of part 2 in subdirectory 22010.
2024-12-14 23:40:00 - INFO - Processing shard 4 of part 2 in subdirectory 22010.
2024-12-14 23:41:14 - INFO - Processing shard 5 of part 2 in subdirectory 22010.
2024-12-14 23:42:27 - INFO - Processing shard 6 of part 2 in subdirectory 22010.
2024-12-14 23:43:59 - INFO - Processing shard 7 of part 2 in subdirectory 22010.
2024-12-15 00:11:30 - INFO - Processing shard 8 of part 2 in subdirectory 22010.
2024-12-15 00:12:45 - INFO - Processing shard 9 of part 2 in subdirectory 22010.
2024-12-15 00:14:00 - INFO - Processing shard 10 of part 2 in subdirectory 22010.
2024-12-15 00:15:14 - INFO - Processing shard 11 of part 2 in subdirectory 22010.
2024-12-15 00:16:29 - INFO - Processing shard 12 of part 2 in subdirectory 22010.
2024-12-15 00:17:45 - INFO - Processing shard 13 of part 2 in subdirectory 22010.
2024-12-15 00:19:00 - INFO - Processing shard 14 of part 2 in subdirectory 22010.
2024-12-15 00:20:14 - INFO - Processing shard 15 of part 2 in subdirectory 22010.
2024-12-15 00:21:29 - INFO - Processing shard 16 of part 2 in subdirectory 22010.
2024-12-15 00:22:43 - INFO - Processing shard 17 of part 2 in subdirectory 22010.
2024-12-15 00:23:58 - INFO - Processing shard 18 of part 2 in subdirectory 22010.
2024-12-15 00:25:12 - INFO - Processing shard 19 of part 2 in subdirectory 22010.
2024-12-15 00:26:26 - INFO - Processing shard 20 of part 2 in subdirectory 22010.
2024-12-15 00:27:40 - INFO - Processing shard 21 of part 2 in subdirectory 22010.
2024-12-15 00:28:50 - INFO - Processing shard 22 of part 2 in subdirectory 22010.
2024-12-15 00:29:38 - INFO - PMTfication completed.
