2024-12-16 20:31:15 - INFO - PMTfication by part starts...
2024-12-16 20:31:15 - INFO - Processing file: merged_part_5.db
2024-12-16 20:31:15 - INFO - Using up to 40 workers.
2024-12-16 20:31:20 - INFO - Processing shard 1 of part 5 in subdirectory 22010.
2024-12-16 20:48:29 - INFO - Processing shard 2 of part 5 in subdirectory 22010.
2024-12-16 21:33:10 - INFO - Processing shard 3 of part 5 in subdirectory 22010.
2024-12-16 22:29:19 - INFO - Processing shard 4 of part 5 in subdirectory 22010.
2024-12-16 22:47:06 - INFO - Processing shard 5 of part 5 in subdirectory 22010.
2024-12-16 23:16:03 - INFO - Processing shard 6 of part 5 in subdirectory 22010.
2024-12-16 23:27:57 - INFO - Processing shard 7 of part 5 in subdirectory 22010.
2024-12-16 23:53:36 - INFO - Processing shard 8 of part 5 in subdirectory 22010.
2024-12-17 00:20:34 - INFO - Processing shard 9 of part 5 in subdirectory 22010.
2024-12-17 01:00:54 - INFO - Processing shard 10 of part 5 in subdirectory 22010.
2024-12-17 01:12:35 - INFO - Processing shard 11 of part 5 in subdirectory 22010.
2024-12-17 01:23:28 - INFO - Processing shard 12 of part 5 in subdirectory 22010.
2024-12-17 01:49:24 - INFO - Processing shard 13 of part 5 in subdirectory 22010.
2024-12-17 02:11:37 - INFO - Processing shard 14 of part 5 in subdirectory 22010.
2024-12-17 02:23:05 - INFO - Processing shard 15 of part 5 in subdirectory 22010.
2024-12-17 02:34:01 - INFO - Processing shard 16 of part 5 in subdirectory 22010.
2024-12-17 02:44:58 - INFO - Processing shard 17 of part 5 in subdirectory 22010.
2024-12-17 03:09:22 - INFO - Processing shard 18 of part 5 in subdirectory 22010.
2024-12-17 03:44:09 - INFO - Processing shard 19 of part 5 in subdirectory 22010.
2024-12-17 03:55:22 - INFO - Processing shard 20 of part 5 in subdirectory 22010.
2024-12-17 04:39:30 - INFO - Processing shard 21 of part 5 in subdirectory 22010.
2024-12-17 05:01:05 - INFO - Processing shard 22 of part 5 in subdirectory 22010.
2024-12-17 05:06:33 - INFO - PMTfication completed.
