2024-11-28 13:04:32 - INFO - PMTfication by part starts...
2024-11-28 13:04:32 - INFO - Processing file: merged_part_1.db
2024-11-28 13:04:32 - INFO - Using up to 32 workers.
2024-11-28 13:04:46 - INFO - Processing shard 1 of part 1 in subdirectory 22010.
2024-11-28 13:38:09 - INFO - Processing shard 2 of part 1 in subdirectory 22010.
2024-11-28 13:49:12 - INFO - Processing shard 3 of part 1 in subdirectory 22010.
2024-11-28 14:00:16 - INFO - Processing shard 4 of part 1 in subdirectory 22010.
2024-11-28 14:12:39 - INFO - Processing shard 5 of part 1 in subdirectory 22010.
2024-11-28 14:32:06 - INFO - Processing shard 6 of part 1 in subdirectory 22010.
2024-11-28 15:16:34 - INFO - Processing shard 7 of part 1 in subdirectory 22010.
2024-11-28 16:19:14 - INFO - Processing shard 8 of part 1 in subdirectory 22010.
2024-11-28 16:43:27 - INFO - Processing shard 9 of part 1 in subdirectory 22010.
2024-11-28 17:20:50 - INFO - Processing shard 10 of part 1 in subdirectory 22010.
2024-11-28 18:12:24 - INFO - Processing shard 11 of part 1 in subdirectory 22010.
2024-11-28 18:23:27 - INFO - Processing shard 12 of part 1 in subdirectory 22010.
2024-11-28 18:34:14 - INFO - Processing shard 13 of part 1 in subdirectory 22010.
2024-11-28 18:47:47 - INFO - Processing shard 14 of part 1 in subdirectory 22010.
2024-11-28 18:58:42 - INFO - Processing shard 15 of part 1 in subdirectory 22010.
2024-11-28 19:14:23 - INFO - Processing shard 16 of part 1 in subdirectory 22010.
2024-11-28 19:53:26 - INFO - Processing shard 17 of part 1 in subdirectory 22010.
2024-11-28 20:04:25 - INFO - Processing shard 18 of part 1 in subdirectory 22010.
2024-11-28 20:40:14 - INFO - Processing shard 19 of part 1 in subdirectory 22010.
2024-11-28 21:43:14 - INFO - Processing shard 20 of part 1 in subdirectory 22010.
2024-11-28 21:54:16 - INFO - Processing shard 21 of part 1 in subdirectory 22010.
2024-11-28 22:14:47 - INFO - Processing shard 22 of part 1 in subdirectory 22010.
2024-11-28 22:17:20 - INFO - PMTfication completed.
