Starting job at Mon Feb 24 01:53:32 PM CET 2025
Running Filter_by_part.py for subdirectory 22017, part 2
2025-02-24 13:53:33 - INFO - Event filtering process starts...
2025-02-24 13:53:33 - INFO - Initialized PureNeutrinoEventFilter filter for 22017/2
2025-02-24 13:53:34 - INFO - Loaded 4 event specifier files from /lustre/hpc/project/icecube/HE_Nu_Aske_Oct2024/clean_events_dict/22017/22017/reduced
2025-02-24 13:53:34 - INFO - Selected 3 CSV files covering event range [844, 2565]
2025-02-24 13:53:36 - INFO - Loaded 1083017 valid (RunID, EventID) pairs from CSV files
2025-02-24 13:53:37 - INFO - Extracted 230826 valid events based on pure neutrino events.
2025-02-24 13:53:37 - INFO - Initialized CCFilter filter for 22017/2
2025-02-24 13:53:38 - INFO - Extracted 263830 valid events which are CC interactions.
2025-02-24 13:53:38 - INFO - Initialized ContainmentFilter filter for 22017/2
2025-02-24 13:53:38 - INFO - Extracted 106923 valid events within the specified containment region.
2025-02-24 13:53:38 - INFO - Initialized CompositeEventFilter filter for 22017/2
2025-02-24 13:53:38 - INFO - Initialized (CC_CRclean_Contained)
2025-02-24 13:53:38 - INFO - Starting filtering process for 22017/2
2025-02-24 13:53:38 - INFO - Starting filtering process for 22017/2
2025-02-24 13:53:43 - INFO - Recalculated 'offset' column based on 'N_doms' values within each 'shard_no' group.
2025-02-24 13:53:44 - INFO - Filtered truth file saved to: /lustre/hpc/project/icecube/HE_Nu_Aske_Oct2024/PMTfied_filtered/Snowstorm/CC_CRclean_Contained/22017/truth_2.parquet
2025-02-24 13:53:47 - INFO - Filtered PMTfied file saved to: /lustre/hpc/project/icecube/HE_Nu_Aske_Oct2024/PMTfied_filtered/Snowstorm/CC_CRclean_Contained/22017/2/PMTfied_16.parquet
2025-02-24 13:53:51 - INFO - Filtered PMTfied file saved to: /lustre/hpc/project/icecube/HE_Nu_Aske_Oct2024/PMTfied_filtered/Snowstorm/CC_CRclean_Contained/22017/2/PMTfied_12.parquet
2025-02-24 13:53:55 - INFO - Filtered PMTfied file saved to: /lustre/hpc/project/icecube/HE_Nu_Aske_Oct2024/PMTfied_filtered/Snowstorm/CC_CRclean_Contained/22017/2/PMTfied_9.parquet
2025-02-24 13:54:00 - INFO - Filtered PMTfied file saved to: /lustre/hpc/project/icecube/HE_Nu_Aske_Oct2024/PMTfied_filtered/Snowstorm/CC_CRclean_Contained/22017/2/PMTfied_1.parquet
2025-02-24 13:54:02 - INFO - Filtered PMTfied file saved to: /lustre/hpc/project/icecube/HE_Nu_Aske_Oct2024/PMTfied_filtered/Snowstorm/CC_CRclean_Contained/22017/2/PMTfied_5.parquet
2025-02-24 13:54:08 - INFO - Filtered PMTfied file saved to: /lustre/hpc/project/icecube/HE_Nu_Aske_Oct2024/PMTfied_filtered/Snowstorm/CC_CRclean_Contained/22017/2/PMTfied_4.parquet
2025-02-24 13:54:12 - INFO - Filtered PMTfied file saved to: /lustre/hpc/project/icecube/HE_Nu_Aske_Oct2024/PMTfied_filtered/Snowstorm/CC_CRclean_Contained/22017/2/PMTfied_8.parquet
2025-02-24 13:54:14 - INFO - Filtered PMTfied file saved to: /lustre/hpc/project/icecube/HE_Nu_Aske_Oct2024/PMTfied_filtered/Snowstorm/CC_CRclean_Contained/22017/2/PMTfied_17.parquet
2025-02-24 13:54:18 - INFO - Filtered PMTfied file saved to: /lustre/hpc/project/icecube/HE_Nu_Aske_Oct2024/PMTfied_filtered/Snowstorm/CC_CRclean_Contained/22017/2/PMTfied_13.parquet
2025-02-24 13:54:23 - INFO - Filtered PMTfied file saved to: /lustre/hpc/project/icecube/HE_Nu_Aske_Oct2024/PMTfied_filtered/Snowstorm/CC_CRclean_Contained/22017/2/PMTfied_2.parquet
2025-02-24 13:54:28 - INFO - Filtered PMTfied file saved to: /lustre/hpc/project/icecube/HE_Nu_Aske_Oct2024/PMTfied_filtered/Snowstorm/CC_CRclean_Contained/22017/2/PMTfied_6.parquet
2025-02-24 13:54:32 - INFO - Filtered PMTfied file saved to: /lustre/hpc/project/icecube/HE_Nu_Aske_Oct2024/PMTfied_filtered/Snowstorm/CC_CRclean_Contained/22017/2/PMTfied_15.parquet
2025-02-24 13:54:37 - INFO - Filtered PMTfied file saved to: /lustre/hpc/project/icecube/HE_Nu_Aske_Oct2024/PMTfied_filtered/Snowstorm/CC_CRclean_Contained/22017/2/PMTfied_11.parquet
2025-02-24 13:54:41 - INFO - Filtered PMTfied file saved to: /lustre/hpc/project/icecube/HE_Nu_Aske_Oct2024/PMTfied_filtered/Snowstorm/CC_CRclean_Contained/22017/2/PMTfied_14.parquet
2025-02-24 13:54:45 - INFO - Filtered PMTfied file saved to: /lustre/hpc/project/icecube/HE_Nu_Aske_Oct2024/PMTfied_filtered/Snowstorm/CC_CRclean_Contained/22017/2/PMTfied_10.parquet
2025-02-24 13:54:50 - INFO - Filtered PMTfied file saved to: /lustre/hpc/project/icecube/HE_Nu_Aske_Oct2024/PMTfied_filtered/Snowstorm/CC_CRclean_Contained/22017/2/PMTfied_3.parquet
2025-02-24 13:54:55 - INFO - Filtered PMTfied file saved to: /lustre/hpc/project/icecube/HE_Nu_Aske_Oct2024/PMTfied_filtered/Snowstorm/CC_CRclean_Contained/22017/2/PMTfied_7.parquet
2025-02-24 13:54:55 - INFO - Filtering process completed.
2025-02-24 13:54:55 - INFO - Filtering process completed.
2025-02-24 13:54:55 - INFO - Unified receipt generated: /lustre/hpc/project/icecube/HE_Nu_Aske_Oct2024/PMTfied_filtered/Snowstorm/CC_CRclean_Contained/22017/[Receipt]22017_2.json
2025-02-24 13:54:55 - INFO - Filtering process completed.
Job completed at Mon Feb 24 01:54:55 PM CET 2025
