Starting job at Thu Feb 13 06:33:02 PM CET 2025
Running Filter_by_part.py for subdirectory 22017, part 3
2025-02-13 18:33:03 - INFO - Event filtering process starts...
2025-02-13 18:33:03 - INFO - Initialized PureNeutrinoEventFilter
2025-02-13 18:33:03 - INFO - Starting filtering process for 22017/3
2025-02-13 18:33:04 - INFO - Loaded 4 event specifier files from /lustre/hpc/project/icecube/HE_Nu_Aske_Oct2024/clean_events_dict/22017/22017/reduced
2025-02-13 18:33:04 - INFO - Selected 4 CSV files covering event range [30, 3299]
2025-02-13 18:33:06 - INFO - Loaded 1190997 valid (RunID, EventID) pairs from CSV files
2025-02-13 18:33:16 - INFO - Recalculated 'offset' column based on filtered 'N_doms' values.
2025-02-13 18:33:18 - INFO - Filtered truth file saved to: /lustre/hpc/project/icecube/HE_Nu_Aske_Oct2024/PMTfied_filtered/PureNu/Snowstorm/22017/truth_3.parquet
2025-02-13 18:33:18 - INFO - Receipt file saved to: /lustre/hpc/project/icecube/HE_Nu_Aske_Oct2024/PMTfied_filtered/PureNu/Snowstorm/22017/[Receipt]22017_3.json
2025-02-13 18:33:21 - INFO - Filtered PMTfied file saved to: /lustre/hpc/project/icecube/HE_Nu_Aske_Oct2024/PMTfied_filtered/PureNu/Snowstorm/22017/3/PMTfied_15.parquet
2025-02-13 18:33:27 - INFO - Filtered PMTfied file saved to: /lustre/hpc/project/icecube/HE_Nu_Aske_Oct2024/PMTfied_filtered/PureNu/Snowstorm/22017/3/PMTfied_11.parquet
2025-02-13 18:33:32 - INFO - Filtered PMTfied file saved to: /lustre/hpc/project/icecube/HE_Nu_Aske_Oct2024/PMTfied_filtered/PureNu/Snowstorm/22017/3/PMTfied_6.parquet
2025-02-13 18:33:36 - INFO - Filtered PMTfied file saved to: /lustre/hpc/project/icecube/HE_Nu_Aske_Oct2024/PMTfied_filtered/PureNu/Snowstorm/22017/3/PMTfied_2.parquet
2025-02-13 18:33:41 - INFO - Filtered PMTfied file saved to: /lustre/hpc/project/icecube/HE_Nu_Aske_Oct2024/PMTfied_filtered/PureNu/Snowstorm/22017/3/PMTfied_14.parquet
2025-02-13 18:33:44 - INFO - Filtered PMTfied file saved to: /lustre/hpc/project/icecube/HE_Nu_Aske_Oct2024/PMTfied_filtered/PureNu/Snowstorm/22017/3/PMTfied_10.parquet
2025-02-13 18:33:47 - INFO - Filtered PMTfied file saved to: /lustre/hpc/project/icecube/HE_Nu_Aske_Oct2024/PMTfied_filtered/PureNu/Snowstorm/22017/3/PMTfied_7.parquet
2025-02-13 18:33:52 - INFO - Filtered PMTfied file saved to: /lustre/hpc/project/icecube/HE_Nu_Aske_Oct2024/PMTfied_filtered/PureNu/Snowstorm/22017/3/PMTfied_3.parquet
2025-02-13 18:33:57 - INFO - Filtered PMTfied file saved to: /lustre/hpc/project/icecube/HE_Nu_Aske_Oct2024/PMTfied_filtered/PureNu/Snowstorm/22017/3/PMTfied_16.parquet
2025-02-13 18:34:03 - INFO - Filtered PMTfied file saved to: /lustre/hpc/project/icecube/HE_Nu_Aske_Oct2024/PMTfied_filtered/PureNu/Snowstorm/22017/3/PMTfied_12.parquet
2025-02-13 18:34:08 - INFO - Filtered PMTfied file saved to: /lustre/hpc/project/icecube/HE_Nu_Aske_Oct2024/PMTfied_filtered/PureNu/Snowstorm/22017/3/PMTfied_9.parquet
2025-02-13 18:34:13 - INFO - Filtered PMTfied file saved to: /lustre/hpc/project/icecube/HE_Nu_Aske_Oct2024/PMTfied_filtered/PureNu/Snowstorm/22017/3/PMTfied_5.parquet
2025-02-13 18:34:17 - INFO - Filtered PMTfied file saved to: /lustre/hpc/project/icecube/HE_Nu_Aske_Oct2024/PMTfied_filtered/PureNu/Snowstorm/22017/3/PMTfied_1.parquet
2025-02-13 18:34:19 - INFO - Filtered PMTfied file saved to: /lustre/hpc/project/icecube/HE_Nu_Aske_Oct2024/PMTfied_filtered/PureNu/Snowstorm/22017/3/PMTfied_17.parquet
2025-02-13 18:34:24 - INFO - Filtered PMTfied file saved to: /lustre/hpc/project/icecube/HE_Nu_Aske_Oct2024/PMTfied_filtered/PureNu/Snowstorm/22017/3/PMTfied_13.parquet
2025-02-13 18:34:29 - INFO - Filtered PMTfied file saved to: /lustre/hpc/project/icecube/HE_Nu_Aske_Oct2024/PMTfied_filtered/PureNu/Snowstorm/22017/3/PMTfied_4.parquet
2025-02-13 18:34:33 - INFO - Filtered PMTfied file saved to: /lustre/hpc/project/icecube/HE_Nu_Aske_Oct2024/PMTfied_filtered/PureNu/Snowstorm/22017/3/PMTfied_8.parquet
2025-02-13 18:34:34 - INFO - Filtering process completed.
2025-02-13 18:34:34 - INFO - Filtering process completed for all selected filters.
2025-02-13 18:34:34 - INFO - Execution time: 90.74 seconds
2025-02-13 18:34:34 - INFO - Updated receipt with execution time: /lustre/hpc/project/icecube/HE_Nu_Aske_Oct2024/PMTfied_filtered/PureNu/Snowstorm/22017/[Receipt]22017_3.json
Job completed at Thu Feb 13 06:34:34 PM CET 2025
