Starting job at Mon Feb 24 01:10:28 PM CET 2025
Running Filter_by_part.py for subdirectory 22017, part 1
2025-02-24 13:10:28 - INFO - Event filtering process starts...
2025-02-24 13:10:28 - INFO - Initialized PureNeutrinoEventFilter filter for 22017/1
2025-02-24 13:10:29 - INFO - Loaded 4 event specifier files from /lustre/hpc/project/icecube/HE_Nu_Aske_Oct2024/clean_events_dict/22017/22017/reduced
2025-02-24 13:10:29 - INFO - Selected 2 CSV files covering event range [0, 1670]
2025-02-24 13:10:30 - INFO - Loaded 722895 valid (RunID, EventID) pairs from CSV files
2025-02-24 13:10:30 - INFO - Extracted 231643 valid events based on pure neutrino events.
2025-02-24 13:10:30 - INFO - Initialized Muon13Filter filter for 22017/1
2025-02-24 13:10:31 - INFO - Extracted 244473 valid events where MuonFilter_13==True.
2025-02-24 13:10:31 - INFO - Initialized CCFilter filter for 22017/1
2025-02-24 13:10:31 - INFO - Extracted 264626 valid events which are CC interactions.
2025-02-24 13:10:31 - INFO - Initialized CompositeEventFilter filter for 22017/1
2025-02-24 13:10:31 - INFO - Initialized (CC_CRclean_MuonLike)
2025-02-24 13:10:31 - INFO - Starting filtering process for 22017/1
2025-02-24 13:10:31 - INFO - Starting filtering process for 22017/1
2025-02-24 13:10:36 - INFO - Recalculated 'offset' column based on 'N_doms' values within each 'shard_no' group.
2025-02-24 13:10:37 - INFO - Filtered truth file saved to: /lustre/hpc/project/icecube/HE_Nu_Aske_Oct2024/PMTfied_filtered/Snowstorm/CC_CRclean_MuonLike/22017/truth_1.parquet
2025-02-24 13:10:39 - INFO - Filtered PMTfied file saved to: /lustre/hpc/project/icecube/HE_Nu_Aske_Oct2024/PMTfied_filtered/Snowstorm/CC_CRclean_MuonLike/22017/1/PMTfied_9.parquet
2025-02-24 13:10:41 - INFO - Filtered PMTfied file saved to: /lustre/hpc/project/icecube/HE_Nu_Aske_Oct2024/PMTfied_filtered/Snowstorm/CC_CRclean_MuonLike/22017/1/PMTfied_5.parquet
2025-02-24 13:10:44 - INFO - Filtered PMTfied file saved to: /lustre/hpc/project/icecube/HE_Nu_Aske_Oct2024/PMTfied_filtered/Snowstorm/CC_CRclean_MuonLike/22017/1/PMTfied_1.parquet
2025-02-24 13:10:46 - INFO - Filtered PMTfied file saved to: /lustre/hpc/project/icecube/HE_Nu_Aske_Oct2024/PMTfied_filtered/Snowstorm/CC_CRclean_MuonLike/22017/1/PMTfied_13.parquet
2025-02-24 13:10:47 - INFO - Filtered PMTfied file saved to: /lustre/hpc/project/icecube/HE_Nu_Aske_Oct2024/PMTfied_filtered/Snowstorm/CC_CRclean_MuonLike/22017/1/PMTfied_17.parquet
2025-02-24 13:10:49 - INFO - Filtered PMTfied file saved to: /lustre/hpc/project/icecube/HE_Nu_Aske_Oct2024/PMTfied_filtered/Snowstorm/CC_CRclean_MuonLike/22017/1/PMTfied_12.parquet
2025-02-24 13:10:50 - INFO - Filtered PMTfied file saved to: /lustre/hpc/project/icecube/HE_Nu_Aske_Oct2024/PMTfied_filtered/Snowstorm/CC_CRclean_MuonLike/22017/1/PMTfied_16.parquet
2025-02-24 13:10:51 - INFO - Filtered PMTfied file saved to: /lustre/hpc/project/icecube/HE_Nu_Aske_Oct2024/PMTfied_filtered/Snowstorm/CC_CRclean_MuonLike/22017/1/PMTfied_4.parquet
2025-02-24 13:10:54 - INFO - Filtered PMTfied file saved to: /lustre/hpc/project/icecube/HE_Nu_Aske_Oct2024/PMTfied_filtered/Snowstorm/CC_CRclean_MuonLike/22017/1/PMTfied_8.parquet
2025-02-24 13:10:55 - INFO - Filtered PMTfied file saved to: /lustre/hpc/project/icecube/HE_Nu_Aske_Oct2024/PMTfied_filtered/Snowstorm/CC_CRclean_MuonLike/22017/1/PMTfied_10.parquet
2025-02-24 13:10:58 - INFO - Filtered PMTfied file saved to: /lustre/hpc/project/icecube/HE_Nu_Aske_Oct2024/PMTfied_filtered/Snowstorm/CC_CRclean_MuonLike/22017/1/PMTfied_14.parquet
2025-02-24 13:11:00 - INFO - Filtered PMTfied file saved to: /lustre/hpc/project/icecube/HE_Nu_Aske_Oct2024/PMTfied_filtered/Snowstorm/CC_CRclean_MuonLike/22017/1/PMTfied_6.parquet
2025-02-24 13:11:03 - INFO - Filtered PMTfied file saved to: /lustre/hpc/project/icecube/HE_Nu_Aske_Oct2024/PMTfied_filtered/Snowstorm/CC_CRclean_MuonLike/22017/1/PMTfied_2.parquet
2025-02-24 13:11:06 - INFO - Filtered PMTfied file saved to: /lustre/hpc/project/icecube/HE_Nu_Aske_Oct2024/PMTfied_filtered/Snowstorm/CC_CRclean_MuonLike/22017/1/PMTfied_7.parquet
2025-02-24 13:11:09 - INFO - Filtered PMTfied file saved to: /lustre/hpc/project/icecube/HE_Nu_Aske_Oct2024/PMTfied_filtered/Snowstorm/CC_CRclean_MuonLike/22017/1/PMTfied_3.parquet
2025-02-24 13:11:11 - INFO - Filtered PMTfied file saved to: /lustre/hpc/project/icecube/HE_Nu_Aske_Oct2024/PMTfied_filtered/Snowstorm/CC_CRclean_MuonLike/22017/1/PMTfied_11.parquet
2025-02-24 13:11:13 - INFO - Filtered PMTfied file saved to: /lustre/hpc/project/icecube/HE_Nu_Aske_Oct2024/PMTfied_filtered/Snowstorm/CC_CRclean_MuonLike/22017/1/PMTfied_15.parquet
2025-02-24 13:11:13 - INFO - Filtering process completed.
2025-02-24 13:11:13 - INFO - Filtering process completed.
2025-02-24 13:11:14 - INFO - Unified receipt generated: /lustre/hpc/project/icecube/HE_Nu_Aske_Oct2024/PMTfied_filtered/Snowstorm/CC_CRclean_MuonLike/22017/[Receipt]22017_1.json
2025-02-24 13:11:14 - INFO - Filtering process completed.
Job completed at Mon Feb 24 01:11:14 PM CET 2025
