Starting job at Thu Feb 13 05:13:10 PM CET 2025
Running Filter_by_part.py for subdirectory 22017, part 3
2025-02-13 17:13:10 - INFO - Event filtering process starts...
2025-02-13 17:13:10 - INFO - Initialized Muon13Filter
2025-02-13 17:13:10 - INFO - Starting filtering process for 22017/3
2025-02-13 17:13:22 - INFO - Recalculated 'offset' column based on filtered 'N_doms' values.
2025-02-13 17:13:24 - INFO - Filtered truth file saved to: /lustre/hpc/project/icecube/HE_Nu_Aske_Oct2024/PMTfied_filtered/MuonLike/Snowstorm/22017/truth_3.parquet
2025-02-13 17:13:24 - INFO - Receipt file saved to: /lustre/hpc/project/icecube/HE_Nu_Aske_Oct2024/PMTfied_filtered/MuonLike/Snowstorm/22017/[Receipt]22017_3.json
2025-02-13 17:13:29 - INFO - Filtered PMTfied file saved to: /lustre/hpc/project/icecube/HE_Nu_Aske_Oct2024/PMTfied_filtered/MuonLike/Snowstorm/22017/3/PMTfied_15.parquet
2025-02-13 17:13:36 - INFO - Filtered PMTfied file saved to: /lustre/hpc/project/icecube/HE_Nu_Aske_Oct2024/PMTfied_filtered/MuonLike/Snowstorm/22017/3/PMTfied_11.parquet
2025-02-13 17:13:40 - INFO - Filtered PMTfied file saved to: /lustre/hpc/project/icecube/HE_Nu_Aske_Oct2024/PMTfied_filtered/MuonLike/Snowstorm/22017/3/PMTfied_6.parquet
2025-02-13 17:13:44 - INFO - Filtered PMTfied file saved to: /lustre/hpc/project/icecube/HE_Nu_Aske_Oct2024/PMTfied_filtered/MuonLike/Snowstorm/22017/3/PMTfied_2.parquet
2025-02-13 17:13:50 - INFO - Filtered PMTfied file saved to: /lustre/hpc/project/icecube/HE_Nu_Aske_Oct2024/PMTfied_filtered/MuonLike/Snowstorm/22017/3/PMTfied_14.parquet
2025-02-13 17:13:56 - INFO - Filtered PMTfied file saved to: /lustre/hpc/project/icecube/HE_Nu_Aske_Oct2024/PMTfied_filtered/MuonLike/Snowstorm/22017/3/PMTfied_10.parquet
2025-02-13 17:14:02 - INFO - Filtered PMTfied file saved to: /lustre/hpc/project/icecube/HE_Nu_Aske_Oct2024/PMTfied_filtered/MuonLike/Snowstorm/22017/3/PMTfied_7.parquet
2025-02-13 17:14:08 - INFO - Filtered PMTfied file saved to: /lustre/hpc/project/icecube/HE_Nu_Aske_Oct2024/PMTfied_filtered/MuonLike/Snowstorm/22017/3/PMTfied_3.parquet
2025-02-13 17:14:15 - INFO - Filtered PMTfied file saved to: /lustre/hpc/project/icecube/HE_Nu_Aske_Oct2024/PMTfied_filtered/MuonLike/Snowstorm/22017/3/PMTfied_16.parquet
2025-02-13 17:14:22 - INFO - Filtered PMTfied file saved to: /lustre/hpc/project/icecube/HE_Nu_Aske_Oct2024/PMTfied_filtered/MuonLike/Snowstorm/22017/3/PMTfied_12.parquet
2025-02-13 17:14:27 - INFO - Filtered PMTfied file saved to: /lustre/hpc/project/icecube/HE_Nu_Aske_Oct2024/PMTfied_filtered/MuonLike/Snowstorm/22017/3/PMTfied_9.parquet
2025-02-13 17:14:33 - INFO - Filtered PMTfied file saved to: /lustre/hpc/project/icecube/HE_Nu_Aske_Oct2024/PMTfied_filtered/MuonLike/Snowstorm/22017/3/PMTfied_5.parquet
2025-02-13 17:14:39 - INFO - Filtered PMTfied file saved to: /lustre/hpc/project/icecube/HE_Nu_Aske_Oct2024/PMTfied_filtered/MuonLike/Snowstorm/22017/3/PMTfied_1.parquet
2025-02-13 17:14:41 - INFO - Filtered PMTfied file saved to: /lustre/hpc/project/icecube/HE_Nu_Aske_Oct2024/PMTfied_filtered/MuonLike/Snowstorm/22017/3/PMTfied_17.parquet
2025-02-13 17:14:46 - INFO - Filtered PMTfied file saved to: /lustre/hpc/project/icecube/HE_Nu_Aske_Oct2024/PMTfied_filtered/MuonLike/Snowstorm/22017/3/PMTfied_13.parquet
2025-02-13 17:14:51 - INFO - Filtered PMTfied file saved to: /lustre/hpc/project/icecube/HE_Nu_Aske_Oct2024/PMTfied_filtered/MuonLike/Snowstorm/22017/3/PMTfied_4.parquet
2025-02-13 17:14:57 - INFO - Filtered PMTfied file saved to: /lustre/hpc/project/icecube/HE_Nu_Aske_Oct2024/PMTfied_filtered/MuonLike/Snowstorm/22017/3/PMTfied_8.parquet
2025-02-13 17:14:57 - INFO - Filtering process completed.
2025-02-13 17:14:57 - INFO - Filtering process completed for all selected filters.
2025-02-13 17:14:57 - INFO - Execution time: 106.72 seconds
2025-02-13 17:14:57 - INFO - Updated receipt with execution time: /lustre/hpc/project/icecube/HE_Nu_Aske_Oct2024/PMTfied_filtered/MuonLike/Snowstorm/22017/[Receipt]22017_3.json
Job completed at Thu Feb 13 05:14:57 PM CET 2025
