Starting job at Thu Feb 13 05:13:03 PM CET 2025
Running Filter_by_part.py for subdirectory 22017, part 1
2025-02-13 17:13:04 - INFO - Event filtering process starts...
2025-02-13 17:13:04 - INFO - Initialized Muon13Filter
2025-02-13 17:13:04 - INFO - Starting filtering process for 22017/1
2025-02-13 17:13:14 - INFO - Recalculated 'offset' column based on filtered 'N_doms' values.
2025-02-13 17:13:16 - INFO - Filtered truth file saved to: /lustre/hpc/project/icecube/HE_Nu_Aske_Oct2024/PMTfied_filtered/MuonLike/Snowstorm/22017/truth_1.parquet
2025-02-13 17:13:16 - INFO - Receipt file saved to: /lustre/hpc/project/icecube/HE_Nu_Aske_Oct2024/PMTfied_filtered/MuonLike/Snowstorm/22017/[Receipt]22017_1.json
2025-02-13 17:13:22 - INFO - Filtered PMTfied file saved to: /lustre/hpc/project/icecube/HE_Nu_Aske_Oct2024/PMTfied_filtered/MuonLike/Snowstorm/22017/1/PMTfied_9.parquet
2025-02-13 17:13:28 - INFO - Filtered PMTfied file saved to: /lustre/hpc/project/icecube/HE_Nu_Aske_Oct2024/PMTfied_filtered/MuonLike/Snowstorm/22017/1/PMTfied_5.parquet
2025-02-13 17:13:32 - INFO - Filtered PMTfied file saved to: /lustre/hpc/project/icecube/HE_Nu_Aske_Oct2024/PMTfied_filtered/MuonLike/Snowstorm/22017/1/PMTfied_1.parquet
2025-02-13 17:13:37 - INFO - Filtered PMTfied file saved to: /lustre/hpc/project/icecube/HE_Nu_Aske_Oct2024/PMTfied_filtered/MuonLike/Snowstorm/22017/1/PMTfied_13.parquet
2025-02-13 17:13:39 - INFO - Filtered PMTfied file saved to: /lustre/hpc/project/icecube/HE_Nu_Aske_Oct2024/PMTfied_filtered/MuonLike/Snowstorm/22017/1/PMTfied_17.parquet
2025-02-13 17:13:46 - INFO - Filtered PMTfied file saved to: /lustre/hpc/project/icecube/HE_Nu_Aske_Oct2024/PMTfied_filtered/MuonLike/Snowstorm/22017/1/PMTfied_12.parquet
2025-02-13 17:13:51 - INFO - Filtered PMTfied file saved to: /lustre/hpc/project/icecube/HE_Nu_Aske_Oct2024/PMTfied_filtered/MuonLike/Snowstorm/22017/1/PMTfied_16.parquet
2025-02-13 17:13:56 - INFO - Filtered PMTfied file saved to: /lustre/hpc/project/icecube/HE_Nu_Aske_Oct2024/PMTfied_filtered/MuonLike/Snowstorm/22017/1/PMTfied_4.parquet
2025-02-13 17:13:59 - INFO - Filtered PMTfied file saved to: /lustre/hpc/project/icecube/HE_Nu_Aske_Oct2024/PMTfied_filtered/MuonLike/Snowstorm/22017/1/PMTfied_8.parquet
2025-02-13 17:14:03 - INFO - Filtered PMTfied file saved to: /lustre/hpc/project/icecube/HE_Nu_Aske_Oct2024/PMTfied_filtered/MuonLike/Snowstorm/22017/1/PMTfied_10.parquet
2025-02-13 17:14:06 - INFO - Filtered PMTfied file saved to: /lustre/hpc/project/icecube/HE_Nu_Aske_Oct2024/PMTfied_filtered/MuonLike/Snowstorm/22017/1/PMTfied_14.parquet
2025-02-13 17:14:12 - INFO - Filtered PMTfied file saved to: /lustre/hpc/project/icecube/HE_Nu_Aske_Oct2024/PMTfied_filtered/MuonLike/Snowstorm/22017/1/PMTfied_6.parquet
2025-02-13 17:14:15 - INFO - Filtered PMTfied file saved to: /lustre/hpc/project/icecube/HE_Nu_Aske_Oct2024/PMTfied_filtered/MuonLike/Snowstorm/22017/1/PMTfied_2.parquet
2025-02-13 17:14:21 - INFO - Filtered PMTfied file saved to: /lustre/hpc/project/icecube/HE_Nu_Aske_Oct2024/PMTfied_filtered/MuonLike/Snowstorm/22017/1/PMTfied_7.parquet
2025-02-13 17:14:27 - INFO - Filtered PMTfied file saved to: /lustre/hpc/project/icecube/HE_Nu_Aske_Oct2024/PMTfied_filtered/MuonLike/Snowstorm/22017/1/PMTfied_3.parquet
2025-02-13 17:14:32 - INFO - Filtered PMTfied file saved to: /lustre/hpc/project/icecube/HE_Nu_Aske_Oct2024/PMTfied_filtered/MuonLike/Snowstorm/22017/1/PMTfied_11.parquet
2025-02-13 17:14:38 - INFO - Filtered PMTfied file saved to: /lustre/hpc/project/icecube/HE_Nu_Aske_Oct2024/PMTfied_filtered/MuonLike/Snowstorm/22017/1/PMTfied_15.parquet
2025-02-13 17:14:38 - INFO - Filtering process completed.
2025-02-13 17:14:38 - INFO - Filtering process completed for all selected filters.
2025-02-13 17:14:38 - INFO - Execution time: 94.02 seconds
2025-02-13 17:14:38 - INFO - Updated receipt with execution time: /lustre/hpc/project/icecube/HE_Nu_Aske_Oct2024/PMTfied_filtered/MuonLike/Snowstorm/22017/[Receipt]22017_1.json
Job completed at Thu Feb 13 05:14:38 PM CET 2025
