Starting job at Sat Feb 15 12:06:18 PM CET 2025
Running Filter_by_part.py for subdirectory 22017, part 2
2025-02-15 12:06:19 - INFO - Event filtering process starts...
2025-02-15 12:06:19 - INFO - Initialized Muon13Filter filter for 22017/2
2025-02-15 12:06:20 - INFO - Extracted 243917 valid events where MuonFilter_13==True.
2025-02-15 12:06:20 - INFO - Initialized CompositeEventFilter filter for 22017/2
2025-02-15 12:06:20 - INFO - Initialized (MuonLike)
2025-02-15 12:06:20 - INFO - Starting filtering process for 22017/2
2025-02-15 12:06:20 - INFO - Starting filtering process for 22017/2
2025-02-15 12:06:30 - INFO - Recalculated 'offset' column based on filtered 'N_doms' values.
2025-02-15 12:06:32 - INFO - Filtered truth file saved to: /lustre/hpc/project/icecube/HE_Nu_Aske_Oct2024/PMTfied_filtered/Snowstorm/MuonLike/22017/truth_2.parquet
2025-02-15 12:06:38 - INFO - Filtered PMTfied file saved to: /lustre/hpc/project/icecube/HE_Nu_Aske_Oct2024/PMTfied_filtered/Snowstorm/MuonLike/22017/2/PMTfied_16.parquet
2025-02-15 12:06:42 - INFO - Filtered PMTfied file saved to: /lustre/hpc/project/icecube/HE_Nu_Aske_Oct2024/PMTfied_filtered/Snowstorm/MuonLike/22017/2/PMTfied_12.parquet
2025-02-15 12:06:49 - INFO - Filtered PMTfied file saved to: /lustre/hpc/project/icecube/HE_Nu_Aske_Oct2024/PMTfied_filtered/Snowstorm/MuonLike/22017/2/PMTfied_9.parquet
2025-02-15 12:06:52 - INFO - Filtered PMTfied file saved to: /lustre/hpc/project/icecube/HE_Nu_Aske_Oct2024/PMTfied_filtered/Snowstorm/MuonLike/22017/2/PMTfied_1.parquet
2025-02-15 12:06:56 - INFO - Filtered PMTfied file saved to: /lustre/hpc/project/icecube/HE_Nu_Aske_Oct2024/PMTfied_filtered/Snowstorm/MuonLike/22017/2/PMTfied_5.parquet
2025-02-15 12:07:03 - INFO - Filtered PMTfied file saved to: /lustre/hpc/project/icecube/HE_Nu_Aske_Oct2024/PMTfied_filtered/Snowstorm/MuonLike/22017/2/PMTfied_4.parquet
2025-02-15 12:07:06 - INFO - Filtered PMTfied file saved to: /lustre/hpc/project/icecube/HE_Nu_Aske_Oct2024/PMTfied_filtered/Snowstorm/MuonLike/22017/2/PMTfied_8.parquet
2025-02-15 12:07:08 - INFO - Filtered PMTfied file saved to: /lustre/hpc/project/icecube/HE_Nu_Aske_Oct2024/PMTfied_filtered/Snowstorm/MuonLike/22017/2/PMTfied_17.parquet
2025-02-15 12:07:14 - INFO - Filtered PMTfied file saved to: /lustre/hpc/project/icecube/HE_Nu_Aske_Oct2024/PMTfied_filtered/Snowstorm/MuonLike/22017/2/PMTfied_13.parquet
2025-02-15 12:07:19 - INFO - Filtered PMTfied file saved to: /lustre/hpc/project/icecube/HE_Nu_Aske_Oct2024/PMTfied_filtered/Snowstorm/MuonLike/22017/2/PMTfied_2.parquet
2025-02-15 12:07:25 - INFO - Filtered PMTfied file saved to: /lustre/hpc/project/icecube/HE_Nu_Aske_Oct2024/PMTfied_filtered/Snowstorm/MuonLike/22017/2/PMTfied_6.parquet
2025-02-15 12:07:30 - INFO - Filtered PMTfied file saved to: /lustre/hpc/project/icecube/HE_Nu_Aske_Oct2024/PMTfied_filtered/Snowstorm/MuonLike/22017/2/PMTfied_15.parquet
2025-02-15 12:07:37 - INFO - Filtered PMTfied file saved to: /lustre/hpc/project/icecube/HE_Nu_Aske_Oct2024/PMTfied_filtered/Snowstorm/MuonLike/22017/2/PMTfied_11.parquet
2025-02-15 12:07:44 - INFO - Filtered PMTfied file saved to: /lustre/hpc/project/icecube/HE_Nu_Aske_Oct2024/PMTfied_filtered/Snowstorm/MuonLike/22017/2/PMTfied_14.parquet
2025-02-15 12:07:51 - INFO - Filtered PMTfied file saved to: /lustre/hpc/project/icecube/HE_Nu_Aske_Oct2024/PMTfied_filtered/Snowstorm/MuonLike/22017/2/PMTfied_10.parquet
2025-02-15 12:07:57 - INFO - Filtered PMTfied file saved to: /lustre/hpc/project/icecube/HE_Nu_Aske_Oct2024/PMTfied_filtered/Snowstorm/MuonLike/22017/2/PMTfied_3.parquet
2025-02-15 12:08:03 - INFO - Filtered PMTfied file saved to: /lustre/hpc/project/icecube/HE_Nu_Aske_Oct2024/PMTfied_filtered/Snowstorm/MuonLike/22017/2/PMTfied_7.parquet
2025-02-15 12:08:03 - INFO - Filtering process completed.
2025-02-15 12:08:03 - INFO - Filtering process completed.
2025-02-15 12:08:04 - INFO - Unified receipt generated: /lustre/hpc/project/icecube/HE_Nu_Aske_Oct2024/PMTfied_filtered/Snowstorm/MuonLike/22017/[Receipt]22017_2.json
2025-02-15 12:08:04 - INFO - Filtering process completed.
Job completed at Sat Feb 15 12:08:04 PM CET 2025
