Starting job at Thu Feb 13 06:33:03 PM CET 2025
Running Filter_by_part.py for subdirectory 22017, part 1
2025-02-13 18:33:04 - INFO - Event filtering process starts...
2025-02-13 18:33:04 - INFO - Initialized PureNeutrinoEventFilter
2025-02-13 18:33:04 - INFO - Starting filtering process for 22017/1
2025-02-13 18:33:05 - INFO - Loaded 4 event specifier files from /lustre/hpc/project/icecube/HE_Nu_Aske_Oct2024/clean_events_dict/22017/22017/reduced
2025-02-13 18:33:05 - INFO - Selected 2 CSV files covering event range [0, 1670]
2025-02-13 18:33:06 - INFO - Loaded 722895 valid (RunID, EventID) pairs from CSV files
2025-02-13 18:33:16 - INFO - Recalculated 'offset' column based on filtered 'N_doms' values.
2025-02-13 18:33:18 - INFO - Filtered truth file saved to: /lustre/hpc/project/icecube/HE_Nu_Aske_Oct2024/PMTfied_filtered/PureNu/Snowstorm/22017/truth_1.parquet
2025-02-13 18:33:18 - INFO - Receipt file saved to: /lustre/hpc/project/icecube/HE_Nu_Aske_Oct2024/PMTfied_filtered/PureNu/Snowstorm/22017/[Receipt]22017_1.json
2025-02-13 18:33:25 - INFO - Filtered PMTfied file saved to: /lustre/hpc/project/icecube/HE_Nu_Aske_Oct2024/PMTfied_filtered/PureNu/Snowstorm/22017/1/PMTfied_9.parquet
2025-02-13 18:33:31 - INFO - Filtered PMTfied file saved to: /lustre/hpc/project/icecube/HE_Nu_Aske_Oct2024/PMTfied_filtered/PureNu/Snowstorm/22017/1/PMTfied_5.parquet
2025-02-13 18:33:34 - INFO - Filtered PMTfied file saved to: /lustre/hpc/project/icecube/HE_Nu_Aske_Oct2024/PMTfied_filtered/PureNu/Snowstorm/22017/1/PMTfied_1.parquet
2025-02-13 18:33:37 - INFO - Filtered PMTfied file saved to: /lustre/hpc/project/icecube/HE_Nu_Aske_Oct2024/PMTfied_filtered/PureNu/Snowstorm/22017/1/PMTfied_13.parquet
2025-02-13 18:33:39 - INFO - Filtered PMTfied file saved to: /lustre/hpc/project/icecube/HE_Nu_Aske_Oct2024/PMTfied_filtered/PureNu/Snowstorm/22017/1/PMTfied_17.parquet
2025-02-13 18:33:46 - INFO - Filtered PMTfied file saved to: /lustre/hpc/project/icecube/HE_Nu_Aske_Oct2024/PMTfied_filtered/PureNu/Snowstorm/22017/1/PMTfied_12.parquet
2025-02-13 18:33:49 - INFO - Filtered PMTfied file saved to: /lustre/hpc/project/icecube/HE_Nu_Aske_Oct2024/PMTfied_filtered/PureNu/Snowstorm/22017/1/PMTfied_16.parquet
2025-02-13 18:33:54 - INFO - Filtered PMTfied file saved to: /lustre/hpc/project/icecube/HE_Nu_Aske_Oct2024/PMTfied_filtered/PureNu/Snowstorm/22017/1/PMTfied_4.parquet
2025-02-13 18:34:00 - INFO - Filtered PMTfied file saved to: /lustre/hpc/project/icecube/HE_Nu_Aske_Oct2024/PMTfied_filtered/PureNu/Snowstorm/22017/1/PMTfied_8.parquet
2025-02-13 18:34:05 - INFO - Filtered PMTfied file saved to: /lustre/hpc/project/icecube/HE_Nu_Aske_Oct2024/PMTfied_filtered/PureNu/Snowstorm/22017/1/PMTfied_10.parquet
2025-02-13 18:34:08 - INFO - Filtered PMTfied file saved to: /lustre/hpc/project/icecube/HE_Nu_Aske_Oct2024/PMTfied_filtered/PureNu/Snowstorm/22017/1/PMTfied_14.parquet
2025-02-13 18:34:15 - INFO - Filtered PMTfied file saved to: /lustre/hpc/project/icecube/HE_Nu_Aske_Oct2024/PMTfied_filtered/PureNu/Snowstorm/22017/1/PMTfied_6.parquet
2025-02-13 18:34:18 - INFO - Filtered PMTfied file saved to: /lustre/hpc/project/icecube/HE_Nu_Aske_Oct2024/PMTfied_filtered/PureNu/Snowstorm/22017/1/PMTfied_2.parquet
2025-02-13 18:34:20 - INFO - Filtered PMTfied file saved to: /lustre/hpc/project/icecube/HE_Nu_Aske_Oct2024/PMTfied_filtered/PureNu/Snowstorm/22017/1/PMTfied_7.parquet
2025-02-13 18:34:27 - INFO - Filtered PMTfied file saved to: /lustre/hpc/project/icecube/HE_Nu_Aske_Oct2024/PMTfied_filtered/PureNu/Snowstorm/22017/1/PMTfied_3.parquet
2025-02-13 18:34:30 - INFO - Filtered PMTfied file saved to: /lustre/hpc/project/icecube/HE_Nu_Aske_Oct2024/PMTfied_filtered/PureNu/Snowstorm/22017/1/PMTfied_11.parquet
2025-02-13 18:34:37 - INFO - Filtered PMTfied file saved to: /lustre/hpc/project/icecube/HE_Nu_Aske_Oct2024/PMTfied_filtered/PureNu/Snowstorm/22017/1/PMTfied_15.parquet
2025-02-13 18:34:37 - INFO - Filtering process completed.
2025-02-13 18:34:37 - INFO - Filtering process completed for all selected filters.
2025-02-13 18:34:37 - INFO - Execution time: 93.30 seconds
2025-02-13 18:34:37 - INFO - Updated receipt with execution time: /lustre/hpc/project/icecube/HE_Nu_Aske_Oct2024/PMTfied_filtered/PureNu/Snowstorm/22017/[Receipt]22017_1.json
Job completed at Thu Feb 13 06:34:37 PM CET 2025
