Starting job at Mon Feb 17 04:00:02 PM CET 2025
Running Filter_by_part.py for subdirectory 22017, part 2
2025-02-17 16:00:03 - INFO - Event filtering process starts...
2025-02-17 16:00:03 - INFO - Initialized PureNeutrinoEventFilter filter for 22017/2
2025-02-17 16:00:03 - INFO - Loaded 4 event specifier files from /lustre/hpc/project/icecube/HE_Nu_Aske_Oct2024/clean_events_dict/22017/22017/reduced
2025-02-17 16:00:03 - INFO - Selected 3 CSV files covering event range [844, 2565]
2025-02-17 16:00:04 - INFO - Loaded 1083017 valid (RunID, EventID) pairs from CSV files
2025-02-17 16:00:04 - INFO - Extracted 230826 valid events based on pure neutrino events.
2025-02-17 16:00:05 - INFO - Initialized CompositeEventFilter filter for 22017/2
2025-02-17 16:00:05 - INFO - Initialized (PureNu)
2025-02-17 16:00:05 - INFO - Starting filtering process for 22017/2
2025-02-17 16:00:05 - INFO - Starting filtering process for 22017/2
2025-02-17 16:00:09 - INFO - Recalculated 'offset' column based on 'N_doms' values within each 'shard_no' group.
2025-02-17 16:00:10 - INFO - Filtered truth file saved to: /lustre/hpc/project/icecube/HE_Nu_Aske_Oct2024/PMTfied_filtered/Snowstorm/PureNu/22017/truth_2.parquet
2025-02-17 16:00:12 - INFO - Filtered PMTfied file saved to: /lustre/hpc/project/icecube/HE_Nu_Aske_Oct2024/PMTfied_filtered/Snowstorm/PureNu/22017/2/PMTfied_16.parquet
2025-02-17 16:00:15 - INFO - Filtered PMTfied file saved to: /lustre/hpc/project/icecube/HE_Nu_Aske_Oct2024/PMTfied_filtered/Snowstorm/PureNu/22017/2/PMTfied_12.parquet
2025-02-17 16:00:17 - INFO - Filtered PMTfied file saved to: /lustre/hpc/project/icecube/HE_Nu_Aske_Oct2024/PMTfied_filtered/Snowstorm/PureNu/22017/2/PMTfied_9.parquet
2025-02-17 16:00:20 - INFO - Filtered PMTfied file saved to: /lustre/hpc/project/icecube/HE_Nu_Aske_Oct2024/PMTfied_filtered/Snowstorm/PureNu/22017/2/PMTfied_1.parquet
2025-02-17 16:00:22 - INFO - Filtered PMTfied file saved to: /lustre/hpc/project/icecube/HE_Nu_Aske_Oct2024/PMTfied_filtered/Snowstorm/PureNu/22017/2/PMTfied_5.parquet
2025-02-17 16:00:28 - INFO - Filtered PMTfied file saved to: /lustre/hpc/project/icecube/HE_Nu_Aske_Oct2024/PMTfied_filtered/Snowstorm/PureNu/22017/2/PMTfied_4.parquet
2025-02-17 16:00:31 - INFO - Filtered PMTfied file saved to: /lustre/hpc/project/icecube/HE_Nu_Aske_Oct2024/PMTfied_filtered/Snowstorm/PureNu/22017/2/PMTfied_8.parquet
2025-02-17 16:00:31 - INFO - Filtered PMTfied file saved to: /lustre/hpc/project/icecube/HE_Nu_Aske_Oct2024/PMTfied_filtered/Snowstorm/PureNu/22017/2/PMTfied_17.parquet
2025-02-17 16:00:34 - INFO - Filtered PMTfied file saved to: /lustre/hpc/project/icecube/HE_Nu_Aske_Oct2024/PMTfied_filtered/Snowstorm/PureNu/22017/2/PMTfied_13.parquet
2025-02-17 16:00:37 - INFO - Filtered PMTfied file saved to: /lustre/hpc/project/icecube/HE_Nu_Aske_Oct2024/PMTfied_filtered/Snowstorm/PureNu/22017/2/PMTfied_2.parquet
2025-02-17 16:00:39 - INFO - Filtered PMTfied file saved to: /lustre/hpc/project/icecube/HE_Nu_Aske_Oct2024/PMTfied_filtered/Snowstorm/PureNu/22017/2/PMTfied_6.parquet
2025-02-17 16:00:42 - INFO - Filtered PMTfied file saved to: /lustre/hpc/project/icecube/HE_Nu_Aske_Oct2024/PMTfied_filtered/Snowstorm/PureNu/22017/2/PMTfied_15.parquet
2025-02-17 16:00:43 - INFO - Filtered PMTfied file saved to: /lustre/hpc/project/icecube/HE_Nu_Aske_Oct2024/PMTfied_filtered/Snowstorm/PureNu/22017/2/PMTfied_11.parquet
2025-02-17 16:00:46 - INFO - Filtered PMTfied file saved to: /lustre/hpc/project/icecube/HE_Nu_Aske_Oct2024/PMTfied_filtered/Snowstorm/PureNu/22017/2/PMTfied_14.parquet
2025-02-17 16:00:48 - INFO - Filtered PMTfied file saved to: /lustre/hpc/project/icecube/HE_Nu_Aske_Oct2024/PMTfied_filtered/Snowstorm/PureNu/22017/2/PMTfied_10.parquet
2025-02-17 16:00:51 - INFO - Filtered PMTfied file saved to: /lustre/hpc/project/icecube/HE_Nu_Aske_Oct2024/PMTfied_filtered/Snowstorm/PureNu/22017/2/PMTfied_3.parquet
2025-02-17 16:00:53 - INFO - Filtered PMTfied file saved to: /lustre/hpc/project/icecube/HE_Nu_Aske_Oct2024/PMTfied_filtered/Snowstorm/PureNu/22017/2/PMTfied_7.parquet
2025-02-17 16:00:53 - INFO - Filtering process completed.
2025-02-17 16:00:53 - INFO - Filtering process completed.
2025-02-17 16:00:54 - INFO - Unified receipt generated: /lustre/hpc/project/icecube/HE_Nu_Aske_Oct2024/PMTfied_filtered/Snowstorm/PureNu/22017/[Receipt]22017_2.json
2025-02-17 16:00:54 - INFO - Filtering process completed.
Job completed at Mon Feb 17 04:00:54 PM CET 2025
