Starting job at Sat Feb 15 12:12:25 PM CET 2025
Running Filter_by_part.py for subdirectory 22017, part 3
2025-02-15 12:12:26 - INFO - Event filtering process starts...
2025-02-15 12:12:26 - INFO - Initialized PureNeutrinoEventFilter filter for 22017/3
2025-02-15 12:12:27 - INFO - Loaded 4 event specifier files from /lustre/hpc/project/icecube/HE_Nu_Aske_Oct2024/clean_events_dict/22017/22017/reduced
2025-02-15 12:12:27 - INFO - Selected 4 CSV files covering event range [30, 3299]
2025-02-15 12:12:29 - INFO - Loaded 1190997 valid (RunID, EventID) pairs from CSV files
2025-02-15 12:12:30 - INFO - Extracted 230654 valid events based on pure neutrino events.
2025-02-15 12:12:30 - INFO - Initialized CompositeEventFilter filter for 22017/3
2025-02-15 12:12:30 - INFO - Initialized (PureNu)
2025-02-15 12:12:30 - INFO - Starting filtering process for 22017/3
2025-02-15 12:12:30 - INFO - Starting filtering process for 22017/3
2025-02-15 12:12:39 - INFO - Recalculated 'offset' column based on filtered 'N_doms' values.
2025-02-15 12:12:41 - INFO - Filtered truth file saved to: /lustre/hpc/project/icecube/HE_Nu_Aske_Oct2024/PMTfied_filtered/Snowstorm/PureNu/22017/truth_3.parquet
2025-02-15 12:12:48 - INFO - Filtered PMTfied file saved to: /lustre/hpc/project/icecube/HE_Nu_Aske_Oct2024/PMTfied_filtered/Snowstorm/PureNu/22017/3/PMTfied_15.parquet
2025-02-15 12:12:52 - INFO - Filtered PMTfied file saved to: /lustre/hpc/project/icecube/HE_Nu_Aske_Oct2024/PMTfied_filtered/Snowstorm/PureNu/22017/3/PMTfied_11.parquet
2025-02-15 12:12:57 - INFO - Filtered PMTfied file saved to: /lustre/hpc/project/icecube/HE_Nu_Aske_Oct2024/PMTfied_filtered/Snowstorm/PureNu/22017/3/PMTfied_6.parquet
2025-02-15 12:13:00 - INFO - Filtered PMTfied file saved to: /lustre/hpc/project/icecube/HE_Nu_Aske_Oct2024/PMTfied_filtered/Snowstorm/PureNu/22017/3/PMTfied_2.parquet
2025-02-15 12:13:06 - INFO - Filtered PMTfied file saved to: /lustre/hpc/project/icecube/HE_Nu_Aske_Oct2024/PMTfied_filtered/Snowstorm/PureNu/22017/3/PMTfied_14.parquet
2025-02-15 12:13:13 - INFO - Filtered PMTfied file saved to: /lustre/hpc/project/icecube/HE_Nu_Aske_Oct2024/PMTfied_filtered/Snowstorm/PureNu/22017/3/PMTfied_10.parquet
2025-02-15 12:13:21 - INFO - Filtered PMTfied file saved to: /lustre/hpc/project/icecube/HE_Nu_Aske_Oct2024/PMTfied_filtered/Snowstorm/PureNu/22017/3/PMTfied_7.parquet
2025-02-15 12:13:26 - INFO - Filtered PMTfied file saved to: /lustre/hpc/project/icecube/HE_Nu_Aske_Oct2024/PMTfied_filtered/Snowstorm/PureNu/22017/3/PMTfied_3.parquet
2025-02-15 12:13:33 - INFO - Filtered PMTfied file saved to: /lustre/hpc/project/icecube/HE_Nu_Aske_Oct2024/PMTfied_filtered/Snowstorm/PureNu/22017/3/PMTfied_16.parquet
2025-02-15 12:13:41 - INFO - Filtered PMTfied file saved to: /lustre/hpc/project/icecube/HE_Nu_Aske_Oct2024/PMTfied_filtered/Snowstorm/PureNu/22017/3/PMTfied_12.parquet
2025-02-15 12:13:46 - INFO - Filtered PMTfied file saved to: /lustre/hpc/project/icecube/HE_Nu_Aske_Oct2024/PMTfied_filtered/Snowstorm/PureNu/22017/3/PMTfied_9.parquet
2025-02-15 12:13:52 - INFO - Filtered PMTfied file saved to: /lustre/hpc/project/icecube/HE_Nu_Aske_Oct2024/PMTfied_filtered/Snowstorm/PureNu/22017/3/PMTfied_5.parquet
2025-02-15 12:13:56 - INFO - Filtered PMTfied file saved to: /lustre/hpc/project/icecube/HE_Nu_Aske_Oct2024/PMTfied_filtered/Snowstorm/PureNu/22017/3/PMTfied_1.parquet
2025-02-15 12:13:58 - INFO - Filtered PMTfied file saved to: /lustre/hpc/project/icecube/HE_Nu_Aske_Oct2024/PMTfied_filtered/Snowstorm/PureNu/22017/3/PMTfied_17.parquet
2025-02-15 12:14:03 - INFO - Filtered PMTfied file saved to: /lustre/hpc/project/icecube/HE_Nu_Aske_Oct2024/PMTfied_filtered/Snowstorm/PureNu/22017/3/PMTfied_13.parquet
2025-02-15 12:14:08 - INFO - Filtered PMTfied file saved to: /lustre/hpc/project/icecube/HE_Nu_Aske_Oct2024/PMTfied_filtered/Snowstorm/PureNu/22017/3/PMTfied_4.parquet
2025-02-15 12:14:13 - INFO - Filtered PMTfied file saved to: /lustre/hpc/project/icecube/HE_Nu_Aske_Oct2024/PMTfied_filtered/Snowstorm/PureNu/22017/3/PMTfied_8.parquet
2025-02-15 12:14:13 - INFO - Filtering process completed.
2025-02-15 12:14:13 - INFO - Filtering process completed.
2025-02-15 12:14:13 - INFO - Unified receipt generated: /lustre/hpc/project/icecube/HE_Nu_Aske_Oct2024/PMTfied_filtered/Snowstorm/PureNu/22017/[Receipt]22017_3.json
2025-02-15 12:14:13 - INFO - Filtering process completed.
Job completed at Sat Feb 15 12:14:13 PM CET 2025
