Starting job at Mon Feb 17 04:17:59 PM CET 2025
Running Filter_by_part.py for subdirectory 22017, part 1
2025-02-17 16:17:59 - INFO - Event filtering process starts...
2025-02-17 16:17:59 - INFO - Initialized PureNeutrinoEventFilter filter for 22017/1
2025-02-17 16:18:00 - INFO - Loaded 4 event specifier files from /lustre/hpc/project/icecube/HE_Nu_Aske_Oct2024/clean_events_dict/22017/22017/reduced
2025-02-17 16:18:00 - INFO - Selected 2 CSV files covering event range [0, 1670]
2025-02-17 16:18:01 - INFO - Loaded 722895 valid (RunID, EventID) pairs from CSV files
2025-02-17 16:18:02 - INFO - Extracted 231643 valid events based on pure neutrino events.
2025-02-17 16:18:02 - INFO - Initialized Muon13Filter filter for 22017/1
2025-02-17 16:18:03 - INFO - Extracted 244473 valid events where MuonFilter_13==True.
2025-02-17 16:18:03 - INFO - Initialized CompositeEventFilter filter for 22017/1
2025-02-17 16:18:03 - INFO - Initialized (MuonLike_PureNu)
2025-02-17 16:18:03 - INFO - Starting filtering process for 22017/1
2025-02-17 16:18:03 - INFO - Starting filtering process for 22017/1
2025-02-17 16:18:10 - INFO - Recalculated 'offset' column based on 'N_doms' values within each 'shard_no' group.
2025-02-17 16:18:12 - INFO - Filtered truth file saved to: /lustre/hpc/project/icecube/HE_Nu_Aske_Oct2024/PMTfied_filtered/Snowstorm/MuonLike_PureNu/22017/truth_1.parquet
2025-02-17 16:18:15 - INFO - Filtered PMTfied file saved to: /lustre/hpc/project/icecube/HE_Nu_Aske_Oct2024/PMTfied_filtered/Snowstorm/MuonLike_PureNu/22017/1/PMTfied_9.parquet
2025-02-17 16:18:18 - INFO - Filtered PMTfied file saved to: /lustre/hpc/project/icecube/HE_Nu_Aske_Oct2024/PMTfied_filtered/Snowstorm/MuonLike_PureNu/22017/1/PMTfied_5.parquet
2025-02-17 16:18:23 - INFO - Filtered PMTfied file saved to: /lustre/hpc/project/icecube/HE_Nu_Aske_Oct2024/PMTfied_filtered/Snowstorm/MuonLike_PureNu/22017/1/PMTfied_1.parquet
2025-02-17 16:18:28 - INFO - Filtered PMTfied file saved to: /lustre/hpc/project/icecube/HE_Nu_Aske_Oct2024/PMTfied_filtered/Snowstorm/MuonLike_PureNu/22017/1/PMTfied_13.parquet
2025-02-17 16:18:29 - INFO - Filtered PMTfied file saved to: /lustre/hpc/project/icecube/HE_Nu_Aske_Oct2024/PMTfied_filtered/Snowstorm/MuonLike_PureNu/22017/1/PMTfied_17.parquet
2025-02-17 16:18:35 - INFO - Filtered PMTfied file saved to: /lustre/hpc/project/icecube/HE_Nu_Aske_Oct2024/PMTfied_filtered/Snowstorm/MuonLike_PureNu/22017/1/PMTfied_12.parquet
2025-02-17 16:18:40 - INFO - Filtered PMTfied file saved to: /lustre/hpc/project/icecube/HE_Nu_Aske_Oct2024/PMTfied_filtered/Snowstorm/MuonLike_PureNu/22017/1/PMTfied_16.parquet
2025-02-17 16:18:44 - INFO - Filtered PMTfied file saved to: /lustre/hpc/project/icecube/HE_Nu_Aske_Oct2024/PMTfied_filtered/Snowstorm/MuonLike_PureNu/22017/1/PMTfied_4.parquet
2025-02-17 16:18:47 - INFO - Filtered PMTfied file saved to: /lustre/hpc/project/icecube/HE_Nu_Aske_Oct2024/PMTfied_filtered/Snowstorm/MuonLike_PureNu/22017/1/PMTfied_8.parquet
2025-02-17 16:18:52 - INFO - Filtered PMTfied file saved to: /lustre/hpc/project/icecube/HE_Nu_Aske_Oct2024/PMTfied_filtered/Snowstorm/MuonLike_PureNu/22017/1/PMTfied_10.parquet
2025-02-17 16:18:57 - INFO - Filtered PMTfied file saved to: /lustre/hpc/project/icecube/HE_Nu_Aske_Oct2024/PMTfied_filtered/Snowstorm/MuonLike_PureNu/22017/1/PMTfied_14.parquet
2025-02-17 16:19:02 - INFO - Filtered PMTfied file saved to: /lustre/hpc/project/icecube/HE_Nu_Aske_Oct2024/PMTfied_filtered/Snowstorm/MuonLike_PureNu/22017/1/PMTfied_6.parquet
2025-02-17 16:19:05 - INFO - Filtered PMTfied file saved to: /lustre/hpc/project/icecube/HE_Nu_Aske_Oct2024/PMTfied_filtered/Snowstorm/MuonLike_PureNu/22017/1/PMTfied_2.parquet
2025-02-17 16:19:10 - INFO - Filtered PMTfied file saved to: /lustre/hpc/project/icecube/HE_Nu_Aske_Oct2024/PMTfied_filtered/Snowstorm/MuonLike_PureNu/22017/1/PMTfied_7.parquet
2025-02-17 16:19:15 - INFO - Filtered PMTfied file saved to: /lustre/hpc/project/icecube/HE_Nu_Aske_Oct2024/PMTfied_filtered/Snowstorm/MuonLike_PureNu/22017/1/PMTfied_3.parquet
2025-02-17 16:19:19 - INFO - Filtered PMTfied file saved to: /lustre/hpc/project/icecube/HE_Nu_Aske_Oct2024/PMTfied_filtered/Snowstorm/MuonLike_PureNu/22017/1/PMTfied_11.parquet
2025-02-17 16:19:24 - INFO - Filtered PMTfied file saved to: /lustre/hpc/project/icecube/HE_Nu_Aske_Oct2024/PMTfied_filtered/Snowstorm/MuonLike_PureNu/22017/1/PMTfied_15.parquet
2025-02-17 16:19:24 - INFO - Filtering process completed.
2025-02-17 16:19:24 - INFO - Filtering process completed.
2025-02-17 16:19:24 - INFO - Unified receipt generated: /lustre/hpc/project/icecube/HE_Nu_Aske_Oct2024/PMTfied_filtered/Snowstorm/MuonLike_PureNu/22017/[Receipt]22017_1.json
2025-02-17 16:19:24 - INFO - Filtering process completed.
Job completed at Mon Feb 17 04:19:24 PM CET 2025
