Starting job at Mon Feb 24 01:53:30 PM CET 2025
Running Filter_by_part.py for subdirectory 22017, part 1
2025-02-24 13:53:31 - INFO - Event filtering process starts...
2025-02-24 13:53:31 - INFO - Initialized PureNeutrinoEventFilter filter for 22017/1
2025-02-24 13:53:32 - INFO - Loaded 4 event specifier files from /lustre/hpc/project/icecube/HE_Nu_Aske_Oct2024/clean_events_dict/22017/22017/reduced
2025-02-24 13:53:32 - INFO - Selected 2 CSV files covering event range [0, 1670]
2025-02-24 13:53:33 - INFO - Loaded 722895 valid (RunID, EventID) pairs from CSV files
2025-02-24 13:53:34 - INFO - Extracted 231643 valid events based on pure neutrino events.
2025-02-24 13:53:34 - INFO - Initialized CCFilter filter for 22017/1
2025-02-24 13:53:35 - INFO - Extracted 264626 valid events which are CC interactions.
2025-02-24 13:53:35 - INFO - Initialized ContainmentFilter filter for 22017/1
2025-02-24 13:53:35 - INFO - Extracted 107209 valid events within the specified containment region.
2025-02-24 13:53:35 - INFO - Initialized CompositeEventFilter filter for 22017/1
2025-02-24 13:53:35 - INFO - Initialized (CC_CRclean_Contained)
2025-02-24 13:53:35 - INFO - Starting filtering process for 22017/1
2025-02-24 13:53:35 - INFO - Starting filtering process for 22017/1
2025-02-24 13:53:39 - INFO - Recalculated 'offset' column based on 'N_doms' values within each 'shard_no' group.
2025-02-24 13:53:40 - INFO - Filtered truth file saved to: /lustre/hpc/project/icecube/HE_Nu_Aske_Oct2024/PMTfied_filtered/Snowstorm/CC_CRclean_Contained/22017/truth_1.parquet
2025-02-24 13:53:44 - INFO - Filtered PMTfied file saved to: /lustre/hpc/project/icecube/HE_Nu_Aske_Oct2024/PMTfied_filtered/Snowstorm/CC_CRclean_Contained/22017/1/PMTfied_9.parquet
2025-02-24 13:53:51 - INFO - Filtered PMTfied file saved to: /lustre/hpc/project/icecube/HE_Nu_Aske_Oct2024/PMTfied_filtered/Snowstorm/CC_CRclean_Contained/22017/1/PMTfied_5.parquet
2025-02-24 13:53:53 - INFO - Filtered PMTfied file saved to: /lustre/hpc/project/icecube/HE_Nu_Aske_Oct2024/PMTfied_filtered/Snowstorm/CC_CRclean_Contained/22017/1/PMTfied_1.parquet
2025-02-24 13:53:56 - INFO - Filtered PMTfied file saved to: /lustre/hpc/project/icecube/HE_Nu_Aske_Oct2024/PMTfied_filtered/Snowstorm/CC_CRclean_Contained/22017/1/PMTfied_13.parquet
2025-02-24 13:53:57 - INFO - Filtered PMTfied file saved to: /lustre/hpc/project/icecube/HE_Nu_Aske_Oct2024/PMTfied_filtered/Snowstorm/CC_CRclean_Contained/22017/1/PMTfied_17.parquet
2025-02-24 13:54:00 - INFO - Filtered PMTfied file saved to: /lustre/hpc/project/icecube/HE_Nu_Aske_Oct2024/PMTfied_filtered/Snowstorm/CC_CRclean_Contained/22017/1/PMTfied_12.parquet
2025-02-24 13:54:02 - INFO - Filtered PMTfied file saved to: /lustre/hpc/project/icecube/HE_Nu_Aske_Oct2024/PMTfied_filtered/Snowstorm/CC_CRclean_Contained/22017/1/PMTfied_16.parquet
2025-02-24 13:54:06 - INFO - Filtered PMTfied file saved to: /lustre/hpc/project/icecube/HE_Nu_Aske_Oct2024/PMTfied_filtered/Snowstorm/CC_CRclean_Contained/22017/1/PMTfied_4.parquet
2025-02-24 13:54:10 - INFO - Filtered PMTfied file saved to: /lustre/hpc/project/icecube/HE_Nu_Aske_Oct2024/PMTfied_filtered/Snowstorm/CC_CRclean_Contained/22017/1/PMTfied_8.parquet
2025-02-24 13:54:15 - INFO - Filtered PMTfied file saved to: /lustre/hpc/project/icecube/HE_Nu_Aske_Oct2024/PMTfied_filtered/Snowstorm/CC_CRclean_Contained/22017/1/PMTfied_10.parquet
2025-02-24 13:54:19 - INFO - Filtered PMTfied file saved to: /lustre/hpc/project/icecube/HE_Nu_Aske_Oct2024/PMTfied_filtered/Snowstorm/CC_CRclean_Contained/22017/1/PMTfied_14.parquet
2025-02-24 13:54:23 - INFO - Filtered PMTfied file saved to: /lustre/hpc/project/icecube/HE_Nu_Aske_Oct2024/PMTfied_filtered/Snowstorm/CC_CRclean_Contained/22017/1/PMTfied_6.parquet
2025-02-24 13:54:27 - INFO - Filtered PMTfied file saved to: /lustre/hpc/project/icecube/HE_Nu_Aske_Oct2024/PMTfied_filtered/Snowstorm/CC_CRclean_Contained/22017/1/PMTfied_2.parquet
2025-02-24 13:54:31 - INFO - Filtered PMTfied file saved to: /lustre/hpc/project/icecube/HE_Nu_Aske_Oct2024/PMTfied_filtered/Snowstorm/CC_CRclean_Contained/22017/1/PMTfied_7.parquet
2025-02-24 13:54:37 - INFO - Filtered PMTfied file saved to: /lustre/hpc/project/icecube/HE_Nu_Aske_Oct2024/PMTfied_filtered/Snowstorm/CC_CRclean_Contained/22017/1/PMTfied_3.parquet
2025-02-24 13:54:40 - INFO - Filtered PMTfied file saved to: /lustre/hpc/project/icecube/HE_Nu_Aske_Oct2024/PMTfied_filtered/Snowstorm/CC_CRclean_Contained/22017/1/PMTfied_11.parquet
2025-02-24 13:54:43 - INFO - Filtered PMTfied file saved to: /lustre/hpc/project/icecube/HE_Nu_Aske_Oct2024/PMTfied_filtered/Snowstorm/CC_CRclean_Contained/22017/1/PMTfied_15.parquet
2025-02-24 13:54:43 - INFO - Filtering process completed.
2025-02-24 13:54:43 - INFO - Filtering process completed.
2025-02-24 13:54:44 - INFO - Unified receipt generated: /lustre/hpc/project/icecube/HE_Nu_Aske_Oct2024/PMTfied_filtered/Snowstorm/CC_CRclean_Contained/22017/[Receipt]22017_1.json
2025-02-24 13:54:44 - INFO - Filtering process completed.
Job completed at Mon Feb 24 01:54:44 PM CET 2025
