Starting job at Mon Feb 17 04:11:27 PM CET 2025
Running Filter_by_part.py for subdirectory 22017, part 2
2025-02-17 16:11:27 - INFO - Event filtering process starts...
2025-02-17 16:11:27 - INFO - Initialized Muon13Filter filter for 22017/2
2025-02-17 16:11:28 - INFO - Extracted 243917 valid events where MuonFilter_13==True.
2025-02-17 16:11:28 - INFO - Initialized CompositeEventFilter filter for 22017/2
2025-02-17 16:11:28 - INFO - Initialized (MuonLike)
2025-02-17 16:11:28 - INFO - Starting filtering process for 22017/2
2025-02-17 16:11:28 - INFO - Starting filtering process for 22017/2
2025-02-17 16:11:39 - INFO - Recalculated 'offset' column based on 'N_doms' values within each 'shard_no' group.
2025-02-17 16:11:42 - INFO - Filtered truth file saved to: /lustre/hpc/project/icecube/HE_Nu_Aske_Oct2024/PMTfied_filtered/Snowstorm/MuonLike/22017/truth_2.parquet
2025-02-17 16:11:47 - INFO - Filtered PMTfied file saved to: /lustre/hpc/project/icecube/HE_Nu_Aske_Oct2024/PMTfied_filtered/Snowstorm/MuonLike/22017/2/PMTfied_16.parquet
2025-02-17 16:11:51 - INFO - Filtered PMTfied file saved to: /lustre/hpc/project/icecube/HE_Nu_Aske_Oct2024/PMTfied_filtered/Snowstorm/MuonLike/22017/2/PMTfied_12.parquet
2025-02-17 16:11:56 - INFO - Filtered PMTfied file saved to: /lustre/hpc/project/icecube/HE_Nu_Aske_Oct2024/PMTfied_filtered/Snowstorm/MuonLike/22017/2/PMTfied_9.parquet
2025-02-17 16:12:02 - INFO - Filtered PMTfied file saved to: /lustre/hpc/project/icecube/HE_Nu_Aske_Oct2024/PMTfied_filtered/Snowstorm/MuonLike/22017/2/PMTfied_1.parquet
2025-02-17 16:12:07 - INFO - Filtered PMTfied file saved to: /lustre/hpc/project/icecube/HE_Nu_Aske_Oct2024/PMTfied_filtered/Snowstorm/MuonLike/22017/2/PMTfied_5.parquet
2025-02-17 16:12:14 - INFO - Filtered PMTfied file saved to: /lustre/hpc/project/icecube/HE_Nu_Aske_Oct2024/PMTfied_filtered/Snowstorm/MuonLike/22017/2/PMTfied_4.parquet
2025-02-17 16:12:19 - INFO - Filtered PMTfied file saved to: /lustre/hpc/project/icecube/HE_Nu_Aske_Oct2024/PMTfied_filtered/Snowstorm/MuonLike/22017/2/PMTfied_8.parquet
2025-02-17 16:12:21 - INFO - Filtered PMTfied file saved to: /lustre/hpc/project/icecube/HE_Nu_Aske_Oct2024/PMTfied_filtered/Snowstorm/MuonLike/22017/2/PMTfied_17.parquet
2025-02-17 16:12:26 - INFO - Filtered PMTfied file saved to: /lustre/hpc/project/icecube/HE_Nu_Aske_Oct2024/PMTfied_filtered/Snowstorm/MuonLike/22017/2/PMTfied_13.parquet
2025-02-17 16:12:30 - INFO - Filtered PMTfied file saved to: /lustre/hpc/project/icecube/HE_Nu_Aske_Oct2024/PMTfied_filtered/Snowstorm/MuonLike/22017/2/PMTfied_2.parquet
2025-02-17 16:12:35 - INFO - Filtered PMTfied file saved to: /lustre/hpc/project/icecube/HE_Nu_Aske_Oct2024/PMTfied_filtered/Snowstorm/MuonLike/22017/2/PMTfied_6.parquet
2025-02-17 16:12:41 - INFO - Filtered PMTfied file saved to: /lustre/hpc/project/icecube/HE_Nu_Aske_Oct2024/PMTfied_filtered/Snowstorm/MuonLike/22017/2/PMTfied_15.parquet
2025-02-17 16:12:46 - INFO - Filtered PMTfied file saved to: /lustre/hpc/project/icecube/HE_Nu_Aske_Oct2024/PMTfied_filtered/Snowstorm/MuonLike/22017/2/PMTfied_11.parquet
2025-02-17 16:12:50 - INFO - Filtered PMTfied file saved to: /lustre/hpc/project/icecube/HE_Nu_Aske_Oct2024/PMTfied_filtered/Snowstorm/MuonLike/22017/2/PMTfied_14.parquet
2025-02-17 16:12:55 - INFO - Filtered PMTfied file saved to: /lustre/hpc/project/icecube/HE_Nu_Aske_Oct2024/PMTfied_filtered/Snowstorm/MuonLike/22017/2/PMTfied_10.parquet
2025-02-17 16:13:01 - INFO - Filtered PMTfied file saved to: /lustre/hpc/project/icecube/HE_Nu_Aske_Oct2024/PMTfied_filtered/Snowstorm/MuonLike/22017/2/PMTfied_3.parquet
2025-02-17 16:13:04 - INFO - Filtered PMTfied file saved to: /lustre/hpc/project/icecube/HE_Nu_Aske_Oct2024/PMTfied_filtered/Snowstorm/MuonLike/22017/2/PMTfied_7.parquet
2025-02-17 16:13:04 - INFO - Filtering process completed.
2025-02-17 16:13:04 - INFO - Filtering process completed.
2025-02-17 16:13:05 - INFO - Unified receipt generated: /lustre/hpc/project/icecube/HE_Nu_Aske_Oct2024/PMTfied_filtered/Snowstorm/MuonLike/22017/[Receipt]22017_2.json
2025-02-17 16:13:05 - INFO - Filtering process completed.
Job completed at Mon Feb 17 04:13:05 PM CET 2025
