Starting job at Thu Feb 13 06:33:03 PM CET 2025
Running Filter_by_part.py for subdirectory 22017, part 2
2025-02-13 18:33:04 - INFO - Event filtering process starts...
2025-02-13 18:33:04 - INFO - Initialized PureNeutrinoEventFilter
2025-02-13 18:33:04 - INFO - Starting filtering process for 22017/2
2025-02-13 18:33:04 - INFO - Loaded 4 event specifier files from /lustre/hpc/project/icecube/HE_Nu_Aske_Oct2024/clean_events_dict/22017/22017/reduced
2025-02-13 18:33:04 - INFO - Selected 3 CSV files covering event range [844, 2565]
2025-02-13 18:33:06 - INFO - Loaded 1083017 valid (RunID, EventID) pairs from CSV files
2025-02-13 18:33:16 - INFO - Recalculated 'offset' column based on filtered 'N_doms' values.
2025-02-13 18:33:18 - INFO - Filtered truth file saved to: /lustre/hpc/project/icecube/HE_Nu_Aske_Oct2024/PMTfied_filtered/PureNu/Snowstorm/22017/truth_2.parquet
2025-02-13 18:33:18 - INFO - Receipt file saved to: /lustre/hpc/project/icecube/HE_Nu_Aske_Oct2024/PMTfied_filtered/PureNu/Snowstorm/22017/[Receipt]22017_2.json
2025-02-13 18:33:23 - INFO - Filtered PMTfied file saved to: /lustre/hpc/project/icecube/HE_Nu_Aske_Oct2024/PMTfied_filtered/PureNu/Snowstorm/22017/2/PMTfied_16.parquet
2025-02-13 18:33:28 - INFO - Filtered PMTfied file saved to: /lustre/hpc/project/icecube/HE_Nu_Aske_Oct2024/PMTfied_filtered/PureNu/Snowstorm/22017/2/PMTfied_12.parquet
2025-02-13 18:33:33 - INFO - Filtered PMTfied file saved to: /lustre/hpc/project/icecube/HE_Nu_Aske_Oct2024/PMTfied_filtered/PureNu/Snowstorm/22017/2/PMTfied_9.parquet
2025-02-13 18:33:39 - INFO - Filtered PMTfied file saved to: /lustre/hpc/project/icecube/HE_Nu_Aske_Oct2024/PMTfied_filtered/PureNu/Snowstorm/22017/2/PMTfied_1.parquet
2025-02-13 18:33:44 - INFO - Filtered PMTfied file saved to: /lustre/hpc/project/icecube/HE_Nu_Aske_Oct2024/PMTfied_filtered/PureNu/Snowstorm/22017/2/PMTfied_5.parquet
2025-02-13 18:33:55 - INFO - Filtered PMTfied file saved to: /lustre/hpc/project/icecube/HE_Nu_Aske_Oct2024/PMTfied_filtered/PureNu/Snowstorm/22017/2/PMTfied_4.parquet
2025-02-13 18:34:00 - INFO - Filtered PMTfied file saved to: /lustre/hpc/project/icecube/HE_Nu_Aske_Oct2024/PMTfied_filtered/PureNu/Snowstorm/22017/2/PMTfied_8.parquet
2025-02-13 18:34:01 - INFO - Filtered PMTfied file saved to: /lustre/hpc/project/icecube/HE_Nu_Aske_Oct2024/PMTfied_filtered/PureNu/Snowstorm/22017/2/PMTfied_17.parquet
2025-02-13 18:34:06 - INFO - Filtered PMTfied file saved to: /lustre/hpc/project/icecube/HE_Nu_Aske_Oct2024/PMTfied_filtered/PureNu/Snowstorm/22017/2/PMTfied_13.parquet
2025-02-13 18:34:11 - INFO - Filtered PMTfied file saved to: /lustre/hpc/project/icecube/HE_Nu_Aske_Oct2024/PMTfied_filtered/PureNu/Snowstorm/22017/2/PMTfied_2.parquet
2025-02-13 18:34:16 - INFO - Filtered PMTfied file saved to: /lustre/hpc/project/icecube/HE_Nu_Aske_Oct2024/PMTfied_filtered/PureNu/Snowstorm/22017/2/PMTfied_6.parquet
2025-02-13 18:34:21 - INFO - Filtered PMTfied file saved to: /lustre/hpc/project/icecube/HE_Nu_Aske_Oct2024/PMTfied_filtered/PureNu/Snowstorm/22017/2/PMTfied_15.parquet
2025-02-13 18:34:26 - INFO - Filtered PMTfied file saved to: /lustre/hpc/project/icecube/HE_Nu_Aske_Oct2024/PMTfied_filtered/PureNu/Snowstorm/22017/2/PMTfied_11.parquet
2025-02-13 18:34:31 - INFO - Filtered PMTfied file saved to: /lustre/hpc/project/icecube/HE_Nu_Aske_Oct2024/PMTfied_filtered/PureNu/Snowstorm/22017/2/PMTfied_14.parquet
2025-02-13 18:34:36 - INFO - Filtered PMTfied file saved to: /lustre/hpc/project/icecube/HE_Nu_Aske_Oct2024/PMTfied_filtered/PureNu/Snowstorm/22017/2/PMTfied_10.parquet
2025-02-13 18:34:41 - INFO - Filtered PMTfied file saved to: /lustre/hpc/project/icecube/HE_Nu_Aske_Oct2024/PMTfied_filtered/PureNu/Snowstorm/22017/2/PMTfied_3.parquet
2025-02-13 18:34:46 - INFO - Filtered PMTfied file saved to: /lustre/hpc/project/icecube/HE_Nu_Aske_Oct2024/PMTfied_filtered/PureNu/Snowstorm/22017/2/PMTfied_7.parquet
2025-02-13 18:34:46 - INFO - Filtering process completed.
2025-02-13 18:34:46 - INFO - Filtering process completed for all selected filters.
2025-02-13 18:34:46 - INFO - Execution time: 102.07 seconds
2025-02-13 18:34:46 - INFO - Updated receipt with execution time: /lustre/hpc/project/icecube/HE_Nu_Aske_Oct2024/PMTfied_filtered/PureNu/Snowstorm/22017/[Receipt]22017_2.json
Job completed at Thu Feb 13 06:34:46 PM CET 2025
