Starting job at Mon Feb 17 04:11:26 PM CET 2025
Running Filter_by_part.py for subdirectory 22017, part 1
2025-02-17 16:11:26 - INFO - Event filtering process starts...
2025-02-17 16:11:26 - INFO - Initialized Muon13Filter filter for 22017/1
2025-02-17 16:11:28 - INFO - Extracted 244473 valid events where MuonFilter_13==True.
2025-02-17 16:11:28 - INFO - Initialized CompositeEventFilter filter for 22017/1
2025-02-17 16:11:28 - INFO - Initialized (MuonLike)
2025-02-17 16:11:28 - INFO - Starting filtering process for 22017/1
2025-02-17 16:11:28 - INFO - Starting filtering process for 22017/1
2025-02-17 16:11:37 - INFO - Recalculated 'offset' column based on 'N_doms' values within each 'shard_no' group.
2025-02-17 16:11:39 - INFO - Filtered truth file saved to: /lustre/hpc/project/icecube/HE_Nu_Aske_Oct2024/PMTfied_filtered/Snowstorm/MuonLike/22017/truth_1.parquet
2025-02-17 16:11:43 - INFO - Filtered PMTfied file saved to: /lustre/hpc/project/icecube/HE_Nu_Aske_Oct2024/PMTfied_filtered/Snowstorm/MuonLike/22017/1/PMTfied_9.parquet
2025-02-17 16:11:46 - INFO - Filtered PMTfied file saved to: /lustre/hpc/project/icecube/HE_Nu_Aske_Oct2024/PMTfied_filtered/Snowstorm/MuonLike/22017/1/PMTfied_5.parquet
2025-02-17 16:11:52 - INFO - Filtered PMTfied file saved to: /lustre/hpc/project/icecube/HE_Nu_Aske_Oct2024/PMTfied_filtered/Snowstorm/MuonLike/22017/1/PMTfied_1.parquet
2025-02-17 16:11:55 - INFO - Filtered PMTfied file saved to: /lustre/hpc/project/icecube/HE_Nu_Aske_Oct2024/PMTfied_filtered/Snowstorm/MuonLike/22017/1/PMTfied_13.parquet
2025-02-17 16:11:57 - INFO - Filtered PMTfied file saved to: /lustre/hpc/project/icecube/HE_Nu_Aske_Oct2024/PMTfied_filtered/Snowstorm/MuonLike/22017/1/PMTfied_17.parquet
2025-02-17 16:12:01 - INFO - Filtered PMTfied file saved to: /lustre/hpc/project/icecube/HE_Nu_Aske_Oct2024/PMTfied_filtered/Snowstorm/MuonLike/22017/1/PMTfied_12.parquet
2025-02-17 16:12:04 - INFO - Filtered PMTfied file saved to: /lustre/hpc/project/icecube/HE_Nu_Aske_Oct2024/PMTfied_filtered/Snowstorm/MuonLike/22017/1/PMTfied_16.parquet
2025-02-17 16:12:09 - INFO - Filtered PMTfied file saved to: /lustre/hpc/project/icecube/HE_Nu_Aske_Oct2024/PMTfied_filtered/Snowstorm/MuonLike/22017/1/PMTfied_4.parquet
2025-02-17 16:12:14 - INFO - Filtered PMTfied file saved to: /lustre/hpc/project/icecube/HE_Nu_Aske_Oct2024/PMTfied_filtered/Snowstorm/MuonLike/22017/1/PMTfied_8.parquet
2025-02-17 16:12:19 - INFO - Filtered PMTfied file saved to: /lustre/hpc/project/icecube/HE_Nu_Aske_Oct2024/PMTfied_filtered/Snowstorm/MuonLike/22017/1/PMTfied_10.parquet
2025-02-17 16:12:24 - INFO - Filtered PMTfied file saved to: /lustre/hpc/project/icecube/HE_Nu_Aske_Oct2024/PMTfied_filtered/Snowstorm/MuonLike/22017/1/PMTfied_14.parquet
2025-02-17 16:12:29 - INFO - Filtered PMTfied file saved to: /lustre/hpc/project/icecube/HE_Nu_Aske_Oct2024/PMTfied_filtered/Snowstorm/MuonLike/22017/1/PMTfied_6.parquet
2025-02-17 16:12:34 - INFO - Filtered PMTfied file saved to: /lustre/hpc/project/icecube/HE_Nu_Aske_Oct2024/PMTfied_filtered/Snowstorm/MuonLike/22017/1/PMTfied_2.parquet
2025-02-17 16:12:40 - INFO - Filtered PMTfied file saved to: /lustre/hpc/project/icecube/HE_Nu_Aske_Oct2024/PMTfied_filtered/Snowstorm/MuonLike/22017/1/PMTfied_7.parquet
2025-02-17 16:12:46 - INFO - Filtered PMTfied file saved to: /lustre/hpc/project/icecube/HE_Nu_Aske_Oct2024/PMTfied_filtered/Snowstorm/MuonLike/22017/1/PMTfied_3.parquet
2025-02-17 16:12:51 - INFO - Filtered PMTfied file saved to: /lustre/hpc/project/icecube/HE_Nu_Aske_Oct2024/PMTfied_filtered/Snowstorm/MuonLike/22017/1/PMTfied_11.parquet
2025-02-17 16:12:56 - INFO - Filtered PMTfied file saved to: /lustre/hpc/project/icecube/HE_Nu_Aske_Oct2024/PMTfied_filtered/Snowstorm/MuonLike/22017/1/PMTfied_15.parquet
2025-02-17 16:12:56 - INFO - Filtering process completed.
2025-02-17 16:12:56 - INFO - Filtering process completed.
2025-02-17 16:12:56 - INFO - Unified receipt generated: /lustre/hpc/project/icecube/HE_Nu_Aske_Oct2024/PMTfied_filtered/Snowstorm/MuonLike/22017/[Receipt]22017_1.json
2025-02-17 16:12:56 - INFO - Filtering process completed.
Job completed at Mon Feb 17 04:12:56 PM CET 2025
