Starting job at Thu Feb 13 06:18:02 PM CET 2025
Running Filter_by_part.py for subdirectory 22017, part 2
2025-02-13 18:18:02 - INFO - Event filtering process starts...
2025-02-13 18:18:02 - INFO - Initialized PureNeutrinoEventFilter
2025-02-13 18:18:02 - INFO - Starting filtering process for 22017/2
2025-02-13 18:18:04 - INFO - Loaded 4 event specifier files from /lustre/hpc/project/icecube/HE_Nu_Aske_Oct2024/clean_events_dict/22017/22017/reduced
2025-02-13 18:18:04 - INFO - Selected 3 CSV files covering event range [844, 2565]
2025-02-13 18:18:06 - INFO - Loaded 1083017 valid (RunID, EventID) pairs from CSV files
2025-02-13 18:18:15 - INFO - Recalculated 'offset' column based on filtered 'N_doms' values.
2025-02-13 18:18:17 - INFO - Filtered truth file saved to: /lustre/hpc/project/icecube/HE_Nu_Aske_Oct2024/PMTfied_filtered/PureNu/Snowstorm/22017/truth_2.parquet
2025-02-13 18:18:17 - INFO - Receipt file saved to: /lustre/hpc/project/icecube/HE_Nu_Aske_Oct2024/PMTfied_filtered/PureNu/Snowstorm/22017/[Receipt]22017_2.json
2025-02-13 18:18:23 - INFO - Filtered PMTfied file saved to: /lustre/hpc/project/icecube/HE_Nu_Aske_Oct2024/PMTfied_filtered/PureNu/Snowstorm/22017/2/PMTfied_16.parquet
2025-02-13 18:18:27 - INFO - Filtered PMTfied file saved to: /lustre/hpc/project/icecube/HE_Nu_Aske_Oct2024/PMTfied_filtered/PureNu/Snowstorm/22017/2/PMTfied_12.parquet
2025-02-13 18:18:32 - INFO - Filtered PMTfied file saved to: /lustre/hpc/project/icecube/HE_Nu_Aske_Oct2024/PMTfied_filtered/PureNu/Snowstorm/22017/2/PMTfied_9.parquet
2025-02-13 18:18:37 - INFO - Filtered PMTfied file saved to: /lustre/hpc/project/icecube/HE_Nu_Aske_Oct2024/PMTfied_filtered/PureNu/Snowstorm/22017/2/PMTfied_1.parquet
2025-02-13 18:18:42 - INFO - Filtered PMTfied file saved to: /lustre/hpc/project/icecube/HE_Nu_Aske_Oct2024/PMTfied_filtered/PureNu/Snowstorm/22017/2/PMTfied_5.parquet
2025-02-13 18:18:52 - INFO - Filtered PMTfied file saved to: /lustre/hpc/project/icecube/HE_Nu_Aske_Oct2024/PMTfied_filtered/PureNu/Snowstorm/22017/2/PMTfied_4.parquet
2025-02-13 18:18:57 - INFO - Filtered PMTfied file saved to: /lustre/hpc/project/icecube/HE_Nu_Aske_Oct2024/PMTfied_filtered/PureNu/Snowstorm/22017/2/PMTfied_8.parquet
2025-02-13 18:18:59 - INFO - Filtered PMTfied file saved to: /lustre/hpc/project/icecube/HE_Nu_Aske_Oct2024/PMTfied_filtered/PureNu/Snowstorm/22017/2/PMTfied_17.parquet
2025-02-13 18:19:04 - INFO - Filtered PMTfied file saved to: /lustre/hpc/project/icecube/HE_Nu_Aske_Oct2024/PMTfied_filtered/PureNu/Snowstorm/22017/2/PMTfied_13.parquet
2025-02-13 18:19:09 - INFO - Filtered PMTfied file saved to: /lustre/hpc/project/icecube/HE_Nu_Aske_Oct2024/PMTfied_filtered/PureNu/Snowstorm/22017/2/PMTfied_2.parquet
2025-02-13 18:19:15 - INFO - Filtered PMTfied file saved to: /lustre/hpc/project/icecube/HE_Nu_Aske_Oct2024/PMTfied_filtered/PureNu/Snowstorm/22017/2/PMTfied_6.parquet
2025-02-13 18:19:20 - INFO - Filtered PMTfied file saved to: /lustre/hpc/project/icecube/HE_Nu_Aske_Oct2024/PMTfied_filtered/PureNu/Snowstorm/22017/2/PMTfied_15.parquet
2025-02-13 18:19:23 - INFO - Filtered PMTfied file saved to: /lustre/hpc/project/icecube/HE_Nu_Aske_Oct2024/PMTfied_filtered/PureNu/Snowstorm/22017/2/PMTfied_11.parquet
2025-02-13 18:19:29 - INFO - Filtered PMTfied file saved to: /lustre/hpc/project/icecube/HE_Nu_Aske_Oct2024/PMTfied_filtered/PureNu/Snowstorm/22017/2/PMTfied_14.parquet
2025-02-13 18:19:34 - INFO - Filtered PMTfied file saved to: /lustre/hpc/project/icecube/HE_Nu_Aske_Oct2024/PMTfied_filtered/PureNu/Snowstorm/22017/2/PMTfied_10.parquet
2025-02-13 18:19:38 - INFO - Filtered PMTfied file saved to: /lustre/hpc/project/icecube/HE_Nu_Aske_Oct2024/PMTfied_filtered/PureNu/Snowstorm/22017/2/PMTfied_3.parquet
2025-02-13 18:19:44 - INFO - Filtered PMTfied file saved to: /lustre/hpc/project/icecube/HE_Nu_Aske_Oct2024/PMTfied_filtered/PureNu/Snowstorm/22017/2/PMTfied_7.parquet
2025-02-13 18:19:44 - INFO - Filtering process completed.
2025-02-13 18:19:44 - INFO - Filtering process completed for all selected filters.
2025-02-13 18:19:44 - INFO - Execution time: 101.40 seconds
2025-02-13 18:19:44 - INFO - Updated receipt with execution time: /lustre/hpc/project/icecube/HE_Nu_Aske_Oct2024/PMTfied_filtered/PureNu/Snowstorm/22017/[Receipt]22017_2.json
Job completed at Thu Feb 13 06:19:44 PM CET 2025
