Starting job at Thu Feb 13 05:57:18 PM CET 2025
Running Filter_by_part.py for subdirectory 22017, part 1
2025-02-13 17:57:18 - INFO - Event filtering process starts...
2025-02-13 17:57:18 - INFO - Initialized PureNeutrinoEventFilter
2025-02-13 17:57:18 - INFO - Starting filtering process for 22017/1
2025-02-13 17:57:20 - INFO - Loaded 4 event specifier files from /lustre/hpc/project/icecube/HE_Nu_Aske_Oct2024/clean_events_dict/22017/22017/reduced
2025-02-13 17:57:20 - INFO - Selected 2 CSV files covering event range [0, 1670]
2025-02-13 17:57:21 - INFO - Loaded 722895 valid (RunID, EventID) pairs from CSV files
2025-02-13 17:57:31 - INFO - Recalculated 'offset' column based on filtered 'N_doms' values.
2025-02-13 17:57:33 - INFO - Filtered truth file saved to: /lustre/hpc/project/icecube/HE_Nu_Aske_Oct2024/PMTfied_filtered/PureNu/Snowstorm/22017/truth_1.parquet
2025-02-13 17:57:33 - INFO - Receipt file saved to: /lustre/hpc/project/icecube/HE_Nu_Aske_Oct2024/PMTfied_filtered/PureNu/Snowstorm/22017/[Receipt]22017_1.json
2025-02-13 17:57:42 - INFO - Filtered PMTfied file saved to: /lustre/hpc/project/icecube/HE_Nu_Aske_Oct2024/PMTfied_filtered/PureNu/Snowstorm/22017/1/PMTfied_9.parquet
2025-02-13 17:57:51 - INFO - Filtered PMTfied file saved to: /lustre/hpc/project/icecube/HE_Nu_Aske_Oct2024/PMTfied_filtered/PureNu/Snowstorm/22017/1/PMTfied_5.parquet
2025-02-13 17:57:54 - INFO - Filtered PMTfied file saved to: /lustre/hpc/project/icecube/HE_Nu_Aske_Oct2024/PMTfied_filtered/PureNu/Snowstorm/22017/1/PMTfied_1.parquet
2025-02-13 17:58:04 - INFO - Filtered PMTfied file saved to: /lustre/hpc/project/icecube/HE_Nu_Aske_Oct2024/PMTfied_filtered/PureNu/Snowstorm/22017/1/PMTfied_13.parquet
2025-02-13 17:58:05 - INFO - Filtered PMTfied file saved to: /lustre/hpc/project/icecube/HE_Nu_Aske_Oct2024/PMTfied_filtered/PureNu/Snowstorm/22017/1/PMTfied_17.parquet
2025-02-13 17:58:13 - INFO - Filtered PMTfied file saved to: /lustre/hpc/project/icecube/HE_Nu_Aske_Oct2024/PMTfied_filtered/PureNu/Snowstorm/22017/1/PMTfied_12.parquet
2025-02-13 17:58:18 - INFO - Filtered PMTfied file saved to: /lustre/hpc/project/icecube/HE_Nu_Aske_Oct2024/PMTfied_filtered/PureNu/Snowstorm/22017/1/PMTfied_16.parquet
2025-02-13 17:58:23 - INFO - Filtered PMTfied file saved to: /lustre/hpc/project/icecube/HE_Nu_Aske_Oct2024/PMTfied_filtered/PureNu/Snowstorm/22017/1/PMTfied_4.parquet
2025-02-13 17:58:30 - INFO - Filtered PMTfied file saved to: /lustre/hpc/project/icecube/HE_Nu_Aske_Oct2024/PMTfied_filtered/PureNu/Snowstorm/22017/1/PMTfied_8.parquet
2025-02-13 17:58:35 - INFO - Filtered PMTfied file saved to: /lustre/hpc/project/icecube/HE_Nu_Aske_Oct2024/PMTfied_filtered/PureNu/Snowstorm/22017/1/PMTfied_10.parquet
2025-02-13 17:58:41 - INFO - Filtered PMTfied file saved to: /lustre/hpc/project/icecube/HE_Nu_Aske_Oct2024/PMTfied_filtered/PureNu/Snowstorm/22017/1/PMTfied_14.parquet
2025-02-13 17:58:48 - INFO - Filtered PMTfied file saved to: /lustre/hpc/project/icecube/HE_Nu_Aske_Oct2024/PMTfied_filtered/PureNu/Snowstorm/22017/1/PMTfied_6.parquet
2025-02-13 17:58:53 - INFO - Filtered PMTfied file saved to: /lustre/hpc/project/icecube/HE_Nu_Aske_Oct2024/PMTfied_filtered/PureNu/Snowstorm/22017/1/PMTfied_2.parquet
2025-02-13 17:58:58 - INFO - Filtered PMTfied file saved to: /lustre/hpc/project/icecube/HE_Nu_Aske_Oct2024/PMTfied_filtered/PureNu/Snowstorm/22017/1/PMTfied_7.parquet
2025-02-13 17:59:01 - INFO - Filtered PMTfied file saved to: /lustre/hpc/project/icecube/HE_Nu_Aske_Oct2024/PMTfied_filtered/PureNu/Snowstorm/22017/1/PMTfied_3.parquet
2025-02-13 17:59:07 - INFO - Filtered PMTfied file saved to: /lustre/hpc/project/icecube/HE_Nu_Aske_Oct2024/PMTfied_filtered/PureNu/Snowstorm/22017/1/PMTfied_11.parquet
2025-02-13 17:59:11 - INFO - Filtered PMTfied file saved to: /lustre/hpc/project/icecube/HE_Nu_Aske_Oct2024/PMTfied_filtered/PureNu/Snowstorm/22017/1/PMTfied_15.parquet
2025-02-13 17:59:11 - INFO - Filtering process completed.
2025-02-13 17:59:11 - INFO - Filtering process completed for all selected filters.
2025-02-13 17:59:11 - INFO - Execution time: 112.64 seconds
2025-02-13 17:59:11 - INFO - Updated receipt with execution time: /lustre/hpc/project/icecube/HE_Nu_Aske_Oct2024/PMTfied_filtered/PureNu/Snowstorm/22017/[Receipt]22017_1.json
Job completed at Thu Feb 13 05:59:11 PM CET 2025
