Starting job at Mon Feb 24 01:10:35 PM CET 2025
Running Filter_by_part.py for subdirectory 22017, part 3
2025-02-24 13:10:35 - INFO - Event filtering process starts...
2025-02-24 13:10:35 - INFO - Initialized PureNeutrinoEventFilter filter for 22017/3
2025-02-24 13:10:36 - INFO - Loaded 4 event specifier files from /lustre/hpc/project/icecube/HE_Nu_Aske_Oct2024/clean_events_dict/22017/22017/reduced
2025-02-24 13:10:36 - INFO - Selected 4 CSV files covering event range [30, 3299]
2025-02-24 13:10:37 - INFO - Loaded 1190997 valid (RunID, EventID) pairs from CSV files
2025-02-24 13:10:38 - INFO - Extracted 230654 valid events based on pure neutrino events.
2025-02-24 13:10:38 - INFO - Initialized Muon13Filter filter for 22017/3
2025-02-24 13:10:38 - INFO - Extracted 243352 valid events where MuonFilter_13==True.
2025-02-24 13:10:38 - INFO - Initialized CCFilter filter for 22017/3
2025-02-24 13:10:38 - INFO - Extracted 263938 valid events which are CC interactions.
2025-02-24 13:10:38 - INFO - Initialized CompositeEventFilter filter for 22017/3
2025-02-24 13:10:38 - INFO - Initialized (CC_CRclean_MuonLike)
2025-02-24 13:10:38 - INFO - Starting filtering process for 22017/3
2025-02-24 13:10:38 - INFO - Starting filtering process for 22017/3
2025-02-24 13:10:43 - INFO - Recalculated 'offset' column based on 'N_doms' values within each 'shard_no' group.
2025-02-24 13:10:44 - INFO - Filtered truth file saved to: /lustre/hpc/project/icecube/HE_Nu_Aske_Oct2024/PMTfied_filtered/Snowstorm/CC_CRclean_MuonLike/22017/truth_3.parquet
2025-02-24 13:10:47 - INFO - Filtered PMTfied file saved to: /lustre/hpc/project/icecube/HE_Nu_Aske_Oct2024/PMTfied_filtered/Snowstorm/CC_CRclean_MuonLike/22017/3/PMTfied_15.parquet
2025-02-24 13:10:50 - INFO - Filtered PMTfied file saved to: /lustre/hpc/project/icecube/HE_Nu_Aske_Oct2024/PMTfied_filtered/Snowstorm/CC_CRclean_MuonLike/22017/3/PMTfied_11.parquet
2025-02-24 13:10:53 - INFO - Filtered PMTfied file saved to: /lustre/hpc/project/icecube/HE_Nu_Aske_Oct2024/PMTfied_filtered/Snowstorm/CC_CRclean_MuonLike/22017/3/PMTfied_6.parquet
2025-02-24 13:10:56 - INFO - Filtered PMTfied file saved to: /lustre/hpc/project/icecube/HE_Nu_Aske_Oct2024/PMTfied_filtered/Snowstorm/CC_CRclean_MuonLike/22017/3/PMTfied_2.parquet
2025-02-24 13:10:59 - INFO - Filtered PMTfied file saved to: /lustre/hpc/project/icecube/HE_Nu_Aske_Oct2024/PMTfied_filtered/Snowstorm/CC_CRclean_MuonLike/22017/3/PMTfied_14.parquet
2025-02-24 13:11:02 - INFO - Filtered PMTfied file saved to: /lustre/hpc/project/icecube/HE_Nu_Aske_Oct2024/PMTfied_filtered/Snowstorm/CC_CRclean_MuonLike/22017/3/PMTfied_10.parquet
2025-02-24 13:11:05 - INFO - Filtered PMTfied file saved to: /lustre/hpc/project/icecube/HE_Nu_Aske_Oct2024/PMTfied_filtered/Snowstorm/CC_CRclean_MuonLike/22017/3/PMTfied_7.parquet
2025-02-24 13:11:07 - INFO - Filtered PMTfied file saved to: /lustre/hpc/project/icecube/HE_Nu_Aske_Oct2024/PMTfied_filtered/Snowstorm/CC_CRclean_MuonLike/22017/3/PMTfied_3.parquet
2025-02-24 13:11:10 - INFO - Filtered PMTfied file saved to: /lustre/hpc/project/icecube/HE_Nu_Aske_Oct2024/PMTfied_filtered/Snowstorm/CC_CRclean_MuonLike/22017/3/PMTfied_16.parquet
2025-02-24 13:11:13 - INFO - Filtered PMTfied file saved to: /lustre/hpc/project/icecube/HE_Nu_Aske_Oct2024/PMTfied_filtered/Snowstorm/CC_CRclean_MuonLike/22017/3/PMTfied_12.parquet
2025-02-24 13:11:15 - INFO - Filtered PMTfied file saved to: /lustre/hpc/project/icecube/HE_Nu_Aske_Oct2024/PMTfied_filtered/Snowstorm/CC_CRclean_MuonLike/22017/3/PMTfied_9.parquet
2025-02-24 13:11:16 - INFO - Filtered PMTfied file saved to: /lustre/hpc/project/icecube/HE_Nu_Aske_Oct2024/PMTfied_filtered/Snowstorm/CC_CRclean_MuonLike/22017/3/PMTfied_5.parquet
2025-02-24 13:11:19 - INFO - Filtered PMTfied file saved to: /lustre/hpc/project/icecube/HE_Nu_Aske_Oct2024/PMTfied_filtered/Snowstorm/CC_CRclean_MuonLike/22017/3/PMTfied_1.parquet
2025-02-24 13:11:20 - INFO - Filtered PMTfied file saved to: /lustre/hpc/project/icecube/HE_Nu_Aske_Oct2024/PMTfied_filtered/Snowstorm/CC_CRclean_MuonLike/22017/3/PMTfied_17.parquet
2025-02-24 13:11:22 - INFO - Filtered PMTfied file saved to: /lustre/hpc/project/icecube/HE_Nu_Aske_Oct2024/PMTfied_filtered/Snowstorm/CC_CRclean_MuonLike/22017/3/PMTfied_13.parquet
2025-02-24 13:11:24 - INFO - Filtered PMTfied file saved to: /lustre/hpc/project/icecube/HE_Nu_Aske_Oct2024/PMTfied_filtered/Snowstorm/CC_CRclean_MuonLike/22017/3/PMTfied_4.parquet
2025-02-24 13:11:25 - INFO - Filtered PMTfied file saved to: /lustre/hpc/project/icecube/HE_Nu_Aske_Oct2024/PMTfied_filtered/Snowstorm/CC_CRclean_MuonLike/22017/3/PMTfied_8.parquet
2025-02-24 13:11:25 - INFO - Filtering process completed.
2025-02-24 13:11:25 - INFO - Filtering process completed.
2025-02-24 13:11:25 - INFO - Unified receipt generated: /lustre/hpc/project/icecube/HE_Nu_Aske_Oct2024/PMTfied_filtered/Snowstorm/CC_CRclean_MuonLike/22017/[Receipt]22017_3.json
2025-02-24 13:11:25 - INFO - Filtering process completed.
Job completed at Mon Feb 24 01:11:25 PM CET 2025
