Starting job at Mon Feb 24 01:53:33 PM CET 2025
Running Filter_by_part.py for subdirectory 22017, part 3
2025-02-24 13:53:33 - INFO - Event filtering process starts...
2025-02-24 13:53:33 - INFO - Initialized PureNeutrinoEventFilter filter for 22017/3
2025-02-24 13:53:35 - INFO - Loaded 4 event specifier files from /lustre/hpc/project/icecube/HE_Nu_Aske_Oct2024/clean_events_dict/22017/22017/reduced
2025-02-24 13:53:35 - INFO - Selected 4 CSV files covering event range [30, 3299]
2025-02-24 13:53:37 - INFO - Loaded 1190997 valid (RunID, EventID) pairs from CSV files
2025-02-24 13:53:37 - INFO - Extracted 230654 valid events based on pure neutrino events.
2025-02-24 13:53:38 - INFO - Initialized CCFilter filter for 22017/3
2025-02-24 13:53:38 - INFO - Extracted 263938 valid events which are CC interactions.
2025-02-24 13:53:38 - INFO - Initialized ContainmentFilter filter for 22017/3
2025-02-24 13:53:38 - INFO - Extracted 106377 valid events within the specified containment region.
2025-02-24 13:53:38 - INFO - Initialized CompositeEventFilter filter for 22017/3
2025-02-24 13:53:38 - INFO - Initialized (CC_CRclean_Contained)
2025-02-24 13:53:38 - INFO - Starting filtering process for 22017/3
2025-02-24 13:53:38 - INFO - Starting filtering process for 22017/3
2025-02-24 13:53:43 - INFO - Recalculated 'offset' column based on 'N_doms' values within each 'shard_no' group.
2025-02-24 13:53:44 - INFO - Filtered truth file saved to: /lustre/hpc/project/icecube/HE_Nu_Aske_Oct2024/PMTfied_filtered/Snowstorm/CC_CRclean_Contained/22017/truth_3.parquet
2025-02-24 13:53:46 - INFO - Filtered PMTfied file saved to: /lustre/hpc/project/icecube/HE_Nu_Aske_Oct2024/PMTfied_filtered/Snowstorm/CC_CRclean_Contained/22017/3/PMTfied_15.parquet
2025-02-24 13:53:48 - INFO - Filtered PMTfied file saved to: /lustre/hpc/project/icecube/HE_Nu_Aske_Oct2024/PMTfied_filtered/Snowstorm/CC_CRclean_Contained/22017/3/PMTfied_11.parquet
2025-02-24 13:53:53 - INFO - Filtered PMTfied file saved to: /lustre/hpc/project/icecube/HE_Nu_Aske_Oct2024/PMTfied_filtered/Snowstorm/CC_CRclean_Contained/22017/3/PMTfied_6.parquet
2025-02-24 13:53:58 - INFO - Filtered PMTfied file saved to: /lustre/hpc/project/icecube/HE_Nu_Aske_Oct2024/PMTfied_filtered/Snowstorm/CC_CRclean_Contained/22017/3/PMTfied_2.parquet
2025-02-24 13:54:03 - INFO - Filtered PMTfied file saved to: /lustre/hpc/project/icecube/HE_Nu_Aske_Oct2024/PMTfied_filtered/Snowstorm/CC_CRclean_Contained/22017/3/PMTfied_14.parquet
2025-02-24 13:54:09 - INFO - Filtered PMTfied file saved to: /lustre/hpc/project/icecube/HE_Nu_Aske_Oct2024/PMTfied_filtered/Snowstorm/CC_CRclean_Contained/22017/3/PMTfied_10.parquet
2025-02-24 13:54:14 - INFO - Filtered PMTfied file saved to: /lustre/hpc/project/icecube/HE_Nu_Aske_Oct2024/PMTfied_filtered/Snowstorm/CC_CRclean_Contained/22017/3/PMTfied_7.parquet
2025-02-24 13:54:18 - INFO - Filtered PMTfied file saved to: /lustre/hpc/project/icecube/HE_Nu_Aske_Oct2024/PMTfied_filtered/Snowstorm/CC_CRclean_Contained/22017/3/PMTfied_3.parquet
2025-02-24 13:54:24 - INFO - Filtered PMTfied file saved to: /lustre/hpc/project/icecube/HE_Nu_Aske_Oct2024/PMTfied_filtered/Snowstorm/CC_CRclean_Contained/22017/3/PMTfied_16.parquet
2025-02-24 13:54:30 - INFO - Filtered PMTfied file saved to: /lustre/hpc/project/icecube/HE_Nu_Aske_Oct2024/PMTfied_filtered/Snowstorm/CC_CRclean_Contained/22017/3/PMTfied_12.parquet
2025-02-24 13:54:34 - INFO - Filtered PMTfied file saved to: /lustre/hpc/project/icecube/HE_Nu_Aske_Oct2024/PMTfied_filtered/Snowstorm/CC_CRclean_Contained/22017/3/PMTfied_9.parquet
2025-02-24 13:54:38 - INFO - Filtered PMTfied file saved to: /lustre/hpc/project/icecube/HE_Nu_Aske_Oct2024/PMTfied_filtered/Snowstorm/CC_CRclean_Contained/22017/3/PMTfied_5.parquet
2025-02-24 13:54:42 - INFO - Filtered PMTfied file saved to: /lustre/hpc/project/icecube/HE_Nu_Aske_Oct2024/PMTfied_filtered/Snowstorm/CC_CRclean_Contained/22017/3/PMTfied_1.parquet
2025-02-24 13:54:44 - INFO - Filtered PMTfied file saved to: /lustre/hpc/project/icecube/HE_Nu_Aske_Oct2024/PMTfied_filtered/Snowstorm/CC_CRclean_Contained/22017/3/PMTfied_17.parquet
2025-02-24 13:54:48 - INFO - Filtered PMTfied file saved to: /lustre/hpc/project/icecube/HE_Nu_Aske_Oct2024/PMTfied_filtered/Snowstorm/CC_CRclean_Contained/22017/3/PMTfied_13.parquet
2025-02-24 13:54:52 - INFO - Filtered PMTfied file saved to: /lustre/hpc/project/icecube/HE_Nu_Aske_Oct2024/PMTfied_filtered/Snowstorm/CC_CRclean_Contained/22017/3/PMTfied_4.parquet
2025-02-24 13:54:56 - INFO - Filtered PMTfied file saved to: /lustre/hpc/project/icecube/HE_Nu_Aske_Oct2024/PMTfied_filtered/Snowstorm/CC_CRclean_Contained/22017/3/PMTfied_8.parquet
2025-02-24 13:54:56 - INFO - Filtering process completed.
2025-02-24 13:54:56 - INFO - Filtering process completed.
2025-02-24 13:54:56 - INFO - Unified receipt generated: /lustre/hpc/project/icecube/HE_Nu_Aske_Oct2024/PMTfied_filtered/Snowstorm/CC_CRclean_Contained/22017/[Receipt]22017_3.json
2025-02-24 13:54:56 - INFO - Filtering process completed.
Job completed at Mon Feb 24 01:54:56 PM CET 2025
