Starting job at Thu Feb 13 05:57:19 PM CET 2025
Running Filter_by_part.py for subdirectory 22017, part 3
2025-02-13 17:57:19 - INFO - Event filtering process starts...
2025-02-13 17:57:19 - INFO - Initialized PureNeutrinoEventFilter
2025-02-13 17:57:19 - INFO - Starting filtering process for 22017/3
2025-02-13 17:57:21 - INFO - Loaded 4 event specifier files from /lustre/hpc/project/icecube/HE_Nu_Aske_Oct2024/clean_events_dict/22017/22017/reduced
2025-02-13 17:57:21 - INFO - Selected 4 CSV files covering event range [30, 3299]
2025-02-13 17:57:23 - INFO - Loaded 1190997 valid (RunID, EventID) pairs from CSV files
2025-02-13 17:57:32 - INFO - Recalculated 'offset' column based on filtered 'N_doms' values.
2025-02-13 17:57:34 - INFO - Filtered truth file saved to: /lustre/hpc/project/icecube/HE_Nu_Aske_Oct2024/PMTfied_filtered/PureNu/Snowstorm/22017/truth_3.parquet
2025-02-13 17:57:34 - INFO - Receipt file saved to: /lustre/hpc/project/icecube/HE_Nu_Aske_Oct2024/PMTfied_filtered/PureNu/Snowstorm/22017/[Receipt]22017_3.json
2025-02-13 17:57:38 - INFO - Filtered PMTfied file saved to: /lustre/hpc/project/icecube/HE_Nu_Aske_Oct2024/PMTfied_filtered/PureNu/Snowstorm/22017/3/PMTfied_15.parquet
2025-02-13 17:57:44 - INFO - Filtered PMTfied file saved to: /lustre/hpc/project/icecube/HE_Nu_Aske_Oct2024/PMTfied_filtered/PureNu/Snowstorm/22017/3/PMTfied_11.parquet
2025-02-13 17:57:49 - INFO - Filtered PMTfied file saved to: /lustre/hpc/project/icecube/HE_Nu_Aske_Oct2024/PMTfied_filtered/PureNu/Snowstorm/22017/3/PMTfied_6.parquet
2025-02-13 17:57:54 - INFO - Filtered PMTfied file saved to: /lustre/hpc/project/icecube/HE_Nu_Aske_Oct2024/PMTfied_filtered/PureNu/Snowstorm/22017/3/PMTfied_2.parquet
2025-02-13 17:58:00 - INFO - Filtered PMTfied file saved to: /lustre/hpc/project/icecube/HE_Nu_Aske_Oct2024/PMTfied_filtered/PureNu/Snowstorm/22017/3/PMTfied_14.parquet
2025-02-13 17:58:06 - INFO - Filtered PMTfied file saved to: /lustre/hpc/project/icecube/HE_Nu_Aske_Oct2024/PMTfied_filtered/PureNu/Snowstorm/22017/3/PMTfied_10.parquet
2025-02-13 17:58:14 - INFO - Filtered PMTfied file saved to: /lustre/hpc/project/icecube/HE_Nu_Aske_Oct2024/PMTfied_filtered/PureNu/Snowstorm/22017/3/PMTfied_7.parquet
2025-02-13 17:58:19 - INFO - Filtered PMTfied file saved to: /lustre/hpc/project/icecube/HE_Nu_Aske_Oct2024/PMTfied_filtered/PureNu/Snowstorm/22017/3/PMTfied_3.parquet
2025-02-13 17:58:25 - INFO - Filtered PMTfied file saved to: /lustre/hpc/project/icecube/HE_Nu_Aske_Oct2024/PMTfied_filtered/PureNu/Snowstorm/22017/3/PMTfied_16.parquet
2025-02-13 17:58:32 - INFO - Filtered PMTfied file saved to: /lustre/hpc/project/icecube/HE_Nu_Aske_Oct2024/PMTfied_filtered/PureNu/Snowstorm/22017/3/PMTfied_12.parquet
2025-02-13 17:58:39 - INFO - Filtered PMTfied file saved to: /lustre/hpc/project/icecube/HE_Nu_Aske_Oct2024/PMTfied_filtered/PureNu/Snowstorm/22017/3/PMTfied_9.parquet
2025-02-13 17:58:44 - INFO - Filtered PMTfied file saved to: /lustre/hpc/project/icecube/HE_Nu_Aske_Oct2024/PMTfied_filtered/PureNu/Snowstorm/22017/3/PMTfied_5.parquet
2025-02-13 17:58:49 - INFO - Filtered PMTfied file saved to: /lustre/hpc/project/icecube/HE_Nu_Aske_Oct2024/PMTfied_filtered/PureNu/Snowstorm/22017/3/PMTfied_1.parquet
2025-02-13 17:58:51 - INFO - Filtered PMTfied file saved to: /lustre/hpc/project/icecube/HE_Nu_Aske_Oct2024/PMTfied_filtered/PureNu/Snowstorm/22017/3/PMTfied_17.parquet
2025-02-13 17:58:56 - INFO - Filtered PMTfied file saved to: /lustre/hpc/project/icecube/HE_Nu_Aske_Oct2024/PMTfied_filtered/PureNu/Snowstorm/22017/3/PMTfied_13.parquet
2025-02-13 17:59:01 - INFO - Filtered PMTfied file saved to: /lustre/hpc/project/icecube/HE_Nu_Aske_Oct2024/PMTfied_filtered/PureNu/Snowstorm/22017/3/PMTfied_4.parquet
2025-02-13 17:59:05 - INFO - Filtered PMTfied file saved to: /lustre/hpc/project/icecube/HE_Nu_Aske_Oct2024/PMTfied_filtered/PureNu/Snowstorm/22017/3/PMTfied_8.parquet
2025-02-13 17:59:06 - INFO - Filtering process completed.
2025-02-13 17:59:06 - INFO - Filtering process completed for all selected filters.
2025-02-13 17:59:06 - INFO - Execution time: 106.07 seconds
2025-02-13 17:59:06 - INFO - Updated receipt with execution time: /lustre/hpc/project/icecube/HE_Nu_Aske_Oct2024/PMTfied_filtered/PureNu/Snowstorm/22017/[Receipt]22017_3.json
Job completed at Thu Feb 13 05:59:06 PM CET 2025
