Starting job at Sat Feb 15 12:57:52 PM CET 2025
Running Filter_by_part.py for subdirectory 22017, part 3
2025-02-15 12:57:53 - INFO - Event filtering process starts...
2025-02-15 12:57:53 - INFO - Initialized Muon13Filter filter for 22017/3
2025-02-15 12:57:54 - INFO - Extracted 243352 valid events where MuonFilter_13==True.
2025-02-15 12:57:54 - INFO - Initialized CompositeEventFilter filter for 22017/3
2025-02-15 12:57:54 - INFO - Initialized (MuonLike)
2025-02-15 12:57:54 - INFO - Starting filtering process for 22017/3
2025-02-15 12:57:54 - INFO - Starting filtering process for 22017/3
2025-02-15 12:58:04 - INFO - Recalculated 'offset' column based on filtered 'N_doms' values.
2025-02-15 12:58:06 - INFO - Filtered truth file saved to: /lustre/hpc/project/icecube/HE_Nu_Aske_Oct2024/PMTfied_filtered/Snowstorm/MuonLike/22017/truth_3.parquet
2025-02-15 12:58:12 - INFO - Filtered PMTfied file saved to: /lustre/hpc/project/icecube/HE_Nu_Aske_Oct2024/PMTfied_filtered/Snowstorm/MuonLike/22017/3/PMTfied_15.parquet
2025-02-15 12:58:15 - INFO - Filtered PMTfied file saved to: /lustre/hpc/project/icecube/HE_Nu_Aske_Oct2024/PMTfied_filtered/Snowstorm/MuonLike/22017/3/PMTfied_11.parquet
2025-02-15 12:58:19 - INFO - Filtered PMTfied file saved to: /lustre/hpc/project/icecube/HE_Nu_Aske_Oct2024/PMTfied_filtered/Snowstorm/MuonLike/22017/3/PMTfied_6.parquet
2025-02-15 12:58:22 - INFO - Filtered PMTfied file saved to: /lustre/hpc/project/icecube/HE_Nu_Aske_Oct2024/PMTfied_filtered/Snowstorm/MuonLike/22017/3/PMTfied_2.parquet
2025-02-15 12:58:28 - INFO - Filtered PMTfied file saved to: /lustre/hpc/project/icecube/HE_Nu_Aske_Oct2024/PMTfied_filtered/Snowstorm/MuonLike/22017/3/PMTfied_14.parquet
2025-02-15 12:58:32 - INFO - Filtered PMTfied file saved to: /lustre/hpc/project/icecube/HE_Nu_Aske_Oct2024/PMTfied_filtered/Snowstorm/MuonLike/22017/3/PMTfied_10.parquet
2025-02-15 12:58:38 - INFO - Filtered PMTfied file saved to: /lustre/hpc/project/icecube/HE_Nu_Aske_Oct2024/PMTfied_filtered/Snowstorm/MuonLike/22017/3/PMTfied_7.parquet
2025-02-15 12:58:45 - INFO - Filtered PMTfied file saved to: /lustre/hpc/project/icecube/HE_Nu_Aske_Oct2024/PMTfied_filtered/Snowstorm/MuonLike/22017/3/PMTfied_3.parquet
2025-02-15 12:58:52 - INFO - Filtered PMTfied file saved to: /lustre/hpc/project/icecube/HE_Nu_Aske_Oct2024/PMTfied_filtered/Snowstorm/MuonLike/22017/3/PMTfied_16.parquet
2025-02-15 12:58:58 - INFO - Filtered PMTfied file saved to: /lustre/hpc/project/icecube/HE_Nu_Aske_Oct2024/PMTfied_filtered/Snowstorm/MuonLike/22017/3/PMTfied_12.parquet
2025-02-15 12:59:02 - INFO - Filtered PMTfied file saved to: /lustre/hpc/project/icecube/HE_Nu_Aske_Oct2024/PMTfied_filtered/Snowstorm/MuonLike/22017/3/PMTfied_9.parquet
2025-02-15 12:59:09 - INFO - Filtered PMTfied file saved to: /lustre/hpc/project/icecube/HE_Nu_Aske_Oct2024/PMTfied_filtered/Snowstorm/MuonLike/22017/3/PMTfied_5.parquet
2025-02-15 12:59:14 - INFO - Filtered PMTfied file saved to: /lustre/hpc/project/icecube/HE_Nu_Aske_Oct2024/PMTfied_filtered/Snowstorm/MuonLike/22017/3/PMTfied_1.parquet
2025-02-15 12:59:16 - INFO - Filtered PMTfied file saved to: /lustre/hpc/project/icecube/HE_Nu_Aske_Oct2024/PMTfied_filtered/Snowstorm/MuonLike/22017/3/PMTfied_17.parquet
2025-02-15 12:59:19 - INFO - Filtered PMTfied file saved to: /lustre/hpc/project/icecube/HE_Nu_Aske_Oct2024/PMTfied_filtered/Snowstorm/MuonLike/22017/3/PMTfied_13.parquet
2025-02-15 12:59:22 - INFO - Filtered PMTfied file saved to: /lustre/hpc/project/icecube/HE_Nu_Aske_Oct2024/PMTfied_filtered/Snowstorm/MuonLike/22017/3/PMTfied_4.parquet
2025-02-15 12:59:27 - INFO - Filtered PMTfied file saved to: /lustre/hpc/project/icecube/HE_Nu_Aske_Oct2024/PMTfied_filtered/Snowstorm/MuonLike/22017/3/PMTfied_8.parquet
2025-02-15 12:59:27 - INFO - Filtering process completed.
2025-02-15 12:59:27 - INFO - Filtering process completed.
2025-02-15 12:59:27 - INFO - Unified receipt generated: /lustre/hpc/project/icecube/HE_Nu_Aske_Oct2024/PMTfied_filtered/Snowstorm/MuonLike/22017/[Receipt]22017_3.json
2025-02-15 12:59:27 - INFO - Filtering process completed.
Job completed at Sat Feb 15 12:59:27 PM CET 2025
