Starting job at Sat Feb 15 01:50:41 PM CET 2025
Running Filter_by_part.py for subdirectory 22017, part 1
2025-02-15 13:50:41 - INFO - Event filtering process starts...
2025-02-15 13:50:41 - INFO - Initialized PureNeutrinoEventFilter filter for 22017/1
2025-02-15 13:50:42 - INFO - Loaded 4 event specifier files from /lustre/hpc/project/icecube/HE_Nu_Aske_Oct2024/clean_events_dict/22017/22017/reduced
2025-02-15 13:50:42 - INFO - Selected 2 CSV files covering event range [0, 1670]
2025-02-15 13:50:43 - INFO - Loaded 722895 valid (RunID, EventID) pairs from CSV files
2025-02-15 13:50:44 - INFO - Extracted 231643 valid events based on pure neutrino events.
2025-02-15 13:50:44 - INFO - Initialized Muon13Filter filter for 22017/1
2025-02-15 13:50:45 - INFO - Extracted 244473 valid events where MuonFilter_13==True.
2025-02-15 13:50:45 - INFO - Initialized CompositeEventFilter filter for 22017/1
2025-02-15 13:50:45 - INFO - Initialized (MuonLike_PureNu)
2025-02-15 13:50:45 - INFO - Starting filtering process for 22017/1
2025-02-15 13:50:45 - INFO - Starting filtering process for 22017/1
2025-02-15 13:50:52 - INFO - Recalculated 'offset' column based on filtered 'N_doms' values.
2025-02-15 13:50:54 - INFO - Filtered truth file saved to: /lustre/hpc/project/icecube/HE_Nu_Aske_Oct2024/PMTfied_filtered/Snowstorm/MuonLike_PureNu/22017/truth_1.parquet
2025-02-15 13:50:57 - INFO - Filtered PMTfied file saved to: /lustre/hpc/project/icecube/HE_Nu_Aske_Oct2024/PMTfied_filtered/Snowstorm/MuonLike_PureNu/22017/1/PMTfied_9.parquet
2025-02-15 13:51:01 - INFO - Filtered PMTfied file saved to: /lustre/hpc/project/icecube/HE_Nu_Aske_Oct2024/PMTfied_filtered/Snowstorm/MuonLike_PureNu/22017/1/PMTfied_5.parquet
2025-02-15 13:51:05 - INFO - Filtered PMTfied file saved to: /lustre/hpc/project/icecube/HE_Nu_Aske_Oct2024/PMTfied_filtered/Snowstorm/MuonLike_PureNu/22017/1/PMTfied_1.parquet
2025-02-15 13:51:08 - INFO - Filtered PMTfied file saved to: /lustre/hpc/project/icecube/HE_Nu_Aske_Oct2024/PMTfied_filtered/Snowstorm/MuonLike_PureNu/22017/1/PMTfied_13.parquet
2025-02-15 13:51:10 - INFO - Filtered PMTfied file saved to: /lustre/hpc/project/icecube/HE_Nu_Aske_Oct2024/PMTfied_filtered/Snowstorm/MuonLike_PureNu/22017/1/PMTfied_17.parquet
2025-02-15 13:51:18 - INFO - Filtered PMTfied file saved to: /lustre/hpc/project/icecube/HE_Nu_Aske_Oct2024/PMTfied_filtered/Snowstorm/MuonLike_PureNu/22017/1/PMTfied_12.parquet
2025-02-15 13:51:23 - INFO - Filtered PMTfied file saved to: /lustre/hpc/project/icecube/HE_Nu_Aske_Oct2024/PMTfied_filtered/Snowstorm/MuonLike_PureNu/22017/1/PMTfied_16.parquet
2025-02-15 13:51:28 - INFO - Filtered PMTfied file saved to: /lustre/hpc/project/icecube/HE_Nu_Aske_Oct2024/PMTfied_filtered/Snowstorm/MuonLike_PureNu/22017/1/PMTfied_4.parquet
2025-02-15 13:51:33 - INFO - Filtered PMTfied file saved to: /lustre/hpc/project/icecube/HE_Nu_Aske_Oct2024/PMTfied_filtered/Snowstorm/MuonLike_PureNu/22017/1/PMTfied_8.parquet
2025-02-15 13:51:37 - INFO - Filtered PMTfied file saved to: /lustre/hpc/project/icecube/HE_Nu_Aske_Oct2024/PMTfied_filtered/Snowstorm/MuonLike_PureNu/22017/1/PMTfied_10.parquet
2025-02-15 13:51:43 - INFO - Filtered PMTfied file saved to: /lustre/hpc/project/icecube/HE_Nu_Aske_Oct2024/PMTfied_filtered/Snowstorm/MuonLike_PureNu/22017/1/PMTfied_14.parquet
2025-02-15 13:51:47 - INFO - Filtered PMTfied file saved to: /lustre/hpc/project/icecube/HE_Nu_Aske_Oct2024/PMTfied_filtered/Snowstorm/MuonLike_PureNu/22017/1/PMTfied_6.parquet
2025-02-15 13:51:53 - INFO - Filtered PMTfied file saved to: /lustre/hpc/project/icecube/HE_Nu_Aske_Oct2024/PMTfied_filtered/Snowstorm/MuonLike_PureNu/22017/1/PMTfied_2.parquet
2025-02-15 13:51:57 - INFO - Filtered PMTfied file saved to: /lustre/hpc/project/icecube/HE_Nu_Aske_Oct2024/PMTfied_filtered/Snowstorm/MuonLike_PureNu/22017/1/PMTfied_7.parquet
2025-02-15 13:52:05 - INFO - Filtered PMTfied file saved to: /lustre/hpc/project/icecube/HE_Nu_Aske_Oct2024/PMTfied_filtered/Snowstorm/MuonLike_PureNu/22017/1/PMTfied_3.parquet
2025-02-15 13:52:10 - INFO - Filtered PMTfied file saved to: /lustre/hpc/project/icecube/HE_Nu_Aske_Oct2024/PMTfied_filtered/Snowstorm/MuonLike_PureNu/22017/1/PMTfied_11.parquet
2025-02-15 13:52:15 - INFO - Filtered PMTfied file saved to: /lustre/hpc/project/icecube/HE_Nu_Aske_Oct2024/PMTfied_filtered/Snowstorm/MuonLike_PureNu/22017/1/PMTfied_15.parquet
2025-02-15 13:52:15 - INFO - Filtering process completed.
2025-02-15 13:52:15 - INFO - Filtering process completed.
2025-02-15 13:52:15 - INFO - Unified receipt generated: /lustre/hpc/project/icecube/HE_Nu_Aske_Oct2024/PMTfied_filtered/Snowstorm/MuonLike_PureNu/22017/[Receipt]22017_1.json
2025-02-15 13:52:15 - INFO - Filtering process completed.
Job completed at Sat Feb 15 01:52:16 PM CET 2025
