Starting job at Sat Feb 15 01:50:46 PM CET 2025
Running Filter_by_part.py for subdirectory 22017, part 3
2025-02-15 13:50:46 - INFO - Event filtering process starts...
2025-02-15 13:50:46 - INFO - Initialized PureNeutrinoEventFilter filter for 22017/3
2025-02-15 13:50:47 - INFO - Loaded 4 event specifier files from /lustre/hpc/project/icecube/HE_Nu_Aske_Oct2024/clean_events_dict/22017/22017/reduced
2025-02-15 13:50:48 - INFO - Selected 4 CSV files covering event range [30, 3299]
2025-02-15 13:50:50 - INFO - Loaded 1190997 valid (RunID, EventID) pairs from CSV files
2025-02-15 13:50:51 - INFO - Extracted 230654 valid events based on pure neutrino events.
2025-02-15 13:50:51 - INFO - Initialized Muon13Filter filter for 22017/3
2025-02-15 13:50:51 - INFO - Extracted 243352 valid events where MuonFilter_13==True.
2025-02-15 13:50:51 - INFO - Initialized CompositeEventFilter filter for 22017/3
2025-02-15 13:50:51 - INFO - Initialized (MuonLike_PureNu)
2025-02-15 13:50:51 - INFO - Starting filtering process for 22017/3
2025-02-15 13:50:51 - INFO - Starting filtering process for 22017/3
2025-02-15 13:50:59 - INFO - Recalculated 'offset' column based on filtered 'N_doms' values.
2025-02-15 13:51:01 - INFO - Filtered truth file saved to: /lustre/hpc/project/icecube/HE_Nu_Aske_Oct2024/PMTfied_filtered/Snowstorm/MuonLike_PureNu/22017/truth_3.parquet
2025-02-15 13:51:04 - INFO - Filtered PMTfied file saved to: /lustre/hpc/project/icecube/HE_Nu_Aske_Oct2024/PMTfied_filtered/Snowstorm/MuonLike_PureNu/22017/3/PMTfied_15.parquet
2025-02-15 13:51:07 - INFO - Filtered PMTfied file saved to: /lustre/hpc/project/icecube/HE_Nu_Aske_Oct2024/PMTfied_filtered/Snowstorm/MuonLike_PureNu/22017/3/PMTfied_11.parquet
2025-02-15 13:51:10 - INFO - Filtered PMTfied file saved to: /lustre/hpc/project/icecube/HE_Nu_Aske_Oct2024/PMTfied_filtered/Snowstorm/MuonLike_PureNu/22017/3/PMTfied_6.parquet
2025-02-15 13:51:15 - INFO - Filtered PMTfied file saved to: /lustre/hpc/project/icecube/HE_Nu_Aske_Oct2024/PMTfied_filtered/Snowstorm/MuonLike_PureNu/22017/3/PMTfied_2.parquet
2025-02-15 13:51:18 - INFO - Filtered PMTfied file saved to: /lustre/hpc/project/icecube/HE_Nu_Aske_Oct2024/PMTfied_filtered/Snowstorm/MuonLike_PureNu/22017/3/PMTfied_14.parquet
2025-02-15 13:51:26 - INFO - Filtered PMTfied file saved to: /lustre/hpc/project/icecube/HE_Nu_Aske_Oct2024/PMTfied_filtered/Snowstorm/MuonLike_PureNu/22017/3/PMTfied_10.parquet
2025-02-15 13:51:34 - INFO - Filtered PMTfied file saved to: /lustre/hpc/project/icecube/HE_Nu_Aske_Oct2024/PMTfied_filtered/Snowstorm/MuonLike_PureNu/22017/3/PMTfied_7.parquet
2025-02-15 13:51:39 - INFO - Filtered PMTfied file saved to: /lustre/hpc/project/icecube/HE_Nu_Aske_Oct2024/PMTfied_filtered/Snowstorm/MuonLike_PureNu/22017/3/PMTfied_3.parquet
2025-02-15 13:51:47 - INFO - Filtered PMTfied file saved to: /lustre/hpc/project/icecube/HE_Nu_Aske_Oct2024/PMTfied_filtered/Snowstorm/MuonLike_PureNu/22017/3/PMTfied_16.parquet
2025-02-15 13:51:54 - INFO - Filtered PMTfied file saved to: /lustre/hpc/project/icecube/HE_Nu_Aske_Oct2024/PMTfied_filtered/Snowstorm/MuonLike_PureNu/22017/3/PMTfied_12.parquet
2025-02-15 13:51:59 - INFO - Filtered PMTfied file saved to: /lustre/hpc/project/icecube/HE_Nu_Aske_Oct2024/PMTfied_filtered/Snowstorm/MuonLike_PureNu/22017/3/PMTfied_9.parquet
2025-02-15 13:52:04 - INFO - Filtered PMTfied file saved to: /lustre/hpc/project/icecube/HE_Nu_Aske_Oct2024/PMTfied_filtered/Snowstorm/MuonLike_PureNu/22017/3/PMTfied_5.parquet
2025-02-15 13:52:07 - INFO - Filtered PMTfied file saved to: /lustre/hpc/project/icecube/HE_Nu_Aske_Oct2024/PMTfied_filtered/Snowstorm/MuonLike_PureNu/22017/3/PMTfied_1.parquet
2025-02-15 13:52:09 - INFO - Filtered PMTfied file saved to: /lustre/hpc/project/icecube/HE_Nu_Aske_Oct2024/PMTfied_filtered/Snowstorm/MuonLike_PureNu/22017/3/PMTfied_17.parquet
2025-02-15 13:52:14 - INFO - Filtered PMTfied file saved to: /lustre/hpc/project/icecube/HE_Nu_Aske_Oct2024/PMTfied_filtered/Snowstorm/MuonLike_PureNu/22017/3/PMTfied_13.parquet
2025-02-15 13:52:18 - INFO - Filtered PMTfied file saved to: /lustre/hpc/project/icecube/HE_Nu_Aske_Oct2024/PMTfied_filtered/Snowstorm/MuonLike_PureNu/22017/3/PMTfied_4.parquet
2025-02-15 13:52:23 - INFO - Filtered PMTfied file saved to: /lustre/hpc/project/icecube/HE_Nu_Aske_Oct2024/PMTfied_filtered/Snowstorm/MuonLike_PureNu/22017/3/PMTfied_8.parquet
2025-02-15 13:52:23 - INFO - Filtering process completed.
2025-02-15 13:52:23 - INFO - Filtering process completed.
2025-02-15 13:52:23 - INFO - Unified receipt generated: /lustre/hpc/project/icecube/HE_Nu_Aske_Oct2024/PMTfied_filtered/Snowstorm/MuonLike_PureNu/22017/[Receipt]22017_3.json
2025-02-15 13:52:23 - INFO - Filtering process completed.
Job completed at Sat Feb 15 01:52:23 PM CET 2025
