Starting job at Sat Feb 15 12:06:22 PM CET 2025
Running Filter_by_part.py for subdirectory 22017, part 3
2025-02-15 12:06:22 - INFO - Event filtering process starts...
2025-02-15 12:06:22 - INFO - Initialized Muon13Filter filter for 22017/3
2025-02-15 12:06:23 - INFO - Extracted 243352 valid events where MuonFilter_13==True.
2025-02-15 12:06:23 - INFO - Initialized CompositeEventFilter filter for 22017/3
2025-02-15 12:06:23 - INFO - Initialized (MuonLike)
2025-02-15 12:06:23 - INFO - Starting filtering process for 22017/3
2025-02-15 12:06:23 - INFO - Starting filtering process for 22017/3
2025-02-15 12:06:33 - INFO - Recalculated 'offset' column based on filtered 'N_doms' values.
2025-02-15 12:06:35 - INFO - Filtered truth file saved to: /lustre/hpc/project/icecube/HE_Nu_Aske_Oct2024/PMTfied_filtered/Snowstorm/MuonLike/22017/truth_3.parquet
2025-02-15 12:06:39 - INFO - Filtered PMTfied file saved to: /lustre/hpc/project/icecube/HE_Nu_Aske_Oct2024/PMTfied_filtered/Snowstorm/MuonLike/22017/3/PMTfied_15.parquet
2025-02-15 12:06:42 - INFO - Filtered PMTfied file saved to: /lustre/hpc/project/icecube/HE_Nu_Aske_Oct2024/PMTfied_filtered/Snowstorm/MuonLike/22017/3/PMTfied_11.parquet
2025-02-15 12:06:49 - INFO - Filtered PMTfied file saved to: /lustre/hpc/project/icecube/HE_Nu_Aske_Oct2024/PMTfied_filtered/Snowstorm/MuonLike/22017/3/PMTfied_6.parquet
2025-02-15 12:06:54 - INFO - Filtered PMTfied file saved to: /lustre/hpc/project/icecube/HE_Nu_Aske_Oct2024/PMTfied_filtered/Snowstorm/MuonLike/22017/3/PMTfied_2.parquet
2025-02-15 12:06:58 - INFO - Filtered PMTfied file saved to: /lustre/hpc/project/icecube/HE_Nu_Aske_Oct2024/PMTfied_filtered/Snowstorm/MuonLike/22017/3/PMTfied_14.parquet
2025-02-15 12:07:04 - INFO - Filtered PMTfied file saved to: /lustre/hpc/project/icecube/HE_Nu_Aske_Oct2024/PMTfied_filtered/Snowstorm/MuonLike/22017/3/PMTfied_10.parquet
2025-02-15 12:07:11 - INFO - Filtered PMTfied file saved to: /lustre/hpc/project/icecube/HE_Nu_Aske_Oct2024/PMTfied_filtered/Snowstorm/MuonLike/22017/3/PMTfied_7.parquet
2025-02-15 12:07:18 - INFO - Filtered PMTfied file saved to: /lustre/hpc/project/icecube/HE_Nu_Aske_Oct2024/PMTfied_filtered/Snowstorm/MuonLike/22017/3/PMTfied_3.parquet
2025-02-15 12:07:24 - INFO - Filtered PMTfied file saved to: /lustre/hpc/project/icecube/HE_Nu_Aske_Oct2024/PMTfied_filtered/Snowstorm/MuonLike/22017/3/PMTfied_16.parquet
2025-02-15 12:07:31 - INFO - Filtered PMTfied file saved to: /lustre/hpc/project/icecube/HE_Nu_Aske_Oct2024/PMTfied_filtered/Snowstorm/MuonLike/22017/3/PMTfied_12.parquet
2025-02-15 12:07:38 - INFO - Filtered PMTfied file saved to: /lustre/hpc/project/icecube/HE_Nu_Aske_Oct2024/PMTfied_filtered/Snowstorm/MuonLike/22017/3/PMTfied_9.parquet
2025-02-15 12:07:45 - INFO - Filtered PMTfied file saved to: /lustre/hpc/project/icecube/HE_Nu_Aske_Oct2024/PMTfied_filtered/Snowstorm/MuonLike/22017/3/PMTfied_5.parquet
2025-02-15 12:07:50 - INFO - Filtered PMTfied file saved to: /lustre/hpc/project/icecube/HE_Nu_Aske_Oct2024/PMTfied_filtered/Snowstorm/MuonLike/22017/3/PMTfied_1.parquet
2025-02-15 12:07:52 - INFO - Filtered PMTfied file saved to: /lustre/hpc/project/icecube/HE_Nu_Aske_Oct2024/PMTfied_filtered/Snowstorm/MuonLike/22017/3/PMTfied_17.parquet
2025-02-15 12:07:58 - INFO - Filtered PMTfied file saved to: /lustre/hpc/project/icecube/HE_Nu_Aske_Oct2024/PMTfied_filtered/Snowstorm/MuonLike/22017/3/PMTfied_13.parquet
2025-02-15 12:08:04 - INFO - Filtered PMTfied file saved to: /lustre/hpc/project/icecube/HE_Nu_Aske_Oct2024/PMTfied_filtered/Snowstorm/MuonLike/22017/3/PMTfied_4.parquet
2025-02-15 12:08:10 - INFO - Filtered PMTfied file saved to: /lustre/hpc/project/icecube/HE_Nu_Aske_Oct2024/PMTfied_filtered/Snowstorm/MuonLike/22017/3/PMTfied_8.parquet
2025-02-15 12:08:10 - INFO - Filtering process completed.
2025-02-15 12:08:10 - INFO - Filtering process completed.
2025-02-15 12:08:10 - INFO - Unified receipt generated: /lustre/hpc/project/icecube/HE_Nu_Aske_Oct2024/PMTfied_filtered/Snowstorm/MuonLike/22017/[Receipt]22017_3.json
2025-02-15 12:08:10 - INFO - Filtering process completed.
Job completed at Sat Feb 15 12:08:10 PM CET 2025
