Starting job at Mon Feb 17 04:18:00 PM CET 2025
Running Filter_by_part.py for subdirectory 22017, part 3
2025-02-17 16:18:00 - INFO - Event filtering process starts...
2025-02-17 16:18:00 - INFO - Initialized PureNeutrinoEventFilter filter for 22017/3
2025-02-17 16:18:00 - INFO - Loaded 4 event specifier files from /lustre/hpc/project/icecube/HE_Nu_Aske_Oct2024/clean_events_dict/22017/22017/reduced
2025-02-17 16:18:01 - INFO - Selected 4 CSV files covering event range [30, 3299]
2025-02-17 16:18:01 - INFO - Loaded 1190997 valid (RunID, EventID) pairs from CSV files
2025-02-17 16:18:02 - INFO - Extracted 230654 valid events based on pure neutrino events.
2025-02-17 16:18:02 - INFO - Initialized Muon13Filter filter for 22017/3
2025-02-17 16:18:02 - INFO - Extracted 243352 valid events where MuonFilter_13==True.
2025-02-17 16:18:02 - INFO - Initialized CompositeEventFilter filter for 22017/3
2025-02-17 16:18:02 - INFO - Initialized (MuonLike_PureNu)
2025-02-17 16:18:02 - INFO - Starting filtering process for 22017/3
2025-02-17 16:18:02 - INFO - Starting filtering process for 22017/3
2025-02-17 16:18:06 - INFO - Recalculated 'offset' column based on 'N_doms' values within each 'shard_no' group.
2025-02-17 16:18:07 - INFO - Filtered truth file saved to: /lustre/hpc/project/icecube/HE_Nu_Aske_Oct2024/PMTfied_filtered/Snowstorm/MuonLike_PureNu/22017/truth_3.parquet
2025-02-17 16:18:08 - INFO - Filtered PMTfied file saved to: /lustre/hpc/project/icecube/HE_Nu_Aske_Oct2024/PMTfied_filtered/Snowstorm/MuonLike_PureNu/22017/3/PMTfied_15.parquet
2025-02-17 16:18:09 - INFO - Filtered PMTfied file saved to: /lustre/hpc/project/icecube/HE_Nu_Aske_Oct2024/PMTfied_filtered/Snowstorm/MuonLike_PureNu/22017/3/PMTfied_11.parquet
2025-02-17 16:18:11 - INFO - Filtered PMTfied file saved to: /lustre/hpc/project/icecube/HE_Nu_Aske_Oct2024/PMTfied_filtered/Snowstorm/MuonLike_PureNu/22017/3/PMTfied_6.parquet
2025-02-17 16:18:12 - INFO - Filtered PMTfied file saved to: /lustre/hpc/project/icecube/HE_Nu_Aske_Oct2024/PMTfied_filtered/Snowstorm/MuonLike_PureNu/22017/3/PMTfied_2.parquet
2025-02-17 16:18:13 - INFO - Filtered PMTfied file saved to: /lustre/hpc/project/icecube/HE_Nu_Aske_Oct2024/PMTfied_filtered/Snowstorm/MuonLike_PureNu/22017/3/PMTfied_14.parquet
2025-02-17 16:18:15 - INFO - Filtered PMTfied file saved to: /lustre/hpc/project/icecube/HE_Nu_Aske_Oct2024/PMTfied_filtered/Snowstorm/MuonLike_PureNu/22017/3/PMTfied_10.parquet
2025-02-17 16:18:16 - INFO - Filtered PMTfied file saved to: /lustre/hpc/project/icecube/HE_Nu_Aske_Oct2024/PMTfied_filtered/Snowstorm/MuonLike_PureNu/22017/3/PMTfied_7.parquet
2025-02-17 16:18:18 - INFO - Filtered PMTfied file saved to: /lustre/hpc/project/icecube/HE_Nu_Aske_Oct2024/PMTfied_filtered/Snowstorm/MuonLike_PureNu/22017/3/PMTfied_3.parquet
2025-02-17 16:18:19 - INFO - Filtered PMTfied file saved to: /lustre/hpc/project/icecube/HE_Nu_Aske_Oct2024/PMTfied_filtered/Snowstorm/MuonLike_PureNu/22017/3/PMTfied_16.parquet
2025-02-17 16:18:20 - INFO - Filtered PMTfied file saved to: /lustre/hpc/project/icecube/HE_Nu_Aske_Oct2024/PMTfied_filtered/Snowstorm/MuonLike_PureNu/22017/3/PMTfied_12.parquet
2025-02-17 16:18:21 - INFO - Filtered PMTfied file saved to: /lustre/hpc/project/icecube/HE_Nu_Aske_Oct2024/PMTfied_filtered/Snowstorm/MuonLike_PureNu/22017/3/PMTfied_9.parquet
2025-02-17 16:18:23 - INFO - Filtered PMTfied file saved to: /lustre/hpc/project/icecube/HE_Nu_Aske_Oct2024/PMTfied_filtered/Snowstorm/MuonLike_PureNu/22017/3/PMTfied_5.parquet
2025-02-17 16:18:24 - INFO - Filtered PMTfied file saved to: /lustre/hpc/project/icecube/HE_Nu_Aske_Oct2024/PMTfied_filtered/Snowstorm/MuonLike_PureNu/22017/3/PMTfied_1.parquet
2025-02-17 16:18:25 - INFO - Filtered PMTfied file saved to: /lustre/hpc/project/icecube/HE_Nu_Aske_Oct2024/PMTfied_filtered/Snowstorm/MuonLike_PureNu/22017/3/PMTfied_17.parquet
2025-02-17 16:18:26 - INFO - Filtered PMTfied file saved to: /lustre/hpc/project/icecube/HE_Nu_Aske_Oct2024/PMTfied_filtered/Snowstorm/MuonLike_PureNu/22017/3/PMTfied_13.parquet
2025-02-17 16:18:27 - INFO - Filtered PMTfied file saved to: /lustre/hpc/project/icecube/HE_Nu_Aske_Oct2024/PMTfied_filtered/Snowstorm/MuonLike_PureNu/22017/3/PMTfied_4.parquet
2025-02-17 16:18:29 - INFO - Filtered PMTfied file saved to: /lustre/hpc/project/icecube/HE_Nu_Aske_Oct2024/PMTfied_filtered/Snowstorm/MuonLike_PureNu/22017/3/PMTfied_8.parquet
2025-02-17 16:18:29 - INFO - Filtering process completed.
2025-02-17 16:18:29 - INFO - Filtering process completed.
2025-02-17 16:18:29 - INFO - Unified receipt generated: /lustre/hpc/project/icecube/HE_Nu_Aske_Oct2024/PMTfied_filtered/Snowstorm/MuonLike_PureNu/22017/[Receipt]22017_3.json
2025-02-17 16:18:29 - INFO - Filtering process completed.
Job completed at Mon Feb 17 04:18:29 PM CET 2025
