Starting job at Sat Feb 15 12:12:19 PM CET 2025
Running Filter_by_part.py for subdirectory 22017, part 1
2025-02-15 12:12:19 - INFO - Event filtering process starts...
2025-02-15 12:12:19 - INFO - Initialized PureNeutrinoEventFilter filter for 22017/1
2025-02-15 12:12:20 - INFO - Loaded 4 event specifier files from /lustre/hpc/project/icecube/HE_Nu_Aske_Oct2024/clean_events_dict/22017/22017/reduced
2025-02-15 12:12:21 - INFO - Selected 2 CSV files covering event range [0, 1670]
2025-02-15 12:12:22 - INFO - Loaded 722895 valid (RunID, EventID) pairs from CSV files
2025-02-15 12:12:23 - INFO - Extracted 231643 valid events based on pure neutrino events.
2025-02-15 12:12:23 - INFO - Initialized CompositeEventFilter filter for 22017/1
2025-02-15 12:12:23 - INFO - Initialized (PureNu)
2025-02-15 12:12:23 - INFO - Starting filtering process for 22017/1
2025-02-15 12:12:23 - INFO - Starting filtering process for 22017/1
2025-02-15 12:12:32 - INFO - Recalculated 'offset' column based on filtered 'N_doms' values.
2025-02-15 12:12:34 - INFO - Filtered truth file saved to: /lustre/hpc/project/icecube/HE_Nu_Aske_Oct2024/PMTfied_filtered/Snowstorm/PureNu/22017/truth_1.parquet
2025-02-15 12:12:38 - INFO - Filtered PMTfied file saved to: /lustre/hpc/project/icecube/HE_Nu_Aske_Oct2024/PMTfied_filtered/Snowstorm/PureNu/22017/1/PMTfied_9.parquet
2025-02-15 12:12:52 - INFO - Filtered PMTfied file saved to: /lustre/hpc/project/icecube/HE_Nu_Aske_Oct2024/PMTfied_filtered/Snowstorm/PureNu/22017/1/PMTfied_5.parquet
2025-02-15 12:12:55 - INFO - Filtered PMTfied file saved to: /lustre/hpc/project/icecube/HE_Nu_Aske_Oct2024/PMTfied_filtered/Snowstorm/PureNu/22017/1/PMTfied_1.parquet
2025-02-15 12:13:00 - INFO - Filtered PMTfied file saved to: /lustre/hpc/project/icecube/HE_Nu_Aske_Oct2024/PMTfied_filtered/Snowstorm/PureNu/22017/1/PMTfied_13.parquet
2025-02-15 12:13:02 - INFO - Filtered PMTfied file saved to: /lustre/hpc/project/icecube/HE_Nu_Aske_Oct2024/PMTfied_filtered/Snowstorm/PureNu/22017/1/PMTfied_17.parquet
2025-02-15 12:13:19 - INFO - Filtered PMTfied file saved to: /lustre/hpc/project/icecube/HE_Nu_Aske_Oct2024/PMTfied_filtered/Snowstorm/PureNu/22017/1/PMTfied_12.parquet
2025-02-15 12:13:24 - INFO - Filtered PMTfied file saved to: /lustre/hpc/project/icecube/HE_Nu_Aske_Oct2024/PMTfied_filtered/Snowstorm/PureNu/22017/1/PMTfied_16.parquet
2025-02-15 12:13:29 - INFO - Filtered PMTfied file saved to: /lustre/hpc/project/icecube/HE_Nu_Aske_Oct2024/PMTfied_filtered/Snowstorm/PureNu/22017/1/PMTfied_4.parquet
2025-02-15 12:13:34 - INFO - Filtered PMTfied file saved to: /lustre/hpc/project/icecube/HE_Nu_Aske_Oct2024/PMTfied_filtered/Snowstorm/PureNu/22017/1/PMTfied_8.parquet
2025-02-15 12:13:39 - INFO - Filtered PMTfied file saved to: /lustre/hpc/project/icecube/HE_Nu_Aske_Oct2024/PMTfied_filtered/Snowstorm/PureNu/22017/1/PMTfied_10.parquet
2025-02-15 12:13:44 - INFO - Filtered PMTfied file saved to: /lustre/hpc/project/icecube/HE_Nu_Aske_Oct2024/PMTfied_filtered/Snowstorm/PureNu/22017/1/PMTfied_14.parquet
2025-02-15 12:13:47 - INFO - Filtered PMTfied file saved to: /lustre/hpc/project/icecube/HE_Nu_Aske_Oct2024/PMTfied_filtered/Snowstorm/PureNu/22017/1/PMTfied_6.parquet
2025-02-15 12:13:53 - INFO - Filtered PMTfied file saved to: /lustre/hpc/project/icecube/HE_Nu_Aske_Oct2024/PMTfied_filtered/Snowstorm/PureNu/22017/1/PMTfied_2.parquet
2025-02-15 12:13:58 - INFO - Filtered PMTfied file saved to: /lustre/hpc/project/icecube/HE_Nu_Aske_Oct2024/PMTfied_filtered/Snowstorm/PureNu/22017/1/PMTfied_7.parquet
2025-02-15 12:14:03 - INFO - Filtered PMTfied file saved to: /lustre/hpc/project/icecube/HE_Nu_Aske_Oct2024/PMTfied_filtered/Snowstorm/PureNu/22017/1/PMTfied_3.parquet
2025-02-15 12:14:08 - INFO - Filtered PMTfied file saved to: /lustre/hpc/project/icecube/HE_Nu_Aske_Oct2024/PMTfied_filtered/Snowstorm/PureNu/22017/1/PMTfied_11.parquet
2025-02-15 12:14:13 - INFO - Filtered PMTfied file saved to: /lustre/hpc/project/icecube/HE_Nu_Aske_Oct2024/PMTfied_filtered/Snowstorm/PureNu/22017/1/PMTfied_15.parquet
2025-02-15 12:14:13 - INFO - Filtering process completed.
2025-02-15 12:14:13 - INFO - Filtering process completed.
2025-02-15 12:14:14 - INFO - Unified receipt generated: /lustre/hpc/project/icecube/HE_Nu_Aske_Oct2024/PMTfied_filtered/Snowstorm/PureNu/22017/[Receipt]22017_1.json
2025-02-15 12:14:14 - INFO - Filtering process completed.
Job completed at Sat Feb 15 12:14:14 PM CET 2025
