Starting job at Thu Feb 13 05:13:05 PM CET 2025
Running Filter_by_part.py for subdirectory 22017, part 2
2025-02-13 17:13:06 - INFO - Event filtering process starts...
2025-02-13 17:13:06 - INFO - Initialized Muon13Filter
2025-02-13 17:13:06 - INFO - Starting filtering process for 22017/2
2025-02-13 17:13:16 - INFO - Recalculated 'offset' column based on filtered 'N_doms' values.
2025-02-13 17:13:18 - INFO - Filtered truth file saved to: /lustre/hpc/project/icecube/HE_Nu_Aske_Oct2024/PMTfied_filtered/MuonLike/Snowstorm/22017/truth_2.parquet
2025-02-13 17:13:18 - INFO - Receipt file saved to: /lustre/hpc/project/icecube/HE_Nu_Aske_Oct2024/PMTfied_filtered/MuonLike/Snowstorm/22017/[Receipt]22017_2.json
2025-02-13 17:13:22 - INFO - Filtered PMTfied file saved to: /lustre/hpc/project/icecube/HE_Nu_Aske_Oct2024/PMTfied_filtered/MuonLike/Snowstorm/22017/2/PMTfied_16.parquet
2025-02-13 17:13:27 - INFO - Filtered PMTfied file saved to: /lustre/hpc/project/icecube/HE_Nu_Aske_Oct2024/PMTfied_filtered/MuonLike/Snowstorm/22017/2/PMTfied_12.parquet
2025-02-13 17:13:32 - INFO - Filtered PMTfied file saved to: /lustre/hpc/project/icecube/HE_Nu_Aske_Oct2024/PMTfied_filtered/MuonLike/Snowstorm/22017/2/PMTfied_9.parquet
2025-02-13 17:13:37 - INFO - Filtered PMTfied file saved to: /lustre/hpc/project/icecube/HE_Nu_Aske_Oct2024/PMTfied_filtered/MuonLike/Snowstorm/22017/2/PMTfied_1.parquet
2025-02-13 17:13:42 - INFO - Filtered PMTfied file saved to: /lustre/hpc/project/icecube/HE_Nu_Aske_Oct2024/PMTfied_filtered/MuonLike/Snowstorm/22017/2/PMTfied_5.parquet
2025-02-13 17:13:46 - INFO - Filtered PMTfied file saved to: /lustre/hpc/project/icecube/HE_Nu_Aske_Oct2024/PMTfied_filtered/MuonLike/Snowstorm/22017/2/PMTfied_4.parquet
2025-02-13 17:13:51 - INFO - Filtered PMTfied file saved to: /lustre/hpc/project/icecube/HE_Nu_Aske_Oct2024/PMTfied_filtered/MuonLike/Snowstorm/22017/2/PMTfied_8.parquet
2025-02-13 17:13:53 - INFO - Filtered PMTfied file saved to: /lustre/hpc/project/icecube/HE_Nu_Aske_Oct2024/PMTfied_filtered/MuonLike/Snowstorm/22017/2/PMTfied_17.parquet
2025-02-13 17:13:58 - INFO - Filtered PMTfied file saved to: /lustre/hpc/project/icecube/HE_Nu_Aske_Oct2024/PMTfied_filtered/MuonLike/Snowstorm/22017/2/PMTfied_13.parquet
2025-02-13 17:14:03 - INFO - Filtered PMTfied file saved to: /lustre/hpc/project/icecube/HE_Nu_Aske_Oct2024/PMTfied_filtered/MuonLike/Snowstorm/22017/2/PMTfied_2.parquet
2025-02-13 17:14:09 - INFO - Filtered PMTfied file saved to: /lustre/hpc/project/icecube/HE_Nu_Aske_Oct2024/PMTfied_filtered/MuonLike/Snowstorm/22017/2/PMTfied_6.parquet
2025-02-13 17:14:14 - INFO - Filtered PMTfied file saved to: /lustre/hpc/project/icecube/HE_Nu_Aske_Oct2024/PMTfied_filtered/MuonLike/Snowstorm/22017/2/PMTfied_15.parquet
2025-02-13 17:14:19 - INFO - Filtered PMTfied file saved to: /lustre/hpc/project/icecube/HE_Nu_Aske_Oct2024/PMTfied_filtered/MuonLike/Snowstorm/22017/2/PMTfied_11.parquet
2025-02-13 17:14:24 - INFO - Filtered PMTfied file saved to: /lustre/hpc/project/icecube/HE_Nu_Aske_Oct2024/PMTfied_filtered/MuonLike/Snowstorm/22017/2/PMTfied_14.parquet
2025-02-13 17:14:29 - INFO - Filtered PMTfied file saved to: /lustre/hpc/project/icecube/HE_Nu_Aske_Oct2024/PMTfied_filtered/MuonLike/Snowstorm/22017/2/PMTfied_10.parquet
2025-02-13 17:14:34 - INFO - Filtered PMTfied file saved to: /lustre/hpc/project/icecube/HE_Nu_Aske_Oct2024/PMTfied_filtered/MuonLike/Snowstorm/22017/2/PMTfied_3.parquet
2025-02-13 17:14:40 - INFO - Filtered PMTfied file saved to: /lustre/hpc/project/icecube/HE_Nu_Aske_Oct2024/PMTfied_filtered/MuonLike/Snowstorm/22017/2/PMTfied_7.parquet
2025-02-13 17:14:40 - INFO - Filtering process completed.
2025-02-13 17:14:40 - INFO - Filtering process completed for all selected filters.
2025-02-13 17:14:40 - INFO - Execution time: 94.01 seconds
2025-02-13 17:14:40 - INFO - Updated receipt with execution time: /lustre/hpc/project/icecube/HE_Nu_Aske_Oct2024/PMTfied_filtered/MuonLike/Snowstorm/22017/[Receipt]22017_2.json
Job completed at Thu Feb 13 05:14:40 PM CET 2025
