Starting job at Sat Feb 15 12:57:45 PM CET 2025
Running Filter_by_part.py for subdirectory 22017, part 1
2025-02-15 12:57:45 - INFO - Event filtering process starts...
2025-02-15 12:57:45 - INFO - Initialized Muon13Filter filter for 22017/1
2025-02-15 12:57:46 - INFO - Extracted 244473 valid events where MuonFilter_13==True.
2025-02-15 12:57:46 - INFO - Initialized CompositeEventFilter filter for 22017/1
2025-02-15 12:57:46 - INFO - Initialized (MuonLike)
2025-02-15 12:57:46 - INFO - Starting filtering process for 22017/1
2025-02-15 12:57:46 - INFO - Starting filtering process for 22017/1
2025-02-15 12:57:56 - INFO - Recalculated 'offset' column based on filtered 'N_doms' values.
2025-02-15 12:57:58 - INFO - Filtered truth file saved to: /lustre/hpc/project/icecube/HE_Nu_Aske_Oct2024/PMTfied_filtered/Snowstorm/MuonLike/22017/truth_1.parquet
2025-02-15 12:58:02 - INFO - Filtered PMTfied file saved to: /lustre/hpc/project/icecube/HE_Nu_Aske_Oct2024/PMTfied_filtered/Snowstorm/MuonLike/22017/1/PMTfied_9.parquet
2025-02-15 12:58:05 - INFO - Filtered PMTfied file saved to: /lustre/hpc/project/icecube/HE_Nu_Aske_Oct2024/PMTfied_filtered/Snowstorm/MuonLike/22017/1/PMTfied_5.parquet
2025-02-15 12:58:11 - INFO - Filtered PMTfied file saved to: /lustre/hpc/project/icecube/HE_Nu_Aske_Oct2024/PMTfied_filtered/Snowstorm/MuonLike/22017/1/PMTfied_1.parquet
2025-02-15 12:58:14 - INFO - Filtered PMTfied file saved to: /lustre/hpc/project/icecube/HE_Nu_Aske_Oct2024/PMTfied_filtered/Snowstorm/MuonLike/22017/1/PMTfied_13.parquet
2025-02-15 12:58:16 - INFO - Filtered PMTfied file saved to: /lustre/hpc/project/icecube/HE_Nu_Aske_Oct2024/PMTfied_filtered/Snowstorm/MuonLike/22017/1/PMTfied_17.parquet
2025-02-15 12:58:25 - INFO - Filtered PMTfied file saved to: /lustre/hpc/project/icecube/HE_Nu_Aske_Oct2024/PMTfied_filtered/Snowstorm/MuonLike/22017/1/PMTfied_12.parquet
2025-02-15 12:58:30 - INFO - Filtered PMTfied file saved to: /lustre/hpc/project/icecube/HE_Nu_Aske_Oct2024/PMTfied_filtered/Snowstorm/MuonLike/22017/1/PMTfied_16.parquet
2025-02-15 12:58:35 - INFO - Filtered PMTfied file saved to: /lustre/hpc/project/icecube/HE_Nu_Aske_Oct2024/PMTfied_filtered/Snowstorm/MuonLike/22017/1/PMTfied_4.parquet
2025-02-15 12:58:39 - INFO - Filtered PMTfied file saved to: /lustre/hpc/project/icecube/HE_Nu_Aske_Oct2024/PMTfied_filtered/Snowstorm/MuonLike/22017/1/PMTfied_8.parquet
2025-02-15 12:58:42 - INFO - Filtered PMTfied file saved to: /lustre/hpc/project/icecube/HE_Nu_Aske_Oct2024/PMTfied_filtered/Snowstorm/MuonLike/22017/1/PMTfied_10.parquet
2025-02-15 12:58:45 - INFO - Filtered PMTfied file saved to: /lustre/hpc/project/icecube/HE_Nu_Aske_Oct2024/PMTfied_filtered/Snowstorm/MuonLike/22017/1/PMTfied_14.parquet
2025-02-15 12:58:51 - INFO - Filtered PMTfied file saved to: /lustre/hpc/project/icecube/HE_Nu_Aske_Oct2024/PMTfied_filtered/Snowstorm/MuonLike/22017/1/PMTfied_6.parquet
2025-02-15 12:58:56 - INFO - Filtered PMTfied file saved to: /lustre/hpc/project/icecube/HE_Nu_Aske_Oct2024/PMTfied_filtered/Snowstorm/MuonLike/22017/1/PMTfied_2.parquet
2025-02-15 12:59:02 - INFO - Filtered PMTfied file saved to: /lustre/hpc/project/icecube/HE_Nu_Aske_Oct2024/PMTfied_filtered/Snowstorm/MuonLike/22017/1/PMTfied_7.parquet
2025-02-15 12:59:11 - INFO - Filtered PMTfied file saved to: /lustre/hpc/project/icecube/HE_Nu_Aske_Oct2024/PMTfied_filtered/Snowstorm/MuonLike/22017/1/PMTfied_3.parquet
2025-02-15 12:59:16 - INFO - Filtered PMTfied file saved to: /lustre/hpc/project/icecube/HE_Nu_Aske_Oct2024/PMTfied_filtered/Snowstorm/MuonLike/22017/1/PMTfied_11.parquet
2025-02-15 12:59:22 - INFO - Filtered PMTfied file saved to: /lustre/hpc/project/icecube/HE_Nu_Aske_Oct2024/PMTfied_filtered/Snowstorm/MuonLike/22017/1/PMTfied_15.parquet
2025-02-15 12:59:22 - INFO - Filtering process completed.
2025-02-15 12:59:22 - INFO - Filtering process completed.
2025-02-15 12:59:22 - INFO - Unified receipt generated: /lustre/hpc/project/icecube/HE_Nu_Aske_Oct2024/PMTfied_filtered/Snowstorm/MuonLike/22017/[Receipt]22017_1.json
2025-02-15 12:59:22 - INFO - Filtering process completed.
Job completed at Sat Feb 15 12:59:22 PM CET 2025
