Starting job at Sat Feb 15 12:12:21 PM CET 2025
Running Filter_by_part.py for subdirectory 22017, part 2
2025-02-15 12:12:21 - INFO - Event filtering process starts...
2025-02-15 12:12:21 - INFO - Initialized PureNeutrinoEventFilter filter for 22017/2
2025-02-15 12:12:22 - INFO - Loaded 4 event specifier files from /lustre/hpc/project/icecube/HE_Nu_Aske_Oct2024/clean_events_dict/22017/22017/reduced
2025-02-15 12:12:23 - INFO - Selected 3 CSV files covering event range [844, 2565]
2025-02-15 12:12:24 - INFO - Loaded 1083017 valid (RunID, EventID) pairs from CSV files
2025-02-15 12:12:25 - INFO - Extracted 230826 valid events based on pure neutrino events.
2025-02-15 12:12:25 - INFO - Initialized CompositeEventFilter filter for 22017/2
2025-02-15 12:12:25 - INFO - Initialized (PureNu)
2025-02-15 12:12:25 - INFO - Starting filtering process for 22017/2
2025-02-15 12:12:25 - INFO - Starting filtering process for 22017/2
2025-02-15 12:12:34 - INFO - Recalculated 'offset' column based on filtered 'N_doms' values.
2025-02-15 12:12:36 - INFO - Filtered truth file saved to: /lustre/hpc/project/icecube/HE_Nu_Aske_Oct2024/PMTfied_filtered/Snowstorm/PureNu/22017/truth_2.parquet
2025-02-15 12:12:41 - INFO - Filtered PMTfied file saved to: /lustre/hpc/project/icecube/HE_Nu_Aske_Oct2024/PMTfied_filtered/Snowstorm/PureNu/22017/2/PMTfied_16.parquet
2025-02-15 12:12:44 - INFO - Filtered PMTfied file saved to: /lustre/hpc/project/icecube/HE_Nu_Aske_Oct2024/PMTfied_filtered/Snowstorm/PureNu/22017/2/PMTfied_12.parquet
2025-02-15 12:12:49 - INFO - Filtered PMTfied file saved to: /lustre/hpc/project/icecube/HE_Nu_Aske_Oct2024/PMTfied_filtered/Snowstorm/PureNu/22017/2/PMTfied_9.parquet
2025-02-15 12:12:53 - INFO - Filtered PMTfied file saved to: /lustre/hpc/project/icecube/HE_Nu_Aske_Oct2024/PMTfied_filtered/Snowstorm/PureNu/22017/2/PMTfied_1.parquet
2025-02-15 12:12:59 - INFO - Filtered PMTfied file saved to: /lustre/hpc/project/icecube/HE_Nu_Aske_Oct2024/PMTfied_filtered/Snowstorm/PureNu/22017/2/PMTfied_5.parquet
2025-02-15 12:13:17 - INFO - Filtered PMTfied file saved to: /lustre/hpc/project/icecube/HE_Nu_Aske_Oct2024/PMTfied_filtered/Snowstorm/PureNu/22017/2/PMTfied_4.parquet
2025-02-15 12:13:22 - INFO - Filtered PMTfied file saved to: /lustre/hpc/project/icecube/HE_Nu_Aske_Oct2024/PMTfied_filtered/Snowstorm/PureNu/22017/2/PMTfied_8.parquet
2025-02-15 12:13:24 - INFO - Filtered PMTfied file saved to: /lustre/hpc/project/icecube/HE_Nu_Aske_Oct2024/PMTfied_filtered/Snowstorm/PureNu/22017/2/PMTfied_17.parquet
2025-02-15 12:13:29 - INFO - Filtered PMTfied file saved to: /lustre/hpc/project/icecube/HE_Nu_Aske_Oct2024/PMTfied_filtered/Snowstorm/PureNu/22017/2/PMTfied_13.parquet
2025-02-15 12:13:34 - INFO - Filtered PMTfied file saved to: /lustre/hpc/project/icecube/HE_Nu_Aske_Oct2024/PMTfied_filtered/Snowstorm/PureNu/22017/2/PMTfied_2.parquet
2025-02-15 12:13:39 - INFO - Filtered PMTfied file saved to: /lustre/hpc/project/icecube/HE_Nu_Aske_Oct2024/PMTfied_filtered/Snowstorm/PureNu/22017/2/PMTfied_6.parquet
2025-02-15 12:13:44 - INFO - Filtered PMTfied file saved to: /lustre/hpc/project/icecube/HE_Nu_Aske_Oct2024/PMTfied_filtered/Snowstorm/PureNu/22017/2/PMTfied_15.parquet
2025-02-15 12:13:49 - INFO - Filtered PMTfied file saved to: /lustre/hpc/project/icecube/HE_Nu_Aske_Oct2024/PMTfied_filtered/Snowstorm/PureNu/22017/2/PMTfied_11.parquet
2025-02-15 12:13:54 - INFO - Filtered PMTfied file saved to: /lustre/hpc/project/icecube/HE_Nu_Aske_Oct2024/PMTfied_filtered/Snowstorm/PureNu/22017/2/PMTfied_14.parquet
2025-02-15 12:13:59 - INFO - Filtered PMTfied file saved to: /lustre/hpc/project/icecube/HE_Nu_Aske_Oct2024/PMTfied_filtered/Snowstorm/PureNu/22017/2/PMTfied_10.parquet
2025-02-15 12:14:04 - INFO - Filtered PMTfied file saved to: /lustre/hpc/project/icecube/HE_Nu_Aske_Oct2024/PMTfied_filtered/Snowstorm/PureNu/22017/2/PMTfied_3.parquet
2025-02-15 12:14:09 - INFO - Filtered PMTfied file saved to: /lustre/hpc/project/icecube/HE_Nu_Aske_Oct2024/PMTfied_filtered/Snowstorm/PureNu/22017/2/PMTfied_7.parquet
2025-02-15 12:14:09 - INFO - Filtering process completed.
2025-02-15 12:14:09 - INFO - Filtering process completed.
2025-02-15 12:14:09 - INFO - Unified receipt generated: /lustre/hpc/project/icecube/HE_Nu_Aske_Oct2024/PMTfied_filtered/Snowstorm/PureNu/22017/[Receipt]22017_2.json
2025-02-15 12:14:09 - INFO - Filtering process completed.
Job completed at Sat Feb 15 12:14:10 PM CET 2025
