2024-11-28 13:18:19 - INFO - PMTfication by part starts...
2024-11-28 13:18:19 - INFO - Processing file: merged_part_1.db
2024-11-28 13:18:19 - INFO - Using up to 32 workers.
2024-11-28 13:18:33 - INFO - Processing shard 1 of part 1 in subdirectory 22016.
2024-11-28 14:00:12 - INFO - Processing shard 2 of part 1 in subdirectory 22016.
2024-11-28 14:38:40 - INFO - Processing shard 3 of part 1 in subdirectory 22016.
2024-11-28 15:31:38 - INFO - Processing shard 4 of part 1 in subdirectory 22016.
2024-11-28 15:42:47 - INFO - Processing shard 5 of part 1 in subdirectory 22016.
2024-11-28 15:53:46 - INFO - Processing shard 6 of part 1 in subdirectory 22016.
2024-11-28 16:11:01 - INFO - Processing shard 7 of part 1 in subdirectory 22016.
2024-11-28 16:22:03 - INFO - Processing shard 8 of part 1 in subdirectory 22016.
2024-11-28 16:32:51 - INFO - Processing shard 9 of part 1 in subdirectory 22016.
2024-11-28 17:05:44 - INFO - Processing shard 10 of part 1 in subdirectory 22016.
2024-11-28 17:33:52 - INFO - Processing shard 11 of part 1 in subdirectory 22016.
2024-11-28 18:27:48 - INFO - Processing shard 12 of part 1 in subdirectory 22016.
2024-11-28 19:07:02 - INFO - Processing shard 13 of part 1 in subdirectory 22016.
2024-11-28 19:17:59 - INFO - Processing shard 14 of part 1 in subdirectory 22016.
2024-11-28 19:35:34 - INFO - Processing shard 15 of part 1 in subdirectory 22016.
2024-11-28 20:13:44 - INFO - Processing shard 16 of part 1 in subdirectory 22016.
2024-11-28 21:07:57 - INFO - Processing shard 17 of part 1 in subdirectory 22016.
2024-11-28 22:02:13 - INFO - Processing shard 18 of part 1 in subdirectory 22016.
2024-11-28 22:12:05 - INFO - PMTfication completed.
