nohup: ignoring input
2024-11-09 21:57:09 - INFO - PMTfication starts...
2024-11-09 21:57:09 - INFO - The number of files in the subdirectory: 12
2024-11-09 21:57:09 - INFO - Found 12 database files in subdirectory 22010.
Processing 22010:   0%|          | 0/12 [00:00<?, ?it/s]2024-11-09 21:57:09 - INFO - Starting processing for database file: merged_part_10.db
2024-11-09 21:59:17 - INFO - Creating index idx_event_no on event_no.
2024-11-09 22:01:53 - INFO - Creating index idx_dom_position on dom_x, dom_y, dom_z.
2024-11-09 22:14:15 - INFO - Creating index idx_string_dom_number on string, dom_number.
Processing 22010:   0%|          | 0/12 [21:33<?, ?it/s]
2024-11-09 22:18:43 - ERROR - An error occurred: not enough values to unpack (expected 4, got 0)
Traceback (most recent call last):
  File "/lustre/hpc/icecube/cyan/factory/DOMification/PMTfier.py", line 314, in <module>
    main()
  File "/lustre/hpc/icecube/cyan/factory/DOMification/PMTfier.py", line 302, in main
    pmtfier.pmtfy_subdir(
  File "/lustre/hpc/icecube/cyan/factory/DOMification/PMTfier.py", line 262, in pmtfy_subdir
    self.pmtfy_db(
  File "/lustre/hpc/icecube/cyan/factory/DOMification/PMTfier.py", line 224, in pmtfy_db
    consolidated_df = self._divide_and_conquer_db(
  File "/lustre/hpc/icecube/cyan/factory/DOMification/PMTfier.py", line 194, in _divide_and_conquer_db
    shard_df = self.pmtfy_shard(
  File "/lustre/hpc/icecube/cyan/factory/DOMification/PMTfier.py", line 144, in pmtfy_shard
    ref_pos_adder()
  File "/lustre/hpc/icecube/cyan/factory/DOMification/PMT_ref_pos_adder.py", line 26, in __call__
    self._update_string_dom_number()
  File "/lustre/hpc/icecube/cyan/factory/DOMification/PMT_ref_pos_adder.py", line 85, in _update_string_dom_number
    row_ids, dom_xs, dom_ys, dom_zs = np.array(rows_to_update).T
ValueError: not enough values to unpack (expected 4, got 0)
