nohup: ignoring input
2024-11-18 14:35:26 - INFO - PMTfication starts...
2024-11-18 14:35:26 - INFO - The number of files in the subdirectory: 27
2024-11-18 14:35:26 - INFO - Found 27 database files in subdirectory 22012.
2024-11-18 14:35:26 - INFO - Using 15 workers for parallel processing.
2024-11-18 14:35:26 - INFO - Processing database file: merged_part_14.db
2024-11-18 14:35:26 - INFO - Processing database file: merged_part_15.db
2024-11-18 14:35:26 - INFO - Processing database file: merged_part_17.db
2024-11-18 14:35:26 - INFO - Processing database file: merged_part_16.db
2024-11-18 14:35:26 - INFO - Processing database file: merged_part_12.db
2024-11-18 14:35:26 - INFO - Processing database file: merged_part_8.db
2024-11-18 14:35:26 - INFO - Processing database file: merged_part_9.db
2024-11-18 14:35:26 - INFO - Processing database file: merged_part_13.db
2024-11-18 14:35:26 - INFO - Processing database file: merged_part_11.db
2024-11-18 14:35:26 - INFO - Processing database file: merged_part_10.db
2024-11-18 14:35:26 - INFO - Processing database file: merged_part_3.db
2024-11-18 14:35:26 - INFO - Processing database file: merged_part_21.db
2024-11-18 14:35:26 - INFO - Processing database file: merged_part_19.db
2024-11-18 14:35:26 - INFO - Processing database file: merged_part_18.db
2024-11-18 14:35:26 - INFO - Processing database file: merged_part_2.db

Processing 22012:   0%|          | 0/27 [00:00<?, ?it/s]