2024-11-19 17:00:29 - INFO - PMTfication starts...
2024-11-19 17:00:29 - INFO - The number of files in the subdirectory: 12
2024-11-19 17:00:29 - INFO - Using up to 15 workers.
2024-11-19 17:00:29 - INFO - Found 12 database files in subdirectory 22015.
2024-11-19 17:00:29 - INFO - Using 12 workers for parallel processing.
Processing 22015:   0%|          | 0/12 [00:00<?, ?it/s]2024-11-19 17:04:41 - ERROR - Failed to create index idx_event_no: database or disk is full
2024-11-19 17:04:41 - ERROR - Failed to create index idx_event_no: database or disk is full
2024-11-19 17:04:41 - ERROR - Failed to create index idx_event_no: database or disk is full
2024-11-19 17:04:41 - ERROR - Failed to create index idx_event_no: database or disk is full
2024-11-19 17:04:41 - ERROR - Failed to create index idx_event_no: database or disk is full
2024-11-19 17:04:41 - ERROR - Failed to create index idx_event_no: database or disk is full
2024-11-19 17:04:41 - ERROR - Failed to create index idx_event_no: database or disk is full
2024-11-19 17:04:41 - ERROR - Failed to create index idx_event_no: database or disk is full
2024-11-19 17:04:41 - ERROR - Failed to create index idx_event_no: database or disk is full
2024-11-19 17:04:41 - ERROR - Failed to create index idx_event_no: database or disk is full
2024-11-19 17:04:41 - ERROR - Failed to create index idx_event_no: database or disk is full
2024-11-19 17:05:20 - ERROR - Failed to create index idx_dom_position: database or disk is full
2024-11-19 17:05:20 - ERROR - Failed to create index idx_dom_position: database or disk is full
2024-11-19 17:05:20 - ERROR - Failed to create index idx_dom_position: database or disk is full
2024-11-19 17:05:20 - ERROR - Failed to create index idx_dom_position: database or disk is full
2024-11-19 17:05:20 - ERROR - Failed to create index idx_dom_position: database or disk is full
2024-11-19 17:05:21 - ERROR - Failed to create index idx_dom_position: database or disk is full
2024-11-19 17:05:21 - ERROR - Failed to create index idx_dom_position: database or disk is full
2024-11-19 17:05:21 - ERROR - Failed to create index idx_dom_position: database or disk is full
2024-11-19 17:05:21 - ERROR - Failed to create index idx_dom_position: database or disk is full
2024-11-19 17:05:21 - ERROR - Failed to create index idx_dom_position: database or disk is full
2024-11-19 17:05:21 - ERROR - Failed to create index idx_dom_position: database or disk is full
2024-11-19 17:05:21 - ERROR - Failed to create index idx_dom_position: database or disk is full
2024-11-19 17:06:26 - ERROR - Failed to create index idx_string_dom_number: database or disk is full
2024-11-19 17:06:26 - ERROR - Failed to create index idx_string_dom_number: database or disk is full
2024-11-19 17:06:26 - ERROR - Failed to create index idx_string_dom_number: database or disk is full
2024-11-19 17:06:26 - ERROR - Failed to create index idx_string_dom_number: database or disk is full
2024-11-19 17:06:26 - ERROR - Failed to create index idx_string_dom_number: database or disk is full
2024-11-19 17:06:26 - ERROR - Failed to create index idx_string_dom_number: database or disk is full
2024-11-19 17:06:26 - ERROR - Failed to create index idx_string_dom_number: database or disk is full
2024-11-19 17:06:26 - ERROR - Failed to create index idx_string_dom_number: database or disk is full
2024-11-19 17:06:26 - ERROR - Failed to create index idx_string_dom_number: database or disk is full
2024-11-19 17:06:26 - ERROR - Failed to create index idx_string_dom_number: database or disk is full
2024-11-19 17:06:26 - ERROR - Failed to create index idx_string_dom_number: database or disk is full
