Starting job at Thu Feb 13 05:57:15 PM CET 2025
Running Filter_by_part.py for subdirectory 22016, part 2
2025-02-13 17:57:15 - INFO - Event filtering process starts...
2025-02-13 17:57:15 - INFO - Initialized PureNeutrinoEventFilter
2025-02-13 17:57:15 - INFO - Starting filtering process for 22016/2
2025-02-13 17:57:17 - INFO - Loaded 1 event specifier files from /lustre/hpc/project/icecube/HE_Nu_Aske_Oct2024/clean_events_dict/22016/22016/reduced
2025-02-13 17:57:18 - INFO - Selected 1 CSV files covering event range [28, 899]
2025-02-13 17:57:28 - INFO - Loaded 6903403 valid (RunID, EventID) pairs from CSV files
2025-02-13 17:57:52 - INFO - Recalculated 'offset' column based on filtered 'N_doms' values.
2025-02-13 17:57:56 - INFO - Filtered truth file saved to: /lustre/hpc/project/icecube/HE_Nu_Aske_Oct2024/PMTfied_filtered/PureNu/Snowstorm/22016/truth_2.parquet
2025-02-13 17:57:56 - INFO - Receipt file saved to: /lustre/hpc/project/icecube/HE_Nu_Aske_Oct2024/PMTfied_filtered/PureNu/Snowstorm/22016/[Receipt]22016_2.json
2025-02-13 17:58:07 - INFO - Filtered PMTfied file saved to: /lustre/hpc/project/icecube/HE_Nu_Aske_Oct2024/PMTfied_filtered/PureNu/Snowstorm/22016/2/PMTfied_2.parquet
2025-02-13 17:58:16 - INFO - Filtered PMTfied file saved to: /lustre/hpc/project/icecube/HE_Nu_Aske_Oct2024/PMTfied_filtered/PureNu/Snowstorm/22016/2/PMTfied_3.parquet
2025-02-13 17:58:26 - INFO - Filtered PMTfied file saved to: /lustre/hpc/project/icecube/HE_Nu_Aske_Oct2024/PMTfied_filtered/PureNu/Snowstorm/22016/2/PMTfied_1.parquet
2025-02-13 17:58:34 - INFO - Filtered PMTfied file saved to: /lustre/hpc/project/icecube/HE_Nu_Aske_Oct2024/PMTfied_filtered/PureNu/Snowstorm/22016/2/PMTfied_5.parquet
2025-02-13 17:58:43 - INFO - Filtered PMTfied file saved to: /lustre/hpc/project/icecube/HE_Nu_Aske_Oct2024/PMTfied_filtered/PureNu/Snowstorm/22016/2/PMTfied_4.parquet
2025-02-13 17:58:43 - INFO - Filtering process completed.
2025-02-13 17:58:43 - INFO - Filtering process completed for all selected filters.
2025-02-13 17:58:43 - INFO - Execution time: 87.99 seconds
2025-02-13 17:58:43 - INFO - Updated receipt with execution time: /lustre/hpc/project/icecube/HE_Nu_Aske_Oct2024/PMTfied_filtered/PureNu/Snowstorm/22016/[Receipt]22016_2.json
Job completed at Thu Feb 13 05:58:43 PM CET 2025
