Starting job at Sat Feb 15 12:57:44 PM CET 2025
Running Filter_by_part.py for subdirectory 22016, part 1
2025-02-15 12:57:44 - INFO - Event filtering process starts...
2025-02-15 12:57:44 - INFO - Initialized Muon13Filter filter for 22016/1
2025-02-15 12:57:53 - INFO - Extracted 1787160 valid events where MuonFilter_13==True.
2025-02-15 12:57:53 - INFO - Initialized CompositeEventFilter filter for 22016/1
2025-02-15 12:57:53 - INFO - Initialized (MuonLike)
2025-02-15 12:57:53 - INFO - Starting filtering process for 22016/1
2025-02-15 12:57:53 - INFO - Starting filtering process for 22016/1
2025-02-15 12:59:08 - INFO - Recalculated 'offset' column based on filtered 'N_doms' values.
2025-02-15 12:59:21 - INFO - Filtered truth file saved to: /lustre/hpc/project/icecube/HE_Nu_Aske_Oct2024/PMTfied_filtered/Snowstorm/MuonLike/22016/truth_1.parquet
2025-02-15 12:59:30 - INFO - Filtered PMTfied file saved to: /lustre/hpc/project/icecube/HE_Nu_Aske_Oct2024/PMTfied_filtered/Snowstorm/MuonLike/22016/1/PMTfied_7.parquet
2025-02-15 12:59:41 - INFO - Filtered PMTfied file saved to: /lustre/hpc/project/icecube/HE_Nu_Aske_Oct2024/PMTfied_filtered/Snowstorm/MuonLike/22016/1/PMTfied_3.parquet
2025-02-15 12:59:50 - INFO - Filtered PMTfied file saved to: /lustre/hpc/project/icecube/HE_Nu_Aske_Oct2024/PMTfied_filtered/Snowstorm/MuonLike/22016/1/PMTfied_12.parquet
2025-02-15 13:00:00 - INFO - Filtered PMTfied file saved to: /lustre/hpc/project/icecube/HE_Nu_Aske_Oct2024/PMTfied_filtered/Snowstorm/MuonLike/22016/1/PMTfied_16.parquet
2025-02-15 13:00:09 - INFO - Filtered PMTfied file saved to: /lustre/hpc/project/icecube/HE_Nu_Aske_Oct2024/PMTfied_filtered/Snowstorm/MuonLike/22016/1/PMTfied_13.parquet
2025-02-15 13:00:19 - INFO - Filtered PMTfied file saved to: /lustre/hpc/project/icecube/HE_Nu_Aske_Oct2024/PMTfied_filtered/Snowstorm/MuonLike/22016/1/PMTfied_17.parquet
2025-02-15 13:00:29 - INFO - Filtered PMTfied file saved to: /lustre/hpc/project/icecube/HE_Nu_Aske_Oct2024/PMTfied_filtered/Snowstorm/MuonLike/22016/1/PMTfied_6.parquet
2025-02-15 13:00:39 - INFO - Filtered PMTfied file saved to: /lustre/hpc/project/icecube/HE_Nu_Aske_Oct2024/PMTfied_filtered/Snowstorm/MuonLike/22016/1/PMTfied_2.parquet
2025-02-15 13:00:48 - INFO - Filtered PMTfied file saved to: /lustre/hpc/project/icecube/HE_Nu_Aske_Oct2024/PMTfied_filtered/Snowstorm/MuonLike/22016/1/PMTfied_8.parquet
2025-02-15 13:00:58 - INFO - Filtered PMTfied file saved to: /lustre/hpc/project/icecube/HE_Nu_Aske_Oct2024/PMTfied_filtered/Snowstorm/MuonLike/22016/1/PMTfied_11.parquet
2025-02-15 13:01:08 - INFO - Filtered PMTfied file saved to: /lustre/hpc/project/icecube/HE_Nu_Aske_Oct2024/PMTfied_filtered/Snowstorm/MuonLike/22016/1/PMTfied_15.parquet
2025-02-15 13:01:17 - INFO - Filtered PMTfied file saved to: /lustre/hpc/project/icecube/HE_Nu_Aske_Oct2024/PMTfied_filtered/Snowstorm/MuonLike/22016/1/PMTfied_4.parquet
2025-02-15 13:01:27 - INFO - Filtered PMTfied file saved to: /lustre/hpc/project/icecube/HE_Nu_Aske_Oct2024/PMTfied_filtered/Snowstorm/MuonLike/22016/1/PMTfied_5.parquet
2025-02-15 13:01:29 - INFO - Filtered PMTfied file saved to: /lustre/hpc/project/icecube/HE_Nu_Aske_Oct2024/PMTfied_filtered/Snowstorm/MuonLike/22016/1/PMTfied_18.parquet
2025-02-15 13:01:38 - INFO - Filtered PMTfied file saved to: /lustre/hpc/project/icecube/HE_Nu_Aske_Oct2024/PMTfied_filtered/Snowstorm/MuonLike/22016/1/PMTfied_1.parquet
2025-02-15 13:01:48 - INFO - Filtered PMTfied file saved to: /lustre/hpc/project/icecube/HE_Nu_Aske_Oct2024/PMTfied_filtered/Snowstorm/MuonLike/22016/1/PMTfied_10.parquet
2025-02-15 13:01:58 - INFO - Filtered PMTfied file saved to: /lustre/hpc/project/icecube/HE_Nu_Aske_Oct2024/PMTfied_filtered/Snowstorm/MuonLike/22016/1/PMTfied_9.parquet
2025-02-15 13:02:07 - INFO - Filtered PMTfied file saved to: /lustre/hpc/project/icecube/HE_Nu_Aske_Oct2024/PMTfied_filtered/Snowstorm/MuonLike/22016/1/PMTfied_14.parquet
2025-02-15 13:02:07 - INFO - Filtering process completed.
2025-02-15 13:02:07 - INFO - Filtering process completed.
2025-02-15 13:02:08 - INFO - Unified receipt generated: /lustre/hpc/project/icecube/HE_Nu_Aske_Oct2024/PMTfied_filtered/Snowstorm/MuonLike/22016/[Receipt]22016_1.json
2025-02-15 13:02:08 - INFO - Filtering process completed.
Job completed at Sat Feb 15 01:02:08 PM CET 2025
