Starting job at Mon Feb 17 04:00:01 PM CET 2025
Running Filter_by_part.py for subdirectory 22016, part 1
2025-02-17 16:00:01 - INFO - Event filtering process starts...
2025-02-17 16:00:01 - INFO - Initialized PureNeutrinoEventFilter filter for 22016/1
2025-02-17 16:00:04 - INFO - Loaded 1 event specifier files from /lustre/hpc/project/icecube/HE_Nu_Aske_Oct2024/clean_events_dict/22016/22016/reduced
2025-02-17 16:00:06 - INFO - Selected 1 CSV files covering event range [0, 856]
2025-02-17 16:00:11 - INFO - Loaded 6903403 valid (RunID, EventID) pairs from CSV files
2025-02-17 16:00:14 - INFO - Extracted 1924339 valid events based on pure neutrino events.
2025-02-17 16:00:15 - INFO - Initialized CompositeEventFilter filter for 22016/1
2025-02-17 16:00:15 - INFO - Initialized (PureNu)
2025-02-17 16:00:15 - INFO - Starting filtering process for 22016/1
2025-02-17 16:00:15 - INFO - Starting filtering process for 22016/1
2025-02-17 16:00:53 - INFO - Recalculated 'offset' column based on 'N_doms' values within each 'shard_no' group.
2025-02-17 16:01:00 - INFO - Filtered truth file saved to: /lustre/hpc/project/icecube/HE_Nu_Aske_Oct2024/PMTfied_filtered/Snowstorm/PureNu/22016/truth_1.parquet
2025-02-17 16:01:04 - INFO - Filtered PMTfied file saved to: /lustre/hpc/project/icecube/HE_Nu_Aske_Oct2024/PMTfied_filtered/Snowstorm/PureNu/22016/1/PMTfied_7.parquet
2025-02-17 16:01:09 - INFO - Filtered PMTfied file saved to: /lustre/hpc/project/icecube/HE_Nu_Aske_Oct2024/PMTfied_filtered/Snowstorm/PureNu/22016/1/PMTfied_3.parquet
2025-02-17 16:01:14 - INFO - Filtered PMTfied file saved to: /lustre/hpc/project/icecube/HE_Nu_Aske_Oct2024/PMTfied_filtered/Snowstorm/PureNu/22016/1/PMTfied_12.parquet
2025-02-17 16:01:19 - INFO - Filtered PMTfied file saved to: /lustre/hpc/project/icecube/HE_Nu_Aske_Oct2024/PMTfied_filtered/Snowstorm/PureNu/22016/1/PMTfied_16.parquet
2025-02-17 16:01:23 - INFO - Filtered PMTfied file saved to: /lustre/hpc/project/icecube/HE_Nu_Aske_Oct2024/PMTfied_filtered/Snowstorm/PureNu/22016/1/PMTfied_13.parquet
2025-02-17 16:01:28 - INFO - Filtered PMTfied file saved to: /lustre/hpc/project/icecube/HE_Nu_Aske_Oct2024/PMTfied_filtered/Snowstorm/PureNu/22016/1/PMTfied_17.parquet
2025-02-17 16:01:32 - INFO - Filtered PMTfied file saved to: /lustre/hpc/project/icecube/HE_Nu_Aske_Oct2024/PMTfied_filtered/Snowstorm/PureNu/22016/1/PMTfied_6.parquet
2025-02-17 16:01:37 - INFO - Filtered PMTfied file saved to: /lustre/hpc/project/icecube/HE_Nu_Aske_Oct2024/PMTfied_filtered/Snowstorm/PureNu/22016/1/PMTfied_2.parquet
2025-02-17 16:01:41 - INFO - Filtered PMTfied file saved to: /lustre/hpc/project/icecube/HE_Nu_Aske_Oct2024/PMTfied_filtered/Snowstorm/PureNu/22016/1/PMTfied_8.parquet
2025-02-17 16:01:45 - INFO - Filtered PMTfied file saved to: /lustre/hpc/project/icecube/HE_Nu_Aske_Oct2024/PMTfied_filtered/Snowstorm/PureNu/22016/1/PMTfied_11.parquet
2025-02-17 16:01:50 - INFO - Filtered PMTfied file saved to: /lustre/hpc/project/icecube/HE_Nu_Aske_Oct2024/PMTfied_filtered/Snowstorm/PureNu/22016/1/PMTfied_15.parquet
2025-02-17 16:01:55 - INFO - Filtered PMTfied file saved to: /lustre/hpc/project/icecube/HE_Nu_Aske_Oct2024/PMTfied_filtered/Snowstorm/PureNu/22016/1/PMTfied_4.parquet
2025-02-17 16:01:59 - INFO - Filtered PMTfied file saved to: /lustre/hpc/project/icecube/HE_Nu_Aske_Oct2024/PMTfied_filtered/Snowstorm/PureNu/22016/1/PMTfied_5.parquet
2025-02-17 16:02:00 - INFO - Filtered PMTfied file saved to: /lustre/hpc/project/icecube/HE_Nu_Aske_Oct2024/PMTfied_filtered/Snowstorm/PureNu/22016/1/PMTfied_18.parquet
2025-02-17 16:02:04 - INFO - Filtered PMTfied file saved to: /lustre/hpc/project/icecube/HE_Nu_Aske_Oct2024/PMTfied_filtered/Snowstorm/PureNu/22016/1/PMTfied_1.parquet
2025-02-17 16:02:09 - INFO - Filtered PMTfied file saved to: /lustre/hpc/project/icecube/HE_Nu_Aske_Oct2024/PMTfied_filtered/Snowstorm/PureNu/22016/1/PMTfied_10.parquet
2025-02-17 16:02:13 - INFO - Filtered PMTfied file saved to: /lustre/hpc/project/icecube/HE_Nu_Aske_Oct2024/PMTfied_filtered/Snowstorm/PureNu/22016/1/PMTfied_9.parquet
2025-02-17 16:02:17 - INFO - Filtered PMTfied file saved to: /lustre/hpc/project/icecube/HE_Nu_Aske_Oct2024/PMTfied_filtered/Snowstorm/PureNu/22016/1/PMTfied_14.parquet
2025-02-17 16:02:18 - INFO - Filtering process completed.
2025-02-17 16:02:18 - INFO - Filtering process completed.
2025-02-17 16:02:18 - INFO - Unified receipt generated: /lustre/hpc/project/icecube/HE_Nu_Aske_Oct2024/PMTfied_filtered/Snowstorm/PureNu/22016/[Receipt]22016_1.json
2025-02-17 16:02:18 - INFO - Filtering process completed.
Job completed at Mon Feb 17 04:02:18 PM CET 2025
