Starting job at Sat Feb 15 12:12:19 PM CET 2025
Running Filter_by_part.py for subdirectory 22016, part 1
2025-02-15 12:12:19 - INFO - Event filtering process starts...
2025-02-15 12:12:19 - INFO - Initialized PureNeutrinoEventFilter filter for 22016/1
2025-02-15 12:12:27 - INFO - Loaded 1 event specifier files from /lustre/hpc/project/icecube/HE_Nu_Aske_Oct2024/clean_events_dict/22016/22016/reduced
2025-02-15 12:12:29 - INFO - Selected 1 CSV files covering event range [0, 856]
2025-02-15 12:12:39 - INFO - Loaded 6903403 valid (RunID, EventID) pairs from CSV files
2025-02-15 12:12:46 - INFO - Extracted 1924339 valid events based on pure neutrino events.
2025-02-15 12:12:48 - INFO - Initialized CompositeEventFilter filter for 22016/1
2025-02-15 12:12:48 - INFO - Initialized (PureNu)
2025-02-15 12:12:48 - INFO - Starting filtering process for 22016/1
2025-02-15 12:12:48 - INFO - Starting filtering process for 22016/1
2025-02-15 12:14:07 - INFO - Recalculated 'offset' column based on filtered 'N_doms' values.
2025-02-15 12:14:20 - INFO - Filtered truth file saved to: /lustre/hpc/project/icecube/HE_Nu_Aske_Oct2024/PMTfied_filtered/Snowstorm/PureNu/22016/truth_1.parquet
2025-02-15 12:14:29 - INFO - Filtered PMTfied file saved to: /lustre/hpc/project/icecube/HE_Nu_Aske_Oct2024/PMTfied_filtered/Snowstorm/PureNu/22016/1/PMTfied_7.parquet
2025-02-15 12:14:39 - INFO - Filtered PMTfied file saved to: /lustre/hpc/project/icecube/HE_Nu_Aske_Oct2024/PMTfied_filtered/Snowstorm/PureNu/22016/1/PMTfied_3.parquet
2025-02-15 12:14:48 - INFO - Filtered PMTfied file saved to: /lustre/hpc/project/icecube/HE_Nu_Aske_Oct2024/PMTfied_filtered/Snowstorm/PureNu/22016/1/PMTfied_12.parquet
2025-02-15 12:14:58 - INFO - Filtered PMTfied file saved to: /lustre/hpc/project/icecube/HE_Nu_Aske_Oct2024/PMTfied_filtered/Snowstorm/PureNu/22016/1/PMTfied_16.parquet
2025-02-15 12:15:07 - INFO - Filtered PMTfied file saved to: /lustre/hpc/project/icecube/HE_Nu_Aske_Oct2024/PMTfied_filtered/Snowstorm/PureNu/22016/1/PMTfied_13.parquet
2025-02-15 12:15:17 - INFO - Filtered PMTfied file saved to: /lustre/hpc/project/icecube/HE_Nu_Aske_Oct2024/PMTfied_filtered/Snowstorm/PureNu/22016/1/PMTfied_17.parquet
2025-02-15 12:15:27 - INFO - Filtered PMTfied file saved to: /lustre/hpc/project/icecube/HE_Nu_Aske_Oct2024/PMTfied_filtered/Snowstorm/PureNu/22016/1/PMTfied_6.parquet
2025-02-15 12:15:36 - INFO - Filtered PMTfied file saved to: /lustre/hpc/project/icecube/HE_Nu_Aske_Oct2024/PMTfied_filtered/Snowstorm/PureNu/22016/1/PMTfied_2.parquet
2025-02-15 12:15:45 - INFO - Filtered PMTfied file saved to: /lustre/hpc/project/icecube/HE_Nu_Aske_Oct2024/PMTfied_filtered/Snowstorm/PureNu/22016/1/PMTfied_8.parquet
2025-02-15 12:15:54 - INFO - Filtered PMTfied file saved to: /lustre/hpc/project/icecube/HE_Nu_Aske_Oct2024/PMTfied_filtered/Snowstorm/PureNu/22016/1/PMTfied_11.parquet
2025-02-15 12:16:04 - INFO - Filtered PMTfied file saved to: /lustre/hpc/project/icecube/HE_Nu_Aske_Oct2024/PMTfied_filtered/Snowstorm/PureNu/22016/1/PMTfied_15.parquet
2025-02-15 12:16:14 - INFO - Filtered PMTfied file saved to: /lustre/hpc/project/icecube/HE_Nu_Aske_Oct2024/PMTfied_filtered/Snowstorm/PureNu/22016/1/PMTfied_4.parquet
2025-02-15 12:16:23 - INFO - Filtered PMTfied file saved to: /lustre/hpc/project/icecube/HE_Nu_Aske_Oct2024/PMTfied_filtered/Snowstorm/PureNu/22016/1/PMTfied_5.parquet
2025-02-15 12:16:25 - INFO - Filtered PMTfied file saved to: /lustre/hpc/project/icecube/HE_Nu_Aske_Oct2024/PMTfied_filtered/Snowstorm/PureNu/22016/1/PMTfied_18.parquet
2025-02-15 12:16:34 - INFO - Filtered PMTfied file saved to: /lustre/hpc/project/icecube/HE_Nu_Aske_Oct2024/PMTfied_filtered/Snowstorm/PureNu/22016/1/PMTfied_1.parquet
2025-02-15 12:16:43 - INFO - Filtered PMTfied file saved to: /lustre/hpc/project/icecube/HE_Nu_Aske_Oct2024/PMTfied_filtered/Snowstorm/PureNu/22016/1/PMTfied_10.parquet
2025-02-15 12:16:53 - INFO - Filtered PMTfied file saved to: /lustre/hpc/project/icecube/HE_Nu_Aske_Oct2024/PMTfied_filtered/Snowstorm/PureNu/22016/1/PMTfied_9.parquet
2025-02-15 12:17:02 - INFO - Filtered PMTfied file saved to: /lustre/hpc/project/icecube/HE_Nu_Aske_Oct2024/PMTfied_filtered/Snowstorm/PureNu/22016/1/PMTfied_14.parquet
2025-02-15 12:17:02 - INFO - Filtering process completed.
2025-02-15 12:17:02 - INFO - Filtering process completed.
2025-02-15 12:17:02 - INFO - Unified receipt generated: /lustre/hpc/project/icecube/HE_Nu_Aske_Oct2024/PMTfied_filtered/Snowstorm/PureNu/22016/[Receipt]22016_1.json
2025-02-15 12:17:02 - INFO - Filtering process completed.
Job completed at Sat Feb 15 12:17:02 PM CET 2025
