Starting job at Mon Feb 17 04:11:19 PM CET 2025
Running Filter_by_part.py for subdirectory 22016, part 1
2025-02-17 16:11:19 - INFO - Event filtering process starts...
2025-02-17 16:11:19 - INFO - Initialized Muon13Filter filter for 22016/1
2025-02-17 16:11:23 - INFO - Extracted 1787160 valid events where MuonFilter_13==True.
2025-02-17 16:11:23 - INFO - Initialized CompositeEventFilter filter for 22016/1
2025-02-17 16:11:23 - INFO - Initialized (MuonLike)
2025-02-17 16:11:23 - INFO - Starting filtering process for 22016/1
2025-02-17 16:11:23 - INFO - Starting filtering process for 22016/1
2025-02-17 16:11:57 - INFO - Recalculated 'offset' column based on 'N_doms' values within each 'shard_no' group.
2025-02-17 16:12:03 - INFO - Filtered truth file saved to: /lustre/hpc/project/icecube/HE_Nu_Aske_Oct2024/PMTfied_filtered/Snowstorm/MuonLike/22016/truth_1.parquet
2025-02-17 16:12:08 - INFO - Filtered PMTfied file saved to: /lustre/hpc/project/icecube/HE_Nu_Aske_Oct2024/PMTfied_filtered/Snowstorm/MuonLike/22016/1/PMTfied_7.parquet
2025-02-17 16:12:13 - INFO - Filtered PMTfied file saved to: /lustre/hpc/project/icecube/HE_Nu_Aske_Oct2024/PMTfied_filtered/Snowstorm/MuonLike/22016/1/PMTfied_3.parquet
2025-02-17 16:12:17 - INFO - Filtered PMTfied file saved to: /lustre/hpc/project/icecube/HE_Nu_Aske_Oct2024/PMTfied_filtered/Snowstorm/MuonLike/22016/1/PMTfied_12.parquet
2025-02-17 16:12:22 - INFO - Filtered PMTfied file saved to: /lustre/hpc/project/icecube/HE_Nu_Aske_Oct2024/PMTfied_filtered/Snowstorm/MuonLike/22016/1/PMTfied_16.parquet
2025-02-17 16:12:27 - INFO - Filtered PMTfied file saved to: /lustre/hpc/project/icecube/HE_Nu_Aske_Oct2024/PMTfied_filtered/Snowstorm/MuonLike/22016/1/PMTfied_13.parquet
2025-02-17 16:12:32 - INFO - Filtered PMTfied file saved to: /lustre/hpc/project/icecube/HE_Nu_Aske_Oct2024/PMTfied_filtered/Snowstorm/MuonLike/22016/1/PMTfied_17.parquet
2025-02-17 16:12:37 - INFO - Filtered PMTfied file saved to: /lustre/hpc/project/icecube/HE_Nu_Aske_Oct2024/PMTfied_filtered/Snowstorm/MuonLike/22016/1/PMTfied_6.parquet
2025-02-17 16:12:41 - INFO - Filtered PMTfied file saved to: /lustre/hpc/project/icecube/HE_Nu_Aske_Oct2024/PMTfied_filtered/Snowstorm/MuonLike/22016/1/PMTfied_2.parquet
2025-02-17 16:12:46 - INFO - Filtered PMTfied file saved to: /lustre/hpc/project/icecube/HE_Nu_Aske_Oct2024/PMTfied_filtered/Snowstorm/MuonLike/22016/1/PMTfied_8.parquet
2025-02-17 16:12:51 - INFO - Filtered PMTfied file saved to: /lustre/hpc/project/icecube/HE_Nu_Aske_Oct2024/PMTfied_filtered/Snowstorm/MuonLike/22016/1/PMTfied_11.parquet
2025-02-17 16:12:56 - INFO - Filtered PMTfied file saved to: /lustre/hpc/project/icecube/HE_Nu_Aske_Oct2024/PMTfied_filtered/Snowstorm/MuonLike/22016/1/PMTfied_15.parquet
2025-02-17 16:13:00 - INFO - Filtered PMTfied file saved to: /lustre/hpc/project/icecube/HE_Nu_Aske_Oct2024/PMTfied_filtered/Snowstorm/MuonLike/22016/1/PMTfied_4.parquet
2025-02-17 16:13:04 - INFO - Filtered PMTfied file saved to: /lustre/hpc/project/icecube/HE_Nu_Aske_Oct2024/PMTfied_filtered/Snowstorm/MuonLike/22016/1/PMTfied_5.parquet
2025-02-17 16:13:05 - INFO - Filtered PMTfied file saved to: /lustre/hpc/project/icecube/HE_Nu_Aske_Oct2024/PMTfied_filtered/Snowstorm/MuonLike/22016/1/PMTfied_18.parquet
2025-02-17 16:13:10 - INFO - Filtered PMTfied file saved to: /lustre/hpc/project/icecube/HE_Nu_Aske_Oct2024/PMTfied_filtered/Snowstorm/MuonLike/22016/1/PMTfied_1.parquet
2025-02-17 16:13:14 - INFO - Filtered PMTfied file saved to: /lustre/hpc/project/icecube/HE_Nu_Aske_Oct2024/PMTfied_filtered/Snowstorm/MuonLike/22016/1/PMTfied_10.parquet
2025-02-17 16:13:18 - INFO - Filtered PMTfied file saved to: /lustre/hpc/project/icecube/HE_Nu_Aske_Oct2024/PMTfied_filtered/Snowstorm/MuonLike/22016/1/PMTfied_9.parquet
2025-02-17 16:13:23 - INFO - Filtered PMTfied file saved to: /lustre/hpc/project/icecube/HE_Nu_Aske_Oct2024/PMTfied_filtered/Snowstorm/MuonLike/22016/1/PMTfied_14.parquet
2025-02-17 16:13:23 - INFO - Filtering process completed.
2025-02-17 16:13:23 - INFO - Filtering process completed.
2025-02-17 16:13:23 - INFO - Unified receipt generated: /lustre/hpc/project/icecube/HE_Nu_Aske_Oct2024/PMTfied_filtered/Snowstorm/MuonLike/22016/[Receipt]22016_1.json
2025-02-17 16:13:23 - INFO - Filtering process completed.
Job completed at Mon Feb 17 04:13:23 PM CET 2025
