Starting job at Sat Feb 15 12:06:17 PM CET 2025
Running Filter_by_part.py for subdirectory 22016, part 1
2025-02-15 12:06:18 - INFO - Event filtering process starts...
2025-02-15 12:06:18 - INFO - Initialized Muon13Filter filter for 22016/1
2025-02-15 12:06:29 - INFO - Extracted 1787160 valid events where MuonFilter_13==True.
2025-02-15 12:06:29 - INFO - Initialized CompositeEventFilter filter for 22016/1
2025-02-15 12:06:29 - INFO - Initialized (MuonLike)
2025-02-15 12:06:29 - INFO - Starting filtering process for 22016/1
2025-02-15 12:06:29 - INFO - Starting filtering process for 22016/1
2025-02-15 12:07:41 - INFO - Recalculated 'offset' column based on filtered 'N_doms' values.
2025-02-15 12:07:52 - INFO - Filtered truth file saved to: /lustre/hpc/project/icecube/HE_Nu_Aske_Oct2024/PMTfied_filtered/Snowstorm/MuonLike/22016/truth_1.parquet
2025-02-15 12:08:02 - INFO - Filtered PMTfied file saved to: /lustre/hpc/project/icecube/HE_Nu_Aske_Oct2024/PMTfied_filtered/Snowstorm/MuonLike/22016/1/PMTfied_7.parquet
2025-02-15 12:08:13 - INFO - Filtered PMTfied file saved to: /lustre/hpc/project/icecube/HE_Nu_Aske_Oct2024/PMTfied_filtered/Snowstorm/MuonLike/22016/1/PMTfied_3.parquet
2025-02-15 12:08:23 - INFO - Filtered PMTfied file saved to: /lustre/hpc/project/icecube/HE_Nu_Aske_Oct2024/PMTfied_filtered/Snowstorm/MuonLike/22016/1/PMTfied_12.parquet
2025-02-15 12:08:33 - INFO - Filtered PMTfied file saved to: /lustre/hpc/project/icecube/HE_Nu_Aske_Oct2024/PMTfied_filtered/Snowstorm/MuonLike/22016/1/PMTfied_16.parquet
2025-02-15 12:08:43 - INFO - Filtered PMTfied file saved to: /lustre/hpc/project/icecube/HE_Nu_Aske_Oct2024/PMTfied_filtered/Snowstorm/MuonLike/22016/1/PMTfied_13.parquet
2025-02-15 12:08:54 - INFO - Filtered PMTfied file saved to: /lustre/hpc/project/icecube/HE_Nu_Aske_Oct2024/PMTfied_filtered/Snowstorm/MuonLike/22016/1/PMTfied_17.parquet
2025-02-15 12:09:04 - INFO - Filtered PMTfied file saved to: /lustre/hpc/project/icecube/HE_Nu_Aske_Oct2024/PMTfied_filtered/Snowstorm/MuonLike/22016/1/PMTfied_6.parquet
2025-02-15 12:09:14 - INFO - Filtered PMTfied file saved to: /lustre/hpc/project/icecube/HE_Nu_Aske_Oct2024/PMTfied_filtered/Snowstorm/MuonLike/22016/1/PMTfied_2.parquet
2025-02-15 12:09:24 - INFO - Filtered PMTfied file saved to: /lustre/hpc/project/icecube/HE_Nu_Aske_Oct2024/PMTfied_filtered/Snowstorm/MuonLike/22016/1/PMTfied_8.parquet
2025-02-15 12:09:34 - INFO - Filtered PMTfied file saved to: /lustre/hpc/project/icecube/HE_Nu_Aske_Oct2024/PMTfied_filtered/Snowstorm/MuonLike/22016/1/PMTfied_11.parquet
2025-02-15 12:09:44 - INFO - Filtered PMTfied file saved to: /lustre/hpc/project/icecube/HE_Nu_Aske_Oct2024/PMTfied_filtered/Snowstorm/MuonLike/22016/1/PMTfied_15.parquet
2025-02-15 12:09:54 - INFO - Filtered PMTfied file saved to: /lustre/hpc/project/icecube/HE_Nu_Aske_Oct2024/PMTfied_filtered/Snowstorm/MuonLike/22016/1/PMTfied_4.parquet
2025-02-15 12:10:04 - INFO - Filtered PMTfied file saved to: /lustre/hpc/project/icecube/HE_Nu_Aske_Oct2024/PMTfied_filtered/Snowstorm/MuonLike/22016/1/PMTfied_5.parquet
2025-02-15 12:10:06 - INFO - Filtered PMTfied file saved to: /lustre/hpc/project/icecube/HE_Nu_Aske_Oct2024/PMTfied_filtered/Snowstorm/MuonLike/22016/1/PMTfied_18.parquet
2025-02-15 12:10:16 - INFO - Filtered PMTfied file saved to: /lustre/hpc/project/icecube/HE_Nu_Aske_Oct2024/PMTfied_filtered/Snowstorm/MuonLike/22016/1/PMTfied_1.parquet
2025-02-15 12:10:26 - INFO - Filtered PMTfied file saved to: /lustre/hpc/project/icecube/HE_Nu_Aske_Oct2024/PMTfied_filtered/Snowstorm/MuonLike/22016/1/PMTfied_10.parquet
2025-02-15 12:10:36 - INFO - Filtered PMTfied file saved to: /lustre/hpc/project/icecube/HE_Nu_Aske_Oct2024/PMTfied_filtered/Snowstorm/MuonLike/22016/1/PMTfied_9.parquet
2025-02-15 12:10:46 - INFO - Filtered PMTfied file saved to: /lustre/hpc/project/icecube/HE_Nu_Aske_Oct2024/PMTfied_filtered/Snowstorm/MuonLike/22016/1/PMTfied_14.parquet
2025-02-15 12:10:46 - INFO - Filtering process completed.
2025-02-15 12:10:46 - INFO - Filtering process completed.
2025-02-15 12:10:46 - INFO - Unified receipt generated: /lustre/hpc/project/icecube/HE_Nu_Aske_Oct2024/PMTfied_filtered/Snowstorm/MuonLike/22016/[Receipt]22016_1.json
2025-02-15 12:10:46 - INFO - Filtering process completed.
Job completed at Sat Feb 15 12:10:46 PM CET 2025
