Starting job at Mon Feb 17 04:17:53 PM CET 2025
Running Filter_by_part.py for subdirectory 22016, part 1
2025-02-17 16:17:53 - INFO - Event filtering process starts...
2025-02-17 16:17:53 - INFO - Initialized PureNeutrinoEventFilter filter for 22016/1
2025-02-17 16:17:55 - INFO - Loaded 1 event specifier files from /lustre/hpc/project/icecube/HE_Nu_Aske_Oct2024/clean_events_dict/22016/22016/reduced
2025-02-17 16:17:57 - INFO - Selected 1 CSV files covering event range [0, 856]
2025-02-17 16:18:02 - INFO - Loaded 6903403 valid (RunID, EventID) pairs from CSV files
2025-02-17 16:18:05 - INFO - Extracted 1924339 valid events based on pure neutrino events.
2025-02-17 16:18:06 - INFO - Initialized Muon13Filter filter for 22016/1
2025-02-17 16:18:07 - INFO - Extracted 1787160 valid events where MuonFilter_13==True.
2025-02-17 16:18:07 - INFO - Initialized CompositeEventFilter filter for 22016/1
2025-02-17 16:18:07 - INFO - Initialized (MuonLike_PureNu)
2025-02-17 16:18:07 - INFO - Starting filtering process for 22016/1
2025-02-17 16:18:07 - INFO - Starting filtering process for 22016/1
2025-02-17 16:18:33 - INFO - Recalculated 'offset' column based on 'N_doms' values within each 'shard_no' group.
2025-02-17 16:18:37 - INFO - Filtered truth file saved to: /lustre/hpc/project/icecube/HE_Nu_Aske_Oct2024/PMTfied_filtered/Snowstorm/MuonLike_PureNu/22016/truth_1.parquet
2025-02-17 16:18:41 - INFO - Filtered PMTfied file saved to: /lustre/hpc/project/icecube/HE_Nu_Aske_Oct2024/PMTfied_filtered/Snowstorm/MuonLike_PureNu/22016/1/PMTfied_7.parquet
2025-02-17 16:18:45 - INFO - Filtered PMTfied file saved to: /lustre/hpc/project/icecube/HE_Nu_Aske_Oct2024/PMTfied_filtered/Snowstorm/MuonLike_PureNu/22016/1/PMTfied_3.parquet
2025-02-17 16:18:48 - INFO - Filtered PMTfied file saved to: /lustre/hpc/project/icecube/HE_Nu_Aske_Oct2024/PMTfied_filtered/Snowstorm/MuonLike_PureNu/22016/1/PMTfied_12.parquet
2025-02-17 16:18:52 - INFO - Filtered PMTfied file saved to: /lustre/hpc/project/icecube/HE_Nu_Aske_Oct2024/PMTfied_filtered/Snowstorm/MuonLike_PureNu/22016/1/PMTfied_16.parquet
2025-02-17 16:18:55 - INFO - Filtered PMTfied file saved to: /lustre/hpc/project/icecube/HE_Nu_Aske_Oct2024/PMTfied_filtered/Snowstorm/MuonLike_PureNu/22016/1/PMTfied_13.parquet
2025-02-17 16:18:59 - INFO - Filtered PMTfied file saved to: /lustre/hpc/project/icecube/HE_Nu_Aske_Oct2024/PMTfied_filtered/Snowstorm/MuonLike_PureNu/22016/1/PMTfied_17.parquet
2025-02-17 16:19:02 - INFO - Filtered PMTfied file saved to: /lustre/hpc/project/icecube/HE_Nu_Aske_Oct2024/PMTfied_filtered/Snowstorm/MuonLike_PureNu/22016/1/PMTfied_6.parquet
2025-02-17 16:19:06 - INFO - Filtered PMTfied file saved to: /lustre/hpc/project/icecube/HE_Nu_Aske_Oct2024/PMTfied_filtered/Snowstorm/MuonLike_PureNu/22016/1/PMTfied_2.parquet
2025-02-17 16:19:09 - INFO - Filtered PMTfied file saved to: /lustre/hpc/project/icecube/HE_Nu_Aske_Oct2024/PMTfied_filtered/Snowstorm/MuonLike_PureNu/22016/1/PMTfied_8.parquet
2025-02-17 16:19:13 - INFO - Filtered PMTfied file saved to: /lustre/hpc/project/icecube/HE_Nu_Aske_Oct2024/PMTfied_filtered/Snowstorm/MuonLike_PureNu/22016/1/PMTfied_11.parquet
2025-02-17 16:19:16 - INFO - Filtered PMTfied file saved to: /lustre/hpc/project/icecube/HE_Nu_Aske_Oct2024/PMTfied_filtered/Snowstorm/MuonLike_PureNu/22016/1/PMTfied_15.parquet
2025-02-17 16:19:20 - INFO - Filtered PMTfied file saved to: /lustre/hpc/project/icecube/HE_Nu_Aske_Oct2024/PMTfied_filtered/Snowstorm/MuonLike_PureNu/22016/1/PMTfied_4.parquet
2025-02-17 16:19:23 - INFO - Filtered PMTfied file saved to: /lustre/hpc/project/icecube/HE_Nu_Aske_Oct2024/PMTfied_filtered/Snowstorm/MuonLike_PureNu/22016/1/PMTfied_5.parquet
2025-02-17 16:19:24 - INFO - Filtered PMTfied file saved to: /lustre/hpc/project/icecube/HE_Nu_Aske_Oct2024/PMTfied_filtered/Snowstorm/MuonLike_PureNu/22016/1/PMTfied_18.parquet
2025-02-17 16:19:27 - INFO - Filtered PMTfied file saved to: /lustre/hpc/project/icecube/HE_Nu_Aske_Oct2024/PMTfied_filtered/Snowstorm/MuonLike_PureNu/22016/1/PMTfied_1.parquet
2025-02-17 16:19:31 - INFO - Filtered PMTfied file saved to: /lustre/hpc/project/icecube/HE_Nu_Aske_Oct2024/PMTfied_filtered/Snowstorm/MuonLike_PureNu/22016/1/PMTfied_10.parquet
2025-02-17 16:19:34 - INFO - Filtered PMTfied file saved to: /lustre/hpc/project/icecube/HE_Nu_Aske_Oct2024/PMTfied_filtered/Snowstorm/MuonLike_PureNu/22016/1/PMTfied_9.parquet
2025-02-17 16:19:38 - INFO - Filtered PMTfied file saved to: /lustre/hpc/project/icecube/HE_Nu_Aske_Oct2024/PMTfied_filtered/Snowstorm/MuonLike_PureNu/22016/1/PMTfied_14.parquet
2025-02-17 16:19:38 - INFO - Filtering process completed.
2025-02-17 16:19:38 - INFO - Filtering process completed.
2025-02-17 16:19:38 - INFO - Unified receipt generated: /lustre/hpc/project/icecube/HE_Nu_Aske_Oct2024/PMTfied_filtered/Snowstorm/MuonLike_PureNu/22016/[Receipt]22016_1.json
2025-02-17 16:19:38 - INFO - Filtering process completed.
Job completed at Mon Feb 17 04:19:38 PM CET 2025
