Starting job at Mon Feb 24 01:10:24 PM CET 2025
Running Filter_by_part.py for subdirectory 22016, part 1
2025-02-24 13:10:24 - INFO - Event filtering process starts...
2025-02-24 13:10:25 - INFO - Initialized PureNeutrinoEventFilter filter for 22016/1
2025-02-24 13:10:26 - INFO - Loaded 1 event specifier files from /lustre/hpc/project/icecube/HE_Nu_Aske_Oct2024/clean_events_dict/22016/22016/reduced
2025-02-24 13:10:27 - INFO - Selected 1 CSV files covering event range [0, 856]
2025-02-24 13:10:33 - INFO - Loaded 6903403 valid (RunID, EventID) pairs from CSV files
2025-02-24 13:10:36 - INFO - Extracted 1924339 valid events based on pure neutrino events.
2025-02-24 13:10:37 - INFO - Initialized Muon13Filter filter for 22016/1
2025-02-24 13:10:38 - INFO - Extracted 1787160 valid events where MuonFilter_13==True.
2025-02-24 13:10:38 - INFO - Initialized CCFilter filter for 22016/1
2025-02-24 13:10:38 - ERROR - Missing required columns: {'InteractionType'}. Cannot proceed with filtering.
2025-02-24 13:10:38 - ERROR - An error occurred: 'CCFilter' object has no attribute 'valid_event_nos'
Traceback (most recent call last):
  File "/lustre/hpc/icecube/cyan/factory/DOMification/Selection/Filter_by_part.py", line 67, in <module>
    main()
  File "/lustre/hpc/icecube/cyan/factory/DOMification/Selection/Filter_by_part.py", line 63, in main
    run()
  File "/lustre/hpc/icecube/cyan/factory/DOMification/Selection/Filter_by_part.py", line 50, in run
    filter_manager = EventFilterManager(
  File "/lustre/hpc/icecube/cyan/factory/DOMification/Selection/EventFilterManager.py", line 19, in __init__
    self.filter_obj = self._build_Filter_object()
  File "/lustre/hpc/icecube/cyan/factory/DOMification/Selection/EventFilterManager.py", line 54, in _build_Filter_object
    valid_event_nos = self._synthesize_valid_event_nos()
  File "/lustre/hpc/icecube/cyan/factory/DOMification/Selection/EventFilterManager.py", line 78, in _synthesize_valid_event_nos
    event_sets = {alias: f.get_valid_event_nos() for alias, f in self.filter_instances.items()}
  File "/lustre/hpc/icecube/cyan/factory/DOMification/Selection/EventFilterManager.py", line 78, in <dictcomp>
    event_sets = {alias: f.get_valid_event_nos() for alias, f in self.filter_instances.items()}
  File "/lustre/hpc/icecube/cyan/factory/DOMification/Selection/EventFilter.py", line 36, in get_valid_event_nos
    return self.valid_event_nos
AttributeError: 'CCFilter' object has no attribute 'valid_event_nos'
Job completed at Mon Feb 24 01:10:38 PM CET 2025
