Starting job at Thu Feb 13 05:12:59 PM CET 2025
Running Filter_by_part.py for subdirectory 22016, part 1
2025-02-13 17:13:00 - INFO - Event filtering process starts...
2025-02-13 17:13:00 - INFO - Initialized Muon13Filter
2025-02-13 17:13:00 - INFO - Starting filtering process for 22016/1
2025-02-13 17:13:26 - INFO - Recalculated 'offset' column based on filtered 'N_doms' values.
2025-02-13 17:13:29 - INFO - Filtered truth file saved to: /lustre/hpc/project/icecube/HE_Nu_Aske_Oct2024/PMTfied_filtered/MuonLike/Snowstorm/22016/truth_1.parquet
2025-02-13 17:13:29 - INFO - Receipt file saved to: /lustre/hpc/project/icecube/HE_Nu_Aske_Oct2024/PMTfied_filtered/MuonLike/Snowstorm/22016/[Receipt]22016_1.json
2025-02-13 17:13:39 - INFO - Filtered PMTfied file saved to: /lustre/hpc/project/icecube/HE_Nu_Aske_Oct2024/PMTfied_filtered/MuonLike/Snowstorm/22016/1/PMTfied_7.parquet
2025-02-13 17:13:50 - INFO - Filtered PMTfied file saved to: /lustre/hpc/project/icecube/HE_Nu_Aske_Oct2024/PMTfied_filtered/MuonLike/Snowstorm/22016/1/PMTfied_3.parquet
2025-02-13 17:14:00 - INFO - Filtered PMTfied file saved to: /lustre/hpc/project/icecube/HE_Nu_Aske_Oct2024/PMTfied_filtered/MuonLike/Snowstorm/22016/1/PMTfied_12.parquet
2025-02-13 17:14:10 - INFO - Filtered PMTfied file saved to: /lustre/hpc/project/icecube/HE_Nu_Aske_Oct2024/PMTfied_filtered/MuonLike/Snowstorm/22016/1/PMTfied_16.parquet
2025-02-13 17:14:20 - INFO - Filtered PMTfied file saved to: /lustre/hpc/project/icecube/HE_Nu_Aske_Oct2024/PMTfied_filtered/MuonLike/Snowstorm/22016/1/PMTfied_13.parquet
2025-02-13 17:14:30 - INFO - Filtered PMTfied file saved to: /lustre/hpc/project/icecube/HE_Nu_Aske_Oct2024/PMTfied_filtered/MuonLike/Snowstorm/22016/1/PMTfied_17.parquet
2025-02-13 17:14:40 - INFO - Filtered PMTfied file saved to: /lustre/hpc/project/icecube/HE_Nu_Aske_Oct2024/PMTfied_filtered/MuonLike/Snowstorm/22016/1/PMTfied_6.parquet
2025-02-13 17:14:50 - INFO - Filtered PMTfied file saved to: /lustre/hpc/project/icecube/HE_Nu_Aske_Oct2024/PMTfied_filtered/MuonLike/Snowstorm/22016/1/PMTfied_2.parquet
2025-02-13 17:15:00 - INFO - Filtered PMTfied file saved to: /lustre/hpc/project/icecube/HE_Nu_Aske_Oct2024/PMTfied_filtered/MuonLike/Snowstorm/22016/1/PMTfied_8.parquet
2025-02-13 17:15:09 - INFO - Filtered PMTfied file saved to: /lustre/hpc/project/icecube/HE_Nu_Aske_Oct2024/PMTfied_filtered/MuonLike/Snowstorm/22016/1/PMTfied_11.parquet
2025-02-13 17:15:19 - INFO - Filtered PMTfied file saved to: /lustre/hpc/project/icecube/HE_Nu_Aske_Oct2024/PMTfied_filtered/MuonLike/Snowstorm/22016/1/PMTfied_15.parquet
2025-02-13 17:15:29 - INFO - Filtered PMTfied file saved to: /lustre/hpc/project/icecube/HE_Nu_Aske_Oct2024/PMTfied_filtered/MuonLike/Snowstorm/22016/1/PMTfied_4.parquet
2025-02-13 17:15:39 - INFO - Filtered PMTfied file saved to: /lustre/hpc/project/icecube/HE_Nu_Aske_Oct2024/PMTfied_filtered/MuonLike/Snowstorm/22016/1/PMTfied_5.parquet
2025-02-13 17:15:41 - INFO - Filtered PMTfied file saved to: /lustre/hpc/project/icecube/HE_Nu_Aske_Oct2024/PMTfied_filtered/MuonLike/Snowstorm/22016/1/PMTfied_18.parquet
2025-02-13 17:15:51 - INFO - Filtered PMTfied file saved to: /lustre/hpc/project/icecube/HE_Nu_Aske_Oct2024/PMTfied_filtered/MuonLike/Snowstorm/22016/1/PMTfied_1.parquet
2025-02-13 17:16:01 - INFO - Filtered PMTfied file saved to: /lustre/hpc/project/icecube/HE_Nu_Aske_Oct2024/PMTfied_filtered/MuonLike/Snowstorm/22016/1/PMTfied_10.parquet
2025-02-13 17:16:10 - INFO - Filtered PMTfied file saved to: /lustre/hpc/project/icecube/HE_Nu_Aske_Oct2024/PMTfied_filtered/MuonLike/Snowstorm/22016/1/PMTfied_9.parquet
2025-02-13 17:16:20 - INFO - Filtered PMTfied file saved to: /lustre/hpc/project/icecube/HE_Nu_Aske_Oct2024/PMTfied_filtered/MuonLike/Snowstorm/22016/1/PMTfied_14.parquet
2025-02-13 17:16:20 - INFO - Filtering process completed.
2025-02-13 17:16:20 - INFO - Filtering process completed for all selected filters.
2025-02-13 17:16:20 - INFO - Execution time: 200.51 seconds
2025-02-13 17:16:20 - INFO - Updated receipt with execution time: /lustre/hpc/project/icecube/HE_Nu_Aske_Oct2024/PMTfied_filtered/MuonLike/Snowstorm/22016/[Receipt]22016_1.json
Job completed at Thu Feb 13 05:16:20 PM CET 2025
