Starting job at Sat Feb 15 01:50:40 PM CET 2025
Running Filter_by_part.py for subdirectory 22016, part 1
2025-02-15 13:50:40 - INFO - Event filtering process starts...
2025-02-15 13:50:40 - INFO - Initialized PureNeutrinoEventFilter filter for 22016/1
2025-02-15 13:50:46 - INFO - Loaded 1 event specifier files from /lustre/hpc/project/icecube/HE_Nu_Aske_Oct2024/clean_events_dict/22016/22016/reduced
2025-02-15 13:50:48 - INFO - Selected 1 CSV files covering event range [0, 856]
2025-02-15 13:50:59 - INFO - Loaded 6903403 valid (RunID, EventID) pairs from CSV files
2025-02-15 13:51:05 - INFO - Extracted 1924339 valid events based on pure neutrino events.
2025-02-15 13:51:07 - INFO - Initialized Muon13Filter filter for 22016/1
2025-02-15 13:51:09 - INFO - Extracted 1787160 valid events where MuonFilter_13==True.
2025-02-15 13:51:09 - INFO - Initialized CompositeEventFilter filter for 22016/1
2025-02-15 13:51:09 - INFO - Initialized (MuonLike_PureNu)
2025-02-15 13:51:09 - INFO - Starting filtering process for 22016/1
2025-02-15 13:51:09 - INFO - Starting filtering process for 22016/1
2025-02-15 13:52:06 - INFO - Recalculated 'offset' column based on filtered 'N_doms' values.
2025-02-15 13:52:15 - INFO - Filtered truth file saved to: /lustre/hpc/project/icecube/HE_Nu_Aske_Oct2024/PMTfied_filtered/Snowstorm/MuonLike_PureNu/22016/truth_1.parquet
2025-02-15 13:52:23 - INFO - Filtered PMTfied file saved to: /lustre/hpc/project/icecube/HE_Nu_Aske_Oct2024/PMTfied_filtered/Snowstorm/MuonLike_PureNu/22016/1/PMTfied_7.parquet
2025-02-15 13:52:32 - INFO - Filtered PMTfied file saved to: /lustre/hpc/project/icecube/HE_Nu_Aske_Oct2024/PMTfied_filtered/Snowstorm/MuonLike_PureNu/22016/1/PMTfied_3.parquet
2025-02-15 13:52:40 - INFO - Filtered PMTfied file saved to: /lustre/hpc/project/icecube/HE_Nu_Aske_Oct2024/PMTfied_filtered/Snowstorm/MuonLike_PureNu/22016/1/PMTfied_12.parquet
2025-02-15 13:52:48 - INFO - Filtered PMTfied file saved to: /lustre/hpc/project/icecube/HE_Nu_Aske_Oct2024/PMTfied_filtered/Snowstorm/MuonLike_PureNu/22016/1/PMTfied_16.parquet
2025-02-15 13:52:57 - INFO - Filtered PMTfied file saved to: /lustre/hpc/project/icecube/HE_Nu_Aske_Oct2024/PMTfied_filtered/Snowstorm/MuonLike_PureNu/22016/1/PMTfied_13.parquet
2025-02-15 13:53:05 - INFO - Filtered PMTfied file saved to: /lustre/hpc/project/icecube/HE_Nu_Aske_Oct2024/PMTfied_filtered/Snowstorm/MuonLike_PureNu/22016/1/PMTfied_17.parquet
2025-02-15 13:53:13 - INFO - Filtered PMTfied file saved to: /lustre/hpc/project/icecube/HE_Nu_Aske_Oct2024/PMTfied_filtered/Snowstorm/MuonLike_PureNu/22016/1/PMTfied_6.parquet
2025-02-15 13:53:21 - INFO - Filtered PMTfied file saved to: /lustre/hpc/project/icecube/HE_Nu_Aske_Oct2024/PMTfied_filtered/Snowstorm/MuonLike_PureNu/22016/1/PMTfied_2.parquet
2025-02-15 13:53:30 - INFO - Filtered PMTfied file saved to: /lustre/hpc/project/icecube/HE_Nu_Aske_Oct2024/PMTfied_filtered/Snowstorm/MuonLike_PureNu/22016/1/PMTfied_8.parquet
2025-02-15 13:53:38 - INFO - Filtered PMTfied file saved to: /lustre/hpc/project/icecube/HE_Nu_Aske_Oct2024/PMTfied_filtered/Snowstorm/MuonLike_PureNu/22016/1/PMTfied_11.parquet
2025-02-15 13:53:46 - INFO - Filtered PMTfied file saved to: /lustre/hpc/project/icecube/HE_Nu_Aske_Oct2024/PMTfied_filtered/Snowstorm/MuonLike_PureNu/22016/1/PMTfied_15.parquet
2025-02-15 13:53:54 - INFO - Filtered PMTfied file saved to: /lustre/hpc/project/icecube/HE_Nu_Aske_Oct2024/PMTfied_filtered/Snowstorm/MuonLike_PureNu/22016/1/PMTfied_4.parquet
2025-02-15 13:54:02 - INFO - Filtered PMTfied file saved to: /lustre/hpc/project/icecube/HE_Nu_Aske_Oct2024/PMTfied_filtered/Snowstorm/MuonLike_PureNu/22016/1/PMTfied_5.parquet
2025-02-15 13:54:04 - INFO - Filtered PMTfied file saved to: /lustre/hpc/project/icecube/HE_Nu_Aske_Oct2024/PMTfied_filtered/Snowstorm/MuonLike_PureNu/22016/1/PMTfied_18.parquet
2025-02-15 13:54:12 - INFO - Filtered PMTfied file saved to: /lustre/hpc/project/icecube/HE_Nu_Aske_Oct2024/PMTfied_filtered/Snowstorm/MuonLike_PureNu/22016/1/PMTfied_1.parquet
2025-02-15 13:54:20 - INFO - Filtered PMTfied file saved to: /lustre/hpc/project/icecube/HE_Nu_Aske_Oct2024/PMTfied_filtered/Snowstorm/MuonLike_PureNu/22016/1/PMTfied_10.parquet
2025-02-15 13:54:29 - INFO - Filtered PMTfied file saved to: /lustre/hpc/project/icecube/HE_Nu_Aske_Oct2024/PMTfied_filtered/Snowstorm/MuonLike_PureNu/22016/1/PMTfied_9.parquet
2025-02-15 13:54:37 - INFO - Filtered PMTfied file saved to: /lustre/hpc/project/icecube/HE_Nu_Aske_Oct2024/PMTfied_filtered/Snowstorm/MuonLike_PureNu/22016/1/PMTfied_14.parquet
2025-02-15 13:54:37 - INFO - Filtering process completed.
2025-02-15 13:54:37 - INFO - Filtering process completed.
2025-02-15 13:54:37 - INFO - Unified receipt generated: /lustre/hpc/project/icecube/HE_Nu_Aske_Oct2024/PMTfied_filtered/Snowstorm/MuonLike_PureNu/22016/[Receipt]22016_1.json
2025-02-15 13:54:37 - INFO - Filtering process completed.
Job completed at Sat Feb 15 01:54:37 PM CET 2025
