Starting job at Sat Feb 15 12:11:24 PM CET 2025
Running Filter_by_part.py for subdirectory 22014, part 4
2025-02-15 12:11:24 - INFO - Event filtering process starts...
2025-02-15 12:11:24 - INFO - Initialized PureNeutrinoEventFilter filter for 22014/4
2025-02-15 12:11:24 - INFO - Loaded 4 event specifier files from /lustre/hpc/project/icecube/HE_Nu_Aske_Oct2024/clean_events_dict/22014/22014/reduced
2025-02-15 12:11:25 - INFO - Selected 2 CSV files covering event range [1989, 2719]
2025-02-15 12:11:26 - INFO - Loaded 798526 valid (RunID, EventID) pairs from CSV files
2025-02-15 12:11:26 - INFO - Extracted 169745 valid events based on pure neutrino events.
2025-02-15 12:11:26 - INFO - Initialized CompositeEventFilter filter for 22014/4
2025-02-15 12:11:26 - INFO - Initialized (PureNu)
2025-02-15 12:11:26 - INFO - Starting filtering process for 22014/4
2025-02-15 12:11:26 - INFO - Starting filtering process for 22014/4
2025-02-15 12:11:33 - INFO - Recalculated 'offset' column based on filtered 'N_doms' values.
2025-02-15 12:11:35 - INFO - Filtered truth file saved to: /lustre/hpc/project/icecube/HE_Nu_Aske_Oct2024/PMTfied_filtered/Snowstorm/PureNu/22014/truth_4.parquet
2025-02-15 12:11:38 - INFO - Filtered PMTfied file saved to: /lustre/hpc/project/icecube/HE_Nu_Aske_Oct2024/PMTfied_filtered/Snowstorm/PureNu/22014/4/PMTfied_6.parquet
2025-02-15 12:11:41 - INFO - Filtered PMTfied file saved to: /lustre/hpc/project/icecube/HE_Nu_Aske_Oct2024/PMTfied_filtered/Snowstorm/PureNu/22014/4/PMTfied_2.parquet
2025-02-15 12:11:44 - INFO - Filtered PMTfied file saved to: /lustre/hpc/project/icecube/HE_Nu_Aske_Oct2024/PMTfied_filtered/Snowstorm/PureNu/22014/4/PMTfied_7.parquet
2025-02-15 12:11:48 - INFO - Filtered PMTfied file saved to: /lustre/hpc/project/icecube/HE_Nu_Aske_Oct2024/PMTfied_filtered/Snowstorm/PureNu/22014/4/PMTfied_3.parquet
2025-02-15 12:11:48 - INFO - Filtered PMTfied file saved to: /lustre/hpc/project/icecube/HE_Nu_Aske_Oct2024/PMTfied_filtered/Snowstorm/PureNu/22014/4/PMTfied_12.parquet
2025-02-15 12:11:51 - INFO - Filtered PMTfied file saved to: /lustre/hpc/project/icecube/HE_Nu_Aske_Oct2024/PMTfied_filtered/Snowstorm/PureNu/22014/4/PMTfied_10.parquet
2025-02-15 12:11:54 - INFO - Filtered PMTfied file saved to: /lustre/hpc/project/icecube/HE_Nu_Aske_Oct2024/PMTfied_filtered/Snowstorm/PureNu/22014/4/PMTfied_5.parquet
2025-02-15 12:11:58 - INFO - Filtered PMTfied file saved to: /lustre/hpc/project/icecube/HE_Nu_Aske_Oct2024/PMTfied_filtered/Snowstorm/PureNu/22014/4/PMTfied_1.parquet
2025-02-15 12:12:01 - INFO - Filtered PMTfied file saved to: /lustre/hpc/project/icecube/HE_Nu_Aske_Oct2024/PMTfied_filtered/Snowstorm/PureNu/22014/4/PMTfied_9.parquet
2025-02-15 12:12:04 - INFO - Filtered PMTfied file saved to: /lustre/hpc/project/icecube/HE_Nu_Aske_Oct2024/PMTfied_filtered/Snowstorm/PureNu/22014/4/PMTfied_11.parquet
2025-02-15 12:12:07 - INFO - Filtered PMTfied file saved to: /lustre/hpc/project/icecube/HE_Nu_Aske_Oct2024/PMTfied_filtered/Snowstorm/PureNu/22014/4/PMTfied_8.parquet
2025-02-15 12:12:10 - INFO - Filtered PMTfied file saved to: /lustre/hpc/project/icecube/HE_Nu_Aske_Oct2024/PMTfied_filtered/Snowstorm/PureNu/22014/4/PMTfied_4.parquet
2025-02-15 12:12:10 - INFO - Filtering process completed.
2025-02-15 12:12:10 - INFO - Filtering process completed.
2025-02-15 12:12:10 - INFO - Unified receipt generated: /lustre/hpc/project/icecube/HE_Nu_Aske_Oct2024/PMTfied_filtered/Snowstorm/PureNu/22014/[Receipt]22014_4.json
2025-02-15 12:12:11 - INFO - Filtering process completed.
Job completed at Sat Feb 15 12:12:11 PM CET 2025
