nohup: ignoring input
2025-02-14 22:06:10 - INFO - Event filtering process starts...
2025-02-14 22:06:10 - INFO - Initialized PureNeutrinoEventFilter filter for 22014/1
2025-02-14 22:06:11 - INFO - Loaded 4 event specifier files from /lustre/hpc/project/icecube/HE_Nu_Aske_Oct2024/clean_events_dict/22014/22014/reduced
2025-02-14 22:06:11 - INFO - Selected 1 CSV files covering event range [0, 806]
2025-02-14 22:06:12 - INFO - Loaded 398198 valid (RunID, EventID) pairs from CSV files
2025-02-14 22:06:13 - INFO - Extracted 169215 valid events based on pure neutrino events.
2025-02-14 22:06:13 - INFO - Initialized CompositeEventFilter filter for 22014/1
2025-02-14 22:06:13 - INFO - Initialized (PureNu)
2025-02-14 22:06:13 - INFO - Starting filtering process for 22014/1
2025-02-14 22:06:13 - INFO - Starting filtering process for 22014/1
2025-02-14 22:06:27 - INFO - Recalculated 'offset' column based on filtered 'N_doms' values.
2025-02-14 22:06:29 - INFO - Filtered truth file saved to: /lustre/hpc/project/icecube/HE_Nu_Aske_Oct2024/PMTfied_filtered/Snowstorm/PureNu/22014/truth_1.parquet
2025-02-14 22:06:36 - INFO - Filtered PMTfied file saved to: /lustre/hpc/project/icecube/HE_Nu_Aske_Oct2024/PMTfied_filtered/Snowstorm/PureNu/22014/1/PMTfied_10.parquet
2025-02-14 22:06:42 - INFO - Filtered PMTfied file saved to: /lustre/hpc/project/icecube/HE_Nu_Aske_Oct2024/PMTfied_filtered/Snowstorm/PureNu/22014/1/PMTfied_1.parquet
2025-02-14 22:06:48 - INFO - Filtered PMTfied file saved to: /lustre/hpc/project/icecube/HE_Nu_Aske_Oct2024/PMTfied_filtered/Snowstorm/PureNu/22014/1/PMTfied_5.parquet
2025-02-14 22:06:54 - INFO - Filtered PMTfied file saved to: /lustre/hpc/project/icecube/HE_Nu_Aske_Oct2024/PMTfied_filtered/Snowstorm/PureNu/22014/1/PMTfied_9.parquet
2025-02-14 22:06:59 - INFO - Filtered PMTfied file saved to: /lustre/hpc/project/icecube/HE_Nu_Aske_Oct2024/PMTfied_filtered/Snowstorm/PureNu/22014/1/PMTfied_8.parquet
2025-02-14 22:07:05 - INFO - Filtered PMTfied file saved to: /lustre/hpc/project/icecube/HE_Nu_Aske_Oct2024/PMTfied_filtered/Snowstorm/PureNu/22014/1/PMTfied_4.parquet
2025-02-14 22:07:11 - INFO - Filtered PMTfied file saved to: /lustre/hpc/project/icecube/HE_Nu_Aske_Oct2024/PMTfied_filtered/Snowstorm/PureNu/22014/1/PMTfied_11.parquet
2025-02-14 22:07:17 - INFO - Filtered PMTfied file saved to: /lustre/hpc/project/icecube/HE_Nu_Aske_Oct2024/PMTfied_filtered/Snowstorm/PureNu/22014/1/PMTfied_2.parquet
2025-02-14 22:07:23 - INFO - Filtered PMTfied file saved to: /lustre/hpc/project/icecube/HE_Nu_Aske_Oct2024/PMTfied_filtered/Snowstorm/PureNu/22014/1/PMTfied_6.parquet
2025-02-14 22:07:23 - INFO - Filtered PMTfied file saved to: /lustre/hpc/project/icecube/HE_Nu_Aske_Oct2024/PMTfied_filtered/Snowstorm/PureNu/22014/1/PMTfied_12.parquet
2025-02-14 22:07:29 - INFO - Filtered PMTfied file saved to: /lustre/hpc/project/icecube/HE_Nu_Aske_Oct2024/PMTfied_filtered/Snowstorm/PureNu/22014/1/PMTfied_3.parquet
2025-02-14 22:07:35 - INFO - Filtered PMTfied file saved to: /lustre/hpc/project/icecube/HE_Nu_Aske_Oct2024/PMTfied_filtered/Snowstorm/PureNu/22014/1/PMTfied_7.parquet
2025-02-14 22:07:35 - INFO - Filtering process completed.
2025-02-14 22:07:35 - INFO - Filtering process completed.
2025-02-14 22:07:35 - INFO - Unified receipt generated: /lustre/hpc/project/icecube/HE_Nu_Aske_Oct2024/PMTfied_filtered/Snowstorm/PureNu/22014/[Receipt]22014_1.json
2025-02-14 22:07:35 - INFO - Filtering process completed.
