Starting job at Thu Feb 13 05:10:40 PM CET 2025
Running Filter_by_part.py for subdirectory 22014, part 2
2025-02-13 17:10:41 - INFO - Event filtering process starts...
2025-02-13 17:10:41 - INFO - Initialized Muon13Filter
2025-02-13 17:10:41 - INFO - Starting filtering process for 22014/2
2025-02-13 17:10:49 - INFO - Recalculated 'offset' column based on filtered 'N_doms' values.
2025-02-13 17:10:50 - INFO - Filtered truth file saved to: /lustre/hpc/project/icecube/HE_Nu_Aske_Oct2024/PMTfied_filtered/MuonLike/Snowstorm/22014/truth_2.parquet
2025-02-13 17:10:51 - INFO - Receipt file saved to: /lustre/hpc/project/icecube/HE_Nu_Aske_Oct2024/PMTfied_filtered/MuonLike/Snowstorm/22014/[Receipt]22014_2.json
2025-02-13 17:10:55 - INFO - Filtered PMTfied file saved to: /lustre/hpc/project/icecube/HE_Nu_Aske_Oct2024/PMTfied_filtered/MuonLike/Snowstorm/22014/2/PMTfied_4.parquet
2025-02-13 17:10:59 - INFO - Filtered PMTfied file saved to: /lustre/hpc/project/icecube/HE_Nu_Aske_Oct2024/PMTfied_filtered/MuonLike/Snowstorm/22014/2/PMTfied_8.parquet
2025-02-13 17:11:00 - INFO - Filtered PMTfied file saved to: /lustre/hpc/project/icecube/HE_Nu_Aske_Oct2024/PMTfied_filtered/MuonLike/Snowstorm/22014/2/PMTfied_12.parquet
2025-02-13 17:11:04 - INFO - Filtered PMTfied file saved to: /lustre/hpc/project/icecube/HE_Nu_Aske_Oct2024/PMTfied_filtered/MuonLike/Snowstorm/22014/2/PMTfied_9.parquet
2025-02-13 17:11:08 - INFO - Filtered PMTfied file saved to: /lustre/hpc/project/icecube/HE_Nu_Aske_Oct2024/PMTfied_filtered/MuonLike/Snowstorm/22014/2/PMTfied_5.parquet
2025-02-13 17:11:13 - INFO - Filtered PMTfied file saved to: /lustre/hpc/project/icecube/HE_Nu_Aske_Oct2024/PMTfied_filtered/MuonLike/Snowstorm/22014/2/PMTfied_1.parquet
2025-02-13 17:11:17 - INFO - Filtered PMTfied file saved to: /lustre/hpc/project/icecube/HE_Nu_Aske_Oct2024/PMTfied_filtered/MuonLike/Snowstorm/22014/2/PMTfied_7.parquet
2025-02-13 17:11:21 - INFO - Filtered PMTfied file saved to: /lustre/hpc/project/icecube/HE_Nu_Aske_Oct2024/PMTfied_filtered/MuonLike/Snowstorm/22014/2/PMTfied_3.parquet
2025-02-13 17:11:25 - INFO - Filtered PMTfied file saved to: /lustre/hpc/project/icecube/HE_Nu_Aske_Oct2024/PMTfied_filtered/MuonLike/Snowstorm/22014/2/PMTfied_11.parquet
2025-02-13 17:11:30 - INFO - Filtered PMTfied file saved to: /lustre/hpc/project/icecube/HE_Nu_Aske_Oct2024/PMTfied_filtered/MuonLike/Snowstorm/22014/2/PMTfied_6.parquet
2025-02-13 17:11:34 - INFO - Filtered PMTfied file saved to: /lustre/hpc/project/icecube/HE_Nu_Aske_Oct2024/PMTfied_filtered/MuonLike/Snowstorm/22014/2/PMTfied_2.parquet
2025-02-13 17:11:38 - INFO - Filtered PMTfied file saved to: /lustre/hpc/project/icecube/HE_Nu_Aske_Oct2024/PMTfied_filtered/MuonLike/Snowstorm/22014/2/PMTfied_10.parquet
2025-02-13 17:11:38 - INFO - Filtering process completed.
2025-02-13 17:11:38 - INFO - Filtering process completed for all selected filters.
2025-02-13 17:11:38 - INFO - Execution time: 57.60 seconds
2025-02-13 17:11:38 - INFO - Updated receipt with execution time: /lustre/hpc/project/icecube/HE_Nu_Aske_Oct2024/PMTfied_filtered/MuonLike/Snowstorm/22014/[Receipt]22014_2.json
Job completed at Thu Feb 13 05:11:38 PM CET 2025
