Starting job at Thu Feb 13 05:56:21 PM CET 2025
Running Filter_by_part.py for subdirectory 22014, part 4
2025-02-13 17:56:21 - INFO - Event filtering process starts...
2025-02-13 17:56:21 - INFO - Initialized PureNeutrinoEventFilter
2025-02-13 17:56:21 - INFO - Starting filtering process for 22014/4
2025-02-13 17:56:22 - INFO - Loaded 4 event specifier files from /lustre/hpc/project/icecube/HE_Nu_Aske_Oct2024/clean_events_dict/22014/22014/reduced
2025-02-13 17:56:22 - INFO - Selected 2 CSV files covering event range [1989, 2719]
2025-02-13 17:56:24 - INFO - Loaded 798526 valid (RunID, EventID) pairs from CSV files
2025-02-13 17:56:31 - INFO - Recalculated 'offset' column based on filtered 'N_doms' values.
2025-02-13 17:56:32 - INFO - Filtered truth file saved to: /lustre/hpc/project/icecube/HE_Nu_Aske_Oct2024/PMTfied_filtered/PureNu/Snowstorm/22014/truth_4.parquet
2025-02-13 17:56:32 - INFO - Receipt file saved to: /lustre/hpc/project/icecube/HE_Nu_Aske_Oct2024/PMTfied_filtered/PureNu/Snowstorm/22014/[Receipt]22014_4.json
2025-02-13 17:56:36 - INFO - Filtered PMTfied file saved to: /lustre/hpc/project/icecube/HE_Nu_Aske_Oct2024/PMTfied_filtered/PureNu/Snowstorm/22014/4/PMTfied_6.parquet
2025-02-13 17:56:40 - INFO - Filtered PMTfied file saved to: /lustre/hpc/project/icecube/HE_Nu_Aske_Oct2024/PMTfied_filtered/PureNu/Snowstorm/22014/4/PMTfied_2.parquet
2025-02-13 17:56:44 - INFO - Filtered PMTfied file saved to: /lustre/hpc/project/icecube/HE_Nu_Aske_Oct2024/PMTfied_filtered/PureNu/Snowstorm/22014/4/PMTfied_7.parquet
2025-02-13 17:56:48 - INFO - Filtered PMTfied file saved to: /lustre/hpc/project/icecube/HE_Nu_Aske_Oct2024/PMTfied_filtered/PureNu/Snowstorm/22014/4/PMTfied_3.parquet
2025-02-13 17:56:49 - INFO - Filtered PMTfied file saved to: /lustre/hpc/project/icecube/HE_Nu_Aske_Oct2024/PMTfied_filtered/PureNu/Snowstorm/22014/4/PMTfied_12.parquet
2025-02-13 17:56:53 - INFO - Filtered PMTfied file saved to: /lustre/hpc/project/icecube/HE_Nu_Aske_Oct2024/PMTfied_filtered/PureNu/Snowstorm/22014/4/PMTfied_10.parquet
2025-02-13 17:56:57 - INFO - Filtered PMTfied file saved to: /lustre/hpc/project/icecube/HE_Nu_Aske_Oct2024/PMTfied_filtered/PureNu/Snowstorm/22014/4/PMTfied_5.parquet
2025-02-13 17:57:00 - INFO - Filtered PMTfied file saved to: /lustre/hpc/project/icecube/HE_Nu_Aske_Oct2024/PMTfied_filtered/PureNu/Snowstorm/22014/4/PMTfied_1.parquet
2025-02-13 17:57:04 - INFO - Filtered PMTfied file saved to: /lustre/hpc/project/icecube/HE_Nu_Aske_Oct2024/PMTfied_filtered/PureNu/Snowstorm/22014/4/PMTfied_9.parquet
2025-02-13 17:57:08 - INFO - Filtered PMTfied file saved to: /lustre/hpc/project/icecube/HE_Nu_Aske_Oct2024/PMTfied_filtered/PureNu/Snowstorm/22014/4/PMTfied_11.parquet
2025-02-13 17:57:12 - INFO - Filtered PMTfied file saved to: /lustre/hpc/project/icecube/HE_Nu_Aske_Oct2024/PMTfied_filtered/PureNu/Snowstorm/22014/4/PMTfied_8.parquet
2025-02-13 17:57:16 - INFO - Filtered PMTfied file saved to: /lustre/hpc/project/icecube/HE_Nu_Aske_Oct2024/PMTfied_filtered/PureNu/Snowstorm/22014/4/PMTfied_4.parquet
2025-02-13 17:57:16 - INFO - Filtering process completed.
2025-02-13 17:57:16 - INFO - Filtering process completed for all selected filters.
2025-02-13 17:57:16 - INFO - Execution time: 54.95 seconds
2025-02-13 17:57:16 - INFO - Updated receipt with execution time: /lustre/hpc/project/icecube/HE_Nu_Aske_Oct2024/PMTfied_filtered/PureNu/Snowstorm/22014/[Receipt]22014_4.json
Job completed at Thu Feb 13 05:57:16 PM CET 2025
