nohup: ignoring input
2025-02-14 20:45:31 - INFO - Event filtering process starts...
2025-02-14 20:45:31 - INFO - Initialized Muon13Filter
2025-02-14 20:45:32 - INFO - Extracted 180046 valid events based on MuonFilter_13.
2025-02-14 20:45:32 - INFO - Starting filtering process for 22014/1
2025-02-14 20:45:32 - INFO - Starting filtering process for 22014/1
2025-02-14 20:45:47 - INFO - Recalculated 'offset' column based on filtered 'N_doms' values.
2025-02-14 20:45:49 - INFO - Filtered truth file saved to: /lustre/hpc/project/icecube/HE_Nu_Aske_Oct2024/PMTfied_filtered/Snowstorm/MuonLike/22014/truth_1.parquet
2025-02-14 20:45:55 - INFO - Filtered PMTfied file saved to: /lustre/hpc/project/icecube/HE_Nu_Aske_Oct2024/PMTfied_filtered/Snowstorm/MuonLike/22014/1/PMTfied_10.parquet
2025-02-14 20:46:02 - INFO - Filtered PMTfied file saved to: /lustre/hpc/project/icecube/HE_Nu_Aske_Oct2024/PMTfied_filtered/Snowstorm/MuonLike/22014/1/PMTfied_1.parquet
2025-02-14 20:46:08 - INFO - Filtered PMTfied file saved to: /lustre/hpc/project/icecube/HE_Nu_Aske_Oct2024/PMTfied_filtered/Snowstorm/MuonLike/22014/1/PMTfied_5.parquet
2025-02-14 20:46:15 - INFO - Filtered PMTfied file saved to: /lustre/hpc/project/icecube/HE_Nu_Aske_Oct2024/PMTfied_filtered/Snowstorm/MuonLike/22014/1/PMTfied_9.parquet
2025-02-14 20:46:21 - INFO - Filtered PMTfied file saved to: /lustre/hpc/project/icecube/HE_Nu_Aske_Oct2024/PMTfied_filtered/Snowstorm/MuonLike/22014/1/PMTfied_8.parquet
2025-02-14 20:46:27 - INFO - Filtered PMTfied file saved to: /lustre/hpc/project/icecube/HE_Nu_Aske_Oct2024/PMTfied_filtered/Snowstorm/MuonLike/22014/1/PMTfied_4.parquet
2025-02-14 20:46:34 - INFO - Filtered PMTfied file saved to: /lustre/hpc/project/icecube/HE_Nu_Aske_Oct2024/PMTfied_filtered/Snowstorm/MuonLike/22014/1/PMTfied_11.parquet
2025-02-14 20:46:40 - INFO - Filtered PMTfied file saved to: /lustre/hpc/project/icecube/HE_Nu_Aske_Oct2024/PMTfied_filtered/Snowstorm/MuonLike/22014/1/PMTfied_2.parquet
2025-02-14 20:46:46 - INFO - Filtered PMTfied file saved to: /lustre/hpc/project/icecube/HE_Nu_Aske_Oct2024/PMTfied_filtered/Snowstorm/MuonLike/22014/1/PMTfied_6.parquet
2025-02-14 20:46:47 - INFO - Filtered PMTfied file saved to: /lustre/hpc/project/icecube/HE_Nu_Aske_Oct2024/PMTfied_filtered/Snowstorm/MuonLike/22014/1/PMTfied_12.parquet
2025-02-14 20:46:53 - INFO - Filtered PMTfied file saved to: /lustre/hpc/project/icecube/HE_Nu_Aske_Oct2024/PMTfied_filtered/Snowstorm/MuonLike/22014/1/PMTfied_3.parquet
2025-02-14 20:46:59 - INFO - Filtered PMTfied file saved to: /lustre/hpc/project/icecube/HE_Nu_Aske_Oct2024/PMTfied_filtered/Snowstorm/MuonLike/22014/1/PMTfied_7.parquet
2025-02-14 20:46:59 - INFO - Filtering process completed.
2025-02-14 20:46:59 - INFO - Filtering process completed.
2025-02-14 20:47:00 - INFO - Unified receipt generated: /lustre/hpc/project/icecube/HE_Nu_Aske_Oct2024/PMTfied_filtered/Snowstorm/MuonLike/22014/[Receipt]22014_1.json
2025-02-14 20:47:00 - INFO - Filtering process completed.
