Starting job at Thu Feb 13 05:10:40 PM CET 2025
Running Filter_by_part.py for subdirectory 22014, part 1
2025-02-13 17:10:40 - INFO - Event filtering process starts...
2025-02-13 17:10:40 - INFO - Initialized Muon13Filter
2025-02-13 17:10:40 - INFO - Starting filtering process for 22014/1
2025-02-13 17:10:48 - INFO - Recalculated 'offset' column based on filtered 'N_doms' values.
2025-02-13 17:10:50 - INFO - Filtered truth file saved to: /lustre/hpc/project/icecube/HE_Nu_Aske_Oct2024/PMTfied_filtered/MuonLike/Snowstorm/22014/truth_1.parquet
2025-02-13 17:10:50 - INFO - Receipt file saved to: /lustre/hpc/project/icecube/HE_Nu_Aske_Oct2024/PMTfied_filtered/MuonLike/Snowstorm/22014/[Receipt]22014_1.json
2025-02-13 17:10:55 - INFO - Filtered PMTfied file saved to: /lustre/hpc/project/icecube/HE_Nu_Aske_Oct2024/PMTfied_filtered/MuonLike/Snowstorm/22014/1/PMTfied_10.parquet
2025-02-13 17:10:59 - INFO - Filtered PMTfied file saved to: /lustre/hpc/project/icecube/HE_Nu_Aske_Oct2024/PMTfied_filtered/MuonLike/Snowstorm/22014/1/PMTfied_1.parquet
2025-02-13 17:11:04 - INFO - Filtered PMTfied file saved to: /lustre/hpc/project/icecube/HE_Nu_Aske_Oct2024/PMTfied_filtered/MuonLike/Snowstorm/22014/1/PMTfied_5.parquet
2025-02-13 17:11:08 - INFO - Filtered PMTfied file saved to: /lustre/hpc/project/icecube/HE_Nu_Aske_Oct2024/PMTfied_filtered/MuonLike/Snowstorm/22014/1/PMTfied_9.parquet
2025-02-13 17:11:13 - INFO - Filtered PMTfied file saved to: /lustre/hpc/project/icecube/HE_Nu_Aske_Oct2024/PMTfied_filtered/MuonLike/Snowstorm/22014/1/PMTfied_8.parquet
2025-02-13 17:11:17 - INFO - Filtered PMTfied file saved to: /lustre/hpc/project/icecube/HE_Nu_Aske_Oct2024/PMTfied_filtered/MuonLike/Snowstorm/22014/1/PMTfied_4.parquet
2025-02-13 17:11:22 - INFO - Filtered PMTfied file saved to: /lustre/hpc/project/icecube/HE_Nu_Aske_Oct2024/PMTfied_filtered/MuonLike/Snowstorm/22014/1/PMTfied_11.parquet
2025-02-13 17:11:26 - INFO - Filtered PMTfied file saved to: /lustre/hpc/project/icecube/HE_Nu_Aske_Oct2024/PMTfied_filtered/MuonLike/Snowstorm/22014/1/PMTfied_2.parquet
2025-02-13 17:11:30 - INFO - Filtered PMTfied file saved to: /lustre/hpc/project/icecube/HE_Nu_Aske_Oct2024/PMTfied_filtered/MuonLike/Snowstorm/22014/1/PMTfied_6.parquet
2025-02-13 17:11:31 - INFO - Filtered PMTfied file saved to: /lustre/hpc/project/icecube/HE_Nu_Aske_Oct2024/PMTfied_filtered/MuonLike/Snowstorm/22014/1/PMTfied_12.parquet
2025-02-13 17:11:35 - INFO - Filtered PMTfied file saved to: /lustre/hpc/project/icecube/HE_Nu_Aske_Oct2024/PMTfied_filtered/MuonLike/Snowstorm/22014/1/PMTfied_3.parquet
2025-02-13 17:11:40 - INFO - Filtered PMTfied file saved to: /lustre/hpc/project/icecube/HE_Nu_Aske_Oct2024/PMTfied_filtered/MuonLike/Snowstorm/22014/1/PMTfied_7.parquet
2025-02-13 17:11:40 - INFO - Filtering process completed.
2025-02-13 17:11:40 - INFO - Filtering process completed for all selected filters.
2025-02-13 17:11:40 - INFO - Execution time: 59.71 seconds
2025-02-13 17:11:40 - INFO - Updated receipt with execution time: /lustre/hpc/project/icecube/HE_Nu_Aske_Oct2024/PMTfied_filtered/MuonLike/Snowstorm/22014/[Receipt]22014_1.json
Job completed at Thu Feb 13 05:11:40 PM CET 2025
