Starting job at Sat Feb 15 12:11:26 PM CET 2025
Running Filter_by_part.py for subdirectory 22014, part 5
2025-02-15 12:11:26 - INFO - Event filtering process starts...
2025-02-15 12:11:26 - INFO - Initialized PureNeutrinoEventFilter filter for 22014/5
2025-02-15 12:11:27 - INFO - Loaded 4 event specifier files from /lustre/hpc/project/icecube/HE_Nu_Aske_Oct2024/clean_events_dict/22014/22014/reduced
2025-02-15 12:11:27 - INFO - Selected 2 CSV files covering event range [2665, 3389]
2025-02-15 12:11:28 - INFO - Loaded 597962 valid (RunID, EventID) pairs from CSV files
2025-02-15 12:11:29 - INFO - Extracted 168291 valid events based on pure neutrino events.
2025-02-15 12:11:29 - INFO - Initialized CompositeEventFilter filter for 22014/5
2025-02-15 12:11:29 - INFO - Initialized (PureNu)
2025-02-15 12:11:29 - INFO - Starting filtering process for 22014/5
2025-02-15 12:11:29 - INFO - Starting filtering process for 22014/5
2025-02-15 12:11:36 - INFO - Recalculated 'offset' column based on filtered 'N_doms' values.
2025-02-15 12:11:37 - INFO - Filtered truth file saved to: /lustre/hpc/project/icecube/HE_Nu_Aske_Oct2024/PMTfied_filtered/Snowstorm/PureNu/22014/truth_5.parquet
2025-02-15 12:11:41 - INFO - Filtered PMTfied file saved to: /lustre/hpc/project/icecube/HE_Nu_Aske_Oct2024/PMTfied_filtered/Snowstorm/PureNu/22014/5/PMTfied_7.parquet
2025-02-15 12:11:45 - INFO - Filtered PMTfied file saved to: /lustre/hpc/project/icecube/HE_Nu_Aske_Oct2024/PMTfied_filtered/Snowstorm/PureNu/22014/5/PMTfied_3.parquet
2025-02-15 12:11:45 - INFO - Filtered PMTfied file saved to: /lustre/hpc/project/icecube/HE_Nu_Aske_Oct2024/PMTfied_filtered/Snowstorm/PureNu/22014/5/PMTfied_12.parquet
2025-02-15 12:11:50 - INFO - Filtered PMTfied file saved to: /lustre/hpc/project/icecube/HE_Nu_Aske_Oct2024/PMTfied_filtered/Snowstorm/PureNu/22014/5/PMTfied_6.parquet
2025-02-15 12:11:54 - INFO - Filtered PMTfied file saved to: /lustre/hpc/project/icecube/HE_Nu_Aske_Oct2024/PMTfied_filtered/Snowstorm/PureNu/22014/5/PMTfied_2.parquet
2025-02-15 12:11:58 - INFO - Filtered PMTfied file saved to: /lustre/hpc/project/icecube/HE_Nu_Aske_Oct2024/PMTfied_filtered/Snowstorm/PureNu/22014/5/PMTfied_8.parquet
2025-02-15 12:12:02 - INFO - Filtered PMTfied file saved to: /lustre/hpc/project/icecube/HE_Nu_Aske_Oct2024/PMTfied_filtered/Snowstorm/PureNu/22014/5/PMTfied_4.parquet
2025-02-15 12:12:06 - INFO - Filtered PMTfied file saved to: /lustre/hpc/project/icecube/HE_Nu_Aske_Oct2024/PMTfied_filtered/Snowstorm/PureNu/22014/5/PMTfied_10.parquet
2025-02-15 12:12:10 - INFO - Filtered PMTfied file saved to: /lustre/hpc/project/icecube/HE_Nu_Aske_Oct2024/PMTfied_filtered/Snowstorm/PureNu/22014/5/PMTfied_5.parquet
2025-02-15 12:12:14 - INFO - Filtered PMTfied file saved to: /lustre/hpc/project/icecube/HE_Nu_Aske_Oct2024/PMTfied_filtered/Snowstorm/PureNu/22014/5/PMTfied_1.parquet
2025-02-15 12:12:18 - INFO - Filtered PMTfied file saved to: /lustre/hpc/project/icecube/HE_Nu_Aske_Oct2024/PMTfied_filtered/Snowstorm/PureNu/22014/5/PMTfied_9.parquet
2025-02-15 12:12:23 - INFO - Filtered PMTfied file saved to: /lustre/hpc/project/icecube/HE_Nu_Aske_Oct2024/PMTfied_filtered/Snowstorm/PureNu/22014/5/PMTfied_11.parquet
2025-02-15 12:12:23 - INFO - Filtering process completed.
2025-02-15 12:12:23 - INFO - Filtering process completed.
2025-02-15 12:12:23 - INFO - Unified receipt generated: /lustre/hpc/project/icecube/HE_Nu_Aske_Oct2024/PMTfied_filtered/Snowstorm/PureNu/22014/[Receipt]22014_5.json
2025-02-15 12:12:23 - INFO - Filtering process completed.
Job completed at Sat Feb 15 12:12:23 PM CET 2025
