Starting job at Mon Feb 24 01:52:45 PM CET 2025
Running Filter_by_part.py for subdirectory 22014, part 3
2025-02-24 13:52:46 - INFO - Event filtering process starts...
2025-02-24 13:52:46 - INFO - Initialized PureNeutrinoEventFilter filter for 22014/3
2025-02-24 13:52:47 - INFO - Loaded 4 event specifier files from /lustre/hpc/project/icecube/HE_Nu_Aske_Oct2024/clean_events_dict/22014/22014/reduced
2025-02-24 13:52:47 - INFO - Selected 2 CSV files covering event range [1317, 2049]
2025-02-24 13:52:48 - INFO - Loaded 798526 valid (RunID, EventID) pairs from CSV files
2025-02-24 13:52:49 - INFO - Extracted 169305 valid events based on pure neutrino events.
2025-02-24 13:52:49 - INFO - Initialized CCFilter filter for 22014/3
2025-02-24 13:52:49 - INFO - Extracted 173702 valid events which are CC interactions.
2025-02-24 13:52:49 - INFO - Initialized ContainmentFilter filter for 22014/3
2025-02-24 13:52:49 - INFO - Extracted 79290 valid events within the specified containment region.
2025-02-24 13:52:49 - INFO - Initialized CompositeEventFilter filter for 22014/3
2025-02-24 13:52:49 - INFO - Initialized (CC_CRclean_Contained)
2025-02-24 13:52:49 - INFO - Starting filtering process for 22014/3
2025-02-24 13:52:49 - INFO - Starting filtering process for 22014/3
2025-02-24 13:52:53 - INFO - Recalculated 'offset' column based on 'N_doms' values within each 'shard_no' group.
2025-02-24 13:52:53 - INFO - Filtered truth file saved to: /lustre/hpc/project/icecube/HE_Nu_Aske_Oct2024/PMTfied_filtered/Snowstorm/CC_CRclean_Contained/22014/truth_3.parquet
2025-02-24 13:52:56 - INFO - Filtered PMTfied file saved to: /lustre/hpc/project/icecube/HE_Nu_Aske_Oct2024/PMTfied_filtered/Snowstorm/CC_CRclean_Contained/22014/3/PMTfied_11.parquet
2025-02-24 13:52:59 - INFO - Filtered PMTfied file saved to: /lustre/hpc/project/icecube/HE_Nu_Aske_Oct2024/PMTfied_filtered/Snowstorm/CC_CRclean_Contained/22014/3/PMTfied_6.parquet
2025-02-24 13:53:02 - INFO - Filtered PMTfied file saved to: /lustre/hpc/project/icecube/HE_Nu_Aske_Oct2024/PMTfied_filtered/Snowstorm/CC_CRclean_Contained/22014/3/PMTfied_2.parquet
2025-02-24 13:53:05 - INFO - Filtered PMTfied file saved to: /lustre/hpc/project/icecube/HE_Nu_Aske_Oct2024/PMTfied_filtered/Snowstorm/CC_CRclean_Contained/22014/3/PMTfied_7.parquet
2025-02-24 13:53:08 - INFO - Filtered PMTfied file saved to: /lustre/hpc/project/icecube/HE_Nu_Aske_Oct2024/PMTfied_filtered/Snowstorm/CC_CRclean_Contained/22014/3/PMTfied_3.parquet
2025-02-24 13:53:11 - INFO - Filtered PMTfied file saved to: /lustre/hpc/project/icecube/HE_Nu_Aske_Oct2024/PMTfied_filtered/Snowstorm/CC_CRclean_Contained/22014/3/PMTfied_10.parquet
2025-02-24 13:53:14 - INFO - Filtered PMTfied file saved to: /lustre/hpc/project/icecube/HE_Nu_Aske_Oct2024/PMTfied_filtered/Snowstorm/CC_CRclean_Contained/22014/3/PMTfied_5.parquet
2025-02-24 13:53:17 - INFO - Filtered PMTfied file saved to: /lustre/hpc/project/icecube/HE_Nu_Aske_Oct2024/PMTfied_filtered/Snowstorm/CC_CRclean_Contained/22014/3/PMTfied_1.parquet
2025-02-24 13:53:20 - INFO - Filtered PMTfied file saved to: /lustre/hpc/project/icecube/HE_Nu_Aske_Oct2024/PMTfied_filtered/Snowstorm/CC_CRclean_Contained/22014/3/PMTfied_9.parquet
2025-02-24 13:53:21 - INFO - Filtered PMTfied file saved to: /lustre/hpc/project/icecube/HE_Nu_Aske_Oct2024/PMTfied_filtered/Snowstorm/CC_CRclean_Contained/22014/3/PMTfied_12.parquet
2025-02-24 13:53:24 - INFO - Filtered PMTfied file saved to: /lustre/hpc/project/icecube/HE_Nu_Aske_Oct2024/PMTfied_filtered/Snowstorm/CC_CRclean_Contained/22014/3/PMTfied_8.parquet
2025-02-24 13:53:27 - INFO - Filtered PMTfied file saved to: /lustre/hpc/project/icecube/HE_Nu_Aske_Oct2024/PMTfied_filtered/Snowstorm/CC_CRclean_Contained/22014/3/PMTfied_4.parquet
2025-02-24 13:53:27 - INFO - Filtering process completed.
2025-02-24 13:53:27 - INFO - Filtering process completed.
2025-02-24 13:53:27 - INFO - Unified receipt generated: /lustre/hpc/project/icecube/HE_Nu_Aske_Oct2024/PMTfied_filtered/Snowstorm/CC_CRclean_Contained/22014/[Receipt]22014_3.json
2025-02-24 13:53:27 - INFO - Filtering process completed.
Job completed at Mon Feb 24 01:53:27 PM CET 2025
