Starting job at Mon Feb 17 04:17:26 PM CET 2025
Running Filter_by_part.py for subdirectory 22014, part 5
2025-02-17 16:17:27 - INFO - Event filtering process starts...
2025-02-17 16:17:27 - INFO - Initialized PureNeutrinoEventFilter filter for 22014/5
2025-02-17 16:17:28 - INFO - Loaded 4 event specifier files from /lustre/hpc/project/icecube/HE_Nu_Aske_Oct2024/clean_events_dict/22014/22014/reduced
2025-02-17 16:17:28 - INFO - Selected 2 CSV files covering event range [2665, 3389]
2025-02-17 16:17:29 - INFO - Loaded 597962 valid (RunID, EventID) pairs from CSV files
2025-02-17 16:17:29 - INFO - Extracted 168291 valid events based on pure neutrino events.
2025-02-17 16:17:29 - INFO - Initialized Muon13Filter filter for 22014/5
2025-02-17 16:17:30 - INFO - Extracted 179976 valid events where MuonFilter_13==True.
2025-02-17 16:17:30 - INFO - Initialized CompositeEventFilter filter for 22014/5
2025-02-17 16:17:30 - INFO - Initialized (MuonLike_PureNu)
2025-02-17 16:17:30 - INFO - Starting filtering process for 22014/5
2025-02-17 16:17:30 - INFO - Starting filtering process for 22014/5
2025-02-17 16:17:36 - INFO - Recalculated 'offset' column based on 'N_doms' values within each 'shard_no' group.
2025-02-17 16:17:38 - INFO - Filtered truth file saved to: /lustre/hpc/project/icecube/HE_Nu_Aske_Oct2024/PMTfied_filtered/Snowstorm/MuonLike_PureNu/22014/truth_5.parquet
2025-02-17 16:17:42 - INFO - Filtered PMTfied file saved to: /lustre/hpc/project/icecube/HE_Nu_Aske_Oct2024/PMTfied_filtered/Snowstorm/MuonLike_PureNu/22014/5/PMTfied_7.parquet
2025-02-17 16:17:46 - INFO - Filtered PMTfied file saved to: /lustre/hpc/project/icecube/HE_Nu_Aske_Oct2024/PMTfied_filtered/Snowstorm/MuonLike_PureNu/22014/5/PMTfied_3.parquet
2025-02-17 16:17:47 - INFO - Filtered PMTfied file saved to: /lustre/hpc/project/icecube/HE_Nu_Aske_Oct2024/PMTfied_filtered/Snowstorm/MuonLike_PureNu/22014/5/PMTfied_12.parquet
2025-02-17 16:17:52 - INFO - Filtered PMTfied file saved to: /lustre/hpc/project/icecube/HE_Nu_Aske_Oct2024/PMTfied_filtered/Snowstorm/MuonLike_PureNu/22014/5/PMTfied_6.parquet
2025-02-17 16:17:56 - INFO - Filtered PMTfied file saved to: /lustre/hpc/project/icecube/HE_Nu_Aske_Oct2024/PMTfied_filtered/Snowstorm/MuonLike_PureNu/22014/5/PMTfied_2.parquet
2025-02-17 16:18:00 - INFO - Filtered PMTfied file saved to: /lustre/hpc/project/icecube/HE_Nu_Aske_Oct2024/PMTfied_filtered/Snowstorm/MuonLike_PureNu/22014/5/PMTfied_8.parquet
2025-02-17 16:18:04 - INFO - Filtered PMTfied file saved to: /lustre/hpc/project/icecube/HE_Nu_Aske_Oct2024/PMTfied_filtered/Snowstorm/MuonLike_PureNu/22014/5/PMTfied_4.parquet
2025-02-17 16:18:09 - INFO - Filtered PMTfied file saved to: /lustre/hpc/project/icecube/HE_Nu_Aske_Oct2024/PMTfied_filtered/Snowstorm/MuonLike_PureNu/22014/5/PMTfied_10.parquet
2025-02-17 16:18:13 - INFO - Filtered PMTfied file saved to: /lustre/hpc/project/icecube/HE_Nu_Aske_Oct2024/PMTfied_filtered/Snowstorm/MuonLike_PureNu/22014/5/PMTfied_5.parquet
2025-02-17 16:18:17 - INFO - Filtered PMTfied file saved to: /lustre/hpc/project/icecube/HE_Nu_Aske_Oct2024/PMTfied_filtered/Snowstorm/MuonLike_PureNu/22014/5/PMTfied_1.parquet
2025-02-17 16:18:21 - INFO - Filtered PMTfied file saved to: /lustre/hpc/project/icecube/HE_Nu_Aske_Oct2024/PMTfied_filtered/Snowstorm/MuonLike_PureNu/22014/5/PMTfied_9.parquet
2025-02-17 16:18:26 - INFO - Filtered PMTfied file saved to: /lustre/hpc/project/icecube/HE_Nu_Aske_Oct2024/PMTfied_filtered/Snowstorm/MuonLike_PureNu/22014/5/PMTfied_11.parquet
2025-02-17 16:18:26 - INFO - Filtering process completed.
2025-02-17 16:18:26 - INFO - Filtering process completed.
2025-02-17 16:18:26 - INFO - Unified receipt generated: /lustre/hpc/project/icecube/HE_Nu_Aske_Oct2024/PMTfied_filtered/Snowstorm/MuonLike_PureNu/22014/[Receipt]22014_5.json
2025-02-17 16:18:26 - INFO - Filtering process completed.
Job completed at Mon Feb 17 04:18:26 PM CET 2025
