Starting job at Mon Feb 17 03:59:08 PM CET 2025
Running Filter_by_part.py for subdirectory 22014, part 4
2025-02-17 15:59:09 - INFO - Event filtering process starts...
2025-02-17 15:59:09 - INFO - Initialized PureNeutrinoEventFilter filter for 22014/4
2025-02-17 15:59:10 - INFO - Loaded 4 event specifier files from /lustre/hpc/project/icecube/HE_Nu_Aske_Oct2024/clean_events_dict/22014/22014/reduced
2025-02-17 15:59:10 - INFO - Selected 2 CSV files covering event range [1989, 2719]
2025-02-17 15:59:11 - INFO - Loaded 798526 valid (RunID, EventID) pairs from CSV files
2025-02-17 15:59:12 - INFO - Extracted 169745 valid events based on pure neutrino events.
2025-02-17 15:59:12 - INFO - Initialized CompositeEventFilter filter for 22014/4
2025-02-17 15:59:12 - INFO - Initialized (PureNu)
2025-02-17 15:59:12 - INFO - Starting filtering process for 22014/4
2025-02-17 15:59:12 - INFO - Starting filtering process for 22014/4
2025-02-17 15:59:19 - INFO - Recalculated 'offset' column based on 'N_doms' values within each 'shard_no' group.
2025-02-17 15:59:20 - INFO - Filtered truth file saved to: /lustre/hpc/project/icecube/HE_Nu_Aske_Oct2024/PMTfied_filtered/Snowstorm/PureNu/22014/truth_4.parquet
2025-02-17 15:59:24 - INFO - Filtered PMTfied file saved to: /lustre/hpc/project/icecube/HE_Nu_Aske_Oct2024/PMTfied_filtered/Snowstorm/PureNu/22014/4/PMTfied_6.parquet
2025-02-17 15:59:28 - INFO - Filtered PMTfied file saved to: /lustre/hpc/project/icecube/HE_Nu_Aske_Oct2024/PMTfied_filtered/Snowstorm/PureNu/22014/4/PMTfied_2.parquet
2025-02-17 15:59:32 - INFO - Filtered PMTfied file saved to: /lustre/hpc/project/icecube/HE_Nu_Aske_Oct2024/PMTfied_filtered/Snowstorm/PureNu/22014/4/PMTfied_7.parquet
2025-02-17 15:59:36 - INFO - Filtered PMTfied file saved to: /lustre/hpc/project/icecube/HE_Nu_Aske_Oct2024/PMTfied_filtered/Snowstorm/PureNu/22014/4/PMTfied_3.parquet
2025-02-17 15:59:37 - INFO - Filtered PMTfied file saved to: /lustre/hpc/project/icecube/HE_Nu_Aske_Oct2024/PMTfied_filtered/Snowstorm/PureNu/22014/4/PMTfied_12.parquet
2025-02-17 15:59:41 - INFO - Filtered PMTfied file saved to: /lustre/hpc/project/icecube/HE_Nu_Aske_Oct2024/PMTfied_filtered/Snowstorm/PureNu/22014/4/PMTfied_10.parquet
2025-02-17 15:59:45 - INFO - Filtered PMTfied file saved to: /lustre/hpc/project/icecube/HE_Nu_Aske_Oct2024/PMTfied_filtered/Snowstorm/PureNu/22014/4/PMTfied_5.parquet
2025-02-17 15:59:49 - INFO - Filtered PMTfied file saved to: /lustre/hpc/project/icecube/HE_Nu_Aske_Oct2024/PMTfied_filtered/Snowstorm/PureNu/22014/4/PMTfied_1.parquet
2025-02-17 15:59:53 - INFO - Filtered PMTfied file saved to: /lustre/hpc/project/icecube/HE_Nu_Aske_Oct2024/PMTfied_filtered/Snowstorm/PureNu/22014/4/PMTfied_9.parquet
2025-02-17 15:59:57 - INFO - Filtered PMTfied file saved to: /lustre/hpc/project/icecube/HE_Nu_Aske_Oct2024/PMTfied_filtered/Snowstorm/PureNu/22014/4/PMTfied_11.parquet
2025-02-17 16:00:00 - INFO - Filtered PMTfied file saved to: /lustre/hpc/project/icecube/HE_Nu_Aske_Oct2024/PMTfied_filtered/Snowstorm/PureNu/22014/4/PMTfied_8.parquet
2025-02-17 16:00:04 - INFO - Filtered PMTfied file saved to: /lustre/hpc/project/icecube/HE_Nu_Aske_Oct2024/PMTfied_filtered/Snowstorm/PureNu/22014/4/PMTfied_4.parquet
2025-02-17 16:00:04 - INFO - Filtering process completed.
2025-02-17 16:00:04 - INFO - Filtering process completed.
2025-02-17 16:00:05 - INFO - Unified receipt generated: /lustre/hpc/project/icecube/HE_Nu_Aske_Oct2024/PMTfied_filtered/Snowstorm/PureNu/22014/[Receipt]22014_4.json
2025-02-17 16:00:05 - INFO - Filtering process completed.
Job completed at Mon Feb 17 04:00:05 PM CET 2025
