Starting job at Mon Feb 24 01:52:57 PM CET 2025
Running Filter_by_part.py for subdirectory 22014, part 6
2025-02-24 13:52:58 - INFO - Event filtering process starts...
2025-02-24 13:52:58 - INFO - Initialized PureNeutrinoEventFilter filter for 22014/6
2025-02-24 13:52:58 - INFO - Loaded 4 event specifier files from /lustre/hpc/project/icecube/HE_Nu_Aske_Oct2024/clean_events_dict/22014/22014/reduced
2025-02-24 13:52:58 - INFO - Selected 1 CSV files covering event range [3337, 3499]
2025-02-24 13:52:58 - INFO - Loaded 199380 valid (RunID, EventID) pairs from CSV files
2025-02-24 13:52:58 - INFO - Extracted 30418 valid events based on pure neutrino events.
2025-02-24 13:52:58 - INFO - Initialized CCFilter filter for 22014/6
2025-02-24 13:52:58 - INFO - Extracted 31198 valid events which are CC interactions.
2025-02-24 13:52:58 - INFO - Initialized ContainmentFilter filter for 22014/6
2025-02-24 13:52:59 - INFO - Extracted 14374 valid events within the specified containment region.
2025-02-24 13:52:59 - INFO - Initialized CompositeEventFilter filter for 22014/6
2025-02-24 13:52:59 - INFO - Initialized (CC_CRclean_Contained)
2025-02-24 13:52:59 - INFO - Starting filtering process for 22014/6
2025-02-24 13:52:59 - INFO - Starting filtering process for 22014/6
2025-02-24 13:52:59 - INFO - Recalculated 'offset' column based on 'N_doms' values within each 'shard_no' group.
2025-02-24 13:52:59 - INFO - Filtered truth file saved to: /lustre/hpc/project/icecube/HE_Nu_Aske_Oct2024/PMTfied_filtered/Snowstorm/CC_CRclean_Contained/22014/truth_6.parquet
2025-02-24 13:53:02 - INFO - Filtered PMTfied file saved to: /lustre/hpc/project/icecube/HE_Nu_Aske_Oct2024/PMTfied_filtered/Snowstorm/CC_CRclean_Contained/22014/6/PMTfied_2.parquet
2025-02-24 13:53:04 - INFO - Filtered PMTfied file saved to: /lustre/hpc/project/icecube/HE_Nu_Aske_Oct2024/PMTfied_filtered/Snowstorm/CC_CRclean_Contained/22014/6/PMTfied_1.parquet
2025-02-24 13:53:04 - INFO - Filtering process completed.
2025-02-24 13:53:04 - INFO - Filtering process completed.
2025-02-24 13:53:04 - INFO - Unified receipt generated: /lustre/hpc/project/icecube/HE_Nu_Aske_Oct2024/PMTfied_filtered/Snowstorm/CC_CRclean_Contained/22014/[Receipt]22014_6.json
2025-02-24 13:53:04 - INFO - Filtering process completed.
Job completed at Mon Feb 24 01:53:04 PM CET 2025
