Starting job at Sat Feb 15 12:04:45 PM CET 2025
Running Filter_by_part.py for subdirectory 22014, part 1
2025-02-15 12:04:45 - INFO - Event filtering process starts...
2025-02-15 12:04:45 - INFO - Initialized Muon13Filter filter for 22014/1
2025-02-15 12:04:46 - INFO - Extracted 180046 valid events where MuonFilter_13==True.
2025-02-15 12:04:46 - INFO - Initialized CompositeEventFilter filter for 22014/1
2025-02-15 12:04:46 - INFO - Initialized (MuonLike)
2025-02-15 12:04:46 - INFO - Starting filtering process for 22014/1
2025-02-15 12:04:46 - INFO - Starting filtering process for 22014/1
2025-02-15 12:04:53 - INFO - Recalculated 'offset' column based on filtered 'N_doms' values.
2025-02-15 12:04:55 - INFO - Filtered truth file saved to: /lustre/hpc/project/icecube/HE_Nu_Aske_Oct2024/PMTfied_filtered/Snowstorm/MuonLike/22014/truth_1.parquet
2025-02-15 12:05:00 - INFO - Filtered PMTfied file saved to: /lustre/hpc/project/icecube/HE_Nu_Aske_Oct2024/PMTfied_filtered/Snowstorm/MuonLike/22014/1/PMTfied_10.parquet
2025-02-15 12:05:04 - INFO - Filtered PMTfied file saved to: /lustre/hpc/project/icecube/HE_Nu_Aske_Oct2024/PMTfied_filtered/Snowstorm/MuonLike/22014/1/PMTfied_1.parquet
2025-02-15 12:05:08 - INFO - Filtered PMTfied file saved to: /lustre/hpc/project/icecube/HE_Nu_Aske_Oct2024/PMTfied_filtered/Snowstorm/MuonLike/22014/1/PMTfied_5.parquet
2025-02-15 12:05:13 - INFO - Filtered PMTfied file saved to: /lustre/hpc/project/icecube/HE_Nu_Aske_Oct2024/PMTfied_filtered/Snowstorm/MuonLike/22014/1/PMTfied_9.parquet
2025-02-15 12:05:17 - INFO - Filtered PMTfied file saved to: /lustre/hpc/project/icecube/HE_Nu_Aske_Oct2024/PMTfied_filtered/Snowstorm/MuonLike/22014/1/PMTfied_8.parquet
2025-02-15 12:05:22 - INFO - Filtered PMTfied file saved to: /lustre/hpc/project/icecube/HE_Nu_Aske_Oct2024/PMTfied_filtered/Snowstorm/MuonLike/22014/1/PMTfied_4.parquet
2025-02-15 12:05:26 - INFO - Filtered PMTfied file saved to: /lustre/hpc/project/icecube/HE_Nu_Aske_Oct2024/PMTfied_filtered/Snowstorm/MuonLike/22014/1/PMTfied_11.parquet
2025-02-15 12:05:30 - INFO - Filtered PMTfied file saved to: /lustre/hpc/project/icecube/HE_Nu_Aske_Oct2024/PMTfied_filtered/Snowstorm/MuonLike/22014/1/PMTfied_2.parquet
2025-02-15 12:05:34 - INFO - Filtered PMTfied file saved to: /lustre/hpc/project/icecube/HE_Nu_Aske_Oct2024/PMTfied_filtered/Snowstorm/MuonLike/22014/1/PMTfied_6.parquet
2025-02-15 12:05:35 - INFO - Filtered PMTfied file saved to: /lustre/hpc/project/icecube/HE_Nu_Aske_Oct2024/PMTfied_filtered/Snowstorm/MuonLike/22014/1/PMTfied_12.parquet
2025-02-15 12:05:40 - INFO - Filtered PMTfied file saved to: /lustre/hpc/project/icecube/HE_Nu_Aske_Oct2024/PMTfied_filtered/Snowstorm/MuonLike/22014/1/PMTfied_3.parquet
2025-02-15 12:05:44 - INFO - Filtered PMTfied file saved to: /lustre/hpc/project/icecube/HE_Nu_Aske_Oct2024/PMTfied_filtered/Snowstorm/MuonLike/22014/1/PMTfied_7.parquet
2025-02-15 12:05:44 - INFO - Filtering process completed.
2025-02-15 12:05:44 - INFO - Filtering process completed.
2025-02-15 12:05:44 - INFO - Unified receipt generated: /lustre/hpc/project/icecube/HE_Nu_Aske_Oct2024/PMTfied_filtered/Snowstorm/MuonLike/22014/[Receipt]22014_1.json
2025-02-15 12:05:44 - INFO - Filtering process completed.
Job completed at Sat Feb 15 12:05:44 PM CET 2025
