Starting job at Thu Feb 13 05:56:21 PM CET 2025
Running Filter_by_part.py for subdirectory 22014, part 2
2025-02-13 17:56:21 - INFO - Event filtering process starts...
2025-02-13 17:56:21 - INFO - Initialized PureNeutrinoEventFilter
2025-02-13 17:56:21 - INFO - Starting filtering process for 22014/2
2025-02-13 17:56:22 - INFO - Loaded 4 event specifier files from /lustre/hpc/project/icecube/HE_Nu_Aske_Oct2024/clean_events_dict/22014/22014/reduced
2025-02-13 17:56:22 - INFO - Selected 2 CSV files covering event range [676, 1379]
2025-02-13 17:56:24 - INFO - Loaded 798142 valid (RunID, EventID) pairs from CSV files
2025-02-13 17:56:32 - INFO - Recalculated 'offset' column based on filtered 'N_doms' values.
2025-02-13 17:56:33 - INFO - Filtered truth file saved to: /lustre/hpc/project/icecube/HE_Nu_Aske_Oct2024/PMTfied_filtered/PureNu/Snowstorm/22014/truth_2.parquet
2025-02-13 17:56:33 - INFO - Receipt file saved to: /lustre/hpc/project/icecube/HE_Nu_Aske_Oct2024/PMTfied_filtered/PureNu/Snowstorm/22014/[Receipt]22014_2.json
2025-02-13 17:56:38 - INFO - Filtered PMTfied file saved to: /lustre/hpc/project/icecube/HE_Nu_Aske_Oct2024/PMTfied_filtered/PureNu/Snowstorm/22014/2/PMTfied_4.parquet
2025-02-13 17:56:42 - INFO - Filtered PMTfied file saved to: /lustre/hpc/project/icecube/HE_Nu_Aske_Oct2024/PMTfied_filtered/PureNu/Snowstorm/22014/2/PMTfied_8.parquet
2025-02-13 17:56:43 - INFO - Filtered PMTfied file saved to: /lustre/hpc/project/icecube/HE_Nu_Aske_Oct2024/PMTfied_filtered/PureNu/Snowstorm/22014/2/PMTfied_12.parquet
2025-02-13 17:56:47 - INFO - Filtered PMTfied file saved to: /lustre/hpc/project/icecube/HE_Nu_Aske_Oct2024/PMTfied_filtered/PureNu/Snowstorm/22014/2/PMTfied_9.parquet
2025-02-13 17:56:51 - INFO - Filtered PMTfied file saved to: /lustre/hpc/project/icecube/HE_Nu_Aske_Oct2024/PMTfied_filtered/PureNu/Snowstorm/22014/2/PMTfied_5.parquet
2025-02-13 17:56:55 - INFO - Filtered PMTfied file saved to: /lustre/hpc/project/icecube/HE_Nu_Aske_Oct2024/PMTfied_filtered/PureNu/Snowstorm/22014/2/PMTfied_1.parquet
2025-02-13 17:57:00 - INFO - Filtered PMTfied file saved to: /lustre/hpc/project/icecube/HE_Nu_Aske_Oct2024/PMTfied_filtered/PureNu/Snowstorm/22014/2/PMTfied_7.parquet
2025-02-13 17:57:04 - INFO - Filtered PMTfied file saved to: /lustre/hpc/project/icecube/HE_Nu_Aske_Oct2024/PMTfied_filtered/PureNu/Snowstorm/22014/2/PMTfied_3.parquet
2025-02-13 17:57:08 - INFO - Filtered PMTfied file saved to: /lustre/hpc/project/icecube/HE_Nu_Aske_Oct2024/PMTfied_filtered/PureNu/Snowstorm/22014/2/PMTfied_11.parquet
2025-02-13 17:57:13 - INFO - Filtered PMTfied file saved to: /lustre/hpc/project/icecube/HE_Nu_Aske_Oct2024/PMTfied_filtered/PureNu/Snowstorm/22014/2/PMTfied_6.parquet
2025-02-13 17:58:18 - INFO - Filtered PMTfied file saved to: /lustre/hpc/project/icecube/HE_Nu_Aske_Oct2024/PMTfied_filtered/PureNu/Snowstorm/22014/2/PMTfied_2.parquet
2025-02-13 17:58:22 - INFO - Filtered PMTfied file saved to: /lustre/hpc/project/icecube/HE_Nu_Aske_Oct2024/PMTfied_filtered/PureNu/Snowstorm/22014/2/PMTfied_10.parquet
2025-02-13 17:58:22 - INFO - Filtering process completed.
2025-02-13 17:58:22 - INFO - Filtering process completed for all selected filters.
2025-02-13 17:58:22 - INFO - Execution time: 120.93 seconds
2025-02-13 17:58:22 - INFO - Updated receipt with execution time: /lustre/hpc/project/icecube/HE_Nu_Aske_Oct2024/PMTfied_filtered/PureNu/Snowstorm/22014/[Receipt]22014_2.json
Job completed at Thu Feb 13 05:58:22 PM CET 2025
