nohup: ignoring input
2025-02-14 21:06:51 - INFO - Event filtering process starts...
2025-02-14 21:06:51 - INFO - Initialized PureNeutrinoEventFilter
2025-02-14 21:06:52 - INFO - Loaded 4 event specifier files from /lustre/hpc/project/icecube/HE_Nu_Aske_Oct2024/clean_events_dict/22014/22014/reduced
2025-02-14 21:06:52 - INFO - Selected 1 CSV files covering event range [0, 806]
2025-02-14 21:06:53 - INFO - Loaded 398198 valid (RunID, EventID) pairs from CSV files
2025-02-14 21:06:54 - INFO - Extracted 169215 valid events based on pure neutrino events.
2025-02-14 21:06:54 - INFO - Initialized Muon13Filter
2025-02-14 21:06:55 - INFO - Extracted 180046 valid events based on MuonFilter_13.
2025-02-14 21:06:55 - ERROR - An error occurred: get_valid_event_nos() missing 1 required positional argument: 'self'
Traceback (most recent call last):
  File "/lustre/hpc/icecube/cyan/factory/DOMification/Selection/Filter_by_part.py", line 65, in <module>
    main()
  File "/lustre/hpc/icecube/cyan/factory/DOMification/Selection/Filter_by_part.py", line 61, in main
    run()
  File "/lustre/hpc/icecube/cyan/factory/DOMification/Selection/Filter_by_part.py", line 48, in run
    filter_manager = EventFilterManager(
  File "/lustre/hpc/icecube/cyan/factory/DOMification/Selection/EventFilterManager.py", line 18, in __init__
    self.filter_obj = self._build_Filter_object()
  File "/lustre/hpc/icecube/cyan/factory/DOMification/Selection/EventFilterManager.py", line 53, in _build_Filter_object
    valid_event_nos = self._synthesize_valid_event_nos()
  File "/lustre/hpc/icecube/cyan/factory/DOMification/Selection/EventFilterManager.py", line 76, in _synthesize_valid_event_nos
    event_sets = {alias: f.get_valid_event_nos() for alias, f in self.filters.items()}
  File "/lustre/hpc/icecube/cyan/factory/DOMification/Selection/EventFilterManager.py", line 76, in <dictcomp>
    event_sets = {alias: f.get_valid_event_nos() for alias, f in self.filters.items()}
TypeError: get_valid_event_nos() missing 1 required positional argument: 'self'
