Starting job at Sat Feb 15 12:04:52 PM CET 2025
Running Filter_by_part.py for subdirectory 22014, part 3
2025-02-15 12:04:52 - INFO - Event filtering process starts...
2025-02-15 12:04:52 - INFO - Initialized Muon13Filter filter for 22014/3
2025-02-15 12:04:53 - INFO - Extracted 180004 valid events where MuonFilter_13==True.
2025-02-15 12:04:53 - INFO - Initialized CompositeEventFilter filter for 22014/3
2025-02-15 12:04:53 - INFO - Initialized (MuonLike)
2025-02-15 12:04:53 - INFO - Starting filtering process for 22014/3
2025-02-15 12:04:53 - INFO - Starting filtering process for 22014/3
2025-02-15 12:05:01 - INFO - Recalculated 'offset' column based on filtered 'N_doms' values.
2025-02-15 12:05:02 - INFO - Filtered truth file saved to: /lustre/hpc/project/icecube/HE_Nu_Aske_Oct2024/PMTfied_filtered/Snowstorm/MuonLike/22014/truth_3.parquet
2025-02-15 12:05:06 - INFO - Filtered PMTfied file saved to: /lustre/hpc/project/icecube/HE_Nu_Aske_Oct2024/PMTfied_filtered/Snowstorm/MuonLike/22014/3/PMTfied_11.parquet
2025-02-15 12:05:11 - INFO - Filtered PMTfied file saved to: /lustre/hpc/project/icecube/HE_Nu_Aske_Oct2024/PMTfied_filtered/Snowstorm/MuonLike/22014/3/PMTfied_6.parquet
2025-02-15 12:05:15 - INFO - Filtered PMTfied file saved to: /lustre/hpc/project/icecube/HE_Nu_Aske_Oct2024/PMTfied_filtered/Snowstorm/MuonLike/22014/3/PMTfied_2.parquet
2025-02-15 12:05:20 - INFO - Filtered PMTfied file saved to: /lustre/hpc/project/icecube/HE_Nu_Aske_Oct2024/PMTfied_filtered/Snowstorm/MuonLike/22014/3/PMTfied_7.parquet
2025-02-15 12:05:24 - INFO - Filtered PMTfied file saved to: /lustre/hpc/project/icecube/HE_Nu_Aske_Oct2024/PMTfied_filtered/Snowstorm/MuonLike/22014/3/PMTfied_3.parquet
2025-02-15 12:05:28 - INFO - Filtered PMTfied file saved to: /lustre/hpc/project/icecube/HE_Nu_Aske_Oct2024/PMTfied_filtered/Snowstorm/MuonLike/22014/3/PMTfied_10.parquet
2025-02-15 12:05:33 - INFO - Filtered PMTfied file saved to: /lustre/hpc/project/icecube/HE_Nu_Aske_Oct2024/PMTfied_filtered/Snowstorm/MuonLike/22014/3/PMTfied_5.parquet
2025-02-15 12:05:37 - INFO - Filtered PMTfied file saved to: /lustre/hpc/project/icecube/HE_Nu_Aske_Oct2024/PMTfied_filtered/Snowstorm/MuonLike/22014/3/PMTfied_1.parquet
2025-02-15 12:05:41 - INFO - Filtered PMTfied file saved to: /lustre/hpc/project/icecube/HE_Nu_Aske_Oct2024/PMTfied_filtered/Snowstorm/MuonLike/22014/3/PMTfied_9.parquet
2025-02-15 12:05:42 - INFO - Filtered PMTfied file saved to: /lustre/hpc/project/icecube/HE_Nu_Aske_Oct2024/PMTfied_filtered/Snowstorm/MuonLike/22014/3/PMTfied_12.parquet
2025-02-15 12:05:46 - INFO - Filtered PMTfied file saved to: /lustre/hpc/project/icecube/HE_Nu_Aske_Oct2024/PMTfied_filtered/Snowstorm/MuonLike/22014/3/PMTfied_8.parquet
2025-02-15 12:05:51 - INFO - Filtered PMTfied file saved to: /lustre/hpc/project/icecube/HE_Nu_Aske_Oct2024/PMTfied_filtered/Snowstorm/MuonLike/22014/3/PMTfied_4.parquet
2025-02-15 12:05:51 - INFO - Filtering process completed.
2025-02-15 12:05:51 - INFO - Filtering process completed.
2025-02-15 12:05:51 - INFO - Unified receipt generated: /lustre/hpc/project/icecube/HE_Nu_Aske_Oct2024/PMTfied_filtered/Snowstorm/MuonLike/22014/[Receipt]22014_3.json
2025-02-15 12:05:51 - INFO - Filtering process completed.
Job completed at Sat Feb 15 12:05:51 PM CET 2025
