Starting job at Mon Feb 17 04:17:16 PM CET 2025
Running Filter_by_part.py for subdirectory 22014, part 1
2025-02-17 16:17:16 - INFO - Event filtering process starts...
2025-02-17 16:17:16 - INFO - Initialized PureNeutrinoEventFilter filter for 22014/1
2025-02-17 16:17:16 - INFO - Loaded 4 event specifier files from /lustre/hpc/project/icecube/HE_Nu_Aske_Oct2024/clean_events_dict/22014/22014/reduced
2025-02-17 16:17:16 - INFO - Selected 1 CSV files covering event range [0, 806]
2025-02-17 16:17:16 - INFO - Loaded 398198 valid (RunID, EventID) pairs from CSV files
2025-02-17 16:17:17 - INFO - Extracted 169215 valid events based on pure neutrino events.
2025-02-17 16:17:17 - INFO - Initialized Muon13Filter filter for 22014/1
2025-02-17 16:17:17 - INFO - Extracted 180046 valid events where MuonFilter_13==True.
2025-02-17 16:17:17 - INFO - Initialized CompositeEventFilter filter for 22014/1
2025-02-17 16:17:17 - INFO - Initialized (MuonLike_PureNu)
2025-02-17 16:17:17 - INFO - Starting filtering process for 22014/1
2025-02-17 16:17:17 - INFO - Starting filtering process for 22014/1
2025-02-17 16:17:20 - INFO - Recalculated 'offset' column based on 'N_doms' values within each 'shard_no' group.
2025-02-17 16:17:20 - INFO - Filtered truth file saved to: /lustre/hpc/project/icecube/HE_Nu_Aske_Oct2024/PMTfied_filtered/Snowstorm/MuonLike_PureNu/22014/truth_1.parquet
2025-02-17 16:17:22 - INFO - Filtered PMTfied file saved to: /lustre/hpc/project/icecube/HE_Nu_Aske_Oct2024/PMTfied_filtered/Snowstorm/MuonLike_PureNu/22014/1/PMTfied_10.parquet
2025-02-17 16:17:24 - INFO - Filtered PMTfied file saved to: /lustre/hpc/project/icecube/HE_Nu_Aske_Oct2024/PMTfied_filtered/Snowstorm/MuonLike_PureNu/22014/1/PMTfied_1.parquet
2025-02-17 16:17:26 - INFO - Filtered PMTfied file saved to: /lustre/hpc/project/icecube/HE_Nu_Aske_Oct2024/PMTfied_filtered/Snowstorm/MuonLike_PureNu/22014/1/PMTfied_5.parquet
2025-02-17 16:17:28 - INFO - Filtered PMTfied file saved to: /lustre/hpc/project/icecube/HE_Nu_Aske_Oct2024/PMTfied_filtered/Snowstorm/MuonLike_PureNu/22014/1/PMTfied_9.parquet
2025-02-17 16:17:30 - INFO - Filtered PMTfied file saved to: /lustre/hpc/project/icecube/HE_Nu_Aske_Oct2024/PMTfied_filtered/Snowstorm/MuonLike_PureNu/22014/1/PMTfied_8.parquet
2025-02-17 16:17:31 - INFO - Filtered PMTfied file saved to: /lustre/hpc/project/icecube/HE_Nu_Aske_Oct2024/PMTfied_filtered/Snowstorm/MuonLike_PureNu/22014/1/PMTfied_4.parquet
2025-02-17 16:17:33 - INFO - Filtered PMTfied file saved to: /lustre/hpc/project/icecube/HE_Nu_Aske_Oct2024/PMTfied_filtered/Snowstorm/MuonLike_PureNu/22014/1/PMTfied_11.parquet
2025-02-17 16:17:35 - INFO - Filtered PMTfied file saved to: /lustre/hpc/project/icecube/HE_Nu_Aske_Oct2024/PMTfied_filtered/Snowstorm/MuonLike_PureNu/22014/1/PMTfied_2.parquet
2025-02-17 16:17:37 - INFO - Filtered PMTfied file saved to: /lustre/hpc/project/icecube/HE_Nu_Aske_Oct2024/PMTfied_filtered/Snowstorm/MuonLike_PureNu/22014/1/PMTfied_6.parquet
2025-02-17 16:17:37 - INFO - Filtered PMTfied file saved to: /lustre/hpc/project/icecube/HE_Nu_Aske_Oct2024/PMTfied_filtered/Snowstorm/MuonLike_PureNu/22014/1/PMTfied_12.parquet
2025-02-17 16:17:39 - INFO - Filtered PMTfied file saved to: /lustre/hpc/project/icecube/HE_Nu_Aske_Oct2024/PMTfied_filtered/Snowstorm/MuonLike_PureNu/22014/1/PMTfied_3.parquet
2025-02-17 16:17:41 - INFO - Filtered PMTfied file saved to: /lustre/hpc/project/icecube/HE_Nu_Aske_Oct2024/PMTfied_filtered/Snowstorm/MuonLike_PureNu/22014/1/PMTfied_7.parquet
2025-02-17 16:17:41 - INFO - Filtering process completed.
2025-02-17 16:17:41 - INFO - Filtering process completed.
2025-02-17 16:17:41 - INFO - Unified receipt generated: /lustre/hpc/project/icecube/HE_Nu_Aske_Oct2024/PMTfied_filtered/Snowstorm/MuonLike_PureNu/22014/[Receipt]22014_1.json
2025-02-17 16:17:41 - INFO - Filtering process completed.
Job completed at Mon Feb 17 04:17:41 PM CET 2025
