Starting job at Sat Feb 15 12:56:52 PM CET 2025
Running Filter_by_part.py for subdirectory 22014, part 5
2025-02-15 12:56:52 - INFO - Event filtering process starts...
2025-02-15 12:56:52 - INFO - Initialized Muon13Filter filter for 22014/5
2025-02-15 12:56:54 - INFO - Extracted 179976 valid events where MuonFilter_13==True.
2025-02-15 12:56:54 - INFO - Initialized CompositeEventFilter filter for 22014/5
2025-02-15 12:56:54 - INFO - Initialized (MuonLike)
2025-02-15 12:56:54 - INFO - Starting filtering process for 22014/5
2025-02-15 12:56:54 - INFO - Starting filtering process for 22014/5
2025-02-15 12:57:01 - INFO - Recalculated 'offset' column based on filtered 'N_doms' values.
2025-02-15 12:57:03 - INFO - Filtered truth file saved to: /lustre/hpc/project/icecube/HE_Nu_Aske_Oct2024/PMTfied_filtered/Snowstorm/MuonLike/22014/truth_5.parquet
2025-02-15 12:57:07 - INFO - Filtered PMTfied file saved to: /lustre/hpc/project/icecube/HE_Nu_Aske_Oct2024/PMTfied_filtered/Snowstorm/MuonLike/22014/5/PMTfied_7.parquet
2025-02-15 12:57:11 - INFO - Filtered PMTfied file saved to: /lustre/hpc/project/icecube/HE_Nu_Aske_Oct2024/PMTfied_filtered/Snowstorm/MuonLike/22014/5/PMTfied_3.parquet
2025-02-15 12:57:12 - INFO - Filtered PMTfied file saved to: /lustre/hpc/project/icecube/HE_Nu_Aske_Oct2024/PMTfied_filtered/Snowstorm/MuonLike/22014/5/PMTfied_12.parquet
2025-02-15 12:57:16 - INFO - Filtered PMTfied file saved to: /lustre/hpc/project/icecube/HE_Nu_Aske_Oct2024/PMTfied_filtered/Snowstorm/MuonLike/22014/5/PMTfied_6.parquet
2025-02-15 12:57:21 - INFO - Filtered PMTfied file saved to: /lustre/hpc/project/icecube/HE_Nu_Aske_Oct2024/PMTfied_filtered/Snowstorm/MuonLike/22014/5/PMTfied_2.parquet
2025-02-15 12:57:25 - INFO - Filtered PMTfied file saved to: /lustre/hpc/project/icecube/HE_Nu_Aske_Oct2024/PMTfied_filtered/Snowstorm/MuonLike/22014/5/PMTfied_8.parquet
2025-02-15 12:57:29 - INFO - Filtered PMTfied file saved to: /lustre/hpc/project/icecube/HE_Nu_Aske_Oct2024/PMTfied_filtered/Snowstorm/MuonLike/22014/5/PMTfied_4.parquet
2025-02-15 12:57:33 - INFO - Filtered PMTfied file saved to: /lustre/hpc/project/icecube/HE_Nu_Aske_Oct2024/PMTfied_filtered/Snowstorm/MuonLike/22014/5/PMTfied_10.parquet
2025-02-15 12:57:37 - INFO - Filtered PMTfied file saved to: /lustre/hpc/project/icecube/HE_Nu_Aske_Oct2024/PMTfied_filtered/Snowstorm/MuonLike/22014/5/PMTfied_5.parquet
2025-02-15 12:57:42 - INFO - Filtered PMTfied file saved to: /lustre/hpc/project/icecube/HE_Nu_Aske_Oct2024/PMTfied_filtered/Snowstorm/MuonLike/22014/5/PMTfied_1.parquet
2025-02-15 12:57:46 - INFO - Filtered PMTfied file saved to: /lustre/hpc/project/icecube/HE_Nu_Aske_Oct2024/PMTfied_filtered/Snowstorm/MuonLike/22014/5/PMTfied_9.parquet
2025-02-15 12:57:50 - INFO - Filtered PMTfied file saved to: /lustre/hpc/project/icecube/HE_Nu_Aske_Oct2024/PMTfied_filtered/Snowstorm/MuonLike/22014/5/PMTfied_11.parquet
2025-02-15 12:57:50 - INFO - Filtering process completed.
2025-02-15 12:57:50 - INFO - Filtering process completed.
2025-02-15 12:57:50 - INFO - Unified receipt generated: /lustre/hpc/project/icecube/HE_Nu_Aske_Oct2024/PMTfied_filtered/Snowstorm/MuonLike/22014/[Receipt]22014_5.json
2025-02-15 12:57:50 - INFO - Filtering process completed.
Job completed at Sat Feb 15 12:57:50 PM CET 2025
