Starting job at Mon Feb 17 03:59:05 PM CET 2025
Running Filter_by_part.py for subdirectory 22014, part 2
2025-02-17 15:59:05 - INFO - Event filtering process starts...
2025-02-17 15:59:05 - INFO - Initialized PureNeutrinoEventFilter filter for 22014/2
2025-02-17 15:59:06 - INFO - Loaded 4 event specifier files from /lustre/hpc/project/icecube/HE_Nu_Aske_Oct2024/clean_events_dict/22014/22014/reduced
2025-02-17 15:59:06 - INFO - Selected 2 CSV files covering event range [676, 1379]
2025-02-17 15:59:06 - INFO - Loaded 798142 valid (RunID, EventID) pairs from CSV files
2025-02-17 15:59:07 - INFO - Extracted 167631 valid events based on pure neutrino events.
2025-02-17 15:59:07 - INFO - Initialized CompositeEventFilter filter for 22014/2
2025-02-17 15:59:07 - INFO - Initialized (PureNu)
2025-02-17 15:59:07 - INFO - Starting filtering process for 22014/2
2025-02-17 15:59:07 - INFO - Starting filtering process for 22014/2
2025-02-17 15:59:10 - INFO - Recalculated 'offset' column based on 'N_doms' values within each 'shard_no' group.
2025-02-17 15:59:11 - INFO - Filtered truth file saved to: /lustre/hpc/project/icecube/HE_Nu_Aske_Oct2024/PMTfied_filtered/Snowstorm/PureNu/22014/truth_2.parquet
2025-02-17 15:59:13 - INFO - Filtered PMTfied file saved to: /lustre/hpc/project/icecube/HE_Nu_Aske_Oct2024/PMTfied_filtered/Snowstorm/PureNu/22014/2/PMTfied_4.parquet
2025-02-17 15:59:14 - INFO - Filtered PMTfied file saved to: /lustre/hpc/project/icecube/HE_Nu_Aske_Oct2024/PMTfied_filtered/Snowstorm/PureNu/22014/2/PMTfied_8.parquet
2025-02-17 15:59:15 - INFO - Filtered PMTfied file saved to: /lustre/hpc/project/icecube/HE_Nu_Aske_Oct2024/PMTfied_filtered/Snowstorm/PureNu/22014/2/PMTfied_12.parquet
2025-02-17 15:59:17 - INFO - Filtered PMTfied file saved to: /lustre/hpc/project/icecube/HE_Nu_Aske_Oct2024/PMTfied_filtered/Snowstorm/PureNu/22014/2/PMTfied_9.parquet
2025-02-17 15:59:18 - INFO - Filtered PMTfied file saved to: /lustre/hpc/project/icecube/HE_Nu_Aske_Oct2024/PMTfied_filtered/Snowstorm/PureNu/22014/2/PMTfied_5.parquet
2025-02-17 15:59:20 - INFO - Filtered PMTfied file saved to: /lustre/hpc/project/icecube/HE_Nu_Aske_Oct2024/PMTfied_filtered/Snowstorm/PureNu/22014/2/PMTfied_1.parquet
2025-02-17 15:59:22 - INFO - Filtered PMTfied file saved to: /lustre/hpc/project/icecube/HE_Nu_Aske_Oct2024/PMTfied_filtered/Snowstorm/PureNu/22014/2/PMTfied_7.parquet
2025-02-17 15:59:23 - INFO - Filtered PMTfied file saved to: /lustre/hpc/project/icecube/HE_Nu_Aske_Oct2024/PMTfied_filtered/Snowstorm/PureNu/22014/2/PMTfied_3.parquet
2025-02-17 15:59:25 - INFO - Filtered PMTfied file saved to: /lustre/hpc/project/icecube/HE_Nu_Aske_Oct2024/PMTfied_filtered/Snowstorm/PureNu/22014/2/PMTfied_11.parquet
2025-02-17 15:59:27 - INFO - Filtered PMTfied file saved to: /lustre/hpc/project/icecube/HE_Nu_Aske_Oct2024/PMTfied_filtered/Snowstorm/PureNu/22014/2/PMTfied_6.parquet
2025-02-17 15:59:29 - INFO - Filtered PMTfied file saved to: /lustre/hpc/project/icecube/HE_Nu_Aske_Oct2024/PMTfied_filtered/Snowstorm/PureNu/22014/2/PMTfied_2.parquet
2025-02-17 15:59:31 - INFO - Filtered PMTfied file saved to: /lustre/hpc/project/icecube/HE_Nu_Aske_Oct2024/PMTfied_filtered/Snowstorm/PureNu/22014/2/PMTfied_10.parquet
2025-02-17 15:59:31 - INFO - Filtering process completed.
2025-02-17 15:59:31 - INFO - Filtering process completed.
2025-02-17 15:59:31 - INFO - Unified receipt generated: /lustre/hpc/project/icecube/HE_Nu_Aske_Oct2024/PMTfied_filtered/Snowstorm/PureNu/22014/[Receipt]22014_2.json
2025-02-17 15:59:31 - INFO - Filtering process completed.
Job completed at Mon Feb 17 03:59:31 PM CET 2025
