Starting job at Mon Feb 17 03:59:06 PM CET 2025
Running Filter_by_part.py for subdirectory 22014, part 1
2025-02-17 15:59:07 - INFO - Event filtering process starts...
2025-02-17 15:59:07 - INFO - Initialized PureNeutrinoEventFilter filter for 22014/1
2025-02-17 15:59:07 - INFO - Loaded 4 event specifier files from /lustre/hpc/project/icecube/HE_Nu_Aske_Oct2024/clean_events_dict/22014/22014/reduced
2025-02-17 15:59:08 - INFO - Selected 1 CSV files covering event range [0, 806]
2025-02-17 15:59:08 - INFO - Loaded 398198 valid (RunID, EventID) pairs from CSV files
2025-02-17 15:59:09 - INFO - Extracted 169215 valid events based on pure neutrino events.
2025-02-17 15:59:09 - INFO - Initialized CompositeEventFilter filter for 22014/1
2025-02-17 15:59:09 - INFO - Initialized (PureNu)
2025-02-17 15:59:09 - INFO - Starting filtering process for 22014/1
2025-02-17 15:59:09 - INFO - Starting filtering process for 22014/1
2025-02-17 15:59:16 - INFO - Recalculated 'offset' column based on 'N_doms' values within each 'shard_no' group.
2025-02-17 15:59:17 - INFO - Filtered truth file saved to: /lustre/hpc/project/icecube/HE_Nu_Aske_Oct2024/PMTfied_filtered/Snowstorm/PureNu/22014/truth_1.parquet
2025-02-17 15:59:21 - INFO - Filtered PMTfied file saved to: /lustre/hpc/project/icecube/HE_Nu_Aske_Oct2024/PMTfied_filtered/Snowstorm/PureNu/22014/1/PMTfied_10.parquet
2025-02-17 15:59:25 - INFO - Filtered PMTfied file saved to: /lustre/hpc/project/icecube/HE_Nu_Aske_Oct2024/PMTfied_filtered/Snowstorm/PureNu/22014/1/PMTfied_1.parquet
2025-02-17 15:59:29 - INFO - Filtered PMTfied file saved to: /lustre/hpc/project/icecube/HE_Nu_Aske_Oct2024/PMTfied_filtered/Snowstorm/PureNu/22014/1/PMTfied_5.parquet
2025-02-17 15:59:33 - INFO - Filtered PMTfied file saved to: /lustre/hpc/project/icecube/HE_Nu_Aske_Oct2024/PMTfied_filtered/Snowstorm/PureNu/22014/1/PMTfied_9.parquet
2025-02-17 15:59:36 - INFO - Filtered PMTfied file saved to: /lustre/hpc/project/icecube/HE_Nu_Aske_Oct2024/PMTfied_filtered/Snowstorm/PureNu/22014/1/PMTfied_8.parquet
2025-02-17 15:59:40 - INFO - Filtered PMTfied file saved to: /lustre/hpc/project/icecube/HE_Nu_Aske_Oct2024/PMTfied_filtered/Snowstorm/PureNu/22014/1/PMTfied_4.parquet
2025-02-17 15:59:44 - INFO - Filtered PMTfied file saved to: /lustre/hpc/project/icecube/HE_Nu_Aske_Oct2024/PMTfied_filtered/Snowstorm/PureNu/22014/1/PMTfied_11.parquet
2025-02-17 15:59:48 - INFO - Filtered PMTfied file saved to: /lustre/hpc/project/icecube/HE_Nu_Aske_Oct2024/PMTfied_filtered/Snowstorm/PureNu/22014/1/PMTfied_2.parquet
2025-02-17 15:59:52 - INFO - Filtered PMTfied file saved to: /lustre/hpc/project/icecube/HE_Nu_Aske_Oct2024/PMTfied_filtered/Snowstorm/PureNu/22014/1/PMTfied_6.parquet
2025-02-17 15:59:52 - INFO - Filtered PMTfied file saved to: /lustre/hpc/project/icecube/HE_Nu_Aske_Oct2024/PMTfied_filtered/Snowstorm/PureNu/22014/1/PMTfied_12.parquet
2025-02-17 15:59:56 - INFO - Filtered PMTfied file saved to: /lustre/hpc/project/icecube/HE_Nu_Aske_Oct2024/PMTfied_filtered/Snowstorm/PureNu/22014/1/PMTfied_3.parquet
2025-02-17 16:00:00 - INFO - Filtered PMTfied file saved to: /lustre/hpc/project/icecube/HE_Nu_Aske_Oct2024/PMTfied_filtered/Snowstorm/PureNu/22014/1/PMTfied_7.parquet
2025-02-17 16:00:00 - INFO - Filtering process completed.
2025-02-17 16:00:00 - INFO - Filtering process completed.
2025-02-17 16:00:00 - INFO - Unified receipt generated: /lustre/hpc/project/icecube/HE_Nu_Aske_Oct2024/PMTfied_filtered/Snowstorm/PureNu/22014/[Receipt]22014_1.json
2025-02-17 16:00:00 - INFO - Filtering process completed.
Job completed at Mon Feb 17 04:00:00 PM CET 2025
