Starting job at Mon Feb 24 01:09:55 PM CET 2025
Running Filter_by_part.py for subdirectory 22014, part 4
2025-02-24 13:09:55 - INFO - Event filtering process starts...
2025-02-24 13:09:55 - INFO - Initialized PureNeutrinoEventFilter filter for 22014/4
2025-02-24 13:09:57 - INFO - Loaded 4 event specifier files from /lustre/hpc/project/icecube/HE_Nu_Aske_Oct2024/clean_events_dict/22014/22014/reduced
2025-02-24 13:09:57 - INFO - Selected 2 CSV files covering event range [1989, 2719]
2025-02-24 13:09:58 - INFO - Loaded 798526 valid (RunID, EventID) pairs from CSV files
2025-02-24 13:09:59 - INFO - Extracted 169745 valid events based on pure neutrino events.
2025-02-24 13:09:59 - INFO - Initialized Muon13Filter filter for 22014/4
2025-02-24 13:09:59 - INFO - Extracted 180569 valid events where MuonFilter_13==True.
2025-02-24 13:09:59 - INFO - Initialized CCFilter filter for 22014/4
2025-02-24 13:10:00 - INFO - Extracted 174872 valid events which are CC interactions.
2025-02-24 13:10:00 - INFO - Initialized CompositeEventFilter filter for 22014/4
2025-02-24 13:10:00 - INFO - Initialized (CC_CRclean_MuonLike)
2025-02-24 13:10:00 - INFO - Starting filtering process for 22014/4
2025-02-24 13:10:00 - INFO - Starting filtering process for 22014/4
2025-02-24 13:10:08 - INFO - Recalculated 'offset' column based on 'N_doms' values within each 'shard_no' group.
2025-02-24 13:10:09 - INFO - Filtered truth file saved to: /lustre/hpc/project/icecube/HE_Nu_Aske_Oct2024/PMTfied_filtered/Snowstorm/CC_CRclean_MuonLike/22014/truth_4.parquet
2025-02-24 13:10:13 - INFO - Filtered PMTfied file saved to: /lustre/hpc/project/icecube/HE_Nu_Aske_Oct2024/PMTfied_filtered/Snowstorm/CC_CRclean_MuonLike/22014/4/PMTfied_6.parquet
2025-02-24 13:10:16 - INFO - Filtered PMTfied file saved to: /lustre/hpc/project/icecube/HE_Nu_Aske_Oct2024/PMTfied_filtered/Snowstorm/CC_CRclean_MuonLike/22014/4/PMTfied_2.parquet
2025-02-24 13:10:20 - INFO - Filtered PMTfied file saved to: /lustre/hpc/project/icecube/HE_Nu_Aske_Oct2024/PMTfied_filtered/Snowstorm/CC_CRclean_MuonLike/22014/4/PMTfied_7.parquet
2025-02-24 13:10:24 - INFO - Filtered PMTfied file saved to: /lustre/hpc/project/icecube/HE_Nu_Aske_Oct2024/PMTfied_filtered/Snowstorm/CC_CRclean_MuonLike/22014/4/PMTfied_3.parquet
2025-02-24 13:10:25 - INFO - Filtered PMTfied file saved to: /lustre/hpc/project/icecube/HE_Nu_Aske_Oct2024/PMTfied_filtered/Snowstorm/CC_CRclean_MuonLike/22014/4/PMTfied_12.parquet
2025-02-24 13:10:28 - INFO - Filtered PMTfied file saved to: /lustre/hpc/project/icecube/HE_Nu_Aske_Oct2024/PMTfied_filtered/Snowstorm/CC_CRclean_MuonLike/22014/4/PMTfied_10.parquet
2025-02-24 13:10:32 - INFO - Filtered PMTfied file saved to: /lustre/hpc/project/icecube/HE_Nu_Aske_Oct2024/PMTfied_filtered/Snowstorm/CC_CRclean_MuonLike/22014/4/PMTfied_5.parquet
2025-02-24 13:10:36 - INFO - Filtered PMTfied file saved to: /lustre/hpc/project/icecube/HE_Nu_Aske_Oct2024/PMTfied_filtered/Snowstorm/CC_CRclean_MuonLike/22014/4/PMTfied_1.parquet
2025-02-24 13:10:40 - INFO - Filtered PMTfied file saved to: /lustre/hpc/project/icecube/HE_Nu_Aske_Oct2024/PMTfied_filtered/Snowstorm/CC_CRclean_MuonLike/22014/4/PMTfied_9.parquet
2025-02-24 13:10:43 - INFO - Filtered PMTfied file saved to: /lustre/hpc/project/icecube/HE_Nu_Aske_Oct2024/PMTfied_filtered/Snowstorm/CC_CRclean_MuonLike/22014/4/PMTfied_11.parquet
2025-02-24 13:10:47 - INFO - Filtered PMTfied file saved to: /lustre/hpc/project/icecube/HE_Nu_Aske_Oct2024/PMTfied_filtered/Snowstorm/CC_CRclean_MuonLike/22014/4/PMTfied_8.parquet
2025-02-24 13:10:51 - INFO - Filtered PMTfied file saved to: /lustre/hpc/project/icecube/HE_Nu_Aske_Oct2024/PMTfied_filtered/Snowstorm/CC_CRclean_MuonLike/22014/4/PMTfied_4.parquet
2025-02-24 13:10:51 - INFO - Filtering process completed.
2025-02-24 13:10:51 - INFO - Filtering process completed.
2025-02-24 13:10:51 - INFO - Unified receipt generated: /lustre/hpc/project/icecube/HE_Nu_Aske_Oct2024/PMTfied_filtered/Snowstorm/CC_CRclean_MuonLike/22014/[Receipt]22014_4.json
2025-02-24 13:10:51 - INFO - Filtering process completed.
Job completed at Mon Feb 24 01:10:51 PM CET 2025
