Starting job at Thu Feb 13 05:56:23 PM CET 2025
Running Filter_by_part.py for subdirectory 22014, part 5
2025-02-13 17:56:24 - INFO - Event filtering process starts...
2025-02-13 17:56:24 - INFO - Initialized PureNeutrinoEventFilter
2025-02-13 17:56:24 - INFO - Starting filtering process for 22014/5
2025-02-13 17:56:24 - INFO - Loaded 4 event specifier files from /lustre/hpc/project/icecube/HE_Nu_Aske_Oct2024/clean_events_dict/22014/22014/reduced
2025-02-13 17:56:25 - INFO - Selected 2 CSV files covering event range [2665, 3389]
2025-02-13 17:56:26 - INFO - Loaded 597962 valid (RunID, EventID) pairs from CSV files
2025-02-13 17:56:32 - INFO - Recalculated 'offset' column based on filtered 'N_doms' values.
2025-02-13 17:56:34 - INFO - Filtered truth file saved to: /lustre/hpc/project/icecube/HE_Nu_Aske_Oct2024/PMTfied_filtered/PureNu/Snowstorm/22014/truth_5.parquet
2025-02-13 17:56:34 - INFO - Receipt file saved to: /lustre/hpc/project/icecube/HE_Nu_Aske_Oct2024/PMTfied_filtered/PureNu/Snowstorm/22014/[Receipt]22014_5.json
2025-02-13 17:56:38 - INFO - Filtered PMTfied file saved to: /lustre/hpc/project/icecube/HE_Nu_Aske_Oct2024/PMTfied_filtered/PureNu/Snowstorm/22014/5/PMTfied_7.parquet
2025-02-13 17:56:42 - INFO - Filtered PMTfied file saved to: /lustre/hpc/project/icecube/HE_Nu_Aske_Oct2024/PMTfied_filtered/PureNu/Snowstorm/22014/5/PMTfied_3.parquet
2025-02-13 17:56:42 - INFO - Filtered PMTfied file saved to: /lustre/hpc/project/icecube/HE_Nu_Aske_Oct2024/PMTfied_filtered/PureNu/Snowstorm/22014/5/PMTfied_12.parquet
2025-02-13 17:56:46 - INFO - Filtered PMTfied file saved to: /lustre/hpc/project/icecube/HE_Nu_Aske_Oct2024/PMTfied_filtered/PureNu/Snowstorm/22014/5/PMTfied_6.parquet
2025-02-13 17:56:50 - INFO - Filtered PMTfied file saved to: /lustre/hpc/project/icecube/HE_Nu_Aske_Oct2024/PMTfied_filtered/PureNu/Snowstorm/22014/5/PMTfied_2.parquet
2025-02-13 17:56:54 - INFO - Filtered PMTfied file saved to: /lustre/hpc/project/icecube/HE_Nu_Aske_Oct2024/PMTfied_filtered/PureNu/Snowstorm/22014/5/PMTfied_8.parquet
2025-02-13 17:56:58 - INFO - Filtered PMTfied file saved to: /lustre/hpc/project/icecube/HE_Nu_Aske_Oct2024/PMTfied_filtered/PureNu/Snowstorm/22014/5/PMTfied_4.parquet
2025-02-13 17:57:02 - INFO - Filtered PMTfied file saved to: /lustre/hpc/project/icecube/HE_Nu_Aske_Oct2024/PMTfied_filtered/PureNu/Snowstorm/22014/5/PMTfied_10.parquet
2025-02-13 17:57:06 - INFO - Filtered PMTfied file saved to: /lustre/hpc/project/icecube/HE_Nu_Aske_Oct2024/PMTfied_filtered/PureNu/Snowstorm/22014/5/PMTfied_5.parquet
2025-02-13 17:57:10 - INFO - Filtered PMTfied file saved to: /lustre/hpc/project/icecube/HE_Nu_Aske_Oct2024/PMTfied_filtered/PureNu/Snowstorm/22014/5/PMTfied_1.parquet
2025-02-13 17:57:14 - INFO - Filtered PMTfied file saved to: /lustre/hpc/project/icecube/HE_Nu_Aske_Oct2024/PMTfied_filtered/PureNu/Snowstorm/22014/5/PMTfied_9.parquet
2025-02-13 17:57:18 - INFO - Filtered PMTfied file saved to: /lustre/hpc/project/icecube/HE_Nu_Aske_Oct2024/PMTfied_filtered/PureNu/Snowstorm/22014/5/PMTfied_11.parquet
2025-02-13 17:57:18 - INFO - Filtering process completed.
2025-02-13 17:57:18 - INFO - Filtering process completed for all selected filters.
2025-02-13 17:57:18 - INFO - Execution time: 54.18 seconds
2025-02-13 17:57:18 - INFO - Updated receipt with execution time: /lustre/hpc/project/icecube/HE_Nu_Aske_Oct2024/PMTfied_filtered/PureNu/Snowstorm/22014/[Receipt]22014_5.json
Job completed at Thu Feb 13 05:57:18 PM CET 2025
