Starting job at Mon Feb 24 01:52:42 PM CET 2025
Running Filter_by_part.py for subdirectory 22014, part 1
2025-02-24 13:52:42 - INFO - Event filtering process starts...
2025-02-24 13:52:42 - INFO - Initialized PureNeutrinoEventFilter filter for 22014/1
2025-02-24 13:52:44 - INFO - Loaded 4 event specifier files from /lustre/hpc/project/icecube/HE_Nu_Aske_Oct2024/clean_events_dict/22014/22014/reduced
2025-02-24 13:52:44 - INFO - Selected 1 CSV files covering event range [0, 806]
2025-02-24 13:52:44 - INFO - Loaded 398198 valid (RunID, EventID) pairs from CSV files
2025-02-24 13:52:45 - INFO - Extracted 169215 valid events based on pure neutrino events.
2025-02-24 13:52:45 - INFO - Initialized CCFilter filter for 22014/1
2025-02-24 13:52:45 - INFO - Extracted 174036 valid events which are CC interactions.
2025-02-24 13:52:45 - INFO - Initialized ContainmentFilter filter for 22014/1
2025-02-24 13:52:45 - INFO - Extracted 79551 valid events within the specified containment region.
2025-02-24 13:52:45 - INFO - Initialized CompositeEventFilter filter for 22014/1
2025-02-24 13:52:45 - INFO - Initialized (CC_CRclean_Contained)
2025-02-24 13:52:45 - INFO - Starting filtering process for 22014/1
2025-02-24 13:52:45 - INFO - Starting filtering process for 22014/1
2025-02-24 13:52:49 - INFO - Recalculated 'offset' column based on 'N_doms' values within each 'shard_no' group.
2025-02-24 13:52:49 - INFO - Filtered truth file saved to: /lustre/hpc/project/icecube/HE_Nu_Aske_Oct2024/PMTfied_filtered/Snowstorm/CC_CRclean_Contained/22014/truth_1.parquet
2025-02-24 13:52:52 - INFO - Filtered PMTfied file saved to: /lustre/hpc/project/icecube/HE_Nu_Aske_Oct2024/PMTfied_filtered/Snowstorm/CC_CRclean_Contained/22014/1/PMTfied_10.parquet
2025-02-24 13:52:55 - INFO - Filtered PMTfied file saved to: /lustre/hpc/project/icecube/HE_Nu_Aske_Oct2024/PMTfied_filtered/Snowstorm/CC_CRclean_Contained/22014/1/PMTfied_1.parquet
2025-02-24 13:52:58 - INFO - Filtered PMTfied file saved to: /lustre/hpc/project/icecube/HE_Nu_Aske_Oct2024/PMTfied_filtered/Snowstorm/CC_CRclean_Contained/22014/1/PMTfied_5.parquet
2025-02-24 13:53:01 - INFO - Filtered PMTfied file saved to: /lustre/hpc/project/icecube/HE_Nu_Aske_Oct2024/PMTfied_filtered/Snowstorm/CC_CRclean_Contained/22014/1/PMTfied_9.parquet
2025-02-24 13:53:04 - INFO - Filtered PMTfied file saved to: /lustre/hpc/project/icecube/HE_Nu_Aske_Oct2024/PMTfied_filtered/Snowstorm/CC_CRclean_Contained/22014/1/PMTfied_8.parquet
2025-02-24 13:53:07 - INFO - Filtered PMTfied file saved to: /lustre/hpc/project/icecube/HE_Nu_Aske_Oct2024/PMTfied_filtered/Snowstorm/CC_CRclean_Contained/22014/1/PMTfied_4.parquet
2025-02-24 13:53:10 - INFO - Filtered PMTfied file saved to: /lustre/hpc/project/icecube/HE_Nu_Aske_Oct2024/PMTfied_filtered/Snowstorm/CC_CRclean_Contained/22014/1/PMTfied_11.parquet
2025-02-24 13:53:13 - INFO - Filtered PMTfied file saved to: /lustre/hpc/project/icecube/HE_Nu_Aske_Oct2024/PMTfied_filtered/Snowstorm/CC_CRclean_Contained/22014/1/PMTfied_2.parquet
2025-02-24 13:53:16 - INFO - Filtered PMTfied file saved to: /lustre/hpc/project/icecube/HE_Nu_Aske_Oct2024/PMTfied_filtered/Snowstorm/CC_CRclean_Contained/22014/1/PMTfied_6.parquet
2025-02-24 13:53:17 - INFO - Filtered PMTfied file saved to: /lustre/hpc/project/icecube/HE_Nu_Aske_Oct2024/PMTfied_filtered/Snowstorm/CC_CRclean_Contained/22014/1/PMTfied_12.parquet
2025-02-24 13:53:20 - INFO - Filtered PMTfied file saved to: /lustre/hpc/project/icecube/HE_Nu_Aske_Oct2024/PMTfied_filtered/Snowstorm/CC_CRclean_Contained/22014/1/PMTfied_3.parquet
2025-02-24 13:53:23 - INFO - Filtered PMTfied file saved to: /lustre/hpc/project/icecube/HE_Nu_Aske_Oct2024/PMTfied_filtered/Snowstorm/CC_CRclean_Contained/22014/1/PMTfied_7.parquet
2025-02-24 13:53:23 - INFO - Filtering process completed.
2025-02-24 13:53:23 - INFO - Filtering process completed.
2025-02-24 13:53:23 - INFO - Unified receipt generated: /lustre/hpc/project/icecube/HE_Nu_Aske_Oct2024/PMTfied_filtered/Snowstorm/CC_CRclean_Contained/22014/[Receipt]22014_1.json
2025-02-24 13:53:23 - INFO - Filtering process completed.
Job completed at Mon Feb 24 01:53:23 PM CET 2025
