Starting job at Sat Feb 15 12:11:20 PM CET 2025
Running Filter_by_part.py for subdirectory 22014, part 3
2025-02-15 12:11:20 - INFO - Event filtering process starts...
2025-02-15 12:11:20 - INFO - Initialized PureNeutrinoEventFilter filter for 22014/3
2025-02-15 12:11:21 - INFO - Loaded 4 event specifier files from /lustre/hpc/project/icecube/HE_Nu_Aske_Oct2024/clean_events_dict/22014/22014/reduced
2025-02-15 12:11:21 - INFO - Selected 2 CSV files covering event range [1317, 2049]
2025-02-15 12:11:23 - INFO - Loaded 798526 valid (RunID, EventID) pairs from CSV files
2025-02-15 12:11:23 - INFO - Extracted 169305 valid events based on pure neutrino events.
2025-02-15 12:11:23 - INFO - Initialized CompositeEventFilter filter for 22014/3
2025-02-15 12:11:23 - INFO - Initialized (PureNu)
2025-02-15 12:11:23 - INFO - Starting filtering process for 22014/3
2025-02-15 12:11:23 - INFO - Starting filtering process for 22014/3
2025-02-15 12:11:30 - INFO - Recalculated 'offset' column based on filtered 'N_doms' values.
2025-02-15 12:11:32 - INFO - Filtered truth file saved to: /lustre/hpc/project/icecube/HE_Nu_Aske_Oct2024/PMTfied_filtered/Snowstorm/PureNu/22014/truth_3.parquet
2025-02-15 12:11:35 - INFO - Filtered PMTfied file saved to: /lustre/hpc/project/icecube/HE_Nu_Aske_Oct2024/PMTfied_filtered/Snowstorm/PureNu/22014/3/PMTfied_11.parquet
2025-02-15 12:11:39 - INFO - Filtered PMTfied file saved to: /lustre/hpc/project/icecube/HE_Nu_Aske_Oct2024/PMTfied_filtered/Snowstorm/PureNu/22014/3/PMTfied_6.parquet
2025-02-15 12:11:43 - INFO - Filtered PMTfied file saved to: /lustre/hpc/project/icecube/HE_Nu_Aske_Oct2024/PMTfied_filtered/Snowstorm/PureNu/22014/3/PMTfied_2.parquet
2025-02-15 12:11:48 - INFO - Filtered PMTfied file saved to: /lustre/hpc/project/icecube/HE_Nu_Aske_Oct2024/PMTfied_filtered/Snowstorm/PureNu/22014/3/PMTfied_7.parquet
2025-02-15 12:11:51 - INFO - Filtered PMTfied file saved to: /lustre/hpc/project/icecube/HE_Nu_Aske_Oct2024/PMTfied_filtered/Snowstorm/PureNu/22014/3/PMTfied_3.parquet
2025-02-15 12:11:55 - INFO - Filtered PMTfied file saved to: /lustre/hpc/project/icecube/HE_Nu_Aske_Oct2024/PMTfied_filtered/Snowstorm/PureNu/22014/3/PMTfied_10.parquet
2025-02-15 12:11:59 - INFO - Filtered PMTfied file saved to: /lustre/hpc/project/icecube/HE_Nu_Aske_Oct2024/PMTfied_filtered/Snowstorm/PureNu/22014/3/PMTfied_5.parquet
2025-02-15 12:12:03 - INFO - Filtered PMTfied file saved to: /lustre/hpc/project/icecube/HE_Nu_Aske_Oct2024/PMTfied_filtered/Snowstorm/PureNu/22014/3/PMTfied_1.parquet
2025-02-15 12:12:07 - INFO - Filtered PMTfied file saved to: /lustre/hpc/project/icecube/HE_Nu_Aske_Oct2024/PMTfied_filtered/Snowstorm/PureNu/22014/3/PMTfied_9.parquet
2025-02-15 12:12:08 - INFO - Filtered PMTfied file saved to: /lustre/hpc/project/icecube/HE_Nu_Aske_Oct2024/PMTfied_filtered/Snowstorm/PureNu/22014/3/PMTfied_12.parquet
2025-02-15 12:12:12 - INFO - Filtered PMTfied file saved to: /lustre/hpc/project/icecube/HE_Nu_Aske_Oct2024/PMTfied_filtered/Snowstorm/PureNu/22014/3/PMTfied_8.parquet
2025-02-15 12:12:16 - INFO - Filtered PMTfied file saved to: /lustre/hpc/project/icecube/HE_Nu_Aske_Oct2024/PMTfied_filtered/Snowstorm/PureNu/22014/3/PMTfied_4.parquet
2025-02-15 12:12:16 - INFO - Filtering process completed.
2025-02-15 12:12:16 - INFO - Filtering process completed.
2025-02-15 12:12:16 - INFO - Unified receipt generated: /lustre/hpc/project/icecube/HE_Nu_Aske_Oct2024/PMTfied_filtered/Snowstorm/PureNu/22014/[Receipt]22014_3.json
2025-02-15 12:12:16 - INFO - Filtering process completed.
Job completed at Sat Feb 15 12:12:16 PM CET 2025
