Starting job at Mon Feb 17 04:10:34 PM CET 2025
Running Filter_by_part.py for subdirectory 22014, part 4
2025-02-17 16:10:35 - INFO - Event filtering process starts...
2025-02-17 16:10:35 - INFO - Initialized Muon13Filter filter for 22014/4
2025-02-17 16:10:36 - INFO - Extracted 180569 valid events where MuonFilter_13==True.
2025-02-17 16:10:36 - INFO - Initialized CompositeEventFilter filter for 22014/4
2025-02-17 16:10:36 - INFO - Initialized (MuonLike)
2025-02-17 16:10:36 - INFO - Starting filtering process for 22014/4
2025-02-17 16:10:36 - INFO - Starting filtering process for 22014/4
2025-02-17 16:10:43 - INFO - Recalculated 'offset' column based on 'N_doms' values within each 'shard_no' group.
2025-02-17 16:10:45 - INFO - Filtered truth file saved to: /lustre/hpc/project/icecube/HE_Nu_Aske_Oct2024/PMTfied_filtered/Snowstorm/MuonLike/22014/truth_4.parquet
2025-02-17 16:10:49 - INFO - Filtered PMTfied file saved to: /lustre/hpc/project/icecube/HE_Nu_Aske_Oct2024/PMTfied_filtered/Snowstorm/MuonLike/22014/4/PMTfied_6.parquet
2025-02-17 16:10:53 - INFO - Filtered PMTfied file saved to: /lustre/hpc/project/icecube/HE_Nu_Aske_Oct2024/PMTfied_filtered/Snowstorm/MuonLike/22014/4/PMTfied_2.parquet
2025-02-17 16:10:58 - INFO - Filtered PMTfied file saved to: /lustre/hpc/project/icecube/HE_Nu_Aske_Oct2024/PMTfied_filtered/Snowstorm/MuonLike/22014/4/PMTfied_7.parquet
2025-02-17 16:11:02 - INFO - Filtered PMTfied file saved to: /lustre/hpc/project/icecube/HE_Nu_Aske_Oct2024/PMTfied_filtered/Snowstorm/MuonLike/22014/4/PMTfied_3.parquet
2025-02-17 16:11:03 - INFO - Filtered PMTfied file saved to: /lustre/hpc/project/icecube/HE_Nu_Aske_Oct2024/PMTfied_filtered/Snowstorm/MuonLike/22014/4/PMTfied_12.parquet
2025-02-17 16:11:07 - INFO - Filtered PMTfied file saved to: /lustre/hpc/project/icecube/HE_Nu_Aske_Oct2024/PMTfied_filtered/Snowstorm/MuonLike/22014/4/PMTfied_10.parquet
2025-02-17 16:11:12 - INFO - Filtered PMTfied file saved to: /lustre/hpc/project/icecube/HE_Nu_Aske_Oct2024/PMTfied_filtered/Snowstorm/MuonLike/22014/4/PMTfied_5.parquet
2025-02-17 16:11:16 - INFO - Filtered PMTfied file saved to: /lustre/hpc/project/icecube/HE_Nu_Aske_Oct2024/PMTfied_filtered/Snowstorm/MuonLike/22014/4/PMTfied_1.parquet
2025-02-17 16:11:20 - INFO - Filtered PMTfied file saved to: /lustre/hpc/project/icecube/HE_Nu_Aske_Oct2024/PMTfied_filtered/Snowstorm/MuonLike/22014/4/PMTfied_9.parquet
2025-02-17 16:11:24 - INFO - Filtered PMTfied file saved to: /lustre/hpc/project/icecube/HE_Nu_Aske_Oct2024/PMTfied_filtered/Snowstorm/MuonLike/22014/4/PMTfied_11.parquet
2025-02-17 16:11:29 - INFO - Filtered PMTfied file saved to: /lustre/hpc/project/icecube/HE_Nu_Aske_Oct2024/PMTfied_filtered/Snowstorm/MuonLike/22014/4/PMTfied_8.parquet
2025-02-17 16:11:33 - INFO - Filtered PMTfied file saved to: /lustre/hpc/project/icecube/HE_Nu_Aske_Oct2024/PMTfied_filtered/Snowstorm/MuonLike/22014/4/PMTfied_4.parquet
2025-02-17 16:11:33 - INFO - Filtering process completed.
2025-02-17 16:11:33 - INFO - Filtering process completed.
2025-02-17 16:11:33 - INFO - Unified receipt generated: /lustre/hpc/project/icecube/HE_Nu_Aske_Oct2024/PMTfied_filtered/Snowstorm/MuonLike/22014/[Receipt]22014_4.json
2025-02-17 16:11:33 - INFO - Filtering process completed.
Job completed at Mon Feb 17 04:11:33 PM CET 2025
