Starting job at Mon Feb 24 01:52:53 PM CET 2025
Running Filter_by_part.py for subdirectory 22014, part 5
2025-02-24 13:52:53 - INFO - Event filtering process starts...
2025-02-24 13:52:53 - INFO - Initialized PureNeutrinoEventFilter filter for 22014/5
2025-02-24 13:52:55 - INFO - Loaded 4 event specifier files from /lustre/hpc/project/icecube/HE_Nu_Aske_Oct2024/clean_events_dict/22014/22014/reduced
2025-02-24 13:52:55 - INFO - Selected 2 CSV files covering event range [2665, 3389]
2025-02-24 13:52:56 - INFO - Loaded 597962 valid (RunID, EventID) pairs from CSV files
2025-02-24 13:52:56 - INFO - Extracted 168291 valid events based on pure neutrino events.
2025-02-24 13:52:56 - INFO - Initialized CCFilter filter for 22014/5
2025-02-24 13:52:56 - INFO - Extracted 173813 valid events which are CC interactions.
2025-02-24 13:52:56 - INFO - Initialized ContainmentFilter filter for 22014/5
2025-02-24 13:52:57 - INFO - Extracted 79040 valid events within the specified containment region.
2025-02-24 13:52:57 - INFO - Initialized CompositeEventFilter filter for 22014/5
2025-02-24 13:52:57 - INFO - Initialized (CC_CRclean_Contained)
2025-02-24 13:52:57 - INFO - Starting filtering process for 22014/5
2025-02-24 13:52:57 - INFO - Starting filtering process for 22014/5
2025-02-24 13:53:00 - INFO - Recalculated 'offset' column based on 'N_doms' values within each 'shard_no' group.
2025-02-24 13:53:00 - INFO - Filtered truth file saved to: /lustre/hpc/project/icecube/HE_Nu_Aske_Oct2024/PMTfied_filtered/Snowstorm/CC_CRclean_Contained/22014/truth_5.parquet
2025-02-24 13:53:03 - INFO - Filtered PMTfied file saved to: /lustre/hpc/project/icecube/HE_Nu_Aske_Oct2024/PMTfied_filtered/Snowstorm/CC_CRclean_Contained/22014/5/PMTfied_7.parquet
2025-02-24 13:53:06 - INFO - Filtered PMTfied file saved to: /lustre/hpc/project/icecube/HE_Nu_Aske_Oct2024/PMTfied_filtered/Snowstorm/CC_CRclean_Contained/22014/5/PMTfied_3.parquet
2025-02-24 13:53:07 - INFO - Filtered PMTfied file saved to: /lustre/hpc/project/icecube/HE_Nu_Aske_Oct2024/PMTfied_filtered/Snowstorm/CC_CRclean_Contained/22014/5/PMTfied_12.parquet
2025-02-24 13:53:10 - INFO - Filtered PMTfied file saved to: /lustre/hpc/project/icecube/HE_Nu_Aske_Oct2024/PMTfied_filtered/Snowstorm/CC_CRclean_Contained/22014/5/PMTfied_6.parquet
2025-02-24 13:53:13 - INFO - Filtered PMTfied file saved to: /lustre/hpc/project/icecube/HE_Nu_Aske_Oct2024/PMTfied_filtered/Snowstorm/CC_CRclean_Contained/22014/5/PMTfied_2.parquet
2025-02-24 13:53:16 - INFO - Filtered PMTfied file saved to: /lustre/hpc/project/icecube/HE_Nu_Aske_Oct2024/PMTfied_filtered/Snowstorm/CC_CRclean_Contained/22014/5/PMTfied_8.parquet
2025-02-24 13:53:19 - INFO - Filtered PMTfied file saved to: /lustre/hpc/project/icecube/HE_Nu_Aske_Oct2024/PMTfied_filtered/Snowstorm/CC_CRclean_Contained/22014/5/PMTfied_4.parquet
2025-02-24 13:53:22 - INFO - Filtered PMTfied file saved to: /lustre/hpc/project/icecube/HE_Nu_Aske_Oct2024/PMTfied_filtered/Snowstorm/CC_CRclean_Contained/22014/5/PMTfied_10.parquet
2025-02-24 13:53:24 - INFO - Filtered PMTfied file saved to: /lustre/hpc/project/icecube/HE_Nu_Aske_Oct2024/PMTfied_filtered/Snowstorm/CC_CRclean_Contained/22014/5/PMTfied_5.parquet
2025-02-24 13:53:27 - INFO - Filtered PMTfied file saved to: /lustre/hpc/project/icecube/HE_Nu_Aske_Oct2024/PMTfied_filtered/Snowstorm/CC_CRclean_Contained/22014/5/PMTfied_1.parquet
2025-02-24 13:53:30 - INFO - Filtered PMTfied file saved to: /lustre/hpc/project/icecube/HE_Nu_Aske_Oct2024/PMTfied_filtered/Snowstorm/CC_CRclean_Contained/22014/5/PMTfied_9.parquet
2025-02-24 13:53:33 - INFO - Filtered PMTfied file saved to: /lustre/hpc/project/icecube/HE_Nu_Aske_Oct2024/PMTfied_filtered/Snowstorm/CC_CRclean_Contained/22014/5/PMTfied_11.parquet
2025-02-24 13:53:33 - INFO - Filtering process completed.
2025-02-24 13:53:33 - INFO - Filtering process completed.
2025-02-24 13:53:33 - INFO - Unified receipt generated: /lustre/hpc/project/icecube/HE_Nu_Aske_Oct2024/PMTfied_filtered/Snowstorm/CC_CRclean_Contained/22014/[Receipt]22014_5.json
2025-02-24 13:53:33 - INFO - Filtering process completed.
Job completed at Mon Feb 24 01:53:33 PM CET 2025
