Starting job at Mon Feb 24 01:52:47 PM CET 2025
Running Filter_by_part.py for subdirectory 22014, part 4
2025-02-24 13:52:47 - INFO - Event filtering process starts...
2025-02-24 13:52:47 - INFO - Initialized PureNeutrinoEventFilter filter for 22014/4
2025-02-24 13:52:49 - INFO - Loaded 4 event specifier files from /lustre/hpc/project/icecube/HE_Nu_Aske_Oct2024/clean_events_dict/22014/22014/reduced
2025-02-24 13:52:49 - INFO - Selected 2 CSV files covering event range [1989, 2719]
2025-02-24 13:52:50 - INFO - Loaded 798526 valid (RunID, EventID) pairs from CSV files
2025-02-24 13:52:50 - INFO - Extracted 169745 valid events based on pure neutrino events.
2025-02-24 13:52:51 - INFO - Initialized CCFilter filter for 22014/4
2025-02-24 13:52:51 - INFO - Extracted 174872 valid events which are CC interactions.
2025-02-24 13:52:51 - INFO - Initialized ContainmentFilter filter for 22014/4
2025-02-24 13:52:51 - INFO - Extracted 79593 valid events within the specified containment region.
2025-02-24 13:52:51 - INFO - Initialized CompositeEventFilter filter for 22014/4
2025-02-24 13:52:51 - INFO - Initialized (CC_CRclean_Contained)
2025-02-24 13:52:51 - INFO - Starting filtering process for 22014/4
2025-02-24 13:52:51 - INFO - Starting filtering process for 22014/4
2025-02-24 13:52:54 - INFO - Recalculated 'offset' column based on 'N_doms' values within each 'shard_no' group.
2025-02-24 13:52:55 - INFO - Filtered truth file saved to: /lustre/hpc/project/icecube/HE_Nu_Aske_Oct2024/PMTfied_filtered/Snowstorm/CC_CRclean_Contained/22014/truth_4.parquet
2025-02-24 13:52:58 - INFO - Filtered PMTfied file saved to: /lustre/hpc/project/icecube/HE_Nu_Aske_Oct2024/PMTfied_filtered/Snowstorm/CC_CRclean_Contained/22014/4/PMTfied_6.parquet
2025-02-24 13:53:01 - INFO - Filtered PMTfied file saved to: /lustre/hpc/project/icecube/HE_Nu_Aske_Oct2024/PMTfied_filtered/Snowstorm/CC_CRclean_Contained/22014/4/PMTfied_2.parquet
2025-02-24 13:53:04 - INFO - Filtered PMTfied file saved to: /lustre/hpc/project/icecube/HE_Nu_Aske_Oct2024/PMTfied_filtered/Snowstorm/CC_CRclean_Contained/22014/4/PMTfied_7.parquet
2025-02-24 13:53:07 - INFO - Filtered PMTfied file saved to: /lustre/hpc/project/icecube/HE_Nu_Aske_Oct2024/PMTfied_filtered/Snowstorm/CC_CRclean_Contained/22014/4/PMTfied_3.parquet
2025-02-24 13:53:07 - INFO - Filtered PMTfied file saved to: /lustre/hpc/project/icecube/HE_Nu_Aske_Oct2024/PMTfied_filtered/Snowstorm/CC_CRclean_Contained/22014/4/PMTfied_12.parquet
2025-02-24 13:53:10 - INFO - Filtered PMTfied file saved to: /lustre/hpc/project/icecube/HE_Nu_Aske_Oct2024/PMTfied_filtered/Snowstorm/CC_CRclean_Contained/22014/4/PMTfied_10.parquet
2025-02-24 13:53:13 - INFO - Filtered PMTfied file saved to: /lustre/hpc/project/icecube/HE_Nu_Aske_Oct2024/PMTfied_filtered/Snowstorm/CC_CRclean_Contained/22014/4/PMTfied_5.parquet
2025-02-24 13:53:16 - INFO - Filtered PMTfied file saved to: /lustre/hpc/project/icecube/HE_Nu_Aske_Oct2024/PMTfied_filtered/Snowstorm/CC_CRclean_Contained/22014/4/PMTfied_1.parquet
2025-02-24 13:53:19 - INFO - Filtered PMTfied file saved to: /lustre/hpc/project/icecube/HE_Nu_Aske_Oct2024/PMTfied_filtered/Snowstorm/CC_CRclean_Contained/22014/4/PMTfied_9.parquet
2025-02-24 13:53:22 - INFO - Filtered PMTfied file saved to: /lustre/hpc/project/icecube/HE_Nu_Aske_Oct2024/PMTfied_filtered/Snowstorm/CC_CRclean_Contained/22014/4/PMTfied_11.parquet
2025-02-24 13:53:25 - INFO - Filtered PMTfied file saved to: /lustre/hpc/project/icecube/HE_Nu_Aske_Oct2024/PMTfied_filtered/Snowstorm/CC_CRclean_Contained/22014/4/PMTfied_8.parquet
2025-02-24 13:53:27 - INFO - Filtered PMTfied file saved to: /lustre/hpc/project/icecube/HE_Nu_Aske_Oct2024/PMTfied_filtered/Snowstorm/CC_CRclean_Contained/22014/4/PMTfied_4.parquet
2025-02-24 13:53:27 - INFO - Filtering process completed.
2025-02-24 13:53:27 - INFO - Filtering process completed.
2025-02-24 13:53:28 - INFO - Unified receipt generated: /lustre/hpc/project/icecube/HE_Nu_Aske_Oct2024/PMTfied_filtered/Snowstorm/CC_CRclean_Contained/22014/[Receipt]22014_4.json
2025-02-24 13:53:28 - INFO - Filtering process completed.
Job completed at Mon Feb 24 01:53:28 PM CET 2025
