Starting job at Thu Feb 13 05:10:41 PM CET 2025
Running Filter_by_part.py for subdirectory 22014, part 3
2025-02-13 17:10:42 - INFO - Event filtering process starts...
2025-02-13 17:10:42 - INFO - Initialized Muon13Filter
2025-02-13 17:10:42 - INFO - Starting filtering process for 22014/3
2025-02-13 17:10:50 - INFO - Recalculated 'offset' column based on filtered 'N_doms' values.
2025-02-13 17:10:52 - INFO - Filtered truth file saved to: /lustre/hpc/project/icecube/HE_Nu_Aske_Oct2024/PMTfied_filtered/MuonLike/Snowstorm/22014/truth_3.parquet
2025-02-13 17:10:52 - INFO - Receipt file saved to: /lustre/hpc/project/icecube/HE_Nu_Aske_Oct2024/PMTfied_filtered/MuonLike/Snowstorm/22014/[Receipt]22014_3.json
2025-02-13 17:10:57 - INFO - Filtered PMTfied file saved to: /lustre/hpc/project/icecube/HE_Nu_Aske_Oct2024/PMTfied_filtered/MuonLike/Snowstorm/22014/3/PMTfied_11.parquet
2025-02-13 17:11:02 - INFO - Filtered PMTfied file saved to: /lustre/hpc/project/icecube/HE_Nu_Aske_Oct2024/PMTfied_filtered/MuonLike/Snowstorm/22014/3/PMTfied_6.parquet
2025-02-13 17:11:06 - INFO - Filtered PMTfied file saved to: /lustre/hpc/project/icecube/HE_Nu_Aske_Oct2024/PMTfied_filtered/MuonLike/Snowstorm/22014/3/PMTfied_2.parquet
2025-02-13 17:11:11 - INFO - Filtered PMTfied file saved to: /lustre/hpc/project/icecube/HE_Nu_Aske_Oct2024/PMTfied_filtered/MuonLike/Snowstorm/22014/3/PMTfied_7.parquet
2025-02-13 17:11:16 - INFO - Filtered PMTfied file saved to: /lustre/hpc/project/icecube/HE_Nu_Aske_Oct2024/PMTfied_filtered/MuonLike/Snowstorm/22014/3/PMTfied_3.parquet
2025-02-13 17:11:20 - INFO - Filtered PMTfied file saved to: /lustre/hpc/project/icecube/HE_Nu_Aske_Oct2024/PMTfied_filtered/MuonLike/Snowstorm/22014/3/PMTfied_10.parquet
2025-02-13 17:11:25 - INFO - Filtered PMTfied file saved to: /lustre/hpc/project/icecube/HE_Nu_Aske_Oct2024/PMTfied_filtered/MuonLike/Snowstorm/22014/3/PMTfied_5.parquet
2025-02-13 17:11:30 - INFO - Filtered PMTfied file saved to: /lustre/hpc/project/icecube/HE_Nu_Aske_Oct2024/PMTfied_filtered/MuonLike/Snowstorm/22014/3/PMTfied_1.parquet
2025-02-13 17:11:35 - INFO - Filtered PMTfied file saved to: /lustre/hpc/project/icecube/HE_Nu_Aske_Oct2024/PMTfied_filtered/MuonLike/Snowstorm/22014/3/PMTfied_9.parquet
2025-02-13 17:11:35 - INFO - Filtered PMTfied file saved to: /lustre/hpc/project/icecube/HE_Nu_Aske_Oct2024/PMTfied_filtered/MuonLike/Snowstorm/22014/3/PMTfied_12.parquet
2025-02-13 17:11:40 - INFO - Filtered PMTfied file saved to: /lustre/hpc/project/icecube/HE_Nu_Aske_Oct2024/PMTfied_filtered/MuonLike/Snowstorm/22014/3/PMTfied_8.parquet
2025-02-13 17:11:45 - INFO - Filtered PMTfied file saved to: /lustre/hpc/project/icecube/HE_Nu_Aske_Oct2024/PMTfied_filtered/MuonLike/Snowstorm/22014/3/PMTfied_4.parquet
2025-02-13 17:11:45 - INFO - Filtering process completed.
2025-02-13 17:11:45 - INFO - Filtering process completed for all selected filters.
2025-02-13 17:11:45 - INFO - Execution time: 63.73 seconds
2025-02-13 17:11:45 - INFO - Updated receipt with execution time: /lustre/hpc/project/icecube/HE_Nu_Aske_Oct2024/PMTfied_filtered/MuonLike/Snowstorm/22014/[Receipt]22014_3.json
Job completed at Thu Feb 13 05:11:45 PM CET 2025
