Starting job at Mon Feb 17 04:10:34 PM CET 2025
Running Filter_by_part.py for subdirectory 22014, part 5
2025-02-17 16:10:34 - INFO - Event filtering process starts...
2025-02-17 16:10:34 - INFO - Initialized Muon13Filter filter for 22014/5
2025-02-17 16:10:34 - INFO - Extracted 179976 valid events where MuonFilter_13==True.
2025-02-17 16:10:34 - INFO - Initialized CompositeEventFilter filter for 22014/5
2025-02-17 16:10:34 - INFO - Initialized (MuonLike)
2025-02-17 16:10:34 - INFO - Starting filtering process for 22014/5
2025-02-17 16:10:34 - INFO - Starting filtering process for 22014/5
2025-02-17 16:10:38 - INFO - Recalculated 'offset' column based on 'N_doms' values within each 'shard_no' group.
2025-02-17 16:10:39 - INFO - Filtered truth file saved to: /lustre/hpc/project/icecube/HE_Nu_Aske_Oct2024/PMTfied_filtered/Snowstorm/MuonLike/22014/truth_5.parquet
2025-02-17 16:10:40 - INFO - Filtered PMTfied file saved to: /lustre/hpc/project/icecube/HE_Nu_Aske_Oct2024/PMTfied_filtered/Snowstorm/MuonLike/22014/5/PMTfied_7.parquet
2025-02-17 16:10:42 - INFO - Filtered PMTfied file saved to: /lustre/hpc/project/icecube/HE_Nu_Aske_Oct2024/PMTfied_filtered/Snowstorm/MuonLike/22014/5/PMTfied_3.parquet
2025-02-17 16:10:43 - INFO - Filtered PMTfied file saved to: /lustre/hpc/project/icecube/HE_Nu_Aske_Oct2024/PMTfied_filtered/Snowstorm/MuonLike/22014/5/PMTfied_12.parquet
2025-02-17 16:10:45 - INFO - Filtered PMTfied file saved to: /lustre/hpc/project/icecube/HE_Nu_Aske_Oct2024/PMTfied_filtered/Snowstorm/MuonLike/22014/5/PMTfied_6.parquet
2025-02-17 16:10:46 - INFO - Filtered PMTfied file saved to: /lustre/hpc/project/icecube/HE_Nu_Aske_Oct2024/PMTfied_filtered/Snowstorm/MuonLike/22014/5/PMTfied_2.parquet
2025-02-17 16:10:48 - INFO - Filtered PMTfied file saved to: /lustre/hpc/project/icecube/HE_Nu_Aske_Oct2024/PMTfied_filtered/Snowstorm/MuonLike/22014/5/PMTfied_8.parquet
2025-02-17 16:10:50 - INFO - Filtered PMTfied file saved to: /lustre/hpc/project/icecube/HE_Nu_Aske_Oct2024/PMTfied_filtered/Snowstorm/MuonLike/22014/5/PMTfied_4.parquet
2025-02-17 16:10:52 - INFO - Filtered PMTfied file saved to: /lustre/hpc/project/icecube/HE_Nu_Aske_Oct2024/PMTfied_filtered/Snowstorm/MuonLike/22014/5/PMTfied_10.parquet
2025-02-17 16:10:54 - INFO - Filtered PMTfied file saved to: /lustre/hpc/project/icecube/HE_Nu_Aske_Oct2024/PMTfied_filtered/Snowstorm/MuonLike/22014/5/PMTfied_5.parquet
2025-02-17 16:10:55 - INFO - Filtered PMTfied file saved to: /lustre/hpc/project/icecube/HE_Nu_Aske_Oct2024/PMTfied_filtered/Snowstorm/MuonLike/22014/5/PMTfied_1.parquet
2025-02-17 16:10:57 - INFO - Filtered PMTfied file saved to: /lustre/hpc/project/icecube/HE_Nu_Aske_Oct2024/PMTfied_filtered/Snowstorm/MuonLike/22014/5/PMTfied_9.parquet
2025-02-17 16:10:59 - INFO - Filtered PMTfied file saved to: /lustre/hpc/project/icecube/HE_Nu_Aske_Oct2024/PMTfied_filtered/Snowstorm/MuonLike/22014/5/PMTfied_11.parquet
2025-02-17 16:10:59 - INFO - Filtering process completed.
2025-02-17 16:10:59 - INFO - Filtering process completed.
2025-02-17 16:10:59 - INFO - Unified receipt generated: /lustre/hpc/project/icecube/HE_Nu_Aske_Oct2024/PMTfied_filtered/Snowstorm/MuonLike/22014/[Receipt]22014_5.json
2025-02-17 16:10:59 - INFO - Filtering process completed.
Job completed at Mon Feb 17 04:10:59 PM CET 2025
