Starting job at Mon Feb 17 04:10:34 PM CET 2025
Running Filter_by_part.py for subdirectory 22014, part 3
2025-02-17 16:10:34 - INFO - Event filtering process starts...
2025-02-17 16:10:34 - INFO - Initialized Muon13Filter filter for 22014/3
2025-02-17 16:10:35 - INFO - Extracted 180004 valid events where MuonFilter_13==True.
2025-02-17 16:10:35 - INFO - Initialized CompositeEventFilter filter for 22014/3
2025-02-17 16:10:35 - INFO - Initialized (MuonLike)
2025-02-17 16:10:35 - INFO - Starting filtering process for 22014/3
2025-02-17 16:10:35 - INFO - Starting filtering process for 22014/3
2025-02-17 16:10:42 - INFO - Recalculated 'offset' column based on 'N_doms' values within each 'shard_no' group.
2025-02-17 16:10:44 - INFO - Filtered truth file saved to: /lustre/hpc/project/icecube/HE_Nu_Aske_Oct2024/PMTfied_filtered/Snowstorm/MuonLike/22014/truth_3.parquet
2025-02-17 16:10:48 - INFO - Filtered PMTfied file saved to: /lustre/hpc/project/icecube/HE_Nu_Aske_Oct2024/PMTfied_filtered/Snowstorm/MuonLike/22014/3/PMTfied_11.parquet
2025-02-17 16:10:53 - INFO - Filtered PMTfied file saved to: /lustre/hpc/project/icecube/HE_Nu_Aske_Oct2024/PMTfied_filtered/Snowstorm/MuonLike/22014/3/PMTfied_6.parquet
2025-02-17 16:10:57 - INFO - Filtered PMTfied file saved to: /lustre/hpc/project/icecube/HE_Nu_Aske_Oct2024/PMTfied_filtered/Snowstorm/MuonLike/22014/3/PMTfied_2.parquet
2025-02-17 16:11:02 - INFO - Filtered PMTfied file saved to: /lustre/hpc/project/icecube/HE_Nu_Aske_Oct2024/PMTfied_filtered/Snowstorm/MuonLike/22014/3/PMTfied_7.parquet
2025-02-17 16:11:06 - INFO - Filtered PMTfied file saved to: /lustre/hpc/project/icecube/HE_Nu_Aske_Oct2024/PMTfied_filtered/Snowstorm/MuonLike/22014/3/PMTfied_3.parquet
2025-02-17 16:11:11 - INFO - Filtered PMTfied file saved to: /lustre/hpc/project/icecube/HE_Nu_Aske_Oct2024/PMTfied_filtered/Snowstorm/MuonLike/22014/3/PMTfied_10.parquet
2025-02-17 16:11:15 - INFO - Filtered PMTfied file saved to: /lustre/hpc/project/icecube/HE_Nu_Aske_Oct2024/PMTfied_filtered/Snowstorm/MuonLike/22014/3/PMTfied_5.parquet
2025-02-17 16:11:20 - INFO - Filtered PMTfied file saved to: /lustre/hpc/project/icecube/HE_Nu_Aske_Oct2024/PMTfied_filtered/Snowstorm/MuonLike/22014/3/PMTfied_1.parquet
2025-02-17 16:11:24 - INFO - Filtered PMTfied file saved to: /lustre/hpc/project/icecube/HE_Nu_Aske_Oct2024/PMTfied_filtered/Snowstorm/MuonLike/22014/3/PMTfied_9.parquet
2025-02-17 16:11:25 - INFO - Filtered PMTfied file saved to: /lustre/hpc/project/icecube/HE_Nu_Aske_Oct2024/PMTfied_filtered/Snowstorm/MuonLike/22014/3/PMTfied_12.parquet
2025-02-17 16:11:30 - INFO - Filtered PMTfied file saved to: /lustre/hpc/project/icecube/HE_Nu_Aske_Oct2024/PMTfied_filtered/Snowstorm/MuonLike/22014/3/PMTfied_8.parquet
2025-02-17 16:11:34 - INFO - Filtered PMTfied file saved to: /lustre/hpc/project/icecube/HE_Nu_Aske_Oct2024/PMTfied_filtered/Snowstorm/MuonLike/22014/3/PMTfied_4.parquet
2025-02-17 16:11:34 - INFO - Filtering process completed.
2025-02-17 16:11:34 - INFO - Filtering process completed.
2025-02-17 16:11:34 - INFO - Unified receipt generated: /lustre/hpc/project/icecube/HE_Nu_Aske_Oct2024/PMTfied_filtered/Snowstorm/MuonLike/22014/[Receipt]22014_3.json
2025-02-17 16:11:34 - INFO - Filtering process completed.
Job completed at Mon Feb 17 04:11:35 PM CET 2025
