Starting job at Mon Feb 17 04:10:22 PM CET 2025
Running Filter_by_part.py for subdirectory 22014, part 2
2025-02-17 16:10:22 - INFO - Event filtering process starts...
2025-02-17 16:10:22 - INFO - Initialized Muon13Filter filter for 22014/2
2025-02-17 16:10:23 - INFO - Extracted 178689 valid events where MuonFilter_13==True.
2025-02-17 16:10:23 - INFO - Initialized CompositeEventFilter filter for 22014/2
2025-02-17 16:10:23 - INFO - Initialized (MuonLike)
2025-02-17 16:10:23 - INFO - Starting filtering process for 22014/2
2025-02-17 16:10:23 - INFO - Starting filtering process for 22014/2
2025-02-17 16:10:27 - INFO - Recalculated 'offset' column based on 'N_doms' values within each 'shard_no' group.
2025-02-17 16:10:27 - INFO - Filtered truth file saved to: /lustre/hpc/project/icecube/HE_Nu_Aske_Oct2024/PMTfied_filtered/Snowstorm/MuonLike/22014/truth_2.parquet
2025-02-17 16:10:30 - INFO - Filtered PMTfied file saved to: /lustre/hpc/project/icecube/HE_Nu_Aske_Oct2024/PMTfied_filtered/Snowstorm/MuonLike/22014/2/PMTfied_4.parquet
2025-02-17 16:10:32 - INFO - Filtered PMTfied file saved to: /lustre/hpc/project/icecube/HE_Nu_Aske_Oct2024/PMTfied_filtered/Snowstorm/MuonLike/22014/2/PMTfied_8.parquet
2025-02-17 16:10:32 - INFO - Filtered PMTfied file saved to: /lustre/hpc/project/icecube/HE_Nu_Aske_Oct2024/PMTfied_filtered/Snowstorm/MuonLike/22014/2/PMTfied_12.parquet
2025-02-17 16:10:34 - INFO - Filtered PMTfied file saved to: /lustre/hpc/project/icecube/HE_Nu_Aske_Oct2024/PMTfied_filtered/Snowstorm/MuonLike/22014/2/PMTfied_9.parquet
2025-02-17 16:10:36 - INFO - Filtered PMTfied file saved to: /lustre/hpc/project/icecube/HE_Nu_Aske_Oct2024/PMTfied_filtered/Snowstorm/MuonLike/22014/2/PMTfied_5.parquet
2025-02-17 16:10:38 - INFO - Filtered PMTfied file saved to: /lustre/hpc/project/icecube/HE_Nu_Aske_Oct2024/PMTfied_filtered/Snowstorm/MuonLike/22014/2/PMTfied_1.parquet
2025-02-17 16:10:40 - INFO - Filtered PMTfied file saved to: /lustre/hpc/project/icecube/HE_Nu_Aske_Oct2024/PMTfied_filtered/Snowstorm/MuonLike/22014/2/PMTfied_7.parquet
2025-02-17 16:10:42 - INFO - Filtered PMTfied file saved to: /lustre/hpc/project/icecube/HE_Nu_Aske_Oct2024/PMTfied_filtered/Snowstorm/MuonLike/22014/2/PMTfied_3.parquet
2025-02-17 16:10:44 - INFO - Filtered PMTfied file saved to: /lustre/hpc/project/icecube/HE_Nu_Aske_Oct2024/PMTfied_filtered/Snowstorm/MuonLike/22014/2/PMTfied_11.parquet
2025-02-17 16:10:46 - INFO - Filtered PMTfied file saved to: /lustre/hpc/project/icecube/HE_Nu_Aske_Oct2024/PMTfied_filtered/Snowstorm/MuonLike/22014/2/PMTfied_6.parquet
2025-02-17 16:10:48 - INFO - Filtered PMTfied file saved to: /lustre/hpc/project/icecube/HE_Nu_Aske_Oct2024/PMTfied_filtered/Snowstorm/MuonLike/22014/2/PMTfied_2.parquet
2025-02-17 16:10:50 - INFO - Filtered PMTfied file saved to: /lustre/hpc/project/icecube/HE_Nu_Aske_Oct2024/PMTfied_filtered/Snowstorm/MuonLike/22014/2/PMTfied_10.parquet
2025-02-17 16:10:50 - INFO - Filtering process completed.
2025-02-17 16:10:50 - INFO - Filtering process completed.
2025-02-17 16:10:50 - INFO - Unified receipt generated: /lustre/hpc/project/icecube/HE_Nu_Aske_Oct2024/PMTfied_filtered/Snowstorm/MuonLike/22014/[Receipt]22014_2.json
2025-02-17 16:10:50 - INFO - Filtering process completed.
Job completed at Mon Feb 17 04:10:50 PM CET 2025
