Starting job at Mon Feb 17 04:17:27 PM CET 2025
Running Filter_by_part.py for subdirectory 22014, part 6
2025-02-17 16:17:28 - INFO - Event filtering process starts...
2025-02-17 16:17:28 - INFO - Initialized PureNeutrinoEventFilter filter for 22014/6
2025-02-17 16:17:28 - INFO - Loaded 4 event specifier files from /lustre/hpc/project/icecube/HE_Nu_Aske_Oct2024/clean_events_dict/22014/22014/reduced
2025-02-17 16:17:28 - INFO - Selected 1 CSV files covering event range [3337, 3499]
2025-02-17 16:17:28 - INFO - Loaded 199380 valid (RunID, EventID) pairs from CSV files
2025-02-17 16:17:28 - INFO - Extracted 30418 valid events based on pure neutrino events.
2025-02-17 16:17:28 - INFO - Initialized Muon13Filter filter for 22014/6
2025-02-17 16:17:28 - INFO - Extracted 32196 valid events where MuonFilter_13==True.
2025-02-17 16:17:28 - INFO - Initialized CompositeEventFilter filter for 22014/6
2025-02-17 16:17:28 - INFO - Initialized (MuonLike_PureNu)
2025-02-17 16:17:28 - INFO - Starting filtering process for 22014/6
2025-02-17 16:17:28 - INFO - Starting filtering process for 22014/6
2025-02-17 16:17:29 - INFO - Recalculated 'offset' column based on 'N_doms' values within each 'shard_no' group.
2025-02-17 16:17:30 - INFO - Filtered truth file saved to: /lustre/hpc/project/icecube/HE_Nu_Aske_Oct2024/PMTfied_filtered/Snowstorm/MuonLike_PureNu/22014/truth_6.parquet
2025-02-17 16:17:33 - INFO - Filtered PMTfied file saved to: /lustre/hpc/project/icecube/HE_Nu_Aske_Oct2024/PMTfied_filtered/Snowstorm/MuonLike_PureNu/22014/6/PMTfied_2.parquet
2025-02-17 16:17:36 - INFO - Filtered PMTfied file saved to: /lustre/hpc/project/icecube/HE_Nu_Aske_Oct2024/PMTfied_filtered/Snowstorm/MuonLike_PureNu/22014/6/PMTfied_1.parquet
2025-02-17 16:17:36 - INFO - Filtering process completed.
2025-02-17 16:17:36 - INFO - Filtering process completed.
2025-02-17 16:17:36 - INFO - Unified receipt generated: /lustre/hpc/project/icecube/HE_Nu_Aske_Oct2024/PMTfied_filtered/Snowstorm/MuonLike_PureNu/22014/[Receipt]22014_6.json
2025-02-17 16:17:36 - INFO - Filtering process completed.
Job completed at Mon Feb 17 04:17:36 PM CET 2025
