Starting job at Mon Feb 17 04:17:18 PM CET 2025
Running Filter_by_part.py for subdirectory 22014, part 2
2025-02-17 16:17:18 - INFO - Event filtering process starts...
2025-02-17 16:17:18 - INFO - Initialized PureNeutrinoEventFilter filter for 22014/2
2025-02-17 16:17:18 - INFO - Loaded 4 event specifier files from /lustre/hpc/project/icecube/HE_Nu_Aske_Oct2024/clean_events_dict/22014/22014/reduced
2025-02-17 16:17:18 - INFO - Selected 2 CSV files covering event range [676, 1379]
2025-02-17 16:17:19 - INFO - Loaded 798142 valid (RunID, EventID) pairs from CSV files
2025-02-17 16:17:19 - INFO - Extracted 167631 valid events based on pure neutrino events.
2025-02-17 16:17:19 - INFO - Initialized Muon13Filter filter for 22014/2
2025-02-17 16:17:19 - INFO - Extracted 178689 valid events where MuonFilter_13==True.
2025-02-17 16:17:19 - INFO - Initialized CompositeEventFilter filter for 22014/2
2025-02-17 16:17:19 - INFO - Initialized (MuonLike_PureNu)
2025-02-17 16:17:19 - INFO - Starting filtering process for 22014/2
2025-02-17 16:17:19 - INFO - Starting filtering process for 22014/2
2025-02-17 16:17:22 - INFO - Recalculated 'offset' column based on 'N_doms' values within each 'shard_no' group.
2025-02-17 16:17:23 - INFO - Filtered truth file saved to: /lustre/hpc/project/icecube/HE_Nu_Aske_Oct2024/PMTfied_filtered/Snowstorm/MuonLike_PureNu/22014/truth_2.parquet
2025-02-17 16:17:24 - INFO - Filtered PMTfied file saved to: /lustre/hpc/project/icecube/HE_Nu_Aske_Oct2024/PMTfied_filtered/Snowstorm/MuonLike_PureNu/22014/2/PMTfied_4.parquet
2025-02-17 16:17:26 - INFO - Filtered PMTfied file saved to: /lustre/hpc/project/icecube/HE_Nu_Aske_Oct2024/PMTfied_filtered/Snowstorm/MuonLike_PureNu/22014/2/PMTfied_8.parquet
2025-02-17 16:17:26 - INFO - Filtered PMTfied file saved to: /lustre/hpc/project/icecube/HE_Nu_Aske_Oct2024/PMTfied_filtered/Snowstorm/MuonLike_PureNu/22014/2/PMTfied_12.parquet
2025-02-17 16:17:28 - INFO - Filtered PMTfied file saved to: /lustre/hpc/project/icecube/HE_Nu_Aske_Oct2024/PMTfied_filtered/Snowstorm/MuonLike_PureNu/22014/2/PMTfied_9.parquet
2025-02-17 16:17:29 - INFO - Filtered PMTfied file saved to: /lustre/hpc/project/icecube/HE_Nu_Aske_Oct2024/PMTfied_filtered/Snowstorm/MuonLike_PureNu/22014/2/PMTfied_5.parquet
2025-02-17 16:17:31 - INFO - Filtered PMTfied file saved to: /lustre/hpc/project/icecube/HE_Nu_Aske_Oct2024/PMTfied_filtered/Snowstorm/MuonLike_PureNu/22014/2/PMTfied_1.parquet
2025-02-17 16:17:32 - INFO - Filtered PMTfied file saved to: /lustre/hpc/project/icecube/HE_Nu_Aske_Oct2024/PMTfied_filtered/Snowstorm/MuonLike_PureNu/22014/2/PMTfied_7.parquet
2025-02-17 16:17:34 - INFO - Filtered PMTfied file saved to: /lustre/hpc/project/icecube/HE_Nu_Aske_Oct2024/PMTfied_filtered/Snowstorm/MuonLike_PureNu/22014/2/PMTfied_3.parquet
2025-02-17 16:17:35 - INFO - Filtered PMTfied file saved to: /lustre/hpc/project/icecube/HE_Nu_Aske_Oct2024/PMTfied_filtered/Snowstorm/MuonLike_PureNu/22014/2/PMTfied_11.parquet
2025-02-17 16:17:37 - INFO - Filtered PMTfied file saved to: /lustre/hpc/project/icecube/HE_Nu_Aske_Oct2024/PMTfied_filtered/Snowstorm/MuonLike_PureNu/22014/2/PMTfied_6.parquet
2025-02-17 16:17:39 - INFO - Filtered PMTfied file saved to: /lustre/hpc/project/icecube/HE_Nu_Aske_Oct2024/PMTfied_filtered/Snowstorm/MuonLike_PureNu/22014/2/PMTfied_2.parquet
2025-02-17 16:17:40 - INFO - Filtered PMTfied file saved to: /lustre/hpc/project/icecube/HE_Nu_Aske_Oct2024/PMTfied_filtered/Snowstorm/MuonLike_PureNu/22014/2/PMTfied_10.parquet
2025-02-17 16:17:40 - INFO - Filtering process completed.
2025-02-17 16:17:40 - INFO - Filtering process completed.
2025-02-17 16:17:40 - INFO - Unified receipt generated: /lustre/hpc/project/icecube/HE_Nu_Aske_Oct2024/PMTfied_filtered/Snowstorm/MuonLike_PureNu/22014/[Receipt]22014_2.json
2025-02-17 16:17:40 - INFO - Filtering process completed.
Job completed at Mon Feb 17 04:17:40 PM CET 2025
