Starting job at Sat Feb 15 01:49:47 PM CET 2025
Running Filter_by_part.py for subdirectory 22014, part 1
2025-02-15 13:49:47 - INFO - Event filtering process starts...
2025-02-15 13:49:47 - INFO - Initialized PureNeutrinoEventFilter filter for 22014/1
2025-02-15 13:49:48 - INFO - Loaded 4 event specifier files from /lustre/hpc/project/icecube/HE_Nu_Aske_Oct2024/clean_events_dict/22014/22014/reduced
2025-02-15 13:49:48 - INFO - Selected 1 CSV files covering event range [0, 806]
2025-02-15 13:49:49 - INFO - Loaded 398198 valid (RunID, EventID) pairs from CSV files
2025-02-15 13:49:49 - INFO - Extracted 169215 valid events based on pure neutrino events.
2025-02-15 13:49:49 - INFO - Initialized Muon13Filter filter for 22014/1
2025-02-15 13:49:49 - INFO - Extracted 180046 valid events where MuonFilter_13==True.
2025-02-15 13:49:49 - INFO - Initialized CompositeEventFilter filter for 22014/1
2025-02-15 13:49:49 - INFO - Initialized (MuonLike_PureNu)
2025-02-15 13:49:49 - INFO - Starting filtering process for 22014/1
2025-02-15 13:49:49 - INFO - Starting filtering process for 22014/1
2025-02-15 13:49:55 - INFO - Recalculated 'offset' column based on filtered 'N_doms' values.
2025-02-15 13:49:57 - INFO - Filtered truth file saved to: /lustre/hpc/project/icecube/HE_Nu_Aske_Oct2024/PMTfied_filtered/Snowstorm/MuonLike_PureNu/22014/truth_1.parquet
2025-02-15 13:50:01 - INFO - Filtered PMTfied file saved to: /lustre/hpc/project/icecube/HE_Nu_Aske_Oct2024/PMTfied_filtered/Snowstorm/MuonLike_PureNu/22014/1/PMTfied_10.parquet
2025-02-15 13:50:05 - INFO - Filtered PMTfied file saved to: /lustre/hpc/project/icecube/HE_Nu_Aske_Oct2024/PMTfied_filtered/Snowstorm/MuonLike_PureNu/22014/1/PMTfied_1.parquet
2025-02-15 13:50:09 - INFO - Filtered PMTfied file saved to: /lustre/hpc/project/icecube/HE_Nu_Aske_Oct2024/PMTfied_filtered/Snowstorm/MuonLike_PureNu/22014/1/PMTfied_5.parquet
2025-02-15 13:50:12 - INFO - Filtered PMTfied file saved to: /lustre/hpc/project/icecube/HE_Nu_Aske_Oct2024/PMTfied_filtered/Snowstorm/MuonLike_PureNu/22014/1/PMTfied_9.parquet
2025-02-15 13:50:16 - INFO - Filtered PMTfied file saved to: /lustre/hpc/project/icecube/HE_Nu_Aske_Oct2024/PMTfied_filtered/Snowstorm/MuonLike_PureNu/22014/1/PMTfied_8.parquet
2025-02-15 13:50:20 - INFO - Filtered PMTfied file saved to: /lustre/hpc/project/icecube/HE_Nu_Aske_Oct2024/PMTfied_filtered/Snowstorm/MuonLike_PureNu/22014/1/PMTfied_4.parquet
2025-02-15 13:50:24 - INFO - Filtered PMTfied file saved to: /lustre/hpc/project/icecube/HE_Nu_Aske_Oct2024/PMTfied_filtered/Snowstorm/MuonLike_PureNu/22014/1/PMTfied_11.parquet
2025-02-15 13:50:28 - INFO - Filtered PMTfied file saved to: /lustre/hpc/project/icecube/HE_Nu_Aske_Oct2024/PMTfied_filtered/Snowstorm/MuonLike_PureNu/22014/1/PMTfied_2.parquet
2025-02-15 13:50:31 - INFO - Filtered PMTfied file saved to: /lustre/hpc/project/icecube/HE_Nu_Aske_Oct2024/PMTfied_filtered/Snowstorm/MuonLike_PureNu/22014/1/PMTfied_6.parquet
2025-02-15 13:50:32 - INFO - Filtered PMTfied file saved to: /lustre/hpc/project/icecube/HE_Nu_Aske_Oct2024/PMTfied_filtered/Snowstorm/MuonLike_PureNu/22014/1/PMTfied_12.parquet
2025-02-15 13:50:36 - INFO - Filtered PMTfied file saved to: /lustre/hpc/project/icecube/HE_Nu_Aske_Oct2024/PMTfied_filtered/Snowstorm/MuonLike_PureNu/22014/1/PMTfied_3.parquet
2025-02-15 13:50:40 - INFO - Filtered PMTfied file saved to: /lustre/hpc/project/icecube/HE_Nu_Aske_Oct2024/PMTfied_filtered/Snowstorm/MuonLike_PureNu/22014/1/PMTfied_7.parquet
2025-02-15 13:50:40 - INFO - Filtering process completed.
2025-02-15 13:50:40 - INFO - Filtering process completed.
2025-02-15 13:50:40 - INFO - Unified receipt generated: /lustre/hpc/project/icecube/HE_Nu_Aske_Oct2024/PMTfied_filtered/Snowstorm/MuonLike_PureNu/22014/[Receipt]22014_1.json
2025-02-15 13:50:40 - INFO - Filtering process completed.
Job completed at Sat Feb 15 01:50:40 PM CET 2025
