Starting job at Sat Feb 15 01:49:50 PM CET 2025
Running Filter_by_part.py for subdirectory 22014, part 2
2025-02-15 13:49:51 - INFO - Event filtering process starts...
2025-02-15 13:49:51 - INFO - Initialized PureNeutrinoEventFilter filter for 22014/2
2025-02-15 13:49:52 - INFO - Loaded 4 event specifier files from /lustre/hpc/project/icecube/HE_Nu_Aske_Oct2024/clean_events_dict/22014/22014/reduced
2025-02-15 13:49:52 - INFO - Selected 2 CSV files covering event range [676, 1379]
2025-02-15 13:49:53 - INFO - Loaded 798142 valid (RunID, EventID) pairs from CSV files
2025-02-15 13:49:54 - INFO - Extracted 167631 valid events based on pure neutrino events.
2025-02-15 13:49:54 - INFO - Initialized Muon13Filter filter for 22014/2
2025-02-15 13:49:54 - INFO - Extracted 178689 valid events where MuonFilter_13==True.
2025-02-15 13:49:54 - INFO - Initialized CompositeEventFilter filter for 22014/2
2025-02-15 13:49:54 - INFO - Initialized (MuonLike_PureNu)
2025-02-15 13:49:54 - INFO - Starting filtering process for 22014/2
2025-02-15 13:49:54 - INFO - Starting filtering process for 22014/2
2025-02-15 13:50:00 - INFO - Recalculated 'offset' column based on filtered 'N_doms' values.
2025-02-15 13:50:01 - INFO - Filtered truth file saved to: /lustre/hpc/project/icecube/HE_Nu_Aske_Oct2024/PMTfied_filtered/Snowstorm/MuonLike_PureNu/22014/truth_2.parquet
2025-02-15 13:50:07 - INFO - Filtered PMTfied file saved to: /lustre/hpc/project/icecube/HE_Nu_Aske_Oct2024/PMTfied_filtered/Snowstorm/MuonLike_PureNu/22014/2/PMTfied_4.parquet
2025-02-15 13:50:11 - INFO - Filtered PMTfied file saved to: /lustre/hpc/project/icecube/HE_Nu_Aske_Oct2024/PMTfied_filtered/Snowstorm/MuonLike_PureNu/22014/2/PMTfied_8.parquet
2025-02-15 13:50:11 - INFO - Filtered PMTfied file saved to: /lustre/hpc/project/icecube/HE_Nu_Aske_Oct2024/PMTfied_filtered/Snowstorm/MuonLike_PureNu/22014/2/PMTfied_12.parquet
2025-02-15 13:50:15 - INFO - Filtered PMTfied file saved to: /lustre/hpc/project/icecube/HE_Nu_Aske_Oct2024/PMTfied_filtered/Snowstorm/MuonLike_PureNu/22014/2/PMTfied_9.parquet
2025-02-15 13:50:19 - INFO - Filtered PMTfied file saved to: /lustre/hpc/project/icecube/HE_Nu_Aske_Oct2024/PMTfied_filtered/Snowstorm/MuonLike_PureNu/22014/2/PMTfied_5.parquet
2025-02-15 13:50:23 - INFO - Filtered PMTfied file saved to: /lustre/hpc/project/icecube/HE_Nu_Aske_Oct2024/PMTfied_filtered/Snowstorm/MuonLike_PureNu/22014/2/PMTfied_1.parquet
2025-02-15 13:50:26 - INFO - Filtered PMTfied file saved to: /lustre/hpc/project/icecube/HE_Nu_Aske_Oct2024/PMTfied_filtered/Snowstorm/MuonLike_PureNu/22014/2/PMTfied_7.parquet
2025-02-15 13:50:30 - INFO - Filtered PMTfied file saved to: /lustre/hpc/project/icecube/HE_Nu_Aske_Oct2024/PMTfied_filtered/Snowstorm/MuonLike_PureNu/22014/2/PMTfied_3.parquet
2025-02-15 13:50:34 - INFO - Filtered PMTfied file saved to: /lustre/hpc/project/icecube/HE_Nu_Aske_Oct2024/PMTfied_filtered/Snowstorm/MuonLike_PureNu/22014/2/PMTfied_11.parquet
2025-02-15 13:50:38 - INFO - Filtered PMTfied file saved to: /lustre/hpc/project/icecube/HE_Nu_Aske_Oct2024/PMTfied_filtered/Snowstorm/MuonLike_PureNu/22014/2/PMTfied_6.parquet
2025-02-15 13:50:44 - INFO - Filtered PMTfied file saved to: /lustre/hpc/project/icecube/HE_Nu_Aske_Oct2024/PMTfied_filtered/Snowstorm/MuonLike_PureNu/22014/2/PMTfied_2.parquet
2025-02-15 13:50:48 - INFO - Filtered PMTfied file saved to: /lustre/hpc/project/icecube/HE_Nu_Aske_Oct2024/PMTfied_filtered/Snowstorm/MuonLike_PureNu/22014/2/PMTfied_10.parquet
2025-02-15 13:50:48 - INFO - Filtering process completed.
2025-02-15 13:50:48 - INFO - Filtering process completed.
2025-02-15 13:50:48 - INFO - Unified receipt generated: /lustre/hpc/project/icecube/HE_Nu_Aske_Oct2024/PMTfied_filtered/Snowstorm/MuonLike_PureNu/22014/[Receipt]22014_2.json
2025-02-15 13:50:48 - INFO - Filtering process completed.
Job completed at Sat Feb 15 01:50:48 PM CET 2025
