Starting job at Sat Feb 15 12:04:59 PM CET 2025
Running Filter_by_part.py for subdirectory 22014, part 5
2025-02-15 12:04:59 - INFO - Event filtering process starts...
2025-02-15 12:04:59 - INFO - Initialized Muon13Filter filter for 22014/5
2025-02-15 12:05:00 - INFO - Extracted 179976 valid events where MuonFilter_13==True.
2025-02-15 12:05:00 - INFO - Initialized CompositeEventFilter filter for 22014/5
2025-02-15 12:05:00 - INFO - Initialized (MuonLike)
2025-02-15 12:05:00 - INFO - Starting filtering process for 22014/5
2025-02-15 12:05:00 - INFO - Starting filtering process for 22014/5
2025-02-15 12:05:08 - INFO - Recalculated 'offset' column based on filtered 'N_doms' values.
2025-02-15 12:05:09 - INFO - Filtered truth file saved to: /lustre/hpc/project/icecube/HE_Nu_Aske_Oct2024/PMTfied_filtered/Snowstorm/MuonLike/22014/truth_5.parquet
2025-02-15 12:05:14 - INFO - Filtered PMTfied file saved to: /lustre/hpc/project/icecube/HE_Nu_Aske_Oct2024/PMTfied_filtered/Snowstorm/MuonLike/22014/5/PMTfied_7.parquet
2025-02-15 12:05:19 - INFO - Filtered PMTfied file saved to: /lustre/hpc/project/icecube/HE_Nu_Aske_Oct2024/PMTfied_filtered/Snowstorm/MuonLike/22014/5/PMTfied_3.parquet
2025-02-15 12:05:20 - INFO - Filtered PMTfied file saved to: /lustre/hpc/project/icecube/HE_Nu_Aske_Oct2024/PMTfied_filtered/Snowstorm/MuonLike/22014/5/PMTfied_12.parquet
2025-02-15 12:05:25 - INFO - Filtered PMTfied file saved to: /lustre/hpc/project/icecube/HE_Nu_Aske_Oct2024/PMTfied_filtered/Snowstorm/MuonLike/22014/5/PMTfied_6.parquet
2025-02-15 12:05:29 - INFO - Filtered PMTfied file saved to: /lustre/hpc/project/icecube/HE_Nu_Aske_Oct2024/PMTfied_filtered/Snowstorm/MuonLike/22014/5/PMTfied_2.parquet
2025-02-15 12:05:34 - INFO - Filtered PMTfied file saved to: /lustre/hpc/project/icecube/HE_Nu_Aske_Oct2024/PMTfied_filtered/Snowstorm/MuonLike/22014/5/PMTfied_8.parquet
2025-02-15 12:05:38 - INFO - Filtered PMTfied file saved to: /lustre/hpc/project/icecube/HE_Nu_Aske_Oct2024/PMTfied_filtered/Snowstorm/MuonLike/22014/5/PMTfied_4.parquet
2025-02-15 12:05:42 - INFO - Filtered PMTfied file saved to: /lustre/hpc/project/icecube/HE_Nu_Aske_Oct2024/PMTfied_filtered/Snowstorm/MuonLike/22014/5/PMTfied_10.parquet
2025-02-15 12:05:47 - INFO - Filtered PMTfied file saved to: /lustre/hpc/project/icecube/HE_Nu_Aske_Oct2024/PMTfied_filtered/Snowstorm/MuonLike/22014/5/PMTfied_5.parquet
2025-02-15 12:05:51 - INFO - Filtered PMTfied file saved to: /lustre/hpc/project/icecube/HE_Nu_Aske_Oct2024/PMTfied_filtered/Snowstorm/MuonLike/22014/5/PMTfied_1.parquet
2025-02-15 12:05:56 - INFO - Filtered PMTfied file saved to: /lustre/hpc/project/icecube/HE_Nu_Aske_Oct2024/PMTfied_filtered/Snowstorm/MuonLike/22014/5/PMTfied_9.parquet
2025-02-15 12:06:00 - INFO - Filtered PMTfied file saved to: /lustre/hpc/project/icecube/HE_Nu_Aske_Oct2024/PMTfied_filtered/Snowstorm/MuonLike/22014/5/PMTfied_11.parquet
2025-02-15 12:06:00 - INFO - Filtering process completed.
2025-02-15 12:06:00 - INFO - Filtering process completed.
2025-02-15 12:06:00 - INFO - Unified receipt generated: /lustre/hpc/project/icecube/HE_Nu_Aske_Oct2024/PMTfied_filtered/Snowstorm/MuonLike/22014/[Receipt]22014_5.json
2025-02-15 12:06:00 - INFO - Filtering process completed.
Job completed at Sat Feb 15 12:06:00 PM CET 2025
