nohup: ignoring input
2025-02-14 21:11:54 - INFO - Event filtering process starts...
2025-02-14 21:11:54 - INFO - Initialized PureNeutrinoEventFilter
2025-02-14 21:11:54 - INFO - Loaded 4 event specifier files from /lustre/hpc/project/icecube/HE_Nu_Aske_Oct2024/clean_events_dict/22014/22014/reduced
2025-02-14 21:11:55 - INFO - Selected 1 CSV files covering event range [0, 806]
2025-02-14 21:11:56 - INFO - Loaded 398198 valid (RunID, EventID) pairs from CSV files
2025-02-14 21:11:57 - INFO - Extracted 169215 valid events based on pure neutrino events.
2025-02-14 21:11:57 - INFO - Initialized Muon13Filter
2025-02-14 21:11:57 - INFO - Extracted 180046 valid events based on MuonFilter_13.
2025-02-14 21:11:57 - INFO - Initialized SyntheticEventFilter
2025-02-14 21:11:57 - INFO - Starting filtering process for 22014/1
2025-02-14 21:11:57 - INFO - Starting filtering process for 22014/1
2025-02-14 21:12:08 - INFO - Recalculated 'offset' column based on filtered 'N_doms' values.
2025-02-14 21:12:10 - INFO - Filtered truth file saved to: /lustre/hpc/project/icecube/HE_Nu_Aske_Oct2024/PMTfied_filtered/Snowstorm/MuonLike_PureNu/22014/truth_1.parquet
2025-02-14 21:12:17 - INFO - Filtered PMTfied file saved to: /lustre/hpc/project/icecube/HE_Nu_Aske_Oct2024/PMTfied_filtered/Snowstorm/MuonLike_PureNu/22014/1/PMTfied_10.parquet
2025-02-14 21:12:25 - INFO - Filtered PMTfied file saved to: /lustre/hpc/project/icecube/HE_Nu_Aske_Oct2024/PMTfied_filtered/Snowstorm/MuonLike_PureNu/22014/1/PMTfied_1.parquet
2025-02-14 21:12:30 - INFO - Filtered PMTfied file saved to: /lustre/hpc/project/icecube/HE_Nu_Aske_Oct2024/PMTfied_filtered/Snowstorm/MuonLike_PureNu/22014/1/PMTfied_5.parquet
2025-02-14 21:12:37 - INFO - Filtered PMTfied file saved to: /lustre/hpc/project/icecube/HE_Nu_Aske_Oct2024/PMTfied_filtered/Snowstorm/MuonLike_PureNu/22014/1/PMTfied_9.parquet
2025-02-14 21:12:44 - INFO - Filtered PMTfied file saved to: /lustre/hpc/project/icecube/HE_Nu_Aske_Oct2024/PMTfied_filtered/Snowstorm/MuonLike_PureNu/22014/1/PMTfied_8.parquet
2025-02-14 21:12:49 - INFO - Filtered PMTfied file saved to: /lustre/hpc/project/icecube/HE_Nu_Aske_Oct2024/PMTfied_filtered/Snowstorm/MuonLike_PureNu/22014/1/PMTfied_4.parquet
2025-02-14 21:12:55 - INFO - Filtered PMTfied file saved to: /lustre/hpc/project/icecube/HE_Nu_Aske_Oct2024/PMTfied_filtered/Snowstorm/MuonLike_PureNu/22014/1/PMTfied_11.parquet
2025-02-14 21:13:01 - INFO - Filtered PMTfied file saved to: /lustre/hpc/project/icecube/HE_Nu_Aske_Oct2024/PMTfied_filtered/Snowstorm/MuonLike_PureNu/22014/1/PMTfied_2.parquet
2025-02-14 21:13:07 - INFO - Filtered PMTfied file saved to: /lustre/hpc/project/icecube/HE_Nu_Aske_Oct2024/PMTfied_filtered/Snowstorm/MuonLike_PureNu/22014/1/PMTfied_6.parquet
2025-02-14 21:13:08 - INFO - Filtered PMTfied file saved to: /lustre/hpc/project/icecube/HE_Nu_Aske_Oct2024/PMTfied_filtered/Snowstorm/MuonLike_PureNu/22014/1/PMTfied_12.parquet
2025-02-14 21:13:15 - INFO - Filtered PMTfied file saved to: /lustre/hpc/project/icecube/HE_Nu_Aske_Oct2024/PMTfied_filtered/Snowstorm/MuonLike_PureNu/22014/1/PMTfied_3.parquet
2025-02-14 21:13:21 - INFO - Filtered PMTfied file saved to: /lustre/hpc/project/icecube/HE_Nu_Aske_Oct2024/PMTfied_filtered/Snowstorm/MuonLike_PureNu/22014/1/PMTfied_7.parquet
2025-02-14 21:13:21 - INFO - Filtering process completed.
2025-02-14 21:13:21 - INFO - Filtering process completed.
2025-02-14 21:13:21 - INFO - Unified receipt generated: /lustre/hpc/project/icecube/HE_Nu_Aske_Oct2024/PMTfied_filtered/Snowstorm/MuonLike_PureNu/22014/[Receipt]22014_1.json
2025-02-14 21:13:21 - INFO - Filtering process completed.
