Starting job at Sat Feb 15 12:56:52 PM CET 2025
Running Filter_by_part.py for subdirectory 22014, part 4
2025-02-15 12:56:52 - INFO - Event filtering process starts...
2025-02-15 12:56:52 - INFO - Initialized Muon13Filter filter for 22014/4
2025-02-15 12:56:53 - INFO - Extracted 180569 valid events where MuonFilter_13==True.
2025-02-15 12:56:53 - INFO - Initialized CompositeEventFilter filter for 22014/4
2025-02-15 12:56:53 - INFO - Initialized (MuonLike)
2025-02-15 12:56:53 - INFO - Starting filtering process for 22014/4
2025-02-15 12:56:53 - INFO - Starting filtering process for 22014/4
2025-02-15 12:57:00 - INFO - Recalculated 'offset' column based on filtered 'N_doms' values.
2025-02-15 12:57:02 - INFO - Filtered truth file saved to: /lustre/hpc/project/icecube/HE_Nu_Aske_Oct2024/PMTfied_filtered/Snowstorm/MuonLike/22014/truth_4.parquet
2025-02-15 12:57:06 - INFO - Filtered PMTfied file saved to: /lustre/hpc/project/icecube/HE_Nu_Aske_Oct2024/PMTfied_filtered/Snowstorm/MuonLike/22014/4/PMTfied_6.parquet
2025-02-15 12:57:11 - INFO - Filtered PMTfied file saved to: /lustre/hpc/project/icecube/HE_Nu_Aske_Oct2024/PMTfied_filtered/Snowstorm/MuonLike/22014/4/PMTfied_2.parquet
2025-02-15 12:57:15 - INFO - Filtered PMTfied file saved to: /lustre/hpc/project/icecube/HE_Nu_Aske_Oct2024/PMTfied_filtered/Snowstorm/MuonLike/22014/4/PMTfied_7.parquet
2025-02-15 12:57:20 - INFO - Filtered PMTfied file saved to: /lustre/hpc/project/icecube/HE_Nu_Aske_Oct2024/PMTfied_filtered/Snowstorm/MuonLike/22014/4/PMTfied_3.parquet
2025-02-15 12:57:21 - INFO - Filtered PMTfied file saved to: /lustre/hpc/project/icecube/HE_Nu_Aske_Oct2024/PMTfied_filtered/Snowstorm/MuonLike/22014/4/PMTfied_12.parquet
2025-02-15 12:57:25 - INFO - Filtered PMTfied file saved to: /lustre/hpc/project/icecube/HE_Nu_Aske_Oct2024/PMTfied_filtered/Snowstorm/MuonLike/22014/4/PMTfied_10.parquet
2025-02-15 12:57:31 - INFO - Filtered PMTfied file saved to: /lustre/hpc/project/icecube/HE_Nu_Aske_Oct2024/PMTfied_filtered/Snowstorm/MuonLike/22014/4/PMTfied_5.parquet
2025-02-15 12:57:36 - INFO - Filtered PMTfied file saved to: /lustre/hpc/project/icecube/HE_Nu_Aske_Oct2024/PMTfied_filtered/Snowstorm/MuonLike/22014/4/PMTfied_1.parquet
2025-02-15 12:57:40 - INFO - Filtered PMTfied file saved to: /lustre/hpc/project/icecube/HE_Nu_Aske_Oct2024/PMTfied_filtered/Snowstorm/MuonLike/22014/4/PMTfied_9.parquet
2025-02-15 12:57:45 - INFO - Filtered PMTfied file saved to: /lustre/hpc/project/icecube/HE_Nu_Aske_Oct2024/PMTfied_filtered/Snowstorm/MuonLike/22014/4/PMTfied_11.parquet
2025-02-15 12:57:49 - INFO - Filtered PMTfied file saved to: /lustre/hpc/project/icecube/HE_Nu_Aske_Oct2024/PMTfied_filtered/Snowstorm/MuonLike/22014/4/PMTfied_8.parquet
2025-02-15 12:57:53 - INFO - Filtered PMTfied file saved to: /lustre/hpc/project/icecube/HE_Nu_Aske_Oct2024/PMTfied_filtered/Snowstorm/MuonLike/22014/4/PMTfied_4.parquet
2025-02-15 12:57:53 - INFO - Filtering process completed.
2025-02-15 12:57:53 - INFO - Filtering process completed.
2025-02-15 12:57:53 - INFO - Unified receipt generated: /lustre/hpc/project/icecube/HE_Nu_Aske_Oct2024/PMTfied_filtered/Snowstorm/MuonLike/22014/[Receipt]22014_4.json
2025-02-15 12:57:53 - INFO - Filtering process completed.
Job completed at Sat Feb 15 12:57:54 PM CET 2025
