Starting job at Mon Feb 24 01:09:55 PM CET 2025
Running Filter_by_part.py for subdirectory 22014, part 5
2025-02-24 13:09:55 - INFO - Event filtering process starts...
2025-02-24 13:09:55 - INFO - Initialized PureNeutrinoEventFilter filter for 22014/5
2025-02-24 13:09:57 - INFO - Loaded 4 event specifier files from /lustre/hpc/project/icecube/HE_Nu_Aske_Oct2024/clean_events_dict/22014/22014/reduced
2025-02-24 13:09:57 - INFO - Selected 2 CSV files covering event range [2665, 3389]
2025-02-24 13:09:58 - INFO - Loaded 597962 valid (RunID, EventID) pairs from CSV files
2025-02-24 13:09:58 - INFO - Extracted 168291 valid events based on pure neutrino events.
2025-02-24 13:09:58 - INFO - Initialized Muon13Filter filter for 22014/5
2025-02-24 13:09:59 - INFO - Extracted 179976 valid events where MuonFilter_13==True.
2025-02-24 13:09:59 - INFO - Initialized CCFilter filter for 22014/5
2025-02-24 13:09:59 - INFO - Extracted 173813 valid events which are CC interactions.
2025-02-24 13:09:59 - INFO - Initialized CompositeEventFilter filter for 22014/5
2025-02-24 13:09:59 - INFO - Initialized (CC_CRclean_MuonLike)
2025-02-24 13:09:59 - INFO - Starting filtering process for 22014/5
2025-02-24 13:09:59 - INFO - Starting filtering process for 22014/5
2025-02-24 13:10:07 - INFO - Recalculated 'offset' column based on 'N_doms' values within each 'shard_no' group.
2025-02-24 13:10:08 - INFO - Filtered truth file saved to: /lustre/hpc/project/icecube/HE_Nu_Aske_Oct2024/PMTfied_filtered/Snowstorm/CC_CRclean_MuonLike/22014/truth_5.parquet
2025-02-24 13:10:11 - INFO - Filtered PMTfied file saved to: /lustre/hpc/project/icecube/HE_Nu_Aske_Oct2024/PMTfied_filtered/Snowstorm/CC_CRclean_MuonLike/22014/5/PMTfied_7.parquet
2025-02-24 13:10:15 - INFO - Filtered PMTfied file saved to: /lustre/hpc/project/icecube/HE_Nu_Aske_Oct2024/PMTfied_filtered/Snowstorm/CC_CRclean_MuonLike/22014/5/PMTfied_3.parquet
2025-02-24 13:10:16 - INFO - Filtered PMTfied file saved to: /lustre/hpc/project/icecube/HE_Nu_Aske_Oct2024/PMTfied_filtered/Snowstorm/CC_CRclean_MuonLike/22014/5/PMTfied_12.parquet
2025-02-24 13:10:19 - INFO - Filtered PMTfied file saved to: /lustre/hpc/project/icecube/HE_Nu_Aske_Oct2024/PMTfied_filtered/Snowstorm/CC_CRclean_MuonLike/22014/5/PMTfied_6.parquet
2025-02-24 13:10:23 - INFO - Filtered PMTfied file saved to: /lustre/hpc/project/icecube/HE_Nu_Aske_Oct2024/PMTfied_filtered/Snowstorm/CC_CRclean_MuonLike/22014/5/PMTfied_2.parquet
2025-02-24 13:10:27 - INFO - Filtered PMTfied file saved to: /lustre/hpc/project/icecube/HE_Nu_Aske_Oct2024/PMTfied_filtered/Snowstorm/CC_CRclean_MuonLike/22014/5/PMTfied_8.parquet
2025-02-24 13:10:30 - INFO - Filtered PMTfied file saved to: /lustre/hpc/project/icecube/HE_Nu_Aske_Oct2024/PMTfied_filtered/Snowstorm/CC_CRclean_MuonLike/22014/5/PMTfied_4.parquet
2025-02-24 13:10:34 - INFO - Filtered PMTfied file saved to: /lustre/hpc/project/icecube/HE_Nu_Aske_Oct2024/PMTfied_filtered/Snowstorm/CC_CRclean_MuonLike/22014/5/PMTfied_10.parquet
2025-02-24 13:10:37 - INFO - Filtered PMTfied file saved to: /lustre/hpc/project/icecube/HE_Nu_Aske_Oct2024/PMTfied_filtered/Snowstorm/CC_CRclean_MuonLike/22014/5/PMTfied_5.parquet
2025-02-24 13:10:41 - INFO - Filtered PMTfied file saved to: /lustre/hpc/project/icecube/HE_Nu_Aske_Oct2024/PMTfied_filtered/Snowstorm/CC_CRclean_MuonLike/22014/5/PMTfied_1.parquet
2025-02-24 13:10:44 - INFO - Filtered PMTfied file saved to: /lustre/hpc/project/icecube/HE_Nu_Aske_Oct2024/PMTfied_filtered/Snowstorm/CC_CRclean_MuonLike/22014/5/PMTfied_9.parquet
2025-02-24 13:10:52 - INFO - Filtered PMTfied file saved to: /lustre/hpc/project/icecube/HE_Nu_Aske_Oct2024/PMTfied_filtered/Snowstorm/CC_CRclean_MuonLike/22014/5/PMTfied_11.parquet
2025-02-24 13:10:52 - INFO - Filtering process completed.
2025-02-24 13:10:52 - INFO - Filtering process completed.
2025-02-24 13:10:52 - INFO - Unified receipt generated: /lustre/hpc/project/icecube/HE_Nu_Aske_Oct2024/PMTfied_filtered/Snowstorm/CC_CRclean_MuonLike/22014/[Receipt]22014_5.json
2025-02-24 13:10:52 - INFO - Filtering process completed.
Job completed at Mon Feb 24 01:10:52 PM CET 2025
