Starting job at Thu Feb 13 05:10:44 PM CET 2025
Running Filter_by_part.py for subdirectory 22014, part 4
2025-02-13 17:10:45 - INFO - Event filtering process starts...
2025-02-13 17:10:45 - INFO - Initialized Muon13Filter
2025-02-13 17:10:45 - INFO - Starting filtering process for 22014/4
2025-02-13 17:10:53 - INFO - Recalculated 'offset' column based on filtered 'N_doms' values.
2025-02-13 17:10:54 - INFO - Filtered truth file saved to: /lustre/hpc/project/icecube/HE_Nu_Aske_Oct2024/PMTfied_filtered/MuonLike/Snowstorm/22014/truth_4.parquet
2025-02-13 17:10:54 - INFO - Receipt file saved to: /lustre/hpc/project/icecube/HE_Nu_Aske_Oct2024/PMTfied_filtered/MuonLike/Snowstorm/22014/[Receipt]22014_4.json
2025-02-13 17:10:59 - INFO - Filtered PMTfied file saved to: /lustre/hpc/project/icecube/HE_Nu_Aske_Oct2024/PMTfied_filtered/MuonLike/Snowstorm/22014/4/PMTfied_6.parquet
2025-02-13 17:11:03 - INFO - Filtered PMTfied file saved to: /lustre/hpc/project/icecube/HE_Nu_Aske_Oct2024/PMTfied_filtered/MuonLike/Snowstorm/22014/4/PMTfied_2.parquet
2025-02-13 17:11:07 - INFO - Filtered PMTfied file saved to: /lustre/hpc/project/icecube/HE_Nu_Aske_Oct2024/PMTfied_filtered/MuonLike/Snowstorm/22014/4/PMTfied_7.parquet
2025-02-13 17:11:12 - INFO - Filtered PMTfied file saved to: /lustre/hpc/project/icecube/HE_Nu_Aske_Oct2024/PMTfied_filtered/MuonLike/Snowstorm/22014/4/PMTfied_3.parquet
2025-02-13 17:11:13 - INFO - Filtered PMTfied file saved to: /lustre/hpc/project/icecube/HE_Nu_Aske_Oct2024/PMTfied_filtered/MuonLike/Snowstorm/22014/4/PMTfied_12.parquet
2025-02-13 17:11:17 - INFO - Filtered PMTfied file saved to: /lustre/hpc/project/icecube/HE_Nu_Aske_Oct2024/PMTfied_filtered/MuonLike/Snowstorm/22014/4/PMTfied_10.parquet
2025-02-13 17:11:22 - INFO - Filtered PMTfied file saved to: /lustre/hpc/project/icecube/HE_Nu_Aske_Oct2024/PMTfied_filtered/MuonLike/Snowstorm/22014/4/PMTfied_5.parquet
2025-02-13 17:11:26 - INFO - Filtered PMTfied file saved to: /lustre/hpc/project/icecube/HE_Nu_Aske_Oct2024/PMTfied_filtered/MuonLike/Snowstorm/22014/4/PMTfied_1.parquet
2025-02-13 17:11:30 - INFO - Filtered PMTfied file saved to: /lustre/hpc/project/icecube/HE_Nu_Aske_Oct2024/PMTfied_filtered/MuonLike/Snowstorm/22014/4/PMTfied_9.parquet
2025-02-13 17:11:35 - INFO - Filtered PMTfied file saved to: /lustre/hpc/project/icecube/HE_Nu_Aske_Oct2024/PMTfied_filtered/MuonLike/Snowstorm/22014/4/PMTfied_11.parquet
2025-02-13 17:11:39 - INFO - Filtered PMTfied file saved to: /lustre/hpc/project/icecube/HE_Nu_Aske_Oct2024/PMTfied_filtered/MuonLike/Snowstorm/22014/4/PMTfied_8.parquet
2025-02-13 17:11:43 - INFO - Filtered PMTfied file saved to: /lustre/hpc/project/icecube/HE_Nu_Aske_Oct2024/PMTfied_filtered/MuonLike/Snowstorm/22014/4/PMTfied_4.parquet
2025-02-13 17:11:43 - INFO - Filtering process completed.
2025-02-13 17:11:43 - INFO - Filtering process completed for all selected filters.
2025-02-13 17:11:43 - INFO - Execution time: 58.61 seconds
2025-02-13 17:11:43 - INFO - Updated receipt with execution time: /lustre/hpc/project/icecube/HE_Nu_Aske_Oct2024/PMTfied_filtered/MuonLike/Snowstorm/22014/[Receipt]22014_4.json
Job completed at Thu Feb 13 05:11:43 PM CET 2025
