Starting job at Sat Feb 15 12:56:51 PM CET 2025
Running Filter_by_part.py for subdirectory 22014, part 2
2025-02-15 12:56:51 - INFO - Event filtering process starts...
2025-02-15 12:56:51 - INFO - Initialized Muon13Filter filter for 22014/2
2025-02-15 12:56:54 - INFO - Extracted 178689 valid events where MuonFilter_13==True.
2025-02-15 12:56:54 - INFO - Initialized CompositeEventFilter filter for 22014/2
2025-02-15 12:56:54 - INFO - Initialized (MuonLike)
2025-02-15 12:56:54 - INFO - Starting filtering process for 22014/2
2025-02-15 12:56:54 - INFO - Starting filtering process for 22014/2
2025-02-15 12:57:01 - INFO - Recalculated 'offset' column based on filtered 'N_doms' values.
2025-02-15 12:57:02 - INFO - Filtered truth file saved to: /lustre/hpc/project/icecube/HE_Nu_Aske_Oct2024/PMTfied_filtered/Snowstorm/MuonLike/22014/truth_2.parquet
2025-02-15 12:57:07 - INFO - Filtered PMTfied file saved to: /lustre/hpc/project/icecube/HE_Nu_Aske_Oct2024/PMTfied_filtered/Snowstorm/MuonLike/22014/2/PMTfied_4.parquet
2025-02-15 12:57:11 - INFO - Filtered PMTfied file saved to: /lustre/hpc/project/icecube/HE_Nu_Aske_Oct2024/PMTfied_filtered/Snowstorm/MuonLike/22014/2/PMTfied_8.parquet
2025-02-15 12:57:11 - INFO - Filtered PMTfied file saved to: /lustre/hpc/project/icecube/HE_Nu_Aske_Oct2024/PMTfied_filtered/Snowstorm/MuonLike/22014/2/PMTfied_12.parquet
2025-02-15 12:57:15 - INFO - Filtered PMTfied file saved to: /lustre/hpc/project/icecube/HE_Nu_Aske_Oct2024/PMTfied_filtered/Snowstorm/MuonLike/22014/2/PMTfied_9.parquet
2025-02-15 12:57:20 - INFO - Filtered PMTfied file saved to: /lustre/hpc/project/icecube/HE_Nu_Aske_Oct2024/PMTfied_filtered/Snowstorm/MuonLike/22014/2/PMTfied_5.parquet
2025-02-15 12:57:24 - INFO - Filtered PMTfied file saved to: /lustre/hpc/project/icecube/HE_Nu_Aske_Oct2024/PMTfied_filtered/Snowstorm/MuonLike/22014/2/PMTfied_1.parquet
2025-02-15 12:57:28 - INFO - Filtered PMTfied file saved to: /lustre/hpc/project/icecube/HE_Nu_Aske_Oct2024/PMTfied_filtered/Snowstorm/MuonLike/22014/2/PMTfied_7.parquet
2025-02-15 12:57:32 - INFO - Filtered PMTfied file saved to: /lustre/hpc/project/icecube/HE_Nu_Aske_Oct2024/PMTfied_filtered/Snowstorm/MuonLike/22014/2/PMTfied_3.parquet
2025-02-15 12:57:36 - INFO - Filtered PMTfied file saved to: /lustre/hpc/project/icecube/HE_Nu_Aske_Oct2024/PMTfied_filtered/Snowstorm/MuonLike/22014/2/PMTfied_11.parquet
2025-02-15 12:57:41 - INFO - Filtered PMTfied file saved to: /lustre/hpc/project/icecube/HE_Nu_Aske_Oct2024/PMTfied_filtered/Snowstorm/MuonLike/22014/2/PMTfied_6.parquet
2025-02-15 12:57:45 - INFO - Filtered PMTfied file saved to: /lustre/hpc/project/icecube/HE_Nu_Aske_Oct2024/PMTfied_filtered/Snowstorm/MuonLike/22014/2/PMTfied_2.parquet
2025-02-15 12:57:49 - INFO - Filtered PMTfied file saved to: /lustre/hpc/project/icecube/HE_Nu_Aske_Oct2024/PMTfied_filtered/Snowstorm/MuonLike/22014/2/PMTfied_10.parquet
2025-02-15 12:57:49 - INFO - Filtering process completed.
2025-02-15 12:57:49 - INFO - Filtering process completed.
2025-02-15 12:57:49 - INFO - Unified receipt generated: /lustre/hpc/project/icecube/HE_Nu_Aske_Oct2024/PMTfied_filtered/Snowstorm/MuonLike/22014/[Receipt]22014_2.json
2025-02-15 12:57:49 - INFO - Filtering process completed.
Job completed at Sat Feb 15 12:57:49 PM CET 2025
