Starting job at Sat Feb 15 12:11:27 PM CET 2025
Running Filter_by_part.py for subdirectory 22014, part 6
2025-02-15 12:11:28 - INFO - Event filtering process starts...
2025-02-15 12:11:28 - INFO - Initialized PureNeutrinoEventFilter filter for 22014/6
2025-02-15 12:11:28 - INFO - Loaded 4 event specifier files from /lustre/hpc/project/icecube/HE_Nu_Aske_Oct2024/clean_events_dict/22014/22014/reduced
2025-02-15 12:11:28 - INFO - Selected 1 CSV files covering event range [3337, 3499]
2025-02-15 12:11:29 - INFO - Loaded 199380 valid (RunID, EventID) pairs from CSV files
2025-02-15 12:11:29 - INFO - Extracted 30418 valid events based on pure neutrino events.
2025-02-15 12:11:29 - INFO - Initialized CompositeEventFilter filter for 22014/6
2025-02-15 12:11:29 - INFO - Initialized (PureNu)
2025-02-15 12:11:29 - INFO - Starting filtering process for 22014/6
2025-02-15 12:11:29 - INFO - Starting filtering process for 22014/6
2025-02-15 12:11:30 - INFO - Recalculated 'offset' column based on filtered 'N_doms' values.
2025-02-15 12:11:30 - INFO - Filtered truth file saved to: /lustre/hpc/project/icecube/HE_Nu_Aske_Oct2024/PMTfied_filtered/Snowstorm/PureNu/22014/truth_6.parquet
2025-02-15 12:11:34 - INFO - Filtered PMTfied file saved to: /lustre/hpc/project/icecube/HE_Nu_Aske_Oct2024/PMTfied_filtered/Snowstorm/PureNu/22014/6/PMTfied_2.parquet
2025-02-15 12:11:38 - INFO - Filtered PMTfied file saved to: /lustre/hpc/project/icecube/HE_Nu_Aske_Oct2024/PMTfied_filtered/Snowstorm/PureNu/22014/6/PMTfied_1.parquet
2025-02-15 12:11:38 - INFO - Filtering process completed.
2025-02-15 12:11:38 - INFO - Filtering process completed.
2025-02-15 12:11:38 - INFO - Unified receipt generated: /lustre/hpc/project/icecube/HE_Nu_Aske_Oct2024/PMTfied_filtered/Snowstorm/PureNu/22014/[Receipt]22014_6.json
2025-02-15 12:11:38 - INFO - Filtering process completed.
Job completed at Sat Feb 15 12:11:39 PM CET 2025
