nohup: ignoring input
2025-02-14 21:39:16 - INFO - Event filtering process starts...
2025-02-14 21:39:16 - INFO - Initialized PureNeutrinoEventFilter filter for 22014/1
2025-02-14 21:39:16 - INFO - Loaded 4 event specifier files from /lustre/hpc/project/icecube/HE_Nu_Aske_Oct2024/clean_events_dict/22014/22014/reduced
2025-02-14 21:39:17 - INFO - Selected 1 CSV files covering event range [0, 806]
2025-02-14 21:39:18 - INFO - Loaded 398198 valid (RunID, EventID) pairs from CSV files
2025-02-14 21:39:19 - INFO - Extracted 169215 valid events based on pure neutrino events.
2025-02-14 21:39:19 - INFO - Initialized Muon13Filter filter for 22014/1
2025-02-14 21:39:19 - INFO - Extracted 180046 valid events based on MuonFilter_13.
2025-02-14 21:39:19 - INFO - Initialized SyntheticEventFilter filter for 22014/1
2025-02-14 21:39:19 - INFO - Initialized (MuonLike_PureNu)
2025-02-14 21:39:19 - INFO - Starting filtering process for 22014/1
2025-02-14 21:39:19 - INFO - Starting filtering process for 22014/1
2025-02-14 21:39:31 - INFO - Recalculated 'offset' column based on filtered 'N_doms' values.
2025-02-14 21:39:33 - INFO - Filtered truth file saved to: /lustre/hpc/project/icecube/HE_Nu_Aske_Oct2024/PMTfied_filtered/Snowstorm/MuonLike_PureNu/22014/truth_1.parquet
2025-02-14 21:39:39 - INFO - Filtered PMTfied file saved to: /lustre/hpc/project/icecube/HE_Nu_Aske_Oct2024/PMTfied_filtered/Snowstorm/MuonLike_PureNu/22014/1/PMTfied_10.parquet
2025-02-14 21:39:45 - INFO - Filtered PMTfied file saved to: /lustre/hpc/project/icecube/HE_Nu_Aske_Oct2024/PMTfied_filtered/Snowstorm/MuonLike_PureNu/22014/1/PMTfied_1.parquet
2025-02-14 21:39:51 - INFO - Filtered PMTfied file saved to: /lustre/hpc/project/icecube/HE_Nu_Aske_Oct2024/PMTfied_filtered/Snowstorm/MuonLike_PureNu/22014/1/PMTfied_5.parquet
2025-02-14 21:39:56 - INFO - Filtered PMTfied file saved to: /lustre/hpc/project/icecube/HE_Nu_Aske_Oct2024/PMTfied_filtered/Snowstorm/MuonLike_PureNu/22014/1/PMTfied_9.parquet
2025-02-14 21:40:02 - INFO - Filtered PMTfied file saved to: /lustre/hpc/project/icecube/HE_Nu_Aske_Oct2024/PMTfied_filtered/Snowstorm/MuonLike_PureNu/22014/1/PMTfied_8.parquet
2025-02-14 21:40:08 - INFO - Filtered PMTfied file saved to: /lustre/hpc/project/icecube/HE_Nu_Aske_Oct2024/PMTfied_filtered/Snowstorm/MuonLike_PureNu/22014/1/PMTfied_4.parquet
2025-02-14 21:40:13 - INFO - Filtered PMTfied file saved to: /lustre/hpc/project/icecube/HE_Nu_Aske_Oct2024/PMTfied_filtered/Snowstorm/MuonLike_PureNu/22014/1/PMTfied_11.parquet
2025-02-14 21:40:19 - INFO - Filtered PMTfied file saved to: /lustre/hpc/project/icecube/HE_Nu_Aske_Oct2024/PMTfied_filtered/Snowstorm/MuonLike_PureNu/22014/1/PMTfied_2.parquet
2025-02-14 21:40:25 - INFO - Filtered PMTfied file saved to: /lustre/hpc/project/icecube/HE_Nu_Aske_Oct2024/PMTfied_filtered/Snowstorm/MuonLike_PureNu/22014/1/PMTfied_6.parquet
2025-02-14 21:40:26 - INFO - Filtered PMTfied file saved to: /lustre/hpc/project/icecube/HE_Nu_Aske_Oct2024/PMTfied_filtered/Snowstorm/MuonLike_PureNu/22014/1/PMTfied_12.parquet
2025-02-14 21:40:31 - INFO - Filtered PMTfied file saved to: /lustre/hpc/project/icecube/HE_Nu_Aske_Oct2024/PMTfied_filtered/Snowstorm/MuonLike_PureNu/22014/1/PMTfied_3.parquet
2025-02-14 21:40:37 - INFO - Filtered PMTfied file saved to: /lustre/hpc/project/icecube/HE_Nu_Aske_Oct2024/PMTfied_filtered/Snowstorm/MuonLike_PureNu/22014/1/PMTfied_7.parquet
2025-02-14 21:40:37 - INFO - Filtering process completed.
2025-02-14 21:40:37 - INFO - Filtering process completed.
2025-02-14 21:40:37 - INFO - Unified receipt generated: /lustre/hpc/project/icecube/HE_Nu_Aske_Oct2024/PMTfied_filtered/Snowstorm/MuonLike_PureNu/22014/[Receipt]22014_1.json
2025-02-14 21:40:37 - INFO - Filtering process completed.
