Starting job at Mon Feb 17 04:17:20 PM CET 2025
Running Filter_by_part.py for subdirectory 22014, part 4
2025-02-17 16:17:20 - INFO - Event filtering process starts...
2025-02-17 16:17:20 - INFO - Initialized PureNeutrinoEventFilter filter for 22014/4
2025-02-17 16:17:20 - INFO - Loaded 4 event specifier files from /lustre/hpc/project/icecube/HE_Nu_Aske_Oct2024/clean_events_dict/22014/22014/reduced
2025-02-17 16:17:21 - INFO - Selected 2 CSV files covering event range [1989, 2719]
2025-02-17 16:17:22 - INFO - Loaded 798526 valid (RunID, EventID) pairs from CSV files
2025-02-17 16:17:22 - INFO - Extracted 169745 valid events based on pure neutrino events.
2025-02-17 16:17:22 - INFO - Initialized Muon13Filter filter for 22014/4
2025-02-17 16:17:23 - INFO - Extracted 180569 valid events where MuonFilter_13==True.
2025-02-17 16:17:23 - INFO - Initialized CompositeEventFilter filter for 22014/4
2025-02-17 16:17:23 - INFO - Initialized (MuonLike_PureNu)
2025-02-17 16:17:23 - INFO - Starting filtering process for 22014/4
2025-02-17 16:17:23 - INFO - Starting filtering process for 22014/4
2025-02-17 16:17:28 - INFO - Recalculated 'offset' column based on 'N_doms' values within each 'shard_no' group.
2025-02-17 16:17:30 - INFO - Filtered truth file saved to: /lustre/hpc/project/icecube/HE_Nu_Aske_Oct2024/PMTfied_filtered/Snowstorm/MuonLike_PureNu/22014/truth_4.parquet
2025-02-17 16:17:33 - INFO - Filtered PMTfied file saved to: /lustre/hpc/project/icecube/HE_Nu_Aske_Oct2024/PMTfied_filtered/Snowstorm/MuonLike_PureNu/22014/4/PMTfied_6.parquet
2025-02-17 16:17:36 - INFO - Filtered PMTfied file saved to: /lustre/hpc/project/icecube/HE_Nu_Aske_Oct2024/PMTfied_filtered/Snowstorm/MuonLike_PureNu/22014/4/PMTfied_2.parquet
2025-02-17 16:17:39 - INFO - Filtered PMTfied file saved to: /lustre/hpc/project/icecube/HE_Nu_Aske_Oct2024/PMTfied_filtered/Snowstorm/MuonLike_PureNu/22014/4/PMTfied_7.parquet
2025-02-17 16:17:42 - INFO - Filtered PMTfied file saved to: /lustre/hpc/project/icecube/HE_Nu_Aske_Oct2024/PMTfied_filtered/Snowstorm/MuonLike_PureNu/22014/4/PMTfied_3.parquet
2025-02-17 16:17:43 - INFO - Filtered PMTfied file saved to: /lustre/hpc/project/icecube/HE_Nu_Aske_Oct2024/PMTfied_filtered/Snowstorm/MuonLike_PureNu/22014/4/PMTfied_12.parquet
2025-02-17 16:17:46 - INFO - Filtered PMTfied file saved to: /lustre/hpc/project/icecube/HE_Nu_Aske_Oct2024/PMTfied_filtered/Snowstorm/MuonLike_PureNu/22014/4/PMTfied_10.parquet
2025-02-17 16:17:49 - INFO - Filtered PMTfied file saved to: /lustre/hpc/project/icecube/HE_Nu_Aske_Oct2024/PMTfied_filtered/Snowstorm/MuonLike_PureNu/22014/4/PMTfied_5.parquet
2025-02-17 16:17:52 - INFO - Filtered PMTfied file saved to: /lustre/hpc/project/icecube/HE_Nu_Aske_Oct2024/PMTfied_filtered/Snowstorm/MuonLike_PureNu/22014/4/PMTfied_1.parquet
2025-02-17 16:17:55 - INFO - Filtered PMTfied file saved to: /lustre/hpc/project/icecube/HE_Nu_Aske_Oct2024/PMTfied_filtered/Snowstorm/MuonLike_PureNu/22014/4/PMTfied_9.parquet
2025-02-17 16:17:59 - INFO - Filtered PMTfied file saved to: /lustre/hpc/project/icecube/HE_Nu_Aske_Oct2024/PMTfied_filtered/Snowstorm/MuonLike_PureNu/22014/4/PMTfied_11.parquet
2025-02-17 16:18:02 - INFO - Filtered PMTfied file saved to: /lustre/hpc/project/icecube/HE_Nu_Aske_Oct2024/PMTfied_filtered/Snowstorm/MuonLike_PureNu/22014/4/PMTfied_8.parquet
2025-02-17 16:18:05 - INFO - Filtered PMTfied file saved to: /lustre/hpc/project/icecube/HE_Nu_Aske_Oct2024/PMTfied_filtered/Snowstorm/MuonLike_PureNu/22014/4/PMTfied_4.parquet
2025-02-17 16:18:05 - INFO - Filtering process completed.
2025-02-17 16:18:05 - INFO - Filtering process completed.
2025-02-17 16:18:05 - INFO - Unified receipt generated: /lustre/hpc/project/icecube/HE_Nu_Aske_Oct2024/PMTfied_filtered/Snowstorm/MuonLike_PureNu/22014/[Receipt]22014_4.json
2025-02-17 16:18:05 - INFO - Filtering process completed.
Job completed at Mon Feb 17 04:18:05 PM CET 2025
