Starting job at Mon Feb 17 03:59:07 PM CET 2025
Running Filter_by_part.py for subdirectory 22014, part 3
2025-02-17 15:59:07 - INFO - Event filtering process starts...
2025-02-17 15:59:07 - INFO - Initialized PureNeutrinoEventFilter filter for 22014/3
2025-02-17 15:59:08 - INFO - Loaded 4 event specifier files from /lustre/hpc/project/icecube/HE_Nu_Aske_Oct2024/clean_events_dict/22014/22014/reduced
2025-02-17 15:59:08 - INFO - Selected 2 CSV files covering event range [1317, 2049]
2025-02-17 15:59:09 - INFO - Loaded 798526 valid (RunID, EventID) pairs from CSV files
2025-02-17 15:59:10 - INFO - Extracted 169305 valid events based on pure neutrino events.
2025-02-17 15:59:10 - INFO - Initialized CompositeEventFilter filter for 22014/3
2025-02-17 15:59:10 - INFO - Initialized (PureNu)
2025-02-17 15:59:10 - INFO - Starting filtering process for 22014/3
2025-02-17 15:59:10 - INFO - Starting filtering process for 22014/3
2025-02-17 15:59:17 - INFO - Recalculated 'offset' column based on 'N_doms' values within each 'shard_no' group.
2025-02-17 15:59:18 - INFO - Filtered truth file saved to: /lustre/hpc/project/icecube/HE_Nu_Aske_Oct2024/PMTfied_filtered/Snowstorm/PureNu/22014/truth_3.parquet
2025-02-17 15:59:22 - INFO - Filtered PMTfied file saved to: /lustre/hpc/project/icecube/HE_Nu_Aske_Oct2024/PMTfied_filtered/Snowstorm/PureNu/22014/3/PMTfied_11.parquet
2025-02-17 15:59:26 - INFO - Filtered PMTfied file saved to: /lustre/hpc/project/icecube/HE_Nu_Aske_Oct2024/PMTfied_filtered/Snowstorm/PureNu/22014/3/PMTfied_6.parquet
2025-02-17 15:59:30 - INFO - Filtered PMTfied file saved to: /lustre/hpc/project/icecube/HE_Nu_Aske_Oct2024/PMTfied_filtered/Snowstorm/PureNu/22014/3/PMTfied_2.parquet
2025-02-17 15:59:34 - INFO - Filtered PMTfied file saved to: /lustre/hpc/project/icecube/HE_Nu_Aske_Oct2024/PMTfied_filtered/Snowstorm/PureNu/22014/3/PMTfied_7.parquet
2025-02-17 15:59:38 - INFO - Filtered PMTfied file saved to: /lustre/hpc/project/icecube/HE_Nu_Aske_Oct2024/PMTfied_filtered/Snowstorm/PureNu/22014/3/PMTfied_3.parquet
2025-02-17 15:59:42 - INFO - Filtered PMTfied file saved to: /lustre/hpc/project/icecube/HE_Nu_Aske_Oct2024/PMTfied_filtered/Snowstorm/PureNu/22014/3/PMTfied_10.parquet
2025-02-17 15:59:46 - INFO - Filtered PMTfied file saved to: /lustre/hpc/project/icecube/HE_Nu_Aske_Oct2024/PMTfied_filtered/Snowstorm/PureNu/22014/3/PMTfied_5.parquet
2025-02-17 15:59:50 - INFO - Filtered PMTfied file saved to: /lustre/hpc/project/icecube/HE_Nu_Aske_Oct2024/PMTfied_filtered/Snowstorm/PureNu/22014/3/PMTfied_1.parquet
2025-02-17 15:59:54 - INFO - Filtered PMTfied file saved to: /lustre/hpc/project/icecube/HE_Nu_Aske_Oct2024/PMTfied_filtered/Snowstorm/PureNu/22014/3/PMTfied_9.parquet
2025-02-17 15:59:55 - INFO - Filtered PMTfied file saved to: /lustre/hpc/project/icecube/HE_Nu_Aske_Oct2024/PMTfied_filtered/Snowstorm/PureNu/22014/3/PMTfied_12.parquet
2025-02-17 15:59:59 - INFO - Filtered PMTfied file saved to: /lustre/hpc/project/icecube/HE_Nu_Aske_Oct2024/PMTfied_filtered/Snowstorm/PureNu/22014/3/PMTfied_8.parquet
2025-02-17 16:00:03 - INFO - Filtered PMTfied file saved to: /lustre/hpc/project/icecube/HE_Nu_Aske_Oct2024/PMTfied_filtered/Snowstorm/PureNu/22014/3/PMTfied_4.parquet
2025-02-17 16:00:03 - INFO - Filtering process completed.
2025-02-17 16:00:03 - INFO - Filtering process completed.
2025-02-17 16:00:03 - INFO - Unified receipt generated: /lustre/hpc/project/icecube/HE_Nu_Aske_Oct2024/PMTfied_filtered/Snowstorm/PureNu/22014/[Receipt]22014_3.json
2025-02-17 16:00:03 - INFO - Filtering process completed.
Job completed at Mon Feb 17 04:00:03 PM CET 2025
