Starting job at Thu Feb 13 05:56:21 PM CET 2025
Running Filter_by_part.py for subdirectory 22014, part 3
2025-02-13 17:56:22 - INFO - Event filtering process starts...
2025-02-13 17:56:22 - INFO - Initialized PureNeutrinoEventFilter
2025-02-13 17:56:22 - INFO - Starting filtering process for 22014/3
2025-02-13 17:56:23 - INFO - Loaded 4 event specifier files from /lustre/hpc/project/icecube/HE_Nu_Aske_Oct2024/clean_events_dict/22014/22014/reduced
2025-02-13 17:56:23 - INFO - Selected 2 CSV files covering event range [1317, 2049]
2025-02-13 17:56:24 - INFO - Loaded 798526 valid (RunID, EventID) pairs from CSV files
2025-02-13 17:56:31 - INFO - Recalculated 'offset' column based on filtered 'N_doms' values.
2025-02-13 17:56:33 - INFO - Filtered truth file saved to: /lustre/hpc/project/icecube/HE_Nu_Aske_Oct2024/PMTfied_filtered/PureNu/Snowstorm/22014/truth_3.parquet
2025-02-13 17:56:33 - INFO - Receipt file saved to: /lustre/hpc/project/icecube/HE_Nu_Aske_Oct2024/PMTfied_filtered/PureNu/Snowstorm/22014/[Receipt]22014_3.json
2025-02-13 17:56:37 - INFO - Filtered PMTfied file saved to: /lustre/hpc/project/icecube/HE_Nu_Aske_Oct2024/PMTfied_filtered/PureNu/Snowstorm/22014/3/PMTfied_11.parquet
2025-02-13 17:56:41 - INFO - Filtered PMTfied file saved to: /lustre/hpc/project/icecube/HE_Nu_Aske_Oct2024/PMTfied_filtered/PureNu/Snowstorm/22014/3/PMTfied_6.parquet
2025-02-13 17:56:46 - INFO - Filtered PMTfied file saved to: /lustre/hpc/project/icecube/HE_Nu_Aske_Oct2024/PMTfied_filtered/PureNu/Snowstorm/22014/3/PMTfied_2.parquet
2025-02-13 17:56:50 - INFO - Filtered PMTfied file saved to: /lustre/hpc/project/icecube/HE_Nu_Aske_Oct2024/PMTfied_filtered/PureNu/Snowstorm/22014/3/PMTfied_7.parquet
2025-02-13 17:56:54 - INFO - Filtered PMTfied file saved to: /lustre/hpc/project/icecube/HE_Nu_Aske_Oct2024/PMTfied_filtered/PureNu/Snowstorm/22014/3/PMTfied_3.parquet
2025-02-13 17:56:58 - INFO - Filtered PMTfied file saved to: /lustre/hpc/project/icecube/HE_Nu_Aske_Oct2024/PMTfied_filtered/PureNu/Snowstorm/22014/3/PMTfied_10.parquet
2025-02-13 17:57:02 - INFO - Filtered PMTfied file saved to: /lustre/hpc/project/icecube/HE_Nu_Aske_Oct2024/PMTfied_filtered/PureNu/Snowstorm/22014/3/PMTfied_5.parquet
2025-02-13 17:57:06 - INFO - Filtered PMTfied file saved to: /lustre/hpc/project/icecube/HE_Nu_Aske_Oct2024/PMTfied_filtered/PureNu/Snowstorm/22014/3/PMTfied_1.parquet
2025-02-13 17:57:10 - INFO - Filtered PMTfied file saved to: /lustre/hpc/project/icecube/HE_Nu_Aske_Oct2024/PMTfied_filtered/PureNu/Snowstorm/22014/3/PMTfied_9.parquet
2025-02-13 17:57:11 - INFO - Filtered PMTfied file saved to: /lustre/hpc/project/icecube/HE_Nu_Aske_Oct2024/PMTfied_filtered/PureNu/Snowstorm/22014/3/PMTfied_12.parquet
2025-02-13 17:57:15 - INFO - Filtered PMTfied file saved to: /lustre/hpc/project/icecube/HE_Nu_Aske_Oct2024/PMTfied_filtered/PureNu/Snowstorm/22014/3/PMTfied_8.parquet
2025-02-13 17:57:19 - INFO - Filtered PMTfied file saved to: /lustre/hpc/project/icecube/HE_Nu_Aske_Oct2024/PMTfied_filtered/PureNu/Snowstorm/22014/3/PMTfied_4.parquet
2025-02-13 17:57:19 - INFO - Filtering process completed.
2025-02-13 17:57:19 - INFO - Filtering process completed for all selected filters.
2025-02-13 17:57:19 - INFO - Execution time: 57.22 seconds
2025-02-13 17:57:19 - INFO - Updated receipt with execution time: /lustre/hpc/project/icecube/HE_Nu_Aske_Oct2024/PMTfied_filtered/PureNu/Snowstorm/22014/[Receipt]22014_3.json
Job completed at Thu Feb 13 05:57:19 PM CET 2025
