nohup: ignoring input
2025-02-14 20:38:48 - INFO - Event filtering process starts...
2025-02-14 20:38:48 - INFO - Initialized Muon13Filter
2025-02-14 20:38:49 - INFO - Extracted 180046 valid events based on MuonFilter_13.
2025-02-14 20:38:49 - INFO - Starting filtering process for 22014/1
2025-02-14 20:38:49 - INFO - Starting filtering process for 22014/1
2025-02-14 20:39:04 - INFO - Recalculated 'offset' column based on filtered 'N_doms' values.
2025-02-14 20:39:06 - INFO - Filtered truth file saved to: /lustre/hpc/project/icecube/HE_Nu_Aske_Oct2024/PMTfied_filtered/Snowstorm/MuonLike/22014/truth_1.parquet
2025-02-14 20:39:06 - ERROR - An error occurred: 'Muon13Filter' object has no attribute '_generate_receipt'
Traceback (most recent call last):
  File "/lustre/hpc/icecube/cyan/factory/DOMification/Selection/Filter_by_part.py", line 65, in <module>
    main()
  File "/lustre/hpc/icecube/cyan/factory/DOMification/Selection/Filter_by_part.py", line 61, in main
    run()
  File "/lustre/hpc/icecube/cyan/factory/DOMification/Selection/Filter_by_part.py", line 55, in run
    filter_manager()
  File "/lustre/hpc/icecube/cyan/factory/DOMification/Selection/EventFilterManager.py", line 21, in __call__
    self.filter_obj()
  File "/lustre/hpc/icecube/cyan/factory/DOMification/Selection/EventFilter.py", line 28, in __call__
    self._write_filtered_truth()
  File "/lustre/hpc/icecube/cyan/factory/DOMification/Selection/EventFilter.py", line 64, in _write_filtered_truth
    self._generate_receipt(source_truth_file, output_truth_file)
AttributeError: 'Muon13Filter' object has no attribute '_generate_receipt'
