nohup: ignoring input
2024-11-26 13:48:20 - INFO - PMTfication starts...
2024-11-26 13:48:20 - INFO - The number of files in the subdirectory: 2
2024-11-26 13:48:20 - INFO - Using up to 1 workers.
2024-11-26 13:48:20 - INFO - Found 2 database files in subdirectory 99999.
Processing 99999:   0%|          | 0/2 [00:00<?, ?it/s]2024-11-26 13:48:20 - INFO - Processing shard 1 of part 98 in subdirectory 99999.
2024-11-26 13:48:24 - INFO - Processing shard 2 of part 98 in subdirectory 99999.
2024-11-26 13:48:28 - INFO - Processing shard 3 of part 98 in subdirectory 99999.
2024-11-26 13:48:33 - INFO - Processing shard 4 of part 98 in subdirectory 99999.
2024-11-26 13:48:37 - INFO - Processing shard 5 of part 98 in subdirectory 99999.
2024-11-26 13:48:42 - INFO - Processing shard 6 of part 98 in subdirectory 99999.
2024-11-26 13:48:48 - INFO - Processing shard 7 of part 98 in subdirectory 99999.
2024-11-26 13:48:51 - INFO - Processing shard 8 of part 98 in subdirectory 99999.
2024-11-26 13:48:53 - INFO - Finished processing database file: merged_part_98.db
Processing 99999:  50%|█████     | 1/2 [00:33<00:33, 33.66s/it]2024-11-26 13:48:54 - INFO - Processing shard 1 of part 99 in subdirectory 99999.
2024-11-26 13:49:02 - INFO - Processing shard 2 of part 99 in subdirectory 99999.
2024-11-26 13:49:05 - INFO - Processing shard 3 of part 99 in subdirectory 99999.
2024-11-26 13:49:10 - INFO - Processing shard 4 of part 99 in subdirectory 99999.
2024-11-26 13:49:13 - INFO - Processing shard 5 of part 99 in subdirectory 99999.
2024-11-26 13:49:17 - INFO - Processing shard 6 of part 99 in subdirectory 99999.
2024-11-26 13:49:21 - INFO - Processing shard 7 of part 99 in subdirectory 99999.
2024-11-26 13:49:26 - INFO - Processing shard 8 of part 99 in subdirectory 99999.
2024-11-26 13:49:29 - INFO - Finished processing database file: merged_part_99.db
Processing 99999: 100%|██████████| 2/2 [01:09<00:00, 34.84s/it]Processing 99999: 100%|██████████| 2/2 [01:09<00:00, 34.66s/it]
2024-11-26 13:49:29 - INFO - PMTfication completed.
