nohup: ignoring input
2024-12-10 18:31:18 - INFO - PMTfication starts...
2024-12-10 18:31:18 - INFO - The number of files in the subdirectory: 2
2024-12-10 18:31:18 - INFO - The number of files in the subdirectory: 2
2024-12-10 18:31:18 - INFO - Using up to 1 workers.
2024-12-10 18:31:18 - INFO - PMTfying Snowstorm...
2024-12-10 18:31:18 - INFO - Found 2 database files in subdirectory 99999.
Processing 99999:   0%|          | 0/2 [00:00<?, ?it/s]2024-12-10 18:31:18 - INFO - Processing shard 1 of part 98 in subdirectory 99999.
2024-12-10 18:31:21 - INFO - Processing shard 2 of part 98 in subdirectory 99999.
2024-12-10 18:31:25 - INFO - Processing shard 3 of part 98 in subdirectory 99999.
2024-12-10 18:31:30 - INFO - Processing shard 4 of part 98 in subdirectory 99999.
2024-12-10 18:31:34 - INFO - Processing shard 5 of part 98 in subdirectory 99999.
2024-12-10 18:31:39 - INFO - Processing shard 6 of part 98 in subdirectory 99999.
2024-12-10 18:31:44 - INFO - Processing shard 7 of part 98 in subdirectory 99999.
2024-12-10 18:31:48 - INFO - Processing shard 8 of part 98 in subdirectory 99999.
2024-12-10 18:31:50 - INFO - Finished processing database file: merged_part_98.db
Processing 99999:  50%|█████     | 1/2 [00:31<00:31, 31.81s/it]2024-12-10 18:31:50 - INFO - Processing shard 1 of part 99 in subdirectory 99999.
2024-12-10 18:31:55 - INFO - Processing shard 2 of part 99 in subdirectory 99999.
2024-12-10 18:31:58 - INFO - Processing shard 3 of part 99 in subdirectory 99999.
2024-12-10 18:32:03 - INFO - Processing shard 4 of part 99 in subdirectory 99999.
2024-12-10 18:32:07 - INFO - Processing shard 5 of part 99 in subdirectory 99999.
2024-12-10 18:32:11 - INFO - Processing shard 6 of part 99 in subdirectory 99999.
2024-12-10 18:32:15 - INFO - Processing shard 7 of part 99 in subdirectory 99999.
2024-12-10 18:32:20 - INFO - Processing shard 8 of part 99 in subdirectory 99999.
2024-12-10 18:32:23 - INFO - Finished processing database file: merged_part_99.db
Processing 99999: 100%|██████████| 2/2 [01:05<00:00, 32.85s/it]Processing 99999: 100%|██████████| 2/2 [01:05<00:00, 32.69s/it]
2024-12-10 18:32:23 - INFO - PMTfication for Snowstorm completed.
2024-12-10 18:32:23 - INFO - PMTfying Corsika...
2024-12-10 18:32:23 - INFO - Found 2 database files in subdirectory 9999999-9999999.
Processing 9999999-9999999:   0%|          | 0/2 [00:00<?, ?it/s]2024-12-10 18:32:23 - INFO - Processing shard 1 of part 96 in subdirectory 9999999-9999999.
2024-12-10 18:32:27 - INFO - Processing shard 2 of part 96 in subdirectory 9999999-9999999.
2024-12-10 18:32:29 - INFO - Processing shard 3 of part 96 in subdirectory 9999999-9999999.
2024-12-10 18:32:32 - INFO - Processing shard 4 of part 96 in subdirectory 9999999-9999999.
2024-12-10 18:32:36 - INFO - Processing shard 5 of part 96 in subdirectory 9999999-9999999.
2024-12-10 18:32:39 - INFO - Processing shard 6 of part 96 in subdirectory 9999999-9999999.
2024-12-10 18:32:39 - INFO - Finished processing database file: merged_part_96.db
Processing 9999999-9999999:  50%|█████     | 1/2 [00:15<00:15, 15.87s/it]2024-12-10 18:32:39 - INFO - Processing shard 1 of part 97 in subdirectory 9999999-9999999.
2024-12-10 18:32:43 - INFO - Processing shard 2 of part 97 in subdirectory 9999999-9999999.
2024-12-10 18:32:45 - INFO - Processing shard 3 of part 97 in subdirectory 9999999-9999999.
2024-12-10 18:32:45 - INFO - Finished processing database file: merged_part_97.db
Processing 9999999-9999999: 100%|██████████| 2/2 [00:21<00:00,  9.89s/it]Processing 9999999-9999999: 100%|██████████| 2/2 [00:21<00:00, 10.79s/it]
2024-12-10 18:32:45 - INFO - PMTfication for Corsika completed.
2024-12-10 18:32:45 - INFO - PMTfication completed.
