nohup: ignoring input
2024-11-26 12:19:42 - INFO - PMTfication starts...
2024-11-26 12:19:42 - INFO - The number of files in the subdirectory: 2
2024-11-26 12:19:42 - INFO - Using up to 1 workers.
2024-11-26 12:19:42 - INFO - Found 2 database files in subdirectory 99999.
Processing 99999:   0%|          | 0/2 [00:00<?, ?it/s]2024-11-26 12:19:42 - INFO - Processing shard 1 of part 98 in subdirectory 99999.
2024-11-26 12:19:46 - INFO - Processing shard 2 of part 98 in subdirectory 99999.
2024-11-26 12:19:50 - INFO - Processing shard 3 of part 98 in subdirectory 99999.
2024-11-26 12:19:55 - INFO - Processing shard 4 of part 98 in subdirectory 99999.
2024-11-26 12:19:58 - INFO - Processing shard 5 of part 98 in subdirectory 99999.
2024-11-26 12:20:03 - INFO - Processing shard 6 of part 98 in subdirectory 99999.
2024-11-26 12:20:08 - INFO - Processing shard 7 of part 98 in subdirectory 99999.
2024-11-26 12:20:12 - INFO - Processing shard 8 of part 98 in subdirectory 99999.
2024-11-26 12:20:14 - INFO - Finished processing database file: merged_part_98.db
Processing 99999:  50%|█████     | 1/2 [00:31<00:31, 31.94s/it]2024-11-26 12:20:14 - INFO - Processing shard 1 of part 99 in subdirectory 99999.
2024-11-26 12:20:23 - INFO - Processing shard 2 of part 99 in subdirectory 99999.
2024-11-26 12:20:26 - INFO - Processing shard 3 of part 99 in subdirectory 99999.
2024-11-26 12:20:31 - INFO - Processing shard 4 of part 99 in subdirectory 99999.
2024-11-26 12:20:34 - INFO - Processing shard 5 of part 99 in subdirectory 99999.
2024-11-26 12:20:38 - INFO - Processing shard 6 of part 99 in subdirectory 99999.
2024-11-26 12:20:41 - INFO - Processing shard 7 of part 99 in subdirectory 99999.
2024-11-26 12:20:46 - INFO - Processing shard 8 of part 99 in subdirectory 99999.
2024-11-26 12:20:50 - INFO - Finished processing database file: merged_part_99.db
Processing 99999: 100%|██████████| 2/2 [01:07<00:00, 34.23s/it]Processing 99999: 100%|██████████| 2/2 [01:07<00:00, 33.89s/it]
2024-11-26 12:20:50 - INFO - PMTfication completed.
