nohup: ignoring input
2024-11-26 14:04:59 - INFO - PMTfication starts...
2024-11-26 14:04:59 - INFO - The number of files in the subdirectory: 2
2024-11-26 14:04:59 - INFO - Using up to 1 workers.
2024-11-26 14:04:59 - INFO - Found 2 database files in subdirectory 99999.
Processing 99999:   0%|          | 0/2 [00:00<?, ?it/s]2024-11-26 14:04:59 - INFO - Processing shard 1 of part 98 in subdirectory 99999.
2024-11-26 14:05:01 - INFO - Processing shard 2 of part 98 in subdirectory 99999.
2024-11-26 14:05:05 - INFO - Processing shard 3 of part 98 in subdirectory 99999.
2024-11-26 14:05:10 - INFO - Processing shard 4 of part 98 in subdirectory 99999.
2024-11-26 14:05:14 - INFO - Processing shard 5 of part 98 in subdirectory 99999.
2024-11-26 14:05:19 - INFO - Processing shard 6 of part 98 in subdirectory 99999.
2024-11-26 14:05:24 - INFO - Processing shard 7 of part 98 in subdirectory 99999.
2024-11-26 14:05:27 - INFO - Processing shard 8 of part 98 in subdirectory 99999.
2024-11-26 14:05:29 - INFO - Finished processing database file: merged_part_98.db
Processing 99999:  50%|█████     | 1/2 [00:30<00:30, 30.22s/it]2024-11-26 14:05:29 - INFO - Processing shard 1 of part 99 in subdirectory 99999.
2024-11-26 14:05:34 - INFO - Processing shard 2 of part 99 in subdirectory 99999.
2024-11-26 14:05:37 - INFO - Processing shard 3 of part 99 in subdirectory 99999.
2024-11-26 14:05:42 - INFO - Processing shard 4 of part 99 in subdirectory 99999.
2024-11-26 14:05:45 - INFO - Processing shard 5 of part 99 in subdirectory 99999.
2024-11-26 14:05:49 - INFO - Processing shard 6 of part 99 in subdirectory 99999.
2024-11-26 14:05:53 - INFO - Processing shard 7 of part 99 in subdirectory 99999.
2024-11-26 14:05:58 - INFO - Processing shard 8 of part 99 in subdirectory 99999.
2024-11-26 14:06:01 - INFO - Finished processing database file: merged_part_99.db
Processing 99999: 100%|██████████| 2/2 [01:02<00:00, 31.37s/it]Processing 99999: 100%|██████████| 2/2 [01:02<00:00, 31.20s/it]
2024-11-26 14:06:01 - INFO - PMTfication completed.
