nohup: ignoring input
2024-11-26 14:41:35 - INFO - PMTfication starts...
2024-11-26 14:41:35 - INFO - The number of files in the subdirectory: 2
2024-11-26 14:41:35 - INFO - Using up to 1 workers.
2024-11-26 14:41:35 - INFO - Found 2 database files in subdirectory 99999.
Processing 99999:   0%|          | 0/2 [00:00<?, ?it/s]2024-11-26 14:41:35 - INFO - Processing shard 1 of part 98 in subdirectory 99999.
2024-11-26 14:41:37 - INFO - Processing shard 2 of part 98 in subdirectory 99999.
2024-11-26 14:41:42 - INFO - Processing shard 3 of part 98 in subdirectory 99999.
2024-11-26 14:41:47 - INFO - Processing shard 4 of part 98 in subdirectory 99999.
2024-11-26 14:41:51 - INFO - Processing shard 5 of part 98 in subdirectory 99999.
2024-11-26 14:41:56 - INFO - Processing shard 6 of part 98 in subdirectory 99999.
2024-11-26 14:42:02 - INFO - Processing shard 7 of part 98 in subdirectory 99999.
2024-11-26 14:42:05 - INFO - Processing shard 8 of part 98 in subdirectory 99999.
2024-11-26 14:42:07 - INFO - Finished processing database file: merged_part_98.db
Processing 99999:  50%|█████     | 1/2 [00:32<00:32, 32.09s/it]2024-11-26 14:42:07 - INFO - Processing shard 1 of part 99 in subdirectory 99999.
2024-11-26 14:42:13 - INFO - Processing shard 2 of part 99 in subdirectory 99999.
2024-11-26 14:42:15 - INFO - Processing shard 3 of part 99 in subdirectory 99999.
2024-11-26 14:42:21 - INFO - Processing shard 4 of part 99 in subdirectory 99999.
2024-11-26 14:42:24 - INFO - Processing shard 5 of part 99 in subdirectory 99999.
2024-11-26 14:42:29 - INFO - Processing shard 6 of part 99 in subdirectory 99999.
2024-11-26 14:42:33 - INFO - Processing shard 7 of part 99 in subdirectory 99999.
2024-11-26 14:42:38 - INFO - Processing shard 8 of part 99 in subdirectory 99999.
2024-11-26 14:42:42 - INFO - Finished processing database file: merged_part_99.db
Processing 99999: 100%|██████████| 2/2 [01:06<00:00, 33.65s/it]Processing 99999: 100%|██████████| 2/2 [01:06<00:00, 33.42s/it]
2024-11-26 14:42:42 - INFO - PMTfication completed.
