nohup: ignoring input
2024-12-11 12:40:46 - INFO - PMTfication starts...
2024-12-11 12:40:46 - INFO - The number of files in the subdirectory: 2
2024-12-11 12:40:46 - INFO - The number of files in the subdirectory: 2
2024-12-11 12:40:46 - INFO - Using up to 1 workers.
2024-12-11 12:40:46 - INFO - PMTfying Snowstorm...
2024-12-11 12:40:46 - INFO - Found 2 database files in subdirectory 99999.
Processing 99999:   0%|          | 0/2 [00:00<?, ?it/s]2024-12-11 12:40:46 - INFO - Processing shard 1 of part 98 in subdirectory 99999.
2024-12-11 12:40:48 - INFO - Processing shard 2 of part 98 in subdirectory 99999.
2024-12-11 12:40:52 - INFO - Processing shard 3 of part 98 in subdirectory 99999.
2024-12-11 12:40:57 - INFO - Processing shard 4 of part 98 in subdirectory 99999.
2024-12-11 12:41:00 - INFO - Processing shard 5 of part 98 in subdirectory 99999.
2024-12-11 12:41:05 - INFO - Processing shard 6 of part 98 in subdirectory 99999.
2024-12-11 12:41:10 - INFO - Processing shard 7 of part 98 in subdirectory 99999.
2024-12-11 12:41:14 - INFO - Processing shard 8 of part 98 in subdirectory 99999.
2024-12-11 12:41:16 - INFO - Finished processing database file: merged_part_98.db
Processing 99999:  50%|█████     | 1/2 [00:30<00:30, 30.04s/it]2024-12-11 12:41:16 - INFO - Processing shard 1 of part 99 in subdirectory 99999.
2024-12-11 12:41:21 - INFO - Processing shard 2 of part 99 in subdirectory 99999.
2024-12-11 12:41:23 - INFO - Processing shard 3 of part 99 in subdirectory 99999.
2024-12-11 12:41:28 - INFO - Processing shard 4 of part 99 in subdirectory 99999.
2024-12-11 12:41:32 - INFO - Processing shard 5 of part 99 in subdirectory 99999.
2024-12-11 12:41:36 - INFO - Processing shard 6 of part 99 in subdirectory 99999.
2024-12-11 12:41:39 - INFO - Processing shard 7 of part 99 in subdirectory 99999.
2024-12-11 12:41:44 - INFO - Processing shard 8 of part 99 in subdirectory 99999.
2024-12-11 12:41:47 - INFO - Finished processing database file: merged_part_99.db
Processing 99999: 100%|██████████| 2/2 [01:01<00:00, 31.10s/it]Processing 99999: 100%|██████████| 2/2 [01:01<00:00, 30.94s/it]
Null counts (per column): event_no                      0
zenith_GNHighestEDaughter     0
azimuth_GNHighestEDaughter    0
energy_GNHighestEDaughter     0
pos_x_GNHighestEDaughter      0
pos_y_GNHighestEDaughter      0
pos_z_GNHighestEDaughter      0
dtype: int64
Sample rows with NaNs: Empty DataFrame
Columns: [event_no, zenith_GNHighestEDaughter, azimuth_GNHighestEDaughter, energy_GNHighestEDaughter, pos_x_GNHighestEDaughter, pos_y_GNHighestEDaughter, pos_z_GNHighestEDaughter]
Index: []
Null counts (per column): event_no                      0
zenith_GNHighestEDaughter     0
azimuth_GNHighestEDaughter    0
energy_GNHighestEDaughter     0
pos_x_GNHighestEDaughter      0
pos_y_GNHighestEDaughter      0
pos_z_GNHighestEDaughter      0
dtype: int64
Sample rows with NaNs: Empty DataFrame
Columns: [event_no, zenith_GNHighestEDaughter, azimuth_GNHighestEDaughter, energy_GNHighestEDaughter, pos_x_GNHighestEDaughter, pos_y_GNHighestEDaughter, pos_z_GNHighestEDaughter]
Index: []
Null counts (per column): event_no                      0
zenith_GNHighestEDaughter     0
azimuth_GNHighestEDaughter    0
energy_GNHighestEDaughter     0
pos_x_GNHighestEDaughter      0
pos_y_GNHighestEDaughter      0
pos_z_GNHighestEDaughter      0
dtype: int64
Sample rows with NaNs: Empty DataFrame
Columns: [event_no, zenith_GNHighestEDaughter, azimuth_GNHighestEDaughter, energy_GNHighestEDaughter, pos_x_GNHighestEDaughter, pos_y_GNHighestEDaughter, pos_z_GNHighestEDaughter]
Index: []
Null counts (per column): event_no                      0
zenith_GNHighestEDaughter     0
azimuth_GNHighestEDaughter    0
energy_GNHighestEDaughter     0
pos_x_GNHighestEDaughter      0
pos_y_GNHighestEDaughter      0
pos_z_GNHighestEDaughter      0
dtype: int64
Sample rows with NaNs: Empty DataFrame
Columns: [event_no, zenith_GNHighestEDaughter, azimuth_GNHighestEDaughter, energy_GNHighestEDaughter, pos_x_GNHighestEDaughter, pos_y_GNHighestEDaughter, pos_z_GNHighestEDaughter]
Index: []
Null counts (per column): event_no                      0
zenith_GNHighestEDaughter     0
azimuth_GNHighestEDaughter    0
energy_GNHighestEDaughter     0
pos_x_GNHighestEDaughter      0
pos_y_GNHighestEDaughter      0
pos_z_GNHighestEDaughter      0
dtype: int64
Sample rows with NaNs: Empty DataFrame
Columns: [event_no, zenith_GNHighestEDaughter, azimuth_GNHighestEDaughter, energy_GNHighestEDaughter, pos_x_GNHighestEDaughter, pos_y_GNHighestEDaughter, pos_z_GNHighestEDaughter]
Index: []
Null counts (per column): event_no                      0
zenith_GNHighestEDaughter     0
azimuth_GNHighestEDaughter    0
energy_GNHighestEDaughter     0
pos_x_GNHighestEDaughter      0
pos_y_GNHighestEDaughter      0
pos_z_GNHighestEDaughter      0
dtype: int64
Sample rows with NaNs: Empty DataFrame
Columns: [event_no, zenith_GNHighestEDaughter, azimuth_GNHighestEDaughter, energy_GNHighestEDaughter, pos_x_GNHighestEDaughter, pos_y_GNHighestEDaughter, pos_z_GNHighestEDaughter]
Index: []
Null counts (per column): event_no                      0
zenith_GNHighestEDaughter     0
azimuth_GNHighestEDaughter    0
energy_GNHighestEDaughter     0
pos_x_GNHighestEDaughter      0
pos_y_GNHighestEDaughter      0
pos_z_GNHighestEDaughter      0
dtype: int64
Sample rows with NaNs: Empty DataFrame
Columns: [event_no, zenith_GNHighestEDaughter, azimuth_GNHighestEDaughter, energy_GNHighestEDaughter, pos_x_GNHighestEDaughter, pos_y_GNHighestEDaughter, pos_z_GNHighestEDaughter]
Index: []
Null counts (per column): event_no                      0
zenith_GNHighestEDaughter     0
azimuth_GNHighestEDaughter    0
energy_GNHighestEDaughter     0
pos_x_GNHighestEDaughter      0
pos_y_GNHighestEDaughter      0
pos_z_GNHighestEDaughter      0
dtype: int64
Sample rows with NaNs: Empty DataFrame
Columns: [event_no, zenith_GNHighestEDaughter, azimuth_GNHighestEDaughter, energy_GNHighestEDaughter, pos_x_GNHighestEDaughter, pos_y_GNHighestEDaughter, pos_z_GNHighestEDaughter]
Index: []
Null counts (per column): event_no                      0
zenith_GNHighestEDaughter     0
azimuth_GNHighestEDaughter    0
energy_GNHighestEDaughter     0
pos_x_GNHighestEDaughter      0
pos_y_GNHighestEDaughter      0
pos_z_GNHighestEDaughter      0
dtype: int64
Sample rows with NaNs: Empty DataFrame
Columns: [event_no, zenith_GNHighestEDaughter, azimuth_GNHighestEDaughter, energy_GNHighestEDaughter, pos_x_GNHighestEDaughter, pos_y_GNHighestEDaughter, pos_z_GNHighestEDaughter]
Index: []
Null counts (per column): event_no                      0
zenith_GNHighestEDaughter     0
azimuth_GNHighestEDaughter    0
energy_GNHighestEDaughter     0
pos_x_GNHighestEDaughter      0
pos_y_GNHighestEDaughter      0
pos_z_GNHighestEDaughter      0
dtype: int64
Sample rows with NaNs: Empty DataFrame
Columns: [event_no, zenith_GNHighestEDaughter, azimuth_GNHighestEDaughter, energy_GNHighestEDaughter, pos_x_GNHighestEDaughter, pos_y_GNHighestEDaughter, pos_z_GNHighestEDaughter]
Index: []
Null counts (per column): event_no                      0
zenith_GNHighestEDaughter     0
azimuth_GNHighestEDaughter    0
energy_GNHighestEDaughter     0
pos_x_GNHighestEDaughter      0
pos_y_GNHighestEDaughter      0
pos_z_GNHighestEDaughter      0
dtype: int64
Sample rows with NaNs: Empty DataFrame
Columns: [event_no, zenith_GNHighestEDaughter, azimuth_GNHighestEDaughter, energy_GNHighestEDaughter, pos_x_GNHighestEDaughter, pos_y_GNHighestEDaughter, pos_z_GNHighestEDaughter]
Index: []
Null counts (per column): event_no                      0
zenith_GNHighestEDaughter     0
azimuth_GNHighestEDaughter    0
energy_GNHighestEDaughter     0
pos_x_GNHighestEDaughter      0
pos_y_GNHighestEDaughter      0
pos_z_GNHighestEDaughter      0
dtype: int64
Sample rows with NaNs: Empty DataFrame
Columns: [event_no, zenith_GNHighestEDaughter, azimuth_GNHighestEDaughter, energy_GNHighestEDaughter, pos_x_GNHighestEDaughter, pos_y_GNHighestEDaughter, pos_z_GNHighestEDaughter]
Index: []
Null counts (per column): event_no                      0
zenith_GNHighestEDaughter     0
azimuth_GNHighestEDaughter    0
energy_GNHighestEDaughter     0
pos_x_GNHighestEDaughter      0
pos_y_GNHighestEDaughter      0
pos_z_GNHighestEDaughter      0
dtype: int64
Sample rows with NaNs: Empty DataFrame
Columns: [event_no, zenith_GNHighestEDaughter, azimuth_GNHighestEDaughter, energy_GNHighestEDaughter, pos_x_GNHighestEDaughter, pos_y_GNHighestEDaughter, pos_z_GNHighestEDaughter]
Index: []
Null counts (per column): event_no                      0
zenith_GNHighestEDaughter     0
azimuth_GNHighestEDaughter    0
energy_GNHighestEDaughter     0
pos_x_GNHighestEDaughter      0
pos_y_GNHighestEDaughter      0
pos_z_GNHighestEDaughter      0
dtype: int64
Sample rows with NaNs: Empty DataFrame
Columns: [event_no, zenith_GNHighestEDaughter, azimuth_GNHighestEDaughter, energy_GNHighestEDaughter, pos_x_GNHighestEDaughter, pos_y_GNHighestEDaughter, pos_z_GNHighestEDaughter]
Index: []
Null counts (per column): event_no                      0
zenith_GNHighestEDaughter     0
azimuth_GNHighestEDaughter    0
energy_GNHighestEDaughter     0
pos_x_GNHighestEDaughter      0
pos_y_GNHighestEDaughter      0
pos_z_GNHighestEDaughter      0
dtype: int64
Sample rows with NaNs: Empty DataFrame
Columns: [event_no, zenith_GNHighestEDaughter, azimuth_GNHighestEDaughter, energy_GNHighestEDaughter, pos_x_GNHighestEDaughter, pos_y_GNHighestEDaughter, pos_z_GNHighestEDaughter]
Index: []
Null counts (per column): event_no                      0
zenith_GNHighestEDaughter     0
azimuth_GNHighestEDaughter    0
energy_GNHighestEDaughter     0
pos_x_GNHighestEDaughter      0
pos_y_GNHighestEDaughter      0
pos_z_GNHighestEDaughter      0
dtype: int64
Sample rows with NaNs: Empty DataFrame
Columns: [event_no, zenith_GNHighestEDaughter, azimuth_GNHighestEDaughter, energy_GNHighestEDaughter, pos_x_GNHighestEDaughter, pos_y_GNHighestEDaughter, pos_z_GNHighestEDaughter]
Index: []
2024-12-11 12:41:47 - INFO - PMTfication for Snowstorm completed.
2024-12-11 12:41:47 - INFO - PMTfying Corsika...
2024-12-11 12:41:47 - INFO - Found 2 database files in subdirectory 9999999-9999999.
Processing 9999999-9999999:   0%|          | 0/2 [00:00<?, ?it/s]2024-12-11 12:41:48 - INFO - Processing shard 1 of part 96 in subdirectory 9999999-9999999.
2024-12-11 12:41:50 - INFO - Processing shard 2 of part 96 in subdirectory 9999999-9999999.
2024-12-11 12:41:53 - INFO - Processing shard 3 of part 96 in subdirectory 9999999-9999999.
2024-12-11 12:41:56 - INFO - Processing shard 4 of part 96 in subdirectory 9999999-9999999.
2024-12-11 12:41:59 - INFO - Processing shard 5 of part 96 in subdirectory 9999999-9999999.
2024-12-11 12:42:02 - INFO - Processing shard 6 of part 96 in subdirectory 9999999-9999999.
2024-12-11 12:42:03 - INFO - Finished processing database file: merged_part_96.db
Processing 9999999-9999999:  50%|█████     | 1/2 [00:15<00:15, 15.20s/it]2024-12-11 12:42:03 - INFO - Processing shard 1 of part 97 in subdirectory 9999999-9999999.
2024-12-11 12:42:09 - INFO - Processing shard 2 of part 97 in subdirectory 9999999-9999999.
2024-12-11 12:42:11 - INFO - Processing shard 3 of part 97 in subdirectory 9999999-9999999.
2024-12-11 12:42:11 - INFO - Finished processing database file: merged_part_97.db
Processing 9999999-9999999: 100%|██████████| 2/2 [00:23<00:00, 11.33s/it]Processing 9999999-9999999: 100%|██████████| 2/2 [00:23<00:00, 11.91s/it]
Null counts (per column): event_no                      0
zenith_GNHighestEDaughter     0
azimuth_GNHighestEDaughter    0
energy_GNHighestEDaughter     0
pos_x_GNHighestEDaughter      0
pos_y_GNHighestEDaughter      0
pos_z_GNHighestEDaughter      0
dtype: int64
Sample rows with NaNs: Empty DataFrame
Columns: [event_no, zenith_GNHighestEDaughter, azimuth_GNHighestEDaughter, energy_GNHighestEDaughter, pos_x_GNHighestEDaughter, pos_y_GNHighestEDaughter, pos_z_GNHighestEDaughter]
Index: []
Null counts (per column): event_no                      0
zenith_GNHighestEDaughter     0
azimuth_GNHighestEDaughter    0
energy_GNHighestEDaughter     0
pos_x_GNHighestEDaughter      0
pos_y_GNHighestEDaughter      0
pos_z_GNHighestEDaughter      0
dtype: int64
Sample rows with NaNs: Empty DataFrame
Columns: [event_no, zenith_GNHighestEDaughter, azimuth_GNHighestEDaughter, energy_GNHighestEDaughter, pos_x_GNHighestEDaughter, pos_y_GNHighestEDaughter, pos_z_GNHighestEDaughter]
Index: []
Null counts (per column): event_no                      0
zenith_GNHighestEDaughter     0
azimuth_GNHighestEDaughter    0
energy_GNHighestEDaughter     0
pos_x_GNHighestEDaughter      0
pos_y_GNHighestEDaughter      0
pos_z_GNHighestEDaughter      0
dtype: int64
Sample rows with NaNs: Empty DataFrame
Columns: [event_no, zenith_GNHighestEDaughter, azimuth_GNHighestEDaughter, energy_GNHighestEDaughter, pos_x_GNHighestEDaughter, pos_y_GNHighestEDaughter, pos_z_GNHighestEDaughter]
Index: []
Null counts (per column): event_no                      0
zenith_GNHighestEDaughter     0
azimuth_GNHighestEDaughter    0
energy_GNHighestEDaughter     0
pos_x_GNHighestEDaughter      0
pos_y_GNHighestEDaughter      0
pos_z_GNHighestEDaughter      0
dtype: int64
Sample rows with NaNs: Empty DataFrame
Columns: [event_no, zenith_GNHighestEDaughter, azimuth_GNHighestEDaughter, energy_GNHighestEDaughter, pos_x_GNHighestEDaughter, pos_y_GNHighestEDaughter, pos_z_GNHighestEDaughter]
Index: []
Null counts (per column): event_no                      0
zenith_GNHighestEDaughter     0
azimuth_GNHighestEDaughter    0
energy_GNHighestEDaughter     0
pos_x_GNHighestEDaughter      0
pos_y_GNHighestEDaughter      0
pos_z_GNHighestEDaughter      0
dtype: int64
Sample rows with NaNs: Empty DataFrame
Columns: [event_no, zenith_GNHighestEDaughter, azimuth_GNHighestEDaughter, energy_GNHighestEDaughter, pos_x_GNHighestEDaughter, pos_y_GNHighestEDaughter, pos_z_GNHighestEDaughter]
Index: []
Null counts (per column): event_no                      0
zenith_GNHighestEDaughter     0
azimuth_GNHighestEDaughter    0
energy_GNHighestEDaughter     0
pos_x_GNHighestEDaughter      0
pos_y_GNHighestEDaughter      0
pos_z_GNHighestEDaughter      0
dtype: int64
Sample rows with NaNs: Empty DataFrame
Columns: [event_no, zenith_GNHighestEDaughter, azimuth_GNHighestEDaughter, energy_GNHighestEDaughter, pos_x_GNHighestEDaughter, pos_y_GNHighestEDaughter, pos_z_GNHighestEDaughter]
Index: []
Null counts (per column): event_no                      0
zenith_GNHighestEDaughter     0
azimuth_GNHighestEDaughter    0
energy_GNHighestEDaughter     0
pos_x_GNHighestEDaughter      0
pos_y_GNHighestEDaughter      0
pos_z_GNHighestEDaughter      0
dtype: int64
Sample rows with NaNs: Empty DataFrame
Columns: [event_no, zenith_GNHighestEDaughter, azimuth_GNHighestEDaughter, energy_GNHighestEDaughter, pos_x_GNHighestEDaughter, pos_y_GNHighestEDaughter, pos_z_GNHighestEDaughter]
Index: []
Null counts (per column): event_no                      0
zenith_GNHighestEDaughter     0
azimuth_GNHighestEDaughter    0
energy_GNHighestEDaughter     0
pos_x_GNHighestEDaughter      0
pos_y_GNHighestEDaughter      0
pos_z_GNHighestEDaughter      0
dtype: int64
Sample rows with NaNs: Empty DataFrame
Columns: [event_no, zenith_GNHighestEDaughter, azimuth_GNHighestEDaughter, energy_GNHighestEDaughter, pos_x_GNHighestEDaughter, pos_y_GNHighestEDaughter, pos_z_GNHighestEDaughter]
Index: []
Null counts (per column): event_no                      0
zenith_GNHighestEDaughter     0
azimuth_GNHighestEDaughter    0
energy_GNHighestEDaughter     0
pos_x_GNHighestEDaughter      0
pos_y_GNHighestEDaughter      0
pos_z_GNHighestEDaughter      0
dtype: int64
Sample rows with NaNs: Empty DataFrame
Columns: [event_no, zenith_GNHighestEDaughter, azimuth_GNHighestEDaughter, energy_GNHighestEDaughter, pos_x_GNHighestEDaughter, pos_y_GNHighestEDaughter, pos_z_GNHighestEDaughter]
Index: []
2024-12-11 12:42:11 - INFO - PMTfication for Corsika completed.
2024-12-11 12:42:11 - INFO - PMTfication completed.
