nohup: ignoring input
2024-12-10 19:07:19 - INFO - PMTfication starts...
2024-12-10 19:07:19 - INFO - The number of files in the subdirectory: 2
2024-12-10 19:07:19 - INFO - The number of files in the subdirectory: 2
2024-12-10 19:07:19 - INFO - Using up to 1 workers.
2024-12-10 19:07:19 - INFO - PMTfying Snowstorm...
2024-12-10 19:07:19 - INFO - Found 2 database files in subdirectory 99999.
Processing 99999:   0%|          | 0/2 [00:00<?, ?it/s]2024-12-10 19:07:19 - INFO - Processing shard 1 of part 98 in subdirectory 99999.
2024-12-10 19:07:22 - INFO - Processing shard 2 of part 98 in subdirectory 99999.
2024-12-10 19:07:26 - INFO - Processing shard 3 of part 98 in subdirectory 99999.
2024-12-10 19:07:31 - INFO - Processing shard 4 of part 98 in subdirectory 99999.
2024-12-10 19:07:35 - INFO - Processing shard 5 of part 98 in subdirectory 99999.
2024-12-10 19:07:40 - INFO - Processing shard 6 of part 98 in subdirectory 99999.
2024-12-10 19:07:45 - INFO - Processing shard 7 of part 98 in subdirectory 99999.
2024-12-10 19:07:49 - INFO - Processing shard 8 of part 98 in subdirectory 99999.
2024-12-10 19:07:51 - INFO - Finished processing database file: merged_part_98.db
Processing 99999:  50%|█████     | 1/2 [00:31<00:31, 31.77s/it]2024-12-10 19:07:51 - INFO - Processing shard 1 of part 99 in subdirectory 99999.
2024-12-10 19:07:56 - INFO - Processing shard 2 of part 99 in subdirectory 99999.
2024-12-10 19:07:59 - INFO - Processing shard 3 of part 99 in subdirectory 99999.
2024-12-10 19:08:04 - INFO - Processing shard 4 of part 99 in subdirectory 99999.
2024-12-10 19:08:07 - INFO - Processing shard 5 of part 99 in subdirectory 99999.
2024-12-10 19:08:11 - INFO - Processing shard 6 of part 99 in subdirectory 99999.
2024-12-10 19:08:15 - INFO - Processing shard 7 of part 99 in subdirectory 99999.
2024-12-10 19:08:20 - INFO - Processing shard 8 of part 99 in subdirectory 99999.
2024-12-10 19:08:24 - INFO - Finished processing database file: merged_part_99.db
Processing 99999: 100%|██████████| 2/2 [01:04<00:00, 32.57s/it]Processing 99999: 100%|██████████| 2/2 [01:04<00:00, 32.45s/it]
2024-12-10 19:08:24 - INFO - PMTfication for Snowstorm completed.
2024-12-10 19:08:24 - INFO - PMTfying Corsika...
2024-12-10 19:08:24 - INFO - Found 2 database files in subdirectory 9999999-9999999.
Processing 9999999-9999999:   0%|          | 0/2 [00:00<?, ?it/s]2024-12-10 19:08:24 - INFO - Processing shard 1 of part 96 in subdirectory 9999999-9999999.
2024-12-10 19:08:27 - INFO - Processing shard 2 of part 96 in subdirectory 9999999-9999999.
2024-12-10 19:08:29 - INFO - Processing shard 3 of part 96 in subdirectory 9999999-9999999.
2024-12-10 19:08:33 - INFO - Processing shard 4 of part 96 in subdirectory 9999999-9999999.
2024-12-10 19:08:36 - INFO - Processing shard 5 of part 96 in subdirectory 9999999-9999999.
2024-12-10 19:08:39 - INFO - Processing shard 6 of part 96 in subdirectory 9999999-9999999.
2024-12-10 19:08:40 - INFO - Finished processing database file: merged_part_96.db
Processing 9999999-9999999:  50%|█████     | 1/2 [00:16<00:16, 16.27s/it]2024-12-10 19:08:40 - INFO - Processing shard 1 of part 97 in subdirectory 9999999-9999999.
2024-12-10 19:08:43 - INFO - Processing shard 2 of part 97 in subdirectory 9999999-9999999.
2024-12-10 19:08:45 - INFO - Processing shard 3 of part 97 in subdirectory 9999999-9999999.
2024-12-10 19:08:46 - INFO - Finished processing database file: merged_part_97.db
Processing 9999999-9999999: 100%|██████████| 2/2 [00:22<00:00, 10.09s/it]Processing 9999999-9999999: 100%|██████████| 2/2 [00:22<00:00, 11.02s/it]
2024-12-10 19:08:46 - INFO - PMTfication for Corsika completed.
2024-12-10 19:08:46 - INFO - PMTfication completed.
