nohup: ignoring input
2024-12-11 11:30:23 - INFO - PMTfication starts...
2024-12-11 11:30:23 - INFO - The number of files in the subdirectory: 2
2024-12-11 11:30:23 - INFO - The number of files in the subdirectory: 2
2024-12-11 11:30:23 - INFO - Using up to 1 workers.
2024-12-11 11:30:23 - INFO - PMTfying Snowstorm...
2024-12-11 11:30:23 - INFO - Found 2 database files in subdirectory 99999.
Processing 99999:   0%|          | 0/2 [00:00<?, ?it/s]2024-12-11 11:30:23 - INFO - Processing shard 1 of part 98 in subdirectory 99999.
2024-12-11 11:30:26 - INFO - Processing shard 2 of part 98 in subdirectory 99999.
2024-12-11 11:30:30 - INFO - Processing shard 3 of part 98 in subdirectory 99999.
2024-12-11 11:30:35 - INFO - Processing shard 4 of part 98 in subdirectory 99999.
2024-12-11 11:30:39 - INFO - Processing shard 5 of part 98 in subdirectory 99999.
2024-12-11 11:30:43 - INFO - Processing shard 6 of part 98 in subdirectory 99999.
2024-12-11 11:30:48 - INFO - Processing shard 7 of part 98 in subdirectory 99999.
2024-12-11 11:30:52 - INFO - Processing shard 8 of part 98 in subdirectory 99999.
2024-12-11 11:30:54 - INFO - Finished processing database file: merged_part_98.db
Processing 99999:  50%|█████     | 1/2 [00:30<00:30, 30.26s/it]2024-12-11 11:30:54 - INFO - Processing shard 1 of part 99 in subdirectory 99999.
2024-12-11 11:30:59 - INFO - Processing shard 2 of part 99 in subdirectory 99999.
2024-12-11 11:31:01 - INFO - Processing shard 3 of part 99 in subdirectory 99999.
2024-12-11 11:31:06 - INFO - Processing shard 4 of part 99 in subdirectory 99999.
2024-12-11 11:31:10 - INFO - Processing shard 5 of part 99 in subdirectory 99999.
2024-12-11 11:31:14 - INFO - Processing shard 6 of part 99 in subdirectory 99999.
2024-12-11 11:31:17 - INFO - Processing shard 7 of part 99 in subdirectory 99999.
2024-12-11 11:31:22 - INFO - Processing shard 8 of part 99 in subdirectory 99999.
2024-12-11 11:31:25 - INFO - Finished processing database file: merged_part_99.db
Processing 99999: 100%|██████████| 2/2 [01:01<00:00, 31.06s/it]Processing 99999: 100%|██████████| 2/2 [01:01<00:00, 30.94s/it]
2024-12-11 11:31:25 - INFO - PMTfication for Snowstorm completed.
2024-12-11 11:31:25 - INFO - PMTfying Corsika...
2024-12-11 11:31:25 - INFO - Found 2 database files in subdirectory 9999999-9999999.
Processing 9999999-9999999:   0%|          | 0/2 [00:00<?, ?it/s]2024-12-11 11:31:25 - INFO - Processing shard 1 of part 96 in subdirectory 9999999-9999999.
2024-12-11 11:31:29 - INFO - Processing shard 2 of part 96 in subdirectory 9999999-9999999.
2024-12-11 11:31:31 - INFO - Processing shard 3 of part 96 in subdirectory 9999999-9999999.
2024-12-11 11:31:34 - INFO - Processing shard 4 of part 96 in subdirectory 9999999-9999999.
2024-12-11 11:31:37 - INFO - Processing shard 5 of part 96 in subdirectory 9999999-9999999.
2024-12-11 11:31:40 - INFO - Processing shard 6 of part 96 in subdirectory 9999999-9999999.
2024-12-11 11:31:41 - INFO - Finished processing database file: merged_part_96.db
Processing 9999999-9999999:  50%|█████     | 1/2 [00:15<00:15, 15.58s/it]2024-12-11 11:31:41 - INFO - Processing shard 1 of part 97 in subdirectory 9999999-9999999.
2024-12-11 11:31:44 - INFO - Processing shard 2 of part 97 in subdirectory 9999999-9999999.
2024-12-11 11:31:46 - INFO - Processing shard 3 of part 97 in subdirectory 9999999-9999999.
2024-12-11 11:31:46 - INFO - Finished processing database file: merged_part_97.db
Processing 9999999-9999999: 100%|██████████| 2/2 [00:21<00:00,  9.66s/it]Processing 9999999-9999999: 100%|██████████| 2/2 [00:21<00:00, 10.55s/it]
2024-12-11 11:31:46 - INFO - PMTfication for Corsika completed.
2024-12-11 11:31:46 - INFO - PMTfication completed.
