nohup: ignoring input
2024-11-26 14:16:01 - INFO - PMTfication starts...
2024-11-26 14:16:01 - INFO - The number of files in the subdirectory: 2
2024-11-26 14:16:01 - INFO - Using up to 1 workers.
2024-11-26 14:16:01 - INFO - Found 2 database files in subdirectory 99999.
Processing 99999:   0%|          | 0/2 [00:00<?, ?it/s]2024-11-26 14:16:01 - INFO - Processing shard 1 of part 98 in subdirectory 99999.
2024-11-26 14:16:03 - INFO - Processing shard 2 of part 98 in subdirectory 99999.
2024-11-26 14:16:08 - INFO - Processing shard 3 of part 98 in subdirectory 99999.
2024-11-26 14:16:12 - INFO - Processing shard 4 of part 98 in subdirectory 99999.
2024-11-26 14:16:16 - INFO - Processing shard 5 of part 98 in subdirectory 99999.
2024-11-26 14:16:21 - INFO - Processing shard 6 of part 98 in subdirectory 99999.
2024-11-26 14:16:26 - INFO - Processing shard 7 of part 98 in subdirectory 99999.
2024-11-26 14:16:29 - INFO - Processing shard 8 of part 98 in subdirectory 99999.
2024-11-26 14:16:31 - INFO - Finished processing database file: merged_part_98.db
Processing 99999:  50%|█████     | 1/2 [00:29<00:29, 29.90s/it]2024-11-26 14:16:31 - INFO - Processing shard 1 of part 99 in subdirectory 99999.
2024-11-26 14:16:36 - INFO - Processing shard 2 of part 99 in subdirectory 99999.
2024-11-26 14:16:39 - INFO - Processing shard 3 of part 99 in subdirectory 99999.
2024-11-26 14:16:44 - INFO - Processing shard 4 of part 99 in subdirectory 99999.
2024-11-26 14:16:47 - INFO - Processing shard 5 of part 99 in subdirectory 99999.
2024-11-26 14:16:52 - INFO - Processing shard 6 of part 99 in subdirectory 99999.
2024-11-26 14:16:55 - INFO - Processing shard 7 of part 99 in subdirectory 99999.
2024-11-26 14:17:00 - INFO - Processing shard 8 of part 99 in subdirectory 99999.
2024-11-26 14:17:03 - INFO - Finished processing database file: merged_part_99.db
Processing 99999: 100%|██████████| 2/2 [01:02<00:00, 31.21s/it]Processing 99999: 100%|██████████| 2/2 [01:02<00:00, 31.01s/it]
2024-11-26 14:17:03 - INFO - PMTfication completed.
