nohup: ignoring input
2024-12-11 11:01:56 - INFO - PMTfication starts...
2024-12-11 11:01:56 - INFO - The number of files in the subdirectory: 2
2024-12-11 11:01:56 - INFO - The number of files in the subdirectory: 2
2024-12-11 11:01:56 - INFO - Using up to 1 workers.
2024-12-11 11:01:56 - INFO - PMTfying Snowstorm...
2024-12-11 11:01:56 - INFO - Found 2 database files in subdirectory 99999.
Processing 99999:   0%|          | 0/2 [00:00<?, ?it/s]2024-12-11 11:01:56 - INFO - Processing shard 1 of part 98 in subdirectory 99999.
2024-12-11 11:01:59 - INFO - Processing shard 2 of part 98 in subdirectory 99999.
2024-12-11 11:02:03 - INFO - Processing shard 3 of part 98 in subdirectory 99999.
2024-12-11 11:02:08 - INFO - Processing shard 4 of part 98 in subdirectory 99999.
2024-12-11 11:02:11 - INFO - Processing shard 5 of part 98 in subdirectory 99999.
2024-12-11 11:02:16 - INFO - Processing shard 6 of part 98 in subdirectory 99999.
2024-12-11 11:02:21 - INFO - Processing shard 7 of part 98 in subdirectory 99999.
2024-12-11 11:02:25 - INFO - Processing shard 8 of part 98 in subdirectory 99999.
2024-12-11 11:02:27 - INFO - Finished processing database file: merged_part_98.db
Processing 99999:  50%|█████     | 1/2 [00:30<00:30, 30.61s/it]2024-12-11 11:02:27 - INFO - Processing shard 1 of part 99 in subdirectory 99999.
2024-12-11 11:02:32 - INFO - Processing shard 2 of part 99 in subdirectory 99999.
2024-12-11 11:02:35 - INFO - Processing shard 3 of part 99 in subdirectory 99999.
2024-12-11 11:02:40 - INFO - Processing shard 4 of part 99 in subdirectory 99999.
2024-12-11 11:02:43 - INFO - Processing shard 5 of part 99 in subdirectory 99999.
2024-12-11 11:02:47 - INFO - Processing shard 6 of part 99 in subdirectory 99999.
2024-12-11 11:02:51 - INFO - Processing shard 7 of part 99 in subdirectory 99999.
2024-12-11 11:02:56 - INFO - Processing shard 8 of part 99 in subdirectory 99999.
2024-12-11 11:02:59 - INFO - Finished processing database file: merged_part_99.db
Processing 99999: 100%|██████████| 2/2 [01:02<00:00, 31.61s/it]Processing 99999: 100%|██████████| 2/2 [01:02<00:00, 31.46s/it]
2024-12-11 11:02:59 - INFO - PMTfication for Snowstorm completed.
2024-12-11 11:02:59 - INFO - PMTfying Corsika...
2024-12-11 11:02:59 - INFO - Found 2 database files in subdirectory 9999999-9999999.
Processing 9999999-9999999:   0%|          | 0/2 [00:00<?, ?it/s]2024-12-11 11:02:59 - INFO - Processing shard 1 of part 96 in subdirectory 9999999-9999999.
2024-12-11 11:03:02 - INFO - Processing shard 2 of part 96 in subdirectory 9999999-9999999.
2024-12-11 11:03:05 - INFO - Processing shard 3 of part 96 in subdirectory 9999999-9999999.
2024-12-11 11:03:08 - INFO - Processing shard 4 of part 96 in subdirectory 9999999-9999999.
2024-12-11 11:03:11 - INFO - Processing shard 5 of part 96 in subdirectory 9999999-9999999.
2024-12-11 11:03:14 - INFO - Processing shard 6 of part 96 in subdirectory 9999999-9999999.
2024-12-11 11:03:15 - INFO - Finished processing database file: merged_part_96.db
Processing 9999999-9999999:  50%|█████     | 1/2 [00:15<00:15, 15.66s/it]2024-12-11 11:03:15 - INFO - Processing shard 1 of part 97 in subdirectory 9999999-9999999.
2024-12-11 11:03:18 - INFO - Processing shard 2 of part 97 in subdirectory 9999999-9999999.
2024-12-11 11:03:20 - INFO - Processing shard 3 of part 97 in subdirectory 9999999-9999999.
2024-12-11 11:03:20 - INFO - Finished processing database file: merged_part_97.db
Processing 9999999-9999999: 100%|██████████| 2/2 [00:21<00:00,  9.71s/it]Processing 9999999-9999999: 100%|██████████| 2/2 [00:21<00:00, 10.60s/it]
2024-12-11 11:03:20 - INFO - PMTfication for Corsika completed.
2024-12-11 11:03:20 - INFO - PMTfication completed.
