nohup: ignoring input
2024-12-01 16:10:38 - INFO - PMTfication starts...
2024-12-01 16:10:38 - INFO - The number of files in the subdirectory: 2
2024-12-01 16:10:38 - INFO - Using up to 1 workers.
2024-12-01 16:10:38 - INFO - Found 2 database files in subdirectory 99999.
Processing 99999:   0%|          | 0/2 [00:00<?, ?it/s]2024-12-01 16:10:38 - INFO - Processing shard 1 of part 98 in subdirectory 99999.
2024-12-01 16:10:42 - INFO - Processing shard 2 of part 98 in subdirectory 99999.
2024-12-01 16:10:46 - INFO - Processing shard 3 of part 98 in subdirectory 99999.
2024-12-01 16:10:51 - INFO - Processing shard 4 of part 98 in subdirectory 99999.
2024-12-01 16:10:54 - INFO - Processing shard 5 of part 98 in subdirectory 99999.
2024-12-01 16:10:59 - INFO - Processing shard 6 of part 98 in subdirectory 99999.
2024-12-01 16:11:04 - INFO - Processing shard 7 of part 98 in subdirectory 99999.
2024-12-01 16:11:08 - INFO - Processing shard 8 of part 98 in subdirectory 99999.
2024-12-01 16:11:09 - INFO - Finished processing database file: merged_part_98.db
Processing 99999:  50%|█████     | 1/2 [00:31<00:31, 31.44s/it]2024-12-01 16:11:10 - INFO - Processing shard 1 of part 99 in subdirectory 99999.
2024-12-01 16:11:19 - INFO - Processing shard 2 of part 99 in subdirectory 99999.
2024-12-01 16:11:21 - INFO - Processing shard 3 of part 99 in subdirectory 99999.
2024-12-01 16:11:26 - INFO - Processing shard 4 of part 99 in subdirectory 99999.
2024-12-01 16:11:29 - INFO - Processing shard 5 of part 99 in subdirectory 99999.
2024-12-01 16:11:33 - INFO - Processing shard 6 of part 99 in subdirectory 99999.
2024-12-01 16:11:37 - INFO - Processing shard 7 of part 99 in subdirectory 99999.
2024-12-01 16:11:42 - INFO - Processing shard 8 of part 99 in subdirectory 99999.
2024-12-01 16:11:46 - INFO - Finished processing database file: merged_part_99.db
Processing 99999: 100%|██████████| 2/2 [01:07<00:00, 34.40s/it]Processing 99999: 100%|██████████| 2/2 [01:07<00:00, 33.95s/it]
2024-12-01 16:11:46 - INFO - PMTfication completed.
