nohup: ignoring input
2024-11-22 14:50:21 - INFO - PMTfication starts...
2024-11-22 14:50:21 - INFO - The number of files in the subdirectory: 2
2024-11-22 14:50:21 - INFO - Using up to 1 workers.
2024-11-22 14:50:21 - INFO - Found 2 database files in subdirectory 99999.
Processing 99999:   0%|          | 0/2 [00:00<?, ?it/s]2024-11-22 14:50:21 - ERROR - Error processing file merged_part_98.db: 
concurrent.futures.process._RemoteTraceback: 
"""
Traceback (most recent call last):
  File "/usr/lib64/python3.9/concurrent/futures/process.py", line 246, in _process_worker
    r = call_item.fn(*call_item.args, **call_item.kwargs)
  File "/lustre/hpc/icecube/cyan/factory/DOMification/PMTfier.py", line 221, in pmtfy_part
    consolidated_truth = self._divide_and_conquer_part(
  File "/lustre/hpc/icecube/cyan/factory/DOMification/PMTfier.py", line 199, in _divide_and_conquer_part
    pa_truth_shard = self.pmtfy_shard(
  File "/lustre/hpc/icecube/cyan/factory/DOMification/PMTfier.py", line 174, in pmtfy_shard
    pa_pmtfied = self._add_enhance_event_no(pa_pmtfied, subdir_tag, part_no)
  File "/lustre/hpc/icecube/cyan/factory/DOMification/PMTfier.py", line 127, in _add_enhance_event_no
    int(signal_or_noise_tag * 10**digit_signal_or_noise_name) +
MemoryError
"""

The above exception was the direct cause of the following exception:

Traceback (most recent call last):
  File "/lustre/hpc/icecube/cyan/factory/DOMification/PMTfier.py", line 269, in pmtfy_subdir_parallel
    future.result()
  File "/usr/lib64/python3.9/concurrent/futures/_base.py", line 439, in result
    return self.__get_result()
  File "/usr/lib64/python3.9/concurrent/futures/_base.py", line 391, in __get_result
    raise self._exception
MemoryError
Processing 99999:  50%|█████     | 1/2 [00:00<00:00,  2.62it/s]2024-11-22 14:50:23 - ERROR - Error processing file merged_part_99.db: 
concurrent.futures.process._RemoteTraceback: 
"""
Traceback (most recent call last):
  File "/usr/lib64/python3.9/concurrent/futures/process.py", line 246, in _process_worker
    r = call_item.fn(*call_item.args, **call_item.kwargs)
  File "/lustre/hpc/icecube/cyan/factory/DOMification/PMTfier.py", line 221, in pmtfy_part
    consolidated_truth = self._divide_and_conquer_part(
  File "/lustre/hpc/icecube/cyan/factory/DOMification/PMTfier.py", line 199, in _divide_and_conquer_part
    pa_truth_shard = self.pmtfy_shard(
  File "/lustre/hpc/icecube/cyan/factory/DOMification/PMTfier.py", line 174, in pmtfy_shard
    pa_pmtfied = self._add_enhance_event_no(pa_pmtfied, subdir_tag, part_no)
  File "/lustre/hpc/icecube/cyan/factory/DOMification/PMTfier.py", line 127, in _add_enhance_event_no
    int(signal_or_noise_tag * 10**digit_signal_or_noise_name) +
MemoryError
"""

The above exception was the direct cause of the following exception:

Traceback (most recent call last):
  File "/lustre/hpc/icecube/cyan/factory/DOMification/PMTfier.py", line 269, in pmtfy_subdir_parallel
    future.result()
  File "/usr/lib64/python3.9/concurrent/futures/_base.py", line 439, in result
    return self.__get_result()
  File "/usr/lib64/python3.9/concurrent/futures/_base.py", line 391, in __get_result
    raise self._exception
MemoryError
Processing 99999: 100%|██████████| 2/2 [00:02<00:00,  1.14s/it]Processing 99999: 100%|██████████| 2/2 [00:02<00:00,  1.03s/it]
2024-11-22 14:50:23 - INFO - PMTfication completed.
