nohup: ignoring input
2024-12-11 13:00:22 - INFO - PMTfication starts...
2024-12-11 13:00:22 - INFO - The number of files in the subdirectory: 2
2024-12-11 13:00:22 - INFO - The number of files in the subdirectory: 2
2024-12-11 13:00:22 - INFO - Using up to 1 workers.
2024-12-11 13:00:22 - INFO - PMTfying Snowstorm...
2024-12-11 13:00:22 - INFO - Found 2 database files in subdirectory 99999.
Processing 99999:   0%|          | 0/2 [00:00<?, ?it/s]2024-12-11 13:00:22 - INFO - Processing shard 1 of part 98 in subdirectory 99999.
2024-12-11 13:00:24 - INFO - Processing shard 2 of part 98 in subdirectory 99999.
2024-12-11 13:00:29 - INFO - Processing shard 3 of part 98 in subdirectory 99999.
2024-12-11 13:00:34 - INFO - Processing shard 4 of part 98 in subdirectory 99999.
2024-12-11 13:00:37 - INFO - Processing shard 5 of part 98 in subdirectory 99999.
2024-12-11 13:00:43 - INFO - Processing shard 6 of part 98 in subdirectory 99999.
2024-12-11 13:00:48 - INFO - Processing shard 7 of part 98 in subdirectory 99999.
2024-12-11 13:00:52 - INFO - Processing shard 8 of part 98 in subdirectory 99999.
2024-12-11 13:00:53 - INFO - Finished processing database file: merged_part_98.db
Processing 99999:  50%|█████     | 1/2 [00:31<00:31, 31.62s/it]2024-12-11 13:00:54 - INFO - Processing shard 1 of part 99 in subdirectory 99999.
2024-12-11 13:00:59 - INFO - Processing shard 2 of part 99 in subdirectory 99999.
2024-12-11 13:01:02 - INFO - Processing shard 3 of part 99 in subdirectory 99999.
2024-12-11 13:01:07 - INFO - Processing shard 4 of part 99 in subdirectory 99999.
2024-12-11 13:01:10 - INFO - Processing shard 5 of part 99 in subdirectory 99999.
2024-12-11 13:01:15 - INFO - Processing shard 6 of part 99 in subdirectory 99999.
2024-12-11 13:01:18 - INFO - Processing shard 7 of part 99 in subdirectory 99999.
2024-12-11 13:01:24 - INFO - Processing shard 8 of part 99 in subdirectory 99999.
2024-12-11 13:01:27 - INFO - Finished processing database file: merged_part_99.db
Processing 99999: 100%|██████████| 2/2 [01:05<00:00, 32.81s/it]Processing 99999: 100%|██████████| 2/2 [01:05<00:00, 32.63s/it]
2024-12-11 13:01:27 - INFO - PMTfication for Snowstorm completed.
2024-12-11 13:01:27 - INFO - PMTfying Corsika...
2024-12-11 13:01:27 - INFO - Found 2 database files in subdirectory 9999999-9999999.
Processing 9999999-9999999:   0%|          | 0/2 [00:00<?, ?it/s]2024-12-11 13:01:27 - INFO - Processing shard 1 of part 96 in subdirectory 9999999-9999999.
2024-12-11 13:01:30 - INFO - Processing shard 2 of part 96 in subdirectory 9999999-9999999.
2024-12-11 13:01:32 - INFO - Processing shard 3 of part 96 in subdirectory 9999999-9999999.
2024-12-11 13:01:36 - INFO - Processing shard 4 of part 96 in subdirectory 9999999-9999999.
2024-12-11 13:01:39 - INFO - Processing shard 5 of part 96 in subdirectory 9999999-9999999.
2024-12-11 13:01:43 - INFO - Processing shard 6 of part 96 in subdirectory 9999999-9999999.
2024-12-11 13:01:43 - INFO - Finished processing database file: merged_part_96.db
Processing 9999999-9999999:  50%|█████     | 1/2 [00:16<00:16, 16.02s/it]2024-12-11 13:01:43 - INFO - Processing shard 1 of part 97 in subdirectory 9999999-9999999.
2024-12-11 13:01:47 - INFO - Processing shard 2 of part 97 in subdirectory 9999999-9999999.
2024-12-11 13:01:49 - INFO - Processing shard 3 of part 97 in subdirectory 9999999-9999999.
2024-12-11 13:01:49 - INFO - Finished processing database file: merged_part_97.db
Processing 9999999-9999999: 100%|██████████| 2/2 [00:21<00:00, 10.08s/it]Processing 9999999-9999999: 100%|██████████| 2/2 [00:21<00:00, 10.97s/it]
2024-12-11 13:01:49 - INFO - PMTfication for Corsika completed.
2024-12-11 13:01:49 - INFO - PMTfication completed.
