nohup: ignoring input
2024-11-26 14:25:13 - INFO - PMTfication starts...
2024-11-26 14:25:13 - INFO - The number of files in the subdirectory: 2
2024-11-26 14:25:13 - INFO - Using up to 1 workers.
2024-11-26 14:25:13 - INFO - Found 2 database files in subdirectory 99999.
Processing 99999:   0%|          | 0/2 [00:00<?, ?it/s]2024-11-26 14:25:13 - INFO - Processing shard 1 of part 98 in subdirectory 99999.
2024-11-26 14:25:16 - INFO - Processing shard 2 of part 98 in subdirectory 99999.
2024-11-26 14:25:20 - INFO - Processing shard 3 of part 98 in subdirectory 99999.
2024-11-26 14:25:25 - INFO - Processing shard 4 of part 98 in subdirectory 99999.
2024-11-26 14:25:28 - INFO - Processing shard 5 of part 98 in subdirectory 99999.
2024-11-26 14:25:33 - INFO - Processing shard 6 of part 98 in subdirectory 99999.
2024-11-26 14:25:38 - INFO - Processing shard 7 of part 98 in subdirectory 99999.
2024-11-26 14:25:41 - INFO - Processing shard 8 of part 98 in subdirectory 99999.
2024-11-26 14:25:43 - INFO - Finished processing database file: merged_part_98.db
Processing 99999:  50%|█████     | 1/2 [00:29<00:29, 29.71s/it]2024-11-26 14:25:43 - INFO - Processing shard 1 of part 99 in subdirectory 99999.
2024-11-26 14:25:48 - INFO - Processing shard 2 of part 99 in subdirectory 99999.
2024-11-26 14:25:51 - INFO - Processing shard 3 of part 99 in subdirectory 99999.
2024-11-26 14:25:56 - INFO - Processing shard 4 of part 99 in subdirectory 99999.
2024-11-26 14:25:59 - INFO - Processing shard 5 of part 99 in subdirectory 99999.
2024-11-26 14:26:03 - INFO - Processing shard 6 of part 99 in subdirectory 99999.
2024-11-26 14:26:07 - INFO - Processing shard 7 of part 99 in subdirectory 99999.
2024-11-26 14:26:12 - INFO - Processing shard 8 of part 99 in subdirectory 99999.
2024-11-26 14:26:15 - INFO - Finished processing database file: merged_part_99.db
Processing 99999: 100%|██████████| 2/2 [01:01<00:00, 30.96s/it]Processing 99999: 100%|██████████| 2/2 [01:01<00:00, 30.77s/it]
2024-11-26 14:26:15 - INFO - PMTfication completed.
