nohup: ignoring input
2024-12-10 18:08:45 - INFO - PMTfication starts...
2024-12-10 18:08:45 - INFO - The number of files in the subdirectory: 2
2024-12-10 18:08:45 - INFO - The number of files in the subdirectory: 2
2024-12-10 18:08:45 - INFO - Using up to 1 workers.
2024-12-10 18:08:45 - INFO - PMTfying Snowstorm...
2024-12-10 18:08:45 - INFO - Found 2 database files in subdirectory 99999.
Processing 99999:   0%|          | 0/2 [00:00<?, ?it/s]2024-12-10 18:08:45 - INFO - Processing shard 1 of part 98 in subdirectory 99999.
2024-12-10 18:08:45 - ERROR - Error processing file merged_part_98.db: local variable 'dest_dir' referenced before assignment
concurrent.futures.process._RemoteTraceback: 
"""
Traceback (most recent call last):
  File "/usr/lib64/python3.9/concurrent/futures/process.py", line 246, in _process_worker
    r = call_item.fn(*call_item.args, **call_item.kwargs)
  File "/lustre/hpc/icecube/cyan/factory/DOMification/PMTfier.py", line 209, in pmtfy_part
    consolidated_truth = self._divide_and_conquer_part(
  File "/lustre/hpc/icecube/cyan/factory/DOMification/PMTfier.py", line 191, in _divide_and_conquer_part
    pa_truth_shard = self.pmtfy_shard(
  File "/lustre/hpc/icecube/cyan/factory/DOMification/PMTfier.py", line 160, in pmtfy_shard
    os.makedirs(dest_dir, exist_ok=True)
UnboundLocalError: local variable 'dest_dir' referenced before assignment
"""

The above exception was the direct cause of the following exception:

Traceback (most recent call last):
  File "/lustre/hpc/icecube/cyan/factory/DOMification/PMTfier.py", line 241, in pmtfy_subdir_parallel
    future.result()
  File "/usr/lib64/python3.9/concurrent/futures/_base.py", line 439, in result
    return self.__get_result()
  File "/usr/lib64/python3.9/concurrent/futures/_base.py", line 391, in __get_result
    raise self._exception
UnboundLocalError: local variable 'dest_dir' referenced before assignment
2024-12-10 18:08:45 - INFO - Processing shard 1 of part 99 in subdirectory 99999.
2024-12-10 18:08:45 - ERROR - Error processing file merged_part_99.db: local variable 'dest_dir' referenced before assignment
concurrent.futures.process._RemoteTraceback: 
"""
Traceback (most recent call last):
  File "/usr/lib64/python3.9/concurrent/futures/process.py", line 246, in _process_worker
    r = call_item.fn(*call_item.args, **call_item.kwargs)
  File "/lustre/hpc/icecube/cyan/factory/DOMification/PMTfier.py", line 209, in pmtfy_part
    consolidated_truth = self._divide_and_conquer_part(
  File "/lustre/hpc/icecube/cyan/factory/DOMification/PMTfier.py", line 191, in _divide_and_conquer_part
    pa_truth_shard = self.pmtfy_shard(
  File "/lustre/hpc/icecube/cyan/factory/DOMification/PMTfier.py", line 160, in pmtfy_shard
    os.makedirs(dest_dir, exist_ok=True)
UnboundLocalError: local variable 'dest_dir' referenced before assignment
"""

The above exception was the direct cause of the following exception:

Traceback (most recent call last):
  File "/lustre/hpc/icecube/cyan/factory/DOMification/PMTfier.py", line 241, in pmtfy_subdir_parallel
    future.result()
  File "/usr/lib64/python3.9/concurrent/futures/_base.py", line 439, in result
    return self.__get_result()
  File "/usr/lib64/python3.9/concurrent/futures/_base.py", line 391, in __get_result
    raise self._exception
UnboundLocalError: local variable 'dest_dir' referenced before assignment
Processing 99999: 100%|██████████| 2/2 [00:00<00:00, 66.12it/s]
2024-12-10 18:08:45 - INFO - PMTfication for Snowstorm completed.
2024-12-10 18:08:45 - INFO - PMTfying Corsika...
2024-12-10 18:08:45 - INFO - Found 2 database files in subdirectory 9999999-9999999.
Processing 9999999-9999999:   0%|          | 0/2 [00:00<?, ?it/s]2024-12-10 18:08:45 - INFO - Processing shard 1 of part 96 in subdirectory 9999999-9999999.
2024-12-10 18:08:45 - ERROR - Error processing file merged_part_96.db: local variable 'dest_dir' referenced before assignment
concurrent.futures.process._RemoteTraceback: 
"""
Traceback (most recent call last):
  File "/usr/lib64/python3.9/concurrent/futures/process.py", line 246, in _process_worker
    r = call_item.fn(*call_item.args, **call_item.kwargs)
  File "/lustre/hpc/icecube/cyan/factory/DOMification/PMTfier.py", line 209, in pmtfy_part
    consolidated_truth = self._divide_and_conquer_part(
  File "/lustre/hpc/icecube/cyan/factory/DOMification/PMTfier.py", line 191, in _divide_and_conquer_part
    pa_truth_shard = self.pmtfy_shard(
  File "/lustre/hpc/icecube/cyan/factory/DOMification/PMTfier.py", line 160, in pmtfy_shard
    os.makedirs(dest_dir, exist_ok=True)
UnboundLocalError: local variable 'dest_dir' referenced before assignment
"""

The above exception was the direct cause of the following exception:

Traceback (most recent call last):
  File "/lustre/hpc/icecube/cyan/factory/DOMification/PMTfier.py", line 241, in pmtfy_subdir_parallel
    future.result()
  File "/usr/lib64/python3.9/concurrent/futures/_base.py", line 439, in result
    return self.__get_result()
  File "/usr/lib64/python3.9/concurrent/futures/_base.py", line 391, in __get_result
    raise self._exception
UnboundLocalError: local variable 'dest_dir' referenced before assignment
2024-12-10 18:08:45 - INFO - Processing shard 1 of part 97 in subdirectory 9999999-9999999.
2024-12-10 18:08:45 - ERROR - Error processing file merged_part_97.db: local variable 'dest_dir' referenced before assignment
concurrent.futures.process._RemoteTraceback: 
"""
Traceback (most recent call last):
  File "/usr/lib64/python3.9/concurrent/futures/process.py", line 246, in _process_worker
    r = call_item.fn(*call_item.args, **call_item.kwargs)
  File "/lustre/hpc/icecube/cyan/factory/DOMification/PMTfier.py", line 209, in pmtfy_part
    consolidated_truth = self._divide_and_conquer_part(
  File "/lustre/hpc/icecube/cyan/factory/DOMification/PMTfier.py", line 191, in _divide_and_conquer_part
    pa_truth_shard = self.pmtfy_shard(
  File "/lustre/hpc/icecube/cyan/factory/DOMification/PMTfier.py", line 160, in pmtfy_shard
    os.makedirs(dest_dir, exist_ok=True)
UnboundLocalError: local variable 'dest_dir' referenced before assignment
"""

The above exception was the direct cause of the following exception:

Traceback (most recent call last):
  File "/lustre/hpc/icecube/cyan/factory/DOMification/PMTfier.py", line 241, in pmtfy_subdir_parallel
    future.result()
  File "/usr/lib64/python3.9/concurrent/futures/_base.py", line 439, in result
    return self.__get_result()
  File "/usr/lib64/python3.9/concurrent/futures/_base.py", line 391, in __get_result
    raise self._exception
UnboundLocalError: local variable 'dest_dir' referenced before assignment
Processing 9999999-9999999: 100%|██████████| 2/2 [00:00<00:00, 56.68it/s]
2024-12-10 18:08:45 - INFO - PMTfication for Corsika completed.
2024-12-10 18:08:45 - INFO - PMTfication completed.
