nohup: ignoring input
2024-11-29 17:57:44 - INFO - PMTfication starts...
2024-11-29 17:57:44 - INFO - The number of files in the subdirectory: 2
2024-11-29 17:57:44 - INFO - Using up to 1 workers.
2024-11-29 17:57:44 - INFO - Found 2 database files in subdirectory 99999.
Processing 99999:   0%|          | 0/2 [00:00<?, ?it/s]2024-11-29 17:57:44 - INFO - Processing shard 1 of part 98 in subdirectory 99999.
2024-11-29 17:57:47 - INFO - Processing shard 2 of part 98 in subdirectory 99999.
2024-11-29 17:57:51 - INFO - Processing shard 3 of part 98 in subdirectory 99999.
2024-11-29 17:57:56 - INFO - Processing shard 4 of part 98 in subdirectory 99999.
2024-11-29 17:57:59 - INFO - Processing shard 5 of part 98 in subdirectory 99999.
2024-11-29 17:58:04 - INFO - Processing shard 6 of part 98 in subdirectory 99999.
2024-11-29 17:58:09 - INFO - Processing shard 7 of part 98 in subdirectory 99999.
2024-11-29 17:58:13 - INFO - Processing shard 8 of part 98 in subdirectory 99999.
2024-11-29 17:58:14 - INFO - Finished processing database file: merged_part_98.db
Processing 99999:  50%|█████     | 1/2 [00:30<00:30, 30.12s/it]2024-11-29 17:58:14 - INFO - Processing shard 1 of part 99 in subdirectory 99999.
2024-11-29 17:58:19 - INFO - Processing shard 2 of part 99 in subdirectory 99999.
2024-11-29 17:58:22 - INFO - Processing shard 3 of part 99 in subdirectory 99999.
2024-11-29 17:58:27 - INFO - Processing shard 4 of part 99 in subdirectory 99999.
2024-11-29 17:58:30 - INFO - Processing shard 5 of part 99 in subdirectory 99999.
2024-11-29 17:58:34 - INFO - Processing shard 6 of part 99 in subdirectory 99999.
2024-11-29 17:58:38 - INFO - Processing shard 7 of part 99 in subdirectory 99999.
2024-11-29 17:58:42 - INFO - Processing shard 8 of part 99 in subdirectory 99999.
2024-11-29 17:58:46 - INFO - Finished processing database file: merged_part_99.db
Processing 99999: 100%|██████████| 2/2 [01:01<00:00, 30.83s/it]Processing 99999: 100%|██████████| 2/2 [01:01<00:00, 30.72s/it]
2024-11-29 17:58:46 - INFO - PMTfication completed.
