nohup: ignoring input
2024-12-10 12:35:31 - INFO - PMTfication starts...
2024-12-10 12:35:31 - INFO - The number of files in Snowstorm subdirectory: 2
2024-12-10 12:35:31 - INFO - The number of files in Corsika subdirectory: 2
2024-12-10 12:35:31 - INFO - Using up to 1 workers.
2024-12-10 12:35:31 - INFO - PMTfying Snowstorm...
2024-12-10 12:35:31 - INFO - Found 2 database files in subdirectory 99999.
Processing 99999:   0%|          | 0/2 [00:00<?, ?it/s]2024-12-10 12:35:31 - INFO - Processing shard 1 of part 98 in subdirectory 99999.
2024-12-10 12:35:34 - INFO - Processing shard 2 of part 98 in subdirectory 99999.
2024-12-10 12:35:39 - INFO - Processing shard 3 of part 98 in subdirectory 99999.
2024-12-10 12:35:44 - INFO - Processing shard 4 of part 98 in subdirectory 99999.
2024-12-10 12:35:48 - INFO - Processing shard 5 of part 98 in subdirectory 99999.
2024-12-10 12:35:53 - INFO - Processing shard 6 of part 98 in subdirectory 99999.
2024-12-10 12:35:59 - INFO - Processing shard 7 of part 98 in subdirectory 99999.
2024-12-10 12:36:03 - INFO - Processing shard 8 of part 98 in subdirectory 99999.
2024-12-10 12:36:05 - INFO - Finished processing database file: merged_part_98.db
Processing 99999:  50%|█████     | 1/2 [00:34<00:34, 34.45s/it]2024-12-10 12:36:05 - INFO - Processing shard 1 of part 99 in subdirectory 99999.
2024-12-10 12:36:11 - INFO - Processing shard 2 of part 99 in subdirectory 99999.
2024-12-10 12:36:14 - INFO - Processing shard 3 of part 99 in subdirectory 99999.
2024-12-10 12:36:20 - INFO - Processing shard 4 of part 99 in subdirectory 99999.
2024-12-10 12:36:23 - INFO - Processing shard 5 of part 99 in subdirectory 99999.
2024-12-10 12:36:28 - INFO - Processing shard 6 of part 99 in subdirectory 99999.
2024-12-10 12:36:32 - INFO - Processing shard 7 of part 99 in subdirectory 99999.
2024-12-10 12:36:38 - INFO - Processing shard 8 of part 99 in subdirectory 99999.
2024-12-10 12:36:42 - INFO - Finished processing database file: merged_part_99.db
Processing 99999: 100%|██████████| 2/2 [01:10<00:00, 35.68s/it]Processing 99999: 100%|██████████| 2/2 [01:10<00:00, 35.49s/it]
2024-12-10 12:36:42 - INFO - PMTfication for Snowstorm completed.
2024-12-10 12:36:42 - INFO - PMTfying Corsika...
2024-12-10 12:36:42 - INFO - PMTfication for Corsika completed.
2024-12-10 12:36:42 - INFO - PMTfication completed.
