nohup: ignoring input
2024-12-02 10:22:19 - INFO - PMTfication starts...
2024-12-02 10:22:19 - INFO - The number of files in the subdirectory: 2
2024-12-02 10:22:19 - INFO - Using up to 1 workers.
2024-12-02 10:22:19 - INFO - Found 2 database files in subdirectory 99999.
Processing 99999:   0%|          | 0/2 [00:00<?, ?it/s]2024-12-02 10:22:19 - INFO - Processing shard 1 of part 98 in subdirectory 99999.
2024-12-02 10:22:23 - INFO - Processing shard 2 of part 98 in subdirectory 99999.
2024-12-02 10:22:27 - INFO - Processing shard 3 of part 98 in subdirectory 99999.
2024-12-02 10:22:32 - INFO - Processing shard 4 of part 98 in subdirectory 99999.
2024-12-02 10:22:35 - INFO - Processing shard 5 of part 98 in subdirectory 99999.
2024-12-02 10:22:40 - INFO - Processing shard 6 of part 98 in subdirectory 99999.
2024-12-02 10:22:45 - INFO - Processing shard 7 of part 98 in subdirectory 99999.
2024-12-02 10:22:48 - INFO - Processing shard 8 of part 98 in subdirectory 99999.
2024-12-02 10:22:50 - INFO - Finished processing database file: merged_part_98.db
Processing 99999:  50%|█████     | 1/2 [00:31<00:31, 31.52s/it]2024-12-02 10:22:51 - INFO - Processing shard 1 of part 99 in subdirectory 99999.
2024-12-02 10:22:59 - INFO - Processing shard 2 of part 99 in subdirectory 99999.
2024-12-02 10:23:01 - INFO - Processing shard 3 of part 99 in subdirectory 99999.
2024-12-02 10:23:06 - INFO - Processing shard 4 of part 99 in subdirectory 99999.
2024-12-02 10:23:10 - INFO - Processing shard 5 of part 99 in subdirectory 99999.
2024-12-02 10:23:14 - INFO - Processing shard 6 of part 99 in subdirectory 99999.
2024-12-02 10:23:17 - INFO - Processing shard 7 of part 99 in subdirectory 99999.
2024-12-02 10:23:22 - INFO - Processing shard 8 of part 99 in subdirectory 99999.
2024-12-02 10:23:25 - INFO - Finished processing database file: merged_part_99.db
Processing 99999: 100%|██████████| 2/2 [01:06<00:00, 33.69s/it]Processing 99999: 100%|██████████| 2/2 [01:06<00:00, 33.36s/it]
2024-12-02 10:23:25 - INFO - PMTfication completed.
