nohup: ignoring input
2024-11-28 13:43:32 - INFO - PMTfication starts...
2024-11-28 13:43:32 - INFO - The number of files in the subdirectory: 2
2024-11-28 13:43:32 - INFO - Using up to 1 workers.
2024-11-28 13:43:32 - INFO - Found 2 database files in subdirectory 99999.
Processing 99999:   0%|          | 0/2 [00:00<?, ?it/s]2024-11-28 13:43:32 - INFO - Processing shard 1 of part 98 in subdirectory 99999.
2024-11-28 13:43:36 - INFO - Processing shard 2 of part 98 in subdirectory 99999.
2024-11-28 13:43:40 - INFO - Processing shard 3 of part 98 in subdirectory 99999.
2024-11-28 13:43:44 - INFO - Processing shard 4 of part 98 in subdirectory 99999.
2024-11-28 13:43:48 - INFO - Processing shard 5 of part 98 in subdirectory 99999.
2024-11-28 13:43:52 - INFO - Processing shard 6 of part 98 in subdirectory 99999.
2024-11-28 13:43:58 - INFO - Processing shard 7 of part 98 in subdirectory 99999.
2024-11-28 13:44:01 - INFO - Processing shard 8 of part 98 in subdirectory 99999.
2024-11-28 13:44:03 - INFO - Finished processing database file: merged_part_98.db
Processing 99999:  50%|█████     | 1/2 [00:30<00:30, 30.90s/it]2024-11-28 13:44:03 - INFO - Processing shard 1 of part 99 in subdirectory 99999.
2024-11-28 13:44:12 - INFO - Processing shard 2 of part 99 in subdirectory 99999.
2024-11-28 13:44:15 - INFO - Processing shard 3 of part 99 in subdirectory 99999.
2024-11-28 13:44:19 - INFO - Processing shard 4 of part 99 in subdirectory 99999.
2024-11-28 13:44:23 - INFO - Processing shard 5 of part 99 in subdirectory 99999.
2024-11-28 13:44:27 - INFO - Processing shard 6 of part 99 in subdirectory 99999.
2024-11-28 13:44:30 - INFO - Processing shard 7 of part 99 in subdirectory 99999.
2024-11-28 13:44:35 - INFO - Processing shard 8 of part 99 in subdirectory 99999.
2024-11-28 13:44:38 - INFO - Finished processing database file: merged_part_99.db
Processing 99999: 100%|██████████| 2/2 [01:06<00:00, 33.61s/it]Processing 99999: 100%|██████████| 2/2 [01:06<00:00, 33.20s/it]
2024-11-28 13:44:38 - INFO - PMTfication completed.
