nohup: ignoring input
2024-11-29 23:03:39 - INFO - PMTfication starts...
2024-11-29 23:03:39 - INFO - The number of files in the subdirectory: 2
2024-11-29 23:03:39 - INFO - Using up to 1 workers.
2024-11-29 23:03:39 - INFO - Found 2 database files in subdirectory 99999.

Processing 99999:   0%|          | 0/2 [00:00<?, ?it/s]2024-11-29 23:03:39 - INFO - Processing shard 1 of part 98 in subdirectory 99999.
2024-11-29 23:03:42 - INFO - Processing shard 2 of part 98 in subdirectory 99999.
2024-11-29 23:03:46 - INFO - Processing shard 3 of part 98 in subdirectory 99999.
2024-11-29 23:03:51 - INFO - Processing shard 4 of part 98 in subdirectory 99999.
2024-11-29 23:03:54 - INFO - Processing shard 5 of part 98 in subdirectory 99999.
2024-11-29 23:03:59 - INFO - Processing shard 6 of part 98 in subdirectory 99999.
2024-11-29 23:04:04 - INFO - Processing shard 7 of part 98 in subdirectory 99999.
2024-11-29 23:04:07 - INFO - Processing shard 8 of part 98 in subdirectory 99999.
2024-11-29 23:04:09 - INFO - Finished processing database file: merged_part_98.db

Processing 99999:  50%|█████     | 1/2 [00:30<00:30, 30.10s/it]2024-11-29 23:04:09 - INFO - Processing shard 1 of part 99 in subdirectory 99999.
2024-11-29 23:04:14 - INFO - Processing shard 2 of part 99 in subdirectory 99999.
2024-11-29 23:04:17 - INFO - Processing shard 3 of part 99 in subdirectory 99999.
2024-11-29 23:04:22 - INFO - Processing shard 4 of part 99 in subdirectory 99999.
2024-11-29 23:04:25 - INFO - Processing shard 5 of part 99 in subdirectory 99999.
2024-11-29 23:04:29 - INFO - Processing shard 6 of part 99 in subdirectory 99999.
2024-11-29 23:04:32 - INFO - Processing shard 7 of part 99 in subdirectory 99999.
2024-11-29 23:04:37 - INFO - Processing shard 8 of part 99 in subdirectory 99999.
2024-11-29 23:04:41 - INFO - Finished processing database file: merged_part_99.db

Processing 99999: 100%|██████████| 2/2 [01:01<00:00, 31.03s/it]
Processing 99999: 100%|██████████| 2/2 [01:01<00:00, 30.89s/it]
2024-11-29 23:04:41 - INFO - PMTfication completed.
