nohup: ignoring input
2024-12-10 12:30:23 - INFO - PMTfication starts...
2024-12-10 12:30:23 - INFO - The number of files in the subdirectory: 2
2024-12-10 12:30:23 - INFO - The number of files in the subdirectory: 2
2024-12-10 12:30:23 - INFO - Using up to 1 workers.
2024-12-10 12:30:23 - INFO - PMTfying Snowstorm...
2024-12-10 12:30:23 - INFO - Found 2 database files in subdirectory 99999.
Processing 99999:   0%|          | 0/2 [00:00<?, ?it/s]2024-12-10 12:30:23 - INFO - Processing shard 1 of part 98 in subdirectory 99999.
2024-12-10 12:30:27 - INFO - Processing shard 2 of part 98 in subdirectory 99999.
2024-12-10 12:30:32 - INFO - Processing shard 3 of part 98 in subdirectory 99999.
2024-12-10 12:30:37 - INFO - Processing shard 4 of part 98 in subdirectory 99999.
2024-12-10 12:30:41 - INFO - Processing shard 5 of part 98 in subdirectory 99999.
2024-12-10 12:30:46 - INFO - Processing shard 6 of part 98 in subdirectory 99999.
2024-12-10 12:30:52 - INFO - Processing shard 7 of part 98 in subdirectory 99999.
2024-12-10 12:30:56 - INFO - Processing shard 8 of part 98 in subdirectory 99999.
2024-12-10 12:30:58 - INFO - Finished processing database file: merged_part_98.db
Processing 99999:  50%|█████     | 1/2 [00:34<00:34, 34.94s/it]2024-12-10 12:30:58 - INFO - Processing shard 1 of part 99 in subdirectory 99999.
2024-12-10 12:31:04 - INFO - Processing shard 2 of part 99 in subdirectory 99999.
2024-12-10 12:31:07 - INFO - Processing shard 3 of part 99 in subdirectory 99999.
2024-12-10 12:31:13 - INFO - Processing shard 4 of part 99 in subdirectory 99999.
2024-12-10 12:31:17 - INFO - Processing shard 5 of part 99 in subdirectory 99999.
2024-12-10 12:31:22 - INFO - Processing shard 6 of part 99 in subdirectory 99999.
2024-12-10 12:31:26 - INFO - Processing shard 7 of part 99 in subdirectory 99999.
2024-12-10 12:31:31 - INFO - Processing shard 8 of part 99 in subdirectory 99999.
2024-12-10 12:31:35 - INFO - Finished processing database file: merged_part_99.db
Processing 99999: 100%|██████████| 2/2 [01:11<00:00, 35.92s/it]Processing 99999: 100%|██████████| 2/2 [01:11<00:00, 35.77s/it]
2024-12-10 12:31:35 - INFO - PMTfication for Snowstorm completed.
2024-12-10 12:31:35 - INFO - PMTfying Corsika...
2024-12-10 12:31:35 - INFO - PMTfication for Corsika completed.
2024-12-10 12:31:35 - INFO - PMTfication completed.
