nohup: ignoring input
2024-11-29 22:55:14 - INFO - PMTfication starts...
2024-11-29 22:55:14 - INFO - The number of files in the subdirectory: 2
2024-11-29 22:55:14 - INFO - Using up to 1 workers.
2024-11-29 22:55:14 - INFO - Found 2 database files in subdirectory 99999.
Processing 99999:   0%|          | 0/2 [00:00<?, ?it/s]2024-11-29 22:55:14 - INFO - Processing shard 1 of part 98 in subdirectory 99999.
2024-11-29 22:55:17 - INFO - Processing shard 2 of part 98 in subdirectory 99999.
2024-11-29 22:55:21 - INFO - Processing shard 3 of part 98 in subdirectory 99999.
2024-11-29 22:55:27 - INFO - Processing shard 4 of part 98 in subdirectory 99999.
2024-11-29 22:55:30 - INFO - Processing shard 5 of part 98 in subdirectory 99999.
2024-11-29 22:55:36 - INFO - Processing shard 6 of part 98 in subdirectory 99999.
2024-11-29 22:55:41 - INFO - Processing shard 7 of part 98 in subdirectory 99999.
2024-11-29 22:55:45 - INFO - Processing shard 8 of part 98 in subdirectory 99999.
2024-11-29 22:55:47 - INFO - Finished processing database file: merged_part_98.db
Processing 99999:  50%|█████     | 1/2 [00:33<00:33, 33.06s/it]2024-11-29 22:55:47 - INFO - Processing shard 1 of part 99 in subdirectory 99999.
2024-11-29 22:55:52 - INFO - Processing shard 2 of part 99 in subdirectory 99999.
2024-11-29 22:55:55 - INFO - Processing shard 3 of part 99 in subdirectory 99999.
2024-11-29 22:56:01 - INFO - Processing shard 4 of part 99 in subdirectory 99999.
2024-11-29 22:56:04 - INFO - Processing shard 5 of part 99 in subdirectory 99999.
2024-11-29 22:56:09 - INFO - Processing shard 6 of part 99 in subdirectory 99999.
2024-11-29 22:56:13 - INFO - Processing shard 7 of part 99 in subdirectory 99999.
2024-11-29 22:56:18 - INFO - Processing shard 8 of part 99 in subdirectory 99999.
2024-11-29 22:56:22 - INFO - Finished processing database file: merged_part_99.db
Processing 99999: 100%|██████████| 2/2 [01:07<00:00, 34.07s/it]Processing 99999: 100%|██████████| 2/2 [01:07<00:00, 33.92s/it]
Truth List Type: <class 'list'>
Receipt List Type: <class 'list'>
Truth Array: [1419, 1420, 1421, 1422, 1423, 1424, 1425, 1426, 1427, 1428]
Receipt Array: [1419, 1420, 1421, 1422, 1423, 1424, 1425, 1426, 1427, 1428]
Truth List Type: <class 'list'>
Receipt List Type: <class 'list'>
Truth Array: [1429, 1430, 1431, 1432, 1433, 1434, 1435, 1436, 1437, 1438]
Receipt Array: [1429, 1430, 1431, 1432, 1433, 1434, 1435, 1436, 1437, 1438]
Truth List Type: <class 'list'>
Receipt List Type: <class 'list'>
Truth Array: [1439, 1440, 1441, 1442, 1443, 1444, 1445, 1446, 1447, 1448]
Receipt Array: [1439, 1440, 1441, 1442, 1443, 1444, 1445, 1446, 1447, 1448]
Truth List Type: <class 'list'>
Receipt List Type: <class 'list'>
Truth Array: [1449, 1450, 1451, 1452, 1453, 1454, 1455, 1456, 1457, 1458]
Receipt Array: [1449, 1450, 1451, 1452, 1453, 1454, 1455, 1456, 1457, 1458]
Truth List Type: <class 'list'>
Receipt List Type: <class 'list'>
Truth Array: [1459, 1460, 1461, 1462, 1463, 1464, 1465, 1466, 1467, 1468]
Receipt Array: [1459, 1460, 1461, 1462, 1463, 1464, 1465, 1466, 1467, 1468]
Truth List Type: <class 'list'>
Receipt List Type: <class 'list'>
Truth Array: [1469, 1470, 1471, 1472, 1473, 1474, 1475, 1476, 1477, 1478]
Receipt Array: [1469, 1470, 1471, 1472, 1473, 1474, 1475, 1476, 1477, 1478]
Truth List Type: <class 'list'>
Receipt List Type: <class 'list'>
Truth Array: [1479, 1480, 1481, 1482, 1483, 1484, 1485, 1486, 1487, 1488]
Receipt Array: [1479, 1480, 1481, 1482, 1483, 1484, 1485, 1486, 1487, 1488]
Truth List Type: <class 'list'>
Receipt List Type: <class 'list'>
Truth Array: [1489, 1490, 1491, 1492]
Receipt Array: [1489, 1490, 1491, 1492]
Truth List Type: <class 'list'>
Receipt List Type: <class 'list'>
Truth Array: [366, 367, 368, 369, 370, 371, 372, 373, 374, 375]
Receipt Array: [366, 367, 368, 369, 370, 371, 372, 373, 374, 375]
Truth List Type: <class 'list'>
Receipt List Type: <class 'list'>
Truth Array: [376, 377, 378, 379, 380, 381, 382, 383, 384, 385]
Receipt Array: [376, 377, 378, 379, 380, 381, 382, 383, 384, 385]
Truth List Type: <class 'list'>
Receipt List Type: <class 'list'>
Truth Array: [386, 387, 388, 389, 390, 391, 392, 393, 394, 395]
Receipt Array: [386, 387, 388, 389, 390, 391, 392, 393, 394, 395]
Truth List Type: <class 'list'>
Receipt List Type: <class 'list'>
Truth Array: [396, 397, 398, 399, 400, 401, 402, 403, 404, 405]
Receipt Array: [396, 397, 398, 399, 400, 401, 402, 403, 404, 405]
Truth List Type: <class 'list'>
Receipt List Type: <class 'list'>
Truth Array: [406, 407, 408, 409, 410, 411, 412, 413, 414, 415]
Receipt Array: [406, 407, 408, 409, 410, 411, 412, 413, 414, 415]
Truth List Type: <class 'list'>
Receipt List Type: <class 'list'>
Truth Array: [416, 417, 418, 419, 420, 421, 422, 423, 424, 425]
Receipt Array: [416, 417, 418, 419, 420, 421, 422, 423, 424, 425]
Truth List Type: <class 'list'>
Receipt List Type: <class 'list'>
Truth Array: [426, 427, 428, 429, 430, 431, 432, 433, 434, 435]
Receipt Array: [426, 427, 428, 429, 430, 431, 432, 433, 434, 435]
Truth List Type: <class 'list'>
Receipt List Type: <class 'list'>
Truth Array: [436, 437, 438, 439, 440, 441, 442]
Receipt Array: [436, 437, 438, 439, 440, 441, 442]
2024-11-29 22:56:22 - INFO - PMTfication completed.
