nohup: ignoring input
2024-11-18 13:36:19 - INFO - PMTfication starts...
2024-11-18 13:36:19 - INFO - The number of files in the subdirectory: 2
2024-11-18 13:36:19 - INFO - Found 2 database files in subdirectory 99999.
2024-11-18 13:36:19 - INFO - Processing database file: merged_part_98.db
2024-11-18 13:36:19 - INFO - Processing database file: merged_part_99.db
Processing 99999:   0%|          | 0/2 [00:00<?, ?it/s]/lustre/hpc/icecube/cyan/factory/DOMification/PMT_truth_maker.py:16: FutureWarning: promote has been superseded by promote_options='default'.
  return self._get_truth_pa_shard(part_no, shard_no, subdirectory_no)
/lustre/hpc/icecube/cyan/factory/DOMification/PMT_truth_maker.py:16: FutureWarning: promote has been superseded by promote_options='default'.
  return self._get_truth_pa_shard(part_no, shard_no, subdirectory_no)
/lustre/hpc/icecube/cyan/factory/DOMification/PMT_truth_maker.py:16: FutureWarning: promote has been superseded by promote_options='default'.
  return self._get_truth_pa_shard(part_no, shard_no, subdirectory_no)
/lustre/hpc/icecube/cyan/factory/DOMification/PMT_truth_maker.py:16: FutureWarning: promote has been superseded by promote_options='default'.
  return self._get_truth_pa_shard(part_no, shard_no, subdirectory_no)
/lustre/hpc/icecube/cyan/factory/DOMification/PMT_truth_maker.py:16: FutureWarning: promote has been superseded by promote_options='default'.
  return self._get_truth_pa_shard(part_no, shard_no, subdirectory_no)
/lustre/hpc/icecube/cyan/factory/DOMification/PMT_truth_maker.py:16: FutureWarning: promote has been superseded by promote_options='default'.
  return self._get_truth_pa_shard(part_no, shard_no, subdirectory_no)
/lustre/hpc/icecube/cyan/factory/DOMification/PMT_truth_maker.py:16: FutureWarning: promote has been superseded by promote_options='default'.
  return self._get_truth_pa_shard(part_no, shard_no, subdirectory_no)
/lustre/hpc/icecube/cyan/factory/DOMification/PMT_truth_maker.py:16: FutureWarning: promote has been superseded by promote_options='default'.
  return self._get_truth_pa_shard(part_no, shard_no, subdirectory_no)
/lustre/hpc/icecube/cyan/factory/DOMification/PMT_truth_maker.py:16: FutureWarning: promote has been superseded by promote_options='default'.
  return self._get_truth_pa_shard(part_no, shard_no, subdirectory_no)
/lustre/hpc/icecube/cyan/factory/DOMification/PMT_truth_maker.py:16: FutureWarning: promote has been superseded by promote_options='default'.
  return self._get_truth_pa_shard(part_no, shard_no, subdirectory_no)
/lustre/hpc/icecube/cyan/factory/DOMification/PMT_truth_maker.py:16: FutureWarning: promote has been superseded by promote_options='default'.
  return self._get_truth_pa_shard(part_no, shard_no, subdirectory_no)
/lustre/hpc/icecube/cyan/factory/DOMification/PMT_truth_maker.py:16: FutureWarning: promote has been superseded by promote_options='default'.
  return self._get_truth_pa_shard(part_no, shard_no, subdirectory_no)
/lustre/hpc/icecube/cyan/factory/DOMification/PMT_truth_maker.py:16: FutureWarning: promote has been superseded by promote_options='default'.
  return self._get_truth_pa_shard(part_no, shard_no, subdirectory_no)
/lustre/hpc/icecube/cyan/factory/DOMification/PMT_truth_maker.py:16: FutureWarning: promote has been superseded by promote_options='default'.
  return self._get_truth_pa_shard(part_no, shard_no, subdirectory_no)
2024-11-18 13:36:41 - INFO - Finished processing for database file: merged_part_98.db
Processing 99999:  50%|█████     | 1/2 [00:21<00:21, 21.78s/it]/lustre/hpc/icecube/cyan/factory/DOMification/PMT_truth_maker.py:16: FutureWarning: promote has been superseded by promote_options='default'.
  return self._get_truth_pa_shard(part_no, shard_no, subdirectory_no)
2024-11-18 13:36:43 - INFO - Finished processing for database file: merged_part_99.db
Processing 99999: 100%|██████████| 2/2 [00:23<00:00, 10.14s/it]Processing 99999: 100%|██████████| 2/2 [00:23<00:00, 11.89s/it]
2024-11-18 13:36:43 - INFO - PMTfication completed.
