nohup: ignoring input
2024-11-25 14:30:57 - INFO - PMTfication starts...
2024-11-25 14:30:57 - INFO - The number of files in the subdirectory: 2
2024-11-25 14:30:57 - INFO - Using up to 1 workers.
2024-11-25 14:30:57 - INFO - Found 2 database files in subdirectory 99999.
Processing 99999:   0%|          | 0/2 [00:00<?, ?it/s]2024-11-25 14:30:58 - INFO - Processing shard 1 of part 98 in subdirectory 99999.
2024-11-25 14:31:01 - INFO - Processing shard 2 of part 98 in subdirectory 99999.
2024-11-25 14:31:06 - INFO - Processing shard 3 of part 98 in subdirectory 99999.
2024-11-25 14:31:10 - INFO - Processing shard 4 of part 98 in subdirectory 99999.
2024-11-25 14:31:13 - INFO - Processing shard 5 of part 98 in subdirectory 99999.
2024-11-25 14:31:18 - INFO - Processing shard 6 of part 98 in subdirectory 99999.
2024-11-25 14:31:23 - INFO - Processing shard 7 of part 98 in subdirectory 99999.
2024-11-25 14:31:27 - INFO - Processing shard 8 of part 98 in subdirectory 99999.
2024-11-25 14:31:29 - INFO - Finished processing database file: merged_part_98.db
Processing 99999:  50%|█████     | 1/2 [00:31<00:31, 31.11s/it]2024-11-25 14:31:29 - INFO - Processing shard 1 of part 99 in subdirectory 99999.
2024-11-25 14:31:37 - INFO - Processing shard 2 of part 99 in subdirectory 99999.
2024-11-25 14:31:40 - INFO - Processing shard 3 of part 99 in subdirectory 99999.
2024-11-25 14:31:45 - INFO - Processing shard 4 of part 99 in subdirectory 99999.
2024-11-25 14:31:48 - INFO - Processing shard 5 of part 99 in subdirectory 99999.
2024-11-25 14:31:52 - INFO - Processing shard 6 of part 99 in subdirectory 99999.
2024-11-25 14:31:56 - INFO - Processing shard 7 of part 99 in subdirectory 99999.
2024-11-25 14:32:00 - INFO - Processing shard 8 of part 99 in subdirectory 99999.
2024-11-25 14:32:04 - INFO - Finished processing database file: merged_part_99.db
Processing 99999: 100%|██████████| 2/2 [01:06<00:00, 33.49s/it]Processing 99999: 100%|██████████| 2/2 [01:06<00:00, 33.14s/it]
2024-11-25 14:32:04 - INFO - PMTfication completed.
