nohup: ignoring input
2024-11-19 13:17:57 - INFO - PMTfication starts...
2024-11-19 13:17:57 - INFO - The number of files in the subdirectory: 2
2024-11-19 13:17:57 - INFO - Using up to 15 workers.
2024-11-19 13:17:57 - INFO - Found 2 database files in subdirectory 99999.
2024-11-19 13:17:57 - INFO - Using 2 workers for parallel processing.
Processing 99999:   0%|          | 0/2 [00:00<?, ?it/s]2024-11-19 13:18:14 - INFO - Finished processing database file: merged_part_98.db
Processing 99999:  50%|█████     | 1/2 [00:17<00:17, 17.65s/it]2024-11-19 13:18:15 - INFO - Finished processing database file: merged_part_99.db
Processing 99999: 100%|██████████| 2/2 [00:18<00:00,  7.99s/it]Processing 99999: 100%|██████████| 2/2 [00:18<00:00,  9.44s/it]
strSnowstromOrCorsika: Snowstorm
strSnowstromOrCorsika: Snowstorm
strSnowstromOrCorsika: Snowstorm
strSnowstromOrCorsika: Snowstorm
strSnowstromOrCorsika: Snowstorm
strSnowstromOrCorsika: Snowstorm
strSnowstromOrCorsika: Snowstorm
strSnowstromOrCorsika: Snowstorm
strSnowstromOrCorsika: Snowstorm
strSnowstromOrCorsika: Snowstorm
strSnowstromOrCorsika: Snowstorm
strSnowstromOrCorsika: Snowstorm
strSnowstromOrCorsika: Snowstorm
strSnowstromOrCorsika: Snowstorm
strSnowstromOrCorsika: Snowstorm
strSnowstromOrCorsika: Snowstorm
2024-11-19 13:18:15 - INFO - PMTfication completed.
