nohup: ignoring input
2024-11-22 20:44:28 - INFO - PMTfication starts...
2024-11-22 20:44:28 - INFO - The number of files in the subdirectory: 2
2024-11-22 20:44:28 - INFO - Using up to 1 workers.
2024-11-22 20:44:28 - INFO - Found 2 database files in subdirectory 99999.
Processing 99999:   0%|          | 0/2 [00:00<?, ?it/s]2024-11-22 20:44:41 - INFO - Finished processing database file: merged_part_98.db
Processing 99999:  50%|█████     | 1/2 [00:13<00:13, 13.21s/it]2024-11-22 20:44:55 - INFO - Finished processing database file: merged_part_99.db
Processing 99999: 100%|██████████| 2/2 [00:27<00:00, 13.74s/it]Processing 99999: 100%|██████████| 2/2 [00:27<00:00, 13.66s/it]
 event_no: 1419, avg_dom_position: [282.97124289 268.78937088 323.87996979]
 event_no: 1420, avg_dom_position: [461.44541177 -90.54738125 360.80390723]
 event_no: 1421, avg_dom_position: [ 467.07268477 -135.1684648   -10.62120054]
 event_no: 1422, avg_dom_position: [552.40294038 101.75641935 463.28544717]
 event_no: 1423, avg_dom_position: [ 79.98491525 172.68660413 292.28468423]
 event_no: 1424, avg_dom_position: [-258.10118048 -485.79735726  138.73340517]
 event_no: 1425, avg_dom_position: [-391.27152998 -305.31587614 -476.33506094]
 event_no: 1426, avg_dom_position: [  17.13692915 -467.25314547 -295.72151751]
 event_no: 1427, avg_dom_position: [ 419.07630985 -107.77350061 -456.81499001]
 event_no: 1428, avg_dom_position: [  59.33850092 -113.25717654 -230.98345891]
 event_no: 1429, avg_dom_position: [ 218.22287305  261.06796692 -259.45074013]
 event_no: 1430, avg_dom_position: [-547.75973781 -124.08668023 -156.41562913]
 event_no: 1431, avg_dom_position: [-469.58551069 -241.27955476 -342.43858939]
 event_no: 1432, avg_dom_position: [-353.66882507  143.57954084  446.69631496]
 event_no: 1433, avg_dom_position: [ 454.77651855   58.9377101  -289.3787552 ]
 event_no: 1434, avg_dom_position: [557.83749151 176.36656565 249.89397165]
 event_no: 1435, avg_dom_position: [-319.68156261  189.41727644  185.4064443 ]
 event_no: 1436, avg_dom_position: [ 13.69322927 -39.99578353 251.94537592]
 event_no: 1437, avg_dom_position: [ 312.96405005 -229.52878159   18.74530304]
 event_no: 1438, avg_dom_position: [ 529.12530999   98.11889843 -456.10904006]
 event_no: 1439, avg_dom_position: [ -63.76154858 -237.02013256   12.31018827]
 event_no: 1440, avg_dom_position: [466.5993889  300.29055142 118.15979883]
 event_no: 1441, avg_dom_position: [ 537.95209013  139.71094492 -344.64505709]
 event_no: 1442, avg_dom_position: [  74.13678537  108.80382979 -419.10235618]
 event_no: 1443, avg_dom_position: [ 215.29797247 -377.18027685  145.65711608]
 event_no: 1444, avg_dom_position: [-485.53029554   50.73983831 -345.92642591]
 event_no: 1445, avg_dom_position: [-297.841414    409.42171561 -385.64910827]
 event_no: 1446, avg_dom_position: [ -53.25503425  208.60922027 -243.48917845]
 event_no: 1447, avg_dom_position: [ 348.9242208   407.067664   -433.39187687]
 event_no: 1448, avg_dom_position: [-206.29594787 -331.39487905 -218.76720467]
 event_no: 1449, avg_dom_position: [-135.80180854  212.40660264  123.9095395 ]
 event_no: 1450, avg_dom_position: [-415.0352971  -314.30311083 -185.21086338]
 event_no: 1451, avg_dom_position: [  21.04650834 -156.53758845 -225.18897452]
 event_no: 1452, avg_dom_position: [ 540.05399223  176.80528399 -408.86564486]
 event_no: 1453, avg_dom_position: [ 212.4481607  -440.95909985  165.68963831]
 event_no: 1454, avg_dom_position: [-462.09411181  -37.23497012  320.05268369]
 event_no: 1455, avg_dom_position: [ -36.49306209 -368.94163642  321.60794701]
 event_no: 1456, avg_dom_position: [ 198.40443846  390.96774787 -453.42857497]
 event_no: 1457, avg_dom_position: [185.1778     243.23874324  -9.07405211]
 event_no: 1458, avg_dom_position: [-419.77980348    7.37006601 -471.95380144]
 event_no: 1459, avg_dom_position: [ 304.60283492 -150.30192631 -131.50252221]
 event_no: 1460, avg_dom_position: [  74.65788773  385.60074529 -123.50244061]
 event_no: 1461, avg_dom_position: [ 256.19597779 -214.43837841  -40.23149516]
 event_no: 1462, avg_dom_position: [ 286.32658294 -105.48454571 -203.76176253]
 event_no: 1463, avg_dom_position: [-80.06635595 -52.21749033 445.84233002]
 event_no: 1464, avg_dom_position: [-63.44038599 198.06506859  82.89823976]
 event_no: 1465, avg_dom_position: [ 449.65636393 -140.39774386 -436.09004126]
 event_no: 1466, avg_dom_position: [-305.58686287 -443.53103127 -169.72300319]
 event_no: 1467, avg_dom_position: [  70.22816318  -60.94602999 -293.60308307]
 event_no: 1468, avg_dom_position: [ 332.99701972 -148.71253837 -199.72594342]
 event_no: 1469, avg_dom_position: [ 231.43302402  -72.70736059 -327.08110251]
 event_no: 1470, avg_dom_position: [-463.66668931 -240.78193367 -388.79964419]
 event_no: 1471, avg_dom_position: [-332.82038044 -234.35895496   15.86620932]
 event_no: 1472, avg_dom_position: [-289.94014677  422.31419815 -255.38634903]
 event_no: 1473, avg_dom_position: [ 293.52202833 -334.10371128 -271.48845306]
 event_no: 1474, avg_dom_position: [ 368.59366289 -389.55730896 -218.95476002]
 event_no: 1475, avg_dom_position: [ 181.54529699  391.58442565 -318.46981459]
 event_no: 1476, avg_dom_position: [  79.54803907  138.12945416 -252.91462526]
 event_no: 1477, avg_dom_position: [ 79.67995629  38.65296049 154.46539482]
 event_no: 1478, avg_dom_position: [ 361.11772904 -370.33148843  258.08014419]
 event_no: 1479, avg_dom_position: [  69.6860408  -300.69807806  361.85658326]
 event_no: 1480, avg_dom_position: [-256.17799061   86.00883649 -459.46398853]
 event_no: 1481, avg_dom_position: [ 272.50626983  435.26882486 -429.70994026]
 event_no: 1482, avg_dom_position: [72.93516627 46.68249939 14.29741981]
 event_no: 1483, avg_dom_position: [-13.5875385  270.27740422 -27.27392317]
 event_no: 1484, avg_dom_position: [ 435.04159645 -219.21285284  350.77653311]
 event_no: 1485, avg_dom_position: [-477.87088218   58.33997904 -363.28232187]
 event_no: 1486, avg_dom_position: [  16.5778958  -195.46615152  -34.31808905]
 event_no: 1487, avg_dom_position: [ 423.90920786 -104.6612495  -453.88991917]
 event_no: 1488, avg_dom_position: [-378.50924224  191.76417725 -468.4279223 ]
 event_no: 1489, avg_dom_position: [-459.06948479 -250.38303233  280.99238994]
 event_no: 1490, avg_dom_position: [534.37480455 217.67631409 370.46886965]
 event_no: 1491, avg_dom_position: [-414.98556412 -179.64571362 -454.66824731]
 event_no: 1492, avg_dom_position: [450.86329816 205.71790356 435.40092293]
 event_no: 366, avg_dom_position: [-212.67922523   21.86305483 -135.58725802]
 event_no: 367, avg_dom_position: [ -22.78901415 -194.74146054   40.36610331]
 event_no: 368, avg_dom_position: [ 377.90601785 -329.32765993 -433.04460728]
 event_no: 369, avg_dom_position: [ 358.64475747 -407.6698299   102.29481828]
 event_no: 370, avg_dom_position: [ 157.72858514 -125.57729428 -104.82132576]
 event_no: 371, avg_dom_position: [-508.26673519 -129.5293172  -475.11525739]
 event_no: 372, avg_dom_position: [ 197.63907108 -413.70634123 -151.19033072]
 event_no: 373, avg_dom_position: [-259.2980698  -411.09031991  402.91759476]
 event_no: 374, avg_dom_position: [  -5.86606266 -465.41466186 -343.74590114]
 event_no: 375, avg_dom_position: [ 95.57070519 -96.89815551 303.51885552]
 event_no: 376, avg_dom_position: [568.39000027 142.50082449 441.33482321]
 event_no: 377, avg_dom_position: [-146.16029577  219.69795217 -336.87683034]
 event_no: 378, avg_dom_position: [100.09760987 356.3078644   69.73179614]
 event_no: 379, avg_dom_position: [202.282963   -28.78321288 261.00865355]
 event_no: 380, avg_dom_position: [-331.0387687  -224.89450186  422.72153035]
 event_no: 381, avg_dom_position: [-421.18608097  184.19619377 -354.86149994]
 event_no: 382, avg_dom_position: [ -71.04162109 -475.20221277 -237.4016704 ]
 event_no: 383, avg_dom_position: [-522.93087253 -125.10882996  472.98254256]
 event_no: 384, avg_dom_position: [ 246.1829068  -441.07229359  -69.40949626]
 event_no: 385, avg_dom_position: [ 247.17880636  450.12235778 -315.28172632]
 event_no: 386, avg_dom_position: [-426.98917856 -280.00259926 -474.41782512]
 event_no: 387, avg_dom_position: [ 346.69023325  346.26519409 -445.79670822]
 event_no: 388, avg_dom_position: [  18.11943541 -283.55056364  -61.6585212 ]
 event_no: 389, avg_dom_position: [ -79.84843902 -261.32983129 -217.60679423]
 event_no: 390, avg_dom_position: [-367.52820202 -312.65320308 -427.76177677]
 event_no: 391, avg_dom_position: [337.16440626 125.46378398 -47.15436679]
 event_no: 392, avg_dom_position: [  39.90758152    6.23350531 -357.22914441]
 event_no: 393, avg_dom_position: [-386.11897698  313.29466364  -85.85798854]
 event_no: 394, avg_dom_position: [-396.80948403  284.41944428 -410.8577088 ]
 event_no: 395, avg_dom_position: [ 253.98575318  301.40539188 -413.89201835]
 event_no: 396, avg_dom_position: [ -87.26507521 -277.59199838 -327.6542557 ]
 event_no: 397, avg_dom_position: [-438.46926601 -236.67446214 -462.7360741 ]
 event_no: 398, avg_dom_position: [-20.38048838 418.78601509 225.02884377]
 event_no: 399, avg_dom_position: [-107.32815314  469.22675071 -311.02723683]
 event_no: 400, avg_dom_position: [ 277.8773231  -247.51094817  -39.14624706]
 event_no: 401, avg_dom_position: [-497.02599519 -132.45206828  285.59666838]
 event_no: 402, avg_dom_position: [-194.49750181 -391.26025717 -472.51369454]
 event_no: 403, avg_dom_position: [  70.5818236  -102.61878078  294.1132662 ]
 event_no: 404, avg_dom_position: [ 555.78491554  161.6685623  -312.22163258]
 event_no: 405, avg_dom_position: [-367.27683111 -363.8614421  -442.37742728]
 event_no: 406, avg_dom_position: [  -8.54089195  175.65089263 -376.01285234]
 event_no: 407, avg_dom_position: [ 259.49514042 -371.7727688  -470.43728536]
 event_no: 408, avg_dom_position: [182.21114511 179.21269557 338.39115476]
 event_no: 409, avg_dom_position: [ 324.03521318 -215.30700897  481.72107334]
 event_no: 410, avg_dom_position: [-295.97179349 -399.20427196 -466.80959333]
 event_no: 411, avg_dom_position: [ 269.46253017  388.32678485 -338.90292745]
 event_no: 412, avg_dom_position: [-302.14946637 -342.92323723  396.83334794]
 event_no: 413, avg_dom_position: [-276.42411318 -453.82990303    5.60377419]
 event_no: 414, avg_dom_position: [ -50.21888128 -293.4167395  -276.3618783 ]
 event_no: 415, avg_dom_position: [111.94807612  22.30712785 168.21941759]
 event_no: 416, avg_dom_position: [-545.86037579 -125.76329287   23.21340631]
 event_no: 417, avg_dom_position: [433.33441597 343.53636034 368.41471732]
 event_no: 418, avg_dom_position: [-473.02191953   88.41457529 -384.54154601]
 event_no: 419, avg_dom_position: [ -69.13414506  -93.45049108 -395.81625227]
 event_no: 420, avg_dom_position: [-566.78391369 -128.10007396  458.3585159 ]
 event_no: 421, avg_dom_position: [102.74538158  31.71556807 352.49538526]
 event_no: 422, avg_dom_position: [299.10010828 369.11455444 433.83653632]
 event_no: 423, avg_dom_position: [-511.80898883  -26.79099833  480.17681976]
 event_no: 424, avg_dom_position: [-478.78789535 -117.80304673  -58.74717585]
 event_no: 425, avg_dom_position: [ 181.58904781 -149.690592    270.70716785]
 event_no: 426, avg_dom_position: [ 322.98528722  370.07121505 -387.53190052]
 event_no: 427, avg_dom_position: [-314.96261954  438.49928531   60.74085198]
 event_no: 428, avg_dom_position: [-96.04953586 372.14272847 488.92988705]
 event_no: 429, avg_dom_position: [-225.88415667   96.99463752   26.40041467]
 event_no: 430, avg_dom_position: [ 345.70717768 -401.32709872 -318.5325483 ]
 event_no: 431, avg_dom_position: [ -46.91883312 -307.70412112  171.77457024]
 event_no: 432, avg_dom_position: [ -13.95451015  -25.16838372 -461.55369785]
 event_no: 433, avg_dom_position: [-393.07813493  108.48862037 -463.93180106]
 event_no: 434, avg_dom_position: [ 15.84246593 209.9660785  -76.14650178]
 event_no: 435, avg_dom_position: [-417.19049998 -206.39065785 -470.24779862]
 event_no: 436, avg_dom_position: [  64.86387697 -277.8883734  -337.89435283]
 event_no: 437, avg_dom_position: [488.16093002 142.91734384 152.97864932]
 event_no: 438, avg_dom_position: [-453.64000984 -176.73267406 -467.86956755]
 event_no: 439, avg_dom_position: [-305.54254848 -211.54486589   20.50977479]
 event_no: 440, avg_dom_position: [-240.22751037 -143.44736365 -147.95379883]
 event_no: 441, avg_dom_position: [-247.58336499 -516.26715771  102.64796609]
 event_no: 442, avg_dom_position: [ -35.72978062  225.53890893 -402.99387347]
2024-11-22 20:44:55 - INFO - PMTfication completed.
