nohup: ignoring input
2024-12-10 17:24:31 - INFO - PMTfication starts...
2024-12-10 17:24:31 - INFO - The number of files in the subdirectory: 2
2024-12-10 17:24:31 - INFO - The number of files in the subdirectory: 2
2024-12-10 17:24:31 - INFO - Using up to 1 workers.
2024-12-10 17:24:31 - INFO - PMTfying Snowstorm...
2024-12-10 17:24:31 - INFO - Found 2 database files in subdirectory 99999.
Processing 99999:   0%|          | 0/2 [00:00<?, ?it/s]2024-12-10 17:24:31 - INFO - Processing shard 1 of part 98 in subdirectory 99999.
2024-12-10 17:24:34 - INFO - Processing shard 2 of part 98 in subdirectory 99999.
2024-12-10 17:24:38 - INFO - Processing shard 3 of part 98 in subdirectory 99999.
2024-12-10 17:24:43 - INFO - Processing shard 4 of part 98 in subdirectory 99999.
2024-12-10 17:24:47 - INFO - Processing shard 5 of part 98 in subdirectory 99999.
2024-12-10 17:24:51 - INFO - Processing shard 6 of part 98 in subdirectory 99999.
2024-12-10 17:24:57 - INFO - Processing shard 7 of part 98 in subdirectory 99999.
2024-12-10 17:25:00 - INFO - Processing shard 8 of part 98 in subdirectory 99999.
2024-12-10 17:25:02 - INFO - Finished processing database file: merged_part_98.db
Processing 99999:  50%|█████     | 1/2 [00:30<00:30, 30.78s/it]2024-12-10 17:25:02 - INFO - Processing shard 1 of part 99 in subdirectory 99999.
2024-12-10 17:25:07 - INFO - Processing shard 2 of part 99 in subdirectory 99999.
2024-12-10 17:25:10 - INFO - Processing shard 3 of part 99 in subdirectory 99999.
2024-12-10 17:25:15 - INFO - Processing shard 4 of part 99 in subdirectory 99999.
2024-12-10 17:25:18 - INFO - Processing shard 5 of part 99 in subdirectory 99999.
2024-12-10 17:25:22 - INFO - Processing shard 6 of part 99 in subdirectory 99999.
2024-12-10 17:25:26 - INFO - Processing shard 7 of part 99 in subdirectory 99999.
2024-12-10 17:25:31 - INFO - Processing shard 8 of part 99 in subdirectory 99999.
2024-12-10 17:25:34 - INFO - Finished processing database file: merged_part_99.db
Processing 99999: 100%|██████████| 2/2 [01:02<00:00, 31.55s/it]Processing 99999: 100%|██████████| 2/2 [01:02<00:00, 31.43s/it]
2024-12-10 17:25:34 - INFO - PMTfication for Snowstorm completed.
2024-12-10 17:25:34 - INFO - PMTfying Corsika...
2024-12-10 17:25:34 - INFO - Found 2 database files in subdirectory 9999999-9999999.
Processing 9999999-9999999:   0%|          | 0/2 [00:00<?, ?it/s]2024-12-10 17:25:34 - INFO - Processing shard 1 of part 96 in subdirectory 9999999-9999999.
2024-12-10 17:25:58 - INFO - Processing shard 2 of part 96 in subdirectory 9999999-9999999.
2024-12-10 17:26:01 - INFO - Processing shard 3 of part 96 in subdirectory 9999999-9999999.
2024-12-10 17:26:04 - INFO - Processing shard 4 of part 96 in subdirectory 9999999-9999999.
2024-12-10 17:26:08 - INFO - Processing shard 5 of part 96 in subdirectory 9999999-9999999.
2024-12-10 17:26:11 - INFO - Processing shard 6 of part 96 in subdirectory 9999999-9999999.
2024-12-10 17:26:12 - INFO - Finished processing database file: merged_part_96.db
Processing 9999999-9999999:  50%|█████     | 1/2 [00:37<00:37, 37.83s/it]2024-12-10 17:26:12 - INFO - Processing shard 1 of part 97 in subdirectory 9999999-9999999.
2024-12-10 17:26:15 - INFO - Processing shard 2 of part 97 in subdirectory 9999999-9999999.
2024-12-10 17:26:17 - INFO - Processing shard 3 of part 97 in subdirectory 9999999-9999999.
2024-12-10 17:26:18 - INFO - Finished processing database file: merged_part_97.db
Processing 9999999-9999999: 100%|██████████| 2/2 [00:43<00:00, 19.03s/it]Processing 9999999-9999999: 100%|██████████| 2/2 [00:43<00:00, 21.85s/it]
2024-12-10 17:26:18 - INFO - PMTfication for Corsika completed.
2024-12-10 17:26:18 - INFO - PMTfication completed.
