nohup: ignoring input
2024-12-11 11:33:50 - INFO - PMTfication starts...
2024-12-11 11:33:50 - INFO - The number of files in the subdirectory: 2
2024-12-11 11:33:50 - INFO - The number of files in the subdirectory: 2
2024-12-11 11:33:50 - INFO - Using up to 1 workers.
2024-12-11 11:33:50 - INFO - PMTfying Snowstorm...
2024-12-11 11:33:50 - INFO - Found 2 database files in subdirectory 99999.
Processing 99999:   0%|          | 0/2 [00:00<?, ?it/s]2024-12-11 11:33:50 - INFO - Processing shard 1 of part 98 in subdirectory 99999.
2024-12-11 11:33:53 - INFO - Processing shard 2 of part 98 in subdirectory 99999.
2024-12-11 11:33:57 - INFO - Processing shard 3 of part 98 in subdirectory 99999.
2024-12-11 11:34:02 - INFO - Processing shard 4 of part 98 in subdirectory 99999.
2024-12-11 11:34:05 - INFO - Processing shard 5 of part 98 in subdirectory 99999.
2024-12-11 11:34:10 - INFO - Processing shard 6 of part 98 in subdirectory 99999.
2024-12-11 11:34:15 - INFO - Processing shard 7 of part 98 in subdirectory 99999.
2024-12-11 11:34:19 - INFO - Processing shard 8 of part 98 in subdirectory 99999.
2024-12-11 11:34:21 - INFO - Finished processing database file: merged_part_98.db
Processing 99999:  50%|█████     | 1/2 [00:30<00:30, 30.39s/it]2024-12-11 11:34:21 - INFO - Processing shard 1 of part 99 in subdirectory 99999.
2024-12-11 11:34:26 - INFO - Processing shard 2 of part 99 in subdirectory 99999.
2024-12-11 11:34:28 - INFO - Processing shard 3 of part 99 in subdirectory 99999.
2024-12-11 11:34:33 - INFO - Processing shard 4 of part 99 in subdirectory 99999.
2024-12-11 11:34:37 - INFO - Processing shard 5 of part 99 in subdirectory 99999.
2024-12-11 11:34:41 - INFO - Processing shard 6 of part 99 in subdirectory 99999.
2024-12-11 11:34:44 - INFO - Processing shard 7 of part 99 in subdirectory 99999.
2024-12-11 11:34:49 - INFO - Processing shard 8 of part 99 in subdirectory 99999.
2024-12-11 11:34:52 - INFO - Finished processing database file: merged_part_99.db
Processing 99999: 100%|██████████| 2/2 [01:02<00:00, 31.15s/it]Processing 99999: 100%|██████████| 2/2 [01:02<00:00, 31.04s/it]
2024-12-11 11:34:52 - INFO - PMTfication for Snowstorm completed.
2024-12-11 11:34:52 - INFO - PMTfying Corsika...
2024-12-11 11:34:52 - INFO - Found 2 database files in subdirectory 9999999-9999999.
Processing 9999999-9999999:   0%|          | 0/2 [00:00<?, ?it/s]2024-12-11 11:34:52 - INFO - Processing shard 1 of part 96 in subdirectory 9999999-9999999.
2024-12-11 11:34:56 - INFO - Processing shard 2 of part 96 in subdirectory 9999999-9999999.
2024-12-11 11:34:58 - INFO - Processing shard 3 of part 96 in subdirectory 9999999-9999999.
2024-12-11 11:35:01 - INFO - Processing shard 4 of part 96 in subdirectory 9999999-9999999.
2024-12-11 11:35:04 - INFO - Processing shard 5 of part 96 in subdirectory 9999999-9999999.
2024-12-11 11:35:07 - INFO - Processing shard 6 of part 96 in subdirectory 9999999-9999999.
2024-12-11 11:35:08 - INFO - Finished processing database file: merged_part_96.db
Processing 9999999-9999999:  50%|█████     | 1/2 [00:15<00:15, 15.61s/it]2024-12-11 11:35:08 - INFO - Processing shard 1 of part 97 in subdirectory 9999999-9999999.
2024-12-11 11:35:11 - INFO - Processing shard 2 of part 97 in subdirectory 9999999-9999999.
2024-12-11 11:35:13 - INFO - Processing shard 3 of part 97 in subdirectory 9999999-9999999.
2024-12-11 11:35:13 - INFO - Finished processing database file: merged_part_97.db
Processing 9999999-9999999: 100%|██████████| 2/2 [00:21<00:00,  9.66s/it]Processing 9999999-9999999: 100%|██████████| 2/2 [00:21<00:00, 10.56s/it]
2024-12-11 11:35:13 - INFO - PMTfication for Corsika completed.
2024-12-11 11:35:13 - INFO - PMTfication completed.
