2024-12-15 18:29:16 - INFO - PMTfication by part starts...
2024-12-15 18:29:16 - INFO - Processing file: merged_part_3.db
2024-12-15 18:29:16 - INFO - Using up to 40 workers.
2024-12-15 18:29:19 - INFO - Processing shard 1 of part 3 in subdirectory 22018.
2024-12-15 18:41:09 - INFO - Processing shard 2 of part 3 in subdirectory 22018.
2024-12-15 18:49:46 - INFO - Processing shard 3 of part 3 in subdirectory 22018.
2024-12-15 18:57:59 - INFO - Processing shard 4 of part 3 in subdirectory 22018.
2024-12-15 19:07:31 - INFO - Processing shard 5 of part 3 in subdirectory 22018.
2024-12-15 19:18:29 - INFO - Processing shard 6 of part 3 in subdirectory 22018.
2024-12-15 19:27:56 - INFO - Processing shard 7 of part 3 in subdirectory 22018.
2024-12-15 19:37:12 - INFO - Processing shard 8 of part 3 in subdirectory 22018.
2024-12-15 19:46:12 - INFO - Processing shard 9 of part 3 in subdirectory 22018.
2024-12-15 19:55:36 - INFO - Processing shard 10 of part 3 in subdirectory 22018.
2024-12-15 20:04:55 - INFO - Processing shard 11 of part 3 in subdirectory 22018.
2024-12-15 20:14:36 - INFO - Processing shard 12 of part 3 in subdirectory 22018.
2024-12-15 20:22:48 - INFO - Processing shard 13 of part 3 in subdirectory 22018.
2024-12-15 20:28:49 - INFO - Processing shard 14 of part 3 in subdirectory 22018.
2024-12-15 20:37:03 - INFO - Processing shard 15 of part 3 in subdirectory 22018.
2024-12-15 20:45:37 - INFO - Processing shard 16 of part 3 in subdirectory 22018.
2024-12-15 20:51:50 - INFO - Processing shard 17 of part 3 in subdirectory 22018.
2024-12-15 20:57:20 - INFO - Processing shard 18 of part 3 in subdirectory 22018.
2024-12-15 20:58:32 - INFO - PMTfication completed.
