2024-12-16 02:00:58 - INFO - PMTfication by part starts...
2024-12-16 02:00:58 - INFO - Processing file: merged_part_15.db
2024-12-16 02:00:58 - INFO - Using up to 40 workers.
2024-12-16 02:01:01 - INFO - Processing shard 1 of part 15 in subdirectory 22018.
2024-12-16 02:12:38 - INFO - Processing shard 2 of part 15 in subdirectory 22018.
2024-12-16 02:22:52 - INFO - Processing shard 3 of part 15 in subdirectory 22018.
2024-12-16 02:29:04 - INFO - Processing shard 4 of part 15 in subdirectory 22018.
2024-12-16 02:34:51 - INFO - Processing shard 5 of part 15 in subdirectory 22018.
2024-12-16 02:43:37 - INFO - Processing shard 6 of part 15 in subdirectory 22018.
2024-12-16 02:49:27 - INFO - Processing shard 7 of part 15 in subdirectory 22018.
2024-12-16 02:55:43 - INFO - Processing shard 8 of part 15 in subdirectory 22018.
2024-12-16 03:01:37 - INFO - Processing shard 9 of part 15 in subdirectory 22018.
2024-12-16 03:07:44 - INFO - Processing shard 10 of part 15 in subdirectory 22018.
2024-12-16 03:13:48 - INFO - Processing shard 11 of part 15 in subdirectory 22018.
2024-12-16 03:21:11 - INFO - Processing shard 12 of part 15 in subdirectory 22018.
2024-12-16 03:26:43 - INFO - Processing shard 13 of part 15 in subdirectory 22018.
2024-12-16 03:32:37 - INFO - Processing shard 14 of part 15 in subdirectory 22018.
2024-12-16 03:38:53 - INFO - Processing shard 15 of part 15 in subdirectory 22018.
2024-12-16 03:44:54 - INFO - Processing shard 16 of part 15 in subdirectory 22018.
2024-12-16 03:52:37 - INFO - Processing shard 17 of part 15 in subdirectory 22018.
2024-12-16 03:58:29 - INFO - PMTfication completed.
