2024-12-16 02:10:13 - INFO - PMTfication by part starts...
2024-12-16 02:10:13 - INFO - Processing file: merged_part_19.db
2024-12-16 02:10:13 - INFO - Using up to 40 workers.
2024-12-16 02:10:16 - INFO - Processing shard 1 of part 19 in subdirectory 22018.
2024-12-16 02:21:50 - INFO - Processing shard 2 of part 19 in subdirectory 22018.
2024-12-16 02:31:20 - INFO - Processing shard 3 of part 19 in subdirectory 22018.
2024-12-16 02:36:54 - INFO - Processing shard 4 of part 19 in subdirectory 22018.
2024-12-16 02:42:30 - INFO - Processing shard 5 of part 19 in subdirectory 22018.
2024-12-16 02:50:32 - INFO - Processing shard 6 of part 19 in subdirectory 22018.
2024-12-16 02:58:50 - INFO - Processing shard 7 of part 19 in subdirectory 22018.
2024-12-16 03:04:21 - INFO - Processing shard 8 of part 19 in subdirectory 22018.
2024-12-16 03:09:59 - INFO - Processing shard 9 of part 19 in subdirectory 22018.
2024-12-16 03:15:57 - INFO - Processing shard 10 of part 19 in subdirectory 22018.
2024-12-16 03:21:24 - INFO - Processing shard 11 of part 19 in subdirectory 22018.
2024-12-16 03:29:08 - INFO - Processing shard 12 of part 19 in subdirectory 22018.
2024-12-16 03:34:51 - INFO - Processing shard 13 of part 19 in subdirectory 22018.
2024-12-16 03:40:45 - INFO - Processing shard 14 of part 19 in subdirectory 22018.
2024-12-16 03:46:18 - INFO - Processing shard 15 of part 19 in subdirectory 22018.
2024-12-16 03:52:01 - INFO - Processing shard 16 of part 19 in subdirectory 22018.
2024-12-16 03:59:58 - INFO - Processing shard 17 of part 19 in subdirectory 22018.
2024-12-16 04:05:32 - INFO - Processing shard 18 of part 19 in subdirectory 22018.
2024-12-16 04:07:11 - INFO - PMTfication completed.
