2024-12-16 02:25:45 - INFO - PMTfication by part starts...
2024-12-16 02:25:45 - INFO - Processing file: merged_part_20.db
2024-12-16 02:25:45 - INFO - Using up to 40 workers.
2024-12-16 02:25:48 - INFO - Processing shard 1 of part 20 in subdirectory 22018.
2024-12-16 02:38:00 - INFO - Processing shard 2 of part 20 in subdirectory 22018.
2024-12-16 02:49:37 - INFO - Processing shard 3 of part 20 in subdirectory 22018.
2024-12-16 02:55:01 - INFO - Processing shard 4 of part 20 in subdirectory 22018.
2024-12-16 03:00:44 - INFO - Processing shard 5 of part 20 in subdirectory 22018.
2024-12-16 03:06:19 - INFO - Processing shard 6 of part 20 in subdirectory 22018.
2024-12-16 03:11:51 - INFO - Processing shard 7 of part 20 in subdirectory 22018.
2024-12-16 03:20:21 - INFO - Processing shard 8 of part 20 in subdirectory 22018.
2024-12-16 03:26:18 - INFO - Processing shard 9 of part 20 in subdirectory 22018.
2024-12-16 03:35:30 - INFO - Processing shard 10 of part 20 in subdirectory 22018.
2024-12-16 03:41:31 - INFO - Processing shard 11 of part 20 in subdirectory 22018.
2024-12-16 03:47:06 - INFO - Processing shard 12 of part 20 in subdirectory 22018.
2024-12-16 03:52:51 - INFO - Processing shard 13 of part 20 in subdirectory 22018.
2024-12-16 03:58:32 - INFO - Processing shard 14 of part 20 in subdirectory 22018.
2024-12-16 04:05:59 - INFO - Processing shard 15 of part 20 in subdirectory 22018.
2024-12-16 04:11:47 - INFO - Processing shard 16 of part 20 in subdirectory 22018.
2024-12-16 04:17:42 - INFO - Processing shard 17 of part 20 in subdirectory 22018.
2024-12-16 04:23:46 - INFO - Processing shard 18 of part 20 in subdirectory 22018.
2024-12-16 04:25:16 - INFO - PMTfication completed.
