2024-12-16 01:44:04 - INFO - PMTfication by part starts...
2024-12-16 01:44:04 - INFO - Processing file: merged_part_14.db
2024-12-16 01:44:04 - INFO - Using up to 40 workers.
2024-12-16 01:44:06 - INFO - Processing shard 1 of part 14 in subdirectory 22018.
2024-12-16 01:55:25 - INFO - Processing shard 2 of part 14 in subdirectory 22018.
2024-12-16 02:06:14 - INFO - Processing shard 3 of part 14 in subdirectory 22018.
2024-12-16 02:11:44 - INFO - Processing shard 4 of part 14 in subdirectory 22018.
2024-12-16 02:17:16 - INFO - Processing shard 5 of part 14 in subdirectory 22018.
2024-12-16 02:22:57 - INFO - Processing shard 6 of part 14 in subdirectory 22018.
2024-12-16 02:28:39 - INFO - Processing shard 7 of part 14 in subdirectory 22018.
2024-12-16 02:34:44 - INFO - Processing shard 8 of part 14 in subdirectory 22018.
2024-12-16 02:40:24 - INFO - Processing shard 9 of part 14 in subdirectory 22018.
2024-12-16 02:50:22 - INFO - Processing shard 10 of part 14 in subdirectory 22018.
2024-12-16 02:55:49 - INFO - Processing shard 11 of part 14 in subdirectory 22018.
2024-12-16 03:02:24 - INFO - Processing shard 12 of part 14 in subdirectory 22018.
2024-12-16 03:09:02 - INFO - Processing shard 13 of part 14 in subdirectory 22018.
2024-12-16 03:14:27 - INFO - Processing shard 14 of part 14 in subdirectory 22018.
2024-12-16 03:19:59 - INFO - Processing shard 15 of part 14 in subdirectory 22018.
2024-12-16 03:25:52 - INFO - Processing shard 16 of part 14 in subdirectory 22018.
2024-12-16 03:31:49 - INFO - Processing shard 17 of part 14 in subdirectory 22018.
2024-12-16 03:37:44 - INFO - Processing shard 18 of part 14 in subdirectory 22018.
2024-12-16 03:39:31 - INFO - PMTfication completed.
