2024-12-16 00:45:55 - INFO - PMTfication by part starts...
2024-12-16 00:45:55 - INFO - Processing file: merged_part_7.db
2024-12-16 00:45:55 - INFO - Using up to 40 workers.
2024-12-16 00:45:58 - INFO - Processing shard 1 of part 7 in subdirectory 22018.
2024-12-16 00:57:25 - INFO - Processing shard 2 of part 7 in subdirectory 22018.
2024-12-16 01:08:34 - INFO - Processing shard 3 of part 7 in subdirectory 22018.
2024-12-16 01:18:59 - INFO - Processing shard 4 of part 7 in subdirectory 22018.
2024-12-16 01:29:34 - INFO - Processing shard 5 of part 7 in subdirectory 22018.
2024-12-16 01:40:49 - INFO - Processing shard 6 of part 7 in subdirectory 22018.
2024-12-16 01:46:17 - INFO - Processing shard 7 of part 7 in subdirectory 22018.
2024-12-16 01:51:40 - INFO - Processing shard 8 of part 7 in subdirectory 22018.
2024-12-16 01:57:09 - INFO - Processing shard 9 of part 7 in subdirectory 22018.
2024-12-16 02:02:46 - INFO - Processing shard 10 of part 7 in subdirectory 22018.
2024-12-16 02:08:10 - INFO - Processing shard 11 of part 7 in subdirectory 22018.
2024-12-16 02:16:10 - INFO - Processing shard 12 of part 7 in subdirectory 22018.
2024-12-16 02:26:13 - INFO - Processing shard 13 of part 7 in subdirectory 22018.
2024-12-16 02:31:51 - INFO - Processing shard 14 of part 7 in subdirectory 22018.
2024-12-16 02:37:29 - INFO - Processing shard 15 of part 7 in subdirectory 22018.
2024-12-16 02:45:58 - INFO - Processing shard 16 of part 7 in subdirectory 22018.
2024-12-16 02:51:45 - INFO - Processing shard 17 of part 7 in subdirectory 22018.
2024-12-16 02:59:15 - INFO - Processing shard 18 of part 7 in subdirectory 22018.
2024-12-16 03:02:59 - INFO - PMTfication completed.
