2024-12-16 01:33:38 - INFO - PMTfication by part starts...
2024-12-16 01:33:38 - INFO - Processing file: merged_part_11.db
2024-12-16 01:33:38 - INFO - Using up to 40 workers.
2024-12-16 01:33:42 - INFO - Processing shard 1 of part 11 in subdirectory 22018.
2024-12-16 01:45:28 - INFO - Processing shard 2 of part 11 in subdirectory 22018.
2024-12-16 01:55:10 - INFO - Processing shard 3 of part 11 in subdirectory 22018.
2024-12-16 02:01:03 - INFO - Processing shard 4 of part 11 in subdirectory 22018.
2024-12-16 02:06:30 - INFO - Processing shard 5 of part 11 in subdirectory 22018.
2024-12-16 02:12:22 - INFO - Processing shard 6 of part 11 in subdirectory 22018.
2024-12-16 02:18:02 - INFO - Processing shard 7 of part 11 in subdirectory 22018.
2024-12-16 02:24:14 - INFO - Processing shard 8 of part 11 in subdirectory 22018.
2024-12-16 02:29:55 - INFO - Processing shard 9 of part 11 in subdirectory 22018.
2024-12-16 02:35:46 - INFO - Processing shard 10 of part 11 in subdirectory 22018.
2024-12-16 02:42:46 - INFO - Processing shard 11 of part 11 in subdirectory 22018.
2024-12-16 02:50:07 - INFO - Processing shard 12 of part 11 in subdirectory 22018.
2024-12-16 02:56:35 - INFO - Processing shard 13 of part 11 in subdirectory 22018.
2024-12-16 03:02:32 - INFO - Processing shard 14 of part 11 in subdirectory 22018.
2024-12-16 03:08:41 - INFO - Processing shard 15 of part 11 in subdirectory 22018.
2024-12-16 03:14:40 - INFO - Processing shard 16 of part 11 in subdirectory 22018.
2024-12-16 03:20:56 - INFO - Processing shard 17 of part 11 in subdirectory 22018.
2024-12-16 03:26:06 - INFO - PMTfication completed.
