2024-11-23 14:14:53 - INFO - PMTfication by part starts...
2024-11-23 14:14:53 - INFO - Processing file: merged_part_10.db
2024-11-23 14:14:53 - INFO - Using up to 5 workers.
2024-11-23 14:15:01 - INFO - Processing shard 1 of part 10 in subdirectory 22018.
2024-11-23 14:38:40 - INFO - Processing shard 2 of part 10 in subdirectory 22018.
2024-11-23 14:47:32 - INFO - Processing shard 3 of part 10 in subdirectory 22018.
2024-11-23 14:54:46 - INFO - Processing shard 4 of part 10 in subdirectory 22018.
2024-11-23 15:01:22 - INFO - Processing shard 5 of part 10 in subdirectory 22018.
2024-11-23 15:06:50 - INFO - Processing shard 6 of part 10 in subdirectory 22018.
2024-11-23 15:12:15 - INFO - Processing shard 7 of part 10 in subdirectory 22018.
2024-11-23 15:19:41 - INFO - Processing shard 8 of part 10 in subdirectory 22018.
2024-11-23 15:24:58 - INFO - Processing shard 9 of part 10 in subdirectory 22018.
2024-11-23 15:28:00 - INFO - Processing shard 10 of part 10 in subdirectory 22018.
2024-11-23 15:30:27 - INFO - Processing shard 11 of part 10 in subdirectory 22018.
2024-11-23 15:32:58 - INFO - Processing shard 12 of part 10 in subdirectory 22018.
2024-11-23 15:35:22 - INFO - Processing shard 13 of part 10 in subdirectory 22018.
2024-11-23 15:37:48 - INFO - Processing shard 14 of part 10 in subdirectory 22018.
2024-11-23 15:40:16 - INFO - Processing shard 15 of part 10 in subdirectory 22018.
2024-11-23 15:42:41 - INFO - Processing shard 16 of part 10 in subdirectory 22018.
2024-11-23 15:45:04 - INFO - Processing shard 17 of part 10 in subdirectory 22018.
2024-11-23 15:47:30 - INFO - Processing shard 18 of part 10 in subdirectory 22018.
2024-11-23 15:48:22 - INFO - PMTfication completed.
