2024-11-23 16:02:23 - INFO - PMTfication by part starts...
2024-11-23 16:02:23 - INFO - Processing file: merged_part_20.db
2024-11-23 16:02:23 - INFO - Using up to 5 workers.
2024-11-23 16:02:33 - INFO - Processing shard 1 of part 20 in subdirectory 22018.
2024-11-23 16:12:07 - ERROR - Failed to create index idx_dom_position: database or disk is full
2024-11-23 16:23:11 - INFO - Processing shard 2 of part 20 in subdirectory 22018.
2024-11-23 16:25:01 - ERROR - Failed to create index idx_dom_position: database or disk is full
2024-11-23 16:31:57 - INFO - Processing shard 3 of part 20 in subdirectory 22018.
2024-11-23 16:33:36 - ERROR - Failed to create index idx_dom_position: database or disk is full
2024-11-23 16:39:24 - INFO - Processing shard 4 of part 20 in subdirectory 22018.
2024-11-23 16:53:05 - INFO - Processing shard 5 of part 20 in subdirectory 22018.
2024-11-23 17:00:15 - INFO - Processing shard 6 of part 20 in subdirectory 22018.
2024-11-23 17:07:39 - INFO - Processing shard 7 of part 20 in subdirectory 22018.
2024-11-23 17:16:06 - INFO - Processing shard 8 of part 20 in subdirectory 22018.
2024-11-23 17:21:15 - INFO - Processing shard 9 of part 20 in subdirectory 22018.
2024-11-23 17:26:40 - INFO - Processing shard 10 of part 20 in subdirectory 22018.
2024-11-23 17:32:31 - INFO - Processing shard 11 of part 20 in subdirectory 22018.
2024-11-23 17:39:11 - INFO - Processing shard 12 of part 20 in subdirectory 22018.
2024-11-23 17:46:45 - INFO - Processing shard 13 of part 20 in subdirectory 22018.
2024-11-23 17:50:53 - INFO - Processing shard 14 of part 20 in subdirectory 22018.
2024-11-23 17:55:59 - INFO - Processing shard 15 of part 20 in subdirectory 22018.
