2024-11-23 14:14:53 - INFO - PMTfication by part starts...
2024-11-23 14:14:53 - INFO - Processing file: merged_part_3.db
2024-11-23 14:14:53 - INFO - Using up to 5 workers.
2024-11-23 14:15:03 - INFO - Processing shard 1 of part 3 in subdirectory 22018.
2024-11-23 14:44:32 - INFO - Processing shard 2 of part 3 in subdirectory 22018.
2024-11-23 14:51:16 - INFO - Processing shard 3 of part 3 in subdirectory 22018.
2024-11-23 14:56:44 - INFO - Processing shard 4 of part 3 in subdirectory 22018.
2024-11-23 14:59:21 - INFO - Processing shard 5 of part 3 in subdirectory 22018.
2024-11-23 15:01:51 - INFO - Processing shard 6 of part 3 in subdirectory 22018.
2024-11-23 15:04:19 - INFO - Processing shard 7 of part 3 in subdirectory 22018.
2024-11-23 15:06:48 - INFO - Processing shard 8 of part 3 in subdirectory 22018.
2024-11-23 15:09:16 - INFO - Processing shard 9 of part 3 in subdirectory 22018.
2024-11-23 15:11:46 - INFO - Processing shard 10 of part 3 in subdirectory 22018.
2024-11-23 15:14:17 - INFO - Processing shard 11 of part 3 in subdirectory 22018.
2024-11-23 15:16:52 - INFO - Processing shard 12 of part 3 in subdirectory 22018.
2024-11-23 15:19:25 - INFO - Processing shard 13 of part 3 in subdirectory 22018.
2024-11-23 15:22:25 - INFO - Processing shard 14 of part 3 in subdirectory 22018.
2024-11-23 15:25:09 - INFO - Processing shard 15 of part 3 in subdirectory 22018.
2024-11-23 15:27:48 - INFO - Processing shard 16 of part 3 in subdirectory 22018.
2024-11-23 15:30:26 - INFO - Processing shard 17 of part 3 in subdirectory 22018.
2024-11-23 15:32:55 - INFO - Processing shard 18 of part 3 in subdirectory 22018.
2024-11-23 15:33:35 - INFO - PMTfication completed.
