2024-11-23 14:14:54 - INFO - PMTfication by part starts...
2024-11-23 14:14:54 - INFO - Processing file: merged_part_7.db
2024-11-23 14:14:54 - INFO - Using up to 5 workers.
2024-11-23 14:15:02 - INFO - Processing shard 1 of part 7 in subdirectory 22018.
2024-11-23 14:41:24 - INFO - Processing shard 2 of part 7 in subdirectory 22018.
2024-11-23 14:47:55 - INFO - Processing shard 3 of part 7 in subdirectory 22018.
2024-11-23 14:54:37 - INFO - Processing shard 4 of part 7 in subdirectory 22018.
2024-11-23 15:01:48 - INFO - Processing shard 5 of part 7 in subdirectory 22018.
2024-11-23 15:08:33 - INFO - Processing shard 6 of part 7 in subdirectory 22018.
2024-11-23 15:15:14 - INFO - Processing shard 7 of part 7 in subdirectory 22018.
2024-11-23 15:22:34 - INFO - Processing shard 8 of part 7 in subdirectory 22018.
2024-11-23 15:26:08 - INFO - Processing shard 9 of part 7 in subdirectory 22018.
2024-11-23 15:28:41 - INFO - Processing shard 10 of part 7 in subdirectory 22018.
2024-11-23 15:31:07 - INFO - Processing shard 11 of part 7 in subdirectory 22018.
2024-11-23 15:33:46 - INFO - Processing shard 12 of part 7 in subdirectory 22018.
2024-11-23 15:40:58 - INFO - Processing shard 13 of part 7 in subdirectory 22018.
2024-11-23 15:43:35 - INFO - Processing shard 14 of part 7 in subdirectory 22018.
2024-11-23 15:45:56 - INFO - Processing shard 15 of part 7 in subdirectory 22018.
2024-11-23 15:48:26 - INFO - Processing shard 16 of part 7 in subdirectory 22018.
2024-11-23 15:50:56 - INFO - Processing shard 17 of part 7 in subdirectory 22018.
2024-11-23 15:57:11 - INFO - Processing shard 18 of part 7 in subdirectory 22018.
2024-11-23 15:58:34 - INFO - PMTfication completed.
