2024-11-23 14:14:53 - INFO - PMTfication by part starts...
2024-11-23 14:14:53 - INFO - Processing file: merged_part_4.db
2024-11-23 14:14:53 - INFO - Using up to 5 workers.
2024-11-23 14:15:02 - INFO - Processing shard 1 of part 4 in subdirectory 22018.
2024-11-23 14:43:03 - INFO - Processing shard 2 of part 4 in subdirectory 22018.
2024-11-23 14:49:54 - INFO - Processing shard 3 of part 4 in subdirectory 22018.
2024-11-23 14:56:02 - INFO - Processing shard 4 of part 4 in subdirectory 22018.
2024-11-23 14:58:42 - INFO - Processing shard 5 of part 4 in subdirectory 22018.
2024-11-23 15:01:25 - INFO - Processing shard 6 of part 4 in subdirectory 22018.
2024-11-23 15:04:05 - INFO - Processing shard 7 of part 4 in subdirectory 22018.
2024-11-23 15:06:48 - INFO - Processing shard 8 of part 4 in subdirectory 22018.
2024-11-23 15:09:32 - INFO - Processing shard 9 of part 4 in subdirectory 22018.
2024-11-23 15:12:06 - INFO - Processing shard 10 of part 4 in subdirectory 22018.
2024-11-23 15:14:44 - INFO - Processing shard 11 of part 4 in subdirectory 22018.
2024-11-23 15:17:20 - INFO - Processing shard 12 of part 4 in subdirectory 22018.
2024-11-23 15:19:56 - INFO - Processing shard 13 of part 4 in subdirectory 22018.
2024-11-23 15:23:22 - INFO - Processing shard 14 of part 4 in subdirectory 22018.
2024-11-23 15:26:09 - INFO - Processing shard 15 of part 4 in subdirectory 22018.
2024-11-23 15:28:44 - INFO - Processing shard 16 of part 4 in subdirectory 22018.
2024-11-23 15:31:22 - INFO - Processing shard 17 of part 4 in subdirectory 22018.
2024-11-23 15:33:53 - INFO - PMTfication completed.
