2024-11-23 14:14:54 - INFO - PMTfication by part starts...
2024-11-23 14:14:54 - INFO - Processing file: merged_part_8.db
2024-11-23 14:14:54 - INFO - Using up to 5 workers.
2024-11-23 14:15:02 - INFO - Processing shard 1 of part 8 in subdirectory 22018.
2024-11-23 14:39:55 - INFO - Processing shard 2 of part 8 in subdirectory 22018.
2024-11-23 14:47:38 - INFO - Processing shard 3 of part 8 in subdirectory 22018.
2024-11-23 14:53:55 - INFO - Processing shard 4 of part 8 in subdirectory 22018.
2024-11-23 15:00:20 - INFO - Processing shard 5 of part 8 in subdirectory 22018.
2024-11-23 15:05:35 - INFO - Processing shard 6 of part 8 in subdirectory 22018.
2024-11-23 15:12:08 - INFO - Processing shard 7 of part 8 in subdirectory 22018.
2024-11-23 15:18:34 - INFO - Processing shard 8 of part 8 in subdirectory 22018.
2024-11-23 15:25:26 - INFO - Processing shard 9 of part 8 in subdirectory 22018.
2024-11-23 15:28:23 - INFO - Processing shard 10 of part 8 in subdirectory 22018.
2024-11-23 15:30:56 - INFO - Processing shard 11 of part 8 in subdirectory 22018.
2024-11-23 15:33:25 - INFO - Processing shard 12 of part 8 in subdirectory 22018.
2024-11-23 15:37:53 - INFO - Processing shard 13 of part 8 in subdirectory 22018.
2024-11-23 15:40:32 - INFO - Processing shard 14 of part 8 in subdirectory 22018.
2024-11-23 15:43:29 - INFO - Processing shard 15 of part 8 in subdirectory 22018.
2024-11-23 15:45:59 - INFO - Processing shard 16 of part 8 in subdirectory 22018.
2024-11-23 15:48:29 - INFO - Processing shard 17 of part 8 in subdirectory 22018.
2024-11-23 15:50:51 - INFO - Processing shard 18 of part 8 in subdirectory 22018.
2024-11-23 15:51:46 - INFO - PMTfication completed.
