2024-11-23 14:14:53 - INFO - PMTfication by part starts...
2024-11-23 14:14:53 - INFO - Processing file: merged_part_9.db
2024-11-23 14:14:53 - INFO - Using up to 5 workers.
2024-11-23 14:15:02 - INFO - Processing shard 1 of part 9 in subdirectory 22018.
2024-11-23 14:41:24 - INFO - Processing shard 2 of part 9 in subdirectory 22018.
2024-11-23 14:48:23 - INFO - Processing shard 3 of part 9 in subdirectory 22018.
2024-11-23 14:55:38 - INFO - Processing shard 4 of part 9 in subdirectory 22018.
2024-11-23 15:02:21 - INFO - Processing shard 5 of part 9 in subdirectory 22018.
2024-11-23 15:08:40 - INFO - Processing shard 6 of part 9 in subdirectory 22018.
2024-11-23 15:15:13 - INFO - Processing shard 7 of part 9 in subdirectory 22018.
2024-11-23 15:21:49 - INFO - Processing shard 8 of part 9 in subdirectory 22018.
2024-11-23 15:25:09 - INFO - Processing shard 9 of part 9 in subdirectory 22018.
2024-11-23 15:28:21 - INFO - Processing shard 10 of part 9 in subdirectory 22018.
2024-11-23 15:30:52 - INFO - Processing shard 11 of part 9 in subdirectory 22018.
2024-11-23 15:33:20 - INFO - Processing shard 12 of part 9 in subdirectory 22018.
2024-11-23 15:35:43 - INFO - Processing shard 13 of part 9 in subdirectory 22018.
2024-11-23 15:38:26 - INFO - Processing shard 14 of part 9 in subdirectory 22018.
2024-11-23 15:40:53 - INFO - Processing shard 15 of part 9 in subdirectory 22018.
2024-11-23 15:43:19 - INFO - Processing shard 16 of part 9 in subdirectory 22018.
2024-11-23 15:45:58 - INFO - Processing shard 17 of part 9 in subdirectory 22018.
2024-11-23 15:48:15 - INFO - PMTfication completed.
