2024-11-23 14:14:53 - INFO - PMTfication by part starts...
2024-11-23 14:14:53 - INFO - Processing file: merged_part_6.db
2024-11-23 14:14:53 - INFO - Using up to 5 workers.
2024-11-23 14:15:01 - INFO - Processing shard 1 of part 6 in subdirectory 22018.
2024-11-23 14:38:47 - INFO - Processing shard 2 of part 6 in subdirectory 22018.
2024-11-23 14:45:22 - INFO - Processing shard 3 of part 6 in subdirectory 22018.
2024-11-23 14:51:18 - INFO - Processing shard 4 of part 6 in subdirectory 22018.
2024-11-23 14:58:30 - INFO - Processing shard 5 of part 6 in subdirectory 22018.
2024-11-23 15:04:43 - INFO - Processing shard 6 of part 6 in subdirectory 22018.
2024-11-23 15:09:41 - INFO - Processing shard 7 of part 6 in subdirectory 22018.
2024-11-23 15:14:50 - INFO - Processing shard 8 of part 6 in subdirectory 22018.
2024-11-23 15:20:59 - INFO - Processing shard 9 of part 6 in subdirectory 22018.
2024-11-23 15:26:06 - INFO - Processing shard 10 of part 6 in subdirectory 22018.
2024-11-23 15:30:19 - INFO - Processing shard 11 of part 6 in subdirectory 22018.
2024-11-23 15:37:14 - INFO - Processing shard 12 of part 6 in subdirectory 22018.
2024-11-23 15:39:45 - INFO - Processing shard 13 of part 6 in subdirectory 22018.
2024-11-23 15:44:22 - INFO - Processing shard 14 of part 6 in subdirectory 22018.
2024-11-23 15:47:31 - INFO - Processing shard 15 of part 6 in subdirectory 22018.
2024-11-23 15:53:20 - INFO - Processing shard 16 of part 6 in subdirectory 22018.
2024-11-23 15:56:48 - INFO - Processing shard 17 of part 6 in subdirectory 22018.
2024-11-23 16:00:48 - INFO - Processing shard 18 of part 6 in subdirectory 22018.
2024-11-23 16:02:06 - INFO - PMTfication completed.
