2024-11-23 14:14:53 - INFO - PMTfication by part starts...
2024-11-23 14:14:53 - INFO - Processing file: merged_part_1.db
2024-11-23 14:14:53 - INFO - Using up to 5 workers.
2024-11-23 14:15:09 - INFO - Processing shard 1 of part 1 in subdirectory 22018.
2024-11-23 14:26:08 - ERROR - Failed to create index idx_dom_position: database or disk is full
2024-11-23 14:33:13 - INFO - Processing shard 2 of part 1 in subdirectory 22018.
2024-11-23 14:47:51 - INFO - Processing shard 3 of part 1 in subdirectory 22018.
2024-11-23 14:54:43 - INFO - Processing shard 4 of part 1 in subdirectory 22018.
2024-11-23 15:00:22 - INFO - Processing shard 5 of part 1 in subdirectory 22018.
2024-11-23 15:06:15 - INFO - Processing shard 6 of part 1 in subdirectory 22018.
2024-11-23 15:11:50 - INFO - Processing shard 7 of part 1 in subdirectory 22018.
2024-11-23 15:17:23 - INFO - Processing shard 8 of part 1 in subdirectory 22018.
2024-11-23 15:25:20 - INFO - Processing shard 9 of part 1 in subdirectory 22018.
2024-11-23 15:29:58 - INFO - Processing shard 10 of part 1 in subdirectory 22018.
2024-11-23 15:37:20 - INFO - Processing shard 11 of part 1 in subdirectory 22018.
2024-11-23 15:40:12 - INFO - Processing shard 12 of part 1 in subdirectory 22018.
2024-11-23 15:44:06 - INFO - Processing shard 13 of part 1 in subdirectory 22018.
2024-11-23 15:47:15 - INFO - Processing shard 14 of part 1 in subdirectory 22018.
2024-11-23 15:49:47 - INFO - Processing shard 15 of part 1 in subdirectory 22018.
2024-11-23 15:52:18 - INFO - Processing shard 16 of part 1 in subdirectory 22018.
2024-11-23 15:55:03 - INFO - Processing shard 17 of part 1 in subdirectory 22018.
2024-11-23 15:57:47 - INFO - Processing shard 18 of part 1 in subdirectory 22018.
2024-11-23 15:58:50 - INFO - PMTfication completed.
