2024-11-23 16:02:12 - INFO - PMTfication by part starts...
2024-11-23 16:02:12 - INFO - Processing file: merged_part_19.db
2024-11-23 16:02:12 - INFO - Using up to 5 workers.
2024-11-23 16:02:20 - INFO - Processing shard 1 of part 19 in subdirectory 22018.
2024-11-23 16:12:07 - ERROR - Failed to create index idx_dom_position: database or disk is full
2024-11-23 16:22:24 - INFO - Processing shard 2 of part 19 in subdirectory 22018.
2024-11-23 16:25:01 - ERROR - Failed to create index idx_dom_position: database or disk is full
2024-11-23 16:32:15 - INFO - Processing shard 3 of part 19 in subdirectory 22018.
2024-11-23 16:33:35 - ERROR - Failed to create index idx_dom_position: database or disk is full
2024-11-23 16:40:00 - INFO - Processing shard 4 of part 19 in subdirectory 22018.
2024-11-23 16:42:52 - ERROR - Failed to create index idx_dom_position: database or disk is full
2024-11-23 16:49:17 - INFO - Processing shard 5 of part 19 in subdirectory 22018.
2024-11-23 17:04:02 - INFO - Processing shard 6 of part 19 in subdirectory 22018.
2024-11-23 17:11:20 - INFO - Processing shard 7 of part 19 in subdirectory 22018.
2024-11-23 17:16:45 - INFO - Processing shard 8 of part 19 in subdirectory 22018.
2024-11-23 17:23:49 - INFO - Processing shard 9 of part 19 in subdirectory 22018.
2024-11-23 17:30:04 - INFO - Processing shard 10 of part 19 in subdirectory 22018.
2024-11-23 17:34:34 - INFO - Processing shard 11 of part 19 in subdirectory 22018.
2024-11-23 17:42:06 - INFO - Processing shard 12 of part 19 in subdirectory 22018.
2024-11-23 17:49:14 - INFO - Processing shard 13 of part 19 in subdirectory 22018.
2024-11-23 17:51:52 - INFO - Processing shard 14 of part 19 in subdirectory 22018.
2024-11-23 17:56:53 - INFO - Processing shard 15 of part 19 in subdirectory 22018.
