2024-11-24 09:50:29 - INFO - PMTfication by part starts...
2024-11-24 09:50:29 - INFO - Processing file: merged_part_20.db
2024-11-24 09:50:29 - INFO - Using up to 5 workers.
2024-11-24 09:50:29 - INFO - Processing shard 1 of part 20 in subdirectory 22018.
2024-11-24 09:59:24 - INFO - Processing shard 2 of part 20 in subdirectory 22018.
2024-11-24 10:06:14 - INFO - Processing shard 3 of part 20 in subdirectory 22018.
2024-11-24 10:11:06 - INFO - Processing shard 4 of part 20 in subdirectory 22018.
2024-11-24 10:16:30 - INFO - Processing shard 5 of part 20 in subdirectory 22018.
2024-11-24 10:21:52 - INFO - Processing shard 6 of part 20 in subdirectory 22018.
2024-11-24 10:26:43 - INFO - Processing shard 7 of part 20 in subdirectory 22018.
2024-11-24 10:29:17 - INFO - Processing shard 8 of part 20 in subdirectory 22018.
2024-11-24 10:34:18 - INFO - Processing shard 9 of part 20 in subdirectory 22018.
2024-11-24 10:36:47 - INFO - Processing shard 10 of part 20 in subdirectory 22018.
2024-11-24 10:41:38 - INFO - Processing shard 11 of part 20 in subdirectory 22018.
2024-11-24 10:46:29 - INFO - Processing shard 12 of part 20 in subdirectory 22018.
2024-11-24 10:51:24 - INFO - Processing shard 13 of part 20 in subdirectory 22018.
2024-11-24 10:53:54 - INFO - Processing shard 14 of part 20 in subdirectory 22018.
2024-11-24 10:59:14 - INFO - Processing shard 15 of part 20 in subdirectory 22018.
2024-11-24 11:01:49 - INFO - Processing shard 16 of part 20 in subdirectory 22018.
2024-11-24 11:04:30 - INFO - Processing shard 17 of part 20 in subdirectory 22018.
2024-11-24 11:07:21 - INFO - Processing shard 18 of part 20 in subdirectory 22018.
2024-11-24 11:08:33 - INFO - PMTfication completed.
