2024-11-24 09:50:28 - INFO - PMTfication by part starts...
2024-11-24 09:50:28 - INFO - Processing file: merged_part_19.db
2024-11-24 09:50:28 - INFO - Using up to 5 workers.
2024-11-24 09:50:29 - INFO - Processing shard 1 of part 19 in subdirectory 22018.
2024-11-24 09:59:05 - INFO - Processing shard 2 of part 19 in subdirectory 22018.
2024-11-24 10:08:47 - INFO - Processing shard 3 of part 19 in subdirectory 22018.
2024-11-24 10:14:14 - INFO - Processing shard 4 of part 19 in subdirectory 22018.
2024-11-24 10:20:25 - INFO - Processing shard 5 of part 19 in subdirectory 22018.
2024-11-24 10:26:53 - INFO - Processing shard 6 of part 19 in subdirectory 22018.
2024-11-24 10:33:32 - INFO - Processing shard 7 of part 19 in subdirectory 22018.
2024-11-24 10:41:58 - INFO - Processing shard 8 of part 19 in subdirectory 22018.
2024-11-24 10:48:52 - INFO - Processing shard 9 of part 19 in subdirectory 22018.
2024-11-24 10:51:30 - INFO - Processing shard 10 of part 19 in subdirectory 22018.
2024-11-24 10:56:47 - INFO - Processing shard 11 of part 19 in subdirectory 22018.
2024-11-24 11:02:08 - INFO - Processing shard 12 of part 19 in subdirectory 22018.
2024-11-24 11:06:21 - INFO - Processing shard 13 of part 19 in subdirectory 22018.
2024-11-24 11:11:36 - INFO - Processing shard 14 of part 19 in subdirectory 22018.
2024-11-24 11:14:59 - INFO - Processing shard 15 of part 19 in subdirectory 22018.
2024-11-24 11:17:18 - INFO - Processing shard 16 of part 19 in subdirectory 22018.
2024-11-24 11:20:19 - INFO - Processing shard 17 of part 19 in subdirectory 22018.
2024-11-24 11:22:47 - INFO - Processing shard 18 of part 19 in subdirectory 22018.
2024-11-24 11:23:36 - INFO - PMTfication completed.
