2024-11-24 09:50:28 - INFO - PMTfication by part starts...
2024-11-24 09:50:28 - INFO - Processing file: merged_part_18.db
2024-11-24 09:50:28 - INFO - Using up to 5 workers.
2024-11-24 09:50:29 - INFO - Processing shard 1 of part 18 in subdirectory 22018.
2024-11-24 09:59:09 - INFO - Processing shard 2 of part 18 in subdirectory 22018.
2024-11-24 10:06:46 - INFO - Processing shard 3 of part 18 in subdirectory 22018.
2024-11-24 10:12:57 - INFO - Processing shard 4 of part 18 in subdirectory 22018.
2024-11-24 10:18:26 - INFO - Processing shard 5 of part 18 in subdirectory 22018.
2024-11-24 10:23:54 - INFO - Processing shard 6 of part 18 in subdirectory 22018.
2024-11-24 10:30:07 - INFO - Processing shard 7 of part 18 in subdirectory 22018.
2024-11-24 10:35:10 - INFO - Processing shard 8 of part 18 in subdirectory 22018.
2024-11-24 10:40:09 - INFO - Processing shard 9 of part 18 in subdirectory 22018.
2024-11-24 10:45:10 - INFO - Processing shard 10 of part 18 in subdirectory 22018.
2024-11-24 10:51:05 - INFO - Processing shard 11 of part 18 in subdirectory 22018.
2024-11-24 10:56:10 - INFO - Processing shard 12 of part 18 in subdirectory 22018.
2024-11-24 11:00:33 - INFO - Processing shard 13 of part 18 in subdirectory 22018.
2024-11-24 11:04:47 - INFO - Processing shard 14 of part 18 in subdirectory 22018.
2024-11-24 11:09:17 - INFO - Processing shard 15 of part 18 in subdirectory 22018.
2024-11-24 11:12:32 - INFO - Processing shard 16 of part 18 in subdirectory 22018.
2024-11-24 11:15:52 - INFO - Processing shard 17 of part 18 in subdirectory 22018.
2024-11-24 11:18:16 - INFO - Processing shard 18 of part 18 in subdirectory 22018.
2024-11-24 11:19:30 - INFO - PMTfication completed.
