2024-11-24 09:49:42 - INFO - PMTfication by part starts...
2024-11-24 09:49:42 - INFO - Processing file: merged_part_14.db
2024-11-24 09:49:42 - INFO - Using up to 5 workers.
2024-11-24 09:49:43 - INFO - Processing shard 1 of part 14 in subdirectory 22018.
2024-11-24 09:58:26 - INFO - Processing shard 2 of part 14 in subdirectory 22018.
2024-11-24 10:04:32 - INFO - Processing shard 3 of part 14 in subdirectory 22018.
2024-11-24 10:07:03 - INFO - Processing shard 4 of part 14 in subdirectory 22018.
2024-11-24 10:09:33 - INFO - Processing shard 5 of part 14 in subdirectory 22018.
2024-11-24 10:12:08 - INFO - Processing shard 6 of part 14 in subdirectory 22018.
2024-11-24 10:15:12 - INFO - Processing shard 7 of part 14 in subdirectory 22018.
2024-11-24 10:17:57 - INFO - Processing shard 8 of part 14 in subdirectory 22018.
2024-11-24 10:20:31 - INFO - Processing shard 9 of part 14 in subdirectory 22018.
2024-11-24 10:23:01 - INFO - Processing shard 10 of part 14 in subdirectory 22018.
2024-11-24 10:25:28 - INFO - Processing shard 11 of part 14 in subdirectory 22018.
2024-11-24 10:28:03 - INFO - Processing shard 12 of part 14 in subdirectory 22018.
2024-11-24 10:30:47 - INFO - Processing shard 13 of part 14 in subdirectory 22018.
2024-11-24 10:33:12 - INFO - Processing shard 14 of part 14 in subdirectory 22018.
2024-11-24 10:35:41 - INFO - Processing shard 15 of part 14 in subdirectory 22018.
2024-11-24 10:38:18 - INFO - Processing shard 16 of part 14 in subdirectory 22018.
2024-11-24 10:40:56 - INFO - Processing shard 17 of part 14 in subdirectory 22018.
2024-11-24 10:43:33 - INFO - Processing shard 18 of part 14 in subdirectory 22018.
2024-11-24 10:44:27 - INFO - PMTfication completed.
