nohup: ignoring input
2025-01-16 18:43:29 - INFO - PMTfication for a subdirectory starts...
2025-01-16 18:43:29 - INFO - The number of files in the subdirectory: 2
2025-01-16 18:43:29 - INFO - Using up to 1 workers.
2025-01-16 18:43:29 - INFO - Found 2 database files in subdirectory 99999.
Processing 99999:   0%|          | 0/2 [00:00<?, ?it/s]2025-01-16 18:43:29 - INFO - Processing shard 1 of part 98 in subdirectory 99999.
2025-01-16 18:43:32 - INFO - Processing shard 2 of part 98 in subdirectory 99999.
2025-01-16 18:43:36 - INFO - Processing shard 3 of part 98 in subdirectory 99999.
2025-01-16 18:43:41 - INFO - Processing shard 4 of part 98 in subdirectory 99999.
2025-01-16 18:43:44 - INFO - Processing shard 5 of part 98 in subdirectory 99999.
2025-01-16 18:43:49 - INFO - Processing shard 6 of part 98 in subdirectory 99999.
2025-01-16 18:43:55 - INFO - Processing shard 7 of part 98 in subdirectory 99999.
2025-01-16 18:43:58 - INFO - Processing shard 8 of part 98 in subdirectory 99999.
2025-01-16 18:44:00 - INFO - Finished processing database file: merged_part_98.db
Processing 99999:  50%|█████     | 1/2 [00:30<00:30, 30.71s/it]2025-01-16 18:44:00 - INFO - Processing shard 1 of part 99 in subdirectory 99999.
2025-01-16 18:44:05 - INFO - Processing shard 2 of part 99 in subdirectory 99999.
2025-01-16 18:44:08 - INFO - Processing shard 3 of part 99 in subdirectory 99999.
2025-01-16 18:44:13 - INFO - Processing shard 4 of part 99 in subdirectory 99999.
2025-01-16 18:44:17 - INFO - Processing shard 5 of part 99 in subdirectory 99999.
2025-01-16 18:44:21 - INFO - Processing shard 6 of part 99 in subdirectory 99999.
2025-01-16 18:44:25 - INFO - Processing shard 7 of part 99 in subdirectory 99999.
2025-01-16 18:44:30 - INFO - Processing shard 8 of part 99 in subdirectory 99999.
2025-01-16 18:44:33 - INFO - Finished processing database file: merged_part_99.db
Processing 99999: 100%|██████████| 2/2 [01:03<00:00, 32.06s/it]Processing 99999: 100%|██████████| 2/2 [01:03<00:00, 31.86s/it]
2025-01-16 18:44:33 - INFO - PMTfication completed.
