nohup: ignoring input
2025-01-16 20:16:33 - INFO - PMTfication for a subdirectory starts...
2025-01-16 20:16:33 - INFO - The number of files in the subdirectory: 2
2025-01-16 20:16:33 - INFO - Using up to 1 workers.
2025-01-16 20:16:33 - INFO - Found 2 database files in subdirectory 99999.
Processing 99999:   0%|          | 0/2 [00:00<?, ?it/s]2025-01-16 20:16:33 - INFO - Processing shard 1 of part 98 in subdirectory 99999.
2025-01-16 20:16:35 - INFO - Processing shard 2 of part 98 in subdirectory 99999.
2025-01-16 20:16:40 - INFO - Processing shard 3 of part 98 in subdirectory 99999.
2025-01-16 20:16:45 - INFO - Processing shard 4 of part 98 in subdirectory 99999.
2025-01-16 20:16:48 - INFO - Processing shard 5 of part 98 in subdirectory 99999.
2025-01-16 20:16:53 - INFO - Processing shard 6 of part 98 in subdirectory 99999.
2025-01-16 20:16:59 - INFO - Processing shard 7 of part 98 in subdirectory 99999.
2025-01-16 20:17:02 - INFO - Processing shard 8 of part 98 in subdirectory 99999.
2025-01-16 20:17:04 - INFO - Finished processing database file: merged_part_98.db
Processing 99999:  50%|█████     | 1/2 [00:30<00:30, 30.99s/it]2025-01-16 20:17:04 - INFO - Processing shard 1 of part 99 in subdirectory 99999.
2025-01-16 20:17:09 - INFO - Processing shard 2 of part 99 in subdirectory 99999.
2025-01-16 20:17:12 - INFO - Processing shard 3 of part 99 in subdirectory 99999.
2025-01-16 20:17:17 - INFO - Processing shard 4 of part 99 in subdirectory 99999.
2025-01-16 20:17:21 - INFO - Processing shard 5 of part 99 in subdirectory 99999.
2025-01-16 20:17:25 - INFO - Processing shard 6 of part 99 in subdirectory 99999.
2025-01-16 20:17:28 - INFO - Processing shard 7 of part 99 in subdirectory 99999.
2025-01-16 20:17:34 - INFO - Processing shard 8 of part 99 in subdirectory 99999.
2025-01-16 20:17:37 - INFO - Finished processing database file: merged_part_99.db
Processing 99999: 100%|██████████| 2/2 [01:03<00:00, 32.10s/it]Processing 99999: 100%|██████████| 2/2 [01:03<00:00, 31.94s/it]
2025-01-16 20:17:37 - INFO - PMTfication completed.
