nohup: ignoring input
2025-01-16 19:43:46 - INFO - PMTfication for a subdirectory starts...
2025-01-16 19:43:46 - INFO - The number of files in the subdirectory: 2
2025-01-16 19:43:46 - INFO - Using up to 1 workers.
2025-01-16 19:43:46 - INFO - Found 2 database files in subdirectory 99999.
Processing 99999:   0%|          | 0/2 [00:00<?, ?it/s]2025-01-16 19:43:46 - INFO - Processing shard 1 of part 98 in subdirectory 99999.
2025-01-16 19:43:48 - INFO - Processing shard 2 of part 98 in subdirectory 99999.
2025-01-16 19:43:52 - INFO - Processing shard 3 of part 98 in subdirectory 99999.
2025-01-16 19:43:58 - INFO - Processing shard 4 of part 98 in subdirectory 99999.
2025-01-16 19:44:01 - INFO - Processing shard 5 of part 98 in subdirectory 99999.
2025-01-16 19:44:06 - INFO - Processing shard 6 of part 98 in subdirectory 99999.
2025-01-16 19:44:11 - INFO - Processing shard 7 of part 98 in subdirectory 99999.
2025-01-16 19:44:15 - INFO - Processing shard 8 of part 98 in subdirectory 99999.
2025-01-16 19:44:17 - INFO - Finished processing database file: merged_part_98.db
Processing 99999:  50%|█████     | 1/2 [00:31<00:31, 31.05s/it]2025-01-16 19:44:17 - INFO - Processing shard 1 of part 99 in subdirectory 99999.
2025-01-16 19:44:22 - INFO - Processing shard 2 of part 99 in subdirectory 99999.
2025-01-16 19:44:25 - INFO - Processing shard 3 of part 99 in subdirectory 99999.
2025-01-16 19:44:30 - INFO - Processing shard 4 of part 99 in subdirectory 99999.
2025-01-16 19:44:33 - INFO - Processing shard 5 of part 99 in subdirectory 99999.
2025-01-16 19:44:38 - INFO - Processing shard 6 of part 99 in subdirectory 99999.
2025-01-16 19:44:41 - INFO - Processing shard 7 of part 99 in subdirectory 99999.
2025-01-16 19:44:47 - INFO - Processing shard 8 of part 99 in subdirectory 99999.
2025-01-16 19:44:50 - INFO - Finished processing database file: merged_part_99.db
Processing 99999: 100%|██████████| 2/2 [01:04<00:00, 32.37s/it]Processing 99999: 100%|██████████| 2/2 [01:04<00:00, 32.17s/it]
2025-01-16 19:44:50 - INFO - PMTfication completed.
