nohup: ignoring input
2025-01-16 19:55:58 - INFO - PMTfication for a subdirectory starts...
2025-01-16 19:55:58 - INFO - The number of files in the subdirectory: 2
2025-01-16 19:55:58 - INFO - Using up to 1 workers.
2025-01-16 19:55:58 - INFO - Found 2 database files in subdirectory 99999.
Processing 99999:   0%|          | 0/2 [00:00<?, ?it/s]2025-01-16 19:55:58 - INFO - Processing shard 1 of part 98 in subdirectory 99999.
2025-01-16 19:56:01 - INFO - Processing shard 2 of part 98 in subdirectory 99999.
2025-01-16 19:56:05 - INFO - Processing shard 3 of part 98 in subdirectory 99999.
2025-01-16 19:56:10 - INFO - Processing shard 4 of part 98 in subdirectory 99999.
2025-01-16 19:56:13 - INFO - Processing shard 5 of part 98 in subdirectory 99999.
2025-01-16 19:56:18 - INFO - Processing shard 6 of part 98 in subdirectory 99999.
2025-01-16 19:56:23 - INFO - Processing shard 7 of part 98 in subdirectory 99999.
2025-01-16 19:56:27 - INFO - Processing shard 8 of part 98 in subdirectory 99999.
2025-01-16 19:56:28 - INFO - Finished processing database file: merged_part_98.db
Processing 99999:  50%|█████     | 1/2 [00:30<00:30, 30.10s/it]2025-01-16 19:56:28 - INFO - Processing shard 1 of part 99 in subdirectory 99999.
2025-01-16 19:56:34 - INFO - Processing shard 2 of part 99 in subdirectory 99999.
2025-01-16 19:56:36 - INFO - Processing shard 3 of part 99 in subdirectory 99999.
2025-01-16 19:56:41 - INFO - Processing shard 4 of part 99 in subdirectory 99999.
2025-01-16 19:56:44 - INFO - Processing shard 5 of part 99 in subdirectory 99999.
2025-01-16 19:56:49 - INFO - Processing shard 6 of part 99 in subdirectory 99999.
2025-01-16 19:56:52 - INFO - Processing shard 7 of part 99 in subdirectory 99999.
2025-01-16 19:56:57 - INFO - Processing shard 8 of part 99 in subdirectory 99999.
2025-01-16 19:57:00 - INFO - Finished processing database file: merged_part_99.db
Processing 99999: 100%|██████████| 2/2 [01:02<00:00, 31.24s/it]Processing 99999: 100%|██████████| 2/2 [01:02<00:00, 31.07s/it]
2025-01-16 19:57:00 - INFO - PMTfication completed.
