nohup: ignoring input
2025-01-16 20:56:43 - INFO - PMTfication for a subdirectory starts...
2025-01-16 20:56:43 - INFO - The number of files in the subdirectory: 2
2025-01-16 20:56:43 - INFO - Using up to 1 workers.
2025-01-16 20:56:43 - INFO - Found 2 database files in subdirectory 99999.
Processing 99999:   0%|          | 0/2 [00:00<?, ?it/s]2025-01-16 20:56:43 - INFO - Processing shard 1 of part 98 in subdirectory 99999.
2025-01-16 20:56:45 - INFO - Processing shard 2 of part 98 in subdirectory 99999.
2025-01-16 20:56:50 - INFO - Processing shard 3 of part 98 in subdirectory 99999.
2025-01-16 20:56:55 - INFO - Processing shard 4 of part 98 in subdirectory 99999.
2025-01-16 20:56:58 - INFO - Processing shard 5 of part 98 in subdirectory 99999.
2025-01-16 20:57:03 - INFO - Processing shard 6 of part 98 in subdirectory 99999.
2025-01-16 20:57:08 - INFO - Processing shard 7 of part 98 in subdirectory 99999.
2025-01-16 20:57:11 - INFO - Processing shard 8 of part 98 in subdirectory 99999.
2025-01-16 20:57:13 - INFO - Finished processing database file: merged_part_98.db
Processing 99999:  50%|█████     | 1/2 [00:29<00:29, 29.91s/it]2025-01-16 20:57:13 - INFO - Processing shard 1 of part 99 in subdirectory 99999.
2025-01-16 20:57:18 - INFO - Processing shard 2 of part 99 in subdirectory 99999.
2025-01-16 20:57:21 - INFO - Processing shard 3 of part 99 in subdirectory 99999.
2025-01-16 20:57:26 - INFO - Processing shard 4 of part 99 in subdirectory 99999.
2025-01-16 20:57:29 - INFO - Processing shard 5 of part 99 in subdirectory 99999.
2025-01-16 20:57:33 - INFO - Processing shard 6 of part 99 in subdirectory 99999.
2025-01-16 20:57:37 - INFO - Processing shard 7 of part 99 in subdirectory 99999.
2025-01-16 20:57:42 - INFO - Processing shard 8 of part 99 in subdirectory 99999.
2025-01-16 20:57:45 - INFO - Finished processing database file: merged_part_99.db
Processing 99999: 100%|██████████| 2/2 [01:01<00:00, 31.11s/it]Processing 99999: 100%|██████████| 2/2 [01:01<00:00, 30.93s/it]
2025-01-16 20:57:45 - INFO - PMTfication completed.
