nohup: ignoring input
2025-01-16 19:10:14 - INFO - PMTfication for a subdirectory starts...
2025-01-16 19:10:14 - INFO - The number of files in the subdirectory: 2
2025-01-16 19:10:14 - INFO - Using up to 1 workers.
2025-01-16 19:10:14 - INFO - Found 2 database files in subdirectory 99999.
Processing 99999:   0%|          | 0/2 [00:00<?, ?it/s]2025-01-16 19:10:14 - INFO - Processing shard 1 of part 98 in subdirectory 99999.
2025-01-16 19:10:17 - INFO - Processing shard 2 of part 98 in subdirectory 99999.
2025-01-16 19:10:21 - INFO - Processing shard 3 of part 98 in subdirectory 99999.
2025-01-16 19:10:26 - INFO - Processing shard 4 of part 98 in subdirectory 99999.
2025-01-16 19:10:29 - INFO - Processing shard 5 of part 98 in subdirectory 99999.
2025-01-16 19:10:34 - INFO - Processing shard 6 of part 98 in subdirectory 99999.
2025-01-16 19:10:39 - INFO - Processing shard 7 of part 98 in subdirectory 99999.
2025-01-16 19:10:42 - INFO - Processing shard 8 of part 98 in subdirectory 99999.
2025-01-16 19:10:44 - INFO - Finished processing database file: merged_part_98.db
Processing 99999:  50%|█████     | 1/2 [00:29<00:29, 29.39s/it]2025-01-16 19:10:44 - INFO - Processing shard 1 of part 99 in subdirectory 99999.
2025-01-16 19:10:49 - INFO - Processing shard 2 of part 99 in subdirectory 99999.
2025-01-16 19:10:52 - INFO - Processing shard 3 of part 99 in subdirectory 99999.
2025-01-16 19:10:57 - INFO - Processing shard 4 of part 99 in subdirectory 99999.
2025-01-16 19:11:00 - INFO - Processing shard 5 of part 99 in subdirectory 99999.
2025-01-16 19:11:04 - INFO - Processing shard 6 of part 99 in subdirectory 99999.
2025-01-16 19:11:08 - INFO - Processing shard 7 of part 99 in subdirectory 99999.
2025-01-16 19:11:12 - INFO - Processing shard 8 of part 99 in subdirectory 99999.
2025-01-16 19:11:16 - INFO - Finished processing database file: merged_part_99.db
Processing 99999: 100%|██████████| 2/2 [01:01<00:00, 30.74s/it]Processing 99999: 100%|██████████| 2/2 [01:01<00:00, 30.54s/it]
2025-01-16 19:11:16 - INFO - PMTfication completed.
