nohup: ignoring input
2025-01-16 20:03:35 - INFO - PMTfication for a subdirectory starts...
2025-01-16 20:03:35 - INFO - The number of files in the subdirectory: 2
2025-01-16 20:03:35 - INFO - Using up to 1 workers.
2025-01-16 20:03:35 - INFO - Found 2 database files in subdirectory 99999.
Processing 99999:   0%|          | 0/2 [00:00<?, ?it/s]2025-01-16 20:03:35 - INFO - Processing shard 1 of part 98 in subdirectory 99999.
2025-01-16 20:03:38 - INFO - Processing shard 2 of part 98 in subdirectory 99999.
2025-01-16 20:03:42 - INFO - Processing shard 3 of part 98 in subdirectory 99999.
2025-01-16 20:03:47 - INFO - Processing shard 4 of part 98 in subdirectory 99999.
2025-01-16 20:03:50 - INFO - Processing shard 5 of part 98 in subdirectory 99999.
2025-01-16 20:03:55 - INFO - Processing shard 6 of part 98 in subdirectory 99999.
2025-01-16 20:04:00 - INFO - Processing shard 7 of part 98 in subdirectory 99999.
2025-01-16 20:04:03 - INFO - Processing shard 8 of part 98 in subdirectory 99999.
2025-01-16 20:04:05 - INFO - Finished processing database file: merged_part_98.db
Processing 99999:  50%|█████     | 1/2 [00:29<00:29, 29.74s/it]2025-01-16 20:04:05 - INFO - Processing shard 1 of part 99 in subdirectory 99999.
2025-01-16 20:04:10 - INFO - Processing shard 2 of part 99 in subdirectory 99999.
2025-01-16 20:04:13 - INFO - Processing shard 3 of part 99 in subdirectory 99999.
2025-01-16 20:04:18 - INFO - Processing shard 4 of part 99 in subdirectory 99999.
2025-01-16 20:04:21 - INFO - Processing shard 5 of part 99 in subdirectory 99999.
2025-01-16 20:04:25 - INFO - Processing shard 6 of part 99 in subdirectory 99999.
2025-01-16 20:04:29 - INFO - Processing shard 7 of part 99 in subdirectory 99999.
2025-01-16 20:04:33 - INFO - Processing shard 8 of part 99 in subdirectory 99999.
2025-01-16 20:04:37 - INFO - Finished processing database file: merged_part_99.db
Processing 99999: 100%|██████████| 2/2 [01:01<00:00, 30.90s/it]Processing 99999: 100%|██████████| 2/2 [01:01<00:00, 30.72s/it]
Field event_no is not a pyarrow Array: <class 'pyarrow.lib.ChunkedArray'>.
Field subdirectory_no: [
  99,
  99,
  99,
  99,
  99
]
Field part_no: [
  98,
  98,
  98,
  98,
  98
]
Field shard_no: [
  1,
  1,
  1,
  1,
  1
]
Field N_doms is not a pyarrow Array: <class 'pyarrow.lib.ChunkedArray'>.
Field offset is not a pyarrow Array: <class 'pyarrow.lib.ChunkedArray'>.
Field energy is not a pyarrow Array: <class 'pyarrow.lib.ChunkedArray'>.
Field azimuth is not a pyarrow Array: <class 'pyarrow.lib.ChunkedArray'>.
Field zenith is not a pyarrow Array: <class 'pyarrow.lib.ChunkedArray'>.
Field pid is not a pyarrow Array: <class 'pyarrow.lib.ChunkedArray'>.
Field event_time is not a pyarrow Array: <class 'pyarrow.lib.ChunkedArray'>.
Field interaction_type is not a pyarrow Array: <class 'pyarrow.lib.ChunkedArray'>.
Field elasticity is not a pyarrow Array: <class 'pyarrow.lib.ChunkedArray'>.
Field RunID is not a pyarrow Array: <class 'pyarrow.lib.ChunkedArray'>.
Field SubrunID is not a pyarrow Array: <class 'pyarrow.lib.ChunkedArray'>.
Field EventID is not a pyarrow Array: <class 'pyarrow.lib.ChunkedArray'>.
Field SubEventID is not a pyarrow Array: <class 'pyarrow.lib.ChunkedArray'>.
Field dbang_decay_length is not a pyarrow Array: <class 'pyarrow.lib.ChunkedArray'>.
Field track_length is not a pyarrow Array: <class 'pyarrow.lib.ChunkedArray'>.
Field stopped_muon is not a pyarrow Array: <class 'pyarrow.lib.ChunkedArray'>.
Field energy_track is not a pyarrow Array: <class 'pyarrow.lib.ChunkedArray'>.
Field energy_cascade is not a pyarrow Array: <class 'pyarrow.lib.ChunkedArray'>.
Field inelasticity is not a pyarrow Array: <class 'pyarrow.lib.ChunkedArray'>.
Field DeepCoreFilter_13 is not a pyarrow Array: <class 'pyarrow.lib.ChunkedArray'>.
Field CascadeFilter_13 is not a pyarrow Array: <class 'pyarrow.lib.ChunkedArray'>.
Field MuonFilter_13 is not a pyarrow Array: <class 'pyarrow.lib.ChunkedArray'>.
Field OnlineL2Filter_17 is not a pyarrow Array: <class 'pyarrow.lib.ChunkedArray'>.
Field L3_oscNext_bool is not a pyarrow Array: <class 'pyarrow.lib.ChunkedArray'>.
Field L4_oscNext_bool is not a pyarrow Array: <class 'pyarrow.lib.ChunkedArray'>.
Field L5_oscNext_bool is not a pyarrow Array: <class 'pyarrow.lib.ChunkedArray'>.
Field L6_oscNext_bool is not a pyarrow Array: <class 'pyarrow.lib.ChunkedArray'>.
Field L7_oscNext_bool is not a pyarrow Array: <class 'pyarrow.lib.ChunkedArray'>.
Field Homogenized_QTot is not a pyarrow Array: <class 'pyarrow.lib.ChunkedArray'>.
Field MCLabelClassification is not a pyarrow Array: <class 'pyarrow.lib.ChunkedArray'>.
Field MCLabelCoincidentMuons is not a pyarrow Array: <class 'pyarrow.lib.ChunkedArray'>.
Field MCLabelBgMuonMCPE is not a pyarrow Array: <class 'pyarrow.lib.ChunkedArray'>.
Field MCLabelBgMuonMCPECharge is not a pyarrow Array: <class 'pyarrow.lib.ChunkedArray'>.
Field GNLabelTrackEnergyDeposited is not a pyarrow Array: <class 'list'>.
Field GNLabelTrackEnergyOnEntrance is not a pyarrow Array: <class 'list'>.
Field GNLabelTrackEnergyOnEntrancePrimary is not a pyarrow Array: <class 'list'>.
Field GNLabelTrackEnergyDepositedPrimary is not a pyarrow Array: <class 'list'>.
Field GNLabelEnergyPrimary is not a pyarrow Array: <class 'list'>.
Field GNLabelCascadeEnergyDepositedPrimary is not a pyarrow Array: <class 'list'>.
Field GNLabelCascadeEnergyDeposited is not a pyarrow Array: <class 'list'>.
Field GNLabelEnergyDepositedTotal is not a pyarrow Array: <class 'list'>.
Field GNLabelEnergyDepositedPrimary is not a pyarrow Array: <class 'list'>.
Field GNLabelHighestEInIceParticleIsChild is not a pyarrow Array: <class 'list'>.
Field GNLabelHighestEInIceParticleDistance is not a pyarrow Array: <class 'list'>.
Field GNLabelHighestEInIceParticleEFraction is not a pyarrow Array: <class 'list'>.
Field GNLabelHighestEDaughterDistance is not a pyarrow Array: <class 'list'>.
Field GNLabelHighestEDaughterEFraction is not a pyarrow Array: <class 'list'>.
Field zenith_GNHighestEInIceParticle is not a pyarrow Array: <class 'list'>.
Field azimuth_GNHighestEInIceParticle is not a pyarrow Array: <class 'list'>.
Field dir_x_GNHighestEInIceParticle is not a pyarrow Array: <class 'list'>.
Field dir_y_GNHighestEInIceParticle is not a pyarrow Array: <class 'list'>.
Field dir_z_GNHighestEInIceParticle is not a pyarrow Array: <class 'list'>.
Field pos_x_GNHighestEInIceParticle is not a pyarrow Array: <class 'list'>.
Field pos_y_GNHighestEInIceParticle is not a pyarrow Array: <class 'list'>.
Field pos_z_GNHighestEInIceParticle is not a pyarrow Array: <class 'list'>.
Field time_GNHighestEInIceParticle is not a pyarrow Array: <class 'list'>.
Field speed_GNHighestEInIceParticle is not a pyarrow Array: <class 'list'>.
Field energy_GNHighestEInIceParticle is not a pyarrow Array: <class 'list'>.
Field zenith_GNHighestEDaughter is not a pyarrow Array: <class 'list'>.
Field azimuth_GNHighestEDaughter is not a pyarrow Array: <class 'list'>.
Field dir_x_GNHighestEDaughter is not a pyarrow Array: <class 'list'>.
Field dir_y_GNHighestEDaughter is not a pyarrow Array: <class 'list'>.
Field dir_z_GNHighestEDaughter is not a pyarrow Array: <class 'list'>.
Field pos_x_GNHighestEDaughter is not a pyarrow Array: <class 'list'>.
Field pos_y_GNHighestEDaughter is not a pyarrow Array: <class 'list'>.
Field pos_z_GNHighestEDaughter is not a pyarrow Array: <class 'list'>.
Field time_GNHighestEDaughter is not a pyarrow Array: <class 'list'>.
Field speed_GNHighestEDaughter is not a pyarrow Array: <class 'list'>.
Field energy_GNHighestEDaughter is not a pyarrow Array: <class 'list'>.
zenith_GNHighestEDaughter sample: [None, None, None, None, None]
Field event_no is not a pyarrow Array: <class 'pyarrow.lib.ChunkedArray'>.
Field subdirectory_no: [
  99,
  99,
  99,
  99,
  99
]
Field part_no: [
  98,
  98,
  98,
  98,
  98
]
Field shard_no: [
  2,
  2,
  2,
  2,
  2
]
Field N_doms is not a pyarrow Array: <class 'pyarrow.lib.ChunkedArray'>.
Field offset is not a pyarrow Array: <class 'pyarrow.lib.ChunkedArray'>.
Field energy is not a pyarrow Array: <class 'pyarrow.lib.ChunkedArray'>.
Field azimuth is not a pyarrow Array: <class 'pyarrow.lib.ChunkedArray'>.
Field zenith is not a pyarrow Array: <class 'pyarrow.lib.ChunkedArray'>.
Field pid is not a pyarrow Array: <class 'pyarrow.lib.ChunkedArray'>.
Field event_time is not a pyarrow Array: <class 'pyarrow.lib.ChunkedArray'>.
Field interaction_type is not a pyarrow Array: <class 'pyarrow.lib.ChunkedArray'>.
Field elasticity is not a pyarrow Array: <class 'pyarrow.lib.ChunkedArray'>.
Field RunID is not a pyarrow Array: <class 'pyarrow.lib.ChunkedArray'>.
Field SubrunID is not a pyarrow Array: <class 'pyarrow.lib.ChunkedArray'>.
Field EventID is not a pyarrow Array: <class 'pyarrow.lib.ChunkedArray'>.
Field SubEventID is not a pyarrow Array: <class 'pyarrow.lib.ChunkedArray'>.
Field dbang_decay_length is not a pyarrow Array: <class 'pyarrow.lib.ChunkedArray'>.
Field track_length is not a pyarrow Array: <class 'pyarrow.lib.ChunkedArray'>.
Field stopped_muon is not a pyarrow Array: <class 'pyarrow.lib.ChunkedArray'>.
Field energy_track is not a pyarrow Array: <class 'pyarrow.lib.ChunkedArray'>.
Field energy_cascade is not a pyarrow Array: <class 'pyarrow.lib.ChunkedArray'>.
Field inelasticity is not a pyarrow Array: <class 'pyarrow.lib.ChunkedArray'>.
Field DeepCoreFilter_13 is not a pyarrow Array: <class 'pyarrow.lib.ChunkedArray'>.
Field CascadeFilter_13 is not a pyarrow Array: <class 'pyarrow.lib.ChunkedArray'>.
Field MuonFilter_13 is not a pyarrow Array: <class 'pyarrow.lib.ChunkedArray'>.
Field OnlineL2Filter_17 is not a pyarrow Array: <class 'pyarrow.lib.ChunkedArray'>.
Field L3_oscNext_bool is not a pyarrow Array: <class 'pyarrow.lib.ChunkedArray'>.
Field L4_oscNext_bool is not a pyarrow Array: <class 'pyarrow.lib.ChunkedArray'>.
Field L5_oscNext_bool is not a pyarrow Array: <class 'pyarrow.lib.ChunkedArray'>.
Field L6_oscNext_bool is not a pyarrow Array: <class 'pyarrow.lib.ChunkedArray'>.
Field L7_oscNext_bool is not a pyarrow Array: <class 'pyarrow.lib.ChunkedArray'>.
Field Homogenized_QTot is not a pyarrow Array: <class 'pyarrow.lib.ChunkedArray'>.
Field MCLabelClassification is not a pyarrow Array: <class 'pyarrow.lib.ChunkedArray'>.
Field MCLabelCoincidentMuons is not a pyarrow Array: <class 'pyarrow.lib.ChunkedArray'>.
Field MCLabelBgMuonMCPE is not a pyarrow Array: <class 'pyarrow.lib.ChunkedArray'>.
Field MCLabelBgMuonMCPECharge is not a pyarrow Array: <class 'pyarrow.lib.ChunkedArray'>.
Field GNLabelTrackEnergyDeposited is not a pyarrow Array: <class 'list'>.
Field GNLabelTrackEnergyOnEntrance is not a pyarrow Array: <class 'list'>.
Field GNLabelTrackEnergyOnEntrancePrimary is not a pyarrow Array: <class 'list'>.
Field GNLabelTrackEnergyDepositedPrimary is not a pyarrow Array: <class 'list'>.
Field GNLabelEnergyPrimary is not a pyarrow Array: <class 'list'>.
Field GNLabelCascadeEnergyDepositedPrimary is not a pyarrow Array: <class 'list'>.
Field GNLabelCascadeEnergyDeposited is not a pyarrow Array: <class 'list'>.
Field GNLabelEnergyDepositedTotal is not a pyarrow Array: <class 'list'>.
Field GNLabelEnergyDepositedPrimary is not a pyarrow Array: <class 'list'>.
Field GNLabelHighestEInIceParticleIsChild is not a pyarrow Array: <class 'list'>.
Field GNLabelHighestEInIceParticleDistance is not a pyarrow Array: <class 'list'>.
Field GNLabelHighestEInIceParticleEFraction is not a pyarrow Array: <class 'list'>.
Field GNLabelHighestEDaughterDistance is not a pyarrow Array: <class 'list'>.
Field GNLabelHighestEDaughterEFraction is not a pyarrow Array: <class 'list'>.
Field zenith_GNHighestEInIceParticle is not a pyarrow Array: <class 'list'>.
Field azimuth_GNHighestEInIceParticle is not a pyarrow Array: <class 'list'>.
Field dir_x_GNHighestEInIceParticle is not a pyarrow Array: <class 'list'>.
Field dir_y_GNHighestEInIceParticle is not a pyarrow Array: <class 'list'>.
Field dir_z_GNHighestEInIceParticle is not a pyarrow Array: <class 'list'>.
Field pos_x_GNHighestEInIceParticle is not a pyarrow Array: <class 'list'>.
Field pos_y_GNHighestEInIceParticle is not a pyarrow Array: <class 'list'>.
Field pos_z_GNHighestEInIceParticle is not a pyarrow Array: <class 'list'>.
Field time_GNHighestEInIceParticle is not a pyarrow Array: <class 'list'>.
Field speed_GNHighestEInIceParticle is not a pyarrow Array: <class 'list'>.
Field energy_GNHighestEInIceParticle is not a pyarrow Array: <class 'list'>.
Field zenith_GNHighestEDaughter is not a pyarrow Array: <class 'list'>.
Field azimuth_GNHighestEDaughter is not a pyarrow Array: <class 'list'>.
Field dir_x_GNHighestEDaughter is not a pyarrow Array: <class 'list'>.
Field dir_y_GNHighestEDaughter is not a pyarrow Array: <class 'list'>.
Field dir_z_GNHighestEDaughter is not a pyarrow Array: <class 'list'>.
Field pos_x_GNHighestEDaughter is not a pyarrow Array: <class 'list'>.
Field pos_y_GNHighestEDaughter is not a pyarrow Array: <class 'list'>.
Field pos_z_GNHighestEDaughter is not a pyarrow Array: <class 'list'>.
Field time_GNHighestEDaughter is not a pyarrow Array: <class 'list'>.
Field speed_GNHighestEDaughter is not a pyarrow Array: <class 'list'>.
Field energy_GNHighestEDaughter is not a pyarrow Array: <class 'list'>.
zenith_GNHighestEDaughter sample: [None, None, None, None, None]
Field event_no is not a pyarrow Array: <class 'pyarrow.lib.ChunkedArray'>.
Field subdirectory_no: [
  99,
  99,
  99,
  99,
  99
]
Field part_no: [
  98,
  98,
  98,
  98,
  98
]
Field shard_no: [
  3,
  3,
  3,
  3,
  3
]
Field N_doms is not a pyarrow Array: <class 'pyarrow.lib.ChunkedArray'>.
Field offset is not a pyarrow Array: <class 'pyarrow.lib.ChunkedArray'>.
Field energy is not a pyarrow Array: <class 'pyarrow.lib.ChunkedArray'>.
Field azimuth is not a pyarrow Array: <class 'pyarrow.lib.ChunkedArray'>.
Field zenith is not a pyarrow Array: <class 'pyarrow.lib.ChunkedArray'>.
Field pid is not a pyarrow Array: <class 'pyarrow.lib.ChunkedArray'>.
Field event_time is not a pyarrow Array: <class 'pyarrow.lib.ChunkedArray'>.
Field interaction_type is not a pyarrow Array: <class 'pyarrow.lib.ChunkedArray'>.
Field elasticity is not a pyarrow Array: <class 'pyarrow.lib.ChunkedArray'>.
Field RunID is not a pyarrow Array: <class 'pyarrow.lib.ChunkedArray'>.
Field SubrunID is not a pyarrow Array: <class 'pyarrow.lib.ChunkedArray'>.
Field EventID is not a pyarrow Array: <class 'pyarrow.lib.ChunkedArray'>.
Field SubEventID is not a pyarrow Array: <class 'pyarrow.lib.ChunkedArray'>.
Field dbang_decay_length is not a pyarrow Array: <class 'pyarrow.lib.ChunkedArray'>.
Field track_length is not a pyarrow Array: <class 'pyarrow.lib.ChunkedArray'>.
Field stopped_muon is not a pyarrow Array: <class 'pyarrow.lib.ChunkedArray'>.
Field energy_track is not a pyarrow Array: <class 'pyarrow.lib.ChunkedArray'>.
Field energy_cascade is not a pyarrow Array: <class 'pyarrow.lib.ChunkedArray'>.
Field inelasticity is not a pyarrow Array: <class 'pyarrow.lib.ChunkedArray'>.
Field DeepCoreFilter_13 is not a pyarrow Array: <class 'pyarrow.lib.ChunkedArray'>.
Field CascadeFilter_13 is not a pyarrow Array: <class 'pyarrow.lib.ChunkedArray'>.
Field MuonFilter_13 is not a pyarrow Array: <class 'pyarrow.lib.ChunkedArray'>.
Field OnlineL2Filter_17 is not a pyarrow Array: <class 'pyarrow.lib.ChunkedArray'>.
Field L3_oscNext_bool is not a pyarrow Array: <class 'pyarrow.lib.ChunkedArray'>.
Field L4_oscNext_bool is not a pyarrow Array: <class 'pyarrow.lib.ChunkedArray'>.
Field L5_oscNext_bool is not a pyarrow Array: <class 'pyarrow.lib.ChunkedArray'>.
Field L6_oscNext_bool is not a pyarrow Array: <class 'pyarrow.lib.ChunkedArray'>.
Field L7_oscNext_bool is not a pyarrow Array: <class 'pyarrow.lib.ChunkedArray'>.
Field Homogenized_QTot is not a pyarrow Array: <class 'pyarrow.lib.ChunkedArray'>.
Field MCLabelClassification is not a pyarrow Array: <class 'pyarrow.lib.ChunkedArray'>.
Field MCLabelCoincidentMuons is not a pyarrow Array: <class 'pyarrow.lib.ChunkedArray'>.
Field MCLabelBgMuonMCPE is not a pyarrow Array: <class 'pyarrow.lib.ChunkedArray'>.
Field MCLabelBgMuonMCPECharge is not a pyarrow Array: <class 'pyarrow.lib.ChunkedArray'>.
Field GNLabelTrackEnergyDeposited is not a pyarrow Array: <class 'list'>.
Field GNLabelTrackEnergyOnEntrance is not a pyarrow Array: <class 'list'>.
Field GNLabelTrackEnergyOnEntrancePrimary is not a pyarrow Array: <class 'list'>.
Field GNLabelTrackEnergyDepositedPrimary is not a pyarrow Array: <class 'list'>.
Field GNLabelEnergyPrimary is not a pyarrow Array: <class 'list'>.
Field GNLabelCascadeEnergyDepositedPrimary is not a pyarrow Array: <class 'list'>.
Field GNLabelCascadeEnergyDeposited is not a pyarrow Array: <class 'list'>.
Field GNLabelEnergyDepositedTotal is not a pyarrow Array: <class 'list'>.
Field GNLabelEnergyDepositedPrimary is not a pyarrow Array: <class 'list'>.
Field GNLabelHighestEInIceParticleIsChild is not a pyarrow Array: <class 'list'>.
Field GNLabelHighestEInIceParticleDistance is not a pyarrow Array: <class 'list'>.
Field GNLabelHighestEInIceParticleEFraction is not a pyarrow Array: <class 'list'>.
Field GNLabelHighestEDaughterDistance is not a pyarrow Array: <class 'list'>.
Field GNLabelHighestEDaughterEFraction is not a pyarrow Array: <class 'list'>.
Field zenith_GNHighestEInIceParticle is not a pyarrow Array: <class 'list'>.
Field azimuth_GNHighestEInIceParticle is not a pyarrow Array: <class 'list'>.
Field dir_x_GNHighestEInIceParticle is not a pyarrow Array: <class 'list'>.
Field dir_y_GNHighestEInIceParticle is not a pyarrow Array: <class 'list'>.
Field dir_z_GNHighestEInIceParticle is not a pyarrow Array: <class 'list'>.
Field pos_x_GNHighestEInIceParticle is not a pyarrow Array: <class 'list'>.
Field pos_y_GNHighestEInIceParticle is not a pyarrow Array: <class 'list'>.
Field pos_z_GNHighestEInIceParticle is not a pyarrow Array: <class 'list'>.
Field time_GNHighestEInIceParticle is not a pyarrow Array: <class 'list'>.
Field speed_GNHighestEInIceParticle is not a pyarrow Array: <class 'list'>.
Field energy_GNHighestEInIceParticle is not a pyarrow Array: <class 'list'>.
Field zenith_GNHighestEDaughter is not a pyarrow Array: <class 'list'>.
Field azimuth_GNHighestEDaughter is not a pyarrow Array: <class 'list'>.
Field dir_x_GNHighestEDaughter is not a pyarrow Array: <class 'list'>.
Field dir_y_GNHighestEDaughter is not a pyarrow Array: <class 'list'>.
Field dir_z_GNHighestEDaughter is not a pyarrow Array: <class 'list'>.
Field pos_x_GNHighestEDaughter is not a pyarrow Array: <class 'list'>.
Field pos_y_GNHighestEDaughter is not a pyarrow Array: <class 'list'>.
Field pos_z_GNHighestEDaughter is not a pyarrow Array: <class 'list'>.
Field time_GNHighestEDaughter is not a pyarrow Array: <class 'list'>.
Field speed_GNHighestEDaughter is not a pyarrow Array: <class 'list'>.
Field energy_GNHighestEDaughter is not a pyarrow Array: <class 'list'>.
zenith_GNHighestEDaughter sample: [None, None, None, None, None]
Field event_no is not a pyarrow Array: <class 'pyarrow.lib.ChunkedArray'>.
Field subdirectory_no: [
  99,
  99,
  99,
  99,
  99
]
Field part_no: [
  98,
  98,
  98,
  98,
  98
]
Field shard_no: [
  4,
  4,
  4,
  4,
  4
]
Field N_doms is not a pyarrow Array: <class 'pyarrow.lib.ChunkedArray'>.
Field offset is not a pyarrow Array: <class 'pyarrow.lib.ChunkedArray'>.
Field energy is not a pyarrow Array: <class 'pyarrow.lib.ChunkedArray'>.
Field azimuth is not a pyarrow Array: <class 'pyarrow.lib.ChunkedArray'>.
Field zenith is not a pyarrow Array: <class 'pyarrow.lib.ChunkedArray'>.
Field pid is not a pyarrow Array: <class 'pyarrow.lib.ChunkedArray'>.
Field event_time is not a pyarrow Array: <class 'pyarrow.lib.ChunkedArray'>.
Field interaction_type is not a pyarrow Array: <class 'pyarrow.lib.ChunkedArray'>.
Field elasticity is not a pyarrow Array: <class 'pyarrow.lib.ChunkedArray'>.
Field RunID is not a pyarrow Array: <class 'pyarrow.lib.ChunkedArray'>.
Field SubrunID is not a pyarrow Array: <class 'pyarrow.lib.ChunkedArray'>.
Field EventID is not a pyarrow Array: <class 'pyarrow.lib.ChunkedArray'>.
Field SubEventID is not a pyarrow Array: <class 'pyarrow.lib.ChunkedArray'>.
Field dbang_decay_length is not a pyarrow Array: <class 'pyarrow.lib.ChunkedArray'>.
Field track_length is not a pyarrow Array: <class 'pyarrow.lib.ChunkedArray'>.
Field stopped_muon is not a pyarrow Array: <class 'pyarrow.lib.ChunkedArray'>.
Field energy_track is not a pyarrow Array: <class 'pyarrow.lib.ChunkedArray'>.
Field energy_cascade is not a pyarrow Array: <class 'pyarrow.lib.ChunkedArray'>.
Field inelasticity is not a pyarrow Array: <class 'pyarrow.lib.ChunkedArray'>.
Field DeepCoreFilter_13 is not a pyarrow Array: <class 'pyarrow.lib.ChunkedArray'>.
Field CascadeFilter_13 is not a pyarrow Array: <class 'pyarrow.lib.ChunkedArray'>.
Field MuonFilter_13 is not a pyarrow Array: <class 'pyarrow.lib.ChunkedArray'>.
Field OnlineL2Filter_17 is not a pyarrow Array: <class 'pyarrow.lib.ChunkedArray'>.
Field L3_oscNext_bool is not a pyarrow Array: <class 'pyarrow.lib.ChunkedArray'>.
Field L4_oscNext_bool is not a pyarrow Array: <class 'pyarrow.lib.ChunkedArray'>.
Field L5_oscNext_bool is not a pyarrow Array: <class 'pyarrow.lib.ChunkedArray'>.
Field L6_oscNext_bool is not a pyarrow Array: <class 'pyarrow.lib.ChunkedArray'>.
Field L7_oscNext_bool is not a pyarrow Array: <class 'pyarrow.lib.ChunkedArray'>.
Field Homogenized_QTot is not a pyarrow Array: <class 'pyarrow.lib.ChunkedArray'>.
Field MCLabelClassification is not a pyarrow Array: <class 'pyarrow.lib.ChunkedArray'>.
Field MCLabelCoincidentMuons is not a pyarrow Array: <class 'pyarrow.lib.ChunkedArray'>.
Field MCLabelBgMuonMCPE is not a pyarrow Array: <class 'pyarrow.lib.ChunkedArray'>.
Field MCLabelBgMuonMCPECharge is not a pyarrow Array: <class 'pyarrow.lib.ChunkedArray'>.
Field GNLabelTrackEnergyDeposited is not a pyarrow Array: <class 'list'>.
Field GNLabelTrackEnergyOnEntrance is not a pyarrow Array: <class 'list'>.
Field GNLabelTrackEnergyOnEntrancePrimary is not a pyarrow Array: <class 'list'>.
Field GNLabelTrackEnergyDepositedPrimary is not a pyarrow Array: <class 'list'>.
Field GNLabelEnergyPrimary is not a pyarrow Array: <class 'list'>.
Field GNLabelCascadeEnergyDepositedPrimary is not a pyarrow Array: <class 'list'>.
Field GNLabelCascadeEnergyDeposited is not a pyarrow Array: <class 'list'>.
Field GNLabelEnergyDepositedTotal is not a pyarrow Array: <class 'list'>.
Field GNLabelEnergyDepositedPrimary is not a pyarrow Array: <class 'list'>.
Field GNLabelHighestEInIceParticleIsChild is not a pyarrow Array: <class 'list'>.
Field GNLabelHighestEInIceParticleDistance is not a pyarrow Array: <class 'list'>.
Field GNLabelHighestEInIceParticleEFraction is not a pyarrow Array: <class 'list'>.
Field GNLabelHighestEDaughterDistance is not a pyarrow Array: <class 'list'>.
Field GNLabelHighestEDaughterEFraction is not a pyarrow Array: <class 'list'>.
Field zenith_GNHighestEInIceParticle is not a pyarrow Array: <class 'list'>.
Field azimuth_GNHighestEInIceParticle is not a pyarrow Array: <class 'list'>.
Field dir_x_GNHighestEInIceParticle is not a pyarrow Array: <class 'list'>.
Field dir_y_GNHighestEInIceParticle is not a pyarrow Array: <class 'list'>.
Field dir_z_GNHighestEInIceParticle is not a pyarrow Array: <class 'list'>.
Field pos_x_GNHighestEInIceParticle is not a pyarrow Array: <class 'list'>.
Field pos_y_GNHighestEInIceParticle is not a pyarrow Array: <class 'list'>.
Field pos_z_GNHighestEInIceParticle is not a pyarrow Array: <class 'list'>.
Field time_GNHighestEInIceParticle is not a pyarrow Array: <class 'list'>.
Field speed_GNHighestEInIceParticle is not a pyarrow Array: <class 'list'>.
Field energy_GNHighestEInIceParticle is not a pyarrow Array: <class 'list'>.
Field zenith_GNHighestEDaughter is not a pyarrow Array: <class 'list'>.
Field azimuth_GNHighestEDaughter is not a pyarrow Array: <class 'list'>.
Field dir_x_GNHighestEDaughter is not a pyarrow Array: <class 'list'>.
Field dir_y_GNHighestEDaughter is not a pyarrow Array: <class 'list'>.
Field dir_z_GNHighestEDaughter is not a pyarrow Array: <class 'list'>.
Field pos_x_GNHighestEDaughter is not a pyarrow Array: <class 'list'>.
Field pos_y_GNHighestEDaughter is not a pyarrow Array: <class 'list'>.
Field pos_z_GNHighestEDaughter is not a pyarrow Array: <class 'list'>.
Field time_GNHighestEDaughter is not a pyarrow Array: <class 'list'>.
Field speed_GNHighestEDaughter is not a pyarrow Array: <class 'list'>.
Field energy_GNHighestEDaughter is not a pyarrow Array: <class 'list'>.
zenith_GNHighestEDaughter sample: [None, None, None, None, None]
Field event_no is not a pyarrow Array: <class 'pyarrow.lib.ChunkedArray'>.
Field subdirectory_no: [
  99,
  99,
  99,
  99,
  99
]
Field part_no: [
  98,
  98,
  98,
  98,
  98
]
Field shard_no: [
  5,
  5,
  5,
  5,
  5
]
Field N_doms is not a pyarrow Array: <class 'pyarrow.lib.ChunkedArray'>.
Field offset is not a pyarrow Array: <class 'pyarrow.lib.ChunkedArray'>.
Field energy is not a pyarrow Array: <class 'pyarrow.lib.ChunkedArray'>.
Field azimuth is not a pyarrow Array: <class 'pyarrow.lib.ChunkedArray'>.
Field zenith is not a pyarrow Array: <class 'pyarrow.lib.ChunkedArray'>.
Field pid is not a pyarrow Array: <class 'pyarrow.lib.ChunkedArray'>.
Field event_time is not a pyarrow Array: <class 'pyarrow.lib.ChunkedArray'>.
Field interaction_type is not a pyarrow Array: <class 'pyarrow.lib.ChunkedArray'>.
Field elasticity is not a pyarrow Array: <class 'pyarrow.lib.ChunkedArray'>.
Field RunID is not a pyarrow Array: <class 'pyarrow.lib.ChunkedArray'>.
Field SubrunID is not a pyarrow Array: <class 'pyarrow.lib.ChunkedArray'>.
Field EventID is not a pyarrow Array: <class 'pyarrow.lib.ChunkedArray'>.
Field SubEventID is not a pyarrow Array: <class 'pyarrow.lib.ChunkedArray'>.
Field dbang_decay_length is not a pyarrow Array: <class 'pyarrow.lib.ChunkedArray'>.
Field track_length is not a pyarrow Array: <class 'pyarrow.lib.ChunkedArray'>.
Field stopped_muon is not a pyarrow Array: <class 'pyarrow.lib.ChunkedArray'>.
Field energy_track is not a pyarrow Array: <class 'pyarrow.lib.ChunkedArray'>.
Field energy_cascade is not a pyarrow Array: <class 'pyarrow.lib.ChunkedArray'>.
Field inelasticity is not a pyarrow Array: <class 'pyarrow.lib.ChunkedArray'>.
Field DeepCoreFilter_13 is not a pyarrow Array: <class 'pyarrow.lib.ChunkedArray'>.
Field CascadeFilter_13 is not a pyarrow Array: <class 'pyarrow.lib.ChunkedArray'>.
Field MuonFilter_13 is not a pyarrow Array: <class 'pyarrow.lib.ChunkedArray'>.
Field OnlineL2Filter_17 is not a pyarrow Array: <class 'pyarrow.lib.ChunkedArray'>.
Field L3_oscNext_bool is not a pyarrow Array: <class 'pyarrow.lib.ChunkedArray'>.
Field L4_oscNext_bool is not a pyarrow Array: <class 'pyarrow.lib.ChunkedArray'>.
Field L5_oscNext_bool is not a pyarrow Array: <class 'pyarrow.lib.ChunkedArray'>.
Field L6_oscNext_bool is not a pyarrow Array: <class 'pyarrow.lib.ChunkedArray'>.
Field L7_oscNext_bool is not a pyarrow Array: <class 'pyarrow.lib.ChunkedArray'>.
Field Homogenized_QTot is not a pyarrow Array: <class 'pyarrow.lib.ChunkedArray'>.
Field MCLabelClassification is not a pyarrow Array: <class 'pyarrow.lib.ChunkedArray'>.
Field MCLabelCoincidentMuons is not a pyarrow Array: <class 'pyarrow.lib.ChunkedArray'>.
Field MCLabelBgMuonMCPE is not a pyarrow Array: <class 'pyarrow.lib.ChunkedArray'>.
Field MCLabelBgMuonMCPECharge is not a pyarrow Array: <class 'pyarrow.lib.ChunkedArray'>.
Field GNLabelTrackEnergyDeposited is not a pyarrow Array: <class 'list'>.
Field GNLabelTrackEnergyOnEntrance is not a pyarrow Array: <class 'list'>.
Field GNLabelTrackEnergyOnEntrancePrimary is not a pyarrow Array: <class 'list'>.
Field GNLabelTrackEnergyDepositedPrimary is not a pyarrow Array: <class 'list'>.
Field GNLabelEnergyPrimary is not a pyarrow Array: <class 'list'>.
Field GNLabelCascadeEnergyDepositedPrimary is not a pyarrow Array: <class 'list'>.
Field GNLabelCascadeEnergyDeposited is not a pyarrow Array: <class 'list'>.
Field GNLabelEnergyDepositedTotal is not a pyarrow Array: <class 'list'>.
Field GNLabelEnergyDepositedPrimary is not a pyarrow Array: <class 'list'>.
Field GNLabelHighestEInIceParticleIsChild is not a pyarrow Array: <class 'list'>.
Field GNLabelHighestEInIceParticleDistance is not a pyarrow Array: <class 'list'>.
Field GNLabelHighestEInIceParticleEFraction is not a pyarrow Array: <class 'list'>.
Field GNLabelHighestEDaughterDistance is not a pyarrow Array: <class 'list'>.
Field GNLabelHighestEDaughterEFraction is not a pyarrow Array: <class 'list'>.
Field zenith_GNHighestEInIceParticle is not a pyarrow Array: <class 'list'>.
Field azimuth_GNHighestEInIceParticle is not a pyarrow Array: <class 'list'>.
Field dir_x_GNHighestEInIceParticle is not a pyarrow Array: <class 'list'>.
Field dir_y_GNHighestEInIceParticle is not a pyarrow Array: <class 'list'>.
Field dir_z_GNHighestEInIceParticle is not a pyarrow Array: <class 'list'>.
Field pos_x_GNHighestEInIceParticle is not a pyarrow Array: <class 'list'>.
Field pos_y_GNHighestEInIceParticle is not a pyarrow Array: <class 'list'>.
Field pos_z_GNHighestEInIceParticle is not a pyarrow Array: <class 'list'>.
Field time_GNHighestEInIceParticle is not a pyarrow Array: <class 'list'>.
Field speed_GNHighestEInIceParticle is not a pyarrow Array: <class 'list'>.
Field energy_GNHighestEInIceParticle is not a pyarrow Array: <class 'list'>.
Field zenith_GNHighestEDaughter is not a pyarrow Array: <class 'list'>.
Field azimuth_GNHighestEDaughter is not a pyarrow Array: <class 'list'>.
Field dir_x_GNHighestEDaughter is not a pyarrow Array: <class 'list'>.
Field dir_y_GNHighestEDaughter is not a pyarrow Array: <class 'list'>.
Field dir_z_GNHighestEDaughter is not a pyarrow Array: <class 'list'>.
Field pos_x_GNHighestEDaughter is not a pyarrow Array: <class 'list'>.
Field pos_y_GNHighestEDaughter is not a pyarrow Array: <class 'list'>.
Field pos_z_GNHighestEDaughter is not a pyarrow Array: <class 'list'>.
Field time_GNHighestEDaughter is not a pyarrow Array: <class 'list'>.
Field speed_GNHighestEDaughter is not a pyarrow Array: <class 'list'>.
Field energy_GNHighestEDaughter is not a pyarrow Array: <class 'list'>.
zenith_GNHighestEDaughter sample: [None, None, None, None, None]
Field event_no is not a pyarrow Array: <class 'pyarrow.lib.ChunkedArray'>.
Field subdirectory_no: [
  99,
  99,
  99,
  99,
  99
]
Field part_no: [
  98,
  98,
  98,
  98,
  98
]
Field shard_no: [
  6,
  6,
  6,
  6,
  6
]
Field N_doms is not a pyarrow Array: <class 'pyarrow.lib.ChunkedArray'>.
Field offset is not a pyarrow Array: <class 'pyarrow.lib.ChunkedArray'>.
Field energy is not a pyarrow Array: <class 'pyarrow.lib.ChunkedArray'>.
Field azimuth is not a pyarrow Array: <class 'pyarrow.lib.ChunkedArray'>.
Field zenith is not a pyarrow Array: <class 'pyarrow.lib.ChunkedArray'>.
Field pid is not a pyarrow Array: <class 'pyarrow.lib.ChunkedArray'>.
Field event_time is not a pyarrow Array: <class 'pyarrow.lib.ChunkedArray'>.
Field interaction_type is not a pyarrow Array: <class 'pyarrow.lib.ChunkedArray'>.
Field elasticity is not a pyarrow Array: <class 'pyarrow.lib.ChunkedArray'>.
Field RunID is not a pyarrow Array: <class 'pyarrow.lib.ChunkedArray'>.
Field SubrunID is not a pyarrow Array: <class 'pyarrow.lib.ChunkedArray'>.
Field EventID is not a pyarrow Array: <class 'pyarrow.lib.ChunkedArray'>.
Field SubEventID is not a pyarrow Array: <class 'pyarrow.lib.ChunkedArray'>.
Field dbang_decay_length is not a pyarrow Array: <class 'pyarrow.lib.ChunkedArray'>.
Field track_length is not a pyarrow Array: <class 'pyarrow.lib.ChunkedArray'>.
Field stopped_muon is not a pyarrow Array: <class 'pyarrow.lib.ChunkedArray'>.
Field energy_track is not a pyarrow Array: <class 'pyarrow.lib.ChunkedArray'>.
Field energy_cascade is not a pyarrow Array: <class 'pyarrow.lib.ChunkedArray'>.
Field inelasticity is not a pyarrow Array: <class 'pyarrow.lib.ChunkedArray'>.
Field DeepCoreFilter_13 is not a pyarrow Array: <class 'pyarrow.lib.ChunkedArray'>.
Field CascadeFilter_13 is not a pyarrow Array: <class 'pyarrow.lib.ChunkedArray'>.
Field MuonFilter_13 is not a pyarrow Array: <class 'pyarrow.lib.ChunkedArray'>.
Field OnlineL2Filter_17 is not a pyarrow Array: <class 'pyarrow.lib.ChunkedArray'>.
Field L3_oscNext_bool is not a pyarrow Array: <class 'pyarrow.lib.ChunkedArray'>.
Field L4_oscNext_bool is not a pyarrow Array: <class 'pyarrow.lib.ChunkedArray'>.
Field L5_oscNext_bool is not a pyarrow Array: <class 'pyarrow.lib.ChunkedArray'>.
Field L6_oscNext_bool is not a pyarrow Array: <class 'pyarrow.lib.ChunkedArray'>.
Field L7_oscNext_bool is not a pyarrow Array: <class 'pyarrow.lib.ChunkedArray'>.
Field Homogenized_QTot is not a pyarrow Array: <class 'pyarrow.lib.ChunkedArray'>.
Field MCLabelClassification is not a pyarrow Array: <class 'pyarrow.lib.ChunkedArray'>.
Field MCLabelCoincidentMuons is not a pyarrow Array: <class 'pyarrow.lib.ChunkedArray'>.
Field MCLabelBgMuonMCPE is not a pyarrow Array: <class 'pyarrow.lib.ChunkedArray'>.
Field MCLabelBgMuonMCPECharge is not a pyarrow Array: <class 'pyarrow.lib.ChunkedArray'>.
Field GNLabelTrackEnergyDeposited is not a pyarrow Array: <class 'list'>.
Field GNLabelTrackEnergyOnEntrance is not a pyarrow Array: <class 'list'>.
Field GNLabelTrackEnergyOnEntrancePrimary is not a pyarrow Array: <class 'list'>.
Field GNLabelTrackEnergyDepositedPrimary is not a pyarrow Array: <class 'list'>.
Field GNLabelEnergyPrimary is not a pyarrow Array: <class 'list'>.
Field GNLabelCascadeEnergyDepositedPrimary is not a pyarrow Array: <class 'list'>.
Field GNLabelCascadeEnergyDeposited is not a pyarrow Array: <class 'list'>.
Field GNLabelEnergyDepositedTotal is not a pyarrow Array: <class 'list'>.
Field GNLabelEnergyDepositedPrimary is not a pyarrow Array: <class 'list'>.
Field GNLabelHighestEInIceParticleIsChild is not a pyarrow Array: <class 'list'>.
Field GNLabelHighestEInIceParticleDistance is not a pyarrow Array: <class 'list'>.
Field GNLabelHighestEInIceParticleEFraction is not a pyarrow Array: <class 'list'>.
Field GNLabelHighestEDaughterDistance is not a pyarrow Array: <class 'list'>.
Field GNLabelHighestEDaughterEFraction is not a pyarrow Array: <class 'list'>.
Field zenith_GNHighestEInIceParticle is not a pyarrow Array: <class 'list'>.
Field azimuth_GNHighestEInIceParticle is not a pyarrow Array: <class 'list'>.
Field dir_x_GNHighestEInIceParticle is not a pyarrow Array: <class 'list'>.
Field dir_y_GNHighestEInIceParticle is not a pyarrow Array: <class 'list'>.
Field dir_z_GNHighestEInIceParticle is not a pyarrow Array: <class 'list'>.
Field pos_x_GNHighestEInIceParticle is not a pyarrow Array: <class 'list'>.
Field pos_y_GNHighestEInIceParticle is not a pyarrow Array: <class 'list'>.
Field pos_z_GNHighestEInIceParticle is not a pyarrow Array: <class 'list'>.
Field time_GNHighestEInIceParticle is not a pyarrow Array: <class 'list'>.
Field speed_GNHighestEInIceParticle is not a pyarrow Array: <class 'list'>.
Field energy_GNHighestEInIceParticle is not a pyarrow Array: <class 'list'>.
Field zenith_GNHighestEDaughter is not a pyarrow Array: <class 'list'>.
Field azimuth_GNHighestEDaughter is not a pyarrow Array: <class 'list'>.
Field dir_x_GNHighestEDaughter is not a pyarrow Array: <class 'list'>.
Field dir_y_GNHighestEDaughter is not a pyarrow Array: <class 'list'>.
Field dir_z_GNHighestEDaughter is not a pyarrow Array: <class 'list'>.
Field pos_x_GNHighestEDaughter is not a pyarrow Array: <class 'list'>.
Field pos_y_GNHighestEDaughter is not a pyarrow Array: <class 'list'>.
Field pos_z_GNHighestEDaughter is not a pyarrow Array: <class 'list'>.
Field time_GNHighestEDaughter is not a pyarrow Array: <class 'list'>.
Field speed_GNHighestEDaughter is not a pyarrow Array: <class 'list'>.
Field energy_GNHighestEDaughter is not a pyarrow Array: <class 'list'>.
zenith_GNHighestEDaughter sample: [None, None, None, None, None]
Field event_no is not a pyarrow Array: <class 'pyarrow.lib.ChunkedArray'>.
Field subdirectory_no: [
  99,
  99,
  99,
  99,
  99
]
Field part_no: [
  98,
  98,
  98,
  98,
  98
]
Field shard_no: [
  7,
  7,
  7,
  7,
  7
]
Field N_doms is not a pyarrow Array: <class 'pyarrow.lib.ChunkedArray'>.
Field offset is not a pyarrow Array: <class 'pyarrow.lib.ChunkedArray'>.
Field energy is not a pyarrow Array: <class 'pyarrow.lib.ChunkedArray'>.
Field azimuth is not a pyarrow Array: <class 'pyarrow.lib.ChunkedArray'>.
Field zenith is not a pyarrow Array: <class 'pyarrow.lib.ChunkedArray'>.
Field pid is not a pyarrow Array: <class 'pyarrow.lib.ChunkedArray'>.
Field event_time is not a pyarrow Array: <class 'pyarrow.lib.ChunkedArray'>.
Field interaction_type is not a pyarrow Array: <class 'pyarrow.lib.ChunkedArray'>.
Field elasticity is not a pyarrow Array: <class 'pyarrow.lib.ChunkedArray'>.
Field RunID is not a pyarrow Array: <class 'pyarrow.lib.ChunkedArray'>.
Field SubrunID is not a pyarrow Array: <class 'pyarrow.lib.ChunkedArray'>.
Field EventID is not a pyarrow Array: <class 'pyarrow.lib.ChunkedArray'>.
Field SubEventID is not a pyarrow Array: <class 'pyarrow.lib.ChunkedArray'>.
Field dbang_decay_length is not a pyarrow Array: <class 'pyarrow.lib.ChunkedArray'>.
Field track_length is not a pyarrow Array: <class 'pyarrow.lib.ChunkedArray'>.
Field stopped_muon is not a pyarrow Array: <class 'pyarrow.lib.ChunkedArray'>.
Field energy_track is not a pyarrow Array: <class 'pyarrow.lib.ChunkedArray'>.
Field energy_cascade is not a pyarrow Array: <class 'pyarrow.lib.ChunkedArray'>.
Field inelasticity is not a pyarrow Array: <class 'pyarrow.lib.ChunkedArray'>.
Field DeepCoreFilter_13 is not a pyarrow Array: <class 'pyarrow.lib.ChunkedArray'>.
Field CascadeFilter_13 is not a pyarrow Array: <class 'pyarrow.lib.ChunkedArray'>.
Field MuonFilter_13 is not a pyarrow Array: <class 'pyarrow.lib.ChunkedArray'>.
Field OnlineL2Filter_17 is not a pyarrow Array: <class 'pyarrow.lib.ChunkedArray'>.
Field L3_oscNext_bool is not a pyarrow Array: <class 'pyarrow.lib.ChunkedArray'>.
Field L4_oscNext_bool is not a pyarrow Array: <class 'pyarrow.lib.ChunkedArray'>.
Field L5_oscNext_bool is not a pyarrow Array: <class 'pyarrow.lib.ChunkedArray'>.
Field L6_oscNext_bool is not a pyarrow Array: <class 'pyarrow.lib.ChunkedArray'>.
Field L7_oscNext_bool is not a pyarrow Array: <class 'pyarrow.lib.ChunkedArray'>.
Field Homogenized_QTot is not a pyarrow Array: <class 'pyarrow.lib.ChunkedArray'>.
Field MCLabelClassification is not a pyarrow Array: <class 'pyarrow.lib.ChunkedArray'>.
Field MCLabelCoincidentMuons is not a pyarrow Array: <class 'pyarrow.lib.ChunkedArray'>.
Field MCLabelBgMuonMCPE is not a pyarrow Array: <class 'pyarrow.lib.ChunkedArray'>.
Field MCLabelBgMuonMCPECharge is not a pyarrow Array: <class 'pyarrow.lib.ChunkedArray'>.
Field GNLabelTrackEnergyDeposited is not a pyarrow Array: <class 'list'>.
Field GNLabelTrackEnergyOnEntrance is not a pyarrow Array: <class 'list'>.
Field GNLabelTrackEnergyOnEntrancePrimary is not a pyarrow Array: <class 'list'>.
Field GNLabelTrackEnergyDepositedPrimary is not a pyarrow Array: <class 'list'>.
Field GNLabelEnergyPrimary is not a pyarrow Array: <class 'list'>.
Field GNLabelCascadeEnergyDepositedPrimary is not a pyarrow Array: <class 'list'>.
Field GNLabelCascadeEnergyDeposited is not a pyarrow Array: <class 'list'>.
Field GNLabelEnergyDepositedTotal is not a pyarrow Array: <class 'list'>.
Field GNLabelEnergyDepositedPrimary is not a pyarrow Array: <class 'list'>.
Field GNLabelHighestEInIceParticleIsChild is not a pyarrow Array: <class 'list'>.
Field GNLabelHighestEInIceParticleDistance is not a pyarrow Array: <class 'list'>.
Field GNLabelHighestEInIceParticleEFraction is not a pyarrow Array: <class 'list'>.
Field GNLabelHighestEDaughterDistance is not a pyarrow Array: <class 'list'>.
Field GNLabelHighestEDaughterEFraction is not a pyarrow Array: <class 'list'>.
Field zenith_GNHighestEInIceParticle is not a pyarrow Array: <class 'list'>.
Field azimuth_GNHighestEInIceParticle is not a pyarrow Array: <class 'list'>.
Field dir_x_GNHighestEInIceParticle is not a pyarrow Array: <class 'list'>.
Field dir_y_GNHighestEInIceParticle is not a pyarrow Array: <class 'list'>.
Field dir_z_GNHighestEInIceParticle is not a pyarrow Array: <class 'list'>.
Field pos_x_GNHighestEInIceParticle is not a pyarrow Array: <class 'list'>.
Field pos_y_GNHighestEInIceParticle is not a pyarrow Array: <class 'list'>.
Field pos_z_GNHighestEInIceParticle is not a pyarrow Array: <class 'list'>.
Field time_GNHighestEInIceParticle is not a pyarrow Array: <class 'list'>.
Field speed_GNHighestEInIceParticle is not a pyarrow Array: <class 'list'>.
Field energy_GNHighestEInIceParticle is not a pyarrow Array: <class 'list'>.
Field zenith_GNHighestEDaughter is not a pyarrow Array: <class 'list'>.
Field azimuth_GNHighestEDaughter is not a pyarrow Array: <class 'list'>.
Field dir_x_GNHighestEDaughter is not a pyarrow Array: <class 'list'>.
Field dir_y_GNHighestEDaughter is not a pyarrow Array: <class 'list'>.
Field dir_z_GNHighestEDaughter is not a pyarrow Array: <class 'list'>.
Field pos_x_GNHighestEDaughter is not a pyarrow Array: <class 'list'>.
Field pos_y_GNHighestEDaughter is not a pyarrow Array: <class 'list'>.
Field pos_z_GNHighestEDaughter is not a pyarrow Array: <class 'list'>.
Field time_GNHighestEDaughter is not a pyarrow Array: <class 'list'>.
Field speed_GNHighestEDaughter is not a pyarrow Array: <class 'list'>.
Field energy_GNHighestEDaughter is not a pyarrow Array: <class 'list'>.
zenith_GNHighestEDaughter sample: [None, None, None, None, None]
Field event_no is not a pyarrow Array: <class 'pyarrow.lib.ChunkedArray'>.
Field subdirectory_no: [
  99,
  99,
  99,
  99
]
Field part_no: [
  98,
  98,
  98,
  98
]
Field shard_no: [
  8,
  8,
  8,
  8
]
Field N_doms is not a pyarrow Array: <class 'pyarrow.lib.ChunkedArray'>.
Field offset is not a pyarrow Array: <class 'pyarrow.lib.ChunkedArray'>.
Field energy is not a pyarrow Array: <class 'pyarrow.lib.ChunkedArray'>.
Field azimuth is not a pyarrow Array: <class 'pyarrow.lib.ChunkedArray'>.
Field zenith is not a pyarrow Array: <class 'pyarrow.lib.ChunkedArray'>.
Field pid is not a pyarrow Array: <class 'pyarrow.lib.ChunkedArray'>.
Field event_time is not a pyarrow Array: <class 'pyarrow.lib.ChunkedArray'>.
Field interaction_type is not a pyarrow Array: <class 'pyarrow.lib.ChunkedArray'>.
Field elasticity is not a pyarrow Array: <class 'pyarrow.lib.ChunkedArray'>.
Field RunID is not a pyarrow Array: <class 'pyarrow.lib.ChunkedArray'>.
Field SubrunID is not a pyarrow Array: <class 'pyarrow.lib.ChunkedArray'>.
Field EventID is not a pyarrow Array: <class 'pyarrow.lib.ChunkedArray'>.
Field SubEventID is not a pyarrow Array: <class 'pyarrow.lib.ChunkedArray'>.
Field dbang_decay_length is not a pyarrow Array: <class 'pyarrow.lib.ChunkedArray'>.
Field track_length is not a pyarrow Array: <class 'pyarrow.lib.ChunkedArray'>.
Field stopped_muon is not a pyarrow Array: <class 'pyarrow.lib.ChunkedArray'>.
Field energy_track is not a pyarrow Array: <class 'pyarrow.lib.ChunkedArray'>.
Field energy_cascade is not a pyarrow Array: <class 'pyarrow.lib.ChunkedArray'>.
Field inelasticity is not a pyarrow Array: <class 'pyarrow.lib.ChunkedArray'>.
Field DeepCoreFilter_13 is not a pyarrow Array: <class 'pyarrow.lib.ChunkedArray'>.
Field CascadeFilter_13 is not a pyarrow Array: <class 'pyarrow.lib.ChunkedArray'>.
Field MuonFilter_13 is not a pyarrow Array: <class 'pyarrow.lib.ChunkedArray'>.
Field OnlineL2Filter_17 is not a pyarrow Array: <class 'pyarrow.lib.ChunkedArray'>.
Field L3_oscNext_bool is not a pyarrow Array: <class 'pyarrow.lib.ChunkedArray'>.
Field L4_oscNext_bool is not a pyarrow Array: <class 'pyarrow.lib.ChunkedArray'>.
Field L5_oscNext_bool is not a pyarrow Array: <class 'pyarrow.lib.ChunkedArray'>.
Field L6_oscNext_bool is not a pyarrow Array: <class 'pyarrow.lib.ChunkedArray'>.
Field L7_oscNext_bool is not a pyarrow Array: <class 'pyarrow.lib.ChunkedArray'>.
Field Homogenized_QTot is not a pyarrow Array: <class 'pyarrow.lib.ChunkedArray'>.
Field MCLabelClassification is not a pyarrow Array: <class 'pyarrow.lib.ChunkedArray'>.
Field MCLabelCoincidentMuons is not a pyarrow Array: <class 'pyarrow.lib.ChunkedArray'>.
Field MCLabelBgMuonMCPE is not a pyarrow Array: <class 'pyarrow.lib.ChunkedArray'>.
Field MCLabelBgMuonMCPECharge is not a pyarrow Array: <class 'pyarrow.lib.ChunkedArray'>.
Field GNLabelTrackEnergyDeposited is not a pyarrow Array: <class 'list'>.
Field GNLabelTrackEnergyOnEntrance is not a pyarrow Array: <class 'list'>.
Field GNLabelTrackEnergyOnEntrancePrimary is not a pyarrow Array: <class 'list'>.
Field GNLabelTrackEnergyDepositedPrimary is not a pyarrow Array: <class 'list'>.
Field GNLabelEnergyPrimary is not a pyarrow Array: <class 'list'>.
Field GNLabelCascadeEnergyDepositedPrimary is not a pyarrow Array: <class 'list'>.
Field GNLabelCascadeEnergyDeposited is not a pyarrow Array: <class 'list'>.
Field GNLabelEnergyDepositedTotal is not a pyarrow Array: <class 'list'>.
Field GNLabelEnergyDepositedPrimary is not a pyarrow Array: <class 'list'>.
Field GNLabelHighestEInIceParticleIsChild is not a pyarrow Array: <class 'list'>.
Field GNLabelHighestEInIceParticleDistance is not a pyarrow Array: <class 'list'>.
Field GNLabelHighestEInIceParticleEFraction is not a pyarrow Array: <class 'list'>.
Field GNLabelHighestEDaughterDistance is not a pyarrow Array: <class 'list'>.
Field GNLabelHighestEDaughterEFraction is not a pyarrow Array: <class 'list'>.
Field zenith_GNHighestEInIceParticle is not a pyarrow Array: <class 'list'>.
Field azimuth_GNHighestEInIceParticle is not a pyarrow Array: <class 'list'>.
Field dir_x_GNHighestEInIceParticle is not a pyarrow Array: <class 'list'>.
Field dir_y_GNHighestEInIceParticle is not a pyarrow Array: <class 'list'>.
Field dir_z_GNHighestEInIceParticle is not a pyarrow Array: <class 'list'>.
Field pos_x_GNHighestEInIceParticle is not a pyarrow Array: <class 'list'>.
Field pos_y_GNHighestEInIceParticle is not a pyarrow Array: <class 'list'>.
Field pos_z_GNHighestEInIceParticle is not a pyarrow Array: <class 'list'>.
Field time_GNHighestEInIceParticle is not a pyarrow Array: <class 'list'>.
Field speed_GNHighestEInIceParticle is not a pyarrow Array: <class 'list'>.
Field energy_GNHighestEInIceParticle is not a pyarrow Array: <class 'list'>.
Field zenith_GNHighestEDaughter is not a pyarrow Array: <class 'list'>.
Field azimuth_GNHighestEDaughter is not a pyarrow Array: <class 'list'>.
Field dir_x_GNHighestEDaughter is not a pyarrow Array: <class 'list'>.
Field dir_y_GNHighestEDaughter is not a pyarrow Array: <class 'list'>.
Field dir_z_GNHighestEDaughter is not a pyarrow Array: <class 'list'>.
Field pos_x_GNHighestEDaughter is not a pyarrow Array: <class 'list'>.
Field pos_y_GNHighestEDaughter is not a pyarrow Array: <class 'list'>.
Field pos_z_GNHighestEDaughter is not a pyarrow Array: <class 'list'>.
Field time_GNHighestEDaughter is not a pyarrow Array: <class 'list'>.
Field speed_GNHighestEDaughter is not a pyarrow Array: <class 'list'>.
Field energy_GNHighestEDaughter is not a pyarrow Array: <class 'list'>.
zenith_GNHighestEDaughter sample: [None, None, None, None]
Field event_no is not a pyarrow Array: <class 'pyarrow.lib.ChunkedArray'>.
Field subdirectory_no: [
  99,
  99,
  99,
  99,
  99
]
Field part_no: [
  99,
  99,
  99,
  99,
  99
]
Field shard_no: [
  1,
  1,
  1,
  1,
  1
]
Field N_doms is not a pyarrow Array: <class 'pyarrow.lib.ChunkedArray'>.
Field offset is not a pyarrow Array: <class 'pyarrow.lib.ChunkedArray'>.
Field energy is not a pyarrow Array: <class 'pyarrow.lib.ChunkedArray'>.
Field azimuth is not a pyarrow Array: <class 'pyarrow.lib.ChunkedArray'>.
Field zenith is not a pyarrow Array: <class 'pyarrow.lib.ChunkedArray'>.
Field pid is not a pyarrow Array: <class 'pyarrow.lib.ChunkedArray'>.
Field event_time is not a pyarrow Array: <class 'pyarrow.lib.ChunkedArray'>.
Field interaction_type is not a pyarrow Array: <class 'pyarrow.lib.ChunkedArray'>.
Field elasticity is not a pyarrow Array: <class 'pyarrow.lib.ChunkedArray'>.
Field RunID is not a pyarrow Array: <class 'pyarrow.lib.ChunkedArray'>.
Field SubrunID is not a pyarrow Array: <class 'pyarrow.lib.ChunkedArray'>.
Field EventID is not a pyarrow Array: <class 'pyarrow.lib.ChunkedArray'>.
Field SubEventID is not a pyarrow Array: <class 'pyarrow.lib.ChunkedArray'>.
Field dbang_decay_length is not a pyarrow Array: <class 'pyarrow.lib.ChunkedArray'>.
Field track_length is not a pyarrow Array: <class 'pyarrow.lib.ChunkedArray'>.
Field stopped_muon is not a pyarrow Array: <class 'pyarrow.lib.ChunkedArray'>.
Field energy_track is not a pyarrow Array: <class 'pyarrow.lib.ChunkedArray'>.
Field energy_cascade is not a pyarrow Array: <class 'pyarrow.lib.ChunkedArray'>.
Field inelasticity is not a pyarrow Array: <class 'pyarrow.lib.ChunkedArray'>.
Field DeepCoreFilter_13 is not a pyarrow Array: <class 'pyarrow.lib.ChunkedArray'>.
Field CascadeFilter_13 is not a pyarrow Array: <class 'pyarrow.lib.ChunkedArray'>.
Field MuonFilter_13 is not a pyarrow Array: <class 'pyarrow.lib.ChunkedArray'>.
Field OnlineL2Filter_17 is not a pyarrow Array: <class 'pyarrow.lib.ChunkedArray'>.
Field L3_oscNext_bool is not a pyarrow Array: <class 'pyarrow.lib.ChunkedArray'>.
Field L4_oscNext_bool is not a pyarrow Array: <class 'pyarrow.lib.ChunkedArray'>.
Field L5_oscNext_bool is not a pyarrow Array: <class 'pyarrow.lib.ChunkedArray'>.
Field L6_oscNext_bool is not a pyarrow Array: <class 'pyarrow.lib.ChunkedArray'>.
Field L7_oscNext_bool is not a pyarrow Array: <class 'pyarrow.lib.ChunkedArray'>.
Field Homogenized_QTot is not a pyarrow Array: <class 'pyarrow.lib.ChunkedArray'>.
Field MCLabelClassification is not a pyarrow Array: <class 'pyarrow.lib.ChunkedArray'>.
Field MCLabelCoincidentMuons is not a pyarrow Array: <class 'pyarrow.lib.ChunkedArray'>.
Field MCLabelBgMuonMCPE is not a pyarrow Array: <class 'pyarrow.lib.ChunkedArray'>.
Field MCLabelBgMuonMCPECharge is not a pyarrow Array: <class 'pyarrow.lib.ChunkedArray'>.
Field GNLabelTrackEnergyDeposited is not a pyarrow Array: <class 'list'>.
Field GNLabelTrackEnergyOnEntrance is not a pyarrow Array: <class 'list'>.
Field GNLabelTrackEnergyOnEntrancePrimary is not a pyarrow Array: <class 'list'>.
Field GNLabelTrackEnergyDepositedPrimary is not a pyarrow Array: <class 'list'>.
Field GNLabelEnergyPrimary is not a pyarrow Array: <class 'list'>.
Field GNLabelCascadeEnergyDepositedPrimary is not a pyarrow Array: <class 'list'>.
Field GNLabelCascadeEnergyDeposited is not a pyarrow Array: <class 'list'>.
Field GNLabelEnergyDepositedTotal is not a pyarrow Array: <class 'list'>.
Field GNLabelEnergyDepositedPrimary is not a pyarrow Array: <class 'list'>.
Field GNLabelHighestEInIceParticleIsChild is not a pyarrow Array: <class 'list'>.
Field GNLabelHighestEInIceParticleDistance is not a pyarrow Array: <class 'list'>.
Field GNLabelHighestEInIceParticleEFraction is not a pyarrow Array: <class 'list'>.
Field GNLabelHighestEDaughterDistance is not a pyarrow Array: <class 'list'>.
Field GNLabelHighestEDaughterEFraction is not a pyarrow Array: <class 'list'>.
Field zenith_GNHighestEInIceParticle is not a pyarrow Array: <class 'list'>.
Field azimuth_GNHighestEInIceParticle is not a pyarrow Array: <class 'list'>.
Field dir_x_GNHighestEInIceParticle is not a pyarrow Array: <class 'list'>.
Field dir_y_GNHighestEInIceParticle is not a pyarrow Array: <class 'list'>.
Field dir_z_GNHighestEInIceParticle is not a pyarrow Array: <class 'list'>.
Field pos_x_GNHighestEInIceParticle is not a pyarrow Array: <class 'list'>.
Field pos_y_GNHighestEInIceParticle is not a pyarrow Array: <class 'list'>.
Field pos_z_GNHighestEInIceParticle is not a pyarrow Array: <class 'list'>.
Field time_GNHighestEInIceParticle is not a pyarrow Array: <class 'list'>.
Field speed_GNHighestEInIceParticle is not a pyarrow Array: <class 'list'>.
Field energy_GNHighestEInIceParticle is not a pyarrow Array: <class 'list'>.
Field zenith_GNHighestEDaughter is not a pyarrow Array: <class 'list'>.
Field azimuth_GNHighestEDaughter is not a pyarrow Array: <class 'list'>.
Field dir_x_GNHighestEDaughter is not a pyarrow Array: <class 'list'>.
Field dir_y_GNHighestEDaughter is not a pyarrow Array: <class 'list'>.
Field dir_z_GNHighestEDaughter is not a pyarrow Array: <class 'list'>.
Field pos_x_GNHighestEDaughter is not a pyarrow Array: <class 'list'>.
Field pos_y_GNHighestEDaughter is not a pyarrow Array: <class 'list'>.
Field pos_z_GNHighestEDaughter is not a pyarrow Array: <class 'list'>.
Field time_GNHighestEDaughter is not a pyarrow Array: <class 'list'>.
Field speed_GNHighestEDaughter is not a pyarrow Array: <class 'list'>.
Field energy_GNHighestEDaughter is not a pyarrow Array: <class 'list'>.
zenith_GNHighestEDaughter sample: [None, None, None, None, None]
Field event_no is not a pyarrow Array: <class 'pyarrow.lib.ChunkedArray'>.
Field subdirectory_no: [
  99,
  99,
  99,
  99,
  99
]
Field part_no: [
  99,
  99,
  99,
  99,
  99
]
Field shard_no: [
  2,
  2,
  2,
  2,
  2
]
Field N_doms is not a pyarrow Array: <class 'pyarrow.lib.ChunkedArray'>.
Field offset is not a pyarrow Array: <class 'pyarrow.lib.ChunkedArray'>.
Field energy is not a pyarrow Array: <class 'pyarrow.lib.ChunkedArray'>.
Field azimuth is not a pyarrow Array: <class 'pyarrow.lib.ChunkedArray'>.
Field zenith is not a pyarrow Array: <class 'pyarrow.lib.ChunkedArray'>.
Field pid is not a pyarrow Array: <class 'pyarrow.lib.ChunkedArray'>.
Field event_time is not a pyarrow Array: <class 'pyarrow.lib.ChunkedArray'>.
Field interaction_type is not a pyarrow Array: <class 'pyarrow.lib.ChunkedArray'>.
Field elasticity is not a pyarrow Array: <class 'pyarrow.lib.ChunkedArray'>.
Field RunID is not a pyarrow Array: <class 'pyarrow.lib.ChunkedArray'>.
Field SubrunID is not a pyarrow Array: <class 'pyarrow.lib.ChunkedArray'>.
Field EventID is not a pyarrow Array: <class 'pyarrow.lib.ChunkedArray'>.
Field SubEventID is not a pyarrow Array: <class 'pyarrow.lib.ChunkedArray'>.
Field dbang_decay_length is not a pyarrow Array: <class 'pyarrow.lib.ChunkedArray'>.
Field track_length is not a pyarrow Array: <class 'pyarrow.lib.ChunkedArray'>.
Field stopped_muon is not a pyarrow Array: <class 'pyarrow.lib.ChunkedArray'>.
Field energy_track is not a pyarrow Array: <class 'pyarrow.lib.ChunkedArray'>.
Field energy_cascade is not a pyarrow Array: <class 'pyarrow.lib.ChunkedArray'>.
Field inelasticity is not a pyarrow Array: <class 'pyarrow.lib.ChunkedArray'>.
Field DeepCoreFilter_13 is not a pyarrow Array: <class 'pyarrow.lib.ChunkedArray'>.
Field CascadeFilter_13 is not a pyarrow Array: <class 'pyarrow.lib.ChunkedArray'>.
Field MuonFilter_13 is not a pyarrow Array: <class 'pyarrow.lib.ChunkedArray'>.
Field OnlineL2Filter_17 is not a pyarrow Array: <class 'pyarrow.lib.ChunkedArray'>.
Field L3_oscNext_bool is not a pyarrow Array: <class 'pyarrow.lib.ChunkedArray'>.
Field L4_oscNext_bool is not a pyarrow Array: <class 'pyarrow.lib.ChunkedArray'>.
Field L5_oscNext_bool is not a pyarrow Array: <class 'pyarrow.lib.ChunkedArray'>.
Field L6_oscNext_bool is not a pyarrow Array: <class 'pyarrow.lib.ChunkedArray'>.
Field L7_oscNext_bool is not a pyarrow Array: <class 'pyarrow.lib.ChunkedArray'>.
Field Homogenized_QTot is not a pyarrow Array: <class 'pyarrow.lib.ChunkedArray'>.
Field MCLabelClassification is not a pyarrow Array: <class 'pyarrow.lib.ChunkedArray'>.
Field MCLabelCoincidentMuons is not a pyarrow Array: <class 'pyarrow.lib.ChunkedArray'>.
Field MCLabelBgMuonMCPE is not a pyarrow Array: <class 'pyarrow.lib.ChunkedArray'>.
Field MCLabelBgMuonMCPECharge is not a pyarrow Array: <class 'pyarrow.lib.ChunkedArray'>.
Field GNLabelTrackEnergyDeposited is not a pyarrow Array: <class 'list'>.
Field GNLabelTrackEnergyOnEntrance is not a pyarrow Array: <class 'list'>.
Field GNLabelTrackEnergyOnEntrancePrimary is not a pyarrow Array: <class 'list'>.
Field GNLabelTrackEnergyDepositedPrimary is not a pyarrow Array: <class 'list'>.
Field GNLabelEnergyPrimary is not a pyarrow Array: <class 'list'>.
Field GNLabelCascadeEnergyDepositedPrimary is not a pyarrow Array: <class 'list'>.
Field GNLabelCascadeEnergyDeposited is not a pyarrow Array: <class 'list'>.
Field GNLabelEnergyDepositedTotal is not a pyarrow Array: <class 'list'>.
Field GNLabelEnergyDepositedPrimary is not a pyarrow Array: <class 'list'>.
Field GNLabelHighestEInIceParticleIsChild is not a pyarrow Array: <class 'list'>.
Field GNLabelHighestEInIceParticleDistance is not a pyarrow Array: <class 'list'>.
Field GNLabelHighestEInIceParticleEFraction is not a pyarrow Array: <class 'list'>.
Field GNLabelHighestEDaughterDistance is not a pyarrow Array: <class 'list'>.
Field GNLabelHighestEDaughterEFraction is not a pyarrow Array: <class 'list'>.
Field zenith_GNHighestEInIceParticle is not a pyarrow Array: <class 'list'>.
Field azimuth_GNHighestEInIceParticle is not a pyarrow Array: <class 'list'>.
Field dir_x_GNHighestEInIceParticle is not a pyarrow Array: <class 'list'>.
Field dir_y_GNHighestEInIceParticle is not a pyarrow Array: <class 'list'>.
Field dir_z_GNHighestEInIceParticle is not a pyarrow Array: <class 'list'>.
Field pos_x_GNHighestEInIceParticle is not a pyarrow Array: <class 'list'>.
Field pos_y_GNHighestEInIceParticle is not a pyarrow Array: <class 'list'>.
Field pos_z_GNHighestEInIceParticle is not a pyarrow Array: <class 'list'>.
Field time_GNHighestEInIceParticle is not a pyarrow Array: <class 'list'>.
Field speed_GNHighestEInIceParticle is not a pyarrow Array: <class 'list'>.
Field energy_GNHighestEInIceParticle is not a pyarrow Array: <class 'list'>.
Field zenith_GNHighestEDaughter is not a pyarrow Array: <class 'list'>.
Field azimuth_GNHighestEDaughter is not a pyarrow Array: <class 'list'>.
Field dir_x_GNHighestEDaughter is not a pyarrow Array: <class 'list'>.
Field dir_y_GNHighestEDaughter is not a pyarrow Array: <class 'list'>.
Field dir_z_GNHighestEDaughter is not a pyarrow Array: <class 'list'>.
Field pos_x_GNHighestEDaughter is not a pyarrow Array: <class 'list'>.
Field pos_y_GNHighestEDaughter is not a pyarrow Array: <class 'list'>.
Field pos_z_GNHighestEDaughter is not a pyarrow Array: <class 'list'>.
Field time_GNHighestEDaughter is not a pyarrow Array: <class 'list'>.
Field speed_GNHighestEDaughter is not a pyarrow Array: <class 'list'>.
Field energy_GNHighestEDaughter is not a pyarrow Array: <class 'list'>.
zenith_GNHighestEDaughter sample: [None, None, None, None, None]
Field event_no is not a pyarrow Array: <class 'pyarrow.lib.ChunkedArray'>.
Field subdirectory_no: [
  99,
  99,
  99,
  99,
  99
]
Field part_no: [
  99,
  99,
  99,
  99,
  99
]
Field shard_no: [
  3,
  3,
  3,
  3,
  3
]
Field N_doms is not a pyarrow Array: <class 'pyarrow.lib.ChunkedArray'>.
Field offset is not a pyarrow Array: <class 'pyarrow.lib.ChunkedArray'>.
Field energy is not a pyarrow Array: <class 'pyarrow.lib.ChunkedArray'>.
Field azimuth is not a pyarrow Array: <class 'pyarrow.lib.ChunkedArray'>.
Field zenith is not a pyarrow Array: <class 'pyarrow.lib.ChunkedArray'>.
Field pid is not a pyarrow Array: <class 'pyarrow.lib.ChunkedArray'>.
Field event_time is not a pyarrow Array: <class 'pyarrow.lib.ChunkedArray'>.
Field interaction_type is not a pyarrow Array: <class 'pyarrow.lib.ChunkedArray'>.
Field elasticity is not a pyarrow Array: <class 'pyarrow.lib.ChunkedArray'>.
Field RunID is not a pyarrow Array: <class 'pyarrow.lib.ChunkedArray'>.
Field SubrunID is not a pyarrow Array: <class 'pyarrow.lib.ChunkedArray'>.
Field EventID is not a pyarrow Array: <class 'pyarrow.lib.ChunkedArray'>.
Field SubEventID is not a pyarrow Array: <class 'pyarrow.lib.ChunkedArray'>.
Field dbang_decay_length is not a pyarrow Array: <class 'pyarrow.lib.ChunkedArray'>.
Field track_length is not a pyarrow Array: <class 'pyarrow.lib.ChunkedArray'>.
Field stopped_muon is not a pyarrow Array: <class 'pyarrow.lib.ChunkedArray'>.
Field energy_track is not a pyarrow Array: <class 'pyarrow.lib.ChunkedArray'>.
Field energy_cascade is not a pyarrow Array: <class 'pyarrow.lib.ChunkedArray'>.
Field inelasticity is not a pyarrow Array: <class 'pyarrow.lib.ChunkedArray'>.
Field DeepCoreFilter_13 is not a pyarrow Array: <class 'pyarrow.lib.ChunkedArray'>.
Field CascadeFilter_13 is not a pyarrow Array: <class 'pyarrow.lib.ChunkedArray'>.
Field MuonFilter_13 is not a pyarrow Array: <class 'pyarrow.lib.ChunkedArray'>.
Field OnlineL2Filter_17 is not a pyarrow Array: <class 'pyarrow.lib.ChunkedArray'>.
Field L3_oscNext_bool is not a pyarrow Array: <class 'pyarrow.lib.ChunkedArray'>.
Field L4_oscNext_bool is not a pyarrow Array: <class 'pyarrow.lib.ChunkedArray'>.
Field L5_oscNext_bool is not a pyarrow Array: <class 'pyarrow.lib.ChunkedArray'>.
Field L6_oscNext_bool is not a pyarrow Array: <class 'pyarrow.lib.ChunkedArray'>.
Field L7_oscNext_bool is not a pyarrow Array: <class 'pyarrow.lib.ChunkedArray'>.
Field Homogenized_QTot is not a pyarrow Array: <class 'pyarrow.lib.ChunkedArray'>.
Field MCLabelClassification is not a pyarrow Array: <class 'pyarrow.lib.ChunkedArray'>.
Field MCLabelCoincidentMuons is not a pyarrow Array: <class 'pyarrow.lib.ChunkedArray'>.
Field MCLabelBgMuonMCPE is not a pyarrow Array: <class 'pyarrow.lib.ChunkedArray'>.
Field MCLabelBgMuonMCPECharge is not a pyarrow Array: <class 'pyarrow.lib.ChunkedArray'>.
Field GNLabelTrackEnergyDeposited is not a pyarrow Array: <class 'list'>.
Field GNLabelTrackEnergyOnEntrance is not a pyarrow Array: <class 'list'>.
Field GNLabelTrackEnergyOnEntrancePrimary is not a pyarrow Array: <class 'list'>.
Field GNLabelTrackEnergyDepositedPrimary is not a pyarrow Array: <class 'list'>.
Field GNLabelEnergyPrimary is not a pyarrow Array: <class 'list'>.
Field GNLabelCascadeEnergyDepositedPrimary is not a pyarrow Array: <class 'list'>.
Field GNLabelCascadeEnergyDeposited is not a pyarrow Array: <class 'list'>.
Field GNLabelEnergyDepositedTotal is not a pyarrow Array: <class 'list'>.
Field GNLabelEnergyDepositedPrimary is not a pyarrow Array: <class 'list'>.
Field GNLabelHighestEInIceParticleIsChild is not a pyarrow Array: <class 'list'>.
Field GNLabelHighestEInIceParticleDistance is not a pyarrow Array: <class 'list'>.
Field GNLabelHighestEInIceParticleEFraction is not a pyarrow Array: <class 'list'>.
Field GNLabelHighestEDaughterDistance is not a pyarrow Array: <class 'list'>.
Field GNLabelHighestEDaughterEFraction is not a pyarrow Array: <class 'list'>.
Field zenith_GNHighestEInIceParticle is not a pyarrow Array: <class 'list'>.
Field azimuth_GNHighestEInIceParticle is not a pyarrow Array: <class 'list'>.
Field dir_x_GNHighestEInIceParticle is not a pyarrow Array: <class 'list'>.
Field dir_y_GNHighestEInIceParticle is not a pyarrow Array: <class 'list'>.
Field dir_z_GNHighestEInIceParticle is not a pyarrow Array: <class 'list'>.
Field pos_x_GNHighestEInIceParticle is not a pyarrow Array: <class 'list'>.
Field pos_y_GNHighestEInIceParticle is not a pyarrow Array: <class 'list'>.
Field pos_z_GNHighestEInIceParticle is not a pyarrow Array: <class 'list'>.
Field time_GNHighestEInIceParticle is not a pyarrow Array: <class 'list'>.
Field speed_GNHighestEInIceParticle is not a pyarrow Array: <class 'list'>.
Field energy_GNHighestEInIceParticle is not a pyarrow Array: <class 'list'>.
Field zenith_GNHighestEDaughter is not a pyarrow Array: <class 'list'>.
Field azimuth_GNHighestEDaughter is not a pyarrow Array: <class 'list'>.
Field dir_x_GNHighestEDaughter is not a pyarrow Array: <class 'list'>.
Field dir_y_GNHighestEDaughter is not a pyarrow Array: <class 'list'>.
Field dir_z_GNHighestEDaughter is not a pyarrow Array: <class 'list'>.
Field pos_x_GNHighestEDaughter is not a pyarrow Array: <class 'list'>.
Field pos_y_GNHighestEDaughter is not a pyarrow Array: <class 'list'>.
Field pos_z_GNHighestEDaughter is not a pyarrow Array: <class 'list'>.
Field time_GNHighestEDaughter is not a pyarrow Array: <class 'list'>.
Field speed_GNHighestEDaughter is not a pyarrow Array: <class 'list'>.
Field energy_GNHighestEDaughter is not a pyarrow Array: <class 'list'>.
zenith_GNHighestEDaughter sample: [None, None, None, None, None]
Field event_no is not a pyarrow Array: <class 'pyarrow.lib.ChunkedArray'>.
Field subdirectory_no: [
  99,
  99,
  99,
  99,
  99
]
Field part_no: [
  99,
  99,
  99,
  99,
  99
]
Field shard_no: [
  4,
  4,
  4,
  4,
  4
]
Field N_doms is not a pyarrow Array: <class 'pyarrow.lib.ChunkedArray'>.
Field offset is not a pyarrow Array: <class 'pyarrow.lib.ChunkedArray'>.
Field energy is not a pyarrow Array: <class 'pyarrow.lib.ChunkedArray'>.
Field azimuth is not a pyarrow Array: <class 'pyarrow.lib.ChunkedArray'>.
Field zenith is not a pyarrow Array: <class 'pyarrow.lib.ChunkedArray'>.
Field pid is not a pyarrow Array: <class 'pyarrow.lib.ChunkedArray'>.
Field event_time is not a pyarrow Array: <class 'pyarrow.lib.ChunkedArray'>.
Field interaction_type is not a pyarrow Array: <class 'pyarrow.lib.ChunkedArray'>.
Field elasticity is not a pyarrow Array: <class 'pyarrow.lib.ChunkedArray'>.
Field RunID is not a pyarrow Array: <class 'pyarrow.lib.ChunkedArray'>.
Field SubrunID is not a pyarrow Array: <class 'pyarrow.lib.ChunkedArray'>.
Field EventID is not a pyarrow Array: <class 'pyarrow.lib.ChunkedArray'>.
Field SubEventID is not a pyarrow Array: <class 'pyarrow.lib.ChunkedArray'>.
Field dbang_decay_length is not a pyarrow Array: <class 'pyarrow.lib.ChunkedArray'>.
Field track_length is not a pyarrow Array: <class 'pyarrow.lib.ChunkedArray'>.
Field stopped_muon is not a pyarrow Array: <class 'pyarrow.lib.ChunkedArray'>.
Field energy_track is not a pyarrow Array: <class 'pyarrow.lib.ChunkedArray'>.
Field energy_cascade is not a pyarrow Array: <class 'pyarrow.lib.ChunkedArray'>.
Field inelasticity is not a pyarrow Array: <class 'pyarrow.lib.ChunkedArray'>.
Field DeepCoreFilter_13 is not a pyarrow Array: <class 'pyarrow.lib.ChunkedArray'>.
Field CascadeFilter_13 is not a pyarrow Array: <class 'pyarrow.lib.ChunkedArray'>.
Field MuonFilter_13 is not a pyarrow Array: <class 'pyarrow.lib.ChunkedArray'>.
Field OnlineL2Filter_17 is not a pyarrow Array: <class 'pyarrow.lib.ChunkedArray'>.
Field L3_oscNext_bool is not a pyarrow Array: <class 'pyarrow.lib.ChunkedArray'>.
Field L4_oscNext_bool is not a pyarrow Array: <class 'pyarrow.lib.ChunkedArray'>.
Field L5_oscNext_bool is not a pyarrow Array: <class 'pyarrow.lib.ChunkedArray'>.
Field L6_oscNext_bool is not a pyarrow Array: <class 'pyarrow.lib.ChunkedArray'>.
Field L7_oscNext_bool is not a pyarrow Array: <class 'pyarrow.lib.ChunkedArray'>.
Field Homogenized_QTot is not a pyarrow Array: <class 'pyarrow.lib.ChunkedArray'>.
Field MCLabelClassification is not a pyarrow Array: <class 'pyarrow.lib.ChunkedArray'>.
Field MCLabelCoincidentMuons is not a pyarrow Array: <class 'pyarrow.lib.ChunkedArray'>.
Field MCLabelBgMuonMCPE is not a pyarrow Array: <class 'pyarrow.lib.ChunkedArray'>.
Field MCLabelBgMuonMCPECharge is not a pyarrow Array: <class 'pyarrow.lib.ChunkedArray'>.
Field GNLabelTrackEnergyDeposited is not a pyarrow Array: <class 'list'>.
Field GNLabelTrackEnergyOnEntrance is not a pyarrow Array: <class 'list'>.
Field GNLabelTrackEnergyOnEntrancePrimary is not a pyarrow Array: <class 'list'>.
Field GNLabelTrackEnergyDepositedPrimary is not a pyarrow Array: <class 'list'>.
Field GNLabelEnergyPrimary is not a pyarrow Array: <class 'list'>.
Field GNLabelCascadeEnergyDepositedPrimary is not a pyarrow Array: <class 'list'>.
Field GNLabelCascadeEnergyDeposited is not a pyarrow Array: <class 'list'>.
Field GNLabelEnergyDepositedTotal is not a pyarrow Array: <class 'list'>.
Field GNLabelEnergyDepositedPrimary is not a pyarrow Array: <class 'list'>.
Field GNLabelHighestEInIceParticleIsChild is not a pyarrow Array: <class 'list'>.
Field GNLabelHighestEInIceParticleDistance is not a pyarrow Array: <class 'list'>.
Field GNLabelHighestEInIceParticleEFraction is not a pyarrow Array: <class 'list'>.
Field GNLabelHighestEDaughterDistance is not a pyarrow Array: <class 'list'>.
Field GNLabelHighestEDaughterEFraction is not a pyarrow Array: <class 'list'>.
Field zenith_GNHighestEInIceParticle is not a pyarrow Array: <class 'list'>.
Field azimuth_GNHighestEInIceParticle is not a pyarrow Array: <class 'list'>.
Field dir_x_GNHighestEInIceParticle is not a pyarrow Array: <class 'list'>.
Field dir_y_GNHighestEInIceParticle is not a pyarrow Array: <class 'list'>.
Field dir_z_GNHighestEInIceParticle is not a pyarrow Array: <class 'list'>.
Field pos_x_GNHighestEInIceParticle is not a pyarrow Array: <class 'list'>.
Field pos_y_GNHighestEInIceParticle is not a pyarrow Array: <class 'list'>.
Field pos_z_GNHighestEInIceParticle is not a pyarrow Array: <class 'list'>.
Field time_GNHighestEInIceParticle is not a pyarrow Array: <class 'list'>.
Field speed_GNHighestEInIceParticle is not a pyarrow Array: <class 'list'>.
Field energy_GNHighestEInIceParticle is not a pyarrow Array: <class 'list'>.
Field zenith_GNHighestEDaughter is not a pyarrow Array: <class 'list'>.
Field azimuth_GNHighestEDaughter is not a pyarrow Array: <class 'list'>.
Field dir_x_GNHighestEDaughter is not a pyarrow Array: <class 'list'>.
Field dir_y_GNHighestEDaughter is not a pyarrow Array: <class 'list'>.
Field dir_z_GNHighestEDaughter is not a pyarrow Array: <class 'list'>.
Field pos_x_GNHighestEDaughter is not a pyarrow Array: <class 'list'>.
Field pos_y_GNHighestEDaughter is not a pyarrow Array: <class 'list'>.
Field pos_z_GNHighestEDaughter is not a pyarrow Array: <class 'list'>.
Field time_GNHighestEDaughter is not a pyarrow Array: <class 'list'>.
Field speed_GNHighestEDaughter is not a pyarrow Array: <class 'list'>.
Field energy_GNHighestEDaughter is not a pyarrow Array: <class 'list'>.
zenith_GNHighestEDaughter sample: [None, None, None, None, None]
Field event_no is not a pyarrow Array: <class 'pyarrow.lib.ChunkedArray'>.
Field subdirectory_no: [
  99,
  99,
  99,
  99,
  99
]
Field part_no: [
  99,
  99,
  99,
  99,
  99
]
Field shard_no: [
  5,
  5,
  5,
  5,
  5
]
Field N_doms is not a pyarrow Array: <class 'pyarrow.lib.ChunkedArray'>.
Field offset is not a pyarrow Array: <class 'pyarrow.lib.ChunkedArray'>.
Field energy is not a pyarrow Array: <class 'pyarrow.lib.ChunkedArray'>.
Field azimuth is not a pyarrow Array: <class 'pyarrow.lib.ChunkedArray'>.
Field zenith is not a pyarrow Array: <class 'pyarrow.lib.ChunkedArray'>.
Field pid is not a pyarrow Array: <class 'pyarrow.lib.ChunkedArray'>.
Field event_time is not a pyarrow Array: <class 'pyarrow.lib.ChunkedArray'>.
Field interaction_type is not a pyarrow Array: <class 'pyarrow.lib.ChunkedArray'>.
Field elasticity is not a pyarrow Array: <class 'pyarrow.lib.ChunkedArray'>.
Field RunID is not a pyarrow Array: <class 'pyarrow.lib.ChunkedArray'>.
Field SubrunID is not a pyarrow Array: <class 'pyarrow.lib.ChunkedArray'>.
Field EventID is not a pyarrow Array: <class 'pyarrow.lib.ChunkedArray'>.
Field SubEventID is not a pyarrow Array: <class 'pyarrow.lib.ChunkedArray'>.
Field dbang_decay_length is not a pyarrow Array: <class 'pyarrow.lib.ChunkedArray'>.
Field track_length is not a pyarrow Array: <class 'pyarrow.lib.ChunkedArray'>.
Field stopped_muon is not a pyarrow Array: <class 'pyarrow.lib.ChunkedArray'>.
Field energy_track is not a pyarrow Array: <class 'pyarrow.lib.ChunkedArray'>.
Field energy_cascade is not a pyarrow Array: <class 'pyarrow.lib.ChunkedArray'>.
Field inelasticity is not a pyarrow Array: <class 'pyarrow.lib.ChunkedArray'>.
Field DeepCoreFilter_13 is not a pyarrow Array: <class 'pyarrow.lib.ChunkedArray'>.
Field CascadeFilter_13 is not a pyarrow Array: <class 'pyarrow.lib.ChunkedArray'>.
Field MuonFilter_13 is not a pyarrow Array: <class 'pyarrow.lib.ChunkedArray'>.
Field OnlineL2Filter_17 is not a pyarrow Array: <class 'pyarrow.lib.ChunkedArray'>.
Field L3_oscNext_bool is not a pyarrow Array: <class 'pyarrow.lib.ChunkedArray'>.
Field L4_oscNext_bool is not a pyarrow Array: <class 'pyarrow.lib.ChunkedArray'>.
Field L5_oscNext_bool is not a pyarrow Array: <class 'pyarrow.lib.ChunkedArray'>.
Field L6_oscNext_bool is not a pyarrow Array: <class 'pyarrow.lib.ChunkedArray'>.
Field L7_oscNext_bool is not a pyarrow Array: <class 'pyarrow.lib.ChunkedArray'>.
Field Homogenized_QTot is not a pyarrow Array: <class 'pyarrow.lib.ChunkedArray'>.
Field MCLabelClassification is not a pyarrow Array: <class 'pyarrow.lib.ChunkedArray'>.
Field MCLabelCoincidentMuons is not a pyarrow Array: <class 'pyarrow.lib.ChunkedArray'>.
Field MCLabelBgMuonMCPE is not a pyarrow Array: <class 'pyarrow.lib.ChunkedArray'>.
Field MCLabelBgMuonMCPECharge is not a pyarrow Array: <class 'pyarrow.lib.ChunkedArray'>.
Field GNLabelTrackEnergyDeposited is not a pyarrow Array: <class 'list'>.
Field GNLabelTrackEnergyOnEntrance is not a pyarrow Array: <class 'list'>.
Field GNLabelTrackEnergyOnEntrancePrimary is not a pyarrow Array: <class 'list'>.
Field GNLabelTrackEnergyDepositedPrimary is not a pyarrow Array: <class 'list'>.
Field GNLabelEnergyPrimary is not a pyarrow Array: <class 'list'>.
Field GNLabelCascadeEnergyDepositedPrimary is not a pyarrow Array: <class 'list'>.
Field GNLabelCascadeEnergyDeposited is not a pyarrow Array: <class 'list'>.
Field GNLabelEnergyDepositedTotal is not a pyarrow Array: <class 'list'>.
Field GNLabelEnergyDepositedPrimary is not a pyarrow Array: <class 'list'>.
Field GNLabelHighestEInIceParticleIsChild is not a pyarrow Array: <class 'list'>.
Field GNLabelHighestEInIceParticleDistance is not a pyarrow Array: <class 'list'>.
Field GNLabelHighestEInIceParticleEFraction is not a pyarrow Array: <class 'list'>.
Field GNLabelHighestEDaughterDistance is not a pyarrow Array: <class 'list'>.
Field GNLabelHighestEDaughterEFraction is not a pyarrow Array: <class 'list'>.
Field zenith_GNHighestEInIceParticle is not a pyarrow Array: <class 'list'>.
Field azimuth_GNHighestEInIceParticle is not a pyarrow Array: <class 'list'>.
Field dir_x_GNHighestEInIceParticle is not a pyarrow Array: <class 'list'>.
Field dir_y_GNHighestEInIceParticle is not a pyarrow Array: <class 'list'>.
Field dir_z_GNHighestEInIceParticle is not a pyarrow Array: <class 'list'>.
Field pos_x_GNHighestEInIceParticle is not a pyarrow Array: <class 'list'>.
Field pos_y_GNHighestEInIceParticle is not a pyarrow Array: <class 'list'>.
Field pos_z_GNHighestEInIceParticle is not a pyarrow Array: <class 'list'>.
Field time_GNHighestEInIceParticle is not a pyarrow Array: <class 'list'>.
Field speed_GNHighestEInIceParticle is not a pyarrow Array: <class 'list'>.
Field energy_GNHighestEInIceParticle is not a pyarrow Array: <class 'list'>.
Field zenith_GNHighestEDaughter is not a pyarrow Array: <class 'list'>.
Field azimuth_GNHighestEDaughter is not a pyarrow Array: <class 'list'>.
Field dir_x_GNHighestEDaughter is not a pyarrow Array: <class 'list'>.
Field dir_y_GNHighestEDaughter is not a pyarrow Array: <class 'list'>.
Field dir_z_GNHighestEDaughter is not a pyarrow Array: <class 'list'>.
Field pos_x_GNHighestEDaughter is not a pyarrow Array: <class 'list'>.
Field pos_y_GNHighestEDaughter is not a pyarrow Array: <class 'list'>.
Field pos_z_GNHighestEDaughter is not a pyarrow Array: <class 'list'>.
Field time_GNHighestEDaughter is not a pyarrow Array: <class 'list'>.
Field speed_GNHighestEDaughter is not a pyarrow Array: <class 'list'>.
Field energy_GNHighestEDaughter is not a pyarrow Array: <class 'list'>.
zenith_GNHighestEDaughter sample: [None, None, None, None, None]
Field event_no is not a pyarrow Array: <class 'pyarrow.lib.ChunkedArray'>.
Field subdirectory_no: [
  99,
  99,
  99,
  99,
  99
]
Field part_no: [
  99,
  99,
  99,
  99,
  99
]
Field shard_no: [
  6,
  6,
  6,
  6,
  6
]
Field N_doms is not a pyarrow Array: <class 'pyarrow.lib.ChunkedArray'>.
Field offset is not a pyarrow Array: <class 'pyarrow.lib.ChunkedArray'>.
Field energy is not a pyarrow Array: <class 'pyarrow.lib.ChunkedArray'>.
Field azimuth is not a pyarrow Array: <class 'pyarrow.lib.ChunkedArray'>.
Field zenith is not a pyarrow Array: <class 'pyarrow.lib.ChunkedArray'>.
Field pid is not a pyarrow Array: <class 'pyarrow.lib.ChunkedArray'>.
Field event_time is not a pyarrow Array: <class 'pyarrow.lib.ChunkedArray'>.
Field interaction_type is not a pyarrow Array: <class 'pyarrow.lib.ChunkedArray'>.
Field elasticity is not a pyarrow Array: <class 'pyarrow.lib.ChunkedArray'>.
Field RunID is not a pyarrow Array: <class 'pyarrow.lib.ChunkedArray'>.
Field SubrunID is not a pyarrow Array: <class 'pyarrow.lib.ChunkedArray'>.
Field EventID is not a pyarrow Array: <class 'pyarrow.lib.ChunkedArray'>.
Field SubEventID is not a pyarrow Array: <class 'pyarrow.lib.ChunkedArray'>.
Field dbang_decay_length is not a pyarrow Array: <class 'pyarrow.lib.ChunkedArray'>.
Field track_length is not a pyarrow Array: <class 'pyarrow.lib.ChunkedArray'>.
Field stopped_muon is not a pyarrow Array: <class 'pyarrow.lib.ChunkedArray'>.
Field energy_track is not a pyarrow Array: <class 'pyarrow.lib.ChunkedArray'>.
Field energy_cascade is not a pyarrow Array: <class 'pyarrow.lib.ChunkedArray'>.
Field inelasticity is not a pyarrow Array: <class 'pyarrow.lib.ChunkedArray'>.
Field DeepCoreFilter_13 is not a pyarrow Array: <class 'pyarrow.lib.ChunkedArray'>.
Field CascadeFilter_13 is not a pyarrow Array: <class 'pyarrow.lib.ChunkedArray'>.
Field MuonFilter_13 is not a pyarrow Array: <class 'pyarrow.lib.ChunkedArray'>.
Field OnlineL2Filter_17 is not a pyarrow Array: <class 'pyarrow.lib.ChunkedArray'>.
Field L3_oscNext_bool is not a pyarrow Array: <class 'pyarrow.lib.ChunkedArray'>.
Field L4_oscNext_bool is not a pyarrow Array: <class 'pyarrow.lib.ChunkedArray'>.
Field L5_oscNext_bool is not a pyarrow Array: <class 'pyarrow.lib.ChunkedArray'>.
Field L6_oscNext_bool is not a pyarrow Array: <class 'pyarrow.lib.ChunkedArray'>.
Field L7_oscNext_bool is not a pyarrow Array: <class 'pyarrow.lib.ChunkedArray'>.
Field Homogenized_QTot is not a pyarrow Array: <class 'pyarrow.lib.ChunkedArray'>.
Field MCLabelClassification is not a pyarrow Array: <class 'pyarrow.lib.ChunkedArray'>.
Field MCLabelCoincidentMuons is not a pyarrow Array: <class 'pyarrow.lib.ChunkedArray'>.
Field MCLabelBgMuonMCPE is not a pyarrow Array: <class 'pyarrow.lib.ChunkedArray'>.
Field MCLabelBgMuonMCPECharge is not a pyarrow Array: <class 'pyarrow.lib.ChunkedArray'>.
Field GNLabelTrackEnergyDeposited is not a pyarrow Array: <class 'list'>.
Field GNLabelTrackEnergyOnEntrance is not a pyarrow Array: <class 'list'>.
Field GNLabelTrackEnergyOnEntrancePrimary is not a pyarrow Array: <class 'list'>.
Field GNLabelTrackEnergyDepositedPrimary is not a pyarrow Array: <class 'list'>.
Field GNLabelEnergyPrimary is not a pyarrow Array: <class 'list'>.
Field GNLabelCascadeEnergyDepositedPrimary is not a pyarrow Array: <class 'list'>.
Field GNLabelCascadeEnergyDeposited is not a pyarrow Array: <class 'list'>.
Field GNLabelEnergyDepositedTotal is not a pyarrow Array: <class 'list'>.
Field GNLabelEnergyDepositedPrimary is not a pyarrow Array: <class 'list'>.
Field GNLabelHighestEInIceParticleIsChild is not a pyarrow Array: <class 'list'>.
Field GNLabelHighestEInIceParticleDistance is not a pyarrow Array: <class 'list'>.
Field GNLabelHighestEInIceParticleEFraction is not a pyarrow Array: <class 'list'>.
Field GNLabelHighestEDaughterDistance is not a pyarrow Array: <class 'list'>.
Field GNLabelHighestEDaughterEFraction is not a pyarrow Array: <class 'list'>.
Field zenith_GNHighestEInIceParticle is not a pyarrow Array: <class 'list'>.
Field azimuth_GNHighestEInIceParticle is not a pyarrow Array: <class 'list'>.
Field dir_x_GNHighestEInIceParticle is not a pyarrow Array: <class 'list'>.
Field dir_y_GNHighestEInIceParticle is not a pyarrow Array: <class 'list'>.
Field dir_z_GNHighestEInIceParticle is not a pyarrow Array: <class 'list'>.
Field pos_x_GNHighestEInIceParticle is not a pyarrow Array: <class 'list'>.
Field pos_y_GNHighestEInIceParticle is not a pyarrow Array: <class 'list'>.
Field pos_z_GNHighestEInIceParticle is not a pyarrow Array: <class 'list'>.
Field time_GNHighestEInIceParticle is not a pyarrow Array: <class 'list'>.
Field speed_GNHighestEInIceParticle is not a pyarrow Array: <class 'list'>.
Field energy_GNHighestEInIceParticle is not a pyarrow Array: <class 'list'>.
Field zenith_GNHighestEDaughter is not a pyarrow Array: <class 'list'>.
Field azimuth_GNHighestEDaughter is not a pyarrow Array: <class 'list'>.
Field dir_x_GNHighestEDaughter is not a pyarrow Array: <class 'list'>.
Field dir_y_GNHighestEDaughter is not a pyarrow Array: <class 'list'>.
Field dir_z_GNHighestEDaughter is not a pyarrow Array: <class 'list'>.
Field pos_x_GNHighestEDaughter is not a pyarrow Array: <class 'list'>.
Field pos_y_GNHighestEDaughter is not a pyarrow Array: <class 'list'>.
Field pos_z_GNHighestEDaughter is not a pyarrow Array: <class 'list'>.
Field time_GNHighestEDaughter is not a pyarrow Array: <class 'list'>.
Field speed_GNHighestEDaughter is not a pyarrow Array: <class 'list'>.
Field energy_GNHighestEDaughter is not a pyarrow Array: <class 'list'>.
zenith_GNHighestEDaughter sample: [None, None, None, None, None]
Field event_no is not a pyarrow Array: <class 'pyarrow.lib.ChunkedArray'>.
Field subdirectory_no: [
  99,
  99,
  99,
  99,
  99
]
Field part_no: [
  99,
  99,
  99,
  99,
  99
]
Field shard_no: [
  7,
  7,
  7,
  7,
  7
]
Field N_doms is not a pyarrow Array: <class 'pyarrow.lib.ChunkedArray'>.
Field offset is not a pyarrow Array: <class 'pyarrow.lib.ChunkedArray'>.
Field energy is not a pyarrow Array: <class 'pyarrow.lib.ChunkedArray'>.
Field azimuth is not a pyarrow Array: <class 'pyarrow.lib.ChunkedArray'>.
Field zenith is not a pyarrow Array: <class 'pyarrow.lib.ChunkedArray'>.
Field pid is not a pyarrow Array: <class 'pyarrow.lib.ChunkedArray'>.
Field event_time is not a pyarrow Array: <class 'pyarrow.lib.ChunkedArray'>.
Field interaction_type is not a pyarrow Array: <class 'pyarrow.lib.ChunkedArray'>.
Field elasticity is not a pyarrow Array: <class 'pyarrow.lib.ChunkedArray'>.
Field RunID is not a pyarrow Array: <class 'pyarrow.lib.ChunkedArray'>.
Field SubrunID is not a pyarrow Array: <class 'pyarrow.lib.ChunkedArray'>.
Field EventID is not a pyarrow Array: <class 'pyarrow.lib.ChunkedArray'>.
Field SubEventID is not a pyarrow Array: <class 'pyarrow.lib.ChunkedArray'>.
Field dbang_decay_length is not a pyarrow Array: <class 'pyarrow.lib.ChunkedArray'>.
Field track_length is not a pyarrow Array: <class 'pyarrow.lib.ChunkedArray'>.
Field stopped_muon is not a pyarrow Array: <class 'pyarrow.lib.ChunkedArray'>.
Field energy_track is not a pyarrow Array: <class 'pyarrow.lib.ChunkedArray'>.
Field energy_cascade is not a pyarrow Array: <class 'pyarrow.lib.ChunkedArray'>.
Field inelasticity is not a pyarrow Array: <class 'pyarrow.lib.ChunkedArray'>.
Field DeepCoreFilter_13 is not a pyarrow Array: <class 'pyarrow.lib.ChunkedArray'>.
Field CascadeFilter_13 is not a pyarrow Array: <class 'pyarrow.lib.ChunkedArray'>.
Field MuonFilter_13 is not a pyarrow Array: <class 'pyarrow.lib.ChunkedArray'>.
Field OnlineL2Filter_17 is not a pyarrow Array: <class 'pyarrow.lib.ChunkedArray'>.
Field L3_oscNext_bool is not a pyarrow Array: <class 'pyarrow.lib.ChunkedArray'>.
Field L4_oscNext_bool is not a pyarrow Array: <class 'pyarrow.lib.ChunkedArray'>.
Field L5_oscNext_bool is not a pyarrow Array: <class 'pyarrow.lib.ChunkedArray'>.
Field L6_oscNext_bool is not a pyarrow Array: <class 'pyarrow.lib.ChunkedArray'>.
Field L7_oscNext_bool is not a pyarrow Array: <class 'pyarrow.lib.ChunkedArray'>.
Field Homogenized_QTot is not a pyarrow Array: <class 'pyarrow.lib.ChunkedArray'>.
Field MCLabelClassification is not a pyarrow Array: <class 'pyarrow.lib.ChunkedArray'>.
Field MCLabelCoincidentMuons is not a pyarrow Array: <class 'pyarrow.lib.ChunkedArray'>.
Field MCLabelBgMuonMCPE is not a pyarrow Array: <class 'pyarrow.lib.ChunkedArray'>.
Field MCLabelBgMuonMCPECharge is not a pyarrow Array: <class 'pyarrow.lib.ChunkedArray'>.
Field GNLabelTrackEnergyDeposited is not a pyarrow Array: <class 'list'>.
Field GNLabelTrackEnergyOnEntrance is not a pyarrow Array: <class 'list'>.
Field GNLabelTrackEnergyOnEntrancePrimary is not a pyarrow Array: <class 'list'>.
Field GNLabelTrackEnergyDepositedPrimary is not a pyarrow Array: <class 'list'>.
Field GNLabelEnergyPrimary is not a pyarrow Array: <class 'list'>.
Field GNLabelCascadeEnergyDepositedPrimary is not a pyarrow Array: <class 'list'>.
Field GNLabelCascadeEnergyDeposited is not a pyarrow Array: <class 'list'>.
Field GNLabelEnergyDepositedTotal is not a pyarrow Array: <class 'list'>.
Field GNLabelEnergyDepositedPrimary is not a pyarrow Array: <class 'list'>.
Field GNLabelHighestEInIceParticleIsChild is not a pyarrow Array: <class 'list'>.
Field GNLabelHighestEInIceParticleDistance is not a pyarrow Array: <class 'list'>.
Field GNLabelHighestEInIceParticleEFraction is not a pyarrow Array: <class 'list'>.
Field GNLabelHighestEDaughterDistance is not a pyarrow Array: <class 'list'>.
Field GNLabelHighestEDaughterEFraction is not a pyarrow Array: <class 'list'>.
Field zenith_GNHighestEInIceParticle is not a pyarrow Array: <class 'list'>.
Field azimuth_GNHighestEInIceParticle is not a pyarrow Array: <class 'list'>.
Field dir_x_GNHighestEInIceParticle is not a pyarrow Array: <class 'list'>.
Field dir_y_GNHighestEInIceParticle is not a pyarrow Array: <class 'list'>.
Field dir_z_GNHighestEInIceParticle is not a pyarrow Array: <class 'list'>.
Field pos_x_GNHighestEInIceParticle is not a pyarrow Array: <class 'list'>.
Field pos_y_GNHighestEInIceParticle is not a pyarrow Array: <class 'list'>.
Field pos_z_GNHighestEInIceParticle is not a pyarrow Array: <class 'list'>.
Field time_GNHighestEInIceParticle is not a pyarrow Array: <class 'list'>.
Field speed_GNHighestEInIceParticle is not a pyarrow Array: <class 'list'>.
Field energy_GNHighestEInIceParticle is not a pyarrow Array: <class 'list'>.
Field zenith_GNHighestEDaughter is not a pyarrow Array: <class 'list'>.
Field azimuth_GNHighestEDaughter is not a pyarrow Array: <class 'list'>.
Field dir_x_GNHighestEDaughter is not a pyarrow Array: <class 'list'>.
Field dir_y_GNHighestEDaughter is not a pyarrow Array: <class 'list'>.
Field dir_z_GNHighestEDaughter is not a pyarrow Array: <class 'list'>.
Field pos_x_GNHighestEDaughter is not a pyarrow Array: <class 'list'>.
Field pos_y_GNHighestEDaughter is not a pyarrow Array: <class 'list'>.
Field pos_z_GNHighestEDaughter is not a pyarrow Array: <class 'list'>.
Field time_GNHighestEDaughter is not a pyarrow Array: <class 'list'>.
Field speed_GNHighestEDaughter is not a pyarrow Array: <class 'list'>.
Field energy_GNHighestEDaughter is not a pyarrow Array: <class 'list'>.
zenith_GNHighestEDaughter sample: [None, None, None, None, None]
Field event_no is not a pyarrow Array: <class 'pyarrow.lib.ChunkedArray'>.
Field subdirectory_no: [
  99,
  99,
  99,
  99,
  99
]
Field part_no: [
  99,
  99,
  99,
  99,
  99
]
Field shard_no: [
  8,
  8,
  8,
  8,
  8
]
Field N_doms is not a pyarrow Array: <class 'pyarrow.lib.ChunkedArray'>.
Field offset is not a pyarrow Array: <class 'pyarrow.lib.ChunkedArray'>.
Field energy is not a pyarrow Array: <class 'pyarrow.lib.ChunkedArray'>.
Field azimuth is not a pyarrow Array: <class 'pyarrow.lib.ChunkedArray'>.
Field zenith is not a pyarrow Array: <class 'pyarrow.lib.ChunkedArray'>.
Field pid is not a pyarrow Array: <class 'pyarrow.lib.ChunkedArray'>.
Field event_time is not a pyarrow Array: <class 'pyarrow.lib.ChunkedArray'>.
Field interaction_type is not a pyarrow Array: <class 'pyarrow.lib.ChunkedArray'>.
Field elasticity is not a pyarrow Array: <class 'pyarrow.lib.ChunkedArray'>.
Field RunID is not a pyarrow Array: <class 'pyarrow.lib.ChunkedArray'>.
Field SubrunID is not a pyarrow Array: <class 'pyarrow.lib.ChunkedArray'>.
Field EventID is not a pyarrow Array: <class 'pyarrow.lib.ChunkedArray'>.
Field SubEventID is not a pyarrow Array: <class 'pyarrow.lib.ChunkedArray'>.
Field dbang_decay_length is not a pyarrow Array: <class 'pyarrow.lib.ChunkedArray'>.
Field track_length is not a pyarrow Array: <class 'pyarrow.lib.ChunkedArray'>.
Field stopped_muon is not a pyarrow Array: <class 'pyarrow.lib.ChunkedArray'>.
Field energy_track is not a pyarrow Array: <class 'pyarrow.lib.ChunkedArray'>.
Field energy_cascade is not a pyarrow Array: <class 'pyarrow.lib.ChunkedArray'>.
Field inelasticity is not a pyarrow Array: <class 'pyarrow.lib.ChunkedArray'>.
Field DeepCoreFilter_13 is not a pyarrow Array: <class 'pyarrow.lib.ChunkedArray'>.
Field CascadeFilter_13 is not a pyarrow Array: <class 'pyarrow.lib.ChunkedArray'>.
Field MuonFilter_13 is not a pyarrow Array: <class 'pyarrow.lib.ChunkedArray'>.
Field OnlineL2Filter_17 is not a pyarrow Array: <class 'pyarrow.lib.ChunkedArray'>.
Field L3_oscNext_bool is not a pyarrow Array: <class 'pyarrow.lib.ChunkedArray'>.
Field L4_oscNext_bool is not a pyarrow Array: <class 'pyarrow.lib.ChunkedArray'>.
Field L5_oscNext_bool is not a pyarrow Array: <class 'pyarrow.lib.ChunkedArray'>.
Field L6_oscNext_bool is not a pyarrow Array: <class 'pyarrow.lib.ChunkedArray'>.
Field L7_oscNext_bool is not a pyarrow Array: <class 'pyarrow.lib.ChunkedArray'>.
Field Homogenized_QTot is not a pyarrow Array: <class 'pyarrow.lib.ChunkedArray'>.
Field MCLabelClassification is not a pyarrow Array: <class 'pyarrow.lib.ChunkedArray'>.
Field MCLabelCoincidentMuons is not a pyarrow Array: <class 'pyarrow.lib.ChunkedArray'>.
Field MCLabelBgMuonMCPE is not a pyarrow Array: <class 'pyarrow.lib.ChunkedArray'>.
Field MCLabelBgMuonMCPECharge is not a pyarrow Array: <class 'pyarrow.lib.ChunkedArray'>.
Field GNLabelTrackEnergyDeposited is not a pyarrow Array: <class 'list'>.
Field GNLabelTrackEnergyOnEntrance is not a pyarrow Array: <class 'list'>.
Field GNLabelTrackEnergyOnEntrancePrimary is not a pyarrow Array: <class 'list'>.
Field GNLabelTrackEnergyDepositedPrimary is not a pyarrow Array: <class 'list'>.
Field GNLabelEnergyPrimary is not a pyarrow Array: <class 'list'>.
Field GNLabelCascadeEnergyDepositedPrimary is not a pyarrow Array: <class 'list'>.
Field GNLabelCascadeEnergyDeposited is not a pyarrow Array: <class 'list'>.
Field GNLabelEnergyDepositedTotal is not a pyarrow Array: <class 'list'>.
Field GNLabelEnergyDepositedPrimary is not a pyarrow Array: <class 'list'>.
Field GNLabelHighestEInIceParticleIsChild is not a pyarrow Array: <class 'list'>.
Field GNLabelHighestEInIceParticleDistance is not a pyarrow Array: <class 'list'>.
Field GNLabelHighestEInIceParticleEFraction is not a pyarrow Array: <class 'list'>.
Field GNLabelHighestEDaughterDistance is not a pyarrow Array: <class 'list'>.
Field GNLabelHighestEDaughterEFraction is not a pyarrow Array: <class 'list'>.
Field zenith_GNHighestEInIceParticle is not a pyarrow Array: <class 'list'>.
Field azimuth_GNHighestEInIceParticle is not a pyarrow Array: <class 'list'>.
Field dir_x_GNHighestEInIceParticle is not a pyarrow Array: <class 'list'>.
Field dir_y_GNHighestEInIceParticle is not a pyarrow Array: <class 'list'>.
Field dir_z_GNHighestEInIceParticle is not a pyarrow Array: <class 'list'>.
Field pos_x_GNHighestEInIceParticle is not a pyarrow Array: <class 'list'>.
Field pos_y_GNHighestEInIceParticle is not a pyarrow Array: <class 'list'>.
Field pos_z_GNHighestEInIceParticle is not a pyarrow Array: <class 'list'>.
Field time_GNHighestEInIceParticle is not a pyarrow Array: <class 'list'>.
Field speed_GNHighestEInIceParticle is not a pyarrow Array: <class 'list'>.
Field energy_GNHighestEInIceParticle is not a pyarrow Array: <class 'list'>.
Field zenith_GNHighestEDaughter is not a pyarrow Array: <class 'list'>.
Field azimuth_GNHighestEDaughter is not a pyarrow Array: <class 'list'>.
Field dir_x_GNHighestEDaughter is not a pyarrow Array: <class 'list'>.
Field dir_y_GNHighestEDaughter is not a pyarrow Array: <class 'list'>.
Field dir_z_GNHighestEDaughter is not a pyarrow Array: <class 'list'>.
Field pos_x_GNHighestEDaughter is not a pyarrow Array: <class 'list'>.
Field pos_y_GNHighestEDaughter is not a pyarrow Array: <class 'list'>.
Field pos_z_GNHighestEDaughter is not a pyarrow Array: <class 'list'>.
Field time_GNHighestEDaughter is not a pyarrow Array: <class 'list'>.
Field speed_GNHighestEDaughter is not a pyarrow Array: <class 'list'>.
Field energy_GNHighestEDaughter is not a pyarrow Array: <class 'list'>.
zenith_GNHighestEDaughter sample: [None, None, None, None, None]
2025-01-16 20:04:37 - INFO - PMTfication completed.
