nohup: ignoring input
2025-01-16 19:37:03 - INFO - PMTfication for a subdirectory starts...
2025-01-16 19:37:03 - INFO - The number of files in the subdirectory: 2
2025-01-16 19:37:03 - INFO - Using up to 1 workers.
2025-01-16 19:37:03 - INFO - Found 2 database files in subdirectory 99999.
Processing 99999:   0%|          | 0/2 [00:00<?, ?it/s]2025-01-16 19:37:03 - INFO - Processing shard 1 of part 98 in subdirectory 99999.
2025-01-16 19:37:05 - INFO - Processing shard 2 of part 98 in subdirectory 99999.
2025-01-16 19:37:10 - INFO - Processing shard 3 of part 98 in subdirectory 99999.
2025-01-16 19:37:15 - INFO - Processing shard 4 of part 98 in subdirectory 99999.
2025-01-16 19:37:18 - INFO - Processing shard 5 of part 98 in subdirectory 99999.
2025-01-16 19:37:23 - INFO - Processing shard 6 of part 98 in subdirectory 99999.
2025-01-16 19:37:28 - INFO - Processing shard 7 of part 98 in subdirectory 99999.
2025-01-16 19:37:32 - INFO - Processing shard 8 of part 98 in subdirectory 99999.
2025-01-16 19:37:34 - INFO - Finished processing database file: merged_part_98.db
Processing 99999:  50%|█████     | 1/2 [00:30<00:30, 30.72s/it]2025-01-16 19:37:34 - INFO - Processing shard 1 of part 99 in subdirectory 99999.
2025-01-16 19:37:39 - INFO - Processing shard 2 of part 99 in subdirectory 99999.
2025-01-16 19:37:42 - INFO - Processing shard 3 of part 99 in subdirectory 99999.
2025-01-16 19:37:47 - INFO - Processing shard 4 of part 99 in subdirectory 99999.
2025-01-16 19:37:50 - INFO - Processing shard 5 of part 99 in subdirectory 99999.
2025-01-16 19:37:54 - INFO - Processing shard 6 of part 99 in subdirectory 99999.
2025-01-16 19:37:58 - INFO - Processing shard 7 of part 99 in subdirectory 99999.
2025-01-16 19:38:03 - INFO - Processing shard 8 of part 99 in subdirectory 99999.
2025-01-16 19:38:06 - INFO - Finished processing database file: merged_part_99.db
Processing 99999: 100%|██████████| 2/2 [01:03<00:00, 31.86s/it]Processing 99999: 100%|██████████| 2/2 [01:03<00:00, 31.69s/it]
2025-01-16 19:38:06 - INFO - PMTfication completed.
