nohup: ignoring input
2025-01-16 19:59:49 - INFO - PMTfication for a subdirectory starts...
2025-01-16 19:59:49 - INFO - The number of files in the subdirectory: 2
2025-01-16 19:59:49 - INFO - Using up to 1 workers.
2025-01-16 19:59:49 - INFO - Found 2 database files in subdirectory 99999.
Processing 99999:   0%|          | 0/2 [00:00<?, ?it/s]2025-01-16 19:59:49 - INFO - Processing shard 1 of part 98 in subdirectory 99999.
2025-01-16 19:59:52 - INFO - Processing shard 2 of part 98 in subdirectory 99999.
2025-01-16 19:59:56 - INFO - Processing shard 3 of part 98 in subdirectory 99999.
2025-01-16 20:00:01 - INFO - Processing shard 4 of part 98 in subdirectory 99999.
2025-01-16 20:00:04 - INFO - Processing shard 5 of part 98 in subdirectory 99999.
2025-01-16 20:00:09 - INFO - Processing shard 6 of part 98 in subdirectory 99999.
2025-01-16 20:00:15 - INFO - Processing shard 7 of part 98 in subdirectory 99999.
2025-01-16 20:00:18 - INFO - Processing shard 8 of part 98 in subdirectory 99999.
2025-01-16 20:00:20 - INFO - Finished processing database file: merged_part_98.db
Processing 99999:  50%|█████     | 1/2 [00:30<00:30, 30.83s/it]2025-01-16 20:00:20 - INFO - Processing shard 1 of part 99 in subdirectory 99999.
2025-01-16 20:00:26 - INFO - Processing shard 2 of part 99 in subdirectory 99999.
2025-01-16 20:00:28 - INFO - Processing shard 3 of part 99 in subdirectory 99999.
2025-01-16 20:00:33 - INFO - Processing shard 4 of part 99 in subdirectory 99999.
2025-01-16 20:00:37 - INFO - Processing shard 5 of part 99 in subdirectory 99999.
2025-01-16 20:00:41 - INFO - Processing shard 6 of part 99 in subdirectory 99999.
2025-01-16 20:00:45 - INFO - Processing shard 7 of part 99 in subdirectory 99999.
2025-01-16 20:00:50 - INFO - Processing shard 8 of part 99 in subdirectory 99999.
2025-01-16 20:00:53 - INFO - Finished processing database file: merged_part_99.db
Processing 99999: 100%|██████████| 2/2 [01:03<00:00, 31.92s/it]Processing 99999: 100%|██████████| 2/2 [01:03<00:00, 31.75s/it]
GNLabel_map size: 10
HighestEInIceParticle_map size: 10
HE_daughter_map size: 10
Missing event_nos in GNLabel_map: set()
Missing event_nos in HighestEInIceParticle_map: set()
Missing event_nos in HE_daughter_map: set()
GNLabel_map size: 10
HighestEInIceParticle_map size: 10
HE_daughter_map size: 10
Missing event_nos in GNLabel_map: set()
Missing event_nos in HighestEInIceParticle_map: set()
Missing event_nos in HE_daughter_map: set()
GNLabel_map size: 10
HighestEInIceParticle_map size: 10
HE_daughter_map size: 10
Missing event_nos in GNLabel_map: set()
Missing event_nos in HighestEInIceParticle_map: set()
Missing event_nos in HE_daughter_map: set()
GNLabel_map size: 10
HighestEInIceParticle_map size: 10
HE_daughter_map size: 10
Missing event_nos in GNLabel_map: set()
Missing event_nos in HighestEInIceParticle_map: set()
Missing event_nos in HE_daughter_map: set()
GNLabel_map size: 10
HighestEInIceParticle_map size: 10
HE_daughter_map size: 10
Missing event_nos in GNLabel_map: set()
Missing event_nos in HighestEInIceParticle_map: set()
Missing event_nos in HE_daughter_map: set()
GNLabel_map size: 10
HighestEInIceParticle_map size: 10
HE_daughter_map size: 10
Missing event_nos in GNLabel_map: set()
Missing event_nos in HighestEInIceParticle_map: set()
Missing event_nos in HE_daughter_map: set()
GNLabel_map size: 10
HighestEInIceParticle_map size: 10
HE_daughter_map size: 10
Missing event_nos in GNLabel_map: set()
Missing event_nos in HighestEInIceParticle_map: set()
Missing event_nos in HE_daughter_map: set()
GNLabel_map size: 4
HighestEInIceParticle_map size: 4
HE_daughter_map size: 4
Missing event_nos in GNLabel_map: set()
Missing event_nos in HighestEInIceParticle_map: set()
Missing event_nos in HE_daughter_map: set()
GNLabel_map size: 10
HighestEInIceParticle_map size: 10
HE_daughter_map size: 10
Missing event_nos in GNLabel_map: set()
Missing event_nos in HighestEInIceParticle_map: set()
Missing event_nos in HE_daughter_map: set()
GNLabel_map size: 10
HighestEInIceParticle_map size: 10
HE_daughter_map size: 10
Missing event_nos in GNLabel_map: set()
Missing event_nos in HighestEInIceParticle_map: set()
Missing event_nos in HE_daughter_map: set()
GNLabel_map size: 10
HighestEInIceParticle_map size: 10
HE_daughter_map size: 10
Missing event_nos in GNLabel_map: set()
Missing event_nos in HighestEInIceParticle_map: set()
Missing event_nos in HE_daughter_map: set()
GNLabel_map size: 10
HighestEInIceParticle_map size: 10
HE_daughter_map size: 10
Missing event_nos in GNLabel_map: set()
Missing event_nos in HighestEInIceParticle_map: set()
Missing event_nos in HE_daughter_map: set()
GNLabel_map size: 10
HighestEInIceParticle_map size: 10
HE_daughter_map size: 10
Missing event_nos in GNLabel_map: set()
Missing event_nos in HighestEInIceParticle_map: set()
Missing event_nos in HE_daughter_map: set()
GNLabel_map size: 10
HighestEInIceParticle_map size: 10
HE_daughter_map size: 10
Missing event_nos in GNLabel_map: set()
Missing event_nos in HighestEInIceParticle_map: set()
Missing event_nos in HE_daughter_map: set()
GNLabel_map size: 10
HighestEInIceParticle_map size: 10
HE_daughter_map size: 10
Missing event_nos in GNLabel_map: set()
Missing event_nos in HighestEInIceParticle_map: set()
Missing event_nos in HE_daughter_map: set()
GNLabel_map size: 7
HighestEInIceParticle_map size: 7
HE_daughter_map size: 7
Missing event_nos in GNLabel_map: set()
Missing event_nos in HighestEInIceParticle_map: set()
Missing event_nos in HE_daughter_map: set()
2025-01-16 20:00:53 - INFO - PMTfication completed.
