nohup: ignoring input
2025-01-16 17:58:17 - INFO - PMTfication for a subdirectory starts...
2025-01-16 17:58:17 - INFO - The number of files in the subdirectory: 2
2025-01-16 17:58:17 - INFO - Using up to 1 workers.
2025-01-16 17:58:17 - INFO - Found 2 database files in subdirectory 99999.
Processing 99999:   0%|          | 0/2 [00:00<?, ?it/s]2025-01-16 17:58:17 - INFO - Processing shard 1 of part 98 in subdirectory 99999.
2025-01-16 17:58:19 - INFO - Processing shard 2 of part 98 in subdirectory 99999.
2025-01-16 17:58:23 - INFO - Processing shard 3 of part 98 in subdirectory 99999.
2025-01-16 17:58:28 - INFO - Processing shard 4 of part 98 in subdirectory 99999.
2025-01-16 17:58:31 - INFO - Processing shard 5 of part 98 in subdirectory 99999.
2025-01-16 17:58:36 - INFO - Processing shard 6 of part 98 in subdirectory 99999.
2025-01-16 17:58:41 - INFO - Processing shard 7 of part 98 in subdirectory 99999.
2025-01-16 17:58:45 - INFO - Processing shard 8 of part 98 in subdirectory 99999.
2025-01-16 17:58:47 - INFO - Finished processing database file: merged_part_98.db
Processing 99999:  50%|█████     | 1/2 [00:29<00:29, 29.67s/it]2025-01-16 17:58:47 - INFO - Processing shard 1 of part 99 in subdirectory 99999.
2025-01-16 17:58:52 - INFO - Processing shard 2 of part 99 in subdirectory 99999.
2025-01-16 17:58:54 - INFO - Processing shard 3 of part 99 in subdirectory 99999.
2025-01-16 17:59:00 - INFO - Processing shard 4 of part 99 in subdirectory 99999.
2025-01-16 17:59:03 - INFO - Processing shard 5 of part 99 in subdirectory 99999.
2025-01-16 17:59:07 - INFO - Processing shard 6 of part 99 in subdirectory 99999.
2025-01-16 17:59:11 - INFO - Processing shard 7 of part 99 in subdirectory 99999.
2025-01-16 17:59:15 - INFO - Processing shard 8 of part 99 in subdirectory 99999.
2025-01-16 17:59:19 - INFO - Finished processing database file: merged_part_99.db
Processing 99999: 100%|██████████| 2/2 [01:01<00:00, 31.12s/it]Processing 99999: 100%|██████████| 2/2 [01:01<00:00, 30.91s/it]
2025-01-16 17:59:19 - INFO - PMTfication completed.
