nohup: ignoring input
2025-01-16 19:18:07 - INFO - PMTfication for a subdirectory starts...
2025-01-16 19:18:07 - INFO - The number of files in the subdirectory: 2
2025-01-16 19:18:07 - INFO - Using up to 1 workers.
2025-01-16 19:18:07 - INFO - Found 2 database files in subdirectory 99999.
Processing 99999:   0%|          | 0/2 [00:00<?, ?it/s]2025-01-16 19:18:07 - INFO - Processing shard 1 of part 98 in subdirectory 99999.
2025-01-16 19:18:09 - INFO - Processing shard 2 of part 98 in subdirectory 99999.
2025-01-16 19:18:13 - INFO - Processing shard 3 of part 98 in subdirectory 99999.
2025-01-16 19:18:18 - INFO - Processing shard 4 of part 98 in subdirectory 99999.
2025-01-16 19:18:21 - INFO - Processing shard 5 of part 98 in subdirectory 99999.
2025-01-16 19:18:26 - INFO - Processing shard 6 of part 98 in subdirectory 99999.
2025-01-16 19:18:32 - INFO - Processing shard 7 of part 98 in subdirectory 99999.
2025-01-16 19:18:35 - INFO - Processing shard 8 of part 98 in subdirectory 99999.
2025-01-16 19:18:37 - INFO - Finished processing database file: merged_part_98.db
Processing 99999:  50%|█████     | 1/2 [00:30<00:30, 30.45s/it]2025-01-16 19:18:37 - INFO - Processing shard 1 of part 99 in subdirectory 99999.
2025-01-16 19:18:42 - INFO - Processing shard 2 of part 99 in subdirectory 99999.
2025-01-16 19:18:45 - INFO - Processing shard 3 of part 99 in subdirectory 99999.
2025-01-16 19:18:50 - INFO - Processing shard 4 of part 99 in subdirectory 99999.
2025-01-16 19:18:53 - INFO - Processing shard 5 of part 99 in subdirectory 99999.
2025-01-16 19:18:58 - INFO - Processing shard 6 of part 99 in subdirectory 99999.
2025-01-16 19:19:01 - INFO - Processing shard 7 of part 99 in subdirectory 99999.
2025-01-16 19:19:06 - INFO - Processing shard 8 of part 99 in subdirectory 99999.
2025-01-16 19:19:09 - INFO - Finished processing database file: merged_part_99.db
Processing 99999: 100%|██████████| 2/2 [01:02<00:00, 31.57s/it]Processing 99999: 100%|██████████| 2/2 [01:02<00:00, 31.40s/it]
Query executed: 
            SELECT 
            t.event_no, 
            t.energy, 
            t.azimuth, 
            t.zenith, 
            t.pid, 
            t.event_time,
            t.interaction_type,
            t.elasticity,
            t.RunID,
            t.SubrunID,
            t.EventID,
            t.SubEventID,
            t.dbang_decay_length,
            t.track_length,
            t.stopped_muon,
            t.energy_track,
            t.energy_cascade,
            t.inelasticity,
            t.DeepCoreFilter_13,
            t.CascadeFilter_13,
            t.MuonFilter_13,
            t.OnlineL2Filter_17,
            t.L3_oscNext_bool,
            t.L4_oscNext_bool,
            t.L5_oscNext_bool,
            t.L6_oscNext_bool,
            t.L7_oscNext_bool,
            t.Homogenized_QTot,
            t.MCLabelClassification,
            t.MCLabelCoincidentMuons,
            t.MCLabelBgMuonMCPE,
            t.MCLabelBgMuonMCPECharge,
                COUNT(DISTINCT s.string || '-' || s.dom_number) AS N_doms
            FROM truth t
            JOIN SRTInIcePulses s ON t.event_no = s.event_no
            WHERE t.event_no IN (1419,1420,1421,1422,1423,1424,1425,1426,1427,1428)
            GROUP BY t.event_no
        
Rows fetched: 10
Columns: ['event_no', 'energy', 'azimuth', 'zenith', 'pid', 'event_time', 'interaction_type', 'elasticity', 'RunID', 'SubrunID', 'EventID', 'SubEventID', 'dbang_decay_length', 'track_length', 'stopped_muon', 'energy_track', 'energy_cascade', 'inelasticity', 'DeepCoreFilter_13', 'CascadeFilter_13', 'MuonFilter_13', 'OnlineL2Filter_17', 'L3_oscNext_bool', 'L4_oscNext_bool', 'L5_oscNext_bool', 'L6_oscNext_bool', 'L7_oscNext_bool', 'Homogenized_QTot', 'MCLabelClassification', 'MCLabelCoincidentMuons', 'MCLabelBgMuonMCPE', 'MCLabelBgMuonMCPECharge', 'N_doms']
Query executed: 
            SELECT
            g.event_no,
            g.GNLabelTrackEnergyDeposited,
            g.GNLabelTrackEnergyOnEntrance,
            g.GNLabelTrackEnergyOnEntrancePrimary,
            g.GNLabelTrackEnergyDepositedPrimary,
            g.GNLabelEnergyPrimary,
            g.GNLabelCascadeEnergyDepositedPrimary,
            g.GNLabelCascadeEnergyDeposited,
            g.GNLabelEnergyDepositedTotal,
            g.GNLabelEnergyDepositedPrimary,
            g.GNLabelHighestEInIceParticleIsChild,
            g.GNLabelHighestEInIceParticleDistance,
            g.GNLabelHighestEInIceParticleEFraction,
            
            g.GNLabelHighestEDaughterDistance,
            g.GNLabelHighestEDaughterEFraction
            FROM truth g
            WHERE g.event_no IN (1419,1420,1421,1422,1423,1424,1425,1426,1427,1428)
        
Rows fetched: 10
Columns: ['event_no', 'GNLabelTrackEnergyDeposited', 'GNLabelTrackEnergyOnEntrance', 'GNLabelTrackEnergyOnEntrancePrimary', 'GNLabelTrackEnergyDepositedPrimary', 'GNLabelEnergyPrimary', 'GNLabelCascadeEnergyDepositedPrimary', 'GNLabelCascadeEnergyDeposited', 'GNLabelEnergyDepositedTotal', 'GNLabelEnergyDepositedPrimary', 'GNLabelHighestEInIceParticleIsChild', 'GNLabelHighestEInIceParticleDistance', 'GNLabelHighestEInIceParticleEFraction', 'GNLabelHighestEDaughterDistance', 'GNLabelHighestEDaughterEFraction']
Query executed: 
            SELECT 
            h.event_no, 
            h.zenith_GNHighestEInIceParticle, 
            h.azimuth_GNHighestEInIceParticle, 
            h.energy_GNHighestEInIceParticle,
            h.pos_x_GNHighestEInIceParticle, 
            h.pos_y_GNHighestEInIceParticle, 
            h.pos_z_GNHighestEInIceParticle,
            h.dir_x_GNHighestEInIceParticle,
            h.dir_y_GNHighestEInIceParticle,
            h.dir_z_GNHighestEInIceParticle,
            h.time_GNHighestEInIceParticle,
            h.speed_GNHighestEInIceParticle
            FROM GNHighestEInIceParticle h
            WHERE h.event_no IN (1419,1420,1421,1422,1423,1424,1425,1426,1427,1428)
        
Rows fetched: 10
Columns: ['event_no', 'zenith_GNHighestEInIceParticle', 'azimuth_GNHighestEInIceParticle', 'energy_GNHighestEInIceParticle', 'pos_x_GNHighestEInIceParticle', 'pos_y_GNHighestEInIceParticle', 'pos_z_GNHighestEInIceParticle', 'dir_x_GNHighestEInIceParticle', 'dir_y_GNHighestEInIceParticle', 'dir_z_GNHighestEInIceParticle', 'time_GNHighestEInIceParticle', 'speed_GNHighestEInIceParticle']
Query executed: 
            SELECT 
            h.event_no, 
            h.zenith_GNHighestEDaughter, 
            h.azimuth_GNHighestEDaughter, 
            h.energy_GNHighestEDaughter,
            h.pos_x_GNHighestEDaughter, 
            h.pos_y_GNHighestEDaughter, 
            h.pos_z_GNHighestEDaughter,
            h.dir_x_GNHighestEDaughter,
            h.dir_y_GNHighestEDaughter,
            h.dir_z_GNHighestEDaughter,
            h.time_GNHighestEDaughter,
            h.speed_GNHighestEDaughter
            FROM GNHighestEDaughter h
            WHERE h.event_no IN (1419,1420,1421,1422,1423,1424,1425,1426,1427,1428)
        
Rows fetched: 10
Columns: ['event_no', 'zenith_GNHighestEDaughter', 'azimuth_GNHighestEDaughter', 'energy_GNHighestEDaughter', 'pos_x_GNHighestEDaughter', 'pos_y_GNHighestEDaughter', 'pos_z_GNHighestEDaughter', 'dir_x_GNHighestEDaughter', 'dir_y_GNHighestEDaughter', 'dir_z_GNHighestEDaughter', 'time_GNHighestEDaughter', 'speed_GNHighestEDaughter']
Query executed: 
            SELECT 
            t.event_no, 
            t.energy, 
            t.azimuth, 
            t.zenith, 
            t.pid, 
            t.event_time,
            t.interaction_type,
            t.elasticity,
            t.RunID,
            t.SubrunID,
            t.EventID,
            t.SubEventID,
            t.dbang_decay_length,
            t.track_length,
            t.stopped_muon,
            t.energy_track,
            t.energy_cascade,
            t.inelasticity,
            t.DeepCoreFilter_13,
            t.CascadeFilter_13,
            t.MuonFilter_13,
            t.OnlineL2Filter_17,
            t.L3_oscNext_bool,
            t.L4_oscNext_bool,
            t.L5_oscNext_bool,
            t.L6_oscNext_bool,
            t.L7_oscNext_bool,
            t.Homogenized_QTot,
            t.MCLabelClassification,
            t.MCLabelCoincidentMuons,
            t.MCLabelBgMuonMCPE,
            t.MCLabelBgMuonMCPECharge,
                COUNT(DISTINCT s.string || '-' || s.dom_number) AS N_doms
            FROM truth t
            JOIN SRTInIcePulses s ON t.event_no = s.event_no
            WHERE t.event_no IN (1429,1430,1431,1432,1433,1434,1435,1436,1437,1438)
            GROUP BY t.event_no
        
Rows fetched: 10
Columns: ['event_no', 'energy', 'azimuth', 'zenith', 'pid', 'event_time', 'interaction_type', 'elasticity', 'RunID', 'SubrunID', 'EventID', 'SubEventID', 'dbang_decay_length', 'track_length', 'stopped_muon', 'energy_track', 'energy_cascade', 'inelasticity', 'DeepCoreFilter_13', 'CascadeFilter_13', 'MuonFilter_13', 'OnlineL2Filter_17', 'L3_oscNext_bool', 'L4_oscNext_bool', 'L5_oscNext_bool', 'L6_oscNext_bool', 'L7_oscNext_bool', 'Homogenized_QTot', 'MCLabelClassification', 'MCLabelCoincidentMuons', 'MCLabelBgMuonMCPE', 'MCLabelBgMuonMCPECharge', 'N_doms']
Query executed: 
            SELECT
            g.event_no,
            g.GNLabelTrackEnergyDeposited,
            g.GNLabelTrackEnergyOnEntrance,
            g.GNLabelTrackEnergyOnEntrancePrimary,
            g.GNLabelTrackEnergyDepositedPrimary,
            g.GNLabelEnergyPrimary,
            g.GNLabelCascadeEnergyDepositedPrimary,
            g.GNLabelCascadeEnergyDeposited,
            g.GNLabelEnergyDepositedTotal,
            g.GNLabelEnergyDepositedPrimary,
            g.GNLabelHighestEInIceParticleIsChild,
            g.GNLabelHighestEInIceParticleDistance,
            g.GNLabelHighestEInIceParticleEFraction,
            
            g.GNLabelHighestEDaughterDistance,
            g.GNLabelHighestEDaughterEFraction
            FROM truth g
            WHERE g.event_no IN (1429,1430,1431,1432,1433,1434,1435,1436,1437,1438)
        
Rows fetched: 10
Columns: ['event_no', 'GNLabelTrackEnergyDeposited', 'GNLabelTrackEnergyOnEntrance', 'GNLabelTrackEnergyOnEntrancePrimary', 'GNLabelTrackEnergyDepositedPrimary', 'GNLabelEnergyPrimary', 'GNLabelCascadeEnergyDepositedPrimary', 'GNLabelCascadeEnergyDeposited', 'GNLabelEnergyDepositedTotal', 'GNLabelEnergyDepositedPrimary', 'GNLabelHighestEInIceParticleIsChild', 'GNLabelHighestEInIceParticleDistance', 'GNLabelHighestEInIceParticleEFraction', 'GNLabelHighestEDaughterDistance', 'GNLabelHighestEDaughterEFraction']
Query executed: 
            SELECT 
            h.event_no, 
            h.zenith_GNHighestEInIceParticle, 
            h.azimuth_GNHighestEInIceParticle, 
            h.energy_GNHighestEInIceParticle,
            h.pos_x_GNHighestEInIceParticle, 
            h.pos_y_GNHighestEInIceParticle, 
            h.pos_z_GNHighestEInIceParticle,
            h.dir_x_GNHighestEInIceParticle,
            h.dir_y_GNHighestEInIceParticle,
            h.dir_z_GNHighestEInIceParticle,
            h.time_GNHighestEInIceParticle,
            h.speed_GNHighestEInIceParticle
            FROM GNHighestEInIceParticle h
            WHERE h.event_no IN (1429,1430,1431,1432,1433,1434,1435,1436,1437,1438)
        
Rows fetched: 10
Columns: ['event_no', 'zenith_GNHighestEInIceParticle', 'azimuth_GNHighestEInIceParticle', 'energy_GNHighestEInIceParticle', 'pos_x_GNHighestEInIceParticle', 'pos_y_GNHighestEInIceParticle', 'pos_z_GNHighestEInIceParticle', 'dir_x_GNHighestEInIceParticle', 'dir_y_GNHighestEInIceParticle', 'dir_z_GNHighestEInIceParticle', 'time_GNHighestEInIceParticle', 'speed_GNHighestEInIceParticle']
Query executed: 
            SELECT 
            h.event_no, 
            h.zenith_GNHighestEDaughter, 
            h.azimuth_GNHighestEDaughter, 
            h.energy_GNHighestEDaughter,
            h.pos_x_GNHighestEDaughter, 
            h.pos_y_GNHighestEDaughter, 
            h.pos_z_GNHighestEDaughter,
            h.dir_x_GNHighestEDaughter,
            h.dir_y_GNHighestEDaughter,
            h.dir_z_GNHighestEDaughter,
            h.time_GNHighestEDaughter,
            h.speed_GNHighestEDaughter
            FROM GNHighestEDaughter h
            WHERE h.event_no IN (1429,1430,1431,1432,1433,1434,1435,1436,1437,1438)
        
Rows fetched: 10
Columns: ['event_no', 'zenith_GNHighestEDaughter', 'azimuth_GNHighestEDaughter', 'energy_GNHighestEDaughter', 'pos_x_GNHighestEDaughter', 'pos_y_GNHighestEDaughter', 'pos_z_GNHighestEDaughter', 'dir_x_GNHighestEDaughter', 'dir_y_GNHighestEDaughter', 'dir_z_GNHighestEDaughter', 'time_GNHighestEDaughter', 'speed_GNHighestEDaughter']
Query executed: 
            SELECT 
            t.event_no, 
            t.energy, 
            t.azimuth, 
            t.zenith, 
            t.pid, 
            t.event_time,
            t.interaction_type,
            t.elasticity,
            t.RunID,
            t.SubrunID,
            t.EventID,
            t.SubEventID,
            t.dbang_decay_length,
            t.track_length,
            t.stopped_muon,
            t.energy_track,
            t.energy_cascade,
            t.inelasticity,
            t.DeepCoreFilter_13,
            t.CascadeFilter_13,
            t.MuonFilter_13,
            t.OnlineL2Filter_17,
            t.L3_oscNext_bool,
            t.L4_oscNext_bool,
            t.L5_oscNext_bool,
            t.L6_oscNext_bool,
            t.L7_oscNext_bool,
            t.Homogenized_QTot,
            t.MCLabelClassification,
            t.MCLabelCoincidentMuons,
            t.MCLabelBgMuonMCPE,
            t.MCLabelBgMuonMCPECharge,
                COUNT(DISTINCT s.string || '-' || s.dom_number) AS N_doms
            FROM truth t
            JOIN SRTInIcePulses s ON t.event_no = s.event_no
            WHERE t.event_no IN (1439,1440,1441,1442,1443,1444,1445,1446,1447,1448)
            GROUP BY t.event_no
        
Rows fetched: 10
Columns: ['event_no', 'energy', 'azimuth', 'zenith', 'pid', 'event_time', 'interaction_type', 'elasticity', 'RunID', 'SubrunID', 'EventID', 'SubEventID', 'dbang_decay_length', 'track_length', 'stopped_muon', 'energy_track', 'energy_cascade', 'inelasticity', 'DeepCoreFilter_13', 'CascadeFilter_13', 'MuonFilter_13', 'OnlineL2Filter_17', 'L3_oscNext_bool', 'L4_oscNext_bool', 'L5_oscNext_bool', 'L6_oscNext_bool', 'L7_oscNext_bool', 'Homogenized_QTot', 'MCLabelClassification', 'MCLabelCoincidentMuons', 'MCLabelBgMuonMCPE', 'MCLabelBgMuonMCPECharge', 'N_doms']
Query executed: 
            SELECT
            g.event_no,
            g.GNLabelTrackEnergyDeposited,
            g.GNLabelTrackEnergyOnEntrance,
            g.GNLabelTrackEnergyOnEntrancePrimary,
            g.GNLabelTrackEnergyDepositedPrimary,
            g.GNLabelEnergyPrimary,
            g.GNLabelCascadeEnergyDepositedPrimary,
            g.GNLabelCascadeEnergyDeposited,
            g.GNLabelEnergyDepositedTotal,
            g.GNLabelEnergyDepositedPrimary,
            g.GNLabelHighestEInIceParticleIsChild,
            g.GNLabelHighestEInIceParticleDistance,
            g.GNLabelHighestEInIceParticleEFraction,
            
            g.GNLabelHighestEDaughterDistance,
            g.GNLabelHighestEDaughterEFraction
            FROM truth g
            WHERE g.event_no IN (1439,1440,1441,1442,1443,1444,1445,1446,1447,1448)
        
Rows fetched: 10
Columns: ['event_no', 'GNLabelTrackEnergyDeposited', 'GNLabelTrackEnergyOnEntrance', 'GNLabelTrackEnergyOnEntrancePrimary', 'GNLabelTrackEnergyDepositedPrimary', 'GNLabelEnergyPrimary', 'GNLabelCascadeEnergyDepositedPrimary', 'GNLabelCascadeEnergyDeposited', 'GNLabelEnergyDepositedTotal', 'GNLabelEnergyDepositedPrimary', 'GNLabelHighestEInIceParticleIsChild', 'GNLabelHighestEInIceParticleDistance', 'GNLabelHighestEInIceParticleEFraction', 'GNLabelHighestEDaughterDistance', 'GNLabelHighestEDaughterEFraction']
Query executed: 
            SELECT 
            h.event_no, 
            h.zenith_GNHighestEInIceParticle, 
            h.azimuth_GNHighestEInIceParticle, 
            h.energy_GNHighestEInIceParticle,
            h.pos_x_GNHighestEInIceParticle, 
            h.pos_y_GNHighestEInIceParticle, 
            h.pos_z_GNHighestEInIceParticle,
            h.dir_x_GNHighestEInIceParticle,
            h.dir_y_GNHighestEInIceParticle,
            h.dir_z_GNHighestEInIceParticle,
            h.time_GNHighestEInIceParticle,
            h.speed_GNHighestEInIceParticle
            FROM GNHighestEInIceParticle h
            WHERE h.event_no IN (1439,1440,1441,1442,1443,1444,1445,1446,1447,1448)
        
Rows fetched: 10
Columns: ['event_no', 'zenith_GNHighestEInIceParticle', 'azimuth_GNHighestEInIceParticle', 'energy_GNHighestEInIceParticle', 'pos_x_GNHighestEInIceParticle', 'pos_y_GNHighestEInIceParticle', 'pos_z_GNHighestEInIceParticle', 'dir_x_GNHighestEInIceParticle', 'dir_y_GNHighestEInIceParticle', 'dir_z_GNHighestEInIceParticle', 'time_GNHighestEInIceParticle', 'speed_GNHighestEInIceParticle']
Query executed: 
            SELECT 
            h.event_no, 
            h.zenith_GNHighestEDaughter, 
            h.azimuth_GNHighestEDaughter, 
            h.energy_GNHighestEDaughter,
            h.pos_x_GNHighestEDaughter, 
            h.pos_y_GNHighestEDaughter, 
            h.pos_z_GNHighestEDaughter,
            h.dir_x_GNHighestEDaughter,
            h.dir_y_GNHighestEDaughter,
            h.dir_z_GNHighestEDaughter,
            h.time_GNHighestEDaughter,
            h.speed_GNHighestEDaughter
            FROM GNHighestEDaughter h
            WHERE h.event_no IN (1439,1440,1441,1442,1443,1444,1445,1446,1447,1448)
        
Rows fetched: 10
Columns: ['event_no', 'zenith_GNHighestEDaughter', 'azimuth_GNHighestEDaughter', 'energy_GNHighestEDaughter', 'pos_x_GNHighestEDaughter', 'pos_y_GNHighestEDaughter', 'pos_z_GNHighestEDaughter', 'dir_x_GNHighestEDaughter', 'dir_y_GNHighestEDaughter', 'dir_z_GNHighestEDaughter', 'time_GNHighestEDaughter', 'speed_GNHighestEDaughter']
Query executed: 
            SELECT 
            t.event_no, 
            t.energy, 
            t.azimuth, 
            t.zenith, 
            t.pid, 
            t.event_time,
            t.interaction_type,
            t.elasticity,
            t.RunID,
            t.SubrunID,
            t.EventID,
            t.SubEventID,
            t.dbang_decay_length,
            t.track_length,
            t.stopped_muon,
            t.energy_track,
            t.energy_cascade,
            t.inelasticity,
            t.DeepCoreFilter_13,
            t.CascadeFilter_13,
            t.MuonFilter_13,
            t.OnlineL2Filter_17,
            t.L3_oscNext_bool,
            t.L4_oscNext_bool,
            t.L5_oscNext_bool,
            t.L6_oscNext_bool,
            t.L7_oscNext_bool,
            t.Homogenized_QTot,
            t.MCLabelClassification,
            t.MCLabelCoincidentMuons,
            t.MCLabelBgMuonMCPE,
            t.MCLabelBgMuonMCPECharge,
                COUNT(DISTINCT s.string || '-' || s.dom_number) AS N_doms
            FROM truth t
            JOIN SRTInIcePulses s ON t.event_no = s.event_no
            WHERE t.event_no IN (1449,1450,1451,1452,1453,1454,1455,1456,1457,1458)
            GROUP BY t.event_no
        
Rows fetched: 10
Columns: ['event_no', 'energy', 'azimuth', 'zenith', 'pid', 'event_time', 'interaction_type', 'elasticity', 'RunID', 'SubrunID', 'EventID', 'SubEventID', 'dbang_decay_length', 'track_length', 'stopped_muon', 'energy_track', 'energy_cascade', 'inelasticity', 'DeepCoreFilter_13', 'CascadeFilter_13', 'MuonFilter_13', 'OnlineL2Filter_17', 'L3_oscNext_bool', 'L4_oscNext_bool', 'L5_oscNext_bool', 'L6_oscNext_bool', 'L7_oscNext_bool', 'Homogenized_QTot', 'MCLabelClassification', 'MCLabelCoincidentMuons', 'MCLabelBgMuonMCPE', 'MCLabelBgMuonMCPECharge', 'N_doms']
Query executed: 
            SELECT
            g.event_no,
            g.GNLabelTrackEnergyDeposited,
            g.GNLabelTrackEnergyOnEntrance,
            g.GNLabelTrackEnergyOnEntrancePrimary,
            g.GNLabelTrackEnergyDepositedPrimary,
            g.GNLabelEnergyPrimary,
            g.GNLabelCascadeEnergyDepositedPrimary,
            g.GNLabelCascadeEnergyDeposited,
            g.GNLabelEnergyDepositedTotal,
            g.GNLabelEnergyDepositedPrimary,
            g.GNLabelHighestEInIceParticleIsChild,
            g.GNLabelHighestEInIceParticleDistance,
            g.GNLabelHighestEInIceParticleEFraction,
            
            g.GNLabelHighestEDaughterDistance,
            g.GNLabelHighestEDaughterEFraction
            FROM truth g
            WHERE g.event_no IN (1449,1450,1451,1452,1453,1454,1455,1456,1457,1458)
        
Rows fetched: 10
Columns: ['event_no', 'GNLabelTrackEnergyDeposited', 'GNLabelTrackEnergyOnEntrance', 'GNLabelTrackEnergyOnEntrancePrimary', 'GNLabelTrackEnergyDepositedPrimary', 'GNLabelEnergyPrimary', 'GNLabelCascadeEnergyDepositedPrimary', 'GNLabelCascadeEnergyDeposited', 'GNLabelEnergyDepositedTotal', 'GNLabelEnergyDepositedPrimary', 'GNLabelHighestEInIceParticleIsChild', 'GNLabelHighestEInIceParticleDistance', 'GNLabelHighestEInIceParticleEFraction', 'GNLabelHighestEDaughterDistance', 'GNLabelHighestEDaughterEFraction']
Query executed: 
            SELECT 
            h.event_no, 
            h.zenith_GNHighestEInIceParticle, 
            h.azimuth_GNHighestEInIceParticle, 
            h.energy_GNHighestEInIceParticle,
            h.pos_x_GNHighestEInIceParticle, 
            h.pos_y_GNHighestEInIceParticle, 
            h.pos_z_GNHighestEInIceParticle,
            h.dir_x_GNHighestEInIceParticle,
            h.dir_y_GNHighestEInIceParticle,
            h.dir_z_GNHighestEInIceParticle,
            h.time_GNHighestEInIceParticle,
            h.speed_GNHighestEInIceParticle
            FROM GNHighestEInIceParticle h
            WHERE h.event_no IN (1449,1450,1451,1452,1453,1454,1455,1456,1457,1458)
        
Rows fetched: 10
Columns: ['event_no', 'zenith_GNHighestEInIceParticle', 'azimuth_GNHighestEInIceParticle', 'energy_GNHighestEInIceParticle', 'pos_x_GNHighestEInIceParticle', 'pos_y_GNHighestEInIceParticle', 'pos_z_GNHighestEInIceParticle', 'dir_x_GNHighestEInIceParticle', 'dir_y_GNHighestEInIceParticle', 'dir_z_GNHighestEInIceParticle', 'time_GNHighestEInIceParticle', 'speed_GNHighestEInIceParticle']
Query executed: 
            SELECT 
            h.event_no, 
            h.zenith_GNHighestEDaughter, 
            h.azimuth_GNHighestEDaughter, 
            h.energy_GNHighestEDaughter,
            h.pos_x_GNHighestEDaughter, 
            h.pos_y_GNHighestEDaughter, 
            h.pos_z_GNHighestEDaughter,
            h.dir_x_GNHighestEDaughter,
            h.dir_y_GNHighestEDaughter,
            h.dir_z_GNHighestEDaughter,
            h.time_GNHighestEDaughter,
            h.speed_GNHighestEDaughter
            FROM GNHighestEDaughter h
            WHERE h.event_no IN (1449,1450,1451,1452,1453,1454,1455,1456,1457,1458)
        
Rows fetched: 10
Columns: ['event_no', 'zenith_GNHighestEDaughter', 'azimuth_GNHighestEDaughter', 'energy_GNHighestEDaughter', 'pos_x_GNHighestEDaughter', 'pos_y_GNHighestEDaughter', 'pos_z_GNHighestEDaughter', 'dir_x_GNHighestEDaughter', 'dir_y_GNHighestEDaughter', 'dir_z_GNHighestEDaughter', 'time_GNHighestEDaughter', 'speed_GNHighestEDaughter']
Query executed: 
            SELECT 
            t.event_no, 
            t.energy, 
            t.azimuth, 
            t.zenith, 
            t.pid, 
            t.event_time,
            t.interaction_type,
            t.elasticity,
            t.RunID,
            t.SubrunID,
            t.EventID,
            t.SubEventID,
            t.dbang_decay_length,
            t.track_length,
            t.stopped_muon,
            t.energy_track,
            t.energy_cascade,
            t.inelasticity,
            t.DeepCoreFilter_13,
            t.CascadeFilter_13,
            t.MuonFilter_13,
            t.OnlineL2Filter_17,
            t.L3_oscNext_bool,
            t.L4_oscNext_bool,
            t.L5_oscNext_bool,
            t.L6_oscNext_bool,
            t.L7_oscNext_bool,
            t.Homogenized_QTot,
            t.MCLabelClassification,
            t.MCLabelCoincidentMuons,
            t.MCLabelBgMuonMCPE,
            t.MCLabelBgMuonMCPECharge,
                COUNT(DISTINCT s.string || '-' || s.dom_number) AS N_doms
            FROM truth t
            JOIN SRTInIcePulses s ON t.event_no = s.event_no
            WHERE t.event_no IN (1459,1460,1461,1462,1463,1464,1465,1466,1467,1468)
            GROUP BY t.event_no
        
Rows fetched: 10
Columns: ['event_no', 'energy', 'azimuth', 'zenith', 'pid', 'event_time', 'interaction_type', 'elasticity', 'RunID', 'SubrunID', 'EventID', 'SubEventID', 'dbang_decay_length', 'track_length', 'stopped_muon', 'energy_track', 'energy_cascade', 'inelasticity', 'DeepCoreFilter_13', 'CascadeFilter_13', 'MuonFilter_13', 'OnlineL2Filter_17', 'L3_oscNext_bool', 'L4_oscNext_bool', 'L5_oscNext_bool', 'L6_oscNext_bool', 'L7_oscNext_bool', 'Homogenized_QTot', 'MCLabelClassification', 'MCLabelCoincidentMuons', 'MCLabelBgMuonMCPE', 'MCLabelBgMuonMCPECharge', 'N_doms']
Query executed: 
            SELECT
            g.event_no,
            g.GNLabelTrackEnergyDeposited,
            g.GNLabelTrackEnergyOnEntrance,
            g.GNLabelTrackEnergyOnEntrancePrimary,
            g.GNLabelTrackEnergyDepositedPrimary,
            g.GNLabelEnergyPrimary,
            g.GNLabelCascadeEnergyDepositedPrimary,
            g.GNLabelCascadeEnergyDeposited,
            g.GNLabelEnergyDepositedTotal,
            g.GNLabelEnergyDepositedPrimary,
            g.GNLabelHighestEInIceParticleIsChild,
            g.GNLabelHighestEInIceParticleDistance,
            g.GNLabelHighestEInIceParticleEFraction,
            
            g.GNLabelHighestEDaughterDistance,
            g.GNLabelHighestEDaughterEFraction
            FROM truth g
            WHERE g.event_no IN (1459,1460,1461,1462,1463,1464,1465,1466,1467,1468)
        
Rows fetched: 10
Columns: ['event_no', 'GNLabelTrackEnergyDeposited', 'GNLabelTrackEnergyOnEntrance', 'GNLabelTrackEnergyOnEntrancePrimary', 'GNLabelTrackEnergyDepositedPrimary', 'GNLabelEnergyPrimary', 'GNLabelCascadeEnergyDepositedPrimary', 'GNLabelCascadeEnergyDeposited', 'GNLabelEnergyDepositedTotal', 'GNLabelEnergyDepositedPrimary', 'GNLabelHighestEInIceParticleIsChild', 'GNLabelHighestEInIceParticleDistance', 'GNLabelHighestEInIceParticleEFraction', 'GNLabelHighestEDaughterDistance', 'GNLabelHighestEDaughterEFraction']
Query executed: 
            SELECT 
            h.event_no, 
            h.zenith_GNHighestEInIceParticle, 
            h.azimuth_GNHighestEInIceParticle, 
            h.energy_GNHighestEInIceParticle,
            h.pos_x_GNHighestEInIceParticle, 
            h.pos_y_GNHighestEInIceParticle, 
            h.pos_z_GNHighestEInIceParticle,
            h.dir_x_GNHighestEInIceParticle,
            h.dir_y_GNHighestEInIceParticle,
            h.dir_z_GNHighestEInIceParticle,
            h.time_GNHighestEInIceParticle,
            h.speed_GNHighestEInIceParticle
            FROM GNHighestEInIceParticle h
            WHERE h.event_no IN (1459,1460,1461,1462,1463,1464,1465,1466,1467,1468)
        
Rows fetched: 10
Columns: ['event_no', 'zenith_GNHighestEInIceParticle', 'azimuth_GNHighestEInIceParticle', 'energy_GNHighestEInIceParticle', 'pos_x_GNHighestEInIceParticle', 'pos_y_GNHighestEInIceParticle', 'pos_z_GNHighestEInIceParticle', 'dir_x_GNHighestEInIceParticle', 'dir_y_GNHighestEInIceParticle', 'dir_z_GNHighestEInIceParticle', 'time_GNHighestEInIceParticle', 'speed_GNHighestEInIceParticle']
Query executed: 
            SELECT 
            h.event_no, 
            h.zenith_GNHighestEDaughter, 
            h.azimuth_GNHighestEDaughter, 
            h.energy_GNHighestEDaughter,
            h.pos_x_GNHighestEDaughter, 
            h.pos_y_GNHighestEDaughter, 
            h.pos_z_GNHighestEDaughter,
            h.dir_x_GNHighestEDaughter,
            h.dir_y_GNHighestEDaughter,
            h.dir_z_GNHighestEDaughter,
            h.time_GNHighestEDaughter,
            h.speed_GNHighestEDaughter
            FROM GNHighestEDaughter h
            WHERE h.event_no IN (1459,1460,1461,1462,1463,1464,1465,1466,1467,1468)
        
Rows fetched: 10
Columns: ['event_no', 'zenith_GNHighestEDaughter', 'azimuth_GNHighestEDaughter', 'energy_GNHighestEDaughter', 'pos_x_GNHighestEDaughter', 'pos_y_GNHighestEDaughter', 'pos_z_GNHighestEDaughter', 'dir_x_GNHighestEDaughter', 'dir_y_GNHighestEDaughter', 'dir_z_GNHighestEDaughter', 'time_GNHighestEDaughter', 'speed_GNHighestEDaughter']
Query executed: 
            SELECT 
            t.event_no, 
            t.energy, 
            t.azimuth, 
            t.zenith, 
            t.pid, 
            t.event_time,
            t.interaction_type,
            t.elasticity,
            t.RunID,
            t.SubrunID,
            t.EventID,
            t.SubEventID,
            t.dbang_decay_length,
            t.track_length,
            t.stopped_muon,
            t.energy_track,
            t.energy_cascade,
            t.inelasticity,
            t.DeepCoreFilter_13,
            t.CascadeFilter_13,
            t.MuonFilter_13,
            t.OnlineL2Filter_17,
            t.L3_oscNext_bool,
            t.L4_oscNext_bool,
            t.L5_oscNext_bool,
            t.L6_oscNext_bool,
            t.L7_oscNext_bool,
            t.Homogenized_QTot,
            t.MCLabelClassification,
            t.MCLabelCoincidentMuons,
            t.MCLabelBgMuonMCPE,
            t.MCLabelBgMuonMCPECharge,
                COUNT(DISTINCT s.string || '-' || s.dom_number) AS N_doms
            FROM truth t
            JOIN SRTInIcePulses s ON t.event_no = s.event_no
            WHERE t.event_no IN (1469,1470,1471,1472,1473,1474,1475,1476,1477,1478)
            GROUP BY t.event_no
        
Rows fetched: 10
Columns: ['event_no', 'energy', 'azimuth', 'zenith', 'pid', 'event_time', 'interaction_type', 'elasticity', 'RunID', 'SubrunID', 'EventID', 'SubEventID', 'dbang_decay_length', 'track_length', 'stopped_muon', 'energy_track', 'energy_cascade', 'inelasticity', 'DeepCoreFilter_13', 'CascadeFilter_13', 'MuonFilter_13', 'OnlineL2Filter_17', 'L3_oscNext_bool', 'L4_oscNext_bool', 'L5_oscNext_bool', 'L6_oscNext_bool', 'L7_oscNext_bool', 'Homogenized_QTot', 'MCLabelClassification', 'MCLabelCoincidentMuons', 'MCLabelBgMuonMCPE', 'MCLabelBgMuonMCPECharge', 'N_doms']
Query executed: 
            SELECT
            g.event_no,
            g.GNLabelTrackEnergyDeposited,
            g.GNLabelTrackEnergyOnEntrance,
            g.GNLabelTrackEnergyOnEntrancePrimary,
            g.GNLabelTrackEnergyDepositedPrimary,
            g.GNLabelEnergyPrimary,
            g.GNLabelCascadeEnergyDepositedPrimary,
            g.GNLabelCascadeEnergyDeposited,
            g.GNLabelEnergyDepositedTotal,
            g.GNLabelEnergyDepositedPrimary,
            g.GNLabelHighestEInIceParticleIsChild,
            g.GNLabelHighestEInIceParticleDistance,
            g.GNLabelHighestEInIceParticleEFraction,
            
            g.GNLabelHighestEDaughterDistance,
            g.GNLabelHighestEDaughterEFraction
            FROM truth g
            WHERE g.event_no IN (1469,1470,1471,1472,1473,1474,1475,1476,1477,1478)
        
Rows fetched: 10
Columns: ['event_no', 'GNLabelTrackEnergyDeposited', 'GNLabelTrackEnergyOnEntrance', 'GNLabelTrackEnergyOnEntrancePrimary', 'GNLabelTrackEnergyDepositedPrimary', 'GNLabelEnergyPrimary', 'GNLabelCascadeEnergyDepositedPrimary', 'GNLabelCascadeEnergyDeposited', 'GNLabelEnergyDepositedTotal', 'GNLabelEnergyDepositedPrimary', 'GNLabelHighestEInIceParticleIsChild', 'GNLabelHighestEInIceParticleDistance', 'GNLabelHighestEInIceParticleEFraction', 'GNLabelHighestEDaughterDistance', 'GNLabelHighestEDaughterEFraction']
Query executed: 
            SELECT 
            h.event_no, 
            h.zenith_GNHighestEInIceParticle, 
            h.azimuth_GNHighestEInIceParticle, 
            h.energy_GNHighestEInIceParticle,
            h.pos_x_GNHighestEInIceParticle, 
            h.pos_y_GNHighestEInIceParticle, 
            h.pos_z_GNHighestEInIceParticle,
            h.dir_x_GNHighestEInIceParticle,
            h.dir_y_GNHighestEInIceParticle,
            h.dir_z_GNHighestEInIceParticle,
            h.time_GNHighestEInIceParticle,
            h.speed_GNHighestEInIceParticle
            FROM GNHighestEInIceParticle h
            WHERE h.event_no IN (1469,1470,1471,1472,1473,1474,1475,1476,1477,1478)
        
Rows fetched: 10
Columns: ['event_no', 'zenith_GNHighestEInIceParticle', 'azimuth_GNHighestEInIceParticle', 'energy_GNHighestEInIceParticle', 'pos_x_GNHighestEInIceParticle', 'pos_y_GNHighestEInIceParticle', 'pos_z_GNHighestEInIceParticle', 'dir_x_GNHighestEInIceParticle', 'dir_y_GNHighestEInIceParticle', 'dir_z_GNHighestEInIceParticle', 'time_GNHighestEInIceParticle', 'speed_GNHighestEInIceParticle']
Query executed: 
            SELECT 
            h.event_no, 
            h.zenith_GNHighestEDaughter, 
            h.azimuth_GNHighestEDaughter, 
            h.energy_GNHighestEDaughter,
            h.pos_x_GNHighestEDaughter, 
            h.pos_y_GNHighestEDaughter, 
            h.pos_z_GNHighestEDaughter,
            h.dir_x_GNHighestEDaughter,
            h.dir_y_GNHighestEDaughter,
            h.dir_z_GNHighestEDaughter,
            h.time_GNHighestEDaughter,
            h.speed_GNHighestEDaughter
            FROM GNHighestEDaughter h
            WHERE h.event_no IN (1469,1470,1471,1472,1473,1474,1475,1476,1477,1478)
        
Rows fetched: 10
Columns: ['event_no', 'zenith_GNHighestEDaughter', 'azimuth_GNHighestEDaughter', 'energy_GNHighestEDaughter', 'pos_x_GNHighestEDaughter', 'pos_y_GNHighestEDaughter', 'pos_z_GNHighestEDaughter', 'dir_x_GNHighestEDaughter', 'dir_y_GNHighestEDaughter', 'dir_z_GNHighestEDaughter', 'time_GNHighestEDaughter', 'speed_GNHighestEDaughter']
Query executed: 
            SELECT 
            t.event_no, 
            t.energy, 
            t.azimuth, 
            t.zenith, 
            t.pid, 
            t.event_time,
            t.interaction_type,
            t.elasticity,
            t.RunID,
            t.SubrunID,
            t.EventID,
            t.SubEventID,
            t.dbang_decay_length,
            t.track_length,
            t.stopped_muon,
            t.energy_track,
            t.energy_cascade,
            t.inelasticity,
            t.DeepCoreFilter_13,
            t.CascadeFilter_13,
            t.MuonFilter_13,
            t.OnlineL2Filter_17,
            t.L3_oscNext_bool,
            t.L4_oscNext_bool,
            t.L5_oscNext_bool,
            t.L6_oscNext_bool,
            t.L7_oscNext_bool,
            t.Homogenized_QTot,
            t.MCLabelClassification,
            t.MCLabelCoincidentMuons,
            t.MCLabelBgMuonMCPE,
            t.MCLabelBgMuonMCPECharge,
                COUNT(DISTINCT s.string || '-' || s.dom_number) AS N_doms
            FROM truth t
            JOIN SRTInIcePulses s ON t.event_no = s.event_no
            WHERE t.event_no IN (1479,1480,1481,1482,1483,1484,1485,1486,1487,1488)
            GROUP BY t.event_no
        
Rows fetched: 10
Columns: ['event_no', 'energy', 'azimuth', 'zenith', 'pid', 'event_time', 'interaction_type', 'elasticity', 'RunID', 'SubrunID', 'EventID', 'SubEventID', 'dbang_decay_length', 'track_length', 'stopped_muon', 'energy_track', 'energy_cascade', 'inelasticity', 'DeepCoreFilter_13', 'CascadeFilter_13', 'MuonFilter_13', 'OnlineL2Filter_17', 'L3_oscNext_bool', 'L4_oscNext_bool', 'L5_oscNext_bool', 'L6_oscNext_bool', 'L7_oscNext_bool', 'Homogenized_QTot', 'MCLabelClassification', 'MCLabelCoincidentMuons', 'MCLabelBgMuonMCPE', 'MCLabelBgMuonMCPECharge', 'N_doms']
Query executed: 
            SELECT
            g.event_no,
            g.GNLabelTrackEnergyDeposited,
            g.GNLabelTrackEnergyOnEntrance,
            g.GNLabelTrackEnergyOnEntrancePrimary,
            g.GNLabelTrackEnergyDepositedPrimary,
            g.GNLabelEnergyPrimary,
            g.GNLabelCascadeEnergyDepositedPrimary,
            g.GNLabelCascadeEnergyDeposited,
            g.GNLabelEnergyDepositedTotal,
            g.GNLabelEnergyDepositedPrimary,
            g.GNLabelHighestEInIceParticleIsChild,
            g.GNLabelHighestEInIceParticleDistance,
            g.GNLabelHighestEInIceParticleEFraction,
            
            g.GNLabelHighestEDaughterDistance,
            g.GNLabelHighestEDaughterEFraction
            FROM truth g
            WHERE g.event_no IN (1479,1480,1481,1482,1483,1484,1485,1486,1487,1488)
        
Rows fetched: 10
Columns: ['event_no', 'GNLabelTrackEnergyDeposited', 'GNLabelTrackEnergyOnEntrance', 'GNLabelTrackEnergyOnEntrancePrimary', 'GNLabelTrackEnergyDepositedPrimary', 'GNLabelEnergyPrimary', 'GNLabelCascadeEnergyDepositedPrimary', 'GNLabelCascadeEnergyDeposited', 'GNLabelEnergyDepositedTotal', 'GNLabelEnergyDepositedPrimary', 'GNLabelHighestEInIceParticleIsChild', 'GNLabelHighestEInIceParticleDistance', 'GNLabelHighestEInIceParticleEFraction', 'GNLabelHighestEDaughterDistance', 'GNLabelHighestEDaughterEFraction']
Query executed: 
            SELECT 
            h.event_no, 
            h.zenith_GNHighestEInIceParticle, 
            h.azimuth_GNHighestEInIceParticle, 
            h.energy_GNHighestEInIceParticle,
            h.pos_x_GNHighestEInIceParticle, 
            h.pos_y_GNHighestEInIceParticle, 
            h.pos_z_GNHighestEInIceParticle,
            h.dir_x_GNHighestEInIceParticle,
            h.dir_y_GNHighestEInIceParticle,
            h.dir_z_GNHighestEInIceParticle,
            h.time_GNHighestEInIceParticle,
            h.speed_GNHighestEInIceParticle
            FROM GNHighestEInIceParticle h
            WHERE h.event_no IN (1479,1480,1481,1482,1483,1484,1485,1486,1487,1488)
        
Rows fetched: 10
Columns: ['event_no', 'zenith_GNHighestEInIceParticle', 'azimuth_GNHighestEInIceParticle', 'energy_GNHighestEInIceParticle', 'pos_x_GNHighestEInIceParticle', 'pos_y_GNHighestEInIceParticle', 'pos_z_GNHighestEInIceParticle', 'dir_x_GNHighestEInIceParticle', 'dir_y_GNHighestEInIceParticle', 'dir_z_GNHighestEInIceParticle', 'time_GNHighestEInIceParticle', 'speed_GNHighestEInIceParticle']
Query executed: 
            SELECT 
            h.event_no, 
            h.zenith_GNHighestEDaughter, 
            h.azimuth_GNHighestEDaughter, 
            h.energy_GNHighestEDaughter,
            h.pos_x_GNHighestEDaughter, 
            h.pos_y_GNHighestEDaughter, 
            h.pos_z_GNHighestEDaughter,
            h.dir_x_GNHighestEDaughter,
            h.dir_y_GNHighestEDaughter,
            h.dir_z_GNHighestEDaughter,
            h.time_GNHighestEDaughter,
            h.speed_GNHighestEDaughter
            FROM GNHighestEDaughter h
            WHERE h.event_no IN (1479,1480,1481,1482,1483,1484,1485,1486,1487,1488)
        
Rows fetched: 10
Columns: ['event_no', 'zenith_GNHighestEDaughter', 'azimuth_GNHighestEDaughter', 'energy_GNHighestEDaughter', 'pos_x_GNHighestEDaughter', 'pos_y_GNHighestEDaughter', 'pos_z_GNHighestEDaughter', 'dir_x_GNHighestEDaughter', 'dir_y_GNHighestEDaughter', 'dir_z_GNHighestEDaughter', 'time_GNHighestEDaughter', 'speed_GNHighestEDaughter']
Query executed: 
            SELECT 
            t.event_no, 
            t.energy, 
            t.azimuth, 
            t.zenith, 
            t.pid, 
            t.event_time,
            t.interaction_type,
            t.elasticity,
            t.RunID,
            t.SubrunID,
            t.EventID,
            t.SubEventID,
            t.dbang_decay_length,
            t.track_length,
            t.stopped_muon,
            t.energy_track,
            t.energy_cascade,
            t.inelasticity,
            t.DeepCoreFilter_13,
            t.CascadeFilter_13,
            t.MuonFilter_13,
            t.OnlineL2Filter_17,
            t.L3_oscNext_bool,
            t.L4_oscNext_bool,
            t.L5_oscNext_bool,
            t.L6_oscNext_bool,
            t.L7_oscNext_bool,
            t.Homogenized_QTot,
            t.MCLabelClassification,
            t.MCLabelCoincidentMuons,
            t.MCLabelBgMuonMCPE,
            t.MCLabelBgMuonMCPECharge,
                COUNT(DISTINCT s.string || '-' || s.dom_number) AS N_doms
            FROM truth t
            JOIN SRTInIcePulses s ON t.event_no = s.event_no
            WHERE t.event_no IN (1489,1490,1491,1492)
            GROUP BY t.event_no
        
Rows fetched: 4
Columns: ['event_no', 'energy', 'azimuth', 'zenith', 'pid', 'event_time', 'interaction_type', 'elasticity', 'RunID', 'SubrunID', 'EventID', 'SubEventID', 'dbang_decay_length', 'track_length', 'stopped_muon', 'energy_track', 'energy_cascade', 'inelasticity', 'DeepCoreFilter_13', 'CascadeFilter_13', 'MuonFilter_13', 'OnlineL2Filter_17', 'L3_oscNext_bool', 'L4_oscNext_bool', 'L5_oscNext_bool', 'L6_oscNext_bool', 'L7_oscNext_bool', 'Homogenized_QTot', 'MCLabelClassification', 'MCLabelCoincidentMuons', 'MCLabelBgMuonMCPE', 'MCLabelBgMuonMCPECharge', 'N_doms']
Query executed: 
            SELECT
            g.event_no,
            g.GNLabelTrackEnergyDeposited,
            g.GNLabelTrackEnergyOnEntrance,
            g.GNLabelTrackEnergyOnEntrancePrimary,
            g.GNLabelTrackEnergyDepositedPrimary,
            g.GNLabelEnergyPrimary,
            g.GNLabelCascadeEnergyDepositedPrimary,
            g.GNLabelCascadeEnergyDeposited,
            g.GNLabelEnergyDepositedTotal,
            g.GNLabelEnergyDepositedPrimary,
            g.GNLabelHighestEInIceParticleIsChild,
            g.GNLabelHighestEInIceParticleDistance,
            g.GNLabelHighestEInIceParticleEFraction,
            
            g.GNLabelHighestEDaughterDistance,
            g.GNLabelHighestEDaughterEFraction
            FROM truth g
            WHERE g.event_no IN (1489,1490,1491,1492)
        
Rows fetched: 4
Columns: ['event_no', 'GNLabelTrackEnergyDeposited', 'GNLabelTrackEnergyOnEntrance', 'GNLabelTrackEnergyOnEntrancePrimary', 'GNLabelTrackEnergyDepositedPrimary', 'GNLabelEnergyPrimary', 'GNLabelCascadeEnergyDepositedPrimary', 'GNLabelCascadeEnergyDeposited', 'GNLabelEnergyDepositedTotal', 'GNLabelEnergyDepositedPrimary', 'GNLabelHighestEInIceParticleIsChild', 'GNLabelHighestEInIceParticleDistance', 'GNLabelHighestEInIceParticleEFraction', 'GNLabelHighestEDaughterDistance', 'GNLabelHighestEDaughterEFraction']
Query executed: 
            SELECT 
            h.event_no, 
            h.zenith_GNHighestEInIceParticle, 
            h.azimuth_GNHighestEInIceParticle, 
            h.energy_GNHighestEInIceParticle,
            h.pos_x_GNHighestEInIceParticle, 
            h.pos_y_GNHighestEInIceParticle, 
            h.pos_z_GNHighestEInIceParticle,
            h.dir_x_GNHighestEInIceParticle,
            h.dir_y_GNHighestEInIceParticle,
            h.dir_z_GNHighestEInIceParticle,
            h.time_GNHighestEInIceParticle,
            h.speed_GNHighestEInIceParticle
            FROM GNHighestEInIceParticle h
            WHERE h.event_no IN (1489,1490,1491,1492)
        
Rows fetched: 4
Columns: ['event_no', 'zenith_GNHighestEInIceParticle', 'azimuth_GNHighestEInIceParticle', 'energy_GNHighestEInIceParticle', 'pos_x_GNHighestEInIceParticle', 'pos_y_GNHighestEInIceParticle', 'pos_z_GNHighestEInIceParticle', 'dir_x_GNHighestEInIceParticle', 'dir_y_GNHighestEInIceParticle', 'dir_z_GNHighestEInIceParticle', 'time_GNHighestEInIceParticle', 'speed_GNHighestEInIceParticle']
Query executed: 
            SELECT 
            h.event_no, 
            h.zenith_GNHighestEDaughter, 
            h.azimuth_GNHighestEDaughter, 
            h.energy_GNHighestEDaughter,
            h.pos_x_GNHighestEDaughter, 
            h.pos_y_GNHighestEDaughter, 
            h.pos_z_GNHighestEDaughter,
            h.dir_x_GNHighestEDaughter,
            h.dir_y_GNHighestEDaughter,
            h.dir_z_GNHighestEDaughter,
            h.time_GNHighestEDaughter,
            h.speed_GNHighestEDaughter
            FROM GNHighestEDaughter h
            WHERE h.event_no IN (1489,1490,1491,1492)
        
Rows fetched: 4
Columns: ['event_no', 'zenith_GNHighestEDaughter', 'azimuth_GNHighestEDaughter', 'energy_GNHighestEDaughter', 'pos_x_GNHighestEDaughter', 'pos_y_GNHighestEDaughter', 'pos_z_GNHighestEDaughter', 'dir_x_GNHighestEDaughter', 'dir_y_GNHighestEDaughter', 'dir_z_GNHighestEDaughter', 'time_GNHighestEDaughter', 'speed_GNHighestEDaughter']
Query executed: 
            SELECT 
            t.event_no, 
            t.energy, 
            t.azimuth, 
            t.zenith, 
            t.pid, 
            t.event_time,
            t.interaction_type,
            t.elasticity,
            t.RunID,
            t.SubrunID,
            t.EventID,
            t.SubEventID,
            t.dbang_decay_length,
            t.track_length,
            t.stopped_muon,
            t.energy_track,
            t.energy_cascade,
            t.inelasticity,
            t.DeepCoreFilter_13,
            t.CascadeFilter_13,
            t.MuonFilter_13,
            t.OnlineL2Filter_17,
            t.L3_oscNext_bool,
            t.L4_oscNext_bool,
            t.L5_oscNext_bool,
            t.L6_oscNext_bool,
            t.L7_oscNext_bool,
            t.Homogenized_QTot,
            t.MCLabelClassification,
            t.MCLabelCoincidentMuons,
            t.MCLabelBgMuonMCPE,
            t.MCLabelBgMuonMCPECharge,
                COUNT(DISTINCT s.string || '-' || s.dom_number) AS N_doms
            FROM truth t
            JOIN SRTInIcePulses s ON t.event_no = s.event_no
            WHERE t.event_no IN (366,367,368,369,370,371,372,373,374,375)
            GROUP BY t.event_no
        
Rows fetched: 10
Columns: ['event_no', 'energy', 'azimuth', 'zenith', 'pid', 'event_time', 'interaction_type', 'elasticity', 'RunID', 'SubrunID', 'EventID', 'SubEventID', 'dbang_decay_length', 'track_length', 'stopped_muon', 'energy_track', 'energy_cascade', 'inelasticity', 'DeepCoreFilter_13', 'CascadeFilter_13', 'MuonFilter_13', 'OnlineL2Filter_17', 'L3_oscNext_bool', 'L4_oscNext_bool', 'L5_oscNext_bool', 'L6_oscNext_bool', 'L7_oscNext_bool', 'Homogenized_QTot', 'MCLabelClassification', 'MCLabelCoincidentMuons', 'MCLabelBgMuonMCPE', 'MCLabelBgMuonMCPECharge', 'N_doms']
Query executed: 
            SELECT
            g.event_no,
            g.GNLabelTrackEnergyDeposited,
            g.GNLabelTrackEnergyOnEntrance,
            g.GNLabelTrackEnergyOnEntrancePrimary,
            g.GNLabelTrackEnergyDepositedPrimary,
            g.GNLabelEnergyPrimary,
            g.GNLabelCascadeEnergyDepositedPrimary,
            g.GNLabelCascadeEnergyDeposited,
            g.GNLabelEnergyDepositedTotal,
            g.GNLabelEnergyDepositedPrimary,
            g.GNLabelHighestEInIceParticleIsChild,
            g.GNLabelHighestEInIceParticleDistance,
            g.GNLabelHighestEInIceParticleEFraction,
            
            g.GNLabelHighestEDaughterDistance,
            g.GNLabelHighestEDaughterEFraction
            FROM truth g
            WHERE g.event_no IN (366,367,368,369,370,371,372,373,374,375)
        
Rows fetched: 10
Columns: ['event_no', 'GNLabelTrackEnergyDeposited', 'GNLabelTrackEnergyOnEntrance', 'GNLabelTrackEnergyOnEntrancePrimary', 'GNLabelTrackEnergyDepositedPrimary', 'GNLabelEnergyPrimary', 'GNLabelCascadeEnergyDepositedPrimary', 'GNLabelCascadeEnergyDeposited', 'GNLabelEnergyDepositedTotal', 'GNLabelEnergyDepositedPrimary', 'GNLabelHighestEInIceParticleIsChild', 'GNLabelHighestEInIceParticleDistance', 'GNLabelHighestEInIceParticleEFraction', 'GNLabelHighestEDaughterDistance', 'GNLabelHighestEDaughterEFraction']
Query executed: 
            SELECT 
            h.event_no, 
            h.zenith_GNHighestEInIceParticle, 
            h.azimuth_GNHighestEInIceParticle, 
            h.energy_GNHighestEInIceParticle,
            h.pos_x_GNHighestEInIceParticle, 
            h.pos_y_GNHighestEInIceParticle, 
            h.pos_z_GNHighestEInIceParticle,
            h.dir_x_GNHighestEInIceParticle,
            h.dir_y_GNHighestEInIceParticle,
            h.dir_z_GNHighestEInIceParticle,
            h.time_GNHighestEInIceParticle,
            h.speed_GNHighestEInIceParticle
            FROM GNHighestEInIceParticle h
            WHERE h.event_no IN (366,367,368,369,370,371,372,373,374,375)
        
Rows fetched: 10
Columns: ['event_no', 'zenith_GNHighestEInIceParticle', 'azimuth_GNHighestEInIceParticle', 'energy_GNHighestEInIceParticle', 'pos_x_GNHighestEInIceParticle', 'pos_y_GNHighestEInIceParticle', 'pos_z_GNHighestEInIceParticle', 'dir_x_GNHighestEInIceParticle', 'dir_y_GNHighestEInIceParticle', 'dir_z_GNHighestEInIceParticle', 'time_GNHighestEInIceParticle', 'speed_GNHighestEInIceParticle']
Query executed: 
            SELECT 
            h.event_no, 
            h.zenith_GNHighestEDaughter, 
            h.azimuth_GNHighestEDaughter, 
            h.energy_GNHighestEDaughter,
            h.pos_x_GNHighestEDaughter, 
            h.pos_y_GNHighestEDaughter, 
            h.pos_z_GNHighestEDaughter,
            h.dir_x_GNHighestEDaughter,
            h.dir_y_GNHighestEDaughter,
            h.dir_z_GNHighestEDaughter,
            h.time_GNHighestEDaughter,
            h.speed_GNHighestEDaughter
            FROM GNHighestEDaughter h
            WHERE h.event_no IN (366,367,368,369,370,371,372,373,374,375)
        
Rows fetched: 10
Columns: ['event_no', 'zenith_GNHighestEDaughter', 'azimuth_GNHighestEDaughter', 'energy_GNHighestEDaughter', 'pos_x_GNHighestEDaughter', 'pos_y_GNHighestEDaughter', 'pos_z_GNHighestEDaughter', 'dir_x_GNHighestEDaughter', 'dir_y_GNHighestEDaughter', 'dir_z_GNHighestEDaughter', 'time_GNHighestEDaughter', 'speed_GNHighestEDaughter']
Query executed: 
            SELECT 
            t.event_no, 
            t.energy, 
            t.azimuth, 
            t.zenith, 
            t.pid, 
            t.event_time,
            t.interaction_type,
            t.elasticity,
            t.RunID,
            t.SubrunID,
            t.EventID,
            t.SubEventID,
            t.dbang_decay_length,
            t.track_length,
            t.stopped_muon,
            t.energy_track,
            t.energy_cascade,
            t.inelasticity,
            t.DeepCoreFilter_13,
            t.CascadeFilter_13,
            t.MuonFilter_13,
            t.OnlineL2Filter_17,
            t.L3_oscNext_bool,
            t.L4_oscNext_bool,
            t.L5_oscNext_bool,
            t.L6_oscNext_bool,
            t.L7_oscNext_bool,
            t.Homogenized_QTot,
            t.MCLabelClassification,
            t.MCLabelCoincidentMuons,
            t.MCLabelBgMuonMCPE,
            t.MCLabelBgMuonMCPECharge,
                COUNT(DISTINCT s.string || '-' || s.dom_number) AS N_doms
            FROM truth t
            JOIN SRTInIcePulses s ON t.event_no = s.event_no
            WHERE t.event_no IN (376,377,378,379,380,381,382,383,384,385)
            GROUP BY t.event_no
        
Rows fetched: 10
Columns: ['event_no', 'energy', 'azimuth', 'zenith', 'pid', 'event_time', 'interaction_type', 'elasticity', 'RunID', 'SubrunID', 'EventID', 'SubEventID', 'dbang_decay_length', 'track_length', 'stopped_muon', 'energy_track', 'energy_cascade', 'inelasticity', 'DeepCoreFilter_13', 'CascadeFilter_13', 'MuonFilter_13', 'OnlineL2Filter_17', 'L3_oscNext_bool', 'L4_oscNext_bool', 'L5_oscNext_bool', 'L6_oscNext_bool', 'L7_oscNext_bool', 'Homogenized_QTot', 'MCLabelClassification', 'MCLabelCoincidentMuons', 'MCLabelBgMuonMCPE', 'MCLabelBgMuonMCPECharge', 'N_doms']
Query executed: 
            SELECT
            g.event_no,
            g.GNLabelTrackEnergyDeposited,
            g.GNLabelTrackEnergyOnEntrance,
            g.GNLabelTrackEnergyOnEntrancePrimary,
            g.GNLabelTrackEnergyDepositedPrimary,
            g.GNLabelEnergyPrimary,
            g.GNLabelCascadeEnergyDepositedPrimary,
            g.GNLabelCascadeEnergyDeposited,
            g.GNLabelEnergyDepositedTotal,
            g.GNLabelEnergyDepositedPrimary,
            g.GNLabelHighestEInIceParticleIsChild,
            g.GNLabelHighestEInIceParticleDistance,
            g.GNLabelHighestEInIceParticleEFraction,
            
            g.GNLabelHighestEDaughterDistance,
            g.GNLabelHighestEDaughterEFraction
            FROM truth g
            WHERE g.event_no IN (376,377,378,379,380,381,382,383,384,385)
        
Rows fetched: 10
Columns: ['event_no', 'GNLabelTrackEnergyDeposited', 'GNLabelTrackEnergyOnEntrance', 'GNLabelTrackEnergyOnEntrancePrimary', 'GNLabelTrackEnergyDepositedPrimary', 'GNLabelEnergyPrimary', 'GNLabelCascadeEnergyDepositedPrimary', 'GNLabelCascadeEnergyDeposited', 'GNLabelEnergyDepositedTotal', 'GNLabelEnergyDepositedPrimary', 'GNLabelHighestEInIceParticleIsChild', 'GNLabelHighestEInIceParticleDistance', 'GNLabelHighestEInIceParticleEFraction', 'GNLabelHighestEDaughterDistance', 'GNLabelHighestEDaughterEFraction']
Query executed: 
            SELECT 
            h.event_no, 
            h.zenith_GNHighestEInIceParticle, 
            h.azimuth_GNHighestEInIceParticle, 
            h.energy_GNHighestEInIceParticle,
            h.pos_x_GNHighestEInIceParticle, 
            h.pos_y_GNHighestEInIceParticle, 
            h.pos_z_GNHighestEInIceParticle,
            h.dir_x_GNHighestEInIceParticle,
            h.dir_y_GNHighestEInIceParticle,
            h.dir_z_GNHighestEInIceParticle,
            h.time_GNHighestEInIceParticle,
            h.speed_GNHighestEInIceParticle
            FROM GNHighestEInIceParticle h
            WHERE h.event_no IN (376,377,378,379,380,381,382,383,384,385)
        
Rows fetched: 10
Columns: ['event_no', 'zenith_GNHighestEInIceParticle', 'azimuth_GNHighestEInIceParticle', 'energy_GNHighestEInIceParticle', 'pos_x_GNHighestEInIceParticle', 'pos_y_GNHighestEInIceParticle', 'pos_z_GNHighestEInIceParticle', 'dir_x_GNHighestEInIceParticle', 'dir_y_GNHighestEInIceParticle', 'dir_z_GNHighestEInIceParticle', 'time_GNHighestEInIceParticle', 'speed_GNHighestEInIceParticle']
Query executed: 
            SELECT 
            h.event_no, 
            h.zenith_GNHighestEDaughter, 
            h.azimuth_GNHighestEDaughter, 
            h.energy_GNHighestEDaughter,
            h.pos_x_GNHighestEDaughter, 
            h.pos_y_GNHighestEDaughter, 
            h.pos_z_GNHighestEDaughter,
            h.dir_x_GNHighestEDaughter,
            h.dir_y_GNHighestEDaughter,
            h.dir_z_GNHighestEDaughter,
            h.time_GNHighestEDaughter,
            h.speed_GNHighestEDaughter
            FROM GNHighestEDaughter h
            WHERE h.event_no IN (376,377,378,379,380,381,382,383,384,385)
        
Rows fetched: 10
Columns: ['event_no', 'zenith_GNHighestEDaughter', 'azimuth_GNHighestEDaughter', 'energy_GNHighestEDaughter', 'pos_x_GNHighestEDaughter', 'pos_y_GNHighestEDaughter', 'pos_z_GNHighestEDaughter', 'dir_x_GNHighestEDaughter', 'dir_y_GNHighestEDaughter', 'dir_z_GNHighestEDaughter', 'time_GNHighestEDaughter', 'speed_GNHighestEDaughter']
Query executed: 
            SELECT 
            t.event_no, 
            t.energy, 
            t.azimuth, 
            t.zenith, 
            t.pid, 
            t.event_time,
            t.interaction_type,
            t.elasticity,
            t.RunID,
            t.SubrunID,
            t.EventID,
            t.SubEventID,
            t.dbang_decay_length,
            t.track_length,
            t.stopped_muon,
            t.energy_track,
            t.energy_cascade,
            t.inelasticity,
            t.DeepCoreFilter_13,
            t.CascadeFilter_13,
            t.MuonFilter_13,
            t.OnlineL2Filter_17,
            t.L3_oscNext_bool,
            t.L4_oscNext_bool,
            t.L5_oscNext_bool,
            t.L6_oscNext_bool,
            t.L7_oscNext_bool,
            t.Homogenized_QTot,
            t.MCLabelClassification,
            t.MCLabelCoincidentMuons,
            t.MCLabelBgMuonMCPE,
            t.MCLabelBgMuonMCPECharge,
                COUNT(DISTINCT s.string || '-' || s.dom_number) AS N_doms
            FROM truth t
            JOIN SRTInIcePulses s ON t.event_no = s.event_no
            WHERE t.event_no IN (386,387,388,389,390,391,392,393,394,395)
            GROUP BY t.event_no
        
Rows fetched: 10
Columns: ['event_no', 'energy', 'azimuth', 'zenith', 'pid', 'event_time', 'interaction_type', 'elasticity', 'RunID', 'SubrunID', 'EventID', 'SubEventID', 'dbang_decay_length', 'track_length', 'stopped_muon', 'energy_track', 'energy_cascade', 'inelasticity', 'DeepCoreFilter_13', 'CascadeFilter_13', 'MuonFilter_13', 'OnlineL2Filter_17', 'L3_oscNext_bool', 'L4_oscNext_bool', 'L5_oscNext_bool', 'L6_oscNext_bool', 'L7_oscNext_bool', 'Homogenized_QTot', 'MCLabelClassification', 'MCLabelCoincidentMuons', 'MCLabelBgMuonMCPE', 'MCLabelBgMuonMCPECharge', 'N_doms']
Query executed: 
            SELECT
            g.event_no,
            g.GNLabelTrackEnergyDeposited,
            g.GNLabelTrackEnergyOnEntrance,
            g.GNLabelTrackEnergyOnEntrancePrimary,
            g.GNLabelTrackEnergyDepositedPrimary,
            g.GNLabelEnergyPrimary,
            g.GNLabelCascadeEnergyDepositedPrimary,
            g.GNLabelCascadeEnergyDeposited,
            g.GNLabelEnergyDepositedTotal,
            g.GNLabelEnergyDepositedPrimary,
            g.GNLabelHighestEInIceParticleIsChild,
            g.GNLabelHighestEInIceParticleDistance,
            g.GNLabelHighestEInIceParticleEFraction,
            
            g.GNLabelHighestEDaughterDistance,
            g.GNLabelHighestEDaughterEFraction
            FROM truth g
            WHERE g.event_no IN (386,387,388,389,390,391,392,393,394,395)
        
Rows fetched: 10
Columns: ['event_no', 'GNLabelTrackEnergyDeposited', 'GNLabelTrackEnergyOnEntrance', 'GNLabelTrackEnergyOnEntrancePrimary', 'GNLabelTrackEnergyDepositedPrimary', 'GNLabelEnergyPrimary', 'GNLabelCascadeEnergyDepositedPrimary', 'GNLabelCascadeEnergyDeposited', 'GNLabelEnergyDepositedTotal', 'GNLabelEnergyDepositedPrimary', 'GNLabelHighestEInIceParticleIsChild', 'GNLabelHighestEInIceParticleDistance', 'GNLabelHighestEInIceParticleEFraction', 'GNLabelHighestEDaughterDistance', 'GNLabelHighestEDaughterEFraction']
Query executed: 
            SELECT 
            h.event_no, 
            h.zenith_GNHighestEInIceParticle, 
            h.azimuth_GNHighestEInIceParticle, 
            h.energy_GNHighestEInIceParticle,
            h.pos_x_GNHighestEInIceParticle, 
            h.pos_y_GNHighestEInIceParticle, 
            h.pos_z_GNHighestEInIceParticle,
            h.dir_x_GNHighestEInIceParticle,
            h.dir_y_GNHighestEInIceParticle,
            h.dir_z_GNHighestEInIceParticle,
            h.time_GNHighestEInIceParticle,
            h.speed_GNHighestEInIceParticle
            FROM GNHighestEInIceParticle h
            WHERE h.event_no IN (386,387,388,389,390,391,392,393,394,395)
        
Rows fetched: 10
Columns: ['event_no', 'zenith_GNHighestEInIceParticle', 'azimuth_GNHighestEInIceParticle', 'energy_GNHighestEInIceParticle', 'pos_x_GNHighestEInIceParticle', 'pos_y_GNHighestEInIceParticle', 'pos_z_GNHighestEInIceParticle', 'dir_x_GNHighestEInIceParticle', 'dir_y_GNHighestEInIceParticle', 'dir_z_GNHighestEInIceParticle', 'time_GNHighestEInIceParticle', 'speed_GNHighestEInIceParticle']
Query executed: 
            SELECT 
            h.event_no, 
            h.zenith_GNHighestEDaughter, 
            h.azimuth_GNHighestEDaughter, 
            h.energy_GNHighestEDaughter,
            h.pos_x_GNHighestEDaughter, 
            h.pos_y_GNHighestEDaughter, 
            h.pos_z_GNHighestEDaughter,
            h.dir_x_GNHighestEDaughter,
            h.dir_y_GNHighestEDaughter,
            h.dir_z_GNHighestEDaughter,
            h.time_GNHighestEDaughter,
            h.speed_GNHighestEDaughter
            FROM GNHighestEDaughter h
            WHERE h.event_no IN (386,387,388,389,390,391,392,393,394,395)
        
Rows fetched: 10
Columns: ['event_no', 'zenith_GNHighestEDaughter', 'azimuth_GNHighestEDaughter', 'energy_GNHighestEDaughter', 'pos_x_GNHighestEDaughter', 'pos_y_GNHighestEDaughter', 'pos_z_GNHighestEDaughter', 'dir_x_GNHighestEDaughter', 'dir_y_GNHighestEDaughter', 'dir_z_GNHighestEDaughter', 'time_GNHighestEDaughter', 'speed_GNHighestEDaughter']
Query executed: 
            SELECT 
            t.event_no, 
            t.energy, 
            t.azimuth, 
            t.zenith, 
            t.pid, 
            t.event_time,
            t.interaction_type,
            t.elasticity,
            t.RunID,
            t.SubrunID,
            t.EventID,
            t.SubEventID,
            t.dbang_decay_length,
            t.track_length,
            t.stopped_muon,
            t.energy_track,
            t.energy_cascade,
            t.inelasticity,
            t.DeepCoreFilter_13,
            t.CascadeFilter_13,
            t.MuonFilter_13,
            t.OnlineL2Filter_17,
            t.L3_oscNext_bool,
            t.L4_oscNext_bool,
            t.L5_oscNext_bool,
            t.L6_oscNext_bool,
            t.L7_oscNext_bool,
            t.Homogenized_QTot,
            t.MCLabelClassification,
            t.MCLabelCoincidentMuons,
            t.MCLabelBgMuonMCPE,
            t.MCLabelBgMuonMCPECharge,
                COUNT(DISTINCT s.string || '-' || s.dom_number) AS N_doms
            FROM truth t
            JOIN SRTInIcePulses s ON t.event_no = s.event_no
            WHERE t.event_no IN (396,397,398,399,400,401,402,403,404,405)
            GROUP BY t.event_no
        
Rows fetched: 10
Columns: ['event_no', 'energy', 'azimuth', 'zenith', 'pid', 'event_time', 'interaction_type', 'elasticity', 'RunID', 'SubrunID', 'EventID', 'SubEventID', 'dbang_decay_length', 'track_length', 'stopped_muon', 'energy_track', 'energy_cascade', 'inelasticity', 'DeepCoreFilter_13', 'CascadeFilter_13', 'MuonFilter_13', 'OnlineL2Filter_17', 'L3_oscNext_bool', 'L4_oscNext_bool', 'L5_oscNext_bool', 'L6_oscNext_bool', 'L7_oscNext_bool', 'Homogenized_QTot', 'MCLabelClassification', 'MCLabelCoincidentMuons', 'MCLabelBgMuonMCPE', 'MCLabelBgMuonMCPECharge', 'N_doms']
Query executed: 
            SELECT
            g.event_no,
            g.GNLabelTrackEnergyDeposited,
            g.GNLabelTrackEnergyOnEntrance,
            g.GNLabelTrackEnergyOnEntrancePrimary,
            g.GNLabelTrackEnergyDepositedPrimary,
            g.GNLabelEnergyPrimary,
            g.GNLabelCascadeEnergyDepositedPrimary,
            g.GNLabelCascadeEnergyDeposited,
            g.GNLabelEnergyDepositedTotal,
            g.GNLabelEnergyDepositedPrimary,
            g.GNLabelHighestEInIceParticleIsChild,
            g.GNLabelHighestEInIceParticleDistance,
            g.GNLabelHighestEInIceParticleEFraction,
            
            g.GNLabelHighestEDaughterDistance,
            g.GNLabelHighestEDaughterEFraction
            FROM truth g
            WHERE g.event_no IN (396,397,398,399,400,401,402,403,404,405)
        
Rows fetched: 10
Columns: ['event_no', 'GNLabelTrackEnergyDeposited', 'GNLabelTrackEnergyOnEntrance', 'GNLabelTrackEnergyOnEntrancePrimary', 'GNLabelTrackEnergyDepositedPrimary', 'GNLabelEnergyPrimary', 'GNLabelCascadeEnergyDepositedPrimary', 'GNLabelCascadeEnergyDeposited', 'GNLabelEnergyDepositedTotal', 'GNLabelEnergyDepositedPrimary', 'GNLabelHighestEInIceParticleIsChild', 'GNLabelHighestEInIceParticleDistance', 'GNLabelHighestEInIceParticleEFraction', 'GNLabelHighestEDaughterDistance', 'GNLabelHighestEDaughterEFraction']
Query executed: 
            SELECT 
            h.event_no, 
            h.zenith_GNHighestEInIceParticle, 
            h.azimuth_GNHighestEInIceParticle, 
            h.energy_GNHighestEInIceParticle,
            h.pos_x_GNHighestEInIceParticle, 
            h.pos_y_GNHighestEInIceParticle, 
            h.pos_z_GNHighestEInIceParticle,
            h.dir_x_GNHighestEInIceParticle,
            h.dir_y_GNHighestEInIceParticle,
            h.dir_z_GNHighestEInIceParticle,
            h.time_GNHighestEInIceParticle,
            h.speed_GNHighestEInIceParticle
            FROM GNHighestEInIceParticle h
            WHERE h.event_no IN (396,397,398,399,400,401,402,403,404,405)
        
Rows fetched: 10
Columns: ['event_no', 'zenith_GNHighestEInIceParticle', 'azimuth_GNHighestEInIceParticle', 'energy_GNHighestEInIceParticle', 'pos_x_GNHighestEInIceParticle', 'pos_y_GNHighestEInIceParticle', 'pos_z_GNHighestEInIceParticle', 'dir_x_GNHighestEInIceParticle', 'dir_y_GNHighestEInIceParticle', 'dir_z_GNHighestEInIceParticle', 'time_GNHighestEInIceParticle', 'speed_GNHighestEInIceParticle']
Query executed: 
            SELECT 
            h.event_no, 
            h.zenith_GNHighestEDaughter, 
            h.azimuth_GNHighestEDaughter, 
            h.energy_GNHighestEDaughter,
            h.pos_x_GNHighestEDaughter, 
            h.pos_y_GNHighestEDaughter, 
            h.pos_z_GNHighestEDaughter,
            h.dir_x_GNHighestEDaughter,
            h.dir_y_GNHighestEDaughter,
            h.dir_z_GNHighestEDaughter,
            h.time_GNHighestEDaughter,
            h.speed_GNHighestEDaughter
            FROM GNHighestEDaughter h
            WHERE h.event_no IN (396,397,398,399,400,401,402,403,404,405)
        
Rows fetched: 10
Columns: ['event_no', 'zenith_GNHighestEDaughter', 'azimuth_GNHighestEDaughter', 'energy_GNHighestEDaughter', 'pos_x_GNHighestEDaughter', 'pos_y_GNHighestEDaughter', 'pos_z_GNHighestEDaughter', 'dir_x_GNHighestEDaughter', 'dir_y_GNHighestEDaughter', 'dir_z_GNHighestEDaughter', 'time_GNHighestEDaughter', 'speed_GNHighestEDaughter']
Query executed: 
            SELECT 
            t.event_no, 
            t.energy, 
            t.azimuth, 
            t.zenith, 
            t.pid, 
            t.event_time,
            t.interaction_type,
            t.elasticity,
            t.RunID,
            t.SubrunID,
            t.EventID,
            t.SubEventID,
            t.dbang_decay_length,
            t.track_length,
            t.stopped_muon,
            t.energy_track,
            t.energy_cascade,
            t.inelasticity,
            t.DeepCoreFilter_13,
            t.CascadeFilter_13,
            t.MuonFilter_13,
            t.OnlineL2Filter_17,
            t.L3_oscNext_bool,
            t.L4_oscNext_bool,
            t.L5_oscNext_bool,
            t.L6_oscNext_bool,
            t.L7_oscNext_bool,
            t.Homogenized_QTot,
            t.MCLabelClassification,
            t.MCLabelCoincidentMuons,
            t.MCLabelBgMuonMCPE,
            t.MCLabelBgMuonMCPECharge,
                COUNT(DISTINCT s.string || '-' || s.dom_number) AS N_doms
            FROM truth t
            JOIN SRTInIcePulses s ON t.event_no = s.event_no
            WHERE t.event_no IN (406,407,408,409,410,411,412,413,414,415)
            GROUP BY t.event_no
        
Rows fetched: 10
Columns: ['event_no', 'energy', 'azimuth', 'zenith', 'pid', 'event_time', 'interaction_type', 'elasticity', 'RunID', 'SubrunID', 'EventID', 'SubEventID', 'dbang_decay_length', 'track_length', 'stopped_muon', 'energy_track', 'energy_cascade', 'inelasticity', 'DeepCoreFilter_13', 'CascadeFilter_13', 'MuonFilter_13', 'OnlineL2Filter_17', 'L3_oscNext_bool', 'L4_oscNext_bool', 'L5_oscNext_bool', 'L6_oscNext_bool', 'L7_oscNext_bool', 'Homogenized_QTot', 'MCLabelClassification', 'MCLabelCoincidentMuons', 'MCLabelBgMuonMCPE', 'MCLabelBgMuonMCPECharge', 'N_doms']
Query executed: 
            SELECT
            g.event_no,
            g.GNLabelTrackEnergyDeposited,
            g.GNLabelTrackEnergyOnEntrance,
            g.GNLabelTrackEnergyOnEntrancePrimary,
            g.GNLabelTrackEnergyDepositedPrimary,
            g.GNLabelEnergyPrimary,
            g.GNLabelCascadeEnergyDepositedPrimary,
            g.GNLabelCascadeEnergyDeposited,
            g.GNLabelEnergyDepositedTotal,
            g.GNLabelEnergyDepositedPrimary,
            g.GNLabelHighestEInIceParticleIsChild,
            g.GNLabelHighestEInIceParticleDistance,
            g.GNLabelHighestEInIceParticleEFraction,
            
            g.GNLabelHighestEDaughterDistance,
            g.GNLabelHighestEDaughterEFraction
            FROM truth g
            WHERE g.event_no IN (406,407,408,409,410,411,412,413,414,415)
        
Rows fetched: 10
Columns: ['event_no', 'GNLabelTrackEnergyDeposited', 'GNLabelTrackEnergyOnEntrance', 'GNLabelTrackEnergyOnEntrancePrimary', 'GNLabelTrackEnergyDepositedPrimary', 'GNLabelEnergyPrimary', 'GNLabelCascadeEnergyDepositedPrimary', 'GNLabelCascadeEnergyDeposited', 'GNLabelEnergyDepositedTotal', 'GNLabelEnergyDepositedPrimary', 'GNLabelHighestEInIceParticleIsChild', 'GNLabelHighestEInIceParticleDistance', 'GNLabelHighestEInIceParticleEFraction', 'GNLabelHighestEDaughterDistance', 'GNLabelHighestEDaughterEFraction']
Query executed: 
            SELECT 
            h.event_no, 
            h.zenith_GNHighestEInIceParticle, 
            h.azimuth_GNHighestEInIceParticle, 
            h.energy_GNHighestEInIceParticle,
            h.pos_x_GNHighestEInIceParticle, 
            h.pos_y_GNHighestEInIceParticle, 
            h.pos_z_GNHighestEInIceParticle,
            h.dir_x_GNHighestEInIceParticle,
            h.dir_y_GNHighestEInIceParticle,
            h.dir_z_GNHighestEInIceParticle,
            h.time_GNHighestEInIceParticle,
            h.speed_GNHighestEInIceParticle
            FROM GNHighestEInIceParticle h
            WHERE h.event_no IN (406,407,408,409,410,411,412,413,414,415)
        
Rows fetched: 10
Columns: ['event_no', 'zenith_GNHighestEInIceParticle', 'azimuth_GNHighestEInIceParticle', 'energy_GNHighestEInIceParticle', 'pos_x_GNHighestEInIceParticle', 'pos_y_GNHighestEInIceParticle', 'pos_z_GNHighestEInIceParticle', 'dir_x_GNHighestEInIceParticle', 'dir_y_GNHighestEInIceParticle', 'dir_z_GNHighestEInIceParticle', 'time_GNHighestEInIceParticle', 'speed_GNHighestEInIceParticle']
Query executed: 
            SELECT 
            h.event_no, 
            h.zenith_GNHighestEDaughter, 
            h.azimuth_GNHighestEDaughter, 
            h.energy_GNHighestEDaughter,
            h.pos_x_GNHighestEDaughter, 
            h.pos_y_GNHighestEDaughter, 
            h.pos_z_GNHighestEDaughter,
            h.dir_x_GNHighestEDaughter,
            h.dir_y_GNHighestEDaughter,
            h.dir_z_GNHighestEDaughter,
            h.time_GNHighestEDaughter,
            h.speed_GNHighestEDaughter
            FROM GNHighestEDaughter h
            WHERE h.event_no IN (406,407,408,409,410,411,412,413,414,415)
        
Rows fetched: 10
Columns: ['event_no', 'zenith_GNHighestEDaughter', 'azimuth_GNHighestEDaughter', 'energy_GNHighestEDaughter', 'pos_x_GNHighestEDaughter', 'pos_y_GNHighestEDaughter', 'pos_z_GNHighestEDaughter', 'dir_x_GNHighestEDaughter', 'dir_y_GNHighestEDaughter', 'dir_z_GNHighestEDaughter', 'time_GNHighestEDaughter', 'speed_GNHighestEDaughter']
Query executed: 
            SELECT 
            t.event_no, 
            t.energy, 
            t.azimuth, 
            t.zenith, 
            t.pid, 
            t.event_time,
            t.interaction_type,
            t.elasticity,
            t.RunID,
            t.SubrunID,
            t.EventID,
            t.SubEventID,
            t.dbang_decay_length,
            t.track_length,
            t.stopped_muon,
            t.energy_track,
            t.energy_cascade,
            t.inelasticity,
            t.DeepCoreFilter_13,
            t.CascadeFilter_13,
            t.MuonFilter_13,
            t.OnlineL2Filter_17,
            t.L3_oscNext_bool,
            t.L4_oscNext_bool,
            t.L5_oscNext_bool,
            t.L6_oscNext_bool,
            t.L7_oscNext_bool,
            t.Homogenized_QTot,
            t.MCLabelClassification,
            t.MCLabelCoincidentMuons,
            t.MCLabelBgMuonMCPE,
            t.MCLabelBgMuonMCPECharge,
                COUNT(DISTINCT s.string || '-' || s.dom_number) AS N_doms
            FROM truth t
            JOIN SRTInIcePulses s ON t.event_no = s.event_no
            WHERE t.event_no IN (416,417,418,419,420,421,422,423,424,425)
            GROUP BY t.event_no
        
Rows fetched: 10
Columns: ['event_no', 'energy', 'azimuth', 'zenith', 'pid', 'event_time', 'interaction_type', 'elasticity', 'RunID', 'SubrunID', 'EventID', 'SubEventID', 'dbang_decay_length', 'track_length', 'stopped_muon', 'energy_track', 'energy_cascade', 'inelasticity', 'DeepCoreFilter_13', 'CascadeFilter_13', 'MuonFilter_13', 'OnlineL2Filter_17', 'L3_oscNext_bool', 'L4_oscNext_bool', 'L5_oscNext_bool', 'L6_oscNext_bool', 'L7_oscNext_bool', 'Homogenized_QTot', 'MCLabelClassification', 'MCLabelCoincidentMuons', 'MCLabelBgMuonMCPE', 'MCLabelBgMuonMCPECharge', 'N_doms']
Query executed: 
            SELECT
            g.event_no,
            g.GNLabelTrackEnergyDeposited,
            g.GNLabelTrackEnergyOnEntrance,
            g.GNLabelTrackEnergyOnEntrancePrimary,
            g.GNLabelTrackEnergyDepositedPrimary,
            g.GNLabelEnergyPrimary,
            g.GNLabelCascadeEnergyDepositedPrimary,
            g.GNLabelCascadeEnergyDeposited,
            g.GNLabelEnergyDepositedTotal,
            g.GNLabelEnergyDepositedPrimary,
            g.GNLabelHighestEInIceParticleIsChild,
            g.GNLabelHighestEInIceParticleDistance,
            g.GNLabelHighestEInIceParticleEFraction,
            
            g.GNLabelHighestEDaughterDistance,
            g.GNLabelHighestEDaughterEFraction
            FROM truth g
            WHERE g.event_no IN (416,417,418,419,420,421,422,423,424,425)
        
Rows fetched: 10
Columns: ['event_no', 'GNLabelTrackEnergyDeposited', 'GNLabelTrackEnergyOnEntrance', 'GNLabelTrackEnergyOnEntrancePrimary', 'GNLabelTrackEnergyDepositedPrimary', 'GNLabelEnergyPrimary', 'GNLabelCascadeEnergyDepositedPrimary', 'GNLabelCascadeEnergyDeposited', 'GNLabelEnergyDepositedTotal', 'GNLabelEnergyDepositedPrimary', 'GNLabelHighestEInIceParticleIsChild', 'GNLabelHighestEInIceParticleDistance', 'GNLabelHighestEInIceParticleEFraction', 'GNLabelHighestEDaughterDistance', 'GNLabelHighestEDaughterEFraction']
Query executed: 
            SELECT 
            h.event_no, 
            h.zenith_GNHighestEInIceParticle, 
            h.azimuth_GNHighestEInIceParticle, 
            h.energy_GNHighestEInIceParticle,
            h.pos_x_GNHighestEInIceParticle, 
            h.pos_y_GNHighestEInIceParticle, 
            h.pos_z_GNHighestEInIceParticle,
            h.dir_x_GNHighestEInIceParticle,
            h.dir_y_GNHighestEInIceParticle,
            h.dir_z_GNHighestEInIceParticle,
            h.time_GNHighestEInIceParticle,
            h.speed_GNHighestEInIceParticle
            FROM GNHighestEInIceParticle h
            WHERE h.event_no IN (416,417,418,419,420,421,422,423,424,425)
        
Rows fetched: 10
Columns: ['event_no', 'zenith_GNHighestEInIceParticle', 'azimuth_GNHighestEInIceParticle', 'energy_GNHighestEInIceParticle', 'pos_x_GNHighestEInIceParticle', 'pos_y_GNHighestEInIceParticle', 'pos_z_GNHighestEInIceParticle', 'dir_x_GNHighestEInIceParticle', 'dir_y_GNHighestEInIceParticle', 'dir_z_GNHighestEInIceParticle', 'time_GNHighestEInIceParticle', 'speed_GNHighestEInIceParticle']
Query executed: 
            SELECT 
            h.event_no, 
            h.zenith_GNHighestEDaughter, 
            h.azimuth_GNHighestEDaughter, 
            h.energy_GNHighestEDaughter,
            h.pos_x_GNHighestEDaughter, 
            h.pos_y_GNHighestEDaughter, 
            h.pos_z_GNHighestEDaughter,
            h.dir_x_GNHighestEDaughter,
            h.dir_y_GNHighestEDaughter,
            h.dir_z_GNHighestEDaughter,
            h.time_GNHighestEDaughter,
            h.speed_GNHighestEDaughter
            FROM GNHighestEDaughter h
            WHERE h.event_no IN (416,417,418,419,420,421,422,423,424,425)
        
Rows fetched: 10
Columns: ['event_no', 'zenith_GNHighestEDaughter', 'azimuth_GNHighestEDaughter', 'energy_GNHighestEDaughter', 'pos_x_GNHighestEDaughter', 'pos_y_GNHighestEDaughter', 'pos_z_GNHighestEDaughter', 'dir_x_GNHighestEDaughter', 'dir_y_GNHighestEDaughter', 'dir_z_GNHighestEDaughter', 'time_GNHighestEDaughter', 'speed_GNHighestEDaughter']
Query executed: 
            SELECT 
            t.event_no, 
            t.energy, 
            t.azimuth, 
            t.zenith, 
            t.pid, 
            t.event_time,
            t.interaction_type,
            t.elasticity,
            t.RunID,
            t.SubrunID,
            t.EventID,
            t.SubEventID,
            t.dbang_decay_length,
            t.track_length,
            t.stopped_muon,
            t.energy_track,
            t.energy_cascade,
            t.inelasticity,
            t.DeepCoreFilter_13,
            t.CascadeFilter_13,
            t.MuonFilter_13,
            t.OnlineL2Filter_17,
            t.L3_oscNext_bool,
            t.L4_oscNext_bool,
            t.L5_oscNext_bool,
            t.L6_oscNext_bool,
            t.L7_oscNext_bool,
            t.Homogenized_QTot,
            t.MCLabelClassification,
            t.MCLabelCoincidentMuons,
            t.MCLabelBgMuonMCPE,
            t.MCLabelBgMuonMCPECharge,
                COUNT(DISTINCT s.string || '-' || s.dom_number) AS N_doms
            FROM truth t
            JOIN SRTInIcePulses s ON t.event_no = s.event_no
            WHERE t.event_no IN (426,427,428,429,430,431,432,433,434,435)
            GROUP BY t.event_no
        
Rows fetched: 10
Columns: ['event_no', 'energy', 'azimuth', 'zenith', 'pid', 'event_time', 'interaction_type', 'elasticity', 'RunID', 'SubrunID', 'EventID', 'SubEventID', 'dbang_decay_length', 'track_length', 'stopped_muon', 'energy_track', 'energy_cascade', 'inelasticity', 'DeepCoreFilter_13', 'CascadeFilter_13', 'MuonFilter_13', 'OnlineL2Filter_17', 'L3_oscNext_bool', 'L4_oscNext_bool', 'L5_oscNext_bool', 'L6_oscNext_bool', 'L7_oscNext_bool', 'Homogenized_QTot', 'MCLabelClassification', 'MCLabelCoincidentMuons', 'MCLabelBgMuonMCPE', 'MCLabelBgMuonMCPECharge', 'N_doms']
Query executed: 
            SELECT
            g.event_no,
            g.GNLabelTrackEnergyDeposited,
            g.GNLabelTrackEnergyOnEntrance,
            g.GNLabelTrackEnergyOnEntrancePrimary,
            g.GNLabelTrackEnergyDepositedPrimary,
            g.GNLabelEnergyPrimary,
            g.GNLabelCascadeEnergyDepositedPrimary,
            g.GNLabelCascadeEnergyDeposited,
            g.GNLabelEnergyDepositedTotal,
            g.GNLabelEnergyDepositedPrimary,
            g.GNLabelHighestEInIceParticleIsChild,
            g.GNLabelHighestEInIceParticleDistance,
            g.GNLabelHighestEInIceParticleEFraction,
            
            g.GNLabelHighestEDaughterDistance,
            g.GNLabelHighestEDaughterEFraction
            FROM truth g
            WHERE g.event_no IN (426,427,428,429,430,431,432,433,434,435)
        
Rows fetched: 10
Columns: ['event_no', 'GNLabelTrackEnergyDeposited', 'GNLabelTrackEnergyOnEntrance', 'GNLabelTrackEnergyOnEntrancePrimary', 'GNLabelTrackEnergyDepositedPrimary', 'GNLabelEnergyPrimary', 'GNLabelCascadeEnergyDepositedPrimary', 'GNLabelCascadeEnergyDeposited', 'GNLabelEnergyDepositedTotal', 'GNLabelEnergyDepositedPrimary', 'GNLabelHighestEInIceParticleIsChild', 'GNLabelHighestEInIceParticleDistance', 'GNLabelHighestEInIceParticleEFraction', 'GNLabelHighestEDaughterDistance', 'GNLabelHighestEDaughterEFraction']
Query executed: 
            SELECT 
            h.event_no, 
            h.zenith_GNHighestEInIceParticle, 
            h.azimuth_GNHighestEInIceParticle, 
            h.energy_GNHighestEInIceParticle,
            h.pos_x_GNHighestEInIceParticle, 
            h.pos_y_GNHighestEInIceParticle, 
            h.pos_z_GNHighestEInIceParticle,
            h.dir_x_GNHighestEInIceParticle,
            h.dir_y_GNHighestEInIceParticle,
            h.dir_z_GNHighestEInIceParticle,
            h.time_GNHighestEInIceParticle,
            h.speed_GNHighestEInIceParticle
            FROM GNHighestEInIceParticle h
            WHERE h.event_no IN (426,427,428,429,430,431,432,433,434,435)
        
Rows fetched: 10
Columns: ['event_no', 'zenith_GNHighestEInIceParticle', 'azimuth_GNHighestEInIceParticle', 'energy_GNHighestEInIceParticle', 'pos_x_GNHighestEInIceParticle', 'pos_y_GNHighestEInIceParticle', 'pos_z_GNHighestEInIceParticle', 'dir_x_GNHighestEInIceParticle', 'dir_y_GNHighestEInIceParticle', 'dir_z_GNHighestEInIceParticle', 'time_GNHighestEInIceParticle', 'speed_GNHighestEInIceParticle']
Query executed: 
            SELECT 
            h.event_no, 
            h.zenith_GNHighestEDaughter, 
            h.azimuth_GNHighestEDaughter, 
            h.energy_GNHighestEDaughter,
            h.pos_x_GNHighestEDaughter, 
            h.pos_y_GNHighestEDaughter, 
            h.pos_z_GNHighestEDaughter,
            h.dir_x_GNHighestEDaughter,
            h.dir_y_GNHighestEDaughter,
            h.dir_z_GNHighestEDaughter,
            h.time_GNHighestEDaughter,
            h.speed_GNHighestEDaughter
            FROM GNHighestEDaughter h
            WHERE h.event_no IN (426,427,428,429,430,431,432,433,434,435)
        
Rows fetched: 10
Columns: ['event_no', 'zenith_GNHighestEDaughter', 'azimuth_GNHighestEDaughter', 'energy_GNHighestEDaughter', 'pos_x_GNHighestEDaughter', 'pos_y_GNHighestEDaughter', 'pos_z_GNHighestEDaughter', 'dir_x_GNHighestEDaughter', 'dir_y_GNHighestEDaughter', 'dir_z_GNHighestEDaughter', 'time_GNHighestEDaughter', 'speed_GNHighestEDaughter']
Query executed: 
            SELECT 
            t.event_no, 
            t.energy, 
            t.azimuth, 
            t.zenith, 
            t.pid, 
            t.event_time,
            t.interaction_type,
            t.elasticity,
            t.RunID,
            t.SubrunID,
            t.EventID,
            t.SubEventID,
            t.dbang_decay_length,
            t.track_length,
            t.stopped_muon,
            t.energy_track,
            t.energy_cascade,
            t.inelasticity,
            t.DeepCoreFilter_13,
            t.CascadeFilter_13,
            t.MuonFilter_13,
            t.OnlineL2Filter_17,
            t.L3_oscNext_bool,
            t.L4_oscNext_bool,
            t.L5_oscNext_bool,
            t.L6_oscNext_bool,
            t.L7_oscNext_bool,
            t.Homogenized_QTot,
            t.MCLabelClassification,
            t.MCLabelCoincidentMuons,
            t.MCLabelBgMuonMCPE,
            t.MCLabelBgMuonMCPECharge,
                COUNT(DISTINCT s.string || '-' || s.dom_number) AS N_doms
            FROM truth t
            JOIN SRTInIcePulses s ON t.event_no = s.event_no
            WHERE t.event_no IN (436,437,438,439,440,441,442)
            GROUP BY t.event_no
        
Rows fetched: 7
Columns: ['event_no', 'energy', 'azimuth', 'zenith', 'pid', 'event_time', 'interaction_type', 'elasticity', 'RunID', 'SubrunID', 'EventID', 'SubEventID', 'dbang_decay_length', 'track_length', 'stopped_muon', 'energy_track', 'energy_cascade', 'inelasticity', 'DeepCoreFilter_13', 'CascadeFilter_13', 'MuonFilter_13', 'OnlineL2Filter_17', 'L3_oscNext_bool', 'L4_oscNext_bool', 'L5_oscNext_bool', 'L6_oscNext_bool', 'L7_oscNext_bool', 'Homogenized_QTot', 'MCLabelClassification', 'MCLabelCoincidentMuons', 'MCLabelBgMuonMCPE', 'MCLabelBgMuonMCPECharge', 'N_doms']
Query executed: 
            SELECT
            g.event_no,
            g.GNLabelTrackEnergyDeposited,
            g.GNLabelTrackEnergyOnEntrance,
            g.GNLabelTrackEnergyOnEntrancePrimary,
            g.GNLabelTrackEnergyDepositedPrimary,
            g.GNLabelEnergyPrimary,
            g.GNLabelCascadeEnergyDepositedPrimary,
            g.GNLabelCascadeEnergyDeposited,
            g.GNLabelEnergyDepositedTotal,
            g.GNLabelEnergyDepositedPrimary,
            g.GNLabelHighestEInIceParticleIsChild,
            g.GNLabelHighestEInIceParticleDistance,
            g.GNLabelHighestEInIceParticleEFraction,
            
            g.GNLabelHighestEDaughterDistance,
            g.GNLabelHighestEDaughterEFraction
            FROM truth g
            WHERE g.event_no IN (436,437,438,439,440,441,442)
        
Rows fetched: 7
Columns: ['event_no', 'GNLabelTrackEnergyDeposited', 'GNLabelTrackEnergyOnEntrance', 'GNLabelTrackEnergyOnEntrancePrimary', 'GNLabelTrackEnergyDepositedPrimary', 'GNLabelEnergyPrimary', 'GNLabelCascadeEnergyDepositedPrimary', 'GNLabelCascadeEnergyDeposited', 'GNLabelEnergyDepositedTotal', 'GNLabelEnergyDepositedPrimary', 'GNLabelHighestEInIceParticleIsChild', 'GNLabelHighestEInIceParticleDistance', 'GNLabelHighestEInIceParticleEFraction', 'GNLabelHighestEDaughterDistance', 'GNLabelHighestEDaughterEFraction']
Query executed: 
            SELECT 
            h.event_no, 
            h.zenith_GNHighestEInIceParticle, 
            h.azimuth_GNHighestEInIceParticle, 
            h.energy_GNHighestEInIceParticle,
            h.pos_x_GNHighestEInIceParticle, 
            h.pos_y_GNHighestEInIceParticle, 
            h.pos_z_GNHighestEInIceParticle,
            h.dir_x_GNHighestEInIceParticle,
            h.dir_y_GNHighestEInIceParticle,
            h.dir_z_GNHighestEInIceParticle,
            h.time_GNHighestEInIceParticle,
            h.speed_GNHighestEInIceParticle
            FROM GNHighestEInIceParticle h
            WHERE h.event_no IN (436,437,438,439,440,441,442)
        
Rows fetched: 7
Columns: ['event_no', 'zenith_GNHighestEInIceParticle', 'azimuth_GNHighestEInIceParticle', 'energy_GNHighestEInIceParticle', 'pos_x_GNHighestEInIceParticle', 'pos_y_GNHighestEInIceParticle', 'pos_z_GNHighestEInIceParticle', 'dir_x_GNHighestEInIceParticle', 'dir_y_GNHighestEInIceParticle', 'dir_z_GNHighestEInIceParticle', 'time_GNHighestEInIceParticle', 'speed_GNHighestEInIceParticle']
Query executed: 
            SELECT 
            h.event_no, 
            h.zenith_GNHighestEDaughter, 
            h.azimuth_GNHighestEDaughter, 
            h.energy_GNHighestEDaughter,
            h.pos_x_GNHighestEDaughter, 
            h.pos_y_GNHighestEDaughter, 
            h.pos_z_GNHighestEDaughter,
            h.dir_x_GNHighestEDaughter,
            h.dir_y_GNHighestEDaughter,
            h.dir_z_GNHighestEDaughter,
            h.time_GNHighestEDaughter,
            h.speed_GNHighestEDaughter
            FROM GNHighestEDaughter h
            WHERE h.event_no IN (436,437,438,439,440,441,442)
        
Rows fetched: 7
Columns: ['event_no', 'zenith_GNHighestEDaughter', 'azimuth_GNHighestEDaughter', 'energy_GNHighestEDaughter', 'pos_x_GNHighestEDaughter', 'pos_y_GNHighestEDaughter', 'pos_z_GNHighestEDaughter', 'dir_x_GNHighestEDaughter', 'dir_y_GNHighestEDaughter', 'dir_z_GNHighestEDaughter', 'time_GNHighestEDaughter', 'speed_GNHighestEDaughter']
2025-01-16 19:19:09 - INFO - PMTfication completed.
