nohup: ignoring input
2025-01-16 17:51:13 - INFO - PMTfication for a subdirectory starts...
2025-01-16 17:51:13 - INFO - The number of files in the subdirectory: 2
2025-01-16 17:51:13 - INFO - Using up to 1 workers.
2025-01-16 17:51:13 - INFO - Found 2 database files in subdirectory 99999.
Processing 99999:   0%|          | 0/2 [00:00<?, ?it/s]2025-01-16 17:51:14 - INFO - Processing shard 1 of part 98 in subdirectory 99999.
2025-01-16 17:51:16 - INFO - Processing shard 2 of part 98 in subdirectory 99999.
2025-01-16 17:51:20 - INFO - Processing shard 3 of part 98 in subdirectory 99999.
2025-01-16 17:51:25 - INFO - Processing shard 4 of part 98 in subdirectory 99999.
2025-01-16 17:51:28 - INFO - Processing shard 5 of part 98 in subdirectory 99999.
2025-01-16 17:51:33 - INFO - Processing shard 6 of part 98 in subdirectory 99999.
2025-01-16 17:51:38 - INFO - Processing shard 7 of part 98 in subdirectory 99999.
2025-01-16 17:51:42 - INFO - Processing shard 8 of part 98 in subdirectory 99999.
2025-01-16 17:51:43 - INFO - Finished processing database file: merged_part_98.db
Processing 99999:  50%|█████     | 1/2 [00:29<00:29, 29.94s/it]2025-01-16 17:51:43 - INFO - Processing shard 1 of part 99 in subdirectory 99999.
2025-01-16 17:51:49 - INFO - Processing shard 2 of part 99 in subdirectory 99999.
2025-01-16 17:51:51 - INFO - Processing shard 3 of part 99 in subdirectory 99999.
2025-01-16 17:51:56 - INFO - Processing shard 4 of part 99 in subdirectory 99999.
2025-01-16 17:51:59 - INFO - Processing shard 5 of part 99 in subdirectory 99999.
2025-01-16 17:52:04 - INFO - Processing shard 6 of part 99 in subdirectory 99999.
2025-01-16 17:52:07 - INFO - Processing shard 7 of part 99 in subdirectory 99999.
2025-01-16 17:52:12 - INFO - Processing shard 8 of part 99 in subdirectory 99999.
2025-01-16 17:52:15 - INFO - Finished processing database file: merged_part_99.db
Processing 99999: 100%|██████████| 2/2 [01:01<00:00, 30.99s/it]Processing 99999: 100%|██████████| 2/2 [01:01<00:00, 30.83s/it]
2025-01-16 17:52:15 - INFO - PMTfication completed.
