2025-02-23 04:00:26 - INFO - PMTfication by part starts...
2025-02-23 04:00:26 - INFO - Processing file: merged_part_3.db
2025-02-23 04:00:26 - INFO - Using up to 40 workers.
2025-02-23 04:00:41 - INFO - Processing shard 1 of part 3 in subdirectory 22017.
2025-02-23 04:17:51 - INFO - Processing shard 2 of part 3 in subdirectory 22017.
2025-02-23 04:32:38 - INFO - Processing shard 3 of part 3 in subdirectory 22017.
2025-02-23 04:47:52 - INFO - Processing shard 4 of part 3 in subdirectory 22017.
2025-02-23 05:02:41 - INFO - Processing shard 5 of part 3 in subdirectory 22017.
2025-02-23 05:14:09 - INFO - Processing shard 6 of part 3 in subdirectory 22017.
2025-02-23 05:28:31 - INFO - Processing shard 7 of part 3 in subdirectory 22017.
2025-02-23 05:40:41 - INFO - Processing shard 8 of part 3 in subdirectory 22017.
2025-02-23 05:52:05 - INFO - Processing shard 9 of part 3 in subdirectory 22017.
2025-02-23 06:03:53 - INFO - Processing shard 10 of part 3 in subdirectory 22017.
2025-02-23 06:15:25 - INFO - Processing shard 11 of part 3 in subdirectory 22017.
2025-02-23 06:29:12 - INFO - Processing shard 12 of part 3 in subdirectory 22017.
2025-02-23 06:40:25 - INFO - Processing shard 13 of part 3 in subdirectory 22017.
2025-02-23 06:51:10 - INFO - Processing shard 14 of part 3 in subdirectory 22017.
2025-02-23 07:02:01 - INFO - Processing shard 15 of part 3 in subdirectory 22017.
2025-02-23 07:12:59 - INFO - Processing shard 16 of part 3 in subdirectory 22017.
2025-02-23 07:24:05 - INFO - Processing shard 17 of part 3 in subdirectory 22017.
2025-02-23 07:30:40 - INFO - PMTfication completed.
