2025-02-23 03:57:17 - INFO - PMTfication by part starts...
2025-02-23 03:57:17 - INFO - Processing file: merged_part_2.db
2025-02-23 03:57:17 - INFO - Using up to 40 workers.
2025-02-23 03:57:32 - INFO - Processing shard 1 of part 2 in subdirectory 22017.
2025-02-23 04:14:02 - INFO - Processing shard 2 of part 2 in subdirectory 22017.
2025-02-23 04:26:29 - INFO - Processing shard 3 of part 2 in subdirectory 22017.
2025-02-23 04:38:02 - INFO - Processing shard 4 of part 2 in subdirectory 22017.
2025-02-23 04:50:38 - INFO - Processing shard 5 of part 2 in subdirectory 22017.
2025-02-23 05:01:57 - INFO - Processing shard 6 of part 2 in subdirectory 22017.
2025-02-23 05:11:20 - INFO - Processing shard 7 of part 2 in subdirectory 22017.
2025-02-23 05:23:39 - INFO - Processing shard 8 of part 2 in subdirectory 22017.
2025-02-23 05:34:07 - INFO - Processing shard 9 of part 2 in subdirectory 22017.
2025-02-23 05:44:31 - INFO - Processing shard 10 of part 2 in subdirectory 22017.
2025-02-23 05:54:15 - INFO - Processing shard 11 of part 2 in subdirectory 22017.
2025-02-23 06:05:45 - INFO - Processing shard 12 of part 2 in subdirectory 22017.
2025-02-23 06:15:26 - INFO - Processing shard 13 of part 2 in subdirectory 22017.
2025-02-23 06:25:44 - INFO - Processing shard 14 of part 2 in subdirectory 22017.
2025-02-23 06:36:45 - INFO - Processing shard 15 of part 2 in subdirectory 22017.
2025-02-23 06:46:43 - INFO - Processing shard 16 of part 2 in subdirectory 22017.
2025-02-23 06:56:01 - INFO - Processing shard 17 of part 2 in subdirectory 22017.
2025-02-23 07:01:05 - INFO - PMTfication completed.
