2025-02-23 03:53:21 - INFO - PMTfication by part starts...
2025-02-23 03:53:21 - INFO - Processing file: merged_part_1.db
2025-02-23 03:53:21 - INFO - Using up to 40 workers.
2025-02-23 03:53:42 - INFO - Processing shard 1 of part 1 in subdirectory 22017.
2025-02-23 04:10:07 - INFO - Processing shard 2 of part 1 in subdirectory 22017.
2025-02-23 04:23:49 - INFO - Processing shard 3 of part 1 in subdirectory 22017.
2025-02-23 04:38:08 - INFO - Processing shard 4 of part 1 in subdirectory 22017.
2025-02-23 04:52:33 - INFO - Processing shard 5 of part 1 in subdirectory 22017.
2025-02-23 05:04:46 - INFO - Processing shard 6 of part 1 in subdirectory 22017.
2025-02-23 05:18:04 - INFO - Processing shard 7 of part 1 in subdirectory 22017.
2025-02-23 05:27:46 - INFO - Processing shard 8 of part 1 in subdirectory 22017.
2025-02-23 05:38:06 - INFO - Processing shard 9 of part 1 in subdirectory 22017.
2025-02-23 05:49:04 - INFO - Processing shard 10 of part 1 in subdirectory 22017.
2025-02-23 06:00:11 - INFO - Processing shard 11 of part 1 in subdirectory 22017.
2025-02-23 06:11:07 - INFO - Processing shard 12 of part 1 in subdirectory 22017.
2025-02-23 06:23:28 - INFO - Processing shard 13 of part 1 in subdirectory 22017.
2025-02-23 06:36:35 - INFO - Processing shard 14 of part 1 in subdirectory 22017.
2025-02-23 06:47:59 - INFO - Processing shard 15 of part 1 in subdirectory 22017.
2025-02-23 07:01:24 - INFO - Processing shard 16 of part 1 in subdirectory 22017.
2025-02-23 07:11:44 - INFO - Processing shard 17 of part 1 in subdirectory 22017.
2025-02-23 07:18:02 - INFO - PMTfication completed.
