2024-12-15 16:45:21 - INFO - PMTfication by part starts...
2024-12-15 16:45:21 - INFO - Processing file: merged_part_1.db
2024-12-15 16:45:21 - INFO - Using up to 40 workers.
2024-12-15 16:45:24 - INFO - Processing shard 1 of part 1 in subdirectory 22018.
2024-12-15 16:56:41 - INFO - Processing shard 2 of part 1 in subdirectory 22018.
2024-12-15 17:04:49 - INFO - Processing shard 3 of part 1 in subdirectory 22018.
2024-12-15 17:10:06 - INFO - Processing shard 4 of part 1 in subdirectory 22018.
2024-12-15 17:15:41 - INFO - Processing shard 5 of part 1 in subdirectory 22018.
2024-12-15 17:23:02 - INFO - Processing shard 6 of part 1 in subdirectory 22018.
2024-12-15 17:28:20 - INFO - Processing shard 7 of part 1 in subdirectory 22018.
2024-12-15 17:33:43 - INFO - Processing shard 8 of part 1 in subdirectory 22018.
2024-12-15 17:39:19 - INFO - Processing shard 9 of part 1 in subdirectory 22018.
2024-12-15 17:44:58 - INFO - Processing shard 10 of part 1 in subdirectory 22018.
2024-12-15 17:50:36 - INFO - Processing shard 11 of part 1 in subdirectory 22018.
2024-12-15 17:57:52 - INFO - Processing shard 12 of part 1 in subdirectory 22018.
2024-12-15 18:05:10 - INFO - Processing shard 13 of part 1 in subdirectory 22018.
2024-12-15 18:11:07 - INFO - Processing shard 14 of part 1 in subdirectory 22018.
2024-12-15 18:16:48 - INFO - Processing shard 15 of part 1 in subdirectory 22018.
2024-12-15 18:22:14 - INFO - Processing shard 16 of part 1 in subdirectory 22018.
2024-12-15 18:28:12 - INFO - Processing shard 17 of part 1 in subdirectory 22018.
2024-12-15 18:33:58 - INFO - Processing shard 18 of part 1 in subdirectory 22018.
2024-12-15 18:35:59 - INFO - PMTfication completed.
