2024-12-15 18:31:47 - INFO - PMTfication by part starts...
2024-12-15 18:31:47 - INFO - Processing file: merged_part_4.db
2024-12-15 18:31:47 - INFO - Using up to 40 workers.
2024-12-15 18:31:50 - INFO - Processing shard 1 of part 4 in subdirectory 22018.
2024-12-15 18:43:30 - INFO - Processing shard 2 of part 4 in subdirectory 22018.
2024-12-15 18:53:50 - INFO - Processing shard 3 of part 4 in subdirectory 22018.
2024-12-15 19:00:20 - INFO - Processing shard 4 of part 4 in subdirectory 22018.
2024-12-15 19:07:05 - INFO - Processing shard 5 of part 4 in subdirectory 22018.
2024-12-15 19:16:30 - INFO - Processing shard 6 of part 4 in subdirectory 22018.
2024-12-15 19:26:12 - INFO - Processing shard 7 of part 4 in subdirectory 22018.
2024-12-15 19:34:34 - INFO - Processing shard 8 of part 4 in subdirectory 22018.
2024-12-15 19:40:30 - INFO - Processing shard 9 of part 4 in subdirectory 22018.
2024-12-15 19:46:07 - INFO - Processing shard 10 of part 4 in subdirectory 22018.
2024-12-15 19:51:49 - INFO - Processing shard 11 of part 4 in subdirectory 22018.
2024-12-15 19:57:27 - INFO - Processing shard 12 of part 4 in subdirectory 22018.
2024-12-15 20:03:04 - INFO - Processing shard 13 of part 4 in subdirectory 22018.
2024-12-15 20:08:49 - INFO - Processing shard 14 of part 4 in subdirectory 22018.
2024-12-15 20:14:36 - INFO - Processing shard 15 of part 4 in subdirectory 22018.
2024-12-15 20:22:50 - INFO - Processing shard 16 of part 4 in subdirectory 22018.
2024-12-15 20:28:43 - INFO - Processing shard 17 of part 4 in subdirectory 22018.
2024-12-15 20:36:08 - INFO - PMTfication completed.
