2024-12-15 18:25:57 - INFO - PMTfication by part starts...
2024-12-15 18:25:57 - INFO - Processing file: merged_part_2.db
2024-12-15 18:25:57 - INFO - Using up to 40 workers.
2024-12-15 18:26:00 - INFO - Processing shard 1 of part 2 in subdirectory 22018.
2024-12-15 18:37:14 - INFO - Processing shard 2 of part 2 in subdirectory 22018.
2024-12-15 18:47:51 - INFO - Processing shard 3 of part 2 in subdirectory 22018.
2024-12-15 18:57:53 - INFO - Processing shard 4 of part 2 in subdirectory 22018.
2024-12-15 19:03:50 - INFO - Processing shard 5 of part 2 in subdirectory 22018.
2024-12-15 19:11:38 - INFO - Processing shard 6 of part 2 in subdirectory 22018.
2024-12-15 19:21:31 - INFO - Processing shard 7 of part 2 in subdirectory 22018.
2024-12-15 19:29:40 - INFO - Processing shard 8 of part 2 in subdirectory 22018.
2024-12-15 19:35:23 - INFO - Processing shard 9 of part 2 in subdirectory 22018.
2024-12-15 19:41:11 - INFO - Processing shard 10 of part 2 in subdirectory 22018.
2024-12-15 19:46:40 - INFO - Processing shard 11 of part 2 in subdirectory 22018.
2024-12-15 19:52:07 - INFO - Processing shard 12 of part 2 in subdirectory 22018.
2024-12-15 19:57:53 - INFO - Processing shard 13 of part 2 in subdirectory 22018.
2024-12-15 20:03:29 - INFO - Processing shard 14 of part 2 in subdirectory 22018.
2024-12-15 20:09:06 - INFO - Processing shard 15 of part 2 in subdirectory 22018.
2024-12-15 20:15:44 - INFO - Processing shard 16 of part 2 in subdirectory 22018.
2024-12-15 20:23:20 - INFO - Processing shard 17 of part 2 in subdirectory 22018.
2024-12-15 20:29:23 - INFO - Processing shard 18 of part 2 in subdirectory 22018.
2024-12-15 20:31:52 - INFO - PMTfication completed.
