2024-12-16 00:59:52 - INFO - PMTfication by part starts...
2024-12-16 00:59:52 - INFO - Processing file: merged_part_8.db
2024-12-16 00:59:52 - INFO - Using up to 40 workers.
2024-12-16 00:59:55 - INFO - Processing shard 1 of part 8 in subdirectory 22018.
2024-12-16 01:12:52 - INFO - Processing shard 2 of part 8 in subdirectory 22018.
2024-12-16 01:24:12 - INFO - Processing shard 3 of part 8 in subdirectory 22018.
2024-12-16 01:30:06 - INFO - Processing shard 4 of part 8 in subdirectory 22018.
2024-12-16 01:36:27 - INFO - Processing shard 5 of part 8 in subdirectory 22018.
2024-12-16 01:42:45 - INFO - Processing shard 6 of part 8 in subdirectory 22018.
2024-12-16 01:48:59 - INFO - Processing shard 7 of part 8 in subdirectory 22018.
2024-12-16 01:55:04 - INFO - Processing shard 8 of part 8 in subdirectory 22018.
2024-12-16 02:01:41 - INFO - Processing shard 9 of part 8 in subdirectory 22018.
2024-12-16 02:08:47 - INFO - Processing shard 10 of part 8 in subdirectory 22018.
2024-12-16 02:17:01 - INFO - Processing shard 11 of part 8 in subdirectory 22018.
2024-12-16 02:26:13 - INFO - Processing shard 12 of part 8 in subdirectory 22018.
2024-12-16 02:32:47 - INFO - Processing shard 13 of part 8 in subdirectory 22018.
2024-12-16 02:39:31 - INFO - Processing shard 14 of part 8 in subdirectory 22018.
2024-12-16 02:45:32 - INFO - Processing shard 15 of part 8 in subdirectory 22018.
2024-12-16 02:52:11 - INFO - Processing shard 16 of part 8 in subdirectory 22018.
2024-12-16 03:00:19 - INFO - Processing shard 17 of part 8 in subdirectory 22018.
2024-12-16 03:06:36 - INFO - Processing shard 18 of part 8 in subdirectory 22018.
2024-12-16 03:08:45 - INFO - PMTfication completed.
