2024-12-16 01:30:33 - INFO - PMTfication by part starts...
2024-12-16 01:30:33 - INFO - Processing file: merged_part_9.db
2024-12-16 01:30:33 - INFO - Using up to 40 workers.
2024-12-16 01:30:35 - INFO - Processing shard 1 of part 9 in subdirectory 22018.
2024-12-16 01:42:37 - INFO - Processing shard 2 of part 9 in subdirectory 22018.
2024-12-16 01:51:36 - INFO - Processing shard 3 of part 9 in subdirectory 22018.
2024-12-16 01:57:38 - INFO - Processing shard 4 of part 9 in subdirectory 22018.
2024-12-16 02:03:14 - INFO - Processing shard 5 of part 9 in subdirectory 22018.
2024-12-16 02:09:04 - INFO - Processing shard 6 of part 9 in subdirectory 22018.
2024-12-16 02:14:59 - INFO - Processing shard 7 of part 9 in subdirectory 22018.
2024-12-16 02:22:11 - INFO - Processing shard 8 of part 9 in subdirectory 22018.
2024-12-16 02:31:14 - INFO - Processing shard 9 of part 9 in subdirectory 22018.
2024-12-16 02:36:53 - INFO - Processing shard 10 of part 9 in subdirectory 22018.
2024-12-16 02:42:33 - INFO - Processing shard 11 of part 9 in subdirectory 22018.
2024-12-16 02:49:51 - INFO - Processing shard 12 of part 9 in subdirectory 22018.
2024-12-16 02:55:03 - INFO - Processing shard 13 of part 9 in subdirectory 22018.
2024-12-16 03:00:57 - INFO - Processing shard 14 of part 9 in subdirectory 22018.
2024-12-16 03:06:16 - INFO - Processing shard 15 of part 9 in subdirectory 22018.
2024-12-16 03:11:34 - INFO - Processing shard 16 of part 9 in subdirectory 22018.
2024-12-16 03:17:23 - INFO - Processing shard 17 of part 9 in subdirectory 22018.
2024-12-16 03:22:21 - INFO - PMTfication completed.
