2024-12-16 01:34:49 - INFO - PMTfication by part starts...
2024-12-16 01:34:49 - INFO - Processing file: merged_part_12.db
2024-12-16 01:34:49 - INFO - Using up to 40 workers.
2024-12-16 01:34:52 - INFO - Processing shard 1 of part 12 in subdirectory 22018.
2024-12-16 01:46:20 - INFO - Processing shard 2 of part 12 in subdirectory 22018.
2024-12-16 01:56:15 - INFO - Processing shard 3 of part 12 in subdirectory 22018.
2024-12-16 02:02:02 - INFO - Processing shard 4 of part 12 in subdirectory 22018.
2024-12-16 02:08:03 - INFO - Processing shard 5 of part 12 in subdirectory 22018.
2024-12-16 02:16:24 - INFO - Processing shard 6 of part 12 in subdirectory 22018.
2024-12-16 02:22:02 - INFO - Processing shard 7 of part 12 in subdirectory 22018.
2024-12-16 02:29:46 - INFO - Processing shard 8 of part 12 in subdirectory 22018.
2024-12-16 02:38:07 - INFO - Processing shard 9 of part 12 in subdirectory 22018.
2024-12-16 02:46:14 - INFO - Processing shard 10 of part 12 in subdirectory 22018.
2024-12-16 02:54:40 - INFO - Processing shard 11 of part 12 in subdirectory 22018.
2024-12-16 03:00:20 - INFO - Processing shard 12 of part 12 in subdirectory 22018.
2024-12-16 03:06:03 - INFO - Processing shard 13 of part 12 in subdirectory 22018.
2024-12-16 03:11:57 - INFO - Processing shard 14 of part 12 in subdirectory 22018.
2024-12-16 03:17:29 - INFO - Processing shard 15 of part 12 in subdirectory 22018.
2024-12-16 03:23:03 - INFO - Processing shard 16 of part 12 in subdirectory 22018.
2024-12-16 03:28:45 - INFO - Processing shard 17 of part 12 in subdirectory 22018.
2024-12-16 03:34:24 - INFO - PMTfication completed.
