2024-12-16 01:43:23 - INFO - PMTfication by part starts...
2024-12-16 01:43:23 - INFO - Processing file: merged_part_13.db
2024-12-16 01:43:23 - INFO - Using up to 40 workers.
2024-12-16 01:43:26 - INFO - Processing shard 1 of part 13 in subdirectory 22018.
2024-12-16 01:54:56 - INFO - Processing shard 2 of part 13 in subdirectory 22018.
2024-12-16 02:06:18 - INFO - Processing shard 3 of part 13 in subdirectory 22018.
2024-12-16 02:16:14 - INFO - Processing shard 4 of part 13 in subdirectory 22018.
2024-12-16 02:26:15 - INFO - Processing shard 5 of part 13 in subdirectory 22018.
2024-12-16 02:31:56 - INFO - Processing shard 6 of part 13 in subdirectory 22018.
2024-12-16 02:37:59 - INFO - Processing shard 7 of part 13 in subdirectory 22018.
2024-12-16 02:43:42 - INFO - Processing shard 8 of part 13 in subdirectory 22018.
2024-12-16 02:49:59 - INFO - Processing shard 9 of part 13 in subdirectory 22018.
2024-12-16 02:55:54 - INFO - Processing shard 10 of part 13 in subdirectory 22018.
2024-12-16 03:02:58 - INFO - Processing shard 11 of part 13 in subdirectory 22018.
2024-12-16 03:08:52 - INFO - Processing shard 12 of part 13 in subdirectory 22018.
2024-12-16 03:14:32 - INFO - Processing shard 13 of part 13 in subdirectory 22018.
2024-12-16 03:20:21 - INFO - Processing shard 14 of part 13 in subdirectory 22018.
2024-12-16 03:28:27 - INFO - Processing shard 15 of part 13 in subdirectory 22018.
2024-12-16 03:34:39 - INFO - Processing shard 16 of part 13 in subdirectory 22018.
2024-12-16 03:40:06 - INFO - Processing shard 17 of part 13 in subdirectory 22018.
2024-12-16 03:45:51 - INFO - PMTfication completed.
