2024-12-16 02:08:35 - INFO - PMTfication by part starts...
2024-12-16 02:08:35 - INFO - Processing file: merged_part_17.db
2024-12-16 02:08:35 - INFO - Using up to 40 workers.
2024-12-16 02:08:38 - INFO - Processing shard 1 of part 17 in subdirectory 22018.
2024-12-16 02:20:07 - INFO - Processing shard 2 of part 17 in subdirectory 22018.
2024-12-16 02:29:55 - INFO - Processing shard 3 of part 17 in subdirectory 22018.
2024-12-16 02:35:27 - INFO - Processing shard 4 of part 17 in subdirectory 22018.
2024-12-16 02:41:08 - INFO - Processing shard 5 of part 17 in subdirectory 22018.
2024-12-16 02:47:28 - INFO - Processing shard 6 of part 17 in subdirectory 22018.
2024-12-16 02:55:01 - INFO - Processing shard 7 of part 17 in subdirectory 22018.
2024-12-16 03:00:31 - INFO - Processing shard 8 of part 17 in subdirectory 22018.
2024-12-16 03:06:19 - INFO - Processing shard 9 of part 17 in subdirectory 22018.
2024-12-16 03:11:38 - INFO - Processing shard 10 of part 17 in subdirectory 22018.
2024-12-16 03:17:16 - INFO - Processing shard 11 of part 17 in subdirectory 22018.
2024-12-16 03:23:38 - INFO - Processing shard 12 of part 17 in subdirectory 22018.
2024-12-16 03:29:36 - INFO - Processing shard 13 of part 17 in subdirectory 22018.
2024-12-16 03:36:46 - INFO - Processing shard 14 of part 17 in subdirectory 22018.
2024-12-16 03:42:33 - INFO - Processing shard 15 of part 17 in subdirectory 22018.
2024-12-16 03:48:25 - INFO - Processing shard 16 of part 17 in subdirectory 22018.
2024-12-16 03:53:46 - INFO - Processing shard 17 of part 17 in subdirectory 22018.
2024-12-16 03:59:32 - INFO - Processing shard 18 of part 17 in subdirectory 22018.
2024-12-16 04:00:48 - INFO - PMTfication completed.
