2025-02-13 10:51:52 - INFO - PMTfication by part starts...
2025-02-13 10:51:52 - INFO - Processing file: merged_part_8.db
2025-02-13 10:51:52 - INFO - Using up to 40 workers.
2025-02-13 10:51:55 - INFO - Processing shard 1 of part 8 in subdirectory 22018.
2025-02-13 11:04:10 - INFO - Processing shard 2 of part 8 in subdirectory 22018.
2025-02-13 11:15:07 - INFO - Processing shard 3 of part 8 in subdirectory 22018.
2025-02-13 11:25:17 - INFO - Processing shard 4 of part 8 in subdirectory 22018.
2025-02-13 11:35:23 - INFO - Processing shard 5 of part 8 in subdirectory 22018.
2025-02-13 11:45:23 - INFO - Processing shard 6 of part 8 in subdirectory 22018.
2025-02-13 11:55:59 - INFO - Processing shard 7 of part 8 in subdirectory 22018.
2025-02-13 12:02:28 - INFO - Processing shard 8 of part 8 in subdirectory 22018.
2025-02-13 12:09:57 - INFO - Processing shard 9 of part 8 in subdirectory 22018.
2025-02-13 12:18:46 - INFO - Processing shard 10 of part 8 in subdirectory 22018.
2025-02-13 12:26:10 - INFO - Processing shard 11 of part 8 in subdirectory 22018.
2025-02-13 12:34:51 - INFO - Processing shard 12 of part 8 in subdirectory 22018.
2025-02-13 12:42:01 - INFO - Processing shard 13 of part 8 in subdirectory 22018.
2025-02-13 12:49:26 - INFO - Processing shard 14 of part 8 in subdirectory 22018.
2025-02-13 12:57:13 - INFO - Processing shard 15 of part 8 in subdirectory 22018.
2025-02-13 13:04:05 - INFO - Processing shard 16 of part 8 in subdirectory 22018.
2025-02-13 13:10:09 - INFO - Processing shard 17 of part 8 in subdirectory 22018.
2025-02-13 13:15:49 - INFO - Processing shard 18 of part 8 in subdirectory 22018.
2025-02-13 13:17:51 - INFO - PMTfication completed.
