2025-02-13 08:52:56 - INFO - PMTfication by part starts...
2025-02-13 08:52:56 - INFO - Processing file: merged_part_2.db
2025-02-13 08:52:56 - INFO - Using up to 40 workers.
2025-02-13 08:52:59 - INFO - Processing shard 1 of part 2 in subdirectory 22018.
2025-02-13 09:04:30 - INFO - Processing shard 2 of part 2 in subdirectory 22018.
2025-02-13 09:13:57 - INFO - Processing shard 3 of part 2 in subdirectory 22018.
2025-02-13 09:21:17 - INFO - Processing shard 4 of part 2 in subdirectory 22018.
2025-02-13 09:32:19 - INFO - Processing shard 5 of part 2 in subdirectory 22018.
2025-02-13 09:43:02 - INFO - Processing shard 6 of part 2 in subdirectory 22018.
2025-02-13 09:48:56 - INFO - Processing shard 7 of part 2 in subdirectory 22018.
2025-02-13 09:54:45 - INFO - Processing shard 8 of part 2 in subdirectory 22018.
2025-02-13 10:00:59 - INFO - Processing shard 9 of part 2 in subdirectory 22018.
2025-02-13 10:08:07 - INFO - Processing shard 10 of part 2 in subdirectory 22018.
2025-02-13 10:15:05 - INFO - Processing shard 11 of part 2 in subdirectory 22018.
2025-02-13 10:21:20 - INFO - Processing shard 12 of part 2 in subdirectory 22018.
2025-02-13 10:27:40 - INFO - Processing shard 13 of part 2 in subdirectory 22018.
2025-02-13 10:33:30 - INFO - Processing shard 14 of part 2 in subdirectory 22018.
2025-02-13 10:39:23 - INFO - Processing shard 15 of part 2 in subdirectory 22018.
2025-02-13 10:45:38 - INFO - Processing shard 16 of part 2 in subdirectory 22018.
2025-02-13 10:53:17 - INFO - Processing shard 17 of part 2 in subdirectory 22018.
2025-02-13 11:01:24 - INFO - Processing shard 18 of part 2 in subdirectory 22018.
2025-02-13 11:04:03 - INFO - PMTfication completed.
