2025-02-13 09:00:28 - INFO - PMTfication by part starts...
2025-02-13 09:00:28 - INFO - Processing file: merged_part_4.db
2025-02-13 09:00:28 - INFO - Using up to 40 workers.
2025-02-13 09:00:31 - INFO - Processing shard 1 of part 4 in subdirectory 22018.
2025-02-13 09:12:26 - INFO - Processing shard 2 of part 4 in subdirectory 22018.
2025-02-13 09:22:41 - INFO - Processing shard 3 of part 4 in subdirectory 22018.
2025-02-13 09:28:27 - INFO - Processing shard 4 of part 4 in subdirectory 22018.
2025-02-13 09:35:02 - INFO - Processing shard 5 of part 4 in subdirectory 22018.
2025-02-13 09:41:14 - INFO - Processing shard 6 of part 4 in subdirectory 22018.
2025-02-13 09:47:09 - INFO - Processing shard 7 of part 4 in subdirectory 22018.
2025-02-13 09:53:15 - INFO - Processing shard 8 of part 4 in subdirectory 22018.
2025-02-13 09:59:23 - INFO - Processing shard 9 of part 4 in subdirectory 22018.
2025-02-13 10:05:11 - INFO - Processing shard 10 of part 4 in subdirectory 22018.
2025-02-13 10:11:08 - INFO - Processing shard 11 of part 4 in subdirectory 22018.
2025-02-13 10:16:57 - INFO - Processing shard 12 of part 4 in subdirectory 22018.
2025-02-13 10:25:49 - INFO - Processing shard 13 of part 4 in subdirectory 22018.
2025-02-13 10:32:11 - INFO - Processing shard 14 of part 4 in subdirectory 22018.
2025-02-13 10:39:03 - INFO - Processing shard 15 of part 4 in subdirectory 22018.
2025-02-13 10:46:20 - INFO - Processing shard 16 of part 4 in subdirectory 22018.
2025-02-13 10:52:32 - INFO - Processing shard 17 of part 4 in subdirectory 22018.
2025-02-13 10:59:35 - INFO - PMTfication completed.
