2025-02-13 11:04:13 - INFO - PMTfication by part starts...
2025-02-13 11:04:13 - INFO - Processing file: merged_part_10.db
2025-02-13 11:04:13 - INFO - Using up to 40 workers.
2025-02-13 11:04:16 - INFO - Processing shard 1 of part 10 in subdirectory 22018.
2025-02-13 11:15:42 - INFO - Processing shard 2 of part 10 in subdirectory 22018.
2025-02-13 11:25:31 - INFO - Processing shard 3 of part 10 in subdirectory 22018.
2025-02-13 11:32:20 - INFO - Processing shard 4 of part 10 in subdirectory 22018.
2025-02-13 11:42:57 - INFO - Processing shard 5 of part 10 in subdirectory 22018.
2025-02-13 11:53:08 - INFO - Processing shard 6 of part 10 in subdirectory 22018.
2025-02-13 12:03:42 - INFO - Processing shard 7 of part 10 in subdirectory 22018.
2025-02-13 12:12:26 - INFO - Processing shard 8 of part 10 in subdirectory 22018.
2025-02-13 12:19:13 - INFO - Processing shard 9 of part 10 in subdirectory 22018.
2025-02-13 12:25:32 - INFO - Processing shard 10 of part 10 in subdirectory 22018.
2025-02-13 12:32:00 - INFO - Processing shard 11 of part 10 in subdirectory 22018.
2025-02-13 12:40:46 - INFO - Processing shard 12 of part 10 in subdirectory 22018.
2025-02-13 12:48:43 - INFO - Processing shard 13 of part 10 in subdirectory 22018.
2025-02-13 12:55:08 - INFO - Processing shard 14 of part 10 in subdirectory 22018.
2025-02-13 13:01:24 - INFO - Processing shard 15 of part 10 in subdirectory 22018.
2025-02-13 13:07:14 - INFO - Processing shard 16 of part 10 in subdirectory 22018.
2025-02-13 13:13:06 - INFO - Processing shard 17 of part 10 in subdirectory 22018.
2025-02-13 13:20:52 - INFO - Processing shard 18 of part 10 in subdirectory 22018.
2025-02-13 13:22:47 - INFO - PMTfication completed.
