2025-02-13 13:21:16 - INFO - PMTfication by part starts...
2025-02-13 13:21:16 - INFO - Processing file: merged_part_15.db
2025-02-13 13:21:16 - INFO - Using up to 40 workers.
2025-02-13 13:21:19 - INFO - Processing shard 1 of part 15 in subdirectory 22018.
2025-02-13 13:32:56 - INFO - Processing shard 2 of part 15 in subdirectory 22018.
2025-02-13 13:44:10 - INFO - Processing shard 3 of part 15 in subdirectory 22018.
2025-02-13 13:54:23 - INFO - Processing shard 4 of part 15 in subdirectory 22018.
2025-02-13 14:03:50 - INFO - Processing shard 5 of part 15 in subdirectory 22018.
2025-02-13 14:13:32 - INFO - Processing shard 6 of part 15 in subdirectory 22018.
2025-02-13 14:21:55 - INFO - Processing shard 7 of part 15 in subdirectory 22018.
2025-02-13 14:29:15 - INFO - Processing shard 8 of part 15 in subdirectory 22018.
2025-02-13 14:39:15 - INFO - Processing shard 9 of part 15 in subdirectory 22018.
2025-02-13 14:45:52 - INFO - Processing shard 10 of part 15 in subdirectory 22018.
2025-02-13 14:51:53 - INFO - Processing shard 11 of part 15 in subdirectory 22018.
2025-02-13 14:58:12 - INFO - Processing shard 12 of part 15 in subdirectory 22018.
2025-02-13 15:05:24 - INFO - Processing shard 13 of part 15 in subdirectory 22018.
2025-02-13 15:13:44 - INFO - Processing shard 14 of part 15 in subdirectory 22018.
2025-02-13 15:20:20 - INFO - Processing shard 15 of part 15 in subdirectory 22018.
2025-02-13 15:26:28 - INFO - Processing shard 16 of part 15 in subdirectory 22018.
2025-02-13 15:32:44 - INFO - Processing shard 17 of part 15 in subdirectory 22018.
2025-02-13 15:39:23 - INFO - PMTfication completed.
