2025-02-13 14:48:50 - INFO - PMTfication by part starts...
2025-02-13 14:48:50 - INFO - Processing file: merged_part_20.db
2025-02-13 14:48:50 - INFO - Using up to 40 workers.
2025-02-13 14:48:51 - INFO - Processing shard 1 of part 20 in subdirectory 22018.
2025-02-13 14:58:18 - INFO - Processing shard 2 of part 20 in subdirectory 22018.
2025-02-13 15:01:45 - INFO - Processing shard 3 of part 20 in subdirectory 22018.
2025-02-13 15:04:51 - INFO - Processing shard 4 of part 20 in subdirectory 22018.
2025-02-13 15:08:02 - INFO - Processing shard 5 of part 20 in subdirectory 22018.
2025-02-13 15:11:10 - INFO - Processing shard 6 of part 20 in subdirectory 22018.
2025-02-13 15:14:16 - INFO - Processing shard 7 of part 20 in subdirectory 22018.
2025-02-13 15:17:36 - INFO - Processing shard 8 of part 20 in subdirectory 22018.
2025-02-13 15:23:00 - INFO - Processing shard 9 of part 20 in subdirectory 22018.
2025-02-13 15:26:09 - INFO - Processing shard 10 of part 20 in subdirectory 22018.
2025-02-13 15:29:16 - INFO - Processing shard 11 of part 20 in subdirectory 22018.
2025-02-13 15:32:23 - INFO - Processing shard 12 of part 20 in subdirectory 22018.
2025-02-13 15:35:34 - INFO - Processing shard 13 of part 20 in subdirectory 22018.
2025-02-13 15:38:46 - INFO - Processing shard 14 of part 20 in subdirectory 22018.
2025-02-13 15:41:56 - INFO - Processing shard 15 of part 20 in subdirectory 22018.
2025-02-13 15:45:03 - INFO - Processing shard 16 of part 20 in subdirectory 22018.
2025-02-13 15:48:24 - INFO - Processing shard 17 of part 20 in subdirectory 22018.
2025-02-13 15:51:42 - INFO - Processing shard 18 of part 20 in subdirectory 22018.
2025-02-13 15:52:34 - INFO - PMTfication completed.
