2025-02-13 13:06:06 - INFO - PMTfication by part starts...
2025-02-13 13:06:06 - INFO - Processing file: merged_part_13.db
2025-02-13 13:06:06 - INFO - Using up to 40 workers.
2025-02-13 13:06:08 - INFO - Processing shard 1 of part 13 in subdirectory 22018.
2025-02-13 13:19:23 - INFO - Processing shard 2 of part 13 in subdirectory 22018.
2025-02-13 13:31:32 - INFO - Processing shard 3 of part 13 in subdirectory 22018.
2025-02-13 13:42:42 - INFO - Processing shard 4 of part 13 in subdirectory 22018.
2025-02-13 13:53:16 - INFO - Processing shard 5 of part 13 in subdirectory 22018.
2025-02-13 14:04:56 - INFO - Processing shard 6 of part 13 in subdirectory 22018.
2025-02-13 14:14:10 - INFO - Processing shard 7 of part 13 in subdirectory 22018.
2025-02-13 14:21:05 - INFO - Processing shard 8 of part 13 in subdirectory 22018.
2025-02-13 14:28:17 - INFO - Processing shard 9 of part 13 in subdirectory 22018.
2025-02-13 14:35:43 - INFO - Processing shard 10 of part 13 in subdirectory 22018.
2025-02-13 14:42:59 - INFO - Processing shard 11 of part 13 in subdirectory 22018.
2025-02-13 14:49:46 - INFO - Processing shard 12 of part 13 in subdirectory 22018.
2025-02-13 14:56:16 - INFO - Processing shard 13 of part 13 in subdirectory 22018.
2025-02-13 15:02:56 - INFO - Processing shard 14 of part 13 in subdirectory 22018.
2025-02-13 15:09:40 - INFO - Processing shard 15 of part 13 in subdirectory 22018.
2025-02-13 15:19:06 - INFO - Processing shard 16 of part 13 in subdirectory 22018.
2025-02-13 15:25:48 - INFO - Processing shard 17 of part 13 in subdirectory 22018.
2025-02-13 15:33:03 - INFO - PMTfication completed.
