2025-02-13 11:55:34 - INFO - PMTfication by part starts...
2025-02-13 11:55:34 - INFO - Processing file: merged_part_11.db
2025-02-13 11:55:34 - INFO - Using up to 40 workers.
2025-02-13 11:55:37 - INFO - Processing shard 1 of part 11 in subdirectory 22018.
2025-02-13 12:07:23 - INFO - Processing shard 2 of part 11 in subdirectory 22018.
2025-02-13 12:18:17 - INFO - Processing shard 3 of part 11 in subdirectory 22018.
2025-02-13 12:27:00 - INFO - Processing shard 4 of part 11 in subdirectory 22018.
2025-02-13 12:32:29 - INFO - Processing shard 5 of part 11 in subdirectory 22018.
2025-02-13 12:38:28 - INFO - Processing shard 6 of part 11 in subdirectory 22018.
2025-02-13 12:44:06 - INFO - Processing shard 7 of part 11 in subdirectory 22018.
2025-02-13 12:50:21 - INFO - Processing shard 8 of part 11 in subdirectory 22018.
2025-02-13 12:56:03 - INFO - Processing shard 9 of part 11 in subdirectory 22018.
2025-02-13 13:01:58 - INFO - Processing shard 10 of part 11 in subdirectory 22018.
2025-02-13 13:07:45 - INFO - Processing shard 11 of part 11 in subdirectory 22018.
2025-02-13 13:14:59 - INFO - Processing shard 12 of part 11 in subdirectory 22018.
2025-02-13 13:22:21 - INFO - Processing shard 13 of part 11 in subdirectory 22018.
2025-02-13 13:29:43 - INFO - Processing shard 14 of part 11 in subdirectory 22018.
2025-02-13 13:37:12 - INFO - Processing shard 15 of part 11 in subdirectory 22018.
2025-02-13 13:43:53 - INFO - Processing shard 16 of part 11 in subdirectory 22018.
2025-02-13 13:50:17 - INFO - Processing shard 17 of part 11 in subdirectory 22018.
2025-02-13 13:55:35 - INFO - PMTfication completed.
