2025-02-13 13:18:01 - INFO - PMTfication by part starts...
2025-02-13 13:18:01 - INFO - Processing file: merged_part_14.db
2025-02-13 13:18:01 - INFO - Using up to 40 workers.
2025-02-13 13:18:03 - INFO - Processing shard 1 of part 14 in subdirectory 22018.
2025-02-13 13:29:47 - INFO - Processing shard 2 of part 14 in subdirectory 22018.
2025-02-13 13:39:36 - INFO - Processing shard 3 of part 14 in subdirectory 22018.
2025-02-13 13:48:33 - INFO - Processing shard 4 of part 14 in subdirectory 22018.
2025-02-13 13:54:41 - INFO - Processing shard 5 of part 14 in subdirectory 22018.
2025-02-13 14:00:36 - INFO - Processing shard 6 of part 14 in subdirectory 22018.
2025-02-13 14:06:35 - INFO - Processing shard 7 of part 14 in subdirectory 22018.
2025-02-13 14:15:33 - INFO - Processing shard 8 of part 14 in subdirectory 22018.
2025-02-13 14:21:28 - INFO - Processing shard 9 of part 14 in subdirectory 22018.
2025-02-13 14:27:19 - INFO - Processing shard 10 of part 14 in subdirectory 22018.
2025-02-13 14:33:13 - INFO - Processing shard 11 of part 14 in subdirectory 22018.
2025-02-13 14:40:04 - INFO - Processing shard 12 of part 14 in subdirectory 22018.
2025-02-13 14:46:54 - INFO - Processing shard 13 of part 14 in subdirectory 22018.
2025-02-13 14:54:00 - INFO - Processing shard 14 of part 14 in subdirectory 22018.
2025-02-13 15:00:03 - INFO - Processing shard 15 of part 14 in subdirectory 22018.
2025-02-13 15:06:11 - INFO - Processing shard 16 of part 14 in subdirectory 22018.
2025-02-13 15:12:26 - INFO - Processing shard 17 of part 14 in subdirectory 22018.
2025-02-13 15:19:20 - INFO - Processing shard 18 of part 14 in subdirectory 22018.
2025-02-13 15:21:40 - INFO - PMTfication completed.
