2025-02-13 13:22:57 - INFO - PMTfication by part starts...
2025-02-13 13:22:57 - INFO - Processing file: merged_part_16.db
2025-02-13 13:22:57 - INFO - Using up to 40 workers.
2025-02-13 13:23:01 - INFO - Processing shard 1 of part 16 in subdirectory 22018.
2025-02-13 13:34:42 - INFO - Processing shard 2 of part 16 in subdirectory 22018.
2025-02-13 13:46:54 - INFO - Processing shard 3 of part 16 in subdirectory 22018.
2025-02-13 13:55:52 - INFO - Processing shard 4 of part 16 in subdirectory 22018.
2025-02-13 14:01:49 - INFO - Processing shard 5 of part 16 in subdirectory 22018.
2025-02-13 14:07:36 - INFO - Processing shard 6 of part 16 in subdirectory 22018.
2025-02-13 14:14:01 - INFO - Processing shard 7 of part 16 in subdirectory 22018.
2025-02-13 14:20:22 - INFO - Processing shard 8 of part 16 in subdirectory 22018.
2025-02-13 14:26:02 - INFO - Processing shard 9 of part 16 in subdirectory 22018.
2025-02-13 14:32:01 - INFO - Processing shard 10 of part 16 in subdirectory 22018.
2025-02-13 14:38:03 - INFO - Processing shard 11 of part 16 in subdirectory 22018.
2025-02-13 14:45:14 - INFO - Processing shard 12 of part 16 in subdirectory 22018.
2025-02-13 14:51:54 - INFO - Processing shard 13 of part 16 in subdirectory 22018.
2025-02-13 15:00:06 - INFO - Processing shard 14 of part 16 in subdirectory 22018.
2025-02-13 15:06:37 - INFO - Processing shard 15 of part 16 in subdirectory 22018.
2025-02-13 15:14:29 - INFO - Processing shard 16 of part 16 in subdirectory 22018.
2025-02-13 15:22:23 - INFO - Processing shard 17 of part 16 in subdirectory 22018.
2025-02-13 15:29:02 - INFO - Processing shard 18 of part 16 in subdirectory 22018.
2025-02-13 15:30:55 - INFO - PMTfication completed.
