2025-02-13 06:54:04 - INFO - PMTfication by part starts...
2025-02-13 06:54:04 - INFO - Processing file: merged_part_1.db
2025-02-13 06:54:04 - INFO - Using up to 40 workers.
2025-02-13 06:54:07 - INFO - Processing shard 1 of part 1 in subdirectory 22018.
2025-02-13 07:06:04 - INFO - Processing shard 2 of part 1 in subdirectory 22018.
2025-02-13 07:15:20 - INFO - Processing shard 3 of part 1 in subdirectory 22018.
2025-02-13 07:21:05 - INFO - Processing shard 4 of part 1 in subdirectory 22018.
2025-02-13 07:27:12 - INFO - Processing shard 5 of part 1 in subdirectory 22018.
2025-02-13 07:33:08 - INFO - Processing shard 6 of part 1 in subdirectory 22018.
2025-02-13 07:38:57 - INFO - Processing shard 7 of part 1 in subdirectory 22018.
2025-02-13 07:45:03 - INFO - Processing shard 8 of part 1 in subdirectory 22018.
2025-02-13 07:51:15 - INFO - Processing shard 9 of part 1 in subdirectory 22018.
2025-02-13 07:57:28 - INFO - Processing shard 10 of part 1 in subdirectory 22018.
2025-02-13 08:03:41 - INFO - Processing shard 11 of part 1 in subdirectory 22018.
2025-02-13 08:09:55 - INFO - Processing shard 12 of part 1 in subdirectory 22018.
2025-02-13 08:19:16 - INFO - Processing shard 13 of part 1 in subdirectory 22018.
2025-02-13 08:26:42 - INFO - Processing shard 14 of part 1 in subdirectory 22018.
2025-02-13 08:32:31 - INFO - Processing shard 15 of part 1 in subdirectory 22018.
2025-02-13 08:38:22 - INFO - Processing shard 16 of part 1 in subdirectory 22018.
2025-02-13 08:44:28 - INFO - Processing shard 17 of part 1 in subdirectory 22018.
2025-02-13 08:50:40 - INFO - Processing shard 18 of part 1 in subdirectory 22018.
2025-02-13 08:52:47 - INFO - PMTfication completed.
