2025-02-13 14:07:11 - INFO - PMTfication by part starts...
2025-02-13 14:07:11 - INFO - Processing file: merged_part_18.db
2025-02-13 14:07:11 - INFO - Using up to 40 workers.
2025-02-13 14:07:14 - INFO - Processing shard 1 of part 18 in subdirectory 22018.
2025-02-13 14:19:16 - INFO - Processing shard 2 of part 18 in subdirectory 22018.
2025-02-13 14:29:05 - INFO - Processing shard 3 of part 18 in subdirectory 22018.
2025-02-13 14:38:17 - INFO - Processing shard 4 of part 18 in subdirectory 22018.
2025-02-13 14:47:40 - INFO - Processing shard 5 of part 18 in subdirectory 22018.
2025-02-13 14:54:11 - INFO - Processing shard 6 of part 18 in subdirectory 22018.
2025-02-13 15:00:21 - INFO - Processing shard 7 of part 18 in subdirectory 22018.
2025-02-13 15:09:19 - INFO - Processing shard 8 of part 18 in subdirectory 22018.
2025-02-13 15:18:23 - INFO - Processing shard 9 of part 18 in subdirectory 22018.
2025-02-13 15:24:27 - INFO - Processing shard 10 of part 18 in subdirectory 22018.
2025-02-13 15:31:37 - INFO - Processing shard 11 of part 18 in subdirectory 22018.
2025-02-13 15:38:24 - INFO - Processing shard 12 of part 18 in subdirectory 22018.
2025-02-13 15:44:55 - INFO - Processing shard 13 of part 18 in subdirectory 22018.
2025-02-13 15:51:54 - INFO - Processing shard 14 of part 18 in subdirectory 22018.
2025-02-13 15:58:09 - INFO - Processing shard 15 of part 18 in subdirectory 22018.
2025-02-13 16:04:23 - INFO - Processing shard 16 of part 18 in subdirectory 22018.
2025-02-13 16:10:27 - INFO - Processing shard 17 of part 18 in subdirectory 22018.
2025-02-13 16:17:18 - INFO - Processing shard 18 of part 18 in subdirectory 22018.
2025-02-13 16:19:09 - INFO - PMTfication completed.
