2025-02-13 09:44:56 - INFO - PMTfication by part starts...
2025-02-13 09:44:56 - INFO - Processing file: merged_part_5.db
2025-02-13 09:44:56 - INFO - Using up to 40 workers.
2025-02-13 09:44:59 - INFO - Processing shard 1 of part 5 in subdirectory 22018.
2025-02-13 09:56:50 - INFO - Processing shard 2 of part 5 in subdirectory 22018.
2025-02-13 10:06:53 - INFO - Processing shard 3 of part 5 in subdirectory 22018.
2025-02-13 10:13:17 - INFO - Processing shard 4 of part 5 in subdirectory 22018.
2025-02-13 10:19:34 - INFO - Processing shard 5 of part 5 in subdirectory 22018.
2025-02-13 10:25:29 - INFO - Processing shard 6 of part 5 in subdirectory 22018.
2025-02-13 10:31:48 - INFO - Processing shard 7 of part 5 in subdirectory 22018.
2025-02-13 10:39:02 - INFO - Processing shard 8 of part 5 in subdirectory 22018.
2025-02-13 10:48:02 - INFO - Processing shard 9 of part 5 in subdirectory 22018.
2025-02-13 10:57:40 - INFO - Processing shard 10 of part 5 in subdirectory 22018.
2025-02-13 11:06:10 - INFO - Processing shard 11 of part 5 in subdirectory 22018.
2025-02-13 11:13:47 - INFO - Processing shard 12 of part 5 in subdirectory 22018.
2025-02-13 11:20:15 - INFO - Processing shard 13 of part 5 in subdirectory 22018.
2025-02-13 11:26:32 - INFO - Processing shard 14 of part 5 in subdirectory 22018.
2025-02-13 11:35:14 - INFO - Processing shard 15 of part 5 in subdirectory 22018.
2025-02-13 11:42:54 - INFO - Processing shard 16 of part 5 in subdirectory 22018.
2025-02-13 11:49:26 - INFO - Processing shard 17 of part 5 in subdirectory 22018.
2025-02-13 11:55:23 - INFO - PMTfication completed.
