2024-11-23 14:14:53 - INFO - PMTfication by part starts...
2024-11-23 14:14:53 - INFO - Processing file: merged_part_2.db
2024-11-23 14:14:53 - INFO - Using up to 5 workers.
2024-11-23 14:15:01 - INFO - Processing shard 1 of part 2 in subdirectory 22018.
2024-11-23 14:39:22 - INFO - Processing shard 2 of part 2 in subdirectory 22018.
2024-11-23 14:44:49 - INFO - Processing shard 3 of part 2 in subdirectory 22018.
2024-11-23 14:50:27 - INFO - Processing shard 4 of part 2 in subdirectory 22018.
2024-11-23 14:57:48 - INFO - Processing shard 5 of part 2 in subdirectory 22018.
2024-11-23 15:05:16 - INFO - Processing shard 6 of part 2 in subdirectory 22018.
2024-11-23 15:10:48 - INFO - Processing shard 7 of part 2 in subdirectory 22018.
2024-11-23 15:16:15 - INFO - Processing shard 8 of part 2 in subdirectory 22018.
2024-11-23 15:22:03 - INFO - Processing shard 9 of part 2 in subdirectory 22018.
2024-11-23 15:28:00 - INFO - Processing shard 10 of part 2 in subdirectory 22018.
2024-11-23 15:32:17 - INFO - Processing shard 11 of part 2 in subdirectory 22018.
2024-11-23 15:36:01 - INFO - Processing shard 12 of part 2 in subdirectory 22018.
2024-11-23 15:39:12 - INFO - Processing shard 13 of part 2 in subdirectory 22018.
2024-11-23 15:41:59 - INFO - Processing shard 14 of part 2 in subdirectory 22018.
2024-11-23 15:46:10 - INFO - Processing shard 15 of part 2 in subdirectory 22018.
2024-11-23 15:48:41 - INFO - Processing shard 16 of part 2 in subdirectory 22018.
2024-11-23 15:51:13 - INFO - Processing shard 17 of part 2 in subdirectory 22018.
2024-11-23 15:53:56 - INFO - Processing shard 18 of part 2 in subdirectory 22018.
2024-11-23 15:55:03 - INFO - PMTfication completed.
