2024-11-23 15:33:58 - INFO - PMTfication by part starts...
2024-11-23 15:33:58 - INFO - Processing file: merged_part_12.db
2024-11-23 15:33:58 - INFO - Using up to 5 workers.
2024-11-23 15:34:06 - INFO - Processing shard 1 of part 12 in subdirectory 22018.
2024-11-23 16:01:32 - INFO - Processing shard 2 of part 12 in subdirectory 22018.
2024-11-23 16:08:02 - INFO - Processing shard 3 of part 12 in subdirectory 22018.
2024-11-23 16:10:40 - INFO - Processing shard 4 of part 12 in subdirectory 22018.
2024-11-23 16:13:17 - INFO - Processing shard 5 of part 12 in subdirectory 22018.
2024-11-23 16:15:52 - INFO - Processing shard 6 of part 12 in subdirectory 22018.
2024-11-23 16:18:35 - INFO - Processing shard 7 of part 12 in subdirectory 22018.
2024-11-23 16:23:15 - INFO - Processing shard 8 of part 12 in subdirectory 22018.
2024-11-23 16:26:02 - INFO - Processing shard 9 of part 12 in subdirectory 22018.
2024-11-23 16:28:51 - INFO - Processing shard 10 of part 12 in subdirectory 22018.
2024-11-23 16:31:33 - INFO - Processing shard 11 of part 12 in subdirectory 22018.
2024-11-23 16:34:16 - INFO - Processing shard 12 of part 12 in subdirectory 22018.
2024-11-23 16:37:21 - INFO - Processing shard 13 of part 12 in subdirectory 22018.
2024-11-23 16:40:10 - INFO - Processing shard 14 of part 12 in subdirectory 22018.
2024-11-23 16:47:21 - INFO - Processing shard 15 of part 12 in subdirectory 22018.
2024-11-23 16:51:47 - INFO - Processing shard 16 of part 12 in subdirectory 22018.
2024-11-23 16:56:01 - INFO - Processing shard 17 of part 12 in subdirectory 22018.
2024-11-23 17:00:47 - INFO - PMTfication completed.
