2024-11-23 15:33:42 - INFO - PMTfication by part starts...
2024-11-23 15:33:42 - INFO - Processing file: merged_part_11.db
2024-11-23 15:33:42 - INFO - Using up to 5 workers.
2024-11-23 15:33:49 - INFO - Processing shard 1 of part 11 in subdirectory 22018.
2024-11-23 16:00:37 - INFO - Processing shard 2 of part 11 in subdirectory 22018.
2024-11-23 16:06:35 - INFO - Processing shard 3 of part 11 in subdirectory 22018.
2024-11-23 16:10:57 - INFO - Processing shard 4 of part 11 in subdirectory 22018.
2024-11-23 16:13:24 - INFO - Processing shard 5 of part 11 in subdirectory 22018.
2024-11-23 16:16:02 - INFO - Processing shard 6 of part 11 in subdirectory 22018.
2024-11-23 16:18:48 - INFO - Processing shard 7 of part 11 in subdirectory 22018.
2024-11-23 16:24:27 - INFO - Processing shard 8 of part 11 in subdirectory 22018.
2024-11-23 16:26:57 - INFO - Processing shard 9 of part 11 in subdirectory 22018.
2024-11-23 16:29:34 - INFO - Processing shard 10 of part 11 in subdirectory 22018.
2024-11-23 16:32:09 - INFO - Processing shard 11 of part 11 in subdirectory 22018.
2024-11-23 16:36:54 - INFO - Processing shard 12 of part 11 in subdirectory 22018.
2024-11-23 16:39:35 - INFO - Processing shard 13 of part 11 in subdirectory 22018.
2024-11-23 16:43:48 - INFO - Processing shard 14 of part 11 in subdirectory 22018.
2024-11-23 16:47:54 - INFO - Processing shard 15 of part 11 in subdirectory 22018.
2024-11-23 16:52:40 - INFO - Processing shard 16 of part 11 in subdirectory 22018.
2024-11-23 16:57:49 - INFO - Processing shard 17 of part 11 in subdirectory 22018.
2024-11-23 17:01:17 - INFO - PMTfication completed.
