2024-11-24 09:49:42 - INFO - PMTfication by part starts...
2024-11-24 09:49:42 - INFO - Processing file: merged_part_13.db
2024-11-24 09:49:42 - INFO - Using up to 5 workers.
2024-11-24 09:49:43 - INFO - Processing shard 1 of part 13 in subdirectory 22018.
2024-11-24 09:58:29 - INFO - Processing shard 2 of part 13 in subdirectory 22018.
2024-11-24 10:04:16 - INFO - Processing shard 3 of part 13 in subdirectory 22018.
2024-11-24 10:06:55 - INFO - Processing shard 4 of part 13 in subdirectory 22018.
2024-11-24 10:09:30 - INFO - Processing shard 5 of part 13 in subdirectory 22018.
2024-11-24 10:12:06 - INFO - Processing shard 6 of part 13 in subdirectory 22018.
2024-11-24 10:15:19 - INFO - Processing shard 7 of part 13 in subdirectory 22018.
2024-11-24 10:17:55 - INFO - Processing shard 8 of part 13 in subdirectory 22018.
2024-11-24 10:20:38 - INFO - Processing shard 9 of part 13 in subdirectory 22018.
2024-11-24 10:23:12 - INFO - Processing shard 10 of part 13 in subdirectory 22018.
2024-11-24 10:25:55 - INFO - Processing shard 11 of part 13 in subdirectory 22018.
2024-11-24 10:28:35 - INFO - Processing shard 12 of part 13 in subdirectory 22018.
2024-11-24 10:31:10 - INFO - Processing shard 13 of part 13 in subdirectory 22018.
2024-11-24 10:33:48 - INFO - Processing shard 14 of part 13 in subdirectory 22018.
2024-11-24 10:36:30 - INFO - Processing shard 15 of part 13 in subdirectory 22018.
2024-11-24 10:39:13 - INFO - Processing shard 16 of part 13 in subdirectory 22018.
2024-11-24 10:41:47 - INFO - Processing shard 17 of part 13 in subdirectory 22018.
2024-11-24 10:44:19 - INFO - PMTfication completed.
