2025-02-23 04:34:48 - INFO - PMTfication by part starts...
2025-02-23 04:34:48 - INFO - Processing file: merged_part_9.db
2025-02-23 04:34:48 - INFO - Using up to 40 workers.
2025-02-23 04:34:52 - INFO - Processing shard 1 of part 9 in subdirectory 22018.
2025-02-23 04:47:03 - INFO - Processing shard 2 of part 9 in subdirectory 22018.
2025-02-23 04:56:14 - INFO - Processing shard 3 of part 9 in subdirectory 22018.
2025-02-23 05:06:24 - INFO - Processing shard 4 of part 9 in subdirectory 22018.
2025-02-23 05:12:30 - INFO - Processing shard 5 of part 9 in subdirectory 22018.
2025-02-23 05:18:48 - INFO - Processing shard 6 of part 9 in subdirectory 22018.
2025-02-23 05:25:15 - INFO - Processing shard 7 of part 9 in subdirectory 22018.
2025-02-23 05:31:38 - INFO - Processing shard 8 of part 9 in subdirectory 22018.
2025-02-23 05:37:42 - INFO - Processing shard 9 of part 9 in subdirectory 22018.
2025-02-23 05:43:52 - INFO - Processing shard 10 of part 9 in subdirectory 22018.
2025-02-23 05:50:35 - INFO - Processing shard 11 of part 9 in subdirectory 22018.
2025-02-23 05:56:57 - INFO - Processing shard 12 of part 9 in subdirectory 22018.
2025-02-23 06:02:47 - INFO - Processing shard 13 of part 9 in subdirectory 22018.
2025-02-23 06:11:20 - INFO - Processing shard 14 of part 9 in subdirectory 22018.
2025-02-23 06:17:40 - INFO - Processing shard 15 of part 9 in subdirectory 22018.
2025-02-23 06:23:37 - INFO - Processing shard 16 of part 9 in subdirectory 22018.
2025-02-23 06:29:58 - INFO - Processing shard 17 of part 9 in subdirectory 22018.
2025-02-23 06:35:19 - INFO - PMTfication completed.
