2025-02-23 04:22:46 - INFO - PMTfication by part starts...
2025-02-23 04:22:46 - INFO - Processing file: merged_part_6.db
2025-02-23 04:22:46 - INFO - Using up to 40 workers.
2025-02-23 04:22:49 - INFO - Processing shard 1 of part 6 in subdirectory 22018.
2025-02-23 04:34:47 - INFO - Processing shard 2 of part 6 in subdirectory 22018.
2025-02-23 04:44:46 - INFO - Processing shard 3 of part 6 in subdirectory 22018.
2025-02-23 04:53:10 - INFO - Processing shard 4 of part 6 in subdirectory 22018.
2025-02-23 05:03:10 - INFO - Processing shard 5 of part 6 in subdirectory 22018.
2025-02-23 05:13:11 - INFO - Processing shard 6 of part 6 in subdirectory 22018.
2025-02-23 05:22:13 - INFO - Processing shard 7 of part 6 in subdirectory 22018.
2025-02-23 05:32:13 - INFO - Processing shard 8 of part 6 in subdirectory 22018.
2025-02-23 05:39:16 - INFO - Processing shard 9 of part 6 in subdirectory 22018.
2025-02-23 05:47:50 - INFO - Processing shard 10 of part 6 in subdirectory 22018.
2025-02-23 05:54:56 - INFO - Processing shard 11 of part 6 in subdirectory 22018.
2025-02-23 06:03:30 - INFO - Processing shard 12 of part 6 in subdirectory 22018.
2025-02-23 06:11:28 - INFO - Processing shard 13 of part 6 in subdirectory 22018.
2025-02-23 06:18:23 - INFO - Processing shard 14 of part 6 in subdirectory 22018.
2025-02-23 06:25:02 - INFO - Processing shard 15 of part 6 in subdirectory 22018.
2025-02-23 06:31:46 - INFO - Processing shard 16 of part 6 in subdirectory 22018.
2025-02-23 06:38:20 - INFO - Processing shard 17 of part 6 in subdirectory 22018.
2025-02-23 06:46:10 - INFO - Processing shard 18 of part 6 in subdirectory 22018.
2025-02-23 06:48:45 - INFO - PMTfication completed.
