2025-02-23 04:27:41 - INFO - PMTfication by part starts...
2025-02-23 04:27:41 - INFO - Processing file: merged_part_7.db
2025-02-23 04:27:41 - INFO - Using up to 40 workers.
2025-02-23 04:27:42 - INFO - Processing shard 1 of part 7 in subdirectory 22018.
2025-02-23 04:37:14 - INFO - Processing shard 2 of part 7 in subdirectory 22018.
2025-02-23 04:44:12 - INFO - Processing shard 3 of part 7 in subdirectory 22018.
2025-02-23 04:51:03 - INFO - Processing shard 4 of part 7 in subdirectory 22018.
2025-02-23 04:54:12 - INFO - Processing shard 5 of part 7 in subdirectory 22018.
2025-02-23 04:57:23 - INFO - Processing shard 6 of part 7 in subdirectory 22018.
2025-02-23 05:00:34 - INFO - Processing shard 7 of part 7 in subdirectory 22018.
2025-02-23 05:03:39 - INFO - Processing shard 8 of part 7 in subdirectory 22018.
2025-02-23 05:06:48 - INFO - Processing shard 9 of part 7 in subdirectory 22018.
2025-02-23 05:10:04 - INFO - Processing shard 10 of part 7 in subdirectory 22018.
2025-02-23 05:13:13 - INFO - Processing shard 11 of part 7 in subdirectory 22018.
2025-02-23 05:16:36 - INFO - Processing shard 12 of part 7 in subdirectory 22018.
2025-02-23 05:19:55 - INFO - Processing shard 13 of part 7 in subdirectory 22018.
2025-02-23 05:23:14 - INFO - Processing shard 14 of part 7 in subdirectory 22018.
2025-02-23 05:26:15 - INFO - Processing shard 15 of part 7 in subdirectory 22018.
2025-02-23 05:29:33 - INFO - Processing shard 16 of part 7 in subdirectory 22018.
2025-02-23 05:32:44 - INFO - Processing shard 17 of part 7 in subdirectory 22018.
2025-02-23 05:35:54 - INFO - Processing shard 18 of part 7 in subdirectory 22018.
2025-02-23 05:37:37 - INFO - PMTfication completed.
