2025-02-23 04:29:14 - INFO - PMTfication by part starts...
2025-02-23 04:29:14 - INFO - Processing file: merged_part_8.db
2025-02-23 04:29:14 - INFO - Using up to 40 workers.
2025-02-23 04:29:17 - INFO - Processing shard 1 of part 8 in subdirectory 22018.
2025-02-23 04:41:31 - INFO - Processing shard 2 of part 8 in subdirectory 22018.
2025-02-23 04:51:48 - INFO - Processing shard 3 of part 8 in subdirectory 22018.
2025-02-23 05:00:50 - INFO - Processing shard 4 of part 8 in subdirectory 22018.
2025-02-23 05:10:56 - INFO - Processing shard 5 of part 8 in subdirectory 22018.
2025-02-23 05:20:48 - INFO - Processing shard 6 of part 8 in subdirectory 22018.
2025-02-23 05:31:23 - INFO - Processing shard 7 of part 8 in subdirectory 22018.
2025-02-23 05:42:19 - INFO - Processing shard 8 of part 8 in subdirectory 22018.
2025-02-23 05:49:14 - INFO - Processing shard 9 of part 8 in subdirectory 22018.
2025-02-23 05:55:33 - INFO - Processing shard 10 of part 8 in subdirectory 22018.
2025-02-23 06:02:12 - INFO - Processing shard 11 of part 8 in subdirectory 22018.
2025-02-23 06:08:04 - INFO - Processing shard 12 of part 8 in subdirectory 22018.
2025-02-23 06:13:52 - INFO - Processing shard 13 of part 8 in subdirectory 22018.
2025-02-23 06:20:05 - INFO - Processing shard 14 of part 8 in subdirectory 22018.
2025-02-23 06:25:38 - INFO - Processing shard 15 of part 8 in subdirectory 22018.
2025-02-23 06:31:32 - INFO - Processing shard 16 of part 8 in subdirectory 22018.
2025-02-23 06:37:30 - INFO - Processing shard 17 of part 8 in subdirectory 22018.
2025-02-23 06:43:02 - INFO - Processing shard 18 of part 8 in subdirectory 22018.
2025-02-23 06:45:12 - INFO - PMTfication completed.
