2025-02-23 05:43:21 - INFO - PMTfication by part starts...
2025-02-23 05:43:21 - INFO - Processing file: merged_part_17.db
2025-02-23 05:43:21 - INFO - Using up to 40 workers.
2025-02-23 05:43:24 - INFO - Processing shard 1 of part 17 in subdirectory 22018.
2025-02-23 05:55:11 - INFO - Processing shard 2 of part 17 in subdirectory 22018.
2025-02-23 06:04:44 - INFO - Processing shard 3 of part 17 in subdirectory 22018.
2025-02-23 06:11:37 - INFO - Processing shard 4 of part 17 in subdirectory 22018.
2025-02-23 06:17:33 - INFO - Processing shard 5 of part 17 in subdirectory 22018.
2025-02-23 06:23:33 - INFO - Processing shard 6 of part 17 in subdirectory 22018.
2025-02-23 06:29:17 - INFO - Processing shard 7 of part 17 in subdirectory 22018.
2025-02-23 06:35:05 - INFO - Processing shard 8 of part 17 in subdirectory 22018.
2025-02-23 06:41:11 - INFO - Processing shard 9 of part 17 in subdirectory 22018.
2025-02-23 06:46:47 - INFO - Processing shard 10 of part 17 in subdirectory 22018.
2025-02-23 06:52:41 - INFO - Processing shard 11 of part 17 in subdirectory 22018.
2025-02-23 06:58:56 - INFO - Processing shard 12 of part 17 in subdirectory 22018.
2025-02-23 07:07:27 - INFO - Processing shard 13 of part 17 in subdirectory 22018.
2025-02-23 07:14:06 - INFO - Processing shard 14 of part 17 in subdirectory 22018.
2025-02-23 07:21:29 - INFO - Processing shard 15 of part 17 in subdirectory 22018.
2025-02-23 07:27:59 - INFO - Processing shard 16 of part 17 in subdirectory 22018.
2025-02-23 07:33:41 - INFO - Processing shard 17 of part 17 in subdirectory 22018.
2025-02-23 07:39:52 - INFO - Processing shard 18 of part 17 in subdirectory 22018.
2025-02-23 07:41:10 - INFO - PMTfication completed.
