2025-02-23 04:12:54 - INFO - PMTfication by part starts...
2025-02-23 04:12:54 - INFO - Processing file: merged_part_3.db
2025-02-23 04:12:54 - INFO - Using up to 40 workers.
2025-02-23 04:12:57 - INFO - Processing shard 1 of part 3 in subdirectory 22018.
2025-02-23 04:25:18 - INFO - Processing shard 2 of part 3 in subdirectory 22018.
2025-02-23 04:35:32 - INFO - Processing shard 3 of part 3 in subdirectory 22018.
2025-02-23 04:45:25 - INFO - Processing shard 4 of part 3 in subdirectory 22018.
2025-02-23 04:55:44 - INFO - Processing shard 5 of part 3 in subdirectory 22018.
2025-02-23 05:02:23 - INFO - Processing shard 6 of part 3 in subdirectory 22018.
2025-02-23 05:10:55 - INFO - Processing shard 7 of part 3 in subdirectory 22018.
2025-02-23 05:17:13 - INFO - Processing shard 8 of part 3 in subdirectory 22018.
2025-02-23 05:22:59 - INFO - Processing shard 9 of part 3 in subdirectory 22018.
2025-02-23 05:29:11 - INFO - Processing shard 10 of part 3 in subdirectory 22018.
2025-02-23 05:37:06 - INFO - Processing shard 11 of part 3 in subdirectory 22018.
2025-02-23 05:43:41 - INFO - Processing shard 12 of part 3 in subdirectory 22018.
2025-02-23 05:49:54 - INFO - Processing shard 13 of part 3 in subdirectory 22018.
2025-02-23 05:59:06 - INFO - Processing shard 14 of part 3 in subdirectory 22018.
2025-02-23 06:05:17 - INFO - Processing shard 15 of part 3 in subdirectory 22018.
2025-02-23 06:11:47 - INFO - Processing shard 16 of part 3 in subdirectory 22018.
2025-02-23 06:22:38 - INFO - Processing shard 17 of part 3 in subdirectory 22018.
2025-02-23 06:28:49 - INFO - Processing shard 18 of part 3 in subdirectory 22018.
2025-02-23 06:30:05 - INFO - PMTfication completed.
