2025-02-23 04:38:25 - INFO - PMTfication by part starts...
2025-02-23 04:38:25 - INFO - Processing file: merged_part_11.db
2025-02-23 04:38:25 - INFO - Using up to 40 workers.
2025-02-23 04:38:28 - INFO - Processing shard 1 of part 11 in subdirectory 22018.
2025-02-23 04:50:48 - INFO - Processing shard 2 of part 11 in subdirectory 22018.
2025-02-23 05:01:38 - INFO - Processing shard 3 of part 11 in subdirectory 22018.
2025-02-23 05:11:26 - INFO - Processing shard 4 of part 11 in subdirectory 22018.
2025-02-23 05:19:53 - INFO - Processing shard 5 of part 11 in subdirectory 22018.
2025-02-23 05:25:57 - INFO - Processing shard 6 of part 11 in subdirectory 22018.
2025-02-23 05:31:45 - INFO - Processing shard 7 of part 11 in subdirectory 22018.
2025-02-23 05:38:09 - INFO - Processing shard 8 of part 11 in subdirectory 22018.
2025-02-23 05:43:59 - INFO - Processing shard 9 of part 11 in subdirectory 22018.
2025-02-23 05:49:59 - INFO - Processing shard 10 of part 11 in subdirectory 22018.
2025-02-23 05:56:37 - INFO - Processing shard 11 of part 11 in subdirectory 22018.
2025-02-23 06:04:33 - INFO - Processing shard 12 of part 11 in subdirectory 22018.
2025-02-23 06:12:28 - INFO - Processing shard 13 of part 11 in subdirectory 22018.
2025-02-23 06:19:10 - INFO - Processing shard 14 of part 11 in subdirectory 22018.
2025-02-23 06:26:03 - INFO - Processing shard 15 of part 11 in subdirectory 22018.
2025-02-23 06:32:35 - INFO - Processing shard 16 of part 11 in subdirectory 22018.
2025-02-23 06:39:39 - INFO - Processing shard 17 of part 11 in subdirectory 22018.
2025-02-23 06:45:14 - INFO - PMTfication completed.
