2025-02-23 05:12:13 - INFO - PMTfication by part starts...
2025-02-23 05:12:13 - INFO - Processing file: merged_part_15.db
2025-02-23 05:12:13 - INFO - Using up to 40 workers.
2025-02-23 05:12:16 - INFO - Processing shard 1 of part 15 in subdirectory 22018.
2025-02-23 05:26:10 - INFO - Processing shard 2 of part 15 in subdirectory 22018.
2025-02-23 05:33:20 - INFO - Processing shard 3 of part 15 in subdirectory 22018.
2025-02-23 05:40:54 - INFO - Processing shard 4 of part 15 in subdirectory 22018.
2025-02-23 05:47:54 - INFO - Processing shard 5 of part 15 in subdirectory 22018.
2025-02-23 05:54:54 - INFO - Processing shard 6 of part 15 in subdirectory 22018.
2025-02-23 06:01:39 - INFO - Processing shard 7 of part 15 in subdirectory 22018.
2025-02-23 06:08:55 - INFO - Processing shard 8 of part 15 in subdirectory 22018.
2025-02-23 06:15:45 - INFO - Processing shard 9 of part 15 in subdirectory 22018.
2025-02-23 06:24:40 - INFO - Processing shard 10 of part 15 in subdirectory 22018.
2025-02-23 06:33:14 - INFO - Processing shard 11 of part 15 in subdirectory 22018.
2025-02-23 06:40:03 - INFO - Processing shard 12 of part 15 in subdirectory 22018.
2025-02-23 06:46:51 - INFO - Processing shard 13 of part 15 in subdirectory 22018.
2025-02-23 06:54:15 - INFO - Processing shard 14 of part 15 in subdirectory 22018.
2025-02-23 07:01:55 - INFO - Processing shard 15 of part 15 in subdirectory 22018.
2025-02-23 07:11:55 - INFO - Processing shard 16 of part 15 in subdirectory 22018.
2025-02-23 07:19:12 - INFO - Processing shard 17 of part 15 in subdirectory 22018.
2025-02-23 07:27:33 - INFO - PMTfication completed.
