2025-02-23 04:18:57 - INFO - PMTfication by part starts...
2025-02-23 04:18:57 - INFO - Processing file: merged_part_4.db
2025-02-23 04:18:57 - INFO - Using up to 40 workers.
2025-02-23 04:19:00 - INFO - Processing shard 1 of part 4 in subdirectory 22018.
2025-02-23 04:31:01 - INFO - Processing shard 2 of part 4 in subdirectory 22018.
2025-02-23 04:41:18 - INFO - Processing shard 3 of part 4 in subdirectory 22018.
2025-02-23 04:50:24 - INFO - Processing shard 4 of part 4 in subdirectory 22018.
2025-02-23 04:59:57 - INFO - Processing shard 5 of part 4 in subdirectory 22018.
2025-02-23 05:09:53 - INFO - Processing shard 6 of part 4 in subdirectory 22018.
2025-02-23 05:19:21 - INFO - Processing shard 7 of part 4 in subdirectory 22018.
2025-02-23 05:30:36 - INFO - Processing shard 8 of part 4 in subdirectory 22018.
2025-02-23 05:37:34 - INFO - Processing shard 9 of part 4 in subdirectory 22018.
2025-02-23 05:43:50 - INFO - Processing shard 10 of part 4 in subdirectory 22018.
2025-02-23 05:49:55 - INFO - Processing shard 11 of part 4 in subdirectory 22018.
2025-02-23 05:55:54 - INFO - Processing shard 12 of part 4 in subdirectory 22018.
2025-02-23 06:01:56 - INFO - Processing shard 13 of part 4 in subdirectory 22018.
2025-02-23 06:07:48 - INFO - Processing shard 14 of part 4 in subdirectory 22018.
2025-02-23 06:13:57 - INFO - Processing shard 15 of part 4 in subdirectory 22018.
2025-02-23 06:20:10 - INFO - Processing shard 16 of part 4 in subdirectory 22018.
2025-02-23 06:26:13 - INFO - Processing shard 17 of part 4 in subdirectory 22018.
2025-02-23 06:33:05 - INFO - PMTfication completed.
