2025-02-23 04:55:44 - INFO - PMTfication by part starts...
2025-02-23 04:55:44 - INFO - Processing file: merged_part_14.db
2025-02-23 04:55:44 - INFO - Using up to 40 workers.
2025-02-23 04:55:47 - INFO - Processing shard 1 of part 14 in subdirectory 22018.
2025-02-23 05:07:13 - INFO - Processing shard 2 of part 14 in subdirectory 22018.
2025-02-23 05:18:28 - INFO - Processing shard 3 of part 14 in subdirectory 22018.
2025-02-23 05:26:49 - INFO - Processing shard 4 of part 14 in subdirectory 22018.
2025-02-23 05:36:39 - INFO - Processing shard 5 of part 14 in subdirectory 22018.
2025-02-23 05:45:24 - INFO - Processing shard 6 of part 14 in subdirectory 22018.
2025-02-23 05:55:05 - INFO - Processing shard 7 of part 14 in subdirectory 22018.
2025-02-23 06:02:22 - INFO - Processing shard 8 of part 14 in subdirectory 22018.
2025-02-23 06:12:16 - INFO - Processing shard 9 of part 14 in subdirectory 22018.
2025-02-23 06:18:59 - INFO - Processing shard 10 of part 14 in subdirectory 22018.
2025-02-23 06:26:24 - INFO - Processing shard 11 of part 14 in subdirectory 22018.
2025-02-23 06:32:48 - INFO - Processing shard 12 of part 14 in subdirectory 22018.
2025-02-23 06:39:15 - INFO - Processing shard 13 of part 14 in subdirectory 22018.
2025-02-23 06:45:09 - INFO - Processing shard 14 of part 14 in subdirectory 22018.
2025-02-23 06:51:04 - INFO - Processing shard 15 of part 14 in subdirectory 22018.
2025-02-23 06:57:12 - INFO - Processing shard 16 of part 14 in subdirectory 22018.
2025-02-23 07:03:23 - INFO - Processing shard 17 of part 14 in subdirectory 22018.
2025-02-23 07:09:35 - INFO - Processing shard 18 of part 14 in subdirectory 22018.
2025-02-23 07:11:25 - INFO - PMTfication completed.
