2025-02-23 05:37:43 - INFO - PMTfication by part starts...
2025-02-23 05:37:43 - INFO - Processing file: merged_part_16.db
2025-02-23 05:37:43 - INFO - Using up to 40 workers.
2025-02-23 05:37:43 - INFO - Processing shard 1 of part 16 in subdirectory 22018.
2025-02-23 05:47:03 - INFO - Processing shard 2 of part 16 in subdirectory 22018.
2025-02-23 05:54:43 - INFO - Processing shard 3 of part 16 in subdirectory 22018.
2025-02-23 06:01:20 - INFO - Processing shard 4 of part 16 in subdirectory 22018.
2025-02-23 06:08:16 - INFO - Processing shard 5 of part 16 in subdirectory 22018.
2025-02-23 06:13:56 - INFO - Processing shard 6 of part 16 in subdirectory 22018.
2025-02-23 06:17:23 - INFO - Processing shard 7 of part 16 in subdirectory 22018.
2025-02-23 06:20:50 - INFO - Processing shard 8 of part 16 in subdirectory 22018.
2025-02-23 06:23:55 - INFO - Processing shard 9 of part 16 in subdirectory 22018.
2025-02-23 06:27:09 - INFO - Processing shard 10 of part 16 in subdirectory 22018.
2025-02-23 06:30:17 - INFO - Processing shard 11 of part 16 in subdirectory 22018.
2025-02-23 06:33:22 - INFO - Processing shard 12 of part 16 in subdirectory 22018.
2025-02-23 06:36:34 - INFO - Processing shard 13 of part 16 in subdirectory 22018.
2025-02-23 06:42:17 - INFO - Processing shard 14 of part 16 in subdirectory 22018.
2025-02-23 06:49:10 - INFO - Processing shard 15 of part 16 in subdirectory 22018.
2025-02-23 06:53:12 - INFO - Processing shard 16 of part 16 in subdirectory 22018.
2025-02-23 06:56:42 - INFO - Processing shard 17 of part 16 in subdirectory 22018.
2025-02-23 07:00:22 - INFO - Processing shard 18 of part 16 in subdirectory 22018.
2025-02-23 07:01:26 - INFO - PMTfication completed.
