2025-02-23 06:30:13 - INFO - PMTfication by part starts...
2025-02-23 06:30:13 - INFO - Processing file: merged_part_20.db
2025-02-23 06:30:13 - INFO - Using up to 40 workers.
2025-02-23 06:30:16 - INFO - Processing shard 1 of part 20 in subdirectory 22018.
2025-02-23 06:42:39 - INFO - Processing shard 2 of part 20 in subdirectory 22018.
2025-02-23 06:53:49 - INFO - Processing shard 3 of part 20 in subdirectory 22018.
2025-02-23 07:02:49 - INFO - Processing shard 4 of part 20 in subdirectory 22018.
2025-02-23 07:11:38 - INFO - Processing shard 5 of part 20 in subdirectory 22018.
2025-02-23 07:20:58 - INFO - Processing shard 6 of part 20 in subdirectory 22018.
2025-02-23 07:26:54 - INFO - Processing shard 7 of part 20 in subdirectory 22018.
2025-02-23 07:33:16 - INFO - Processing shard 8 of part 20 in subdirectory 22018.
2025-02-23 07:39:38 - INFO - Processing shard 9 of part 20 in subdirectory 22018.
2025-02-23 07:45:38 - INFO - Processing shard 10 of part 20 in subdirectory 22018.
2025-02-23 07:52:00 - INFO - Processing shard 11 of part 20 in subdirectory 22018.
2025-02-23 07:59:27 - INFO - Processing shard 12 of part 20 in subdirectory 22018.
2025-02-23 08:05:36 - INFO - Processing shard 13 of part 20 in subdirectory 22018.
2025-02-23 08:12:30 - INFO - Processing shard 14 of part 20 in subdirectory 22018.
2025-02-23 08:18:53 - INFO - Processing shard 15 of part 20 in subdirectory 22018.
2025-02-23 08:25:09 - INFO - Processing shard 16 of part 20 in subdirectory 22018.
2025-02-23 08:31:37 - INFO - Processing shard 17 of part 20 in subdirectory 22018.
2025-02-23 08:37:47 - INFO - Processing shard 18 of part 20 in subdirectory 22018.
2025-02-23 08:39:19 - INFO - PMTfication completed.
