2025-02-23 04:11:14 - INFO - PMTfication by part starts...
2025-02-23 04:11:14 - INFO - Processing file: merged_part_2.db
2025-02-23 04:11:14 - INFO - Using up to 40 workers.
2025-02-23 04:11:17 - INFO - Processing shard 1 of part 2 in subdirectory 22018.
2025-02-23 04:22:52 - INFO - Processing shard 2 of part 2 in subdirectory 22018.
2025-02-23 04:34:11 - INFO - Processing shard 3 of part 2 in subdirectory 22018.
2025-02-23 04:40:14 - INFO - Processing shard 4 of part 2 in subdirectory 22018.
2025-02-23 04:46:25 - INFO - Processing shard 5 of part 2 in subdirectory 22018.
2025-02-23 04:52:18 - INFO - Processing shard 6 of part 2 in subdirectory 22018.
2025-02-23 04:58:15 - INFO - Processing shard 7 of part 2 in subdirectory 22018.
2025-02-23 05:04:06 - INFO - Processing shard 8 of part 2 in subdirectory 22018.
2025-02-23 05:10:08 - INFO - Processing shard 9 of part 2 in subdirectory 22018.
2025-02-23 05:16:11 - INFO - Processing shard 10 of part 2 in subdirectory 22018.
2025-02-23 05:21:57 - INFO - Processing shard 11 of part 2 in subdirectory 22018.
2025-02-23 05:28:13 - INFO - Processing shard 12 of part 2 in subdirectory 22018.
2025-02-23 05:36:25 - INFO - Processing shard 13 of part 2 in subdirectory 22018.
2025-02-23 05:42:50 - INFO - Processing shard 14 of part 2 in subdirectory 22018.
2025-02-23 05:49:04 - INFO - Processing shard 15 of part 2 in subdirectory 22018.
2025-02-23 05:56:41 - INFO - Processing shard 16 of part 2 in subdirectory 22018.
2025-02-23 06:02:54 - INFO - Processing shard 17 of part 2 in subdirectory 22018.
2025-02-23 06:09:36 - INFO - Processing shard 18 of part 2 in subdirectory 22018.
2025-02-23 06:12:04 - INFO - PMTfication completed.
