2025-02-23 04:37:42 - INFO - PMTfication by part starts...
2025-02-23 04:37:42 - INFO - Processing file: merged_part_10.db
2025-02-23 04:37:42 - INFO - Using up to 40 workers.
2025-02-23 04:37:45 - INFO - Processing shard 1 of part 10 in subdirectory 22018.
2025-02-23 04:49:37 - INFO - Processing shard 2 of part 10 in subdirectory 22018.
2025-02-23 04:59:46 - INFO - Processing shard 3 of part 10 in subdirectory 22018.
2025-02-23 05:06:19 - INFO - Processing shard 4 of part 10 in subdirectory 22018.
2025-02-23 05:12:22 - INFO - Processing shard 5 of part 10 in subdirectory 22018.
2025-02-23 05:18:32 - INFO - Processing shard 6 of part 10 in subdirectory 22018.
2025-02-23 05:24:26 - INFO - Processing shard 7 of part 10 in subdirectory 22018.
2025-02-23 05:30:27 - INFO - Processing shard 8 of part 10 in subdirectory 22018.
2025-02-23 05:36:32 - INFO - Processing shard 9 of part 10 in subdirectory 22018.
2025-02-23 05:42:26 - INFO - Processing shard 10 of part 10 in subdirectory 22018.
2025-02-23 05:48:20 - INFO - Processing shard 11 of part 10 in subdirectory 22018.
2025-02-23 05:55:32 - INFO - Processing shard 12 of part 10 in subdirectory 22018.
2025-02-23 06:04:03 - INFO - Processing shard 13 of part 10 in subdirectory 22018.
2025-02-23 06:10:25 - INFO - Processing shard 14 of part 10 in subdirectory 22018.
2025-02-23 06:16:26 - INFO - Processing shard 15 of part 10 in subdirectory 22018.
2025-02-23 06:22:17 - INFO - Processing shard 16 of part 10 in subdirectory 22018.
2025-02-23 06:28:06 - INFO - Processing shard 17 of part 10 in subdirectory 22018.
2025-02-23 06:34:13 - INFO - Processing shard 18 of part 10 in subdirectory 22018.
2025-02-23 06:36:31 - INFO - PMTfication completed.
