2025-02-23 04:06:23 - INFO - PMTfication by part starts...
2025-02-23 04:06:23 - INFO - Processing file: merged_part_1.db
2025-02-23 04:06:23 - INFO - Using up to 40 workers.
2025-02-23 04:06:26 - INFO - Processing shard 1 of part 1 in subdirectory 22018.
2025-02-23 04:17:55 - INFO - Processing shard 2 of part 1 in subdirectory 22018.
2025-02-23 04:23:57 - INFO - Processing shard 3 of part 1 in subdirectory 22018.
2025-02-23 04:29:51 - INFO - Processing shard 4 of part 1 in subdirectory 22018.
2025-02-23 04:36:06 - INFO - Processing shard 5 of part 1 in subdirectory 22018.
2025-02-23 04:42:10 - INFO - Processing shard 6 of part 1 in subdirectory 22018.
2025-02-23 04:48:05 - INFO - Processing shard 7 of part 1 in subdirectory 22018.
2025-02-23 04:54:06 - INFO - Processing shard 8 of part 1 in subdirectory 22018.
2025-02-23 05:00:25 - INFO - Processing shard 9 of part 1 in subdirectory 22018.
2025-02-23 05:06:45 - INFO - Processing shard 10 of part 1 in subdirectory 22018.
2025-02-23 05:13:50 - INFO - Processing shard 11 of part 1 in subdirectory 22018.
2025-02-23 05:21:39 - INFO - Processing shard 12 of part 1 in subdirectory 22018.
2025-02-23 05:28:14 - INFO - Processing shard 13 of part 1 in subdirectory 22018.
2025-02-23 05:35:46 - INFO - Processing shard 14 of part 1 in subdirectory 22018.
2025-02-23 05:42:18 - INFO - Processing shard 15 of part 1 in subdirectory 22018.
2025-02-23 05:48:58 - INFO - Processing shard 16 of part 1 in subdirectory 22018.
2025-02-23 05:56:21 - INFO - Processing shard 17 of part 1 in subdirectory 22018.
2025-02-23 06:03:37 - INFO - Processing shard 18 of part 1 in subdirectory 22018.
2025-02-23 06:05:43 - INFO - PMTfication completed.
