2025-02-23 06:12:11 - INFO - PMTfication by part starts...
2025-02-23 06:12:11 - INFO - Processing file: merged_part_19.db
2025-02-23 06:12:11 - INFO - Using up to 40 workers.
2025-02-23 06:12:14 - INFO - Processing shard 1 of part 19 in subdirectory 22018.
2025-02-23 06:23:50 - INFO - Processing shard 2 of part 19 in subdirectory 22018.
2025-02-23 06:34:17 - INFO - Processing shard 3 of part 19 in subdirectory 22018.
2025-02-23 06:43:58 - INFO - Processing shard 4 of part 19 in subdirectory 22018.
2025-02-23 06:52:18 - INFO - Processing shard 5 of part 19 in subdirectory 22018.
2025-02-23 07:01:25 - INFO - Processing shard 6 of part 19 in subdirectory 22018.
2025-02-23 07:08:05 - INFO - Processing shard 7 of part 19 in subdirectory 22018.
2025-02-23 07:14:02 - INFO - Processing shard 8 of part 19 in subdirectory 22018.
2025-02-23 07:19:59 - INFO - Processing shard 9 of part 19 in subdirectory 22018.
2025-02-23 07:26:40 - INFO - Processing shard 10 of part 19 in subdirectory 22018.
2025-02-23 07:33:51 - INFO - Processing shard 11 of part 19 in subdirectory 22018.
2025-02-23 07:43:49 - INFO - Processing shard 12 of part 19 in subdirectory 22018.
2025-02-23 07:49:43 - INFO - Processing shard 13 of part 19 in subdirectory 22018.
2025-02-23 07:55:59 - INFO - Processing shard 14 of part 19 in subdirectory 22018.
2025-02-23 08:01:28 - INFO - Processing shard 15 of part 19 in subdirectory 22018.
2025-02-23 08:07:06 - INFO - Processing shard 16 of part 19 in subdirectory 22018.
2025-02-23 08:14:07 - INFO - Processing shard 17 of part 19 in subdirectory 22018.
2025-02-23 08:19:56 - INFO - Processing shard 18 of part 19 in subdirectory 22018.
2025-02-23 08:21:38 - INFO - PMTfication completed.
