2025-02-23 04:44:22 - INFO - PMTfication by part starts...
2025-02-23 04:44:22 - INFO - Processing file: merged_part_13.db
2025-02-23 04:44:22 - INFO - Using up to 40 workers.
2025-02-23 04:44:25 - INFO - Processing shard 1 of part 13 in subdirectory 22018.
2025-02-23 04:55:58 - INFO - Processing shard 2 of part 13 in subdirectory 22018.
2025-02-23 05:06:12 - INFO - Processing shard 3 of part 13 in subdirectory 22018.
2025-02-23 05:12:28 - INFO - Processing shard 4 of part 13 in subdirectory 22018.
2025-02-23 05:18:37 - INFO - Processing shard 5 of part 13 in subdirectory 22018.
2025-02-23 05:24:41 - INFO - Processing shard 6 of part 13 in subdirectory 22018.
2025-02-23 05:32:33 - INFO - Processing shard 7 of part 13 in subdirectory 22018.
2025-02-23 05:41:54 - INFO - Processing shard 8 of part 13 in subdirectory 22018.
2025-02-23 05:51:05 - INFO - Processing shard 9 of part 13 in subdirectory 22018.
2025-02-23 05:57:28 - INFO - Processing shard 10 of part 13 in subdirectory 22018.
2025-02-23 06:04:08 - INFO - Processing shard 11 of part 13 in subdirectory 22018.
2025-02-23 06:12:13 - INFO - Processing shard 12 of part 13 in subdirectory 22018.
2025-02-23 06:18:34 - INFO - Processing shard 13 of part 13 in subdirectory 22018.
2025-02-23 06:25:45 - INFO - Processing shard 14 of part 13 in subdirectory 22018.
2025-02-23 06:32:20 - INFO - Processing shard 15 of part 13 in subdirectory 22018.
2025-02-23 06:39:35 - INFO - Processing shard 16 of part 13 in subdirectory 22018.
2025-02-23 06:46:45 - INFO - Processing shard 17 of part 13 in subdirectory 22018.
2025-02-23 06:54:03 - INFO - PMTfication completed.
