2025-02-23 04:40:18 - INFO - PMTfication by part starts...
2025-02-23 04:40:18 - INFO - Processing file: merged_part_12.db
2025-02-23 04:40:18 - INFO - Using up to 40 workers.
2025-02-23 04:40:21 - INFO - Processing shard 1 of part 12 in subdirectory 22018.
2025-02-23 04:51:45 - INFO - Processing shard 2 of part 12 in subdirectory 22018.
2025-02-23 05:02:35 - INFO - Processing shard 3 of part 12 in subdirectory 22018.
2025-02-23 05:09:01 - INFO - Processing shard 4 of part 12 in subdirectory 22018.
2025-02-23 05:15:22 - INFO - Processing shard 5 of part 12 in subdirectory 22018.
2025-02-23 05:21:41 - INFO - Processing shard 6 of part 12 in subdirectory 22018.
2025-02-23 05:27:59 - INFO - Processing shard 7 of part 12 in subdirectory 22018.
2025-02-23 05:34:55 - INFO - Processing shard 8 of part 12 in subdirectory 22018.
2025-02-23 05:44:41 - INFO - Processing shard 9 of part 12 in subdirectory 22018.
2025-02-23 05:54:03 - INFO - Processing shard 10 of part 12 in subdirectory 22018.
2025-02-23 06:00:41 - INFO - Processing shard 11 of part 12 in subdirectory 22018.
2025-02-23 06:07:13 - INFO - Processing shard 12 of part 12 in subdirectory 22018.
2025-02-23 06:15:05 - INFO - Processing shard 13 of part 12 in subdirectory 22018.
2025-02-23 06:21:47 - INFO - Processing shard 14 of part 12 in subdirectory 22018.
2025-02-23 06:28:50 - INFO - Processing shard 15 of part 12 in subdirectory 22018.
2025-02-23 06:37:16 - INFO - Processing shard 16 of part 12 in subdirectory 22018.
2025-02-23 06:43:35 - INFO - Processing shard 17 of part 12 in subdirectory 22018.
2025-02-23 06:49:22 - INFO - PMTfication completed.
