2024-12-15 16:45:04 - INFO - PMTfication by part starts...
2024-12-15 16:45:04 - INFO - Processing file: merged_part_2.db
2024-12-15 16:45:04 - INFO - Using up to 40 workers.
2024-12-15 16:45:19 - INFO - Processing shard 1 of part 2 in subdirectory 22017.
2024-12-15 17:00:55 - INFO - Processing shard 2 of part 2 in subdirectory 22017.
2024-12-15 17:11:22 - INFO - Processing shard 3 of part 2 in subdirectory 22017.
2024-12-15 17:24:46 - INFO - Processing shard 4 of part 2 in subdirectory 22017.
2024-12-15 17:38:24 - INFO - Processing shard 5 of part 2 in subdirectory 22017.
2024-12-15 17:51:56 - INFO - Processing shard 6 of part 2 in subdirectory 22017.
2024-12-15 18:02:40 - INFO - Processing shard 7 of part 2 in subdirectory 22017.
2024-12-15 18:12:50 - INFO - Processing shard 8 of part 2 in subdirectory 22017.
2024-12-15 18:22:18 - INFO - Processing shard 9 of part 2 in subdirectory 22017.
2024-12-15 18:32:29 - INFO - Processing shard 10 of part 2 in subdirectory 22017.
2024-12-15 18:43:00 - INFO - Processing shard 11 of part 2 in subdirectory 22017.
2024-12-15 18:54:22 - INFO - Processing shard 12 of part 2 in subdirectory 22017.
2024-12-15 19:04:23 - INFO - Processing shard 13 of part 2 in subdirectory 22017.
2024-12-15 19:20:45 - INFO - Processing shard 14 of part 2 in subdirectory 22017.
2024-12-15 19:35:11 - INFO - Processing shard 15 of part 2 in subdirectory 22017.
2024-12-15 19:50:05 - INFO - Processing shard 16 of part 2 in subdirectory 22017.
2024-12-15 20:04:43 - INFO - Processing shard 17 of part 2 in subdirectory 22017.
2024-12-15 20:14:38 - INFO - PMTfication completed.
