2024-12-15 16:45:11 - INFO - PMTfication by part starts...
2024-12-15 16:45:11 - INFO - Processing file: merged_part_3.db
2024-12-15 16:45:11 - INFO - Using up to 40 workers.
2024-12-15 16:45:26 - INFO - Processing shard 1 of part 3 in subdirectory 22017.
2024-12-15 17:01:08 - INFO - Processing shard 2 of part 3 in subdirectory 22017.
2024-12-15 17:10:47 - INFO - Processing shard 3 of part 3 in subdirectory 22017.
2024-12-15 17:24:55 - INFO - Processing shard 4 of part 3 in subdirectory 22017.
2024-12-15 17:34:10 - INFO - Processing shard 5 of part 3 in subdirectory 22017.
2024-12-15 17:42:58 - INFO - Processing shard 6 of part 3 in subdirectory 22017.
2024-12-15 17:52:29 - INFO - Processing shard 7 of part 3 in subdirectory 22017.
2024-12-15 18:03:14 - INFO - Processing shard 8 of part 3 in subdirectory 22017.
2024-12-15 18:14:32 - INFO - Processing shard 9 of part 3 in subdirectory 22017.
2024-12-15 18:23:59 - INFO - Processing shard 10 of part 3 in subdirectory 22017.
2024-12-15 18:35:47 - INFO - Processing shard 11 of part 3 in subdirectory 22017.
2024-12-15 18:44:39 - INFO - Processing shard 12 of part 3 in subdirectory 22017.
2024-12-15 18:54:01 - INFO - Processing shard 13 of part 3 in subdirectory 22017.
2024-12-15 19:03:43 - INFO - Processing shard 14 of part 3 in subdirectory 22017.
2024-12-15 19:20:33 - INFO - Processing shard 15 of part 3 in subdirectory 22017.
2024-12-15 19:35:04 - INFO - Processing shard 16 of part 3 in subdirectory 22017.
2024-12-15 19:43:57 - INFO - Processing shard 17 of part 3 in subdirectory 22017.
2024-12-15 19:48:50 - INFO - PMTfication completed.
