nohup: ignoring input
2024-11-25 17:44:35 - INFO - Reading PMT file /lustre/hpc/project/icecube/HE_Nu_Aske_Oct2024/PMTfied/Snowstorm/22012/1/PMTfied_1.parquet
2024-11-25 17:44:35 - INFO - Saving PDF to [25112024_174435]StatViewer_pmt_22012_1_1_25112024.pdf
/groups/icecube/cyan/.local/lib/python3.9/site-packages/pandas/core/arraylike.py:399: RuntimeWarning: invalid value encountered in log10
  result = getattr(ufunc, method)(*inputs, **kwargs)
Plotting figures:   0%|          | 0/8 [00:00<?, ?it/s]2024-11-25 17:44:36 - INFO - Plotting histogram for DOM x distribution
Plotting figures:  12%|█▎        | 1/8 [00:00<00:03,  2.23it/s]2024-11-25 17:44:36 - INFO - Plotting histogram for DOM y distribution
Plotting figures:  25%|██▌       | 2/8 [00:00<00:02,  2.47it/s]2024-11-25 17:44:37 - INFO - Plotting histogram for DOM z distribution
Plotting figures:  38%|███▊      | 3/8 [00:01<00:01,  2.51it/s]2024-11-25 17:44:37 - INFO - Plotting histogram for First three charges distribution
Plotting figures:  50%|█████     | 4/8 [00:02<00:02,  1.44it/s]2024-11-25 17:44:38 - INFO - Plotting histogram for Accumulated charge distribution
Plotting figures:  62%|██████▎   | 5/8 [00:03<00:02,  1.18it/s]2024-11-25 17:44:39 - INFO - Plotting histogram for First three time distribution
Plotting figures:  75%|███████▌  | 6/8 [00:05<00:02,  1.11s/it]2024-11-25 17:44:41 - INFO - Plotting histogram for T10 and T50 distribution
Plotting figures:  88%|████████▊ | 7/8 [00:06<00:01,  1.05s/it]2024-11-25 17:44:42 - INFO - Plotting histogram for sigma_T distribution
Plotting figures: 100%|██████████| 8/8 [00:06<00:00,  1.04it/s]Plotting figures: 100%|██████████| 8/8 [00:06<00:00,  1.18it/s]
2024-11-25 17:44:43 - INFO - Figures saved to [25112024_174435]StatViewer_pmt_22012_1_1_25112024_raw.pdf
Plotting figures:   0%|          | 0/8 [00:00<?, ?it/s]2024-11-25 17:44:43 - INFO - Plotting histogram for DOM x distribution
Plotting figures:  12%|█▎        | 1/8 [00:00<00:02,  2.90it/s]2024-11-25 17:44:43 - INFO - Plotting histogram for DOM y distribution
Plotting figures:  25%|██▌       | 2/8 [00:00<00:02,  2.34it/s]2024-11-25 17:44:44 - INFO - Plotting histogram for DOM z distribution
Plotting figures:  38%|███▊      | 3/8 [00:01<00:02,  2.49it/s]2024-11-25 17:44:44 - INFO - Plotting histogram for First three charges distribution
Plotting figures:  50%|█████     | 4/8 [00:02<00:02,  1.41it/s]2024-11-25 17:44:45 - INFO - Plotting histogram for Accumulated charge distribution
Plotting figures:  62%|██████▎   | 5/8 [00:03<00:02,  1.45it/s]2024-11-25 17:44:46 - INFO - Plotting histogram for First three time distribution
Plotting figures:  75%|███████▌  | 6/8 [00:03<00:01,  1.35it/s]2024-11-25 17:44:47 - INFO - Plotting histogram for T10 and T50 distribution
Plotting figures:  88%|████████▊ | 7/8 [00:04<00:00,  1.51it/s]2024-11-25 17:44:47 - INFO - Plotting histogram for sigma_T distribution
Plotting figures: 100%|██████████| 8/8 [00:04<00:00,  1.72it/s]Plotting figures: 100%|██████████| 8/8 [00:04<00:00,  1.67it/s]
2024-11-25 17:44:48 - INFO - Figures saved to [25112024_174435]StatViewer_pmt_22012_1_1_25112024_processed.pdf
2024-11-25 17:44:48 - INFO - Finished
