nohup: ignoring input
2024-11-25 19:03:30 - INFO - Reading PMT file /lustre/hpc/project/icecube/HE_Nu_Aske_Oct2024/PMTfied/Snowstorm/22012/1/PMTfied_1.parquet
2024-11-25 19:03:30 - INFO - Saving PDF to [25112024_190330]StatViewer_pmt_22012_1_1_25112024.pdf
/groups/icecube/cyan/.local/lib/python3.9/site-packages/pandas/core/arraylike.py:399: RuntimeWarning: invalid value encountered in log10
  result = getattr(ufunc, method)(*inputs, **kwargs)
/groups/icecube/cyan/.local/lib/python3.9/site-packages/pandas/core/arraylike.py:399: RuntimeWarning: invalid value encountered in log10
  result = getattr(ufunc, method)(*inputs, **kwargs)
/groups/icecube/cyan/.local/lib/python3.9/site-packages/pandas/core/arraylike.py:399: RuntimeWarning: invalid value encountered in log10
  result = getattr(ufunc, method)(*inputs, **kwargs)
/groups/icecube/cyan/.local/lib/python3.9/site-packages/pandas/core/arraylike.py:399: RuntimeWarning: invalid value encountered in log10
  result = getattr(ufunc, method)(*inputs, **kwargs)
/groups/icecube/cyan/.local/lib/python3.9/site-packages/pandas/core/arraylike.py:399: RuntimeWarning: invalid value encountered in log10
  result = getattr(ufunc, method)(*inputs, **kwargs)
/groups/icecube/cyan/.local/lib/python3.9/site-packages/pandas/core/arraylike.py:399: RuntimeWarning: invalid value encountered in log10
  result = getattr(ufunc, method)(*inputs, **kwargs)
Plotting figures:   0%|          | 0/8 [00:00<?, ?it/s]2024-11-25 19:03:30 - INFO - Plotting histogram for DOM x distribution
Plotting figures:  12%|█▎        | 1/8 [00:00<00:02,  3.18it/s]2024-11-25 19:03:31 - INFO - Plotting histogram for DOM y distribution
Plotting figures:  25%|██▌       | 2/8 [00:00<00:01,  3.41it/s]2024-11-25 19:03:31 - INFO - Plotting histogram for DOM z distribution
Plotting figures:  38%|███▊      | 3/8 [00:00<00:01,  3.31it/s]2024-11-25 19:03:31 - INFO - Plotting histogram for First three charges distribution
Plotting figures:  50%|█████     | 4/8 [00:01<00:02,  1.92it/s]2024-11-25 19:03:32 - INFO - Plotting histogram for Accumulated charge distribution
Plotting figures:  62%|██████▎   | 5/8 [00:02<00:01,  1.59it/s]2024-11-25 19:03:33 - INFO - Plotting histogram for First three time distribution
Plotting figures:  75%|███████▌  | 6/8 [00:03<00:01,  1.28it/s]2024-11-25 19:03:34 - INFO - Plotting histogram for T10 and T50 distribution
Plotting figures:  88%|████████▊ | 7/8 [00:04<00:00,  1.35it/s]2024-11-25 19:03:35 - INFO - Plotting histogram for sigma_T distribution
Plotting figures: 100%|██████████| 8/8 [00:04<00:00,  1.46it/s]Plotting figures: 100%|██████████| 8/8 [00:04<00:00,  1.64it/s]
2024-11-25 19:03:35 - INFO - Figures saved to [25112024_190330]StatViewer_pmt_22012_1_1_25112024_raw.pdf
Plotting figures:   0%|          | 0/8 [00:00<?, ?it/s]2024-11-25 19:03:35 - INFO - Plotting histogram for DOM x distribution
Plotting figures:  12%|█▎        | 1/8 [00:00<00:01,  3.84it/s]2024-11-25 19:03:36 - INFO - Plotting histogram for DOM y distribution
Plotting figures:  25%|██▌       | 2/8 [00:00<00:01,  3.34it/s]2024-11-25 19:03:36 - INFO - Plotting histogram for DOM z distribution
Plotting figures:  38%|███▊      | 3/8 [00:00<00:01,  3.42it/s]2024-11-25 19:03:36 - INFO - Plotting histogram for First three charges distribution
Plotting figures:  50%|█████     | 4/8 [00:01<00:01,  2.44it/s]2024-11-25 19:03:37 - INFO - Plotting histogram for Accumulated charge distribution
Plotting figures:  62%|██████▎   | 5/8 [00:02<00:01,  2.03it/s]2024-11-25 19:03:38 - INFO - Plotting histogram for First three time distribution
Plotting figures:  75%|███████▌  | 6/8 [00:03<00:01,  1.50it/s]2024-11-25 19:03:39 - INFO - Plotting histogram for T10 and T50 distribution
Plotting figures:  88%|████████▊ | 7/8 [00:03<00:00,  1.49it/s]2024-11-25 19:03:39 - INFO - Plotting histogram for sigma_T distribution
Plotting figures: 100%|██████████| 8/8 [00:04<00:00,  1.60it/s]Plotting figures: 100%|██████████| 8/8 [00:04<00:00,  1.86it/s]
2024-11-25 19:03:40 - INFO - Figures saved to [25112024_190330]StatViewer_pmt_22012_1_1_25112024_processed.pdf
2024-11-25 19:03:40 - INFO - Finished
