nohup: ignoring input
2024-11-26 18:13:33 - INFO - Reading PMT file PMTfied_1.parquet
2024-11-26 18:13:33 - INFO - Saving PDF to ./StatView/[26112024_181333]StatView_pmt_22012_1_1.pdf
/groups/icecube/cyan/.local/lib/python3.9/site-packages/pandas/core/arraylike.py:399: RuntimeWarning: invalid value encountered in log10
  result = getattr(ufunc, method)(*inputs, **kwargs)
/groups/icecube/cyan/.local/lib/python3.9/site-packages/pandas/core/arraylike.py:399: RuntimeWarning: invalid value encountered in log10
  result = getattr(ufunc, method)(*inputs, **kwargs)
/groups/icecube/cyan/.local/lib/python3.9/site-packages/pandas/core/arraylike.py:399: RuntimeWarning: invalid value encountered in log10
  result = getattr(ufunc, method)(*inputs, **kwargs)
/groups/icecube/cyan/.local/lib/python3.9/site-packages/pandas/core/arraylike.py:399: RuntimeWarning: invalid value encountered in log10
  result = getattr(ufunc, method)(*inputs, **kwargs)
/groups/icecube/cyan/.local/lib/python3.9/site-packages/pandas/core/arraylike.py:399: RuntimeWarning: invalid value encountered in log10
  result = getattr(ufunc, method)(*inputs, **kwargs)
/groups/icecube/cyan/.local/lib/python3.9/site-packages/pandas/core/arraylike.py:399: RuntimeWarning: invalid value encountered in log10
  result = getattr(ufunc, method)(*inputs, **kwargs)
Plotting figures:   0%|          | 0/8 [00:00<?, ?it/s]2024-11-26 18:13:34 - INFO - Plotting histogram for DOM x distribution
Plotting figures:  12%|█▎        | 1/8 [00:00<00:02,  3.20it/s]2024-11-26 18:13:34 - INFO - Plotting histogram for DOM y distribution
Plotting figures:  25%|██▌       | 2/8 [00:00<00:01,  3.49it/s]2024-11-26 18:13:34 - INFO - Plotting histogram for DOM z distribution
Plotting figures:  38%|███▊      | 3/8 [00:00<00:01,  3.37it/s]2024-11-26 18:13:35 - INFO - Plotting histogram for Distribution of 5 charges
Plotting figures:  50%|█████     | 4/8 [00:01<00:01,  2.79it/s]2024-11-26 18:13:35 - INFO - Plotting histogram for Accumulated charge distribution
Plotting figures:  62%|██████▎   | 5/8 [00:02<00:01,  1.94it/s]2024-11-26 18:13:36 - INFO - Plotting histogram for Distribution of 5 times
Plotting figures:  75%|███████▌  | 6/8 [00:02<00:00,  2.23it/s]2024-11-26 18:13:36 - INFO - Plotting histogram for T10 and T50 distribution
Plotting figures:  88%|████████▊ | 7/8 [00:03<00:00,  1.96it/s]2024-11-26 18:13:37 - INFO - Plotting histogram for sigma_T distribution
Plotting figures: 100%|██████████| 8/8 [00:03<00:00,  1.98it/s]Plotting figures: 100%|██████████| 8/8 [00:03<00:00,  2.23it/s]
2024-11-26 18:13:37 - INFO - Figures saved to ./StatView/[26112024_181333]StatView_pmt_22012_1_1_raw.pdf
Plotting figures:   0%|          | 0/8 [00:00<?, ?it/s]2024-11-26 18:13:37 - INFO - Plotting histogram for DOM x distribution
Plotting figures:  12%|█▎        | 1/8 [00:00<00:01,  4.26it/s]2024-11-26 18:13:38 - INFO - Plotting histogram for DOM y distribution
Plotting figures:  25%|██▌       | 2/8 [00:00<00:01,  4.33it/s]2024-11-26 18:13:38 - INFO - Plotting histogram for DOM z distribution
Plotting figures:  38%|███▊      | 3/8 [00:00<00:01,  3.98it/s]2024-11-26 18:13:38 - INFO - Plotting histogram for Distribution of 5 charges
Plotting figures:  50%|█████     | 4/8 [00:01<00:01,  3.72it/s]2024-11-26 18:13:38 - INFO - Plotting histogram for Accumulated charge distribution
Plotting figures:  62%|██████▎   | 5/8 [00:01<00:01,  2.32it/s]2024-11-26 18:13:39 - INFO - Plotting histogram for Distribution of 5 times
Plotting figures:  75%|███████▌  | 6/8 [00:02<00:00,  2.60it/s]2024-11-26 18:13:39 - INFO - Plotting histogram for T10 and T50 distribution
Plotting figures:  88%|████████▊ | 7/8 [00:02<00:00,  2.32it/s]2024-11-26 18:13:40 - INFO - Plotting histogram for sigma_T distribution
Plotting figures: 100%|██████████| 8/8 [00:03<00:00,  2.27it/s]Plotting figures: 100%|██████████| 8/8 [00:03<00:00,  2.64it/s]
2024-11-26 18:13:40 - INFO - Figures saved to ./StatView/[26112024_181333]StatView_pmt_22012_1_1_processed.pdf
2024-11-26 18:13:40 - INFO - Finished
