nohup: ignoring input
2024-11-26 18:12:33 - INFO - Reading PMT file PMTfied_1.parquet
2024-11-26 18:12:33 - INFO - Saving PDF to ./StatView[26112024_181233]StatView_pmt_22012_1_1.pdf
/groups/icecube/cyan/.local/lib/python3.9/site-packages/pandas/core/arraylike.py:399: RuntimeWarning: invalid value encountered in log10
  result = getattr(ufunc, method)(*inputs, **kwargs)
/groups/icecube/cyan/.local/lib/python3.9/site-packages/pandas/core/arraylike.py:399: RuntimeWarning: invalid value encountered in log10
  result = getattr(ufunc, method)(*inputs, **kwargs)
/groups/icecube/cyan/.local/lib/python3.9/site-packages/pandas/core/arraylike.py:399: RuntimeWarning: invalid value encountered in log10
  result = getattr(ufunc, method)(*inputs, **kwargs)
/groups/icecube/cyan/.local/lib/python3.9/site-packages/pandas/core/arraylike.py:399: RuntimeWarning: invalid value encountered in log10
  result = getattr(ufunc, method)(*inputs, **kwargs)
/groups/icecube/cyan/.local/lib/python3.9/site-packages/pandas/core/arraylike.py:399: RuntimeWarning: invalid value encountered in log10
  result = getattr(ufunc, method)(*inputs, **kwargs)
/groups/icecube/cyan/.local/lib/python3.9/site-packages/pandas/core/arraylike.py:399: RuntimeWarning: invalid value encountered in log10
  result = getattr(ufunc, method)(*inputs, **kwargs)
Plotting figures:   0%|          | 0/8 [00:00<?, ?it/s]2024-11-26 18:12:34 - INFO - Plotting histogram for DOM x distribution
Plotting figures:  12%|█▎        | 1/8 [00:00<00:02,  2.88it/s]2024-11-26 18:12:35 - INFO - Plotting histogram for DOM y distribution
Plotting figures:  25%|██▌       | 2/8 [00:00<00:01,  3.20it/s]2024-11-26 18:12:35 - INFO - Plotting histogram for DOM z distribution
Plotting figures:  38%|███▊      | 3/8 [00:00<00:01,  3.11it/s]2024-11-26 18:12:35 - INFO - Plotting histogram for Distribution of 5 charges
Plotting figures:  50%|█████     | 4/8 [00:01<00:01,  2.48it/s]2024-11-26 18:12:36 - INFO - Plotting histogram for Accumulated charge distribution
Plotting figures:  62%|██████▎   | 5/8 [00:02<00:01,  1.78it/s]2024-11-26 18:12:37 - INFO - Plotting histogram for Distribution of 5 times
Plotting figures:  75%|███████▌  | 6/8 [00:02<00:00,  2.05it/s]2024-11-26 18:12:37 - INFO - Plotting histogram for T10 and T50 distribution
Plotting figures:  88%|████████▊ | 7/8 [00:03<00:00,  1.82it/s]2024-11-26 18:12:38 - INFO - Plotting histogram for sigma_T distribution
Plotting figures: 100%|██████████| 8/8 [00:03<00:00,  1.85it/s]Plotting figures: 100%|██████████| 8/8 [00:03<00:00,  2.06it/s]
2024-11-26 18:12:38 - INFO - Figures saved to ./StatView[26112024_181233]StatView_pmt_22012_1_1_raw.pdf
Plotting figures:   0%|          | 0/8 [00:00<?, ?it/s]2024-11-26 18:12:38 - INFO - Plotting histogram for DOM x distribution
Plotting figures:  12%|█▎        | 1/8 [00:00<00:01,  3.93it/s]2024-11-26 18:12:39 - INFO - Plotting histogram for DOM y distribution
Plotting figures:  25%|██▌       | 2/8 [00:00<00:01,  3.99it/s]2024-11-26 18:12:39 - INFO - Plotting histogram for DOM z distribution
Plotting figures:  38%|███▊      | 3/8 [00:00<00:01,  3.67it/s]2024-11-26 18:12:39 - INFO - Plotting histogram for Distribution of 5 charges
Plotting figures:  50%|█████     | 4/8 [00:01<00:01,  3.43it/s]2024-11-26 18:12:39 - INFO - Plotting histogram for Accumulated charge distribution
Plotting figures:  62%|██████▎   | 5/8 [00:01<00:01,  2.19it/s]2024-11-26 18:12:40 - INFO - Plotting histogram for Distribution of 5 times
Plotting figures:  75%|███████▌  | 6/8 [00:02<00:00,  2.44it/s]2024-11-26 18:12:40 - INFO - Plotting histogram for T10 and T50 distribution
Plotting figures:  88%|████████▊ | 7/8 [00:02<00:00,  2.18it/s]2024-11-26 18:12:41 - INFO - Plotting histogram for sigma_T distribution
Plotting figures: 100%|██████████| 8/8 [00:03<00:00,  2.16it/s]Plotting figures: 100%|██████████| 8/8 [00:03<00:00,  2.48it/s]
2024-11-26 18:12:42 - INFO - Figures saved to ./StatView[26112024_181233]StatView_pmt_22012_1_1_processed.pdf
2024-11-26 18:12:42 - INFO - Finished
