nohup: ignoring input
2024-11-26 10:22:19 - INFO - Reading PMT file PMTfied_1.parquet
2024-11-26 10:22:19 - INFO - Saving PDF to [26112024_102219]StatView_pmt_22012_3_1.pdf
/groups/icecube/cyan/.local/lib/python3.9/site-packages/pandas/core/arraylike.py:399: RuntimeWarning: invalid value encountered in log10
  result = getattr(ufunc, method)(*inputs, **kwargs)
/groups/icecube/cyan/.local/lib/python3.9/site-packages/pandas/core/arraylike.py:399: RuntimeWarning: invalid value encountered in log10
  result = getattr(ufunc, method)(*inputs, **kwargs)
/groups/icecube/cyan/.local/lib/python3.9/site-packages/pandas/core/arraylike.py:399: RuntimeWarning: invalid value encountered in log10
  result = getattr(ufunc, method)(*inputs, **kwargs)
/groups/icecube/cyan/.local/lib/python3.9/site-packages/pandas/core/arraylike.py:399: RuntimeWarning: invalid value encountered in log10
  result = getattr(ufunc, method)(*inputs, **kwargs)
/groups/icecube/cyan/.local/lib/python3.9/site-packages/pandas/core/arraylike.py:399: RuntimeWarning: invalid value encountered in log10
  result = getattr(ufunc, method)(*inputs, **kwargs)
/groups/icecube/cyan/.local/lib/python3.9/site-packages/pandas/core/arraylike.py:399: RuntimeWarning: invalid value encountered in log10
  result = getattr(ufunc, method)(*inputs, **kwargs)
Plotting figures:   0%|          | 0/8 [00:00<?, ?it/s]2024-11-26 10:22:20 - INFO - Plotting histogram for DOM x distribution
Plotting figures:  12%|█▎        | 1/8 [00:00<00:03,  2.19it/s]2024-11-26 10:22:21 - INFO - Plotting histogram for DOM y distribution
Plotting figures:  25%|██▌       | 2/8 [00:00<00:02,  2.90it/s]2024-11-26 10:22:21 - INFO - Plotting histogram for DOM z distribution
Plotting figures:  38%|███▊      | 3/8 [00:01<00:01,  2.98it/s]2024-11-26 10:22:21 - INFO - Plotting histogram for First three charges distribution
Plotting figures:  50%|█████     | 4/8 [00:01<00:01,  2.11it/s]2024-11-26 10:22:22 - INFO - Plotting histogram for Accumulated charge distribution
Plotting figures:  62%|██████▎   | 5/8 [00:02<00:01,  2.04it/s]2024-11-26 10:22:23 - INFO - Plotting histogram for First three time distribution
Plotting figures:  75%|███████▌  | 6/8 [00:02<00:01,  1.92it/s]2024-11-26 10:22:23 - INFO - Plotting histogram for T10 and T50 distribution
Plotting figures:  88%|████████▊ | 7/8 [00:03<00:00,  2.09it/s]2024-11-26 10:22:24 - INFO - Plotting histogram for sigma_T distribution
Plotting figures: 100%|██████████| 8/8 [00:03<00:00,  2.33it/s]Plotting figures: 100%|██████████| 8/8 [00:03<00:00,  2.26it/s]
2024-11-26 10:22:24 - INFO - Figures saved to [26112024_102219]StatView_pmt_22012_3_1_raw.pdf
Plotting figures:   0%|          | 0/8 [00:00<?, ?it/s]2024-11-26 10:22:24 - INFO - Plotting histogram for DOM x distribution
Plotting figures:  12%|█▎        | 1/8 [00:00<00:01,  4.08it/s]2024-11-26 10:22:24 - INFO - Plotting histogram for DOM y distribution
Plotting figures:  25%|██▌       | 2/8 [00:00<00:01,  4.29it/s]2024-11-26 10:22:25 - INFO - Plotting histogram for DOM z distribution
Plotting figures:  38%|███▊      | 3/8 [00:00<00:01,  3.92it/s]2024-11-26 10:22:25 - INFO - Plotting histogram for First three charges distribution
Plotting figures:  50%|█████     | 4/8 [00:01<00:01,  2.66it/s]2024-11-26 10:22:25 - INFO - Plotting histogram for Accumulated charge distribution
Plotting figures:  62%|██████▎   | 5/8 [00:01<00:01,  2.36it/s]2024-11-26 10:22:26 - INFO - Plotting histogram for First three time distribution
Plotting figures:  75%|███████▌  | 6/8 [00:02<00:00,  2.06it/s]2024-11-26 10:22:26 - INFO - Plotting histogram for T10 and T50 distribution
Plotting figures:  88%|████████▊ | 7/8 [00:02<00:00,  2.28it/s]2024-11-26 10:22:27 - INFO - Plotting histogram for sigma_T distribution
Plotting figures: 100%|██████████| 8/8 [00:03<00:00,  2.48it/s]Plotting figures: 100%|██████████| 8/8 [00:03<00:00,  2.59it/s]
2024-11-26 10:22:27 - INFO - Figures saved to [26112024_102219]StatView_pmt_22012_3_1_processed.pdf
2024-11-26 10:22:27 - INFO - Finished
