nohup: ignoring input
2024-11-27 18:37:02 - INFO - Reading PMT file PMTfied_1.parquet
2024-11-27 18:37:02 - INFO - Saving PDF to ./StatView/[27112024_183702]StatView_pmt_22012_5_1.pdf
/groups/icecube/cyan/.local/lib/python3.9/site-packages/pandas/core/arraylike.py:399: RuntimeWarning: invalid value encountered in log10
  result = getattr(ufunc, method)(*inputs, **kwargs)
/groups/icecube/cyan/.local/lib/python3.9/site-packages/pandas/core/arraylike.py:399: RuntimeWarning: invalid value encountered in log10
  result = getattr(ufunc, method)(*inputs, **kwargs)
/groups/icecube/cyan/.local/lib/python3.9/site-packages/pandas/core/arraylike.py:399: RuntimeWarning: invalid value encountered in log10
  result = getattr(ufunc, method)(*inputs, **kwargs)
/groups/icecube/cyan/.local/lib/python3.9/site-packages/pandas/core/arraylike.py:399: RuntimeWarning: invalid value encountered in log10
  result = getattr(ufunc, method)(*inputs, **kwargs)
/groups/icecube/cyan/.local/lib/python3.9/site-packages/pandas/core/arraylike.py:399: RuntimeWarning: invalid value encountered in log10
  result = getattr(ufunc, method)(*inputs, **kwargs)
/groups/icecube/cyan/.local/lib/python3.9/site-packages/pandas/core/arraylike.py:399: RuntimeWarning: invalid value encountered in log10
  result = getattr(ufunc, method)(*inputs, **kwargs)
Plotting figures:   0%|          | 0/8 [00:00<?, ?it/s]2024-11-27 18:37:03 - INFO - Plotting histogram for DOM x distribution
Plotting figures:  12%|█▎        | 1/8 [00:00<00:02,  3.09it/s]2024-11-27 18:37:03 - INFO - Plotting histogram for DOM y distribution
Plotting figures:  25%|██▌       | 2/8 [00:00<00:01,  3.41it/s]2024-11-27 18:37:04 - INFO - Plotting histogram for DOM z distribution
Plotting figures:  38%|███▊      | 3/8 [00:00<00:01,  3.33it/s]2024-11-27 18:37:04 - INFO - Plotting histogram for Distribution of first 5 charges
Plotting figures:  50%|█████     | 4/8 [00:01<00:02,  1.78it/s]2024-11-27 18:37:05 - INFO - Plotting histogram for Accumulated charge distribution
Plotting figures:  62%|██████▎   | 5/8 [00:02<00:01,  1.55it/s]2024-11-27 18:37:06 - INFO - Plotting histogram for Distribution of first 5 pulse times
Plotting figures:  75%|███████▌  | 6/8 [00:03<00:01,  1.15it/s]2024-11-27 18:37:07 - INFO - Plotting histogram for T10 and T50 distribution
Plotting figures:  88%|████████▊ | 7/8 [00:04<00:00,  1.27it/s]2024-11-27 18:37:08 - INFO - Plotting histogram for sigma_T distribution
Plotting figures: 100%|██████████| 8/8 [00:05<00:00,  1.44it/s]Plotting figures: 100%|██████████| 8/8 [00:05<00:00,  1.58it/s]
2024-11-27 18:37:08 - INFO - Figures saved to ./StatView/[27112024_183702]StatView_pmt_22012_5_1_raw.pdf
Plotting figures:   0%|          | 0/8 [00:00<?, ?it/s]2024-11-27 18:37:08 - INFO - Plotting histogram for DOM x distribution
Plotting figures:  12%|█▎        | 1/8 [00:00<00:01,  4.26it/s]2024-11-27 18:37:09 - INFO - Plotting histogram for DOM y distribution
Plotting figures:  25%|██▌       | 2/8 [00:00<00:01,  3.54it/s]2024-11-27 18:37:09 - INFO - Plotting histogram for DOM z distribution
Plotting figures:  38%|███▊      | 3/8 [00:00<00:01,  3.59it/s]2024-11-27 18:37:09 - INFO - Plotting histogram for Distribution of first 5 charges
Plotting figures:  50%|█████     | 4/8 [00:01<00:01,  2.21it/s]2024-11-27 18:37:10 - INFO - Plotting histogram for Accumulated charge distribution
Plotting figures:  62%|██████▎   | 5/8 [00:02<00:01,  1.94it/s]2024-11-27 18:37:10 - INFO - Plotting histogram for Distribution of first 5 pulse times
Plotting figures:  75%|███████▌  | 6/8 [00:02<00:01,  1.62it/s]2024-11-27 18:37:11 - INFO - Plotting histogram for T10 and T50 distribution
Plotting figures:  88%|████████▊ | 7/8 [00:03<00:00,  1.62it/s]2024-11-27 18:37:12 - INFO - Plotting histogram for sigma_T distribution
Plotting figures: 100%|██████████| 8/8 [00:04<00:00,  1.79it/s]Plotting figures: 100%|██████████| 8/8 [00:04<00:00,  1.98it/s]
2024-11-27 18:37:12 - INFO - Figures saved to ./StatView/[27112024_183702]StatView_pmt_22012_5_1_processed.pdf
2024-11-27 18:37:12 - INFO - Finished
