nohup: ignoring input
2024-11-27 18:06:56 - INFO - Reading PMT file PMTfied_1.parquet
2024-11-27 18:06:56 - INFO - Saving PDF to ./StatView/[27112024_180656]StatView_pmt_22012_5_1.pdf
/groups/icecube/cyan/.local/lib/python3.9/site-packages/pandas/core/arraylike.py:399: RuntimeWarning: invalid value encountered in log10
  result = getattr(ufunc, method)(*inputs, **kwargs)
/groups/icecube/cyan/.local/lib/python3.9/site-packages/pandas/core/arraylike.py:399: RuntimeWarning: invalid value encountered in log10
  result = getattr(ufunc, method)(*inputs, **kwargs)
/groups/icecube/cyan/.local/lib/python3.9/site-packages/pandas/core/arraylike.py:399: RuntimeWarning: invalid value encountered in log10
  result = getattr(ufunc, method)(*inputs, **kwargs)
/groups/icecube/cyan/.local/lib/python3.9/site-packages/pandas/core/arraylike.py:399: RuntimeWarning: invalid value encountered in log10
  result = getattr(ufunc, method)(*inputs, **kwargs)
/groups/icecube/cyan/.local/lib/python3.9/site-packages/pandas/core/arraylike.py:399: RuntimeWarning: invalid value encountered in log10
  result = getattr(ufunc, method)(*inputs, **kwargs)
/groups/icecube/cyan/.local/lib/python3.9/site-packages/pandas/core/arraylike.py:399: RuntimeWarning: invalid value encountered in log10
  result = getattr(ufunc, method)(*inputs, **kwargs)
Plotting figures:   0%|          | 0/8 [00:00<?, ?it/s]2024-11-27 18:06:58 - INFO - Plotting histogram for DOM x distribution
Plotting figures:  12%|█▎        | 1/8 [00:00<00:02,  2.80it/s]2024-11-27 18:06:59 - INFO - Plotting histogram for DOM y distribution
Plotting figures:  25%|██▌       | 2/8 [00:00<00:01,  3.25it/s]2024-11-27 18:06:59 - INFO - Plotting histogram for DOM z distribution
Plotting figures:  38%|███▊      | 3/8 [00:00<00:01,  3.24it/s]2024-11-27 18:06:59 - INFO - Plotting histogram for Distribution of first 5 charges
Plotting figures:  50%|█████     | 4/8 [00:01<00:02,  1.68it/s]2024-11-27 18:07:00 - INFO - Plotting histogram for Accumulated charge distribution
Plotting figures:  62%|██████▎   | 5/8 [00:02<00:01,  1.51it/s]2024-11-27 18:07:01 - INFO - Plotting histogram for Distribution of first 5 pulse times
Plotting figures:  75%|███████▌  | 6/8 [00:04<00:01,  1.13it/s]2024-11-27 18:07:02 - INFO - Plotting histogram for T10 and T50 distribution
Plotting figures:  88%|████████▊ | 7/8 [00:04<00:00,  1.26it/s]2024-11-27 18:07:03 - INFO - Plotting histogram for sigma_T distribution
Plotting figures: 100%|██████████| 8/8 [00:05<00:00,  1.43it/s]Plotting figures: 100%|██████████| 8/8 [00:05<00:00,  1.54it/s]
2024-11-27 18:07:03 - INFO - Figures saved to ./StatView/[27112024_180656]StatView_pmt_22012_5_1_raw.pdf
Plotting figures:   0%|          | 0/8 [00:00<?, ?it/s]2024-11-27 18:07:03 - INFO - Plotting histogram for DOM x distribution
Plotting figures:  12%|█▎        | 1/8 [00:00<00:01,  4.26it/s]2024-11-27 18:07:04 - INFO - Plotting histogram for DOM y distribution
Plotting figures:  25%|██▌       | 2/8 [00:00<00:01,  3.57it/s]2024-11-27 18:07:04 - INFO - Plotting histogram for DOM z distribution
Plotting figures:  38%|███▊      | 3/8 [00:00<00:01,  3.60it/s]2024-11-27 18:07:04 - INFO - Plotting histogram for Distribution of first 5 charges
Plotting figures:  50%|█████     | 4/8 [00:01<00:01,  2.21it/s]2024-11-27 18:07:05 - INFO - Plotting histogram for Accumulated charge distribution
Plotting figures:  62%|██████▎   | 5/8 [00:02<00:01,  1.96it/s]2024-11-27 18:07:06 - INFO - Plotting histogram for Distribution of first 5 pulse times
Plotting figures:  75%|███████▌  | 6/8 [00:02<00:01,  1.63it/s]2024-11-27 18:07:06 - INFO - Plotting histogram for T10 and T50 distribution
Plotting figures:  88%|████████▊ | 7/8 [00:03<00:00,  1.63it/s]2024-11-27 18:07:07 - INFO - Plotting histogram for sigma_T distribution
Plotting figures: 100%|██████████| 8/8 [00:04<00:00,  1.80it/s]Plotting figures: 100%|██████████| 8/8 [00:04<00:00,  1.99it/s]
2024-11-27 18:07:07 - INFO - Figures saved to ./StatView/[27112024_180656]StatView_pmt_22012_5_1_processed.pdf
2024-11-27 18:07:07 - INFO - Finished
