nohup: ignoring input
2024-11-27 18:28:34 - INFO - Reading PMT file PMTfied_1.parquet
2024-11-27 18:28:34 - INFO - Saving PDF to ./StatView/[27112024_182834]StatView_pmt_22012_5_1.pdf
/groups/icecube/cyan/.local/lib/python3.9/site-packages/pandas/core/arraylike.py:399: RuntimeWarning: invalid value encountered in log10
  result = getattr(ufunc, method)(*inputs, **kwargs)
/groups/icecube/cyan/.local/lib/python3.9/site-packages/pandas/core/arraylike.py:399: RuntimeWarning: invalid value encountered in log10
  result = getattr(ufunc, method)(*inputs, **kwargs)
/groups/icecube/cyan/.local/lib/python3.9/site-packages/pandas/core/arraylike.py:399: RuntimeWarning: invalid value encountered in log10
  result = getattr(ufunc, method)(*inputs, **kwargs)
/groups/icecube/cyan/.local/lib/python3.9/site-packages/pandas/core/arraylike.py:399: RuntimeWarning: invalid value encountered in log10
  result = getattr(ufunc, method)(*inputs, **kwargs)
/groups/icecube/cyan/.local/lib/python3.9/site-packages/pandas/core/arraylike.py:399: RuntimeWarning: invalid value encountered in log10
  result = getattr(ufunc, method)(*inputs, **kwargs)
/groups/icecube/cyan/.local/lib/python3.9/site-packages/pandas/core/arraylike.py:399: RuntimeWarning: invalid value encountered in log10
  result = getattr(ufunc, method)(*inputs, **kwargs)
Plotting figures:   0%|          | 0/8 [00:00<?, ?it/s]2024-11-27 18:28:35 - INFO - Plotting histogram for DOM x distribution
Plotting figures:  12%|█▎        | 1/8 [00:00<00:02,  3.04it/s]2024-11-27 18:28:35 - INFO - Plotting histogram for DOM y distribution
Plotting figures:  25%|██▌       | 2/8 [00:00<00:01,  3.35it/s]2024-11-27 18:28:35 - INFO - Plotting histogram for DOM z distribution
Plotting figures:  38%|███▊      | 3/8 [00:00<00:01,  3.28it/s]2024-11-27 18:28:35 - INFO - Plotting histogram for Distribution of first 5 charges
Plotting figures:  50%|█████     | 4/8 [00:01<00:02,  1.77it/s]2024-11-27 18:28:36 - INFO - Plotting histogram for Accumulated charge distribution
Plotting figures:  62%|██████▎   | 5/8 [00:02<00:01,  1.54it/s]2024-11-27 18:28:37 - INFO - Plotting histogram for Distribution of first 5 pulse times
Plotting figures:  75%|███████▌  | 6/8 [00:04<00:01,  1.12it/s]2024-11-27 18:28:39 - INFO - Plotting histogram for T10 and T50 distribution
Plotting figures:  88%|████████▊ | 7/8 [00:04<00:00,  1.24it/s]2024-11-27 18:28:39 - INFO - Plotting histogram for sigma_T distribution
Plotting figures: 100%|██████████| 8/8 [00:05<00:00,  1.41it/s]Plotting figures: 100%|██████████| 8/8 [00:05<00:00,  1.54it/s]
2024-11-27 18:28:40 - INFO - Figures saved to ./StatView/[27112024_182834]StatView_pmt_22012_5_1_raw.pdf
Plotting figures:   0%|          | 0/8 [00:00<?, ?it/s]2024-11-27 18:28:40 - INFO - Plotting histogram for DOM x distribution
Plotting figures:  12%|█▎        | 1/8 [00:00<00:01,  3.88it/s]2024-11-27 18:28:40 - INFO - Plotting histogram for DOM y distribution
Plotting figures:  25%|██▌       | 2/8 [00:00<00:01,  3.41it/s]2024-11-27 18:28:40 - INFO - Plotting histogram for DOM z distribution
Plotting figures:  38%|███▊      | 3/8 [00:00<00:01,  3.49it/s]2024-11-27 18:28:41 - INFO - Plotting histogram for Distribution of first 5 charges
Plotting figures:  50%|█████     | 4/8 [00:01<00:01,  2.17it/s]2024-11-27 18:28:41 - INFO - Plotting histogram for Accumulated charge distribution
Plotting figures:  62%|██████▎   | 5/8 [00:02<00:01,  1.91it/s]2024-11-27 18:28:42 - INFO - Plotting histogram for Distribution of first 5 pulse times
Plotting figures:  75%|███████▌  | 6/8 [00:03<00:01,  1.59it/s]2024-11-27 18:28:43 - INFO - Plotting histogram for T10 and T50 distribution
Plotting figures:  88%|████████▊ | 7/8 [00:03<00:00,  1.60it/s]2024-11-27 18:28:43 - INFO - Plotting histogram for sigma_T distribution
Plotting figures: 100%|██████████| 8/8 [00:04<00:00,  1.77it/s]Plotting figures: 100%|██████████| 8/8 [00:04<00:00,  1.95it/s]
2024-11-27 18:28:44 - INFO - Figures saved to ./StatView/[27112024_182834]StatView_pmt_22012_5_1_processed.pdf
2024-11-27 18:28:44 - INFO - Finished
