nohup: ignoring input
2024-11-27 18:11:09 - INFO - Reading PMT file PMTfied_1.parquet
2024-11-27 18:11:09 - INFO - Saving PDF to ./StatView/[27112024_181109]StatView_pmt_22012_5_1.pdf
/groups/icecube/cyan/.local/lib/python3.9/site-packages/pandas/core/arraylike.py:399: RuntimeWarning: invalid value encountered in log10
  result = getattr(ufunc, method)(*inputs, **kwargs)
/groups/icecube/cyan/.local/lib/python3.9/site-packages/pandas/core/arraylike.py:399: RuntimeWarning: invalid value encountered in log10
  result = getattr(ufunc, method)(*inputs, **kwargs)
/groups/icecube/cyan/.local/lib/python3.9/site-packages/pandas/core/arraylike.py:399: RuntimeWarning: invalid value encountered in log10
  result = getattr(ufunc, method)(*inputs, **kwargs)
/groups/icecube/cyan/.local/lib/python3.9/site-packages/pandas/core/arraylike.py:399: RuntimeWarning: invalid value encountered in log10
  result = getattr(ufunc, method)(*inputs, **kwargs)
/groups/icecube/cyan/.local/lib/python3.9/site-packages/pandas/core/arraylike.py:399: RuntimeWarning: invalid value encountered in log10
  result = getattr(ufunc, method)(*inputs, **kwargs)
/groups/icecube/cyan/.local/lib/python3.9/site-packages/pandas/core/arraylike.py:399: RuntimeWarning: invalid value encountered in log10
  result = getattr(ufunc, method)(*inputs, **kwargs)
Plotting figures:   0%|          | 0/8 [00:00<?, ?it/s]2024-11-27 18:11:10 - INFO - Plotting histogram for DOM x distribution
Plotting figures:  12%|█▎        | 1/8 [00:00<00:02,  2.97it/s]2024-11-27 18:11:10 - INFO - Plotting histogram for DOM y distribution
Plotting figures:  25%|██▌       | 2/8 [00:00<00:01,  3.27it/s]2024-11-27 18:11:10 - INFO - Plotting histogram for DOM z distribution
Plotting figures:  38%|███▊      | 3/8 [00:00<00:01,  3.19it/s]2024-11-27 18:11:11 - INFO - Plotting histogram for Distribution of first 5 charges
Plotting figures:  50%|█████     | 4/8 [00:01<00:02,  1.75it/s]2024-11-27 18:11:12 - INFO - Plotting histogram for Accumulated charge distribution
Plotting figures:  62%|██████▎   | 5/8 [00:02<00:01,  1.53it/s]2024-11-27 18:11:12 - INFO - Plotting histogram for Distribution of first 5 pulse times
Plotting figures:  75%|███████▌  | 6/8 [00:04<00:01,  1.11it/s]2024-11-27 18:11:14 - INFO - Plotting histogram for T10 and T50 distribution
Plotting figures:  88%|████████▊ | 7/8 [00:04<00:00,  1.23it/s]2024-11-27 18:11:14 - INFO - Plotting histogram for sigma_T distribution
Plotting figures: 100%|██████████| 8/8 [00:05<00:00,  1.39it/s]Plotting figures: 100%|██████████| 8/8 [00:05<00:00,  1.53it/s]
2024-11-27 18:11:15 - INFO - Figures saved to ./StatView/[27112024_181109]StatView_pmt_22012_5_1_raw.pdf
Plotting figures:   0%|          | 0/8 [00:00<?, ?it/s]2024-11-27 18:11:15 - INFO - Plotting histogram for DOM x distribution
Plotting figures:  12%|█▎        | 1/8 [00:00<00:01,  3.95it/s]2024-11-27 18:11:15 - INFO - Plotting histogram for DOM y distribution
Plotting figures:  25%|██▌       | 2/8 [00:00<00:01,  3.45it/s]2024-11-27 18:11:15 - INFO - Plotting histogram for DOM z distribution
Plotting figures:  38%|███▊      | 3/8 [00:00<00:01,  3.50it/s]2024-11-27 18:11:16 - INFO - Plotting histogram for Distribution of first 5 charges
Plotting figures:  50%|█████     | 4/8 [00:01<00:01,  2.17it/s]2024-11-27 18:11:17 - INFO - Plotting histogram for Accumulated charge distribution
Plotting figures:  62%|██████▎   | 5/8 [00:02<00:01,  1.91it/s]2024-11-27 18:11:17 - INFO - Plotting histogram for Distribution of first 5 pulse times
Plotting figures:  75%|███████▌  | 6/8 [00:03<00:01,  1.60it/s]2024-11-27 18:11:18 - INFO - Plotting histogram for T10 and T50 distribution
Plotting figures:  88%|████████▊ | 7/8 [00:03<00:00,  1.60it/s]2024-11-27 18:11:19 - INFO - Plotting histogram for sigma_T distribution
Plotting figures: 100%|██████████| 8/8 [00:04<00:00,  1.77it/s]Plotting figures: 100%|██████████| 8/8 [00:04<00:00,  1.96it/s]
2024-11-27 18:11:19 - INFO - Figures saved to ./StatView/[27112024_181109]StatView_pmt_22012_5_1_processed.pdf
2024-11-27 18:11:19 - INFO - Finished
