nohup: ignoring input
2024-11-29 11:44:43 - INFO - Reading PMT file PMTfied_1.parquet
2024-11-29 11:44:43 - INFO - Saving PDF to ./StatView/[29112024_114443]StatView_pmt_22015_1_1.pdf
/groups/icecube/cyan/.local/lib/python3.9/site-packages/pandas/core/arraylike.py:399: RuntimeWarning: invalid value encountered in log10
  result = getattr(ufunc, method)(*inputs, **kwargs)
/groups/icecube/cyan/.local/lib/python3.9/site-packages/pandas/core/arraylike.py:399: RuntimeWarning: invalid value encountered in log10
  result = getattr(ufunc, method)(*inputs, **kwargs)
/groups/icecube/cyan/.local/lib/python3.9/site-packages/pandas/core/arraylike.py:399: RuntimeWarning: invalid value encountered in log10
  result = getattr(ufunc, method)(*inputs, **kwargs)
/groups/icecube/cyan/.local/lib/python3.9/site-packages/pandas/core/arraylike.py:399: RuntimeWarning: invalid value encountered in log10
  result = getattr(ufunc, method)(*inputs, **kwargs)
/groups/icecube/cyan/.local/lib/python3.9/site-packages/pandas/core/arraylike.py:399: RuntimeWarning: invalid value encountered in log10
  result = getattr(ufunc, method)(*inputs, **kwargs)
/groups/icecube/cyan/.local/lib/python3.9/site-packages/pandas/core/arraylike.py:399: RuntimeWarning: invalid value encountered in log10
  result = getattr(ufunc, method)(*inputs, **kwargs)
Plotting figures:   0%|          | 0/8 [00:00<?, ?it/s]2024-11-29 11:44:43 - INFO - Plotting histogram for DOM x distribution
Plotting figures:  12%|█▎        | 1/8 [00:00<00:02,  3.06it/s]2024-11-29 11:44:44 - INFO - Plotting histogram for DOM y distribution
Plotting figures:  25%|██▌       | 2/8 [00:00<00:01,  3.31it/s]2024-11-29 11:44:44 - INFO - Plotting histogram for DOM z distribution
Plotting figures:  38%|███▊      | 3/8 [00:00<00:01,  3.22it/s]2024-11-29 11:44:44 - INFO - Plotting histogram for Distribution of first 3 charges
Plotting figures:  50%|█████     | 4/8 [00:01<00:02,  1.94it/s]2024-11-29 11:44:45 - INFO - Plotting histogram for Accumulated charge distribution
Plotting figures:  62%|██████▎   | 5/8 [00:02<00:01,  1.56it/s]2024-11-29 11:44:46 - INFO - Plotting histogram for Distribution of first 3 pulse times
Plotting figures:  75%|███████▌  | 6/8 [00:03<00:01,  1.41it/s]2024-11-29 11:44:47 - INFO - Plotting histogram for T10 and T50 distribution
Plotting figures:  88%|████████▊ | 7/8 [00:04<00:00,  1.49it/s]2024-11-29 11:44:48 - INFO - Plotting histogram for sigma_T distribution
Plotting figures: 100%|██████████| 8/8 [00:04<00:00,  1.60it/s]Plotting figures: 100%|██████████| 8/8 [00:04<00:00,  1.74it/s]
2024-11-29 11:44:48 - INFO - Figures saved to ./StatView/[29112024_114443]StatView_pmt_22015_1_1_raw.pdf
Plotting figures:   0%|          | 0/8 [00:00<?, ?it/s]2024-11-29 11:44:48 - INFO - Plotting histogram for DOM x distribution
Plotting figures:  12%|█▎        | 1/8 [00:00<00:01,  4.26it/s]2024-11-29 11:44:48 - INFO - Plotting histogram for DOM y distribution
Plotting figures:  25%|██▌       | 2/8 [00:00<00:01,  3.51it/s]2024-11-29 11:44:49 - INFO - Plotting histogram for DOM z distribution
Plotting figures:  38%|███▊      | 3/8 [00:00<00:01,  3.60it/s]2024-11-29 11:44:49 - INFO - Plotting histogram for Distribution of first 3 charges
Plotting figures:  50%|█████     | 4/8 [00:01<00:01,  2.53it/s]2024-11-29 11:44:50 - INFO - Plotting histogram for Accumulated charge distribution
Plotting figures:  62%|██████▎   | 5/8 [00:02<00:01,  2.10it/s]2024-11-29 11:44:50 - INFO - Plotting histogram for Distribution of first 3 pulse times
Plotting figures:  75%|███████▌  | 6/8 [00:02<00:01,  1.90it/s]2024-11-29 11:44:51 - INFO - Plotting histogram for T10 and T50 distribution
Plotting figures:  88%|████████▊ | 7/8 [00:03<00:00,  1.77it/s]2024-11-29 11:44:51 - INFO - Plotting histogram for sigma_T distribution
Plotting figures: 100%|██████████| 8/8 [00:03<00:00,  1.84it/s]Plotting figures: 100%|██████████| 8/8 [00:03<00:00,  2.11it/s]
2024-11-29 11:44:52 - INFO - Figures saved to ./StatView/[29112024_114443]StatView_pmt_22015_1_1_processed.pdf
2024-11-29 11:44:52 - INFO - Finished
