nohup: ignoring input
2024-11-29 11:44:32 - INFO - Reading PMT file PMTfied_1.parquet
2024-11-29 11:44:32 - INFO - Saving PDF to ./StatView/[29112024_114432]StatView_pmt_22013_1_1.pdf
/groups/icecube/cyan/.local/lib/python3.9/site-packages/pandas/core/arraylike.py:399: RuntimeWarning: invalid value encountered in log10
  result = getattr(ufunc, method)(*inputs, **kwargs)
/groups/icecube/cyan/.local/lib/python3.9/site-packages/pandas/core/arraylike.py:399: RuntimeWarning: invalid value encountered in log10
  result = getattr(ufunc, method)(*inputs, **kwargs)
/groups/icecube/cyan/.local/lib/python3.9/site-packages/pandas/core/arraylike.py:399: RuntimeWarning: invalid value encountered in log10
  result = getattr(ufunc, method)(*inputs, **kwargs)
/groups/icecube/cyan/.local/lib/python3.9/site-packages/pandas/core/arraylike.py:399: RuntimeWarning: invalid value encountered in log10
  result = getattr(ufunc, method)(*inputs, **kwargs)
/groups/icecube/cyan/.local/lib/python3.9/site-packages/pandas/core/arraylike.py:399: RuntimeWarning: invalid value encountered in log10
  result = getattr(ufunc, method)(*inputs, **kwargs)
/groups/icecube/cyan/.local/lib/python3.9/site-packages/pandas/core/arraylike.py:399: RuntimeWarning: invalid value encountered in log10
  result = getattr(ufunc, method)(*inputs, **kwargs)
Plotting figures:   0%|          | 0/8 [00:00<?, ?it/s]2024-11-29 11:44:38 - INFO - Plotting histogram for DOM x distribution
Plotting figures:  12%|█▎        | 1/8 [00:01<00:11,  1.62s/it]2024-11-29 11:44:40 - INFO - Plotting histogram for DOM y distribution
Plotting figures:  25%|██▌       | 2/8 [00:03<00:09,  1.56s/it]2024-11-29 11:44:41 - INFO - Plotting histogram for DOM z distribution
Plotting figures:  38%|███▊      | 3/8 [00:05<00:08,  1.75s/it]2024-11-29 11:44:43 - INFO - Plotting histogram for Distribution of first 5 charges
Plotting figures:  50%|█████     | 4/8 [00:08<00:09,  2.37s/it]2024-11-29 11:44:46 - INFO - Plotting histogram for Accumulated charge distribution
Plotting figures:  62%|██████▎   | 5/8 [00:11<00:07,  2.46s/it]2024-11-29 11:44:49 - INFO - Plotting histogram for Distribution of first 5 pulse times
Plotting figures:  75%|███████▌  | 6/8 [00:15<00:05,  2.97s/it]2024-11-29 11:44:53 - INFO - Plotting histogram for T10 and T50 distribution
Plotting figures:  88%|████████▊ | 7/8 [00:16<00:02,  2.55s/it]2024-11-29 11:44:55 - INFO - Plotting histogram for sigma_T distribution
Plotting figures: 100%|██████████| 8/8 [00:18<00:00,  2.17s/it]Plotting figures: 100%|██████████| 8/8 [00:18<00:00,  2.26s/it]
2024-11-29 11:44:56 - INFO - Figures saved to ./StatView/[29112024_114432]StatView_pmt_22013_1_1_raw.pdf
Plotting figures:   0%|          | 0/8 [00:00<?, ?it/s]2024-11-29 11:44:56 - INFO - Plotting histogram for DOM x distribution
Plotting figures:  12%|█▎        | 1/8 [00:01<00:10,  1.47s/it]2024-11-29 11:44:58 - INFO - Plotting histogram for DOM y distribution
Plotting figures:  25%|██▌       | 2/8 [00:02<00:08,  1.47s/it]2024-11-29 11:44:59 - INFO - Plotting histogram for DOM z distribution
Plotting figures:  38%|███▊      | 3/8 [00:04<00:08,  1.69s/it]2024-11-29 11:45:01 - INFO - Plotting histogram for Distribution of first 5 charges
Plotting figures:  50%|█████     | 4/8 [00:08<00:09,  2.29s/it]2024-11-29 11:45:04 - INFO - Plotting histogram for Accumulated charge distribution
Plotting figures:  62%|██████▎   | 5/8 [00:10<00:07,  2.37s/it]2024-11-29 11:45:07 - INFO - Plotting histogram for Distribution of first 5 pulse times
Plotting figures:  75%|███████▌  | 6/8 [00:14<00:05,  2.87s/it]2024-11-29 11:45:11 - INFO - Plotting histogram for T10 and T50 distribution
Plotting figures:  88%|████████▊ | 7/8 [00:16<00:02,  2.46s/it]2024-11-29 11:45:12 - INFO - Plotting histogram for sigma_T distribution
Plotting figures: 100%|██████████| 8/8 [00:17<00:00,  2.05s/it]Plotting figures: 100%|██████████| 8/8 [00:17<00:00,  2.16s/it]
2024-11-29 11:45:13 - INFO - Figures saved to ./StatView/[29112024_114432]StatView_pmt_22013_1_1_processed.pdf
2024-11-29 11:45:13 - INFO - Finished
