nohup: ignoring input
2024-11-29 11:44:18 - INFO - Reading PMT file PMTfied_1.parquet
2024-11-29 11:44:18 - INFO - Saving PDF to ./StatView/[29112024_114418]StatView_pmt_22011_1_1.pdf
/groups/icecube/cyan/.local/lib/python3.9/site-packages/pandas/core/arraylike.py:399: RuntimeWarning: invalid value encountered in log10
  result = getattr(ufunc, method)(*inputs, **kwargs)
/groups/icecube/cyan/.local/lib/python3.9/site-packages/pandas/core/arraylike.py:399: RuntimeWarning: invalid value encountered in log10
  result = getattr(ufunc, method)(*inputs, **kwargs)
/groups/icecube/cyan/.local/lib/python3.9/site-packages/pandas/core/arraylike.py:399: RuntimeWarning: invalid value encountered in log10
  result = getattr(ufunc, method)(*inputs, **kwargs)
/groups/icecube/cyan/.local/lib/python3.9/site-packages/pandas/core/arraylike.py:399: RuntimeWarning: invalid value encountered in log10
  result = getattr(ufunc, method)(*inputs, **kwargs)
/groups/icecube/cyan/.local/lib/python3.9/site-packages/pandas/core/arraylike.py:399: RuntimeWarning: invalid value encountered in log10
  result = getattr(ufunc, method)(*inputs, **kwargs)
/groups/icecube/cyan/.local/lib/python3.9/site-packages/pandas/core/arraylike.py:399: RuntimeWarning: invalid value encountered in log10
  result = getattr(ufunc, method)(*inputs, **kwargs)
Plotting figures:   0%|          | 0/8 [00:00<?, ?it/s]2024-11-29 11:44:20 - INFO - Plotting histogram for DOM x distribution
Plotting figures:  12%|█▎        | 1/8 [00:00<00:04,  1.48it/s]2024-11-29 11:44:21 - INFO - Plotting histogram for DOM y distribution
Plotting figures:  25%|██▌       | 2/8 [00:01<00:03,  1.62it/s]2024-11-29 11:44:21 - INFO - Plotting histogram for DOM z distribution
Plotting figures:  38%|███▊      | 3/8 [00:01<00:03,  1.48it/s]2024-11-29 11:44:22 - INFO - Plotting histogram for Distribution of first 5 charges
Plotting figures:  50%|█████     | 4/8 [00:03<00:04,  1.10s/it]2024-11-29 11:44:24 - INFO - Plotting histogram for Accumulated charge distribution
Plotting figures:  62%|██████▎   | 5/8 [00:05<00:03,  1.16s/it]2024-11-29 11:44:25 - INFO - Plotting histogram for Distribution of first 5 pulse times
Plotting figures:  75%|███████▌  | 6/8 [00:07<00:02,  1.46s/it]2024-11-29 11:44:27 - INFO - Plotting histogram for T10 and T50 distribution
Plotting figures:  88%|████████▊ | 7/8 [00:07<00:01,  1.28s/it]2024-11-29 11:44:28 - INFO - Plotting histogram for sigma_T distribution
Plotting figures: 100%|██████████| 8/8 [00:08<00:00,  1.10s/it]Plotting figures: 100%|██████████| 8/8 [00:08<00:00,  1.09s/it]
2024-11-29 11:44:29 - INFO - Figures saved to ./StatView/[29112024_114418]StatView_pmt_22011_1_1_raw.pdf
Plotting figures:   0%|          | 0/8 [00:00<?, ?it/s]2024-11-29 11:44:29 - INFO - Plotting histogram for DOM x distribution
Plotting figures:  12%|█▎        | 1/8 [00:00<00:04,  1.60it/s]2024-11-29 11:44:29 - INFO - Plotting histogram for DOM y distribution
Plotting figures:  25%|██▌       | 2/8 [00:01<00:03,  1.79it/s]2024-11-29 11:44:30 - INFO - Plotting histogram for DOM z distribution
Plotting figures:  38%|███▊      | 3/8 [00:01<00:03,  1.60it/s]2024-11-29 11:44:31 - INFO - Plotting histogram for Distribution of first 5 charges
Plotting figures:  50%|█████     | 4/8 [00:03<00:03,  1.01it/s]2024-11-29 11:44:32 - INFO - Plotting histogram for Accumulated charge distribution
Plotting figures:  62%|██████▎   | 5/8 [00:04<00:03,  1.03s/it]2024-11-29 11:44:33 - INFO - Plotting histogram for Distribution of first 5 pulse times
Plotting figures:  75%|███████▌  | 6/8 [00:06<00:02,  1.20s/it]2024-11-29 11:44:35 - INFO - Plotting histogram for T10 and T50 distribution
Plotting figures:  88%|████████▊ | 7/8 [00:06<00:01,  1.10s/it]2024-11-29 11:44:36 - INFO - Plotting histogram for sigma_T distribution
Plotting figures: 100%|██████████| 8/8 [00:07<00:00,  1.03it/s]Plotting figures: 100%|██████████| 8/8 [00:07<00:00,  1.05it/s]
2024-11-29 11:44:37 - INFO - Figures saved to ./StatView/[29112024_114418]StatView_pmt_22011_1_1_processed.pdf
2024-11-29 11:44:37 - INFO - Finished
