2024-12-15 16:45:04 - INFO - PMTfication by part starts...
2024-12-15 16:45:04 - INFO - Processing file: merged_part_1.db
2024-12-15 16:45:04 - INFO - Using up to 40 workers.
2024-12-15 16:45:26 - INFO - Processing shard 1 of part 1 in subdirectory 22017.
2024-12-15 17:01:06 - INFO - Processing shard 2 of part 1 in subdirectory 22017.
2024-12-15 17:17:02 - INFO - Processing shard 3 of part 1 in subdirectory 22017.
2024-12-15 17:26:29 - INFO - Processing shard 4 of part 1 in subdirectory 22017.
2024-12-15 17:35:58 - INFO - Processing shard 5 of part 1 in subdirectory 22017.
2024-12-15 17:45:39 - INFO - Processing shard 6 of part 1 in subdirectory 22017.
2024-12-15 17:55:21 - INFO - Processing shard 7 of part 1 in subdirectory 22017.
2024-12-15 18:04:57 - INFO - Processing shard 8 of part 1 in subdirectory 22017.
2024-12-15 18:20:47 - INFO - Processing shard 9 of part 1 in subdirectory 22017.
2024-12-15 18:29:57 - INFO - Processing shard 10 of part 1 in subdirectory 22017.
2024-12-15 18:39:28 - INFO - Processing shard 11 of part 1 in subdirectory 22017.
2024-12-15 18:49:38 - INFO - Processing shard 12 of part 1 in subdirectory 22017.
2024-12-15 18:59:32 - INFO - Processing shard 13 of part 1 in subdirectory 22017.
2024-12-15 19:16:27 - INFO - Processing shard 14 of part 1 in subdirectory 22017.
2024-12-15 19:27:46 - INFO - Processing shard 15 of part 1 in subdirectory 22017.
2024-12-15 19:41:24 - INFO - Processing shard 16 of part 1 in subdirectory 22017.
2024-12-15 19:55:21 - INFO - Processing shard 17 of part 1 in subdirectory 22017.
2024-12-15 20:00:56 - INFO - PMTfication completed.
