2025-02-13 06:36:46 - INFO - PMTfication by part starts...
2025-02-13 06:36:46 - INFO - Processing file: merged_part_3.db
2025-02-13 06:36:46 - INFO - Using up to 40 workers.
2025-02-13 06:37:00 - INFO - Processing shard 1 of part 3 in subdirectory 22017.
2025-02-13 06:55:47 - INFO - Processing shard 2 of part 3 in subdirectory 22017.
2025-02-13 07:12:55 - INFO - Processing shard 3 of part 3 in subdirectory 22017.
2025-02-13 07:29:42 - INFO - Processing shard 4 of part 3 in subdirectory 22017.
2025-02-13 07:45:20 - INFO - Processing shard 5 of part 3 in subdirectory 22017.
2025-02-13 07:58:03 - INFO - Processing shard 6 of part 3 in subdirectory 22017.
2025-02-13 08:12:12 - INFO - Processing shard 7 of part 3 in subdirectory 22017.
2025-02-13 08:28:38 - INFO - Processing shard 8 of part 3 in subdirectory 22017.
2025-02-13 08:42:07 - INFO - Processing shard 9 of part 3 in subdirectory 22017.
2025-02-13 08:56:41 - INFO - Processing shard 10 of part 3 in subdirectory 22017.
2025-02-13 09:09:38 - INFO - Processing shard 11 of part 3 in subdirectory 22017.
2025-02-13 09:23:54 - INFO - Processing shard 12 of part 3 in subdirectory 22017.
2025-02-13 09:36:21 - INFO - Processing shard 13 of part 3 in subdirectory 22017.
2025-02-13 09:51:57 - INFO - Processing shard 14 of part 3 in subdirectory 22017.
2025-02-13 10:03:47 - INFO - Processing shard 15 of part 3 in subdirectory 22017.
2025-02-13 10:18:47 - INFO - Processing shard 16 of part 3 in subdirectory 22017.
2025-02-13 10:33:52 - INFO - Processing shard 17 of part 3 in subdirectory 22017.
2025-02-13 10:41:12 - INFO - PMTfication completed.
