2025-02-13 06:33:40 - INFO - PMTfication by part starts...
2025-02-13 06:33:40 - INFO - Processing file: merged_part_1.db
2025-02-13 06:33:40 - INFO - Using up to 40 workers.
2025-02-13 06:34:01 - INFO - Processing shard 1 of part 1 in subdirectory 22017.
2025-02-13 06:50:04 - INFO - Processing shard 2 of part 1 in subdirectory 22017.
2025-02-13 07:03:13 - INFO - Processing shard 3 of part 1 in subdirectory 22017.
2025-02-13 07:17:16 - INFO - Processing shard 4 of part 1 in subdirectory 22017.
2025-02-13 07:29:54 - INFO - Processing shard 5 of part 1 in subdirectory 22017.
2025-02-13 07:39:15 - INFO - Processing shard 6 of part 1 in subdirectory 22017.
2025-02-13 07:48:59 - INFO - Processing shard 7 of part 1 in subdirectory 22017.
2025-02-13 07:59:48 - INFO - Processing shard 8 of part 1 in subdirectory 22017.
2025-02-13 08:12:35 - INFO - Processing shard 9 of part 1 in subdirectory 22017.
2025-02-13 08:22:25 - INFO - Processing shard 10 of part 1 in subdirectory 22017.
2025-02-13 08:32:54 - INFO - Processing shard 11 of part 1 in subdirectory 22017.
2025-02-13 08:42:54 - INFO - Processing shard 12 of part 1 in subdirectory 22017.
2025-02-13 08:52:59 - INFO - Processing shard 13 of part 1 in subdirectory 22017.
2025-02-13 09:04:09 - INFO - Processing shard 14 of part 1 in subdirectory 22017.
2025-02-13 09:16:07 - INFO - Processing shard 15 of part 1 in subdirectory 22017.
2025-02-13 09:27:21 - INFO - Processing shard 16 of part 1 in subdirectory 22017.
2025-02-13 09:39:11 - INFO - Processing shard 17 of part 1 in subdirectory 22017.
2025-02-13 09:44:47 - INFO - PMTfication completed.
