2025-02-13 06:34:50 - INFO - PMTfication by part starts...
2025-02-13 06:34:50 - INFO - Processing file: merged_part_2.db
2025-02-13 06:34:50 - INFO - Using up to 40 workers.
2025-02-13 06:35:04 - INFO - Processing shard 1 of part 2 in subdirectory 22017.
2025-02-13 06:51:38 - INFO - Processing shard 2 of part 2 in subdirectory 22017.
2025-02-13 07:07:24 - INFO - Processing shard 3 of part 2 in subdirectory 22017.
2025-02-13 07:22:23 - INFO - Processing shard 4 of part 2 in subdirectory 22017.
2025-02-13 07:36:16 - INFO - Processing shard 5 of part 2 in subdirectory 22017.
2025-02-13 07:46:06 - INFO - Processing shard 6 of part 2 in subdirectory 22017.
2025-02-13 07:56:01 - INFO - Processing shard 7 of part 2 in subdirectory 22017.
2025-02-13 08:08:17 - INFO - Processing shard 8 of part 2 in subdirectory 22017.
2025-02-13 08:18:25 - INFO - Processing shard 9 of part 2 in subdirectory 22017.
2025-02-13 08:28:32 - INFO - Processing shard 10 of part 2 in subdirectory 22017.
2025-02-13 08:39:25 - INFO - Processing shard 11 of part 2 in subdirectory 22017.
2025-02-13 08:49:37 - INFO - Processing shard 12 of part 2 in subdirectory 22017.
2025-02-13 08:59:29 - INFO - Processing shard 13 of part 2 in subdirectory 22017.
2025-02-13 09:09:52 - INFO - Processing shard 14 of part 2 in subdirectory 22017.
2025-02-13 09:20:33 - INFO - Processing shard 15 of part 2 in subdirectory 22017.
2025-02-13 09:33:37 - INFO - Processing shard 16 of part 2 in subdirectory 22017.
2025-02-13 09:43:48 - INFO - Processing shard 17 of part 2 in subdirectory 22017.
2025-02-13 09:49:20 - INFO - PMTfication completed.
