2024-11-28 19:16:35 - INFO - PMTfication by part starts...
2024-11-28 19:16:35 - INFO - Processing file: merged_part_1.db
2024-11-28 19:16:35 - INFO - Using up to 32 workers.
2024-11-28 19:16:53 - INFO - Processing shard 1 of part 1 in subdirectory 22017.
2024-11-28 19:28:31 - INFO - Processing shard 2 of part 1 in subdirectory 22017.
2024-11-28 19:37:13 - INFO - Processing shard 3 of part 1 in subdirectory 22017.
2024-11-28 19:46:29 - INFO - Processing shard 4 of part 1 in subdirectory 22017.
2024-11-28 19:51:07 - INFO - Processing shard 5 of part 1 in subdirectory 22017.
2024-11-28 19:55:48 - INFO - Processing shard 6 of part 1 in subdirectory 22017.
2024-11-28 20:00:29 - INFO - Processing shard 7 of part 1 in subdirectory 22017.
2024-11-28 20:05:08 - INFO - Processing shard 8 of part 1 in subdirectory 22017.
2024-11-28 20:09:48 - INFO - Processing shard 9 of part 1 in subdirectory 22017.
2024-11-28 20:14:29 - INFO - Processing shard 10 of part 1 in subdirectory 22017.
2024-11-28 20:19:06 - INFO - Processing shard 11 of part 1 in subdirectory 22017.
2024-11-28 20:24:29 - INFO - Processing shard 12 of part 1 in subdirectory 22017.
2024-11-28 20:30:29 - INFO - Processing shard 13 of part 1 in subdirectory 22017.
2024-11-28 20:35:08 - INFO - Processing shard 14 of part 1 in subdirectory 22017.
2024-11-28 20:39:48 - INFO - Processing shard 15 of part 1 in subdirectory 22017.
2024-11-28 20:44:32 - INFO - Processing shard 16 of part 1 in subdirectory 22017.
2024-11-28 20:49:13 - INFO - Processing shard 17 of part 1 in subdirectory 22017.
2024-11-28 20:52:02 - INFO - PMTfication completed.
