Starting job at Mon Feb 24 01:52:41 PM CET 2025
Running Filter_by_part.py for subdirectory 22013, part 2
2025-02-24 13:52:42 - INFO - Event filtering process starts...
2025-02-24 13:52:42 - INFO - Initialized PureNeutrinoEventFilter filter for 22013/2
2025-02-24 13:52:44 - INFO - Loaded 1 event specifier files from /lustre/hpc/project/icecube/HE_Nu_Aske_Oct2024/clean_events_dict/22013/22013/reduced
2025-02-24 13:52:45 - INFO - Selected 1 CSV files covering event range [0, 749]
2025-02-24 13:52:56 - INFO - Loaded 5747971 valid (RunID, EventID) pairs from CSV files
2025-02-24 13:52:58 - INFO - Extracted 731608 valid events based on pure neutrino events.
2025-02-24 13:52:59 - INFO - Initialized CCFilter filter for 22013/2
2025-02-24 13:53:00 - ERROR - Missing required columns: {'InteractionType'}. Cannot proceed with filtering.
2025-02-24 13:53:00 - INFO - Initialized ContainmentFilter filter for 22013/2
2025-02-24 13:53:00 - INFO - Extracted 659286 valid events within the specified containment region.
2025-02-24 13:53:00 - ERROR - An error occurred: 'CCFilter' object has no attribute 'valid_event_nos'
Traceback (most recent call last):
  File "/lustre/hpc/icecube/cyan/factory/DOMification/Selection/Filter_by_part.py", line 69, in <module>
    main()
  File "/lustre/hpc/icecube/cyan/factory/DOMification/Selection/Filter_by_part.py", line 65, in main
    run()
  File "/lustre/hpc/icecube/cyan/factory/DOMification/Selection/Filter_by_part.py", line 52, in run
    filter_manager = EventFilterManager(
  File "/lustre/hpc/icecube/cyan/factory/DOMification/Selection/EventFilterManager.py", line 19, in __init__
    self.filter_obj = self._build_Filter_object()
  File "/lustre/hpc/icecube/cyan/factory/DOMification/Selection/EventFilterManager.py", line 54, in _build_Filter_object
    valid_event_nos = self._synthesize_valid_event_nos()
  File "/lustre/hpc/icecube/cyan/factory/DOMification/Selection/EventFilterManager.py", line 78, in _synthesize_valid_event_nos
    event_sets = {alias: f.get_valid_event_nos() for alias, f in self.filter_instances.items()}
  File "/lustre/hpc/icecube/cyan/factory/DOMification/Selection/EventFilterManager.py", line 78, in <dictcomp>
    event_sets = {alias: f.get_valid_event_nos() for alias, f in self.filter_instances.items()}
  File "/lustre/hpc/icecube/cyan/factory/DOMification/Selection/EventFilter.py", line 36, in get_valid_event_nos
    return self.valid_event_nos
AttributeError: 'CCFilter' object has no attribute 'valid_event_nos'
Job completed at Mon Feb 24 01:53:00 PM CET 2025
