Starting job at Mon Feb 17 04:10:20 PM CET 2025
Running Filter_by_part.py for subdirectory 22013, part 2
2025-02-17 16:10:20 - INFO - Event filtering process starts...
2025-02-17 16:10:20 - INFO - Initialized Muon13Filter filter for 22013/2
2025-02-17 16:10:21 - INFO - Extracted 687517 valid events where MuonFilter_13==True.
2025-02-17 16:10:21 - INFO - Initialized CompositeEventFilter filter for 22013/2
2025-02-17 16:10:21 - INFO - Initialized (MuonLike)
2025-02-17 16:10:21 - INFO - Starting filtering process for 22013/2
2025-02-17 16:10:21 - INFO - Starting filtering process for 22013/2
2025-02-17 16:10:33 - INFO - Recalculated 'offset' column based on 'N_doms' values within each 'shard_no' group.
2025-02-17 16:10:36 - INFO - Filtered truth file saved to: /lustre/hpc/project/icecube/HE_Nu_Aske_Oct2024/PMTfied_filtered/Snowstorm/MuonLike/22013/truth_2.parquet
2025-02-17 16:10:41 - INFO - Filtered PMTfied file saved to: /lustre/hpc/project/icecube/HE_Nu_Aske_Oct2024/PMTfied_filtered/Snowstorm/MuonLike/22013/2/PMTfied_3.parquet
2025-02-17 16:10:47 - INFO - Filtered PMTfied file saved to: /lustre/hpc/project/icecube/HE_Nu_Aske_Oct2024/PMTfied_filtered/Snowstorm/MuonLike/22013/2/PMTfied_2.parquet
2025-02-17 16:10:49 - INFO - Filtered PMTfied file saved to: /lustre/hpc/project/icecube/HE_Nu_Aske_Oct2024/PMTfied_filtered/Snowstorm/MuonLike/22013/2/PMTfied_6.parquet
2025-02-17 16:10:54 - INFO - Filtered PMTfied file saved to: /lustre/hpc/project/icecube/HE_Nu_Aske_Oct2024/PMTfied_filtered/Snowstorm/MuonLike/22013/2/PMTfied_4.parquet
2025-02-17 16:11:00 - INFO - Filtered PMTfied file saved to: /lustre/hpc/project/icecube/HE_Nu_Aske_Oct2024/PMTfied_filtered/Snowstorm/MuonLike/22013/2/PMTfied_1.parquet
2025-02-17 16:11:05 - INFO - Filtered PMTfied file saved to: /lustre/hpc/project/icecube/HE_Nu_Aske_Oct2024/PMTfied_filtered/Snowstorm/MuonLike/22013/2/PMTfied_5.parquet
2025-02-17 16:11:05 - INFO - Filtering process completed.
2025-02-17 16:11:05 - INFO - Filtering process completed.
2025-02-17 16:11:05 - INFO - Unified receipt generated: /lustre/hpc/project/icecube/HE_Nu_Aske_Oct2024/PMTfied_filtered/Snowstorm/MuonLike/22013/[Receipt]22013_2.json
2025-02-17 16:11:05 - INFO - Filtering process completed.
Job completed at Mon Feb 17 04:11:05 PM CET 2025
