Starting job at Sat Feb 15 12:56:51 PM CET 2025
Running Filter_by_part.py for subdirectory 22013, part 2
2025-02-15 12:56:51 - INFO - Event filtering process starts...
2025-02-15 12:56:51 - INFO - Initialized Muon13Filter filter for 22013/2
2025-02-15 12:56:54 - INFO - Extracted 687517 valid events where MuonFilter_13==True.
2025-02-15 12:56:54 - INFO - Initialized CompositeEventFilter filter for 22013/2
2025-02-15 12:56:54 - INFO - Initialized (MuonLike)
2025-02-15 12:56:54 - INFO - Starting filtering process for 22013/2
2025-02-15 12:56:54 - INFO - Starting filtering process for 22013/2
2025-02-15 12:57:21 - INFO - Recalculated 'offset' column based on filtered 'N_doms' values.
2025-02-15 12:57:26 - INFO - Filtered truth file saved to: /lustre/hpc/project/icecube/HE_Nu_Aske_Oct2024/PMTfied_filtered/Snowstorm/MuonLike/22013/truth_2.parquet
2025-02-15 12:57:38 - INFO - Filtered PMTfied file saved to: /lustre/hpc/project/icecube/HE_Nu_Aske_Oct2024/PMTfied_filtered/Snowstorm/MuonLike/22013/2/PMTfied_3.parquet
2025-02-15 12:57:49 - INFO - Filtered PMTfied file saved to: /lustre/hpc/project/icecube/HE_Nu_Aske_Oct2024/PMTfied_filtered/Snowstorm/MuonLike/22013/2/PMTfied_2.parquet
2025-02-15 12:57:54 - INFO - Filtered PMTfied file saved to: /lustre/hpc/project/icecube/HE_Nu_Aske_Oct2024/PMTfied_filtered/Snowstorm/MuonLike/22013/2/PMTfied_6.parquet
2025-02-15 12:58:04 - INFO - Filtered PMTfied file saved to: /lustre/hpc/project/icecube/HE_Nu_Aske_Oct2024/PMTfied_filtered/Snowstorm/MuonLike/22013/2/PMTfied_4.parquet
2025-02-15 12:58:15 - INFO - Filtered PMTfied file saved to: /lustre/hpc/project/icecube/HE_Nu_Aske_Oct2024/PMTfied_filtered/Snowstorm/MuonLike/22013/2/PMTfied_1.parquet
2025-02-15 12:58:25 - INFO - Filtered PMTfied file saved to: /lustre/hpc/project/icecube/HE_Nu_Aske_Oct2024/PMTfied_filtered/Snowstorm/MuonLike/22013/2/PMTfied_5.parquet
2025-02-15 12:58:25 - INFO - Filtering process completed.
2025-02-15 12:58:25 - INFO - Filtering process completed.
2025-02-15 12:58:25 - INFO - Unified receipt generated: /lustre/hpc/project/icecube/HE_Nu_Aske_Oct2024/PMTfied_filtered/Snowstorm/MuonLike/22013/[Receipt]22013_2.json
2025-02-15 12:58:25 - INFO - Filtering process completed.
Job completed at Sat Feb 15 12:58:25 PM CET 2025
