Starting job at Thu Feb 13 05:10:22 PM CET 2025
Running Filter_by_part.py for subdirectory 22013, part 1
2025-02-13 17:10:22 - INFO - Event filtering process starts...
2025-02-13 17:10:22 - INFO - Initialized Muon13Filter
2025-02-13 17:10:22 - INFO - Starting filtering process for 22013/1
2025-02-13 17:11:36 - INFO - Recalculated 'offset' column based on filtered 'N_doms' values.
2025-02-13 17:11:46 - INFO - Filtered truth file saved to: /lustre/hpc/project/icecube/HE_Nu_Aske_Oct2024/PMTfied_filtered/MuonLike/Snowstorm/22013/truth_1.parquet
2025-02-13 17:11:47 - INFO - Receipt file saved to: /lustre/hpc/project/icecube/HE_Nu_Aske_Oct2024/PMTfied_filtered/MuonLike/Snowstorm/22013/[Receipt]22013_1.json
2025-02-13 17:11:58 - INFO - Filtered PMTfied file saved to: /lustre/hpc/project/icecube/HE_Nu_Aske_Oct2024/PMTfied_filtered/MuonLike/Snowstorm/22013/1/PMTfied_10.parquet
2025-02-13 17:12:14 - INFO - Filtered PMTfied file saved to: /lustre/hpc/project/icecube/HE_Nu_Aske_Oct2024/PMTfied_filtered/MuonLike/Snowstorm/22013/1/PMTfied_4.parquet
2025-02-13 17:12:27 - INFO - Filtered PMTfied file saved to: /lustre/hpc/project/icecube/HE_Nu_Aske_Oct2024/PMTfied_filtered/MuonLike/Snowstorm/22013/1/PMTfied_8.parquet
2025-02-13 17:12:38 - INFO - Filtered PMTfied file saved to: /lustre/hpc/project/icecube/HE_Nu_Aske_Oct2024/PMTfied_filtered/MuonLike/Snowstorm/22013/1/PMTfied_11.parquet
2025-02-13 17:12:50 - INFO - Filtered PMTfied file saved to: /lustre/hpc/project/icecube/HE_Nu_Aske_Oct2024/PMTfied_filtered/MuonLike/Snowstorm/22013/1/PMTfied_9.parquet
2025-02-13 17:13:02 - INFO - Filtered PMTfied file saved to: /lustre/hpc/project/icecube/HE_Nu_Aske_Oct2024/PMTfied_filtered/MuonLike/Snowstorm/22013/1/PMTfied_5.parquet
2025-02-13 17:13:14 - INFO - Filtered PMTfied file saved to: /lustre/hpc/project/icecube/HE_Nu_Aske_Oct2024/PMTfied_filtered/MuonLike/Snowstorm/22013/1/PMTfied_1.parquet
2025-02-13 17:13:21 - INFO - Filtered PMTfied file saved to: /lustre/hpc/project/icecube/HE_Nu_Aske_Oct2024/PMTfied_filtered/MuonLike/Snowstorm/22013/1/PMTfied_13.parquet
2025-02-13 17:13:33 - INFO - Filtered PMTfied file saved to: /lustre/hpc/project/icecube/HE_Nu_Aske_Oct2024/PMTfied_filtered/MuonLike/Snowstorm/22013/1/PMTfied_7.parquet
2025-02-13 17:13:45 - INFO - Filtered PMTfied file saved to: /lustre/hpc/project/icecube/HE_Nu_Aske_Oct2024/PMTfied_filtered/MuonLike/Snowstorm/22013/1/PMTfied_3.parquet
2025-02-13 17:14:00 - INFO - Filtered PMTfied file saved to: /lustre/hpc/project/icecube/HE_Nu_Aske_Oct2024/PMTfied_filtered/MuonLike/Snowstorm/22013/1/PMTfied_12.parquet
2025-02-13 17:14:17 - INFO - Filtered PMTfied file saved to: /lustre/hpc/project/icecube/HE_Nu_Aske_Oct2024/PMTfied_filtered/MuonLike/Snowstorm/22013/1/PMTfied_6.parquet
2025-02-13 17:14:29 - INFO - Filtered PMTfied file saved to: /lustre/hpc/project/icecube/HE_Nu_Aske_Oct2024/PMTfied_filtered/MuonLike/Snowstorm/22013/1/PMTfied_2.parquet
2025-02-13 17:14:29 - INFO - Filtering process completed.
2025-02-13 17:14:29 - INFO - Filtering process completed for all selected filters.
2025-02-13 17:14:29 - INFO - Execution time: 246.26 seconds
2025-02-13 17:14:29 - INFO - Updated receipt with execution time: /lustre/hpc/project/icecube/HE_Nu_Aske_Oct2024/PMTfied_filtered/MuonLike/Snowstorm/22013/[Receipt]22013_1.json
Job completed at Thu Feb 13 05:14:29 PM CET 2025
