Starting job at Mon Feb 17 04:17:16 PM CET 2025
Running Filter_by_part.py for subdirectory 22013, part 1
2025-02-17 16:17:16 - INFO - Event filtering process starts...
2025-02-17 16:17:16 - INFO - Initialized PureNeutrinoEventFilter filter for 22013/1
2025-02-17 16:17:20 - INFO - Loaded 1 event specifier files from /lustre/hpc/project/icecube/HE_Nu_Aske_Oct2024/clean_events_dict/22013/22013/reduced
2025-02-17 16:17:22 - INFO - Selected 1 CSV files covering event range [4, 614]
2025-02-17 16:17:31 - INFO - Loaded 5747971 valid (RunID, EventID) pairs from CSV files
2025-02-17 16:17:36 - INFO - Extracted 1688256 valid events based on pure neutrino events.
2025-02-17 16:17:38 - INFO - Initialized Muon13Filter filter for 22013/1
2025-02-17 16:17:39 - INFO - Extracted 1586217 valid events where MuonFilter_13==True.
2025-02-17 16:17:39 - INFO - Initialized CompositeEventFilter filter for 22013/1
2025-02-17 16:17:39 - INFO - Initialized (MuonLike_PureNu)
2025-02-17 16:17:39 - INFO - Starting filtering process for 22013/1
2025-02-17 16:17:39 - INFO - Starting filtering process for 22013/1
2025-02-17 16:18:31 - INFO - Recalculated 'offset' column based on 'N_doms' values within each 'shard_no' group.
2025-02-17 16:18:39 - INFO - Filtered truth file saved to: /lustre/hpc/project/icecube/HE_Nu_Aske_Oct2024/PMTfied_filtered/Snowstorm/MuonLike_PureNu/22013/truth_1.parquet
2025-02-17 16:18:50 - INFO - Filtered PMTfied file saved to: /lustre/hpc/project/icecube/HE_Nu_Aske_Oct2024/PMTfied_filtered/Snowstorm/MuonLike_PureNu/22013/1/PMTfied_10.parquet
2025-02-17 16:19:00 - INFO - Filtered PMTfied file saved to: /lustre/hpc/project/icecube/HE_Nu_Aske_Oct2024/PMTfied_filtered/Snowstorm/MuonLike_PureNu/22013/1/PMTfied_4.parquet
2025-02-17 16:19:11 - INFO - Filtered PMTfied file saved to: /lustre/hpc/project/icecube/HE_Nu_Aske_Oct2024/PMTfied_filtered/Snowstorm/MuonLike_PureNu/22013/1/PMTfied_8.parquet
2025-02-17 16:19:22 - INFO - Filtered PMTfied file saved to: /lustre/hpc/project/icecube/HE_Nu_Aske_Oct2024/PMTfied_filtered/Snowstorm/MuonLike_PureNu/22013/1/PMTfied_11.parquet
2025-02-17 16:19:32 - INFO - Filtered PMTfied file saved to: /lustre/hpc/project/icecube/HE_Nu_Aske_Oct2024/PMTfied_filtered/Snowstorm/MuonLike_PureNu/22013/1/PMTfied_9.parquet
2025-02-17 16:19:42 - INFO - Filtered PMTfied file saved to: /lustre/hpc/project/icecube/HE_Nu_Aske_Oct2024/PMTfied_filtered/Snowstorm/MuonLike_PureNu/22013/1/PMTfied_5.parquet
2025-02-17 16:19:52 - INFO - Filtered PMTfied file saved to: /lustre/hpc/project/icecube/HE_Nu_Aske_Oct2024/PMTfied_filtered/Snowstorm/MuonLike_PureNu/22013/1/PMTfied_1.parquet
2025-02-17 16:19:58 - INFO - Filtered PMTfied file saved to: /lustre/hpc/project/icecube/HE_Nu_Aske_Oct2024/PMTfied_filtered/Snowstorm/MuonLike_PureNu/22013/1/PMTfied_13.parquet
2025-02-17 16:20:08 - INFO - Filtered PMTfied file saved to: /lustre/hpc/project/icecube/HE_Nu_Aske_Oct2024/PMTfied_filtered/Snowstorm/MuonLike_PureNu/22013/1/PMTfied_7.parquet
2025-02-17 16:20:18 - INFO - Filtered PMTfied file saved to: /lustre/hpc/project/icecube/HE_Nu_Aske_Oct2024/PMTfied_filtered/Snowstorm/MuonLike_PureNu/22013/1/PMTfied_3.parquet
2025-02-17 16:20:28 - INFO - Filtered PMTfied file saved to: /lustre/hpc/project/icecube/HE_Nu_Aske_Oct2024/PMTfied_filtered/Snowstorm/MuonLike_PureNu/22013/1/PMTfied_12.parquet
2025-02-17 16:20:39 - INFO - Filtered PMTfied file saved to: /lustre/hpc/project/icecube/HE_Nu_Aske_Oct2024/PMTfied_filtered/Snowstorm/MuonLike_PureNu/22013/1/PMTfied_6.parquet
2025-02-17 16:20:49 - INFO - Filtered PMTfied file saved to: /lustre/hpc/project/icecube/HE_Nu_Aske_Oct2024/PMTfied_filtered/Snowstorm/MuonLike_PureNu/22013/1/PMTfied_2.parquet
2025-02-17 16:20:49 - INFO - Filtering process completed.
2025-02-17 16:20:49 - INFO - Filtering process completed.
2025-02-17 16:20:49 - INFO - Unified receipt generated: /lustre/hpc/project/icecube/HE_Nu_Aske_Oct2024/PMTfied_filtered/Snowstorm/MuonLike_PureNu/22013/[Receipt]22013_1.json
2025-02-17 16:20:49 - INFO - Filtering process completed.
Job completed at Mon Feb 17 04:20:50 PM CET 2025
