Starting job at Sat Feb 15 01:49:40 PM CET 2025
Running Filter_by_part.py for subdirectory 22013, part 2
2025-02-15 13:49:40 - INFO - Event filtering process starts...
2025-02-15 13:49:40 - INFO - Initialized PureNeutrinoEventFilter filter for 22013/2
2025-02-15 13:49:42 - INFO - Loaded 1 event specifier files from /lustre/hpc/project/icecube/HE_Nu_Aske_Oct2024/clean_events_dict/22013/22013/reduced
2025-02-15 13:49:43 - INFO - Selected 1 CSV files covering event range [0, 749]
2025-02-15 13:49:52 - INFO - Loaded 5747971 valid (RunID, EventID) pairs from CSV files
2025-02-15 13:49:54 - INFO - Extracted 731608 valid events based on pure neutrino events.
2025-02-15 13:49:56 - INFO - Initialized Muon13Filter filter for 22013/2
2025-02-15 13:49:57 - INFO - Extracted 687517 valid events where MuonFilter_13==True.
2025-02-15 13:49:57 - INFO - Initialized CompositeEventFilter filter for 22013/2
2025-02-15 13:49:57 - INFO - Initialized (MuonLike_PureNu)
2025-02-15 13:49:57 - INFO - Starting filtering process for 22013/2
2025-02-15 13:49:57 - INFO - Starting filtering process for 22013/2
2025-02-15 13:50:19 - INFO - Recalculated 'offset' column based on filtered 'N_doms' values.
2025-02-15 13:50:22 - INFO - Filtered truth file saved to: /lustre/hpc/project/icecube/HE_Nu_Aske_Oct2024/PMTfied_filtered/Snowstorm/MuonLike_PureNu/22013/truth_2.parquet
2025-02-15 13:50:33 - INFO - Filtered PMTfied file saved to: /lustre/hpc/project/icecube/HE_Nu_Aske_Oct2024/PMTfied_filtered/Snowstorm/MuonLike_PureNu/22013/2/PMTfied_3.parquet
2025-02-15 13:50:43 - INFO - Filtered PMTfied file saved to: /lustre/hpc/project/icecube/HE_Nu_Aske_Oct2024/PMTfied_filtered/Snowstorm/MuonLike_PureNu/22013/2/PMTfied_2.parquet
2025-02-15 13:50:48 - INFO - Filtered PMTfied file saved to: /lustre/hpc/project/icecube/HE_Nu_Aske_Oct2024/PMTfied_filtered/Snowstorm/MuonLike_PureNu/22013/2/PMTfied_6.parquet
2025-02-15 13:50:58 - INFO - Filtered PMTfied file saved to: /lustre/hpc/project/icecube/HE_Nu_Aske_Oct2024/PMTfied_filtered/Snowstorm/MuonLike_PureNu/22013/2/PMTfied_4.parquet
2025-02-15 13:51:08 - INFO - Filtered PMTfied file saved to: /lustre/hpc/project/icecube/HE_Nu_Aske_Oct2024/PMTfied_filtered/Snowstorm/MuonLike_PureNu/22013/2/PMTfied_1.parquet
2025-02-15 13:51:18 - INFO - Filtered PMTfied file saved to: /lustre/hpc/project/icecube/HE_Nu_Aske_Oct2024/PMTfied_filtered/Snowstorm/MuonLike_PureNu/22013/2/PMTfied_5.parquet
2025-02-15 13:51:19 - INFO - Filtering process completed.
2025-02-15 13:51:19 - INFO - Filtering process completed.
2025-02-15 13:51:19 - INFO - Unified receipt generated: /lustre/hpc/project/icecube/HE_Nu_Aske_Oct2024/PMTfied_filtered/Snowstorm/MuonLike_PureNu/22013/[Receipt]22013_2.json
2025-02-15 13:51:19 - INFO - Filtering process completed.
Job completed at Sat Feb 15 01:51:19 PM CET 2025
