Starting job at Sat Feb 15 12:56:50 PM CET 2025
Running Filter_by_part.py for subdirectory 22013, part 1
2025-02-15 12:56:50 - INFO - Event filtering process starts...
2025-02-15 12:56:50 - INFO - Initialized Muon13Filter filter for 22013/1
2025-02-15 12:56:57 - INFO - Extracted 1586217 valid events where MuonFilter_13==True.
2025-02-15 12:56:57 - INFO - Initialized CompositeEventFilter filter for 22013/1
2025-02-15 12:56:57 - INFO - Initialized (MuonLike)
2025-02-15 12:56:57 - INFO - Starting filtering process for 22013/1
2025-02-15 12:56:57 - INFO - Starting filtering process for 22013/1
2025-02-15 12:58:03 - INFO - Recalculated 'offset' column based on filtered 'N_doms' values.
2025-02-15 12:58:14 - INFO - Filtered truth file saved to: /lustre/hpc/project/icecube/HE_Nu_Aske_Oct2024/PMTfied_filtered/Snowstorm/MuonLike/22013/truth_1.parquet
2025-02-15 12:58:26 - INFO - Filtered PMTfied file saved to: /lustre/hpc/project/icecube/HE_Nu_Aske_Oct2024/PMTfied_filtered/Snowstorm/MuonLike/22013/1/PMTfied_10.parquet
2025-02-15 12:58:38 - INFO - Filtered PMTfied file saved to: /lustre/hpc/project/icecube/HE_Nu_Aske_Oct2024/PMTfied_filtered/Snowstorm/MuonLike/22013/1/PMTfied_4.parquet
2025-02-15 12:58:50 - INFO - Filtered PMTfied file saved to: /lustre/hpc/project/icecube/HE_Nu_Aske_Oct2024/PMTfied_filtered/Snowstorm/MuonLike/22013/1/PMTfied_8.parquet
2025-02-15 12:59:01 - INFO - Filtered PMTfied file saved to: /lustre/hpc/project/icecube/HE_Nu_Aske_Oct2024/PMTfied_filtered/Snowstorm/MuonLike/22013/1/PMTfied_11.parquet
2025-02-15 12:59:13 - INFO - Filtered PMTfied file saved to: /lustre/hpc/project/icecube/HE_Nu_Aske_Oct2024/PMTfied_filtered/Snowstorm/MuonLike/22013/1/PMTfied_9.parquet
2025-02-15 12:59:25 - INFO - Filtered PMTfied file saved to: /lustre/hpc/project/icecube/HE_Nu_Aske_Oct2024/PMTfied_filtered/Snowstorm/MuonLike/22013/1/PMTfied_5.parquet
2025-02-15 12:59:37 - INFO - Filtered PMTfied file saved to: /lustre/hpc/project/icecube/HE_Nu_Aske_Oct2024/PMTfied_filtered/Snowstorm/MuonLike/22013/1/PMTfied_1.parquet
2025-02-15 12:59:43 - INFO - Filtered PMTfied file saved to: /lustre/hpc/project/icecube/HE_Nu_Aske_Oct2024/PMTfied_filtered/Snowstorm/MuonLike/22013/1/PMTfied_13.parquet
2025-02-15 12:59:54 - INFO - Filtered PMTfied file saved to: /lustre/hpc/project/icecube/HE_Nu_Aske_Oct2024/PMTfied_filtered/Snowstorm/MuonLike/22013/1/PMTfied_7.parquet
2025-02-15 13:00:06 - INFO - Filtered PMTfied file saved to: /lustre/hpc/project/icecube/HE_Nu_Aske_Oct2024/PMTfied_filtered/Snowstorm/MuonLike/22013/1/PMTfied_3.parquet
2025-02-15 13:00:17 - INFO - Filtered PMTfied file saved to: /lustre/hpc/project/icecube/HE_Nu_Aske_Oct2024/PMTfied_filtered/Snowstorm/MuonLike/22013/1/PMTfied_12.parquet
2025-02-15 13:00:29 - INFO - Filtered PMTfied file saved to: /lustre/hpc/project/icecube/HE_Nu_Aske_Oct2024/PMTfied_filtered/Snowstorm/MuonLike/22013/1/PMTfied_6.parquet
2025-02-15 13:00:41 - INFO - Filtered PMTfied file saved to: /lustre/hpc/project/icecube/HE_Nu_Aske_Oct2024/PMTfied_filtered/Snowstorm/MuonLike/22013/1/PMTfied_2.parquet
2025-02-15 13:00:41 - INFO - Filtering process completed.
2025-02-15 13:00:41 - INFO - Filtering process completed.
2025-02-15 13:00:42 - INFO - Unified receipt generated: /lustre/hpc/project/icecube/HE_Nu_Aske_Oct2024/PMTfied_filtered/Snowstorm/MuonLike/22013/[Receipt]22013_1.json
2025-02-15 13:00:42 - INFO - Filtering process completed.
Job completed at Sat Feb 15 01:00:42 PM CET 2025
