Starting job at Mon Feb 17 03:59:04 PM CET 2025
Running Filter_by_part.py for subdirectory 22013, part 2
2025-02-17 15:59:04 - INFO - Event filtering process starts...
2025-02-17 15:59:04 - INFO - Initialized PureNeutrinoEventFilter filter for 22013/2
2025-02-17 15:59:05 - INFO - Loaded 1 event specifier files from /lustre/hpc/project/icecube/HE_Nu_Aske_Oct2024/clean_events_dict/22013/22013/reduced
2025-02-17 15:59:05 - INFO - Selected 1 CSV files covering event range [0, 749]
2025-02-17 15:59:10 - INFO - Loaded 5747971 valid (RunID, EventID) pairs from CSV files
2025-02-17 15:59:11 - INFO - Extracted 731608 valid events based on pure neutrino events.
2025-02-17 15:59:12 - INFO - Initialized CompositeEventFilter filter for 22013/2
2025-02-17 15:59:12 - INFO - Initialized (PureNu)
2025-02-17 15:59:12 - INFO - Starting filtering process for 22013/2
2025-02-17 15:59:12 - INFO - Starting filtering process for 22013/2
2025-02-17 15:59:26 - INFO - Recalculated 'offset' column based on 'N_doms' values within each 'shard_no' group.
2025-02-17 15:59:28 - INFO - Filtered truth file saved to: /lustre/hpc/project/icecube/HE_Nu_Aske_Oct2024/PMTfied_filtered/Snowstorm/PureNu/22013/truth_2.parquet
2025-02-17 15:59:34 - INFO - Filtered PMTfied file saved to: /lustre/hpc/project/icecube/HE_Nu_Aske_Oct2024/PMTfied_filtered/Snowstorm/PureNu/22013/2/PMTfied_3.parquet
2025-02-17 15:59:41 - INFO - Filtered PMTfied file saved to: /lustre/hpc/project/icecube/HE_Nu_Aske_Oct2024/PMTfied_filtered/Snowstorm/PureNu/22013/2/PMTfied_2.parquet
2025-02-17 15:59:43 - INFO - Filtered PMTfied file saved to: /lustre/hpc/project/icecube/HE_Nu_Aske_Oct2024/PMTfied_filtered/Snowstorm/PureNu/22013/2/PMTfied_6.parquet
2025-02-17 15:59:48 - INFO - Filtered PMTfied file saved to: /lustre/hpc/project/icecube/HE_Nu_Aske_Oct2024/PMTfied_filtered/Snowstorm/PureNu/22013/2/PMTfied_4.parquet
2025-02-17 15:59:54 - INFO - Filtered PMTfied file saved to: /lustre/hpc/project/icecube/HE_Nu_Aske_Oct2024/PMTfied_filtered/Snowstorm/PureNu/22013/2/PMTfied_1.parquet
2025-02-17 15:59:59 - INFO - Filtered PMTfied file saved to: /lustre/hpc/project/icecube/HE_Nu_Aske_Oct2024/PMTfied_filtered/Snowstorm/PureNu/22013/2/PMTfied_5.parquet
2025-02-17 15:59:59 - INFO - Filtering process completed.
2025-02-17 15:59:59 - INFO - Filtering process completed.
2025-02-17 15:59:59 - INFO - Unified receipt generated: /lustre/hpc/project/icecube/HE_Nu_Aske_Oct2024/PMTfied_filtered/Snowstorm/PureNu/22013/[Receipt]22013_2.json
2025-02-17 15:59:59 - INFO - Filtering process completed.
Job completed at Mon Feb 17 03:59:59 PM CET 2025
