Starting job at Sat Feb 15 12:04:42 PM CET 2025
Running Filter_by_part.py for subdirectory 22013, part 2
2025-02-15 12:04:43 - INFO - Event filtering process starts...
2025-02-15 12:04:43 - INFO - Initialized Muon13Filter filter for 22013/2
2025-02-15 12:04:46 - INFO - Extracted 687517 valid events where MuonFilter_13==True.
2025-02-15 12:04:46 - INFO - Initialized CompositeEventFilter filter for 22013/2
2025-02-15 12:04:46 - INFO - Initialized (MuonLike)
2025-02-15 12:04:46 - INFO - Starting filtering process for 22013/2
2025-02-15 12:04:46 - INFO - Starting filtering process for 22013/2
2025-02-15 12:05:14 - INFO - Recalculated 'offset' column based on filtered 'N_doms' values.
2025-02-15 12:05:18 - INFO - Filtered truth file saved to: /lustre/hpc/project/icecube/HE_Nu_Aske_Oct2024/PMTfied_filtered/Snowstorm/MuonLike/22013/truth_2.parquet
2025-02-15 12:05:30 - INFO - Filtered PMTfied file saved to: /lustre/hpc/project/icecube/HE_Nu_Aske_Oct2024/PMTfied_filtered/Snowstorm/MuonLike/22013/2/PMTfied_3.parquet
2025-02-15 12:05:42 - INFO - Filtered PMTfied file saved to: /lustre/hpc/project/icecube/HE_Nu_Aske_Oct2024/PMTfied_filtered/Snowstorm/MuonLike/22013/2/PMTfied_2.parquet
2025-02-15 12:05:47 - INFO - Filtered PMTfied file saved to: /lustre/hpc/project/icecube/HE_Nu_Aske_Oct2024/PMTfied_filtered/Snowstorm/MuonLike/22013/2/PMTfied_6.parquet
2025-02-15 12:05:59 - INFO - Filtered PMTfied file saved to: /lustre/hpc/project/icecube/HE_Nu_Aske_Oct2024/PMTfied_filtered/Snowstorm/MuonLike/22013/2/PMTfied_4.parquet
2025-02-15 12:06:11 - INFO - Filtered PMTfied file saved to: /lustre/hpc/project/icecube/HE_Nu_Aske_Oct2024/PMTfied_filtered/Snowstorm/MuonLike/22013/2/PMTfied_1.parquet
2025-02-15 12:06:23 - INFO - Filtered PMTfied file saved to: /lustre/hpc/project/icecube/HE_Nu_Aske_Oct2024/PMTfied_filtered/Snowstorm/MuonLike/22013/2/PMTfied_5.parquet
2025-02-15 12:06:23 - INFO - Filtering process completed.
2025-02-15 12:06:23 - INFO - Filtering process completed.
2025-02-15 12:06:24 - INFO - Unified receipt generated: /lustre/hpc/project/icecube/HE_Nu_Aske_Oct2024/PMTfied_filtered/Snowstorm/MuonLike/22013/[Receipt]22013_2.json
2025-02-15 12:06:24 - INFO - Filtering process completed.
Job completed at Sat Feb 15 12:06:24 PM CET 2025
