Starting job at Mon Feb 17 04:10:19 PM CET 2025
Running Filter_by_part.py for subdirectory 22013, part 1
2025-02-17 16:10:19 - INFO - Event filtering process starts...
2025-02-17 16:10:19 - INFO - Initialized Muon13Filter filter for 22013/1
2025-02-17 16:10:20 - INFO - Extracted 1586217 valid events where MuonFilter_13==True.
2025-02-17 16:10:20 - INFO - Initialized CompositeEventFilter filter for 22013/1
2025-02-17 16:10:20 - INFO - Initialized (MuonLike)
2025-02-17 16:10:20 - INFO - Starting filtering process for 22013/1
2025-02-17 16:10:20 - INFO - Starting filtering process for 22013/1
2025-02-17 16:10:50 - INFO - Recalculated 'offset' column based on 'N_doms' values within each 'shard_no' group.
2025-02-17 16:10:55 - INFO - Filtered truth file saved to: /lustre/hpc/project/icecube/HE_Nu_Aske_Oct2024/PMTfied_filtered/Snowstorm/MuonLike/22013/truth_1.parquet
2025-02-17 16:11:00 - INFO - Filtered PMTfied file saved to: /lustre/hpc/project/icecube/HE_Nu_Aske_Oct2024/PMTfied_filtered/Snowstorm/MuonLike/22013/1/PMTfied_10.parquet
2025-02-17 16:11:05 - INFO - Filtered PMTfied file saved to: /lustre/hpc/project/icecube/HE_Nu_Aske_Oct2024/PMTfied_filtered/Snowstorm/MuonLike/22013/1/PMTfied_4.parquet
2025-02-17 16:11:09 - INFO - Filtered PMTfied file saved to: /lustre/hpc/project/icecube/HE_Nu_Aske_Oct2024/PMTfied_filtered/Snowstorm/MuonLike/22013/1/PMTfied_8.parquet
2025-02-17 16:11:14 - INFO - Filtered PMTfied file saved to: /lustre/hpc/project/icecube/HE_Nu_Aske_Oct2024/PMTfied_filtered/Snowstorm/MuonLike/22013/1/PMTfied_11.parquet
2025-02-17 16:11:20 - INFO - Filtered PMTfied file saved to: /lustre/hpc/project/icecube/HE_Nu_Aske_Oct2024/PMTfied_filtered/Snowstorm/MuonLike/22013/1/PMTfied_9.parquet
2025-02-17 16:11:25 - INFO - Filtered PMTfied file saved to: /lustre/hpc/project/icecube/HE_Nu_Aske_Oct2024/PMTfied_filtered/Snowstorm/MuonLike/22013/1/PMTfied_5.parquet
2025-02-17 16:11:31 - INFO - Filtered PMTfied file saved to: /lustre/hpc/project/icecube/HE_Nu_Aske_Oct2024/PMTfied_filtered/Snowstorm/MuonLike/22013/1/PMTfied_1.parquet
2025-02-17 16:11:34 - INFO - Filtered PMTfied file saved to: /lustre/hpc/project/icecube/HE_Nu_Aske_Oct2024/PMTfied_filtered/Snowstorm/MuonLike/22013/1/PMTfied_13.parquet
2025-02-17 16:11:39 - INFO - Filtered PMTfied file saved to: /lustre/hpc/project/icecube/HE_Nu_Aske_Oct2024/PMTfied_filtered/Snowstorm/MuonLike/22013/1/PMTfied_7.parquet
2025-02-17 16:11:45 - INFO - Filtered PMTfied file saved to: /lustre/hpc/project/icecube/HE_Nu_Aske_Oct2024/PMTfied_filtered/Snowstorm/MuonLike/22013/1/PMTfied_3.parquet
2025-02-17 16:11:51 - INFO - Filtered PMTfied file saved to: /lustre/hpc/project/icecube/HE_Nu_Aske_Oct2024/PMTfied_filtered/Snowstorm/MuonLike/22013/1/PMTfied_12.parquet
2025-02-17 16:11:57 - INFO - Filtered PMTfied file saved to: /lustre/hpc/project/icecube/HE_Nu_Aske_Oct2024/PMTfied_filtered/Snowstorm/MuonLike/22013/1/PMTfied_6.parquet
2025-02-17 16:12:02 - INFO - Filtered PMTfied file saved to: /lustre/hpc/project/icecube/HE_Nu_Aske_Oct2024/PMTfied_filtered/Snowstorm/MuonLike/22013/1/PMTfied_2.parquet
2025-02-17 16:12:02 - INFO - Filtering process completed.
2025-02-17 16:12:02 - INFO - Filtering process completed.
2025-02-17 16:12:05 - INFO - Unified receipt generated: /lustre/hpc/project/icecube/HE_Nu_Aske_Oct2024/PMTfied_filtered/Snowstorm/MuonLike/22013/[Receipt]22013_1.json
2025-02-17 16:12:05 - INFO - Filtering process completed.
Job completed at Mon Feb 17 04:12:05 PM CET 2025
