Starting job at Thu Feb 13 05:56:18 PM CET 2025
Running Filter_by_part.py for subdirectory 22013, part 1
2025-02-13 17:56:18 - INFO - Event filtering process starts...
2025-02-13 17:56:18 - INFO - Initialized PureNeutrinoEventFilter
2025-02-13 17:56:18 - INFO - Starting filtering process for 22013/1
2025-02-13 17:56:24 - INFO - Loaded 1 event specifier files from /lustre/hpc/project/icecube/HE_Nu_Aske_Oct2024/clean_events_dict/22013/22013/reduced
2025-02-13 17:56:26 - INFO - Selected 1 CSV files covering event range [4, 614]
2025-02-13 17:56:35 - INFO - Loaded 5747971 valid (RunID, EventID) pairs from CSV files
2025-02-13 17:57:46 - INFO - Recalculated 'offset' column based on filtered 'N_doms' values.
2025-02-13 17:57:57 - INFO - Filtered truth file saved to: /lustre/hpc/project/icecube/HE_Nu_Aske_Oct2024/PMTfied_filtered/PureNu/Snowstorm/22013/truth_1.parquet
2025-02-13 17:57:57 - INFO - Receipt file saved to: /lustre/hpc/project/icecube/HE_Nu_Aske_Oct2024/PMTfied_filtered/PureNu/Snowstorm/22013/[Receipt]22013_1.json
2025-02-13 17:58:10 - INFO - Filtered PMTfied file saved to: /lustre/hpc/project/icecube/HE_Nu_Aske_Oct2024/PMTfied_filtered/PureNu/Snowstorm/22013/1/PMTfied_10.parquet
2025-02-13 17:58:22 - INFO - Filtered PMTfied file saved to: /lustre/hpc/project/icecube/HE_Nu_Aske_Oct2024/PMTfied_filtered/PureNu/Snowstorm/22013/1/PMTfied_4.parquet
2025-02-13 17:58:34 - INFO - Filtered PMTfied file saved to: /lustre/hpc/project/icecube/HE_Nu_Aske_Oct2024/PMTfied_filtered/PureNu/Snowstorm/22013/1/PMTfied_8.parquet
2025-02-13 17:58:45 - INFO - Filtered PMTfied file saved to: /lustre/hpc/project/icecube/HE_Nu_Aske_Oct2024/PMTfied_filtered/PureNu/Snowstorm/22013/1/PMTfied_11.parquet
2025-02-13 17:58:56 - INFO - Filtered PMTfied file saved to: /lustre/hpc/project/icecube/HE_Nu_Aske_Oct2024/PMTfied_filtered/PureNu/Snowstorm/22013/1/PMTfied_9.parquet
2025-02-13 17:59:07 - INFO - Filtered PMTfied file saved to: /lustre/hpc/project/icecube/HE_Nu_Aske_Oct2024/PMTfied_filtered/PureNu/Snowstorm/22013/1/PMTfied_5.parquet
2025-02-13 17:59:19 - INFO - Filtered PMTfied file saved to: /lustre/hpc/project/icecube/HE_Nu_Aske_Oct2024/PMTfied_filtered/PureNu/Snowstorm/22013/1/PMTfied_1.parquet
2025-02-13 17:59:25 - INFO - Filtered PMTfied file saved to: /lustre/hpc/project/icecube/HE_Nu_Aske_Oct2024/PMTfied_filtered/PureNu/Snowstorm/22013/1/PMTfied_13.parquet
2025-02-13 17:59:37 - INFO - Filtered PMTfied file saved to: /lustre/hpc/project/icecube/HE_Nu_Aske_Oct2024/PMTfied_filtered/PureNu/Snowstorm/22013/1/PMTfied_7.parquet
2025-02-13 17:59:48 - INFO - Filtered PMTfied file saved to: /lustre/hpc/project/icecube/HE_Nu_Aske_Oct2024/PMTfied_filtered/PureNu/Snowstorm/22013/1/PMTfied_3.parquet
2025-02-13 17:59:59 - INFO - Filtered PMTfied file saved to: /lustre/hpc/project/icecube/HE_Nu_Aske_Oct2024/PMTfied_filtered/PureNu/Snowstorm/22013/1/PMTfied_12.parquet
2025-02-13 18:00:11 - INFO - Filtered PMTfied file saved to: /lustre/hpc/project/icecube/HE_Nu_Aske_Oct2024/PMTfied_filtered/PureNu/Snowstorm/22013/1/PMTfied_6.parquet
2025-02-13 18:00:22 - INFO - Filtered PMTfied file saved to: /lustre/hpc/project/icecube/HE_Nu_Aske_Oct2024/PMTfied_filtered/PureNu/Snowstorm/22013/1/PMTfied_2.parquet
2025-02-13 18:00:22 - INFO - Filtering process completed.
2025-02-13 18:00:22 - INFO - Filtering process completed for all selected filters.
2025-02-13 18:00:22 - INFO - Execution time: 244.04 seconds
2025-02-13 18:00:22 - INFO - Updated receipt with execution time: /lustre/hpc/project/icecube/HE_Nu_Aske_Oct2024/PMTfied_filtered/PureNu/Snowstorm/22013/[Receipt]22013_1.json
Job completed at Thu Feb 13 06:00:23 PM CET 2025
