Starting job at Mon Feb 17 04:17:15 PM CET 2025
Running Filter_by_part.py for subdirectory 22013, part 2
2025-02-17 16:17:16 - INFO - Event filtering process starts...
2025-02-17 16:17:16 - INFO - Initialized PureNeutrinoEventFilter filter for 22013/2
2025-02-17 16:17:16 - INFO - Loaded 1 event specifier files from /lustre/hpc/project/icecube/HE_Nu_Aske_Oct2024/clean_events_dict/22013/22013/reduced
2025-02-17 16:17:16 - INFO - Selected 1 CSV files covering event range [0, 749]
2025-02-17 16:17:20 - INFO - Loaded 5747971 valid (RunID, EventID) pairs from CSV files
2025-02-17 16:17:21 - INFO - Extracted 731608 valid events based on pure neutrino events.
2025-02-17 16:17:22 - INFO - Initialized Muon13Filter filter for 22013/2
2025-02-17 16:17:22 - INFO - Extracted 687517 valid events where MuonFilter_13==True.
2025-02-17 16:17:23 - INFO - Initialized CompositeEventFilter filter for 22013/2
2025-02-17 16:17:23 - INFO - Initialized (MuonLike_PureNu)
2025-02-17 16:17:23 - INFO - Starting filtering process for 22013/2
2025-02-17 16:17:23 - INFO - Starting filtering process for 22013/2
2025-02-17 16:17:33 - INFO - Recalculated 'offset' column based on 'N_doms' values within each 'shard_no' group.
2025-02-17 16:17:35 - INFO - Filtered truth file saved to: /lustre/hpc/project/icecube/HE_Nu_Aske_Oct2024/PMTfied_filtered/Snowstorm/MuonLike_PureNu/22013/truth_2.parquet
2025-02-17 16:17:39 - INFO - Filtered PMTfied file saved to: /lustre/hpc/project/icecube/HE_Nu_Aske_Oct2024/PMTfied_filtered/Snowstorm/MuonLike_PureNu/22013/2/PMTfied_3.parquet
2025-02-17 16:17:44 - INFO - Filtered PMTfied file saved to: /lustre/hpc/project/icecube/HE_Nu_Aske_Oct2024/PMTfied_filtered/Snowstorm/MuonLike_PureNu/22013/2/PMTfied_2.parquet
2025-02-17 16:17:46 - INFO - Filtered PMTfied file saved to: /lustre/hpc/project/icecube/HE_Nu_Aske_Oct2024/PMTfied_filtered/Snowstorm/MuonLike_PureNu/22013/2/PMTfied_6.parquet
2025-02-17 16:17:50 - INFO - Filtered PMTfied file saved to: /lustre/hpc/project/icecube/HE_Nu_Aske_Oct2024/PMTfied_filtered/Snowstorm/MuonLike_PureNu/22013/2/PMTfied_4.parquet
2025-02-17 16:17:54 - INFO - Filtered PMTfied file saved to: /lustre/hpc/project/icecube/HE_Nu_Aske_Oct2024/PMTfied_filtered/Snowstorm/MuonLike_PureNu/22013/2/PMTfied_1.parquet
2025-02-17 16:17:58 - INFO - Filtered PMTfied file saved to: /lustre/hpc/project/icecube/HE_Nu_Aske_Oct2024/PMTfied_filtered/Snowstorm/MuonLike_PureNu/22013/2/PMTfied_5.parquet
2025-02-17 16:17:58 - INFO - Filtering process completed.
2025-02-17 16:17:58 - INFO - Filtering process completed.
2025-02-17 16:17:58 - INFO - Unified receipt generated: /lustre/hpc/project/icecube/HE_Nu_Aske_Oct2024/PMTfied_filtered/Snowstorm/MuonLike_PureNu/22013/[Receipt]22013_2.json
2025-02-17 16:17:58 - INFO - Filtering process completed.
Job completed at Mon Feb 17 04:17:59 PM CET 2025
