Starting job at Sat Feb 15 12:11:10 PM CET 2025
Running Filter_by_part.py for subdirectory 22013, part 1
2025-02-15 12:11:10 - INFO - Event filtering process starts...
2025-02-15 12:11:10 - INFO - Initialized PureNeutrinoEventFilter filter for 22013/1
2025-02-15 12:11:16 - INFO - Loaded 1 event specifier files from /lustre/hpc/project/icecube/HE_Nu_Aske_Oct2024/clean_events_dict/22013/22013/reduced
2025-02-15 12:11:17 - INFO - Selected 1 CSV files covering event range [4, 614]
2025-02-15 12:11:26 - INFO - Loaded 5747971 valid (RunID, EventID) pairs from CSV files
2025-02-15 12:11:31 - INFO - Extracted 1688256 valid events based on pure neutrino events.
2025-02-15 12:11:33 - INFO - Initialized CompositeEventFilter filter for 22013/1
2025-02-15 12:11:33 - INFO - Initialized (PureNu)
2025-02-15 12:11:33 - INFO - Starting filtering process for 22013/1
2025-02-15 12:11:33 - INFO - Starting filtering process for 22013/1
2025-02-15 12:12:41 - INFO - Recalculated 'offset' column based on filtered 'N_doms' values.
2025-02-15 12:12:51 - INFO - Filtered truth file saved to: /lustre/hpc/project/icecube/HE_Nu_Aske_Oct2024/PMTfied_filtered/Snowstorm/PureNu/22013/truth_1.parquet
2025-02-15 12:13:03 - INFO - Filtered PMTfied file saved to: /lustre/hpc/project/icecube/HE_Nu_Aske_Oct2024/PMTfied_filtered/Snowstorm/PureNu/22013/1/PMTfied_10.parquet
2025-02-15 12:13:15 - INFO - Filtered PMTfied file saved to: /lustre/hpc/project/icecube/HE_Nu_Aske_Oct2024/PMTfied_filtered/Snowstorm/PureNu/22013/1/PMTfied_4.parquet
2025-02-15 12:13:27 - INFO - Filtered PMTfied file saved to: /lustre/hpc/project/icecube/HE_Nu_Aske_Oct2024/PMTfied_filtered/Snowstorm/PureNu/22013/1/PMTfied_8.parquet
2025-02-15 12:13:38 - INFO - Filtered PMTfied file saved to: /lustre/hpc/project/icecube/HE_Nu_Aske_Oct2024/PMTfied_filtered/Snowstorm/PureNu/22013/1/PMTfied_11.parquet
2025-02-15 12:13:49 - INFO - Filtered PMTfied file saved to: /lustre/hpc/project/icecube/HE_Nu_Aske_Oct2024/PMTfied_filtered/Snowstorm/PureNu/22013/1/PMTfied_9.parquet
2025-02-15 12:14:01 - INFO - Filtered PMTfied file saved to: /lustre/hpc/project/icecube/HE_Nu_Aske_Oct2024/PMTfied_filtered/Snowstorm/PureNu/22013/1/PMTfied_5.parquet
2025-02-15 12:14:12 - INFO - Filtered PMTfied file saved to: /lustre/hpc/project/icecube/HE_Nu_Aske_Oct2024/PMTfied_filtered/Snowstorm/PureNu/22013/1/PMTfied_1.parquet
2025-02-15 12:14:18 - INFO - Filtered PMTfied file saved to: /lustre/hpc/project/icecube/HE_Nu_Aske_Oct2024/PMTfied_filtered/Snowstorm/PureNu/22013/1/PMTfied_13.parquet
2025-02-15 12:14:30 - INFO - Filtered PMTfied file saved to: /lustre/hpc/project/icecube/HE_Nu_Aske_Oct2024/PMTfied_filtered/Snowstorm/PureNu/22013/1/PMTfied_7.parquet
2025-02-15 12:14:41 - INFO - Filtered PMTfied file saved to: /lustre/hpc/project/icecube/HE_Nu_Aske_Oct2024/PMTfied_filtered/Snowstorm/PureNu/22013/1/PMTfied_3.parquet
2025-02-15 12:14:53 - INFO - Filtered PMTfied file saved to: /lustre/hpc/project/icecube/HE_Nu_Aske_Oct2024/PMTfied_filtered/Snowstorm/PureNu/22013/1/PMTfied_12.parquet
2025-02-15 12:15:05 - INFO - Filtered PMTfied file saved to: /lustre/hpc/project/icecube/HE_Nu_Aske_Oct2024/PMTfied_filtered/Snowstorm/PureNu/22013/1/PMTfied_6.parquet
2025-02-15 12:15:16 - INFO - Filtered PMTfied file saved to: /lustre/hpc/project/icecube/HE_Nu_Aske_Oct2024/PMTfied_filtered/Snowstorm/PureNu/22013/1/PMTfied_2.parquet
2025-02-15 12:15:16 - INFO - Filtering process completed.
2025-02-15 12:15:16 - INFO - Filtering process completed.
2025-02-15 12:15:16 - INFO - Unified receipt generated: /lustre/hpc/project/icecube/HE_Nu_Aske_Oct2024/PMTfied_filtered/Snowstorm/PureNu/22013/[Receipt]22013_1.json
2025-02-15 12:15:16 - INFO - Filtering process completed.
Job completed at Sat Feb 15 12:15:16 PM CET 2025
