Starting job at Sat Feb 15 01:49:40 PM CET 2025
Running Filter_by_part.py for subdirectory 22013, part 1
2025-02-15 13:49:40 - INFO - Event filtering process starts...
2025-02-15 13:49:40 - INFO - Initialized PureNeutrinoEventFilter filter for 22013/1
2025-02-15 13:49:41 - INFO - Loaded 1 event specifier files from /lustre/hpc/project/icecube/HE_Nu_Aske_Oct2024/clean_events_dict/22013/22013/reduced
2025-02-15 13:49:42 - INFO - Selected 1 CSV files covering event range [4, 614]
2025-02-15 13:49:51 - INFO - Loaded 5747971 valid (RunID, EventID) pairs from CSV files
2025-02-15 13:49:56 - INFO - Extracted 1688256 valid events based on pure neutrino events.
2025-02-15 13:49:58 - INFO - Initialized Muon13Filter filter for 22013/1
2025-02-15 13:49:59 - INFO - Extracted 1586217 valid events where MuonFilter_13==True.
2025-02-15 13:49:59 - INFO - Initialized CompositeEventFilter filter for 22013/1
2025-02-15 13:49:59 - INFO - Initialized (MuonLike_PureNu)
2025-02-15 13:49:59 - INFO - Starting filtering process for 22013/1
2025-02-15 13:49:59 - INFO - Starting filtering process for 22013/1
2025-02-15 13:50:51 - INFO - Recalculated 'offset' column based on filtered 'N_doms' values.
2025-02-15 13:51:00 - INFO - Filtered truth file saved to: /lustre/hpc/project/icecube/HE_Nu_Aske_Oct2024/PMTfied_filtered/Snowstorm/MuonLike_PureNu/22013/truth_1.parquet
2025-02-15 13:51:08 - INFO - Filtered PMTfied file saved to: /lustre/hpc/project/icecube/HE_Nu_Aske_Oct2024/PMTfied_filtered/Snowstorm/MuonLike_PureNu/22013/1/PMTfied_10.parquet
2025-02-15 13:51:17 - INFO - Filtered PMTfied file saved to: /lustre/hpc/project/icecube/HE_Nu_Aske_Oct2024/PMTfied_filtered/Snowstorm/MuonLike_PureNu/22013/1/PMTfied_4.parquet
2025-02-15 13:51:25 - INFO - Filtered PMTfied file saved to: /lustre/hpc/project/icecube/HE_Nu_Aske_Oct2024/PMTfied_filtered/Snowstorm/MuonLike_PureNu/22013/1/PMTfied_8.parquet
2025-02-15 13:51:34 - INFO - Filtered PMTfied file saved to: /lustre/hpc/project/icecube/HE_Nu_Aske_Oct2024/PMTfied_filtered/Snowstorm/MuonLike_PureNu/22013/1/PMTfied_11.parquet
2025-02-15 13:51:43 - INFO - Filtered PMTfied file saved to: /lustre/hpc/project/icecube/HE_Nu_Aske_Oct2024/PMTfied_filtered/Snowstorm/MuonLike_PureNu/22013/1/PMTfied_9.parquet
2025-02-15 13:51:51 - INFO - Filtered PMTfied file saved to: /lustre/hpc/project/icecube/HE_Nu_Aske_Oct2024/PMTfied_filtered/Snowstorm/MuonLike_PureNu/22013/1/PMTfied_5.parquet
2025-02-15 13:52:00 - INFO - Filtered PMTfied file saved to: /lustre/hpc/project/icecube/HE_Nu_Aske_Oct2024/PMTfied_filtered/Snowstorm/MuonLike_PureNu/22013/1/PMTfied_1.parquet
2025-02-15 13:52:04 - INFO - Filtered PMTfied file saved to: /lustre/hpc/project/icecube/HE_Nu_Aske_Oct2024/PMTfied_filtered/Snowstorm/MuonLike_PureNu/22013/1/PMTfied_13.parquet
2025-02-15 13:52:13 - INFO - Filtered PMTfied file saved to: /lustre/hpc/project/icecube/HE_Nu_Aske_Oct2024/PMTfied_filtered/Snowstorm/MuonLike_PureNu/22013/1/PMTfied_7.parquet
2025-02-15 13:52:21 - INFO - Filtered PMTfied file saved to: /lustre/hpc/project/icecube/HE_Nu_Aske_Oct2024/PMTfied_filtered/Snowstorm/MuonLike_PureNu/22013/1/PMTfied_3.parquet
2025-02-15 13:52:30 - INFO - Filtered PMTfied file saved to: /lustre/hpc/project/icecube/HE_Nu_Aske_Oct2024/PMTfied_filtered/Snowstorm/MuonLike_PureNu/22013/1/PMTfied_12.parquet
2025-02-15 13:52:38 - INFO - Filtered PMTfied file saved to: /lustre/hpc/project/icecube/HE_Nu_Aske_Oct2024/PMTfied_filtered/Snowstorm/MuonLike_PureNu/22013/1/PMTfied_6.parquet
2025-02-15 13:52:47 - INFO - Filtered PMTfied file saved to: /lustre/hpc/project/icecube/HE_Nu_Aske_Oct2024/PMTfied_filtered/Snowstorm/MuonLike_PureNu/22013/1/PMTfied_2.parquet
2025-02-15 13:52:47 - INFO - Filtering process completed.
2025-02-15 13:52:47 - INFO - Filtering process completed.
2025-02-15 13:52:47 - INFO - Unified receipt generated: /lustre/hpc/project/icecube/HE_Nu_Aske_Oct2024/PMTfied_filtered/Snowstorm/MuonLike_PureNu/22013/[Receipt]22013_1.json
2025-02-15 13:52:47 - INFO - Filtering process completed.
Job completed at Sat Feb 15 01:52:47 PM CET 2025
