Starting job at Sat Feb 15 12:04:42 PM CET 2025
Running Filter_by_part.py for subdirectory 22013, part 1
2025-02-15 12:04:42 - INFO - Event filtering process starts...
2025-02-15 12:04:42 - INFO - Initialized Muon13Filter filter for 22013/1
2025-02-15 12:05:03 - INFO - Extracted 1586217 valid events where MuonFilter_13==True.
2025-02-15 12:05:03 - INFO - Initialized CompositeEventFilter filter for 22013/1
2025-02-15 12:05:03 - INFO - Initialized (MuonLike)
2025-02-15 12:05:03 - INFO - Starting filtering process for 22013/1
2025-02-15 12:05:03 - INFO - Starting filtering process for 22013/1
2025-02-15 12:06:07 - INFO - Recalculated 'offset' column based on filtered 'N_doms' values.
2025-02-15 12:06:18 - INFO - Filtered truth file saved to: /lustre/hpc/project/icecube/HE_Nu_Aske_Oct2024/PMTfied_filtered/Snowstorm/MuonLike/22013/truth_1.parquet
2025-02-15 12:06:30 - INFO - Filtered PMTfied file saved to: /lustre/hpc/project/icecube/HE_Nu_Aske_Oct2024/PMTfied_filtered/Snowstorm/MuonLike/22013/1/PMTfied_10.parquet
2025-02-15 12:06:52 - INFO - Filtered PMTfied file saved to: /lustre/hpc/project/icecube/HE_Nu_Aske_Oct2024/PMTfied_filtered/Snowstorm/MuonLike/22013/1/PMTfied_4.parquet
2025-02-15 12:07:04 - INFO - Filtered PMTfied file saved to: /lustre/hpc/project/icecube/HE_Nu_Aske_Oct2024/PMTfied_filtered/Snowstorm/MuonLike/22013/1/PMTfied_8.parquet
2025-02-15 12:07:16 - INFO - Filtered PMTfied file saved to: /lustre/hpc/project/icecube/HE_Nu_Aske_Oct2024/PMTfied_filtered/Snowstorm/MuonLike/22013/1/PMTfied_11.parquet
2025-02-15 12:07:28 - INFO - Filtered PMTfied file saved to: /lustre/hpc/project/icecube/HE_Nu_Aske_Oct2024/PMTfied_filtered/Snowstorm/MuonLike/22013/1/PMTfied_9.parquet
2025-02-15 12:07:40 - INFO - Filtered PMTfied file saved to: /lustre/hpc/project/icecube/HE_Nu_Aske_Oct2024/PMTfied_filtered/Snowstorm/MuonLike/22013/1/PMTfied_5.parquet
2025-02-15 12:07:53 - INFO - Filtered PMTfied file saved to: /lustre/hpc/project/icecube/HE_Nu_Aske_Oct2024/PMTfied_filtered/Snowstorm/MuonLike/22013/1/PMTfied_1.parquet
2025-02-15 12:07:59 - INFO - Filtered PMTfied file saved to: /lustre/hpc/project/icecube/HE_Nu_Aske_Oct2024/PMTfied_filtered/Snowstorm/MuonLike/22013/1/PMTfied_13.parquet
2025-02-15 12:08:11 - INFO - Filtered PMTfied file saved to: /lustre/hpc/project/icecube/HE_Nu_Aske_Oct2024/PMTfied_filtered/Snowstorm/MuonLike/22013/1/PMTfied_7.parquet
2025-02-15 12:08:23 - INFO - Filtered PMTfied file saved to: /lustre/hpc/project/icecube/HE_Nu_Aske_Oct2024/PMTfied_filtered/Snowstorm/MuonLike/22013/1/PMTfied_3.parquet
2025-02-15 12:08:44 - INFO - Filtered PMTfied file saved to: /lustre/hpc/project/icecube/HE_Nu_Aske_Oct2024/PMTfied_filtered/Snowstorm/MuonLike/22013/1/PMTfied_12.parquet
2025-02-15 12:09:00 - INFO - Filtered PMTfied file saved to: /lustre/hpc/project/icecube/HE_Nu_Aske_Oct2024/PMTfied_filtered/Snowstorm/MuonLike/22013/1/PMTfied_6.parquet
2025-02-15 12:09:12 - INFO - Filtered PMTfied file saved to: /lustre/hpc/project/icecube/HE_Nu_Aske_Oct2024/PMTfied_filtered/Snowstorm/MuonLike/22013/1/PMTfied_2.parquet
2025-02-15 12:09:12 - INFO - Filtering process completed.
2025-02-15 12:09:12 - INFO - Filtering process completed.
2025-02-15 12:09:13 - INFO - Unified receipt generated: /lustre/hpc/project/icecube/HE_Nu_Aske_Oct2024/PMTfied_filtered/Snowstorm/MuonLike/22013/[Receipt]22013_1.json
2025-02-15 12:09:13 - INFO - Filtering process completed.
Job completed at Sat Feb 15 12:09:13 PM CET 2025
