Starting job at Mon Feb 17 03:59:02 PM CET 2025
Running Filter_by_part.py for subdirectory 22013, part 1
2025-02-17 15:59:02 - INFO - Event filtering process starts...
2025-02-17 15:59:02 - INFO - Initialized PureNeutrinoEventFilter filter for 22013/1
2025-02-17 15:59:05 - INFO - Loaded 1 event specifier files from /lustre/hpc/project/icecube/HE_Nu_Aske_Oct2024/clean_events_dict/22013/22013/reduced
2025-02-17 15:59:05 - INFO - Selected 1 CSV files covering event range [4, 614]
2025-02-17 15:59:10 - INFO - Loaded 5747971 valid (RunID, EventID) pairs from CSV files
2025-02-17 15:59:12 - INFO - Extracted 1688256 valid events based on pure neutrino events.
2025-02-17 15:59:13 - INFO - Initialized CompositeEventFilter filter for 22013/1
2025-02-17 15:59:13 - INFO - Initialized (PureNu)
2025-02-17 15:59:13 - INFO - Starting filtering process for 22013/1
2025-02-17 15:59:13 - INFO - Starting filtering process for 22013/1
2025-02-17 15:59:44 - INFO - Recalculated 'offset' column based on 'N_doms' values within each 'shard_no' group.
2025-02-17 15:59:50 - INFO - Filtered truth file saved to: /lustre/hpc/project/icecube/HE_Nu_Aske_Oct2024/PMTfied_filtered/Snowstorm/PureNu/22013/truth_1.parquet
2025-02-17 15:59:55 - INFO - Filtered PMTfied file saved to: /lustre/hpc/project/icecube/HE_Nu_Aske_Oct2024/PMTfied_filtered/Snowstorm/PureNu/22013/1/PMTfied_10.parquet
2025-02-17 16:00:02 - INFO - Filtered PMTfied file saved to: /lustre/hpc/project/icecube/HE_Nu_Aske_Oct2024/PMTfied_filtered/Snowstorm/PureNu/22013/1/PMTfied_4.parquet
2025-02-17 16:00:07 - INFO - Filtered PMTfied file saved to: /lustre/hpc/project/icecube/HE_Nu_Aske_Oct2024/PMTfied_filtered/Snowstorm/PureNu/22013/1/PMTfied_8.parquet
2025-02-17 16:00:13 - INFO - Filtered PMTfied file saved to: /lustre/hpc/project/icecube/HE_Nu_Aske_Oct2024/PMTfied_filtered/Snowstorm/PureNu/22013/1/PMTfied_11.parquet
2025-02-17 16:00:18 - INFO - Filtered PMTfied file saved to: /lustre/hpc/project/icecube/HE_Nu_Aske_Oct2024/PMTfied_filtered/Snowstorm/PureNu/22013/1/PMTfied_9.parquet
2025-02-17 16:00:23 - INFO - Filtered PMTfied file saved to: /lustre/hpc/project/icecube/HE_Nu_Aske_Oct2024/PMTfied_filtered/Snowstorm/PureNu/22013/1/PMTfied_5.parquet
2025-02-17 16:00:28 - INFO - Filtered PMTfied file saved to: /lustre/hpc/project/icecube/HE_Nu_Aske_Oct2024/PMTfied_filtered/Snowstorm/PureNu/22013/1/PMTfied_1.parquet
2025-02-17 16:00:31 - INFO - Filtered PMTfied file saved to: /lustre/hpc/project/icecube/HE_Nu_Aske_Oct2024/PMTfied_filtered/Snowstorm/PureNu/22013/1/PMTfied_13.parquet
2025-02-17 16:00:37 - INFO - Filtered PMTfied file saved to: /lustre/hpc/project/icecube/HE_Nu_Aske_Oct2024/PMTfied_filtered/Snowstorm/PureNu/22013/1/PMTfied_7.parquet
2025-02-17 16:00:42 - INFO - Filtered PMTfied file saved to: /lustre/hpc/project/icecube/HE_Nu_Aske_Oct2024/PMTfied_filtered/Snowstorm/PureNu/22013/1/PMTfied_3.parquet
2025-02-17 16:00:48 - INFO - Filtered PMTfied file saved to: /lustre/hpc/project/icecube/HE_Nu_Aske_Oct2024/PMTfied_filtered/Snowstorm/PureNu/22013/1/PMTfied_12.parquet
2025-02-17 16:00:54 - INFO - Filtered PMTfied file saved to: /lustre/hpc/project/icecube/HE_Nu_Aske_Oct2024/PMTfied_filtered/Snowstorm/PureNu/22013/1/PMTfied_6.parquet
2025-02-17 16:00:59 - INFO - Filtered PMTfied file saved to: /lustre/hpc/project/icecube/HE_Nu_Aske_Oct2024/PMTfied_filtered/Snowstorm/PureNu/22013/1/PMTfied_2.parquet
2025-02-17 16:00:59 - INFO - Filtering process completed.
2025-02-17 16:00:59 - INFO - Filtering process completed.
2025-02-17 16:00:59 - INFO - Unified receipt generated: /lustre/hpc/project/icecube/HE_Nu_Aske_Oct2024/PMTfied_filtered/Snowstorm/PureNu/22013/[Receipt]22013_1.json
2025-02-17 16:00:59 - INFO - Filtering process completed.
Job completed at Mon Feb 17 04:00:59 PM CET 2025
