2025-02-22 21:54:05 - INFO - PMTfication by part starts...
2025-02-22 21:54:05 - INFO - Processing file: merged_part_3.db
2025-02-22 21:54:05 - INFO - Using up to 40 workers.
2025-02-22 21:54:21 - INFO - Processing shard 1 of part 3 in subdirectory 22011.
2025-02-22 22:10:51 - INFO - Processing shard 2 of part 3 in subdirectory 22011.
2025-02-22 22:21:19 - INFO - Processing shard 3 of part 3 in subdirectory 22011.
2025-02-22 22:30:54 - INFO - Processing shard 4 of part 3 in subdirectory 22011.
2025-02-22 22:40:18 - INFO - Processing shard 5 of part 3 in subdirectory 22011.
2025-02-22 22:49:37 - INFO - Processing shard 6 of part 3 in subdirectory 22011.
2025-02-22 22:58:55 - INFO - Processing shard 7 of part 3 in subdirectory 22011.
2025-02-22 23:15:06 - INFO - Processing shard 8 of part 3 in subdirectory 22011.
2025-02-22 23:27:00 - INFO - Processing shard 9 of part 3 in subdirectory 22011.
2025-02-22 23:38:12 - INFO - Processing shard 10 of part 3 in subdirectory 22011.
2025-02-22 23:51:14 - INFO - Processing shard 11 of part 3 in subdirectory 22011.
2025-02-23 00:02:43 - INFO - Processing shard 12 of part 3 in subdirectory 22011.
2025-02-23 00:13:45 - INFO - Processing shard 13 of part 3 in subdirectory 22011.
2025-02-23 00:25:25 - INFO - Processing shard 14 of part 3 in subdirectory 22011.
2025-02-23 00:38:07 - INFO - Processing shard 15 of part 3 in subdirectory 22011.
2025-02-23 00:49:44 - INFO - Processing shard 16 of part 3 in subdirectory 22011.
2025-02-23 01:00:24 - INFO - Processing shard 17 of part 3 in subdirectory 22011.
2025-02-23 01:14:34 - INFO - Processing shard 18 of part 3 in subdirectory 22011.
2025-02-23 01:26:33 - INFO - Processing shard 19 of part 3 in subdirectory 22011.
2025-02-23 01:37:44 - INFO - Processing shard 20 of part 3 in subdirectory 22011.
2025-02-23 01:49:15 - INFO - Processing shard 21 of part 3 in subdirectory 22011.
2025-02-23 01:51:21 - INFO - PMTfication completed.
