2025-02-22 21:54:05 - INFO - PMTfication by part starts...
2025-02-22 21:54:05 - INFO - Processing file: merged_part_2.db
2025-02-22 21:54:05 - INFO - Using up to 40 workers.
2025-02-22 21:54:23 - INFO - Processing shard 1 of part 2 in subdirectory 22011.
2025-02-22 22:11:13 - INFO - Processing shard 2 of part 2 in subdirectory 22011.
2025-02-22 22:26:32 - INFO - Processing shard 3 of part 2 in subdirectory 22011.
2025-02-22 22:41:58 - INFO - Processing shard 4 of part 2 in subdirectory 22011.
2025-02-22 22:56:55 - INFO - Processing shard 5 of part 2 in subdirectory 22011.
2025-02-22 23:08:34 - INFO - Processing shard 6 of part 2 in subdirectory 22011.
2025-02-22 23:20:18 - INFO - Processing shard 7 of part 2 in subdirectory 22011.
2025-02-22 23:29:58 - INFO - Processing shard 8 of part 2 in subdirectory 22011.
2025-02-22 23:39:30 - INFO - Processing shard 9 of part 2 in subdirectory 22011.
2025-02-22 23:48:57 - INFO - Processing shard 10 of part 2 in subdirectory 22011.
2025-02-22 23:58:18 - INFO - Processing shard 11 of part 2 in subdirectory 22011.
2025-02-23 00:12:49 - INFO - Processing shard 12 of part 2 in subdirectory 22011.
2025-02-23 00:24:37 - INFO - Processing shard 13 of part 2 in subdirectory 22011.
2025-02-23 00:35:29 - INFO - Processing shard 14 of part 2 in subdirectory 22011.
2025-02-23 00:46:06 - INFO - Processing shard 15 of part 2 in subdirectory 22011.
2025-02-23 00:57:11 - INFO - Processing shard 16 of part 2 in subdirectory 22011.
2025-02-23 01:08:30 - INFO - Processing shard 17 of part 2 in subdirectory 22011.
2025-02-23 01:19:06 - INFO - Processing shard 18 of part 2 in subdirectory 22011.
2025-02-23 01:32:38 - INFO - Processing shard 19 of part 2 in subdirectory 22011.
2025-02-23 01:43:57 - INFO - Processing shard 20 of part 2 in subdirectory 22011.
2025-02-23 01:56:38 - INFO - Processing shard 21 of part 2 in subdirectory 22011.
2025-02-23 01:58:52 - INFO - PMTfication completed.
