2025-02-14 10:18:37 - INFO - PMTfication by part starts...
2025-02-14 10:18:37 - INFO - Processing file: merged_part_9.db
2025-02-14 10:18:37 - INFO - Using up to 40 workers.
2025-02-14 10:19:13 - INFO - Processing shard 1 of part 9 in subdirectory 22011.
2025-02-14 11:00:17 - INFO - Processing shard 2 of part 9 in subdirectory 22011.
2025-02-14 11:15:05 - INFO - Processing shard 3 of part 9 in subdirectory 22011.
2025-02-14 11:27:43 - INFO - Processing shard 4 of part 9 in subdirectory 22011.
2025-02-14 11:42:53 - INFO - Processing shard 5 of part 9 in subdirectory 22011.
2025-02-14 11:53:58 - INFO - Processing shard 6 of part 9 in subdirectory 22011.
2025-02-14 12:04:58 - INFO - Processing shard 7 of part 9 in subdirectory 22011.
2025-02-14 12:16:20 - INFO - Processing shard 8 of part 9 in subdirectory 22011.
2025-02-14 12:32:55 - INFO - Processing shard 9 of part 9 in subdirectory 22011.
2025-02-14 12:45:41 - INFO - Processing shard 10 of part 9 in subdirectory 22011.
2025-02-14 12:58:07 - INFO - Processing shard 11 of part 9 in subdirectory 22011.
2025-02-14 13:09:09 - INFO - Processing shard 12 of part 9 in subdirectory 22011.
2025-02-14 13:20:22 - INFO - Processing shard 13 of part 9 in subdirectory 22011.
2025-02-14 13:31:35 - INFO - Processing shard 14 of part 9 in subdirectory 22011.
2025-02-14 13:47:56 - INFO - Processing shard 15 of part 9 in subdirectory 22011.
2025-02-14 14:02:36 - INFO - Processing shard 16 of part 9 in subdirectory 22011.
2025-02-14 14:14:47 - INFO - Processing shard 17 of part 9 in subdirectory 22011.
2025-02-14 14:26:28 - INFO - Processing shard 18 of part 9 in subdirectory 22011.
2025-02-14 14:38:01 - INFO - Processing shard 19 of part 9 in subdirectory 22011.
2025-02-14 14:49:29 - INFO - Processing shard 20 of part 9 in subdirectory 22011.
2025-02-14 15:08:05 - INFO - Processing shard 21 of part 9 in subdirectory 22011.
2025-02-14 15:10:36 - INFO - PMTfication completed.
