2025-02-22 21:54:05 - INFO - PMTfication by part starts...
2025-02-22 21:54:05 - INFO - Processing file: merged_part_9.db
2025-02-22 21:54:05 - INFO - Using up to 40 workers.
2025-02-22 21:54:20 - INFO - Processing shard 1 of part 9 in subdirectory 22011.
2025-02-22 22:11:05 - INFO - Processing shard 2 of part 9 in subdirectory 22011.
2025-02-22 22:26:56 - INFO - Processing shard 3 of part 9 in subdirectory 22011.
2025-02-22 22:41:06 - INFO - Processing shard 4 of part 9 in subdirectory 22011.
2025-02-22 22:52:59 - INFO - Processing shard 5 of part 9 in subdirectory 22011.
2025-02-22 23:06:57 - INFO - Processing shard 6 of part 9 in subdirectory 22011.
2025-02-22 23:18:32 - INFO - Processing shard 7 of part 9 in subdirectory 22011.
2025-02-22 23:30:34 - INFO - Processing shard 8 of part 9 in subdirectory 22011.
2025-02-22 23:42:01 - INFO - Processing shard 9 of part 9 in subdirectory 22011.
2025-02-22 23:54:20 - INFO - Processing shard 10 of part 9 in subdirectory 22011.
2025-02-23 00:07:28 - INFO - Processing shard 11 of part 9 in subdirectory 22011.
2025-02-23 00:17:28 - INFO - Processing shard 12 of part 9 in subdirectory 22011.
2025-02-23 00:27:27 - INFO - Processing shard 13 of part 9 in subdirectory 22011.
2025-02-23 00:36:51 - INFO - Processing shard 14 of part 9 in subdirectory 22011.
2025-02-23 00:46:05 - INFO - Processing shard 15 of part 9 in subdirectory 22011.
2025-02-23 00:55:52 - INFO - Processing shard 16 of part 9 in subdirectory 22011.
2025-02-23 01:07:54 - INFO - Processing shard 17 of part 9 in subdirectory 22011.
2025-02-23 01:20:03 - INFO - Processing shard 18 of part 9 in subdirectory 22011.
2025-02-23 01:30:33 - INFO - Processing shard 19 of part 9 in subdirectory 22011.
2025-02-23 01:39:55 - INFO - Processing shard 20 of part 9 in subdirectory 22011.
2025-02-23 01:49:01 - INFO - Processing shard 21 of part 9 in subdirectory 22011.
2025-02-23 01:50:58 - INFO - PMTfication completed.
