2025-02-22 21:54:05 - INFO - PMTfication by part starts...
2025-02-22 21:54:05 - INFO - Processing file: merged_part_5.db
2025-02-22 21:54:05 - INFO - Using up to 40 workers.
2025-02-22 21:54:19 - INFO - Processing shard 1 of part 5 in subdirectory 22011.
2025-02-22 22:10:42 - INFO - Processing shard 2 of part 5 in subdirectory 22011.
2025-02-22 22:23:38 - INFO - Processing shard 3 of part 5 in subdirectory 22011.
2025-02-22 22:34:19 - INFO - Processing shard 4 of part 5 in subdirectory 22011.
2025-02-22 22:43:38 - INFO - Processing shard 5 of part 5 in subdirectory 22011.
2025-02-22 22:53:04 - INFO - Processing shard 6 of part 5 in subdirectory 22011.
2025-02-22 23:02:40 - INFO - Processing shard 7 of part 5 in subdirectory 22011.
2025-02-22 23:12:51 - INFO - Processing shard 8 of part 5 in subdirectory 22011.
2025-02-22 23:24:51 - INFO - Processing shard 9 of part 5 in subdirectory 22011.
2025-02-22 23:37:00 - INFO - Processing shard 10 of part 5 in subdirectory 22011.
2025-02-22 23:48:21 - INFO - Processing shard 11 of part 5 in subdirectory 22011.
2025-02-22 23:59:26 - INFO - Processing shard 12 of part 5 in subdirectory 22011.
2025-02-23 00:10:15 - INFO - Processing shard 13 of part 5 in subdirectory 22011.
2025-02-23 00:21:06 - INFO - Processing shard 14 of part 5 in subdirectory 22011.
2025-02-23 00:33:16 - INFO - Processing shard 15 of part 5 in subdirectory 22011.
2025-02-23 00:44:43 - INFO - Processing shard 16 of part 5 in subdirectory 22011.
2025-02-23 00:58:35 - INFO - Processing shard 17 of part 5 in subdirectory 22011.
2025-02-23 01:09:30 - INFO - Processing shard 18 of part 5 in subdirectory 22011.
2025-02-23 01:20:16 - INFO - Processing shard 19 of part 5 in subdirectory 22011.
2025-02-23 01:32:45 - INFO - Processing shard 20 of part 5 in subdirectory 22011.
2025-02-23 01:46:21 - INFO - Processing shard 21 of part 5 in subdirectory 22011.
2025-02-23 01:50:30 - INFO - PMTfication completed.
