2025-02-22 21:54:05 - INFO - PMTfication by part starts...
2025-02-22 21:54:05 - INFO - Processing file: merged_part_4.db
2025-02-22 21:54:05 - INFO - Using up to 40 workers.
2025-02-22 21:54:19 - INFO - Processing shard 1 of part 4 in subdirectory 22011.
2025-02-22 22:10:55 - INFO - Processing shard 2 of part 4 in subdirectory 22011.
2025-02-22 22:24:25 - INFO - Processing shard 3 of part 4 in subdirectory 22011.
2025-02-22 22:38:24 - INFO - Processing shard 4 of part 4 in subdirectory 22011.
2025-02-22 22:53:09 - INFO - Processing shard 5 of part 4 in subdirectory 22011.
2025-02-22 23:02:27 - INFO - Processing shard 6 of part 4 in subdirectory 22011.
2025-02-22 23:12:33 - INFO - Processing shard 7 of part 4 in subdirectory 22011.
2025-02-22 23:23:50 - INFO - Processing shard 8 of part 4 in subdirectory 22011.
2025-02-22 23:33:43 - INFO - Processing shard 9 of part 4 in subdirectory 22011.
2025-02-22 23:43:06 - INFO - Processing shard 10 of part 4 in subdirectory 22011.
2025-02-22 23:57:14 - INFO - Processing shard 11 of part 4 in subdirectory 22011.
2025-02-23 00:08:01 - INFO - Processing shard 12 of part 4 in subdirectory 22011.
2025-02-23 00:19:08 - INFO - Processing shard 13 of part 4 in subdirectory 22011.
2025-02-23 00:29:26 - INFO - Processing shard 14 of part 4 in subdirectory 22011.
2025-02-23 00:42:10 - INFO - Processing shard 15 of part 4 in subdirectory 22011.
2025-02-23 00:53:09 - INFO - Processing shard 16 of part 4 in subdirectory 22011.
2025-02-23 01:02:30 - INFO - Processing shard 17 of part 4 in subdirectory 22011.
2025-02-23 01:14:37 - INFO - Processing shard 18 of part 4 in subdirectory 22011.
2025-02-23 01:23:42 - INFO - Processing shard 19 of part 4 in subdirectory 22011.
2025-02-23 01:32:56 - INFO - Processing shard 20 of part 4 in subdirectory 22011.
2025-02-23 01:45:11 - INFO - Processing shard 21 of part 4 in subdirectory 22011.
2025-02-23 01:48:17 - INFO - PMTfication completed.
