2025-02-22 21:54:05 - INFO - PMTfication by part starts...
2025-02-22 21:54:05 - INFO - Processing file: merged_part_7.db
2025-02-22 21:54:05 - INFO - Using up to 40 workers.
2025-02-22 21:54:23 - INFO - Processing shard 1 of part 7 in subdirectory 22011.
2025-02-22 22:11:49 - INFO - Processing shard 2 of part 7 in subdirectory 22011.
2025-02-22 22:27:22 - INFO - Processing shard 3 of part 7 in subdirectory 22011.
2025-02-22 22:37:03 - INFO - Processing shard 4 of part 7 in subdirectory 22011.
2025-02-22 22:46:43 - INFO - Processing shard 5 of part 7 in subdirectory 22011.
2025-02-22 22:56:21 - INFO - Processing shard 6 of part 7 in subdirectory 22011.
2025-02-22 23:06:01 - INFO - Processing shard 7 of part 7 in subdirectory 22011.
2025-02-22 23:15:30 - INFO - Processing shard 8 of part 7 in subdirectory 22011.
2025-02-22 23:30:58 - INFO - Processing shard 9 of part 7 in subdirectory 22011.
2025-02-22 23:41:28 - INFO - Processing shard 10 of part 7 in subdirectory 22011.
2025-02-22 23:52:05 - INFO - Processing shard 11 of part 7 in subdirectory 22011.
2025-02-23 00:02:27 - INFO - Processing shard 12 of part 7 in subdirectory 22011.
2025-02-23 00:14:40 - INFO - Processing shard 13 of part 7 in subdirectory 22011.
2025-02-23 00:25:24 - INFO - Processing shard 14 of part 7 in subdirectory 22011.
2025-02-23 00:36:27 - INFO - Processing shard 15 of part 7 in subdirectory 22011.
2025-02-23 00:52:07 - INFO - Processing shard 16 of part 7 in subdirectory 22011.
2025-02-23 01:03:11 - INFO - Processing shard 17 of part 7 in subdirectory 22011.
2025-02-23 01:14:23 - INFO - Processing shard 18 of part 7 in subdirectory 22011.
2025-02-23 01:25:27 - INFO - Processing shard 19 of part 7 in subdirectory 22011.
2025-02-23 01:38:47 - INFO - Processing shard 20 of part 7 in subdirectory 22011.
2025-02-23 01:51:26 - INFO - Processing shard 21 of part 7 in subdirectory 22011.
2025-02-23 01:53:59 - INFO - PMTfication completed.
