2025-02-22 21:54:06 - INFO - PMTfication by part starts...
2025-02-22 21:54:06 - INFO - Processing file: merged_part_1.db
2025-02-22 21:54:06 - INFO - Using up to 40 workers.
2025-02-22 21:54:22 - INFO - Processing shard 1 of part 1 in subdirectory 22011.
2025-02-22 22:07:14 - INFO - Processing shard 2 of part 1 in subdirectory 22011.
2025-02-22 22:15:21 - INFO - Processing shard 3 of part 1 in subdirectory 22011.
2025-02-22 22:23:35 - INFO - Processing shard 4 of part 1 in subdirectory 22011.
2025-02-22 22:28:44 - INFO - Processing shard 5 of part 1 in subdirectory 22011.
2025-02-22 22:33:53 - INFO - Processing shard 6 of part 1 in subdirectory 22011.
2025-02-22 22:39:03 - INFO - Processing shard 7 of part 1 in subdirectory 22011.
2025-02-22 22:44:04 - INFO - Processing shard 8 of part 1 in subdirectory 22011.
2025-02-22 22:49:09 - INFO - Processing shard 9 of part 1 in subdirectory 22011.
2025-02-22 22:54:15 - INFO - Processing shard 10 of part 1 in subdirectory 22011.
2025-02-22 22:59:17 - INFO - Processing shard 11 of part 1 in subdirectory 22011.
2025-02-22 23:04:26 - INFO - Processing shard 12 of part 1 in subdirectory 22011.
2025-02-22 23:09:53 - INFO - Processing shard 13 of part 1 in subdirectory 22011.
2025-02-22 23:16:55 - INFO - Processing shard 14 of part 1 in subdirectory 22011.
2025-02-22 23:26:50 - INFO - Processing shard 15 of part 1 in subdirectory 22011.
2025-02-22 23:34:01 - INFO - Processing shard 16 of part 1 in subdirectory 22011.
2025-02-22 23:39:44 - INFO - Processing shard 17 of part 1 in subdirectory 22011.
2025-02-22 23:45:19 - INFO - Processing shard 18 of part 1 in subdirectory 22011.
2025-02-22 23:50:55 - INFO - Processing shard 19 of part 1 in subdirectory 22011.
2025-02-22 23:56:08 - INFO - Processing shard 20 of part 1 in subdirectory 22011.
2025-02-23 00:01:14 - INFO - Processing shard 21 of part 1 in subdirectory 22011.
2025-02-23 00:02:06 - INFO - PMTfication completed.
