2025-02-22 21:54:05 - INFO - PMTfication by part starts...
2025-02-22 21:54:05 - INFO - Processing file: merged_part_6.db
2025-02-22 21:54:05 - INFO - Using up to 40 workers.
2025-02-22 21:54:23 - INFO - Processing shard 1 of part 6 in subdirectory 22011.
2025-02-22 22:10:50 - INFO - Processing shard 2 of part 6 in subdirectory 22011.
2025-02-22 22:23:23 - INFO - Processing shard 3 of part 6 in subdirectory 22011.
2025-02-22 22:32:56 - INFO - Processing shard 4 of part 6 in subdirectory 22011.
2025-02-22 22:42:56 - INFO - Processing shard 5 of part 6 in subdirectory 22011.
2025-02-22 22:55:17 - INFO - Processing shard 6 of part 6 in subdirectory 22011.
2025-02-22 23:06:03 - INFO - Processing shard 7 of part 6 in subdirectory 22011.
2025-02-22 23:16:33 - INFO - Processing shard 8 of part 6 in subdirectory 22011.
2025-02-22 23:29:41 - INFO - Processing shard 9 of part 6 in subdirectory 22011.
2025-02-22 23:40:39 - INFO - Processing shard 10 of part 6 in subdirectory 22011.
2025-02-22 23:51:39 - INFO - Processing shard 11 of part 6 in subdirectory 22011.
2025-02-23 00:02:44 - INFO - Processing shard 12 of part 6 in subdirectory 22011.
2025-02-23 00:13:32 - INFO - Processing shard 13 of part 6 in subdirectory 22011.
2025-02-23 00:24:50 - INFO - Processing shard 14 of part 6 in subdirectory 22011.
2025-02-23 00:37:40 - INFO - Processing shard 15 of part 6 in subdirectory 22011.
2025-02-23 00:48:47 - INFO - Processing shard 16 of part 6 in subdirectory 22011.
2025-02-23 00:59:55 - INFO - Processing shard 17 of part 6 in subdirectory 22011.
2025-02-23 01:10:43 - INFO - Processing shard 18 of part 6 in subdirectory 22011.
2025-02-23 01:22:16 - INFO - Processing shard 19 of part 6 in subdirectory 22011.
2025-02-23 01:34:46 - INFO - Processing shard 20 of part 6 in subdirectory 22011.
2025-02-23 01:47:26 - INFO - Processing shard 21 of part 6 in subdirectory 22011.
2025-02-23 01:48:57 - INFO - PMTfication completed.
