2025-02-22 21:54:05 - INFO - PMTfication by part starts...
2025-02-22 21:54:05 - INFO - Processing file: merged_part_8.db
2025-02-22 21:54:05 - INFO - Using up to 40 workers.
2025-02-22 21:54:24 - INFO - Processing shard 1 of part 8 in subdirectory 22011.
2025-02-22 22:10:56 - INFO - Processing shard 2 of part 8 in subdirectory 22011.
2025-02-22 22:21:20 - INFO - Processing shard 3 of part 8 in subdirectory 22011.
2025-02-22 22:31:15 - INFO - Processing shard 4 of part 8 in subdirectory 22011.
2025-02-22 22:47:14 - INFO - Processing shard 5 of part 8 in subdirectory 22011.
2025-02-22 22:57:29 - INFO - Processing shard 6 of part 8 in subdirectory 22011.
2025-02-22 23:13:08 - INFO - Processing shard 7 of part 8 in subdirectory 22011.
2025-02-22 23:24:26 - INFO - Processing shard 8 of part 8 in subdirectory 22011.
2025-02-22 23:33:56 - INFO - Processing shard 9 of part 8 in subdirectory 22011.
2025-02-22 23:43:42 - INFO - Processing shard 10 of part 8 in subdirectory 22011.
2025-02-22 23:53:09 - INFO - Processing shard 11 of part 8 in subdirectory 22011.
2025-02-23 00:03:15 - INFO - Processing shard 12 of part 8 in subdirectory 22011.
2025-02-23 00:12:50 - INFO - Processing shard 13 of part 8 in subdirectory 22011.
2025-02-23 00:28:30 - INFO - Processing shard 14 of part 8 in subdirectory 22011.
2025-02-23 00:39:11 - INFO - Processing shard 15 of part 8 in subdirectory 22011.
2025-02-23 00:48:42 - INFO - Processing shard 16 of part 8 in subdirectory 22011.
2025-02-23 00:58:07 - INFO - Processing shard 17 of part 8 in subdirectory 22011.
2025-02-23 01:07:32 - INFO - Processing shard 18 of part 8 in subdirectory 22011.
2025-02-23 01:17:48 - INFO - Processing shard 19 of part 8 in subdirectory 22011.
2025-02-23 01:28:43 - INFO - Processing shard 20 of part 8 in subdirectory 22011.
2025-02-23 01:44:07 - INFO - Processing shard 21 of part 8 in subdirectory 22011.
2025-02-23 01:46:14 - INFO - PMTfication completed.
