2024-12-15 16:44:55 - INFO - PMTfication by part starts...
2024-12-15 16:44:55 - INFO - Processing file: merged_part_1.db
2024-12-15 16:44:55 - INFO - Using up to 40 workers.
2024-12-15 16:45:16 - INFO - Processing shard 1 of part 1 in subdirectory 22016.
2024-12-15 17:24:01 - INFO - Processing shard 2 of part 1 in subdirectory 22016.
2024-12-15 17:44:33 - INFO - Processing shard 3 of part 1 in subdirectory 22016.
2024-12-15 18:39:21 - INFO - Processing shard 4 of part 1 in subdirectory 22016.
2024-12-15 19:34:47 - INFO - Processing shard 5 of part 1 in subdirectory 22016.
2024-12-15 20:33:12 - INFO - Processing shard 6 of part 1 in subdirectory 22016.
2024-12-15 21:29:23 - INFO - Processing shard 7 of part 1 in subdirectory 22016.
2024-12-15 22:09:03 - INFO - Processing shard 8 of part 1 in subdirectory 22016.
2024-12-15 23:15:02 - INFO - Processing shard 9 of part 1 in subdirectory 22016.
2024-12-16 00:09:35 - INFO - Processing shard 10 of part 1 in subdirectory 22016.
2024-12-16 01:11:57 - INFO - Processing shard 11 of part 1 in subdirectory 22016.
2024-12-16 02:04:41 - INFO - Processing shard 12 of part 1 in subdirectory 22016.
2024-12-16 03:01:42 - INFO - Processing shard 13 of part 1 in subdirectory 22016.
2024-12-16 04:00:32 - INFO - Processing shard 14 of part 1 in subdirectory 22016.
2024-12-16 05:01:01 - INFO - Processing shard 15 of part 1 in subdirectory 22016.
2024-12-16 05:36:21 - INFO - Processing shard 16 of part 1 in subdirectory 22016.
2024-12-16 05:57:29 - INFO - Processing shard 17 of part 1 in subdirectory 22016.
2024-12-16 06:50:21 - INFO - Processing shard 18 of part 1 in subdirectory 22016.
2024-12-16 07:22:47 - INFO - PMTfication completed.
