2025-02-13 06:18:42 - INFO - PMTfication by part starts...
2025-02-13 06:18:42 - INFO - Processing file: merged_part_1.db
2025-02-13 06:18:42 - INFO - Using up to 40 workers.
2025-02-13 06:19:02 - INFO - Processing shard 1 of part 1 in subdirectory 22016.
2025-02-13 07:23:44 - INFO - Processing shard 2 of part 1 in subdirectory 22016.
2025-02-13 08:23:01 - INFO - Processing shard 3 of part 1 in subdirectory 22016.
2025-02-13 09:06:03 - INFO - Processing shard 4 of part 1 in subdirectory 22016.
2025-02-13 09:51:17 - INFO - Processing shard 5 of part 1 in subdirectory 22016.
2025-02-13 10:38:54 - INFO - Processing shard 6 of part 1 in subdirectory 22016.
2025-02-13 11:37:40 - INFO - Processing shard 7 of part 1 in subdirectory 22016.
2025-02-13 12:32:39 - INFO - Processing shard 8 of part 1 in subdirectory 22016.
2025-02-13 13:30:09 - INFO - Processing shard 9 of part 1 in subdirectory 22016.
2025-02-13 14:17:38 - INFO - Processing shard 10 of part 1 in subdirectory 22016.
2025-02-13 15:10:27 - INFO - Processing shard 11 of part 1 in subdirectory 22016.
2025-02-13 15:53:55 - INFO - Processing shard 12 of part 1 in subdirectory 22016.
2025-02-13 16:43:04 - INFO - Processing shard 13 of part 1 in subdirectory 22016.
2025-02-13 17:40:15 - INFO - Processing shard 14 of part 1 in subdirectory 22016.
2025-02-13 18:03:53 - INFO - Processing shard 15 of part 1 in subdirectory 22016.
2025-02-13 18:29:49 - INFO - Processing shard 16 of part 1 in subdirectory 22016.
2025-02-13 19:23:08 - INFO - Processing shard 17 of part 1 in subdirectory 22016.
2025-02-13 20:04:29 - INFO - Processing shard 18 of part 1 in subdirectory 22016.
2025-02-13 20:20:20 - INFO - PMTfication completed.
