2024-12-02 14:44:34 - INFO - PMTfication by part starts...
2024-12-02 14:44:34 - INFO - Processing file: merged_part_2.db
2024-12-02 14:44:34 - INFO - Using up to 48 workers.
2024-12-02 14:44:46 - INFO - Processing shard 1 of part 2 in subdirectory 22011.
2024-12-02 15:01:53 - INFO - Processing shard 2 of part 2 in subdirectory 22011.
2024-12-02 15:11:52 - INFO - Processing shard 3 of part 2 in subdirectory 22011.
2024-12-02 15:22:23 - INFO - Processing shard 4 of part 2 in subdirectory 22011.
2024-12-02 15:33:53 - INFO - Processing shard 5 of part 2 in subdirectory 22011.
2024-12-02 15:42:47 - INFO - Processing shard 6 of part 2 in subdirectory 22011.
2024-12-02 15:51:43 - INFO - Processing shard 7 of part 2 in subdirectory 22011.
2024-12-02 16:03:25 - INFO - Processing shard 8 of part 2 in subdirectory 22011.
2024-12-02 16:12:46 - INFO - Processing shard 9 of part 2 in subdirectory 22011.
2024-12-02 16:24:23 - INFO - Processing shard 10 of part 2 in subdirectory 22011.
2024-12-02 16:36:53 - INFO - Processing shard 11 of part 2 in subdirectory 22011.
2024-12-02 16:46:27 - INFO - Processing shard 12 of part 2 in subdirectory 22011.
2024-12-02 16:55:57 - INFO - Processing shard 13 of part 2 in subdirectory 22011.
2024-12-02 17:05:22 - INFO - Processing shard 14 of part 2 in subdirectory 22011.
2024-12-02 17:16:43 - INFO - Processing shard 15 of part 2 in subdirectory 22011.
2024-12-02 17:25:47 - INFO - Processing shard 16 of part 2 in subdirectory 22011.
2024-12-02 17:39:50 - INFO - Processing shard 17 of part 2 in subdirectory 22011.
2024-12-02 17:50:28 - INFO - Processing shard 18 of part 2 in subdirectory 22011.
2024-12-02 17:59:54 - INFO - Processing shard 19 of part 2 in subdirectory 22011.
2024-12-02 18:10:00 - INFO - Processing shard 20 of part 2 in subdirectory 22011.
2024-12-02 18:18:47 - INFO - Processing shard 21 of part 2 in subdirectory 22011.
2024-12-02 18:20:53 - INFO - PMTfication completed.
