2024-12-15 00:29:45 - INFO - PMTfication by part starts...
2024-12-15 00:29:45 - INFO - Processing file: merged_part_2.db
2024-12-15 00:29:45 - INFO - Using up to 32 workers.
2024-12-15 00:29:55 - INFO - Processing shard 1 of part 2 in subdirectory 22011.
2024-12-15 00:39:10 - INFO - Processing shard 2 of part 2 in subdirectory 22011.
2024-12-15 00:40:12 - INFO - Processing shard 3 of part 2 in subdirectory 22011.
2024-12-15 00:41:13 - INFO - Processing shard 4 of part 2 in subdirectory 22011.
2024-12-15 00:42:15 - INFO - Processing shard 5 of part 2 in subdirectory 22011.
2024-12-15 00:43:17 - INFO - Processing shard 6 of part 2 in subdirectory 22011.
2024-12-15 00:44:18 - INFO - Processing shard 7 of part 2 in subdirectory 22011.
2024-12-15 00:45:21 - INFO - Processing shard 8 of part 2 in subdirectory 22011.
2024-12-15 00:46:22 - INFO - Processing shard 9 of part 2 in subdirectory 22011.
2024-12-15 00:47:24 - INFO - Processing shard 10 of part 2 in subdirectory 22011.
2024-12-15 00:48:25 - INFO - Processing shard 11 of part 2 in subdirectory 22011.
2024-12-15 00:49:26 - INFO - Processing shard 12 of part 2 in subdirectory 22011.
2024-12-15 00:50:27 - INFO - Processing shard 13 of part 2 in subdirectory 22011.
2024-12-15 00:51:28 - INFO - Processing shard 14 of part 2 in subdirectory 22011.
2024-12-15 00:52:29 - INFO - Processing shard 15 of part 2 in subdirectory 22011.
2024-12-15 00:53:31 - INFO - Processing shard 16 of part 2 in subdirectory 22011.
2024-12-15 00:54:33 - INFO - Processing shard 17 of part 2 in subdirectory 22011.
2024-12-15 00:55:34 - INFO - Processing shard 18 of part 2 in subdirectory 22011.
2024-12-15 00:56:34 - INFO - Processing shard 19 of part 2 in subdirectory 22011.
2024-12-15 00:57:34 - INFO - Processing shard 20 of part 2 in subdirectory 22011.
2024-12-15 00:58:31 - INFO - Processing shard 21 of part 2 in subdirectory 22011.
2024-12-15 00:59:12 - INFO - PMTfication completed.
