2024-12-15 00:42:26 - INFO - PMTfication by part starts...
2024-12-15 00:42:26 - INFO - Processing file: merged_part_3.db
2024-12-15 00:42:26 - INFO - Using up to 32 workers.
2024-12-15 00:42:35 - INFO - Processing shard 1 of part 3 in subdirectory 22011.
2024-12-15 00:51:53 - INFO - Processing shard 2 of part 3 in subdirectory 22011.
2024-12-15 00:52:54 - INFO - Processing shard 3 of part 3 in subdirectory 22011.
2024-12-15 00:53:56 - INFO - Processing shard 4 of part 3 in subdirectory 22011.
2024-12-15 00:54:57 - INFO - Processing shard 5 of part 3 in subdirectory 22011.
2024-12-15 00:55:58 - INFO - Processing shard 6 of part 3 in subdirectory 22011.
2024-12-15 00:56:59 - INFO - Processing shard 7 of part 3 in subdirectory 22011.
2024-12-15 00:58:00 - INFO - Processing shard 8 of part 3 in subdirectory 22011.
2024-12-15 00:59:02 - INFO - Processing shard 9 of part 3 in subdirectory 22011.
2024-12-15 01:00:03 - INFO - Processing shard 10 of part 3 in subdirectory 22011.
2024-12-15 01:01:04 - INFO - Processing shard 11 of part 3 in subdirectory 22011.
2024-12-15 01:02:06 - INFO - Processing shard 12 of part 3 in subdirectory 22011.
2024-12-15 01:03:07 - INFO - Processing shard 13 of part 3 in subdirectory 22011.
2024-12-15 01:04:09 - INFO - Processing shard 14 of part 3 in subdirectory 22011.
2024-12-15 01:05:10 - INFO - Processing shard 15 of part 3 in subdirectory 22011.
2024-12-15 01:06:11 - INFO - Processing shard 16 of part 3 in subdirectory 22011.
2024-12-15 01:07:12 - INFO - Processing shard 17 of part 3 in subdirectory 22011.
2024-12-15 01:08:14 - INFO - Processing shard 18 of part 3 in subdirectory 22011.
2024-12-15 01:09:15 - INFO - Processing shard 19 of part 3 in subdirectory 22011.
2024-12-15 01:10:15 - INFO - Processing shard 20 of part 3 in subdirectory 22011.
2024-12-15 01:11:12 - INFO - Processing shard 21 of part 3 in subdirectory 22011.
2024-12-15 01:11:53 - INFO - PMTfication completed.
