2024-12-15 00:12:35 - INFO - PMTfication by part starts...
2024-12-15 00:12:35 - INFO - Processing file: merged_part_1.db
2024-12-15 00:12:35 - INFO - Using up to 32 workers.
2024-12-15 00:12:55 - INFO - Processing shard 1 of part 1 in subdirectory 22011.
2024-12-15 00:22:21 - INFO - Processing shard 2 of part 1 in subdirectory 22011.
2024-12-15 00:23:25 - INFO - Processing shard 3 of part 1 in subdirectory 22011.
2024-12-15 00:24:26 - INFO - Processing shard 4 of part 1 in subdirectory 22011.
2024-12-15 00:25:29 - INFO - Processing shard 5 of part 1 in subdirectory 22011.
2024-12-15 00:26:30 - INFO - Processing shard 6 of part 1 in subdirectory 22011.
2024-12-15 00:27:33 - INFO - Processing shard 7 of part 1 in subdirectory 22011.
2024-12-15 00:28:34 - INFO - Processing shard 8 of part 1 in subdirectory 22011.
2024-12-15 00:29:36 - INFO - Processing shard 9 of part 1 in subdirectory 22011.
2024-12-15 00:30:37 - INFO - Processing shard 10 of part 1 in subdirectory 22011.
2024-12-15 00:31:38 - INFO - Processing shard 11 of part 1 in subdirectory 22011.
2024-12-15 00:32:40 - INFO - Processing shard 12 of part 1 in subdirectory 22011.
2024-12-15 00:33:41 - INFO - Processing shard 13 of part 1 in subdirectory 22011.
2024-12-15 00:34:42 - INFO - Processing shard 14 of part 1 in subdirectory 22011.
2024-12-15 00:35:43 - INFO - Processing shard 15 of part 1 in subdirectory 22011.
2024-12-15 00:36:44 - INFO - Processing shard 16 of part 1 in subdirectory 22011.
2024-12-15 00:37:45 - INFO - Processing shard 17 of part 1 in subdirectory 22011.
2024-12-15 00:38:45 - INFO - Processing shard 18 of part 1 in subdirectory 22011.
2024-12-15 00:39:46 - INFO - Processing shard 19 of part 1 in subdirectory 22011.
2024-12-15 00:40:47 - INFO - Processing shard 20 of part 1 in subdirectory 22011.
2024-12-15 00:41:44 - INFO - Processing shard 21 of part 1 in subdirectory 22011.
2024-12-15 00:42:23 - INFO - PMTfication completed.
