2024-12-17 02:31:10 - INFO - PMTfication by part starts...
2024-12-17 02:31:10 - INFO - Processing file: merged_part_6.db
2024-12-17 02:31:10 - INFO - Using up to 40 workers.
2024-12-17 02:31:23 - INFO - Processing shard 1 of part 6 in subdirectory 22011.
2024-12-17 02:48:35 - INFO - Processing shard 2 of part 6 in subdirectory 22011.
2024-12-17 03:03:32 - INFO - Processing shard 3 of part 6 in subdirectory 22011.
2024-12-17 03:18:10 - INFO - Processing shard 4 of part 6 in subdirectory 22011.
2024-12-17 03:33:45 - INFO - Processing shard 5 of part 6 in subdirectory 22011.
2024-12-17 03:51:04 - INFO - Processing shard 6 of part 6 in subdirectory 22011.
2024-12-17 04:04:39 - INFO - Processing shard 7 of part 6 in subdirectory 22011.
2024-12-17 04:16:46 - INFO - Processing shard 8 of part 6 in subdirectory 22011.
2024-12-17 04:28:42 - INFO - Processing shard 9 of part 6 in subdirectory 22011.
2024-12-17 04:41:21 - INFO - Processing shard 10 of part 6 in subdirectory 22011.
2024-12-17 04:51:15 - INFO - Processing shard 11 of part 6 in subdirectory 22011.
2024-12-17 05:02:56 - INFO - Processing shard 12 of part 6 in subdirectory 22011.
2024-12-17 05:12:55 - INFO - Processing shard 13 of part 6 in subdirectory 22011.
2024-12-17 05:24:33 - INFO - Processing shard 14 of part 6 in subdirectory 22011.
2024-12-17 05:34:27 - INFO - Processing shard 15 of part 6 in subdirectory 22011.
2024-12-17 05:47:16 - INFO - Processing shard 16 of part 6 in subdirectory 22011.
2024-12-17 05:56:35 - INFO - Processing shard 17 of part 6 in subdirectory 22011.
2024-12-17 06:09:28 - INFO - Processing shard 18 of part 6 in subdirectory 22011.
2024-12-17 06:20:24 - INFO - Processing shard 19 of part 6 in subdirectory 22011.
2024-12-17 06:30:13 - INFO - Processing shard 20 of part 6 in subdirectory 22011.
2024-12-17 06:41:01 - INFO - Processing shard 21 of part 6 in subdirectory 22011.
2024-12-17 06:41:57 - INFO - PMTfication completed.
