2024-12-17 03:11:59 - INFO - PMTfication by part starts...
2024-12-17 03:11:59 - INFO - Processing file: merged_part_7.db
2024-12-17 03:11:59 - INFO - Using up to 40 workers.
2024-12-17 03:12:11 - INFO - Processing shard 1 of part 7 in subdirectory 22011.
2024-12-17 03:29:11 - INFO - Processing shard 2 of part 7 in subdirectory 22011.
2024-12-17 03:44:10 - INFO - Processing shard 3 of part 7 in subdirectory 22011.
2024-12-17 03:59:28 - INFO - Processing shard 4 of part 7 in subdirectory 22011.
2024-12-17 04:08:34 - INFO - Processing shard 5 of part 7 in subdirectory 22011.
2024-12-17 04:18:17 - INFO - Processing shard 6 of part 7 in subdirectory 22011.
2024-12-17 04:27:40 - INFO - Processing shard 7 of part 7 in subdirectory 22011.
2024-12-17 04:37:34 - INFO - Processing shard 8 of part 7 in subdirectory 22011.
2024-12-17 04:47:33 - INFO - Processing shard 9 of part 7 in subdirectory 22011.
2024-12-17 05:01:23 - INFO - Processing shard 10 of part 7 in subdirectory 22011.
2024-12-17 05:11:49 - INFO - Processing shard 11 of part 7 in subdirectory 22011.
2024-12-17 05:22:27 - INFO - Processing shard 12 of part 7 in subdirectory 22011.
2024-12-17 05:33:47 - INFO - Processing shard 13 of part 7 in subdirectory 22011.
2024-12-17 05:43:17 - INFO - Processing shard 14 of part 7 in subdirectory 22011.
2024-12-17 05:52:58 - INFO - Processing shard 15 of part 7 in subdirectory 22011.
2024-12-17 06:02:40 - INFO - Processing shard 16 of part 7 in subdirectory 22011.
2024-12-17 06:15:01 - INFO - Processing shard 17 of part 7 in subdirectory 22011.
2024-12-17 06:25:29 - INFO - Processing shard 18 of part 7 in subdirectory 22011.
2024-12-17 06:36:46 - INFO - Processing shard 19 of part 7 in subdirectory 22011.
2024-12-17 06:46:59 - INFO - Processing shard 20 of part 7 in subdirectory 22011.
2024-12-17 06:56:28 - INFO - Processing shard 21 of part 7 in subdirectory 22011.
2024-12-17 06:58:31 - INFO - PMTfication completed.
