2024-12-17 02:06:22 - INFO - PMTfication by part starts...
2024-12-17 02:06:23 - INFO - Processing file: merged_part_5.db
2024-12-17 02:06:23 - INFO - Using up to 40 workers.
2024-12-17 02:06:35 - INFO - Processing shard 1 of part 5 in subdirectory 22011.
2024-12-17 02:25:04 - INFO - Processing shard 2 of part 5 in subdirectory 22011.
2024-12-17 02:39:00 - INFO - Processing shard 3 of part 5 in subdirectory 22011.
2024-12-17 02:54:31 - INFO - Processing shard 4 of part 5 in subdirectory 22011.
2024-12-17 03:09:24 - INFO - Processing shard 5 of part 5 in subdirectory 22011.
2024-12-17 03:20:37 - INFO - Processing shard 6 of part 5 in subdirectory 22011.
2024-12-17 03:34:39 - INFO - Processing shard 7 of part 5 in subdirectory 22011.
2024-12-17 03:45:51 - INFO - Processing shard 8 of part 5 in subdirectory 22011.
2024-12-17 03:56:44 - INFO - Processing shard 9 of part 5 in subdirectory 22011.
2024-12-17 04:07:52 - INFO - Processing shard 10 of part 5 in subdirectory 22011.
2024-12-17 04:22:44 - INFO - Processing shard 11 of part 5 in subdirectory 22011.
2024-12-17 04:36:13 - INFO - Processing shard 12 of part 5 in subdirectory 22011.
2024-12-17 04:46:58 - INFO - Processing shard 13 of part 5 in subdirectory 22011.
2024-12-17 04:58:04 - INFO - Processing shard 14 of part 5 in subdirectory 22011.
2024-12-17 05:09:30 - INFO - Processing shard 15 of part 5 in subdirectory 22011.
2024-12-17 05:20:47 - INFO - Processing shard 16 of part 5 in subdirectory 22011.
2024-12-17 05:36:39 - INFO - Processing shard 17 of part 5 in subdirectory 22011.
2024-12-17 05:47:52 - INFO - Processing shard 18 of part 5 in subdirectory 22011.
2024-12-17 05:58:34 - INFO - Processing shard 19 of part 5 in subdirectory 22011.
2024-12-17 06:12:51 - INFO - Processing shard 20 of part 5 in subdirectory 22011.
2024-12-17 06:25:09 - INFO - Processing shard 21 of part 5 in subdirectory 22011.
2024-12-17 06:26:40 - INFO - PMTfication completed.
