2025-01-15 14:32:45 - INFO - PMTfication by part starts...
2025-01-15 14:32:45 - INFO - Processing file: merged_part_4.db
2025-01-15 14:32:45 - INFO - Using up to 40 workers.
2025-01-15 14:32:57 - INFO - Processing shard 1 of part 4 in subdirectory 22011.
2025-01-15 14:49:30 - INFO - Processing shard 2 of part 4 in subdirectory 22011.
2025-01-15 14:59:45 - INFO - Processing shard 3 of part 4 in subdirectory 22011.
2025-01-15 15:13:50 - INFO - Processing shard 4 of part 4 in subdirectory 22011.
2025-01-15 15:27:27 - INFO - Processing shard 5 of part 4 in subdirectory 22011.
2025-01-15 15:41:40 - INFO - Processing shard 6 of part 4 in subdirectory 22011.
2025-01-15 15:52:48 - INFO - Processing shard 7 of part 4 in subdirectory 22011.
2025-01-15 16:05:18 - INFO - Processing shard 8 of part 4 in subdirectory 22011.
2025-01-15 16:15:05 - INFO - Processing shard 9 of part 4 in subdirectory 22011.
2025-01-15 16:25:41 - INFO - Processing shard 10 of part 4 in subdirectory 22011.
2025-01-15 16:36:00 - INFO - Processing shard 11 of part 4 in subdirectory 22011.
2025-01-15 16:45:25 - INFO - Processing shard 12 of part 4 in subdirectory 22011.
2025-01-15 16:59:35 - INFO - Processing shard 13 of part 4 in subdirectory 22011.
2025-01-15 17:09:35 - INFO - Processing shard 14 of part 4 in subdirectory 22011.
2025-01-15 17:20:49 - INFO - Processing shard 15 of part 4 in subdirectory 22011.
2025-01-15 17:30:34 - INFO - Processing shard 16 of part 4 in subdirectory 22011.
2025-01-15 17:40:27 - INFO - Processing shard 17 of part 4 in subdirectory 22011.
2025-01-15 17:50:12 - INFO - Processing shard 18 of part 4 in subdirectory 22011.
2025-01-15 18:04:10 - INFO - Processing shard 19 of part 4 in subdirectory 22011.
2025-01-15 18:13:22 - INFO - Processing shard 20 of part 4 in subdirectory 22011.
2025-01-15 18:25:18 - INFO - Processing shard 21 of part 4 in subdirectory 22011.
2025-01-15 18:28:00 - INFO - PMTfication completed.
