2025-02-12 13:27:36 - INFO - PMTfication by part starts...
2025-02-12 13:27:36 - INFO - Processing file: merged_part_8.db
2025-02-12 13:27:36 - INFO - Using up to 40 workers.
2025-02-12 13:27:46 - INFO - Processing shard 1 of part 8 in subdirectory 22011.
2025-02-12 13:40:32 - INFO - Processing shard 2 of part 8 in subdirectory 22011.
2025-02-12 13:45:56 - INFO - Processing shard 3 of part 8 in subdirectory 22011.
2025-02-12 13:51:03 - INFO - Processing shard 4 of part 8 in subdirectory 22011.
2025-02-12 13:57:09 - INFO - Processing shard 5 of part 8 in subdirectory 22011.
2025-02-12 14:02:14 - INFO - Processing shard 6 of part 8 in subdirectory 22011.
2025-02-12 14:07:20 - INFO - Processing shard 7 of part 8 in subdirectory 22011.
2025-02-12 14:12:29 - INFO - Processing shard 8 of part 8 in subdirectory 22011.
2025-02-12 14:17:39 - INFO - Processing shard 9 of part 8 in subdirectory 22011.
2025-02-12 14:23:53 - INFO - Processing shard 10 of part 8 in subdirectory 22011.
2025-02-12 14:29:02 - INFO - Processing shard 11 of part 8 in subdirectory 22011.
2025-02-12 14:36:28 - INFO - Processing shard 12 of part 8 in subdirectory 22011.
2025-02-12 14:41:48 - INFO - Processing shard 13 of part 8 in subdirectory 22011.
2025-02-12 14:47:14 - INFO - Processing shard 14 of part 8 in subdirectory 22011.
2025-02-12 14:52:24 - INFO - Processing shard 15 of part 8 in subdirectory 22011.
2025-02-12 14:57:35 - INFO - Processing shard 16 of part 8 in subdirectory 22011.
2025-02-12 15:03:25 - INFO - Processing shard 17 of part 8 in subdirectory 22011.
2025-02-12 15:09:04 - INFO - Processing shard 18 of part 8 in subdirectory 22011.
2025-02-12 15:14:11 - INFO - Processing shard 19 of part 8 in subdirectory 22011.
2025-02-12 15:19:20 - INFO - Processing shard 20 of part 8 in subdirectory 22011.
2025-02-12 15:24:23 - INFO - Processing shard 21 of part 8 in subdirectory 22011.
2025-02-12 15:25:39 - INFO - PMTfication completed.
