2025-02-12 10:54:32 - INFO - PMTfication by part starts...
2025-02-12 10:54:32 - INFO - Processing file: merged_part_2.db
2025-02-12 10:54:32 - INFO - Using up to 40 workers.
2025-02-12 10:54:33 - INFO - Processing shard 1 of part 2 in subdirectory 22011.
2025-02-12 11:11:28 - INFO - Processing shard 2 of part 2 in subdirectory 22011.
2025-02-12 11:21:02 - INFO - Processing shard 3 of part 2 in subdirectory 22011.
2025-02-12 11:30:29 - INFO - Processing shard 4 of part 2 in subdirectory 22011.
2025-02-12 11:40:05 - INFO - Processing shard 5 of part 2 in subdirectory 22011.
2025-02-12 11:54:16 - INFO - Processing shard 6 of part 2 in subdirectory 22011.
2025-02-12 12:09:01 - INFO - Processing shard 7 of part 2 in subdirectory 22011.
2025-02-12 12:22:48 - INFO - Processing shard 8 of part 2 in subdirectory 22011.
2025-02-12 12:36:32 - INFO - Processing shard 9 of part 2 in subdirectory 22011.
2025-02-12 12:48:50 - INFO - Processing shard 10 of part 2 in subdirectory 22011.
2025-02-12 13:01:29 - INFO - Processing shard 11 of part 2 in subdirectory 22011.
2025-02-12 13:11:44 - INFO - Processing shard 12 of part 2 in subdirectory 22011.
2025-02-12 13:21:40 - INFO - Processing shard 13 of part 2 in subdirectory 22011.
2025-02-12 13:31:40 - INFO - Processing shard 14 of part 2 in subdirectory 22011.
2025-02-12 13:41:45 - INFO - Processing shard 15 of part 2 in subdirectory 22011.
2025-02-12 13:53:10 - INFO - Processing shard 16 of part 2 in subdirectory 22011.
2025-02-12 14:03:47 - INFO - Processing shard 17 of part 2 in subdirectory 22011.
2025-02-12 14:15:25 - INFO - Processing shard 18 of part 2 in subdirectory 22011.
2025-02-12 14:27:53 - INFO - Processing shard 19 of part 2 in subdirectory 22011.
2025-02-12 14:37:34 - INFO - Processing shard 20 of part 2 in subdirectory 22011.
2025-02-12 14:46:31 - INFO - Processing shard 21 of part 2 in subdirectory 22011.
2025-02-12 14:48:42 - INFO - PMTfication completed.
