2025-01-15 14:32:45 - INFO - PMTfication by part starts...
2025-01-15 14:32:45 - INFO - Processing file: merged_part_2.db
2025-01-15 14:32:45 - INFO - Using up to 40 workers.
2025-01-15 14:32:57 - INFO - Processing shard 1 of part 2 in subdirectory 22011.
2025-01-15 14:49:48 - INFO - Processing shard 2 of part 2 in subdirectory 22011.
2025-01-15 14:58:51 - INFO - Processing shard 3 of part 2 in subdirectory 22011.
2025-01-15 15:13:20 - INFO - Processing shard 4 of part 2 in subdirectory 22011.
2025-01-15 15:22:43 - INFO - Processing shard 5 of part 2 in subdirectory 22011.
2025-01-15 15:32:01 - INFO - Processing shard 6 of part 2 in subdirectory 22011.
2025-01-15 15:41:21 - INFO - Processing shard 7 of part 2 in subdirectory 22011.
2025-01-15 15:53:44 - INFO - Processing shard 8 of part 2 in subdirectory 22011.
2025-01-15 16:04:00 - INFO - Processing shard 9 of part 2 in subdirectory 22011.
2025-01-15 16:17:08 - INFO - Processing shard 10 of part 2 in subdirectory 22011.
2025-01-15 16:26:42 - INFO - Processing shard 11 of part 2 in subdirectory 22011.
2025-01-15 16:36:22 - INFO - Processing shard 12 of part 2 in subdirectory 22011.
2025-01-15 16:45:57 - INFO - Processing shard 13 of part 2 in subdirectory 22011.
2025-01-15 16:58:38 - INFO - Processing shard 14 of part 2 in subdirectory 22011.
2025-01-15 17:07:36 - INFO - Processing shard 15 of part 2 in subdirectory 22011.
2025-01-15 17:19:29 - INFO - Processing shard 16 of part 2 in subdirectory 22011.
2025-01-15 17:33:27 - INFO - Processing shard 17 of part 2 in subdirectory 22011.
2025-01-15 17:42:25 - INFO - Processing shard 18 of part 2 in subdirectory 22011.
2025-01-15 17:51:17 - INFO - Processing shard 19 of part 2 in subdirectory 22011.
2025-01-15 18:00:27 - INFO - Processing shard 20 of part 2 in subdirectory 22011.
2025-01-15 18:09:51 - INFO - Processing shard 21 of part 2 in subdirectory 22011.
2025-01-15 18:11:59 - INFO - PMTfication completed.
