2025-02-12 10:54:33 - INFO - PMTfication by part starts...
2025-02-12 10:54:33 - INFO - Processing file: merged_part_1.db
2025-02-12 10:54:33 - INFO - Using up to 40 workers.
2025-02-12 10:54:44 - INFO - Processing shard 1 of part 1 in subdirectory 22011.
2025-02-12 11:14:12 - INFO - Processing shard 2 of part 1 in subdirectory 22011.
2025-02-12 11:30:02 - INFO - Processing shard 3 of part 1 in subdirectory 22011.
2025-02-12 11:48:06 - INFO - Processing shard 4 of part 1 in subdirectory 22011.
2025-02-12 12:04:12 - INFO - Processing shard 5 of part 1 in subdirectory 22011.
2025-02-12 12:17:24 - INFO - Processing shard 6 of part 1 in subdirectory 22011.
2025-02-12 12:31:30 - INFO - Processing shard 7 of part 1 in subdirectory 22011.
2025-02-12 12:46:22 - INFO - Processing shard 8 of part 1 in subdirectory 22011.
2025-02-12 12:59:50 - INFO - Processing shard 9 of part 1 in subdirectory 22011.
2025-02-12 13:13:29 - INFO - Processing shard 10 of part 1 in subdirectory 22011.
2025-02-12 13:27:35 - INFO - Processing shard 11 of part 1 in subdirectory 22011.
2025-02-12 13:41:09 - INFO - Processing shard 12 of part 1 in subdirectory 22011.
2025-02-12 13:54:33 - INFO - Processing shard 13 of part 1 in subdirectory 22011.
2025-02-12 14:06:39 - INFO - Processing shard 14 of part 1 in subdirectory 22011.
2025-02-12 14:18:59 - INFO - Processing shard 15 of part 1 in subdirectory 22011.
2025-02-12 14:30:48 - INFO - Processing shard 16 of part 1 in subdirectory 22011.
2025-02-12 14:43:47 - INFO - Processing shard 17 of part 1 in subdirectory 22011.
2025-02-12 15:01:30 - INFO - Processing shard 18 of part 1 in subdirectory 22011.
2025-02-12 15:12:53 - INFO - Processing shard 19 of part 1 in subdirectory 22011.
2025-02-12 15:23:30 - INFO - Processing shard 20 of part 1 in subdirectory 22011.
2025-02-12 15:33:52 - INFO - Processing shard 21 of part 1 in subdirectory 22011.
2025-02-12 15:35:26 - INFO - PMTfication completed.
