2025-02-12 10:54:32 - INFO - PMTfication by part starts...
2025-02-12 10:54:32 - INFO - Processing file: merged_part_4.db
2025-02-12 10:54:32 - INFO - Using up to 40 workers.
2025-02-12 10:54:33 - INFO - Processing shard 1 of part 4 in subdirectory 22011.
2025-02-12 11:11:18 - INFO - Processing shard 2 of part 4 in subdirectory 22011.
2025-02-12 11:25:22 - INFO - Processing shard 3 of part 4 in subdirectory 22011.
2025-02-12 11:39:29 - INFO - Processing shard 4 of part 4 in subdirectory 22011.
2025-02-12 11:53:53 - INFO - Processing shard 5 of part 4 in subdirectory 22011.
2025-02-12 12:09:25 - INFO - Processing shard 6 of part 4 in subdirectory 22011.
2025-02-12 12:23:37 - INFO - Processing shard 7 of part 4 in subdirectory 22011.
2025-02-12 12:34:53 - INFO - Processing shard 8 of part 4 in subdirectory 22011.
2025-02-12 12:45:33 - INFO - Processing shard 9 of part 4 in subdirectory 22011.
2025-02-12 12:55:56 - INFO - Processing shard 10 of part 4 in subdirectory 22011.
2025-02-12 13:06:18 - INFO - Processing shard 11 of part 4 in subdirectory 22011.
2025-02-12 13:16:09 - INFO - Processing shard 12 of part 4 in subdirectory 22011.
2025-02-12 13:30:04 - INFO - Processing shard 13 of part 4 in subdirectory 22011.
2025-02-12 13:40:51 - INFO - Processing shard 14 of part 4 in subdirectory 22011.
2025-02-12 13:52:46 - INFO - Processing shard 15 of part 4 in subdirectory 22011.
2025-02-12 14:02:04 - INFO - Processing shard 16 of part 4 in subdirectory 22011.
2025-02-12 14:11:30 - INFO - Processing shard 17 of part 4 in subdirectory 22011.
2025-02-12 14:22:31 - INFO - Processing shard 18 of part 4 in subdirectory 22011.
2025-02-12 14:37:00 - INFO - Processing shard 19 of part 4 in subdirectory 22011.
2025-02-12 14:47:00 - INFO - Processing shard 20 of part 4 in subdirectory 22011.
2025-02-12 14:59:38 - INFO - Processing shard 21 of part 4 in subdirectory 22011.
2025-02-12 15:02:42 - INFO - PMTfication completed.
