2024-11-28 18:24:06 - INFO - PMTfication by part starts...
2024-11-28 18:24:06 - INFO - Processing file: merged_part_1.db
2024-11-28 18:24:06 - INFO - Using up to 32 workers.
2024-11-28 18:24:26 - INFO - Processing shard 1 of part 1 in subdirectory 22011.
2024-11-28 18:37:48 - INFO - Processing shard 2 of part 1 in subdirectory 22011.
2024-11-28 18:47:12 - INFO - Processing shard 3 of part 1 in subdirectory 22011.
2024-11-28 18:52:19 - INFO - Processing shard 4 of part 1 in subdirectory 22011.
2024-11-28 18:57:30 - INFO - Processing shard 5 of part 1 in subdirectory 22011.
2024-11-28 19:02:42 - INFO - Processing shard 6 of part 1 in subdirectory 22011.
2024-11-28 19:07:52 - INFO - Processing shard 7 of part 1 in subdirectory 22011.
2024-11-28 19:12:53 - INFO - Processing shard 8 of part 1 in subdirectory 22011.
2024-11-28 19:18:03 - INFO - Processing shard 9 of part 1 in subdirectory 22011.
2024-11-28 19:23:12 - INFO - Processing shard 10 of part 1 in subdirectory 22011.
2024-11-28 19:28:17 - INFO - Processing shard 11 of part 1 in subdirectory 22011.
2024-11-28 19:35:08 - INFO - Processing shard 12 of part 1 in subdirectory 22011.
2024-11-28 19:42:02 - INFO - Processing shard 13 of part 1 in subdirectory 22011.
2024-11-28 19:51:30 - INFO - Processing shard 14 of part 1 in subdirectory 22011.
2024-11-28 19:56:54 - INFO - Processing shard 15 of part 1 in subdirectory 22011.
2024-11-28 20:03:02 - INFO - Processing shard 16 of part 1 in subdirectory 22011.
2024-11-28 20:08:08 - INFO - Processing shard 17 of part 1 in subdirectory 22011.
2024-11-28 20:13:11 - INFO - Processing shard 18 of part 1 in subdirectory 22011.
2024-11-28 20:18:15 - INFO - Processing shard 19 of part 1 in subdirectory 22011.
2024-11-28 20:23:22 - INFO - Processing shard 20 of part 1 in subdirectory 22011.
2024-11-28 20:28:28 - INFO - Processing shard 21 of part 1 in subdirectory 22011.
2024-11-28 20:29:18 - INFO - PMTfication completed.
