2024-11-29 17:59:14 - INFO - PMTfication by part starts...
2024-11-29 17:59:14 - INFO - Processing file: merged_part_1.db
2024-11-29 17:59:14 - INFO - Using up to 32 workers.
2024-11-29 17:59:32 - INFO - Processing shard 1 of part 1 in subdirectory 22011.
2024-11-29 18:17:23 - INFO - Processing shard 2 of part 1 in subdirectory 22011.
2024-11-29 18:26:56 - INFO - Processing shard 3 of part 1 in subdirectory 22011.
2024-11-29 18:38:21 - INFO - Processing shard 4 of part 1 in subdirectory 22011.
2024-11-29 18:47:57 - INFO - Processing shard 5 of part 1 in subdirectory 22011.
2024-11-29 18:57:29 - INFO - Processing shard 6 of part 1 in subdirectory 22011.
2024-11-29 19:10:14 - INFO - Processing shard 7 of part 1 in subdirectory 22011.
2024-11-29 19:21:15 - INFO - Processing shard 8 of part 1 in subdirectory 22011.
2024-11-29 19:30:54 - INFO - Processing shard 9 of part 1 in subdirectory 22011.
2024-11-29 19:43:11 - INFO - Processing shard 10 of part 1 in subdirectory 22011.
2024-11-29 19:53:13 - INFO - Processing shard 11 of part 1 in subdirectory 22011.
2024-11-29 20:02:46 - INFO - Processing shard 12 of part 1 in subdirectory 22011.
2024-11-29 20:16:21 - INFO - Processing shard 13 of part 1 in subdirectory 22011.
2024-11-29 20:28:34 - INFO - Processing shard 14 of part 1 in subdirectory 22011.
2024-11-29 20:38:02 - INFO - Processing shard 15 of part 1 in subdirectory 22011.
2024-11-29 20:47:22 - INFO - Processing shard 16 of part 1 in subdirectory 22011.
2024-11-29 21:00:04 - INFO - Processing shard 17 of part 1 in subdirectory 22011.
2024-11-29 21:09:26 - INFO - Processing shard 18 of part 1 in subdirectory 22011.
2024-11-29 21:20:23 - INFO - Processing shard 19 of part 1 in subdirectory 22011.
2024-11-29 21:33:18 - INFO - Processing shard 20 of part 1 in subdirectory 22011.
2024-11-29 21:42:42 - INFO - Processing shard 21 of part 1 in subdirectory 22011.
2024-11-29 21:43:28 - INFO - PMTfication completed.
