nohup: ignoring input
2025-02-21 19:15:07 - INFO - PMTfication starts...
2025-02-21 19:15:07 - INFO - The number of files in the subdirectory: 2
2025-02-21 19:15:07 - INFO - The number of files in the subdirectory: 2
2025-02-21 19:15:07 - INFO - Using up to 1 workers.
2025-02-21 19:15:07 - INFO - PMTfying Snowstorm...
2025-02-21 19:15:07 - INFO - Found 2 database files in subdirectory 99999.
Processing 99999:   0%|          | 0/2 [00:00<?, ?it/s]2025-02-21 19:15:07 - INFO - Processing shard 1 of part 98 in subdirectory 99999.
2025-02-21 19:15:09 - INFO - Processing shard 2 of part 98 in subdirectory 99999.
2025-02-21 19:15:14 - INFO - Processing shard 3 of part 98 in subdirectory 99999.
2025-02-21 19:15:18 - INFO - Processing shard 4 of part 98 in subdirectory 99999.
2025-02-21 19:15:22 - INFO - Processing shard 5 of part 98 in subdirectory 99999.
2025-02-21 19:15:26 - INFO - Processing shard 6 of part 98 in subdirectory 99999.
2025-02-21 19:15:31 - INFO - Processing shard 7 of part 98 in subdirectory 99999.
2025-02-21 19:15:35 - INFO - Processing shard 8 of part 98 in subdirectory 99999.
2025-02-21 19:15:36 - INFO - Finished processing database file: merged_part_98.db
Processing 99999:  50%|█████     | 1/2 [00:29<00:29, 29.80s/it]2025-02-21 19:15:36 - INFO - Processing shard 1 of part 99 in subdirectory 99999.
2025-02-21 19:15:42 - INFO - Processing shard 2 of part 99 in subdirectory 99999.
2025-02-21 19:15:44 - INFO - Processing shard 3 of part 99 in subdirectory 99999.
2025-02-21 19:15:49 - INFO - Processing shard 4 of part 99 in subdirectory 99999.
2025-02-21 19:15:52 - INFO - Processing shard 5 of part 99 in subdirectory 99999.
2025-02-21 19:15:56 - INFO - Processing shard 6 of part 99 in subdirectory 99999.
2025-02-21 19:16:00 - INFO - Processing shard 7 of part 99 in subdirectory 99999.
2025-02-21 19:16:04 - INFO - Processing shard 8 of part 99 in subdirectory 99999.
2025-02-21 19:16:08 - INFO - Finished processing database file: merged_part_99.db
Processing 99999: 100%|██████████| 2/2 [01:01<00:00, 30.63s/it]Processing 99999: 100%|██████████| 2/2 [01:01<00:00, 30.50s/it]
2025-02-21 19:16:08 - INFO - PMTfication for Snowstorm completed.
2025-02-21 19:16:08 - INFO - PMTfying Corsika...
2025-02-21 19:16:08 - INFO - Found 2 database files in subdirectory 9999999-9999999.
Processing 9999999-9999999:   0%|          | 0/2 [00:00<?, ?it/s]2025-02-21 19:16:08 - INFO - Processing shard 1 of part 96 in subdirectory 9999999-9999999.
2025-02-21 19:16:11 - INFO - Processing shard 2 of part 96 in subdirectory 9999999-9999999.
2025-02-21 19:16:13 - INFO - Processing shard 3 of part 96 in subdirectory 9999999-9999999.
2025-02-21 19:16:17 - INFO - Processing shard 4 of part 96 in subdirectory 9999999-9999999.
2025-02-21 19:16:20 - INFO - Processing shard 5 of part 96 in subdirectory 9999999-9999999.
2025-02-21 19:16:23 - INFO - Processing shard 6 of part 96 in subdirectory 9999999-9999999.
2025-02-21 19:16:23 - INFO - Finished processing database file: merged_part_96.db
Processing 9999999-9999999:  50%|█████     | 1/2 [00:15<00:15, 15.68s/it]2025-02-21 19:16:23 - INFO - Processing shard 1 of part 97 in subdirectory 9999999-9999999.
2025-02-21 19:16:27 - INFO - Processing shard 2 of part 97 in subdirectory 9999999-9999999.
2025-02-21 19:16:29 - INFO - Processing shard 3 of part 97 in subdirectory 9999999-9999999.
2025-02-21 19:16:29 - INFO - Finished processing database file: merged_part_97.db
Processing 9999999-9999999: 100%|██████████| 2/2 [00:21<00:00,  9.87s/it]Processing 9999999-9999999: 100%|██████████| 2/2 [00:21<00:00, 10.74s/it]
2025-02-21 19:16:29 - INFO - PMTfication for Corsika completed.
2025-02-21 19:16:29 - INFO - PMTfication completed.
