Starting job at Thu Feb 13 05:56:54 PM CET 2025
Running Filter_by_part.py for subdirectory 22015, part 9
2025-02-13 17:56:55 - INFO - Event filtering process starts...
2025-02-13 17:56:55 - INFO - Initialized PureNeutrinoEventFilter
2025-02-13 17:56:55 - INFO - Starting filtering process for 22015/9
2025-02-13 17:56:55 - INFO - Loaded 20 event specifier files from /lustre/hpc/project/icecube/HE_Nu_Aske_Oct2024/clean_events_dict/22015/22015/reduced
2025-02-13 17:56:55 - INFO - Selected 10 CSV files covering event range [10234, 19548]
2025-02-13 17:56:56 - INFO - Loaded 188257 valid (RunID, EventID) pairs from CSV files
2025-02-13 17:56:57 - INFO - Recalculated 'offset' column based on filtered 'N_doms' values.
2025-02-13 17:56:57 - INFO - Filtered truth file saved to: /lustre/hpc/project/icecube/HE_Nu_Aske_Oct2024/PMTfied_filtered/PureNu/Snowstorm/22015/truth_9.parquet
2025-02-13 17:56:57 - INFO - Receipt file saved to: /lustre/hpc/project/icecube/HE_Nu_Aske_Oct2024/PMTfied_filtered/PureNu/Snowstorm/22015/[Receipt]22015_9.json
2025-02-13 17:56:58 - INFO - Filtered PMTfied file saved to: /lustre/hpc/project/icecube/HE_Nu_Aske_Oct2024/PMTfied_filtered/PureNu/Snowstorm/22015/9/PMTfied_12.parquet
2025-02-13 17:56:59 - INFO - Filtered PMTfied file saved to: /lustre/hpc/project/icecube/HE_Nu_Aske_Oct2024/PMTfied_filtered/PureNu/Snowstorm/22015/9/PMTfied_3.parquet
2025-02-13 17:57:01 - INFO - Filtered PMTfied file saved to: /lustre/hpc/project/icecube/HE_Nu_Aske_Oct2024/PMTfied_filtered/PureNu/Snowstorm/22015/9/PMTfied_7.parquet
2025-02-13 17:57:02 - INFO - Filtered PMTfied file saved to: /lustre/hpc/project/icecube/HE_Nu_Aske_Oct2024/PMTfied_filtered/PureNu/Snowstorm/22015/9/PMTfied_13.parquet
2025-02-13 17:57:04 - INFO - Filtered PMTfied file saved to: /lustre/hpc/project/icecube/HE_Nu_Aske_Oct2024/PMTfied_filtered/PureNu/Snowstorm/22015/9/PMTfied_2.parquet
2025-02-13 17:57:05 - INFO - Filtered PMTfied file saved to: /lustre/hpc/project/icecube/HE_Nu_Aske_Oct2024/PMTfied_filtered/PureNu/Snowstorm/22015/9/PMTfied_6.parquet
2025-02-13 17:57:07 - INFO - Filtered PMTfied file saved to: /lustre/hpc/project/icecube/HE_Nu_Aske_Oct2024/PMTfied_filtered/PureNu/Snowstorm/22015/9/PMTfied_11.parquet
2025-02-13 17:57:07 - INFO - Filtered PMTfied file saved to: /lustre/hpc/project/icecube/HE_Nu_Aske_Oct2024/PMTfied_filtered/PureNu/Snowstorm/22015/9/PMTfied_15.parquet
2025-02-13 17:57:09 - INFO - Filtered PMTfied file saved to: /lustre/hpc/project/icecube/HE_Nu_Aske_Oct2024/PMTfied_filtered/PureNu/Snowstorm/22015/9/PMTfied_4.parquet
2025-02-13 17:57:10 - INFO - Filtered PMTfied file saved to: /lustre/hpc/project/icecube/HE_Nu_Aske_Oct2024/PMTfied_filtered/PureNu/Snowstorm/22015/9/PMTfied_8.parquet
2025-02-13 17:57:11 - INFO - Filtered PMTfied file saved to: /lustre/hpc/project/icecube/HE_Nu_Aske_Oct2024/PMTfied_filtered/PureNu/Snowstorm/22015/9/PMTfied_10.parquet
2025-02-13 17:57:12 - INFO - Filtered PMTfied file saved to: /lustre/hpc/project/icecube/HE_Nu_Aske_Oct2024/PMTfied_filtered/PureNu/Snowstorm/22015/9/PMTfied_14.parquet
2025-02-13 17:57:14 - INFO - Filtered PMTfied file saved to: /lustre/hpc/project/icecube/HE_Nu_Aske_Oct2024/PMTfied_filtered/PureNu/Snowstorm/22015/9/PMTfied_9.parquet
2025-02-13 17:57:16 - INFO - Filtered PMTfied file saved to: /lustre/hpc/project/icecube/HE_Nu_Aske_Oct2024/PMTfied_filtered/PureNu/Snowstorm/22015/9/PMTfied_1.parquet
2025-02-13 17:57:17 - INFO - Filtered PMTfied file saved to: /lustre/hpc/project/icecube/HE_Nu_Aske_Oct2024/PMTfied_filtered/PureNu/Snowstorm/22015/9/PMTfied_5.parquet
2025-02-13 17:57:17 - INFO - Filtering process completed.
2025-02-13 17:57:17 - INFO - Filtering process completed for all selected filters.
2025-02-13 17:57:17 - INFO - Execution time: 22.39 seconds
2025-02-13 17:57:17 - INFO - Updated receipt with execution time: /lustre/hpc/project/icecube/HE_Nu_Aske_Oct2024/PMTfied_filtered/PureNu/Snowstorm/22015/[Receipt]22015_9.json
Job completed at Thu Feb 13 05:57:17 PM CET 2025
