Starting job at Sat Feb 15 01:50:19 PM CET 2025
Running Filter_by_part.py for subdirectory 22015, part 8
2025-02-15 13:50:19 - INFO - Event filtering process starts...
2025-02-15 13:50:19 - INFO - Initialized PureNeutrinoEventFilter filter for 22015/8
2025-02-15 13:50:20 - INFO - Loaded 20 event specifier files from /lustre/hpc/project/icecube/HE_Nu_Aske_Oct2024/clean_events_dict/22015/22015/reduced
2025-02-15 13:50:20 - INFO - Selected 5 CSV files covering event range [10149, 14970]
2025-02-15 13:50:20 - INFO - Loaded 94252 valid (RunID, EventID) pairs from CSV files
2025-02-15 13:50:20 - INFO - Extracted 21496 valid events based on pure neutrino events.
2025-02-15 13:50:20 - INFO - Initialized Muon13Filter filter for 22015/8
2025-02-15 13:50:20 - INFO - Extracted 24545 valid events where MuonFilter_13==True.
2025-02-15 13:50:20 - INFO - Initialized CompositeEventFilter filter for 22015/8
2025-02-15 13:50:20 - INFO - Initialized (MuonLike_PureNu)
2025-02-15 13:50:20 - INFO - Starting filtering process for 22015/8
2025-02-15 13:50:20 - INFO - Starting filtering process for 22015/8
2025-02-15 13:50:21 - INFO - Recalculated 'offset' column based on filtered 'N_doms' values.
2025-02-15 13:50:21 - INFO - Filtered truth file saved to: /lustre/hpc/project/icecube/HE_Nu_Aske_Oct2024/PMTfied_filtered/Snowstorm/MuonLike_PureNu/22015/truth_8.parquet
2025-02-15 13:50:22 - INFO - Filtered PMTfied file saved to: /lustre/hpc/project/icecube/HE_Nu_Aske_Oct2024/PMTfied_filtered/Snowstorm/MuonLike_PureNu/22015/8/PMTfied_7.parquet
2025-02-15 13:50:24 - INFO - Filtered PMTfied file saved to: /lustre/hpc/project/icecube/HE_Nu_Aske_Oct2024/PMTfied_filtered/Snowstorm/MuonLike_PureNu/22015/8/PMTfied_3.parquet
2025-02-15 13:50:27 - INFO - Filtered PMTfied file saved to: /lustre/hpc/project/icecube/HE_Nu_Aske_Oct2024/PMTfied_filtered/Snowstorm/MuonLike_PureNu/22015/8/PMTfied_14.parquet
2025-02-15 13:50:28 - INFO - Filtered PMTfied file saved to: /lustre/hpc/project/icecube/HE_Nu_Aske_Oct2024/PMTfied_filtered/Snowstorm/MuonLike_PureNu/22015/8/PMTfied_10.parquet
2025-02-15 13:50:29 - INFO - Filtered PMTfied file saved to: /lustre/hpc/project/icecube/HE_Nu_Aske_Oct2024/PMTfied_filtered/Snowstorm/MuonLike_PureNu/22015/8/PMTfied_6.parquet
2025-02-15 13:50:31 - INFO - Filtered PMTfied file saved to: /lustre/hpc/project/icecube/HE_Nu_Aske_Oct2024/PMTfied_filtered/Snowstorm/MuonLike_PureNu/22015/8/PMTfied_2.parquet
2025-02-15 13:50:32 - INFO - Filtered PMTfied file saved to: /lustre/hpc/project/icecube/HE_Nu_Aske_Oct2024/PMTfied_filtered/Snowstorm/MuonLike_PureNu/22015/8/PMTfied_11.parquet
2025-02-15 13:50:33 - INFO - Filtered PMTfied file saved to: /lustre/hpc/project/icecube/HE_Nu_Aske_Oct2024/PMTfied_filtered/Snowstorm/MuonLike_PureNu/22015/8/PMTfied_8.parquet
2025-02-15 13:50:40 - INFO - Filtered PMTfied file saved to: /lustre/hpc/project/icecube/HE_Nu_Aske_Oct2024/PMTfied_filtered/Snowstorm/MuonLike_PureNu/22015/8/PMTfied_4.parquet
2025-02-15 13:50:41 - INFO - Filtered PMTfied file saved to: /lustre/hpc/project/icecube/HE_Nu_Aske_Oct2024/PMTfied_filtered/Snowstorm/MuonLike_PureNu/22015/8/PMTfied_13.parquet
2025-02-15 13:50:55 - INFO - Filtered PMTfied file saved to: /lustre/hpc/project/icecube/HE_Nu_Aske_Oct2024/PMTfied_filtered/Snowstorm/MuonLike_PureNu/22015/8/PMTfied_5.parquet
2025-02-15 13:50:56 - INFO - Filtered PMTfied file saved to: /lustre/hpc/project/icecube/HE_Nu_Aske_Oct2024/PMTfied_filtered/Snowstorm/MuonLike_PureNu/22015/8/PMTfied_1.parquet
2025-02-15 13:50:57 - INFO - Filtered PMTfied file saved to: /lustre/hpc/project/icecube/HE_Nu_Aske_Oct2024/PMTfied_filtered/Snowstorm/MuonLike_PureNu/22015/8/PMTfied_9.parquet
2025-02-15 13:51:16 - INFO - Filtered PMTfied file saved to: /lustre/hpc/project/icecube/HE_Nu_Aske_Oct2024/PMTfied_filtered/Snowstorm/MuonLike_PureNu/22015/8/PMTfied_12.parquet
2025-02-15 13:51:16 - INFO - Filtering process completed.
2025-02-15 13:51:16 - INFO - Filtering process completed.
2025-02-15 13:51:19 - INFO - Unified receipt generated: /lustre/hpc/project/icecube/HE_Nu_Aske_Oct2024/PMTfied_filtered/Snowstorm/MuonLike_PureNu/22015/[Receipt]22015_8.json
2025-02-15 13:51:19 - INFO - Filtering process completed.
Job completed at Sat Feb 15 01:51:19 PM CET 2025
