Starting job at Mon Feb 17 04:17:43 PM CET 2025
Running Filter_by_part.py for subdirectory 22015, part 7
2025-02-17 16:17:43 - INFO - Event filtering process starts...
2025-02-17 16:17:43 - INFO - Initialized PureNeutrinoEventFilter filter for 22015/7
2025-02-17 16:17:43 - INFO - Loaded 20 event specifier files from /lustre/hpc/project/icecube/HE_Nu_Aske_Oct2024/clean_events_dict/22015/22015/reduced
2025-02-17 16:17:43 - INFO - Selected 5 CSV files covering event range [10028, 14880]
2025-02-17 16:17:43 - INFO - Loaded 94252 valid (RunID, EventID) pairs from CSV files
2025-02-17 16:17:43 - INFO - Extracted 21274 valid events based on pure neutrino events.
2025-02-17 16:17:43 - INFO - Initialized Muon13Filter filter for 22015/7
2025-02-17 16:17:44 - INFO - Extracted 24281 valid events where MuonFilter_13==True.
2025-02-17 16:17:44 - INFO - Initialized CompositeEventFilter filter for 22015/7
2025-02-17 16:17:44 - INFO - Initialized (MuonLike_PureNu)
2025-02-17 16:17:44 - INFO - Starting filtering process for 22015/7
2025-02-17 16:17:44 - INFO - Starting filtering process for 22015/7
2025-02-17 16:17:44 - INFO - Recalculated 'offset' column based on 'N_doms' values within each 'shard_no' group.
2025-02-17 16:17:44 - INFO - Filtered truth file saved to: /lustre/hpc/project/icecube/HE_Nu_Aske_Oct2024/PMTfied_filtered/Snowstorm/MuonLike_PureNu/22015/truth_7.parquet
2025-02-17 16:17:44 - INFO - Filtered PMTfied file saved to: /lustre/hpc/project/icecube/HE_Nu_Aske_Oct2024/PMTfied_filtered/Snowstorm/MuonLike_PureNu/22015/7/PMTfied_14.parquet
2025-02-17 16:17:45 - INFO - Filtered PMTfied file saved to: /lustre/hpc/project/icecube/HE_Nu_Aske_Oct2024/PMTfied_filtered/Snowstorm/MuonLike_PureNu/22015/7/PMTfied_10.parquet
2025-02-17 16:17:46 - INFO - Filtered PMTfied file saved to: /lustre/hpc/project/icecube/HE_Nu_Aske_Oct2024/PMTfied_filtered/Snowstorm/MuonLike_PureNu/22015/7/PMTfied_6.parquet
2025-02-17 16:17:46 - INFO - Filtered PMTfied file saved to: /lustre/hpc/project/icecube/HE_Nu_Aske_Oct2024/PMTfied_filtered/Snowstorm/MuonLike_PureNu/22015/7/PMTfied_2.parquet
2025-02-17 16:17:47 - INFO - Filtered PMTfied file saved to: /lustre/hpc/project/icecube/HE_Nu_Aske_Oct2024/PMTfied_filtered/Snowstorm/MuonLike_PureNu/22015/7/PMTfied_11.parquet
2025-02-17 16:17:47 - INFO - Filtered PMTfied file saved to: /lustre/hpc/project/icecube/HE_Nu_Aske_Oct2024/PMTfied_filtered/Snowstorm/MuonLike_PureNu/22015/7/PMTfied_7.parquet
2025-02-17 16:17:48 - INFO - Filtered PMTfied file saved to: /lustre/hpc/project/icecube/HE_Nu_Aske_Oct2024/PMTfied_filtered/Snowstorm/MuonLike_PureNu/22015/7/PMTfied_3.parquet
2025-02-17 16:17:48 - INFO - Filtered PMTfied file saved to: /lustre/hpc/project/icecube/HE_Nu_Aske_Oct2024/PMTfied_filtered/Snowstorm/MuonLike_PureNu/22015/7/PMTfied_13.parquet
2025-02-17 16:17:49 - INFO - Filtered PMTfied file saved to: /lustre/hpc/project/icecube/HE_Nu_Aske_Oct2024/PMTfied_filtered/Snowstorm/MuonLike_PureNu/22015/7/PMTfied_9.parquet
2025-02-17 16:17:50 - INFO - Filtered PMTfied file saved to: /lustre/hpc/project/icecube/HE_Nu_Aske_Oct2024/PMTfied_filtered/Snowstorm/MuonLike_PureNu/22015/7/PMTfied_5.parquet
2025-02-17 16:17:50 - INFO - Filtered PMTfied file saved to: /lustre/hpc/project/icecube/HE_Nu_Aske_Oct2024/PMTfied_filtered/Snowstorm/MuonLike_PureNu/22015/7/PMTfied_1.parquet
2025-02-17 16:17:51 - INFO - Filtered PMTfied file saved to: /lustre/hpc/project/icecube/HE_Nu_Aske_Oct2024/PMTfied_filtered/Snowstorm/MuonLike_PureNu/22015/7/PMTfied_12.parquet
2025-02-17 16:17:51 - INFO - Filtered PMTfied file saved to: /lustre/hpc/project/icecube/HE_Nu_Aske_Oct2024/PMTfied_filtered/Snowstorm/MuonLike_PureNu/22015/7/PMTfied_4.parquet
2025-02-17 16:17:52 - INFO - Filtered PMTfied file saved to: /lustre/hpc/project/icecube/HE_Nu_Aske_Oct2024/PMTfied_filtered/Snowstorm/MuonLike_PureNu/22015/7/PMTfied_8.parquet
2025-02-17 16:17:52 - INFO - Filtering process completed.
2025-02-17 16:17:52 - INFO - Filtering process completed.
2025-02-17 16:17:52 - INFO - Unified receipt generated: /lustre/hpc/project/icecube/HE_Nu_Aske_Oct2024/PMTfied_filtered/Snowstorm/MuonLike_PureNu/22015/[Receipt]22015_7.json
2025-02-17 16:17:52 - INFO - Filtering process completed.
Job completed at Mon Feb 17 04:17:52 PM CET 2025
