Starting job at Mon Feb 17 03:59:56 PM CET 2025
Running Filter_by_part.py for subdirectory 22015, part 12
2025-02-17 15:59:57 - INFO - Event filtering process starts...
2025-02-17 15:59:57 - INFO - Initialized PureNeutrinoEventFilter filter for 22015/12
2025-02-17 15:59:57 - INFO - Loaded 20 event specifier files from /lustre/hpc/project/icecube/HE_Nu_Aske_Oct2024/clean_events_dict/22015/22015/reduced
2025-02-17 15:59:57 - INFO - Selected 20 CSV files covering event range [96, 19999]
2025-02-17 15:59:57 - INFO - Loaded 376843 valid (RunID, EventID) pairs from CSV files
2025-02-17 15:59:57 - INFO - Extracted 13672 valid events based on pure neutrino events.
2025-02-17 15:59:57 - INFO - Initialized CompositeEventFilter filter for 22015/12
2025-02-17 15:59:57 - INFO - Initialized (PureNu)
2025-02-17 15:59:57 - INFO - Starting filtering process for 22015/12
2025-02-17 15:59:57 - INFO - Starting filtering process for 22015/12
2025-02-17 15:59:57 - INFO - Recalculated 'offset' column based on 'N_doms' values within each 'shard_no' group.
2025-02-17 15:59:58 - INFO - Filtered truth file saved to: /lustre/hpc/project/icecube/HE_Nu_Aske_Oct2024/PMTfied_filtered/Snowstorm/PureNu/22015/truth_12.parquet
2025-02-17 15:59:58 - INFO - Filtered PMTfied file saved to: /lustre/hpc/project/icecube/HE_Nu_Aske_Oct2024/PMTfied_filtered/Snowstorm/PureNu/22015/12/PMTfied_6.parquet
2025-02-17 15:59:59 - INFO - Filtered PMTfied file saved to: /lustre/hpc/project/icecube/HE_Nu_Aske_Oct2024/PMTfied_filtered/Snowstorm/PureNu/22015/12/PMTfied_2.parquet
2025-02-17 16:00:00 - INFO - Filtered PMTfied file saved to: /lustre/hpc/project/icecube/HE_Nu_Aske_Oct2024/PMTfied_filtered/Snowstorm/PureNu/22015/12/PMTfied_7.parquet
2025-02-17 16:00:00 - INFO - Filtered PMTfied file saved to: /lustre/hpc/project/icecube/HE_Nu_Aske_Oct2024/PMTfied_filtered/Snowstorm/PureNu/22015/12/PMTfied_3.parquet
2025-02-17 16:00:01 - INFO - Filtered PMTfied file saved to: /lustre/hpc/project/icecube/HE_Nu_Aske_Oct2024/PMTfied_filtered/Snowstorm/PureNu/22015/12/PMTfied_5.parquet
2025-02-17 16:00:02 - INFO - Filtered PMTfied file saved to: /lustre/hpc/project/icecube/HE_Nu_Aske_Oct2024/PMTfied_filtered/Snowstorm/PureNu/22015/12/PMTfied_1.parquet
2025-02-17 16:00:02 - INFO - Filtered PMTfied file saved to: /lustre/hpc/project/icecube/HE_Nu_Aske_Oct2024/PMTfied_filtered/Snowstorm/PureNu/22015/12/PMTfied_9.parquet
2025-02-17 16:00:03 - INFO - Filtered PMTfied file saved to: /lustre/hpc/project/icecube/HE_Nu_Aske_Oct2024/PMTfied_filtered/Snowstorm/PureNu/22015/12/PMTfied_8.parquet
2025-02-17 16:00:04 - INFO - Filtered PMTfied file saved to: /lustre/hpc/project/icecube/HE_Nu_Aske_Oct2024/PMTfied_filtered/Snowstorm/PureNu/22015/12/PMTfied_4.parquet
2025-02-17 16:00:04 - INFO - Filtering process completed.
2025-02-17 16:00:04 - INFO - Filtering process completed.
2025-02-17 16:00:04 - INFO - Unified receipt generated: /lustre/hpc/project/icecube/HE_Nu_Aske_Oct2024/PMTfied_filtered/Snowstorm/PureNu/22015/[Receipt]22015_12.json
2025-02-17 16:00:04 - INFO - Filtering process completed.
Job completed at Mon Feb 17 04:00:04 PM CET 2025
