Starting job at Mon Feb 17 04:10:46 PM CET 2025
Running Filter_by_part.py for subdirectory 22015, part 2
2025-02-17 16:10:46 - INFO - Event filtering process starts...
2025-02-17 16:10:46 - INFO - Initialized Muon13Filter filter for 22015/2
2025-02-17 16:10:47 - INFO - Extracted 24553 valid events where MuonFilter_13==True.
2025-02-17 16:10:47 - INFO - Initialized CompositeEventFilter filter for 22015/2
2025-02-17 16:10:47 - INFO - Initialized (MuonLike)
2025-02-17 16:10:47 - INFO - Starting filtering process for 22015/2
2025-02-17 16:10:47 - INFO - Starting filtering process for 22015/2
2025-02-17 16:10:48 - INFO - Recalculated 'offset' column based on 'N_doms' values within each 'shard_no' group.
2025-02-17 16:10:48 - INFO - Filtered truth file saved to: /lustre/hpc/project/icecube/HE_Nu_Aske_Oct2024/PMTfied_filtered/Snowstorm/MuonLike/22015/truth_2.parquet
2025-02-17 16:10:50 - INFO - Filtered PMTfied file saved to: /lustre/hpc/project/icecube/HE_Nu_Aske_Oct2024/PMTfied_filtered/Snowstorm/MuonLike/22015/2/PMTfied_1.parquet
2025-02-17 16:10:51 - INFO - Filtered PMTfied file saved to: /lustre/hpc/project/icecube/HE_Nu_Aske_Oct2024/PMTfied_filtered/Snowstorm/MuonLike/22015/2/PMTfied_5.parquet
2025-02-17 16:10:52 - INFO - Filtered PMTfied file saved to: /lustre/hpc/project/icecube/HE_Nu_Aske_Oct2024/PMTfied_filtered/Snowstorm/MuonLike/22015/2/PMTfied_14.parquet
2025-02-17 16:10:54 - INFO - Filtered PMTfied file saved to: /lustre/hpc/project/icecube/HE_Nu_Aske_Oct2024/PMTfied_filtered/Snowstorm/MuonLike/22015/2/PMTfied_10.parquet
2025-02-17 16:10:55 - INFO - Filtered PMTfied file saved to: /lustre/hpc/project/icecube/HE_Nu_Aske_Oct2024/PMTfied_filtered/Snowstorm/MuonLike/22015/2/PMTfied_9.parquet
2025-02-17 16:10:56 - INFO - Filtered PMTfied file saved to: /lustre/hpc/project/icecube/HE_Nu_Aske_Oct2024/PMTfied_filtered/Snowstorm/MuonLike/22015/2/PMTfied_11.parquet
2025-02-17 16:10:58 - INFO - Filtered PMTfied file saved to: /lustre/hpc/project/icecube/HE_Nu_Aske_Oct2024/PMTfied_filtered/Snowstorm/MuonLike/22015/2/PMTfied_8.parquet
2025-02-17 16:10:59 - INFO - Filtered PMTfied file saved to: /lustre/hpc/project/icecube/HE_Nu_Aske_Oct2024/PMTfied_filtered/Snowstorm/MuonLike/22015/2/PMTfied_4.parquet
2025-02-17 16:11:01 - INFO - Filtered PMTfied file saved to: /lustre/hpc/project/icecube/HE_Nu_Aske_Oct2024/PMTfied_filtered/Snowstorm/MuonLike/22015/2/PMTfied_13.parquet
2025-02-17 16:11:02 - INFO - Filtered PMTfied file saved to: /lustre/hpc/project/icecube/HE_Nu_Aske_Oct2024/PMTfied_filtered/Snowstorm/MuonLike/22015/2/PMTfied_2.parquet
2025-02-17 16:11:04 - INFO - Filtered PMTfied file saved to: /lustre/hpc/project/icecube/HE_Nu_Aske_Oct2024/PMTfied_filtered/Snowstorm/MuonLike/22015/2/PMTfied_6.parquet
2025-02-17 16:11:05 - INFO - Filtered PMTfied file saved to: /lustre/hpc/project/icecube/HE_Nu_Aske_Oct2024/PMTfied_filtered/Snowstorm/MuonLike/22015/2/PMTfied_3.parquet
2025-02-17 16:11:07 - INFO - Filtered PMTfied file saved to: /lustre/hpc/project/icecube/HE_Nu_Aske_Oct2024/PMTfied_filtered/Snowstorm/MuonLike/22015/2/PMTfied_7.parquet
2025-02-17 16:11:08 - INFO - Filtered PMTfied file saved to: /lustre/hpc/project/icecube/HE_Nu_Aske_Oct2024/PMTfied_filtered/Snowstorm/MuonLike/22015/2/PMTfied_12.parquet
2025-02-17 16:11:08 - INFO - Filtering process completed.
2025-02-17 16:11:08 - INFO - Filtering process completed.
2025-02-17 16:11:08 - INFO - Unified receipt generated: /lustre/hpc/project/icecube/HE_Nu_Aske_Oct2024/PMTfied_filtered/Snowstorm/MuonLike/22015/[Receipt]22015_2.json
2025-02-17 16:11:08 - INFO - Filtering process completed.
Job completed at Mon Feb 17 04:11:08 PM CET 2025
