Starting job at Sat Feb 15 12:57:26 PM CET 2025
Running Filter_by_part.py for subdirectory 22015, part 9
2025-02-15 12:57:26 - INFO - Event filtering process starts...
2025-02-15 12:57:26 - INFO - Initialized Muon13Filter filter for 22015/9
2025-02-15 12:57:27 - INFO - Extracted 24998 valid events where MuonFilter_13==True.
2025-02-15 12:57:27 - INFO - Initialized CompositeEventFilter filter for 22015/9
2025-02-15 12:57:27 - INFO - Initialized (MuonLike)
2025-02-15 12:57:27 - INFO - Starting filtering process for 22015/9
2025-02-15 12:57:27 - INFO - Starting filtering process for 22015/9
2025-02-15 12:57:28 - INFO - Recalculated 'offset' column based on filtered 'N_doms' values.
2025-02-15 12:57:28 - INFO - Filtered truth file saved to: /lustre/hpc/project/icecube/HE_Nu_Aske_Oct2024/PMTfied_filtered/Snowstorm/MuonLike/22015/truth_9.parquet
2025-02-15 12:57:30 - INFO - Filtered PMTfied file saved to: /lustre/hpc/project/icecube/HE_Nu_Aske_Oct2024/PMTfied_filtered/Snowstorm/MuonLike/22015/9/PMTfied_12.parquet
2025-02-15 12:57:31 - INFO - Filtered PMTfied file saved to: /lustre/hpc/project/icecube/HE_Nu_Aske_Oct2024/PMTfied_filtered/Snowstorm/MuonLike/22015/9/PMTfied_3.parquet
2025-02-15 12:57:33 - INFO - Filtered PMTfied file saved to: /lustre/hpc/project/icecube/HE_Nu_Aske_Oct2024/PMTfied_filtered/Snowstorm/MuonLike/22015/9/PMTfied_7.parquet
2025-02-15 12:57:35 - INFO - Filtered PMTfied file saved to: /lustre/hpc/project/icecube/HE_Nu_Aske_Oct2024/PMTfied_filtered/Snowstorm/MuonLike/22015/9/PMTfied_13.parquet
2025-02-15 12:57:37 - INFO - Filtered PMTfied file saved to: /lustre/hpc/project/icecube/HE_Nu_Aske_Oct2024/PMTfied_filtered/Snowstorm/MuonLike/22015/9/PMTfied_2.parquet
2025-02-15 12:57:39 - INFO - Filtered PMTfied file saved to: /lustre/hpc/project/icecube/HE_Nu_Aske_Oct2024/PMTfied_filtered/Snowstorm/MuonLike/22015/9/PMTfied_6.parquet
2025-02-15 12:57:41 - INFO - Filtered PMTfied file saved to: /lustre/hpc/project/icecube/HE_Nu_Aske_Oct2024/PMTfied_filtered/Snowstorm/MuonLike/22015/9/PMTfied_11.parquet
2025-02-15 12:57:41 - INFO - Filtered PMTfied file saved to: /lustre/hpc/project/icecube/HE_Nu_Aske_Oct2024/PMTfied_filtered/Snowstorm/MuonLike/22015/9/PMTfied_15.parquet
2025-02-15 12:57:43 - INFO - Filtered PMTfied file saved to: /lustre/hpc/project/icecube/HE_Nu_Aske_Oct2024/PMTfied_filtered/Snowstorm/MuonLike/22015/9/PMTfied_4.parquet
2025-02-15 12:57:44 - INFO - Filtered PMTfied file saved to: /lustre/hpc/project/icecube/HE_Nu_Aske_Oct2024/PMTfied_filtered/Snowstorm/MuonLike/22015/9/PMTfied_8.parquet
2025-02-15 12:57:46 - INFO - Filtered PMTfied file saved to: /lustre/hpc/project/icecube/HE_Nu_Aske_Oct2024/PMTfied_filtered/Snowstorm/MuonLike/22015/9/PMTfied_10.parquet
2025-02-15 12:57:47 - INFO - Filtered PMTfied file saved to: /lustre/hpc/project/icecube/HE_Nu_Aske_Oct2024/PMTfied_filtered/Snowstorm/MuonLike/22015/9/PMTfied_14.parquet
2025-02-15 12:57:50 - INFO - Filtered PMTfied file saved to: /lustre/hpc/project/icecube/HE_Nu_Aske_Oct2024/PMTfied_filtered/Snowstorm/MuonLike/22015/9/PMTfied_9.parquet
2025-02-15 12:57:52 - INFO - Filtered PMTfied file saved to: /lustre/hpc/project/icecube/HE_Nu_Aske_Oct2024/PMTfied_filtered/Snowstorm/MuonLike/22015/9/PMTfied_1.parquet
2025-02-15 12:57:54 - INFO - Filtered PMTfied file saved to: /lustre/hpc/project/icecube/HE_Nu_Aske_Oct2024/PMTfied_filtered/Snowstorm/MuonLike/22015/9/PMTfied_5.parquet
2025-02-15 12:57:54 - INFO - Filtering process completed.
2025-02-15 12:57:54 - INFO - Filtering process completed.
2025-02-15 12:57:54 - INFO - Unified receipt generated: /lustre/hpc/project/icecube/HE_Nu_Aske_Oct2024/PMTfied_filtered/Snowstorm/MuonLike/22015/[Receipt]22015_9.json
2025-02-15 12:57:54 - INFO - Filtering process completed.
Job completed at Sat Feb 15 12:57:54 PM CET 2025
