Starting job at Sat Feb 15 12:57:33 PM CET 2025
Running Filter_by_part.py for subdirectory 22015, part 10
2025-02-15 12:57:33 - INFO - Event filtering process starts...
2025-02-15 12:57:33 - INFO - Initialized Muon13Filter filter for 22015/10
2025-02-15 12:57:34 - INFO - Extracted 24387 valid events where MuonFilter_13==True.
2025-02-15 12:57:34 - INFO - Initialized CompositeEventFilter filter for 22015/10
2025-02-15 12:57:34 - INFO - Initialized (MuonLike)
2025-02-15 12:57:34 - INFO - Starting filtering process for 22015/10
2025-02-15 12:57:34 - INFO - Starting filtering process for 22015/10
2025-02-15 12:57:35 - INFO - Recalculated 'offset' column based on filtered 'N_doms' values.
2025-02-15 12:57:35 - INFO - Filtered truth file saved to: /lustre/hpc/project/icecube/HE_Nu_Aske_Oct2024/PMTfied_filtered/Snowstorm/MuonLike/22015/truth_10.parquet
2025-02-15 12:57:36 - INFO - Filtered PMTfied file saved to: /lustre/hpc/project/icecube/HE_Nu_Aske_Oct2024/PMTfied_filtered/Snowstorm/MuonLike/22015/10/PMTfied_9.parquet
2025-02-15 12:57:38 - INFO - Filtered PMTfied file saved to: /lustre/hpc/project/icecube/HE_Nu_Aske_Oct2024/PMTfied_filtered/Snowstorm/MuonLike/22015/10/PMTfied_1.parquet
2025-02-15 12:57:39 - INFO - Filtered PMTfied file saved to: /lustre/hpc/project/icecube/HE_Nu_Aske_Oct2024/PMTfied_filtered/Snowstorm/MuonLike/22015/10/PMTfied_5.parquet
2025-02-15 12:57:40 - INFO - Filtered PMTfied file saved to: /lustre/hpc/project/icecube/HE_Nu_Aske_Oct2024/PMTfied_filtered/Snowstorm/MuonLike/22015/10/PMTfied_12.parquet
2025-02-15 12:57:42 - INFO - Filtered PMTfied file saved to: /lustre/hpc/project/icecube/HE_Nu_Aske_Oct2024/PMTfied_filtered/Snowstorm/MuonLike/22015/10/PMTfied_13.parquet
2025-02-15 12:57:43 - INFO - Filtered PMTfied file saved to: /lustre/hpc/project/icecube/HE_Nu_Aske_Oct2024/PMTfied_filtered/Snowstorm/MuonLike/22015/10/PMTfied_4.parquet
2025-02-15 12:57:44 - INFO - Filtered PMTfied file saved to: /lustre/hpc/project/icecube/HE_Nu_Aske_Oct2024/PMTfied_filtered/Snowstorm/MuonLike/22015/10/PMTfied_8.parquet
2025-02-15 12:57:46 - INFO - Filtered PMTfied file saved to: /lustre/hpc/project/icecube/HE_Nu_Aske_Oct2024/PMTfied_filtered/Snowstorm/MuonLike/22015/10/PMTfied_11.parquet
2025-02-15 12:57:48 - INFO - Filtered PMTfied file saved to: /lustre/hpc/project/icecube/HE_Nu_Aske_Oct2024/PMTfied_filtered/Snowstorm/MuonLike/22015/10/PMTfied_2.parquet
2025-02-15 12:57:49 - INFO - Filtered PMTfied file saved to: /lustre/hpc/project/icecube/HE_Nu_Aske_Oct2024/PMTfied_filtered/Snowstorm/MuonLike/22015/10/PMTfied_6.parquet
2025-02-15 12:57:52 - INFO - Filtered PMTfied file saved to: /lustre/hpc/project/icecube/HE_Nu_Aske_Oct2024/PMTfied_filtered/Snowstorm/MuonLike/22015/10/PMTfied_3.parquet
2025-02-15 12:57:54 - INFO - Filtered PMTfied file saved to: /lustre/hpc/project/icecube/HE_Nu_Aske_Oct2024/PMTfied_filtered/Snowstorm/MuonLike/22015/10/PMTfied_7.parquet
2025-02-15 12:57:55 - INFO - Filtered PMTfied file saved to: /lustre/hpc/project/icecube/HE_Nu_Aske_Oct2024/PMTfied_filtered/Snowstorm/MuonLike/22015/10/PMTfied_10.parquet
2025-02-15 12:57:56 - INFO - Filtered PMTfied file saved to: /lustre/hpc/project/icecube/HE_Nu_Aske_Oct2024/PMTfied_filtered/Snowstorm/MuonLike/22015/10/PMTfied_14.parquet
2025-02-15 12:57:56 - INFO - Filtering process completed.
2025-02-15 12:57:56 - INFO - Filtering process completed.
2025-02-15 12:57:56 - INFO - Unified receipt generated: /lustre/hpc/project/icecube/HE_Nu_Aske_Oct2024/PMTfied_filtered/Snowstorm/MuonLike/22015/[Receipt]22015_10.json
2025-02-15 12:57:56 - INFO - Filtering process completed.
Job completed at Sat Feb 15 12:57:56 PM CET 2025
