Starting job at Mon Feb 17 04:17:29 PM CET 2025
Running Filter_by_part.py for subdirectory 22015, part 2
2025-02-17 16:17:29 - INFO - Event filtering process starts...
2025-02-17 16:17:29 - INFO - Initialized PureNeutrinoEventFilter filter for 22015/2
2025-02-17 16:17:30 - INFO - Loaded 20 event specifier files from /lustre/hpc/project/icecube/HE_Nu_Aske_Oct2024/clean_events_dict/22015/22015/reduced
2025-02-17 16:17:30 - INFO - Selected 5 CSV files covering event range [47, 4965]
2025-02-17 16:17:30 - INFO - Loaded 94044 valid (RunID, EventID) pairs from CSV files
2025-02-17 16:17:30 - INFO - Extracted 21367 valid events based on pure neutrino events.
2025-02-17 16:17:30 - INFO - Initialized Muon13Filter filter for 22015/2
2025-02-17 16:17:30 - INFO - Extracted 24553 valid events where MuonFilter_13==True.
2025-02-17 16:17:30 - INFO - Initialized CompositeEventFilter filter for 22015/2
2025-02-17 16:17:30 - INFO - Initialized (MuonLike_PureNu)
2025-02-17 16:17:30 - INFO - Starting filtering process for 22015/2
2025-02-17 16:17:30 - INFO - Starting filtering process for 22015/2
2025-02-17 16:17:31 - INFO - Recalculated 'offset' column based on 'N_doms' values within each 'shard_no' group.
2025-02-17 16:17:31 - INFO - Filtered truth file saved to: /lustre/hpc/project/icecube/HE_Nu_Aske_Oct2024/PMTfied_filtered/Snowstorm/MuonLike_PureNu/22015/truth_2.parquet
2025-02-17 16:17:32 - INFO - Filtered PMTfied file saved to: /lustre/hpc/project/icecube/HE_Nu_Aske_Oct2024/PMTfied_filtered/Snowstorm/MuonLike_PureNu/22015/2/PMTfied_1.parquet
2025-02-17 16:17:33 - INFO - Filtered PMTfied file saved to: /lustre/hpc/project/icecube/HE_Nu_Aske_Oct2024/PMTfied_filtered/Snowstorm/MuonLike_PureNu/22015/2/PMTfied_5.parquet
2025-02-17 16:17:34 - INFO - Filtered PMTfied file saved to: /lustre/hpc/project/icecube/HE_Nu_Aske_Oct2024/PMTfied_filtered/Snowstorm/MuonLike_PureNu/22015/2/PMTfied_14.parquet
2025-02-17 16:17:35 - INFO - Filtered PMTfied file saved to: /lustre/hpc/project/icecube/HE_Nu_Aske_Oct2024/PMTfied_filtered/Snowstorm/MuonLike_PureNu/22015/2/PMTfied_10.parquet
2025-02-17 16:17:37 - INFO - Filtered PMTfied file saved to: /lustre/hpc/project/icecube/HE_Nu_Aske_Oct2024/PMTfied_filtered/Snowstorm/MuonLike_PureNu/22015/2/PMTfied_9.parquet
2025-02-17 16:17:38 - INFO - Filtered PMTfied file saved to: /lustre/hpc/project/icecube/HE_Nu_Aske_Oct2024/PMTfied_filtered/Snowstorm/MuonLike_PureNu/22015/2/PMTfied_11.parquet
2025-02-17 16:17:39 - INFO - Filtered PMTfied file saved to: /lustre/hpc/project/icecube/HE_Nu_Aske_Oct2024/PMTfied_filtered/Snowstorm/MuonLike_PureNu/22015/2/PMTfied_8.parquet
2025-02-17 16:17:40 - INFO - Filtered PMTfied file saved to: /lustre/hpc/project/icecube/HE_Nu_Aske_Oct2024/PMTfied_filtered/Snowstorm/MuonLike_PureNu/22015/2/PMTfied_4.parquet
2025-02-17 16:17:41 - INFO - Filtered PMTfied file saved to: /lustre/hpc/project/icecube/HE_Nu_Aske_Oct2024/PMTfied_filtered/Snowstorm/MuonLike_PureNu/22015/2/PMTfied_13.parquet
2025-02-17 16:17:43 - INFO - Filtered PMTfied file saved to: /lustre/hpc/project/icecube/HE_Nu_Aske_Oct2024/PMTfied_filtered/Snowstorm/MuonLike_PureNu/22015/2/PMTfied_2.parquet
2025-02-17 16:17:44 - INFO - Filtered PMTfied file saved to: /lustre/hpc/project/icecube/HE_Nu_Aske_Oct2024/PMTfied_filtered/Snowstorm/MuonLike_PureNu/22015/2/PMTfied_6.parquet
2025-02-17 16:17:45 - INFO - Filtered PMTfied file saved to: /lustre/hpc/project/icecube/HE_Nu_Aske_Oct2024/PMTfied_filtered/Snowstorm/MuonLike_PureNu/22015/2/PMTfied_3.parquet
2025-02-17 16:17:46 - INFO - Filtered PMTfied file saved to: /lustre/hpc/project/icecube/HE_Nu_Aske_Oct2024/PMTfied_filtered/Snowstorm/MuonLike_PureNu/22015/2/PMTfied_7.parquet
2025-02-17 16:17:47 - INFO - Filtered PMTfied file saved to: /lustre/hpc/project/icecube/HE_Nu_Aske_Oct2024/PMTfied_filtered/Snowstorm/MuonLike_PureNu/22015/2/PMTfied_12.parquet
2025-02-17 16:17:47 - INFO - Filtering process completed.
2025-02-17 16:17:47 - INFO - Filtering process completed.
2025-02-17 16:17:47 - INFO - Unified receipt generated: /lustre/hpc/project/icecube/HE_Nu_Aske_Oct2024/PMTfied_filtered/Snowstorm/MuonLike_PureNu/22015/[Receipt]22015_2.json
2025-02-17 16:17:47 - INFO - Filtering process completed.
Job completed at Mon Feb 17 04:17:47 PM CET 2025
