Starting job at Mon Feb 24 01:10:17 PM CET 2025
Running Filter_by_part.py for subdirectory 22015, part 8
2025-02-24 13:10:17 - INFO - Event filtering process starts...
2025-02-24 13:10:17 - INFO - Initialized PureNeutrinoEventFilter filter for 22015/8
2025-02-24 13:10:18 - INFO - Loaded 20 event specifier files from /lustre/hpc/project/icecube/HE_Nu_Aske_Oct2024/clean_events_dict/22015/22015/reduced
2025-02-24 13:10:18 - INFO - Selected 5 CSV files covering event range [10149, 14970]
2025-02-24 13:10:18 - INFO - Loaded 94252 valid (RunID, EventID) pairs from CSV files
2025-02-24 13:10:18 - INFO - Extracted 21496 valid events based on pure neutrino events.
2025-02-24 13:10:18 - INFO - Initialized Muon13Filter filter for 22015/8
2025-02-24 13:10:18 - INFO - Extracted 24545 valid events where MuonFilter_13==True.
2025-02-24 13:10:18 - INFO - Initialized CCFilter filter for 22015/8
2025-02-24 13:10:18 - INFO - Extracted 20070 valid events which are CC interactions.
2025-02-24 13:10:18 - INFO - Initialized CompositeEventFilter filter for 22015/8
2025-02-24 13:10:18 - INFO - Initialized (CC_CRclean_MuonLike)
2025-02-24 13:10:18 - INFO - Starting filtering process for 22015/8
2025-02-24 13:10:18 - INFO - Starting filtering process for 22015/8
2025-02-24 13:10:18 - INFO - Recalculated 'offset' column based on 'N_doms' values within each 'shard_no' group.
2025-02-24 13:10:18 - INFO - Filtered truth file saved to: /lustre/hpc/project/icecube/HE_Nu_Aske_Oct2024/PMTfied_filtered/Snowstorm/CC_CRclean_MuonLike/22015/truth_8.parquet
2025-02-24 13:10:19 - INFO - Filtered PMTfied file saved to: /lustre/hpc/project/icecube/HE_Nu_Aske_Oct2024/PMTfied_filtered/Snowstorm/CC_CRclean_MuonLike/22015/8/PMTfied_7.parquet
2025-02-24 13:10:20 - INFO - Filtered PMTfied file saved to: /lustre/hpc/project/icecube/HE_Nu_Aske_Oct2024/PMTfied_filtered/Snowstorm/CC_CRclean_MuonLike/22015/8/PMTfied_3.parquet
2025-02-24 13:10:20 - INFO - Filtered PMTfied file saved to: /lustre/hpc/project/icecube/HE_Nu_Aske_Oct2024/PMTfied_filtered/Snowstorm/CC_CRclean_MuonLike/22015/8/PMTfied_14.parquet
2025-02-24 13:10:21 - INFO - Filtered PMTfied file saved to: /lustre/hpc/project/icecube/HE_Nu_Aske_Oct2024/PMTfied_filtered/Snowstorm/CC_CRclean_MuonLike/22015/8/PMTfied_10.parquet
2025-02-24 13:10:21 - INFO - Filtered PMTfied file saved to: /lustre/hpc/project/icecube/HE_Nu_Aske_Oct2024/PMTfied_filtered/Snowstorm/CC_CRclean_MuonLike/22015/8/PMTfied_6.parquet
2025-02-24 13:10:22 - INFO - Filtered PMTfied file saved to: /lustre/hpc/project/icecube/HE_Nu_Aske_Oct2024/PMTfied_filtered/Snowstorm/CC_CRclean_MuonLike/22015/8/PMTfied_2.parquet
2025-02-24 13:10:23 - INFO - Filtered PMTfied file saved to: /lustre/hpc/project/icecube/HE_Nu_Aske_Oct2024/PMTfied_filtered/Snowstorm/CC_CRclean_MuonLike/22015/8/PMTfied_11.parquet
2025-02-24 13:10:23 - INFO - Filtered PMTfied file saved to: /lustre/hpc/project/icecube/HE_Nu_Aske_Oct2024/PMTfied_filtered/Snowstorm/CC_CRclean_MuonLike/22015/8/PMTfied_8.parquet
2025-02-24 13:10:24 - INFO - Filtered PMTfied file saved to: /lustre/hpc/project/icecube/HE_Nu_Aske_Oct2024/PMTfied_filtered/Snowstorm/CC_CRclean_MuonLike/22015/8/PMTfied_4.parquet
2025-02-24 13:10:25 - INFO - Filtered PMTfied file saved to: /lustre/hpc/project/icecube/HE_Nu_Aske_Oct2024/PMTfied_filtered/Snowstorm/CC_CRclean_MuonLike/22015/8/PMTfied_13.parquet
2025-02-24 13:10:25 - INFO - Filtered PMTfied file saved to: /lustre/hpc/project/icecube/HE_Nu_Aske_Oct2024/PMTfied_filtered/Snowstorm/CC_CRclean_MuonLike/22015/8/PMTfied_5.parquet
2025-02-24 13:10:26 - INFO - Filtered PMTfied file saved to: /lustre/hpc/project/icecube/HE_Nu_Aske_Oct2024/PMTfied_filtered/Snowstorm/CC_CRclean_MuonLike/22015/8/PMTfied_1.parquet
2025-02-24 13:10:27 - INFO - Filtered PMTfied file saved to: /lustre/hpc/project/icecube/HE_Nu_Aske_Oct2024/PMTfied_filtered/Snowstorm/CC_CRclean_MuonLike/22015/8/PMTfied_9.parquet
2025-02-24 13:10:27 - INFO - Filtered PMTfied file saved to: /lustre/hpc/project/icecube/HE_Nu_Aske_Oct2024/PMTfied_filtered/Snowstorm/CC_CRclean_MuonLike/22015/8/PMTfied_12.parquet
2025-02-24 13:10:27 - INFO - Filtering process completed.
2025-02-24 13:10:27 - INFO - Filtering process completed.
2025-02-24 13:10:27 - INFO - Unified receipt generated: /lustre/hpc/project/icecube/HE_Nu_Aske_Oct2024/PMTfied_filtered/Snowstorm/CC_CRclean_MuonLike/22015/[Receipt]22015_8.json
2025-02-24 13:10:27 - INFO - Filtering process completed.
Job completed at Mon Feb 24 01:10:27 PM CET 2025
