Starting job at Sat Feb 15 12:05:14 PM CET 2025
Running Filter_by_part.py for subdirectory 22015, part 2
2025-02-15 12:05:16 - INFO - Event filtering process starts...
2025-02-15 12:05:16 - INFO - Initialized Muon13Filter filter for 22015/2
2025-02-15 12:05:16 - INFO - Extracted 24553 valid events where MuonFilter_13==True.
2025-02-15 12:05:16 - INFO - Initialized CompositeEventFilter filter for 22015/2
2025-02-15 12:05:16 - INFO - Initialized (MuonLike)
2025-02-15 12:05:16 - INFO - Starting filtering process for 22015/2
2025-02-15 12:05:16 - INFO - Starting filtering process for 22015/2
2025-02-15 12:05:17 - INFO - Recalculated 'offset' column based on filtered 'N_doms' values.
2025-02-15 12:05:18 - INFO - Filtered truth file saved to: /lustre/hpc/project/icecube/HE_Nu_Aske_Oct2024/PMTfied_filtered/Snowstorm/MuonLike/22015/truth_2.parquet
2025-02-15 12:05:19 - INFO - Filtered PMTfied file saved to: /lustre/hpc/project/icecube/HE_Nu_Aske_Oct2024/PMTfied_filtered/Snowstorm/MuonLike/22015/2/PMTfied_1.parquet
2025-02-15 12:05:21 - INFO - Filtered PMTfied file saved to: /lustre/hpc/project/icecube/HE_Nu_Aske_Oct2024/PMTfied_filtered/Snowstorm/MuonLike/22015/2/PMTfied_5.parquet
2025-02-15 12:05:22 - INFO - Filtered PMTfied file saved to: /lustre/hpc/project/icecube/HE_Nu_Aske_Oct2024/PMTfied_filtered/Snowstorm/MuonLike/22015/2/PMTfied_14.parquet
2025-02-15 12:05:23 - INFO - Filtered PMTfied file saved to: /lustre/hpc/project/icecube/HE_Nu_Aske_Oct2024/PMTfied_filtered/Snowstorm/MuonLike/22015/2/PMTfied_10.parquet
2025-02-15 12:05:25 - INFO - Filtered PMTfied file saved to: /lustre/hpc/project/icecube/HE_Nu_Aske_Oct2024/PMTfied_filtered/Snowstorm/MuonLike/22015/2/PMTfied_9.parquet
2025-02-15 12:05:26 - INFO - Filtered PMTfied file saved to: /lustre/hpc/project/icecube/HE_Nu_Aske_Oct2024/PMTfied_filtered/Snowstorm/MuonLike/22015/2/PMTfied_11.parquet
2025-02-15 12:05:27 - INFO - Filtered PMTfied file saved to: /lustre/hpc/project/icecube/HE_Nu_Aske_Oct2024/PMTfied_filtered/Snowstorm/MuonLike/22015/2/PMTfied_8.parquet
2025-02-15 12:05:29 - INFO - Filtered PMTfied file saved to: /lustre/hpc/project/icecube/HE_Nu_Aske_Oct2024/PMTfied_filtered/Snowstorm/MuonLike/22015/2/PMTfied_4.parquet
2025-02-15 12:05:30 - INFO - Filtered PMTfied file saved to: /lustre/hpc/project/icecube/HE_Nu_Aske_Oct2024/PMTfied_filtered/Snowstorm/MuonLike/22015/2/PMTfied_13.parquet
2025-02-15 12:05:32 - INFO - Filtered PMTfied file saved to: /lustre/hpc/project/icecube/HE_Nu_Aske_Oct2024/PMTfied_filtered/Snowstorm/MuonLike/22015/2/PMTfied_2.parquet
2025-02-15 12:05:33 - INFO - Filtered PMTfied file saved to: /lustre/hpc/project/icecube/HE_Nu_Aske_Oct2024/PMTfied_filtered/Snowstorm/MuonLike/22015/2/PMTfied_6.parquet
2025-02-15 12:05:35 - INFO - Filtered PMTfied file saved to: /lustre/hpc/project/icecube/HE_Nu_Aske_Oct2024/PMTfied_filtered/Snowstorm/MuonLike/22015/2/PMTfied_3.parquet
2025-02-15 12:05:36 - INFO - Filtered PMTfied file saved to: /lustre/hpc/project/icecube/HE_Nu_Aske_Oct2024/PMTfied_filtered/Snowstorm/MuonLike/22015/2/PMTfied_7.parquet
2025-02-15 12:05:37 - INFO - Filtered PMTfied file saved to: /lustre/hpc/project/icecube/HE_Nu_Aske_Oct2024/PMTfied_filtered/Snowstorm/MuonLike/22015/2/PMTfied_12.parquet
2025-02-15 12:05:37 - INFO - Filtering process completed.
2025-02-15 12:05:37 - INFO - Filtering process completed.
2025-02-15 12:05:37 - INFO - Unified receipt generated: /lustre/hpc/project/icecube/HE_Nu_Aske_Oct2024/PMTfied_filtered/Snowstorm/MuonLike/22015/[Receipt]22015_2.json
2025-02-15 12:05:37 - INFO - Filtering process completed.
Job completed at Sat Feb 15 12:05:37 PM CET 2025
