Starting job at Sat Feb 15 12:11:51 PM CET 2025
Running Filter_by_part.py for subdirectory 22015, part 5
2025-02-15 12:11:51 - INFO - Event filtering process starts...
2025-02-15 12:11:51 - INFO - Initialized PureNeutrinoEventFilter filter for 22015/5
2025-02-15 12:11:52 - INFO - Loaded 20 event specifier files from /lustre/hpc/project/icecube/HE_Nu_Aske_Oct2024/clean_events_dict/22015/22015/reduced
2025-02-15 12:11:52 - INFO - Selected 5 CSV files covering event range [5110, 9965]
2025-02-15 12:11:52 - INFO - Loaded 94542 valid (RunID, EventID) pairs from CSV files
2025-02-15 12:11:52 - INFO - Extracted 21597 valid events based on pure neutrino events.
2025-02-15 12:11:52 - INFO - Initialized CompositeEventFilter filter for 22015/5
2025-02-15 12:11:52 - INFO - Initialized (PureNu)
2025-02-15 12:11:52 - INFO - Starting filtering process for 22015/5
2025-02-15 12:11:52 - INFO - Starting filtering process for 22015/5
2025-02-15 12:11:53 - INFO - Recalculated 'offset' column based on filtered 'N_doms' values.
2025-02-15 12:11:53 - INFO - Filtered truth file saved to: /lustre/hpc/project/icecube/HE_Nu_Aske_Oct2024/PMTfied_filtered/Snowstorm/PureNu/22015/truth_5.parquet
2025-02-15 12:11:54 - INFO - Filtered PMTfied file saved to: /lustre/hpc/project/icecube/HE_Nu_Aske_Oct2024/PMTfied_filtered/Snowstorm/PureNu/22015/5/PMTfied_3.parquet
2025-02-15 12:11:56 - INFO - Filtered PMTfied file saved to: /lustre/hpc/project/icecube/HE_Nu_Aske_Oct2024/PMTfied_filtered/Snowstorm/PureNu/22015/5/PMTfied_7.parquet
2025-02-15 12:11:57 - INFO - Filtered PMTfied file saved to: /lustre/hpc/project/icecube/HE_Nu_Aske_Oct2024/PMTfied_filtered/Snowstorm/PureNu/22015/5/PMTfied_13.parquet
2025-02-15 12:11:58 - INFO - Filtered PMTfied file saved to: /lustre/hpc/project/icecube/HE_Nu_Aske_Oct2024/PMTfied_filtered/Snowstorm/PureNu/22015/5/PMTfied_2.parquet
2025-02-15 12:12:00 - INFO - Filtered PMTfied file saved to: /lustre/hpc/project/icecube/HE_Nu_Aske_Oct2024/PMTfied_filtered/Snowstorm/PureNu/22015/5/PMTfied_6.parquet
2025-02-15 12:12:01 - INFO - Filtered PMTfied file saved to: /lustre/hpc/project/icecube/HE_Nu_Aske_Oct2024/PMTfied_filtered/Snowstorm/PureNu/22015/5/PMTfied_12.parquet
2025-02-15 12:12:02 - INFO - Filtered PMTfied file saved to: /lustre/hpc/project/icecube/HE_Nu_Aske_Oct2024/PMTfied_filtered/Snowstorm/PureNu/22015/5/PMTfied_8.parquet
2025-02-15 12:12:03 - INFO - Filtered PMTfied file saved to: /lustre/hpc/project/icecube/HE_Nu_Aske_Oct2024/PMTfied_filtered/Snowstorm/PureNu/22015/5/PMTfied_4.parquet
2025-02-15 12:12:05 - INFO - Filtered PMTfied file saved to: /lustre/hpc/project/icecube/HE_Nu_Aske_Oct2024/PMTfied_filtered/Snowstorm/PureNu/22015/5/PMTfied_10.parquet
2025-02-15 12:12:06 - INFO - Filtered PMTfied file saved to: /lustre/hpc/project/icecube/HE_Nu_Aske_Oct2024/PMTfied_filtered/Snowstorm/PureNu/22015/5/PMTfied_14.parquet
2025-02-15 12:12:07 - INFO - Filtered PMTfied file saved to: /lustre/hpc/project/icecube/HE_Nu_Aske_Oct2024/PMTfied_filtered/Snowstorm/PureNu/22015/5/PMTfied_1.parquet
2025-02-15 12:12:08 - INFO - Filtered PMTfied file saved to: /lustre/hpc/project/icecube/HE_Nu_Aske_Oct2024/PMTfied_filtered/Snowstorm/PureNu/22015/5/PMTfied_5.parquet
2025-02-15 12:12:10 - INFO - Filtered PMTfied file saved to: /lustre/hpc/project/icecube/HE_Nu_Aske_Oct2024/PMTfied_filtered/Snowstorm/PureNu/22015/5/PMTfied_9.parquet
2025-02-15 12:12:11 - INFO - Filtered PMTfied file saved to: /lustre/hpc/project/icecube/HE_Nu_Aske_Oct2024/PMTfied_filtered/Snowstorm/PureNu/22015/5/PMTfied_11.parquet
2025-02-15 12:12:11 - INFO - Filtering process completed.
2025-02-15 12:12:11 - INFO - Filtering process completed.
2025-02-15 12:12:11 - INFO - Unified receipt generated: /lustre/hpc/project/icecube/HE_Nu_Aske_Oct2024/PMTfied_filtered/Snowstorm/PureNu/22015/[Receipt]22015_5.json
2025-02-15 12:12:11 - INFO - Filtering process completed.
Job completed at Sat Feb 15 12:12:11 PM CET 2025
