Starting job at Thu Feb 13 05:56:40 PM CET 2025
Running Filter_by_part.py for subdirectory 22015, part 6
2025-02-13 17:56:41 - INFO - Event filtering process starts...
2025-02-13 17:56:41 - INFO - Initialized PureNeutrinoEventFilter
2025-02-13 17:56:41 - INFO - Starting filtering process for 22015/6
2025-02-13 17:56:41 - INFO - Loaded 20 event specifier files from /lustre/hpc/project/icecube/HE_Nu_Aske_Oct2024/clean_events_dict/22015/22015/reduced
2025-02-13 17:56:41 - INFO - Selected 10 CSV files covering event range [5189, 14544]
2025-02-13 17:56:42 - INFO - Loaded 188794 valid (RunID, EventID) pairs from CSV files
2025-02-13 17:56:43 - INFO - Recalculated 'offset' column based on filtered 'N_doms' values.
2025-02-13 17:56:43 - INFO - Filtered truth file saved to: /lustre/hpc/project/icecube/HE_Nu_Aske_Oct2024/PMTfied_filtered/PureNu/Snowstorm/22015/truth_6.parquet
2025-02-13 17:56:43 - INFO - Receipt file saved to: /lustre/hpc/project/icecube/HE_Nu_Aske_Oct2024/PMTfied_filtered/PureNu/Snowstorm/22015/[Receipt]22015_6.json
2025-02-13 17:56:44 - INFO - Filtered PMTfied file saved to: /lustre/hpc/project/icecube/HE_Nu_Aske_Oct2024/PMTfied_filtered/PureNu/Snowstorm/22015/6/PMTfied_12.parquet
2025-02-13 17:56:46 - INFO - Filtered PMTfied file saved to: /lustre/hpc/project/icecube/HE_Nu_Aske_Oct2024/PMTfied_filtered/PureNu/Snowstorm/22015/6/PMTfied_5.parquet
2025-02-13 17:56:47 - INFO - Filtered PMTfied file saved to: /lustre/hpc/project/icecube/HE_Nu_Aske_Oct2024/PMTfied_filtered/PureNu/Snowstorm/22015/6/PMTfied_1.parquet
2025-02-13 17:56:48 - INFO - Filtered PMTfied file saved to: /lustre/hpc/project/icecube/HE_Nu_Aske_Oct2024/PMTfied_filtered/PureNu/Snowstorm/22015/6/PMTfied_9.parquet
2025-02-13 17:56:50 - INFO - Filtered PMTfied file saved to: /lustre/hpc/project/icecube/HE_Nu_Aske_Oct2024/PMTfied_filtered/PureNu/Snowstorm/22015/6/PMTfied_13.parquet
2025-02-13 17:56:51 - INFO - Filtered PMTfied file saved to: /lustre/hpc/project/icecube/HE_Nu_Aske_Oct2024/PMTfied_filtered/PureNu/Snowstorm/22015/6/PMTfied_8.parquet
2025-02-13 17:56:52 - INFO - Filtered PMTfied file saved to: /lustre/hpc/project/icecube/HE_Nu_Aske_Oct2024/PMTfied_filtered/PureNu/Snowstorm/22015/6/PMTfied_4.parquet
2025-02-13 17:56:53 - INFO - Filtered PMTfied file saved to: /lustre/hpc/project/icecube/HE_Nu_Aske_Oct2024/PMTfied_filtered/PureNu/Snowstorm/22015/6/PMTfied_11.parquet
2025-02-13 17:56:54 - INFO - Filtered PMTfied file saved to: /lustre/hpc/project/icecube/HE_Nu_Aske_Oct2024/PMTfied_filtered/PureNu/Snowstorm/22015/6/PMTfied_6.parquet
2025-02-13 17:56:55 - INFO - Filtered PMTfied file saved to: /lustre/hpc/project/icecube/HE_Nu_Aske_Oct2024/PMTfied_filtered/PureNu/Snowstorm/22015/6/PMTfied_2.parquet
2025-02-13 17:56:56 - INFO - Filtered PMTfied file saved to: /lustre/hpc/project/icecube/HE_Nu_Aske_Oct2024/PMTfied_filtered/PureNu/Snowstorm/22015/6/PMTfied_10.parquet
2025-02-13 17:56:57 - INFO - Filtered PMTfied file saved to: /lustre/hpc/project/icecube/HE_Nu_Aske_Oct2024/PMTfied_filtered/PureNu/Snowstorm/22015/6/PMTfied_14.parquet
2025-02-13 17:56:59 - INFO - Filtered PMTfied file saved to: /lustre/hpc/project/icecube/HE_Nu_Aske_Oct2024/PMTfied_filtered/PureNu/Snowstorm/22015/6/PMTfied_7.parquet
2025-02-13 17:57:00 - INFO - Filtered PMTfied file saved to: /lustre/hpc/project/icecube/HE_Nu_Aske_Oct2024/PMTfied_filtered/PureNu/Snowstorm/22015/6/PMTfied_3.parquet
2025-02-13 17:57:00 - INFO - Filtering process completed.
2025-02-13 17:57:00 - INFO - Filtering process completed for all selected filters.
2025-02-13 17:57:00 - INFO - Execution time: 19.09 seconds
2025-02-13 17:57:00 - INFO - Updated receipt with execution time: /lustre/hpc/project/icecube/HE_Nu_Aske_Oct2024/PMTfied_filtered/PureNu/Snowstorm/22015/[Receipt]22015_6.json
Job completed at Thu Feb 13 05:57:03 PM CET 2025
