Starting job at Thu Feb 13 05:12:42 PM CET 2025
Running Filter_by_part.py for subdirectory 22015, part 11
2025-02-13 17:12:42 - INFO - Event filtering process starts...
2025-02-13 17:12:42 - INFO - Initialized Muon13Filter
2025-02-13 17:12:42 - INFO - Starting filtering process for 22015/11
2025-02-13 17:12:44 - INFO - Recalculated 'offset' column based on filtered 'N_doms' values.
2025-02-13 17:12:44 - INFO - Filtered truth file saved to: /lustre/hpc/project/icecube/HE_Nu_Aske_Oct2024/PMTfied_filtered/MuonLike/Snowstorm/22015/truth_11.parquet
2025-02-13 17:12:44 - INFO - Receipt file saved to: /lustre/hpc/project/icecube/HE_Nu_Aske_Oct2024/PMTfied_filtered/MuonLike/Snowstorm/22015/[Receipt]22015_11.json
2025-02-13 17:12:45 - INFO - Filtered PMTfied file saved to: /lustre/hpc/project/icecube/HE_Nu_Aske_Oct2024/PMTfied_filtered/MuonLike/Snowstorm/22015/11/PMTfied_7.parquet
2025-02-13 17:12:47 - INFO - Filtered PMTfied file saved to: /lustre/hpc/project/icecube/HE_Nu_Aske_Oct2024/PMTfied_filtered/MuonLike/Snowstorm/22015/11/PMTfied_3.parquet
2025-02-13 17:12:48 - INFO - Filtered PMTfied file saved to: /lustre/hpc/project/icecube/HE_Nu_Aske_Oct2024/PMTfied_filtered/MuonLike/Snowstorm/22015/11/PMTfied_12.parquet
2025-02-13 17:12:50 - INFO - Filtered PMTfied file saved to: /lustre/hpc/project/icecube/HE_Nu_Aske_Oct2024/PMTfied_filtered/MuonLike/Snowstorm/22015/11/PMTfied_13.parquet
2025-02-13 17:12:51 - INFO - Filtered PMTfied file saved to: /lustre/hpc/project/icecube/HE_Nu_Aske_Oct2024/PMTfied_filtered/MuonLike/Snowstorm/22015/11/PMTfied_6.parquet
2025-02-13 17:12:52 - INFO - Filtered PMTfied file saved to: /lustre/hpc/project/icecube/HE_Nu_Aske_Oct2024/PMTfied_filtered/MuonLike/Snowstorm/22015/11/PMTfied_2.parquet
2025-02-13 17:12:54 - INFO - Filtered PMTfied file saved to: /lustre/hpc/project/icecube/HE_Nu_Aske_Oct2024/PMTfied_filtered/MuonLike/Snowstorm/22015/11/PMTfied_11.parquet
2025-02-13 17:12:55 - INFO - Filtered PMTfied file saved to: /lustre/hpc/project/icecube/HE_Nu_Aske_Oct2024/PMTfied_filtered/MuonLike/Snowstorm/22015/11/PMTfied_8.parquet
2025-02-13 17:12:57 - INFO - Filtered PMTfied file saved to: /lustre/hpc/project/icecube/HE_Nu_Aske_Oct2024/PMTfied_filtered/MuonLike/Snowstorm/22015/11/PMTfied_4.parquet
2025-02-13 17:12:58 - INFO - Filtered PMTfied file saved to: /lustre/hpc/project/icecube/HE_Nu_Aske_Oct2024/PMTfied_filtered/MuonLike/Snowstorm/22015/11/PMTfied_5.parquet
2025-02-13 17:13:00 - INFO - Filtered PMTfied file saved to: /lustre/hpc/project/icecube/HE_Nu_Aske_Oct2024/PMTfied_filtered/MuonLike/Snowstorm/22015/11/PMTfied_1.parquet
2025-02-13 17:13:01 - INFO - Filtered PMTfied file saved to: /lustre/hpc/project/icecube/HE_Nu_Aske_Oct2024/PMTfied_filtered/MuonLike/Snowstorm/22015/11/PMTfied_9.parquet
2025-02-13 17:13:02 - INFO - Filtered PMTfied file saved to: /lustre/hpc/project/icecube/HE_Nu_Aske_Oct2024/PMTfied_filtered/MuonLike/Snowstorm/22015/11/PMTfied_14.parquet
2025-02-13 17:13:04 - INFO - Filtered PMTfied file saved to: /lustre/hpc/project/icecube/HE_Nu_Aske_Oct2024/PMTfied_filtered/MuonLike/Snowstorm/22015/11/PMTfied_10.parquet
2025-02-13 17:13:04 - INFO - Filtering process completed.
2025-02-13 17:13:04 - INFO - Filtering process completed for all selected filters.
2025-02-13 17:13:04 - INFO - Execution time: 21.57 seconds
2025-02-13 17:13:04 - INFO - Updated receipt with execution time: /lustre/hpc/project/icecube/HE_Nu_Aske_Oct2024/PMTfied_filtered/MuonLike/Snowstorm/22015/[Receipt]22015_11.json
Job completed at Thu Feb 13 05:13:04 PM CET 2025
