Starting job at Sat Feb 15 12:05:27 PM CET 2025
Running Filter_by_part.py for subdirectory 22015, part 3
2025-02-15 12:05:28 - INFO - Event filtering process starts...
2025-02-15 12:05:28 - INFO - Initialized Muon13Filter filter for 22015/3
2025-02-15 12:05:28 - INFO - Extracted 24537 valid events where MuonFilter_13==True.
2025-02-15 12:05:28 - INFO - Initialized CompositeEventFilter filter for 22015/3
2025-02-15 12:05:28 - INFO - Initialized (MuonLike)
2025-02-15 12:05:28 - INFO - Starting filtering process for 22015/3
2025-02-15 12:05:28 - INFO - Starting filtering process for 22015/3
2025-02-15 12:05:29 - INFO - Recalculated 'offset' column based on filtered 'N_doms' values.
2025-02-15 12:05:29 - INFO - Filtered truth file saved to: /lustre/hpc/project/icecube/HE_Nu_Aske_Oct2024/PMTfied_filtered/Snowstorm/MuonLike/22015/truth_3.parquet
2025-02-15 12:05:31 - INFO - Filtered PMTfied file saved to: /lustre/hpc/project/icecube/HE_Nu_Aske_Oct2024/PMTfied_filtered/Snowstorm/MuonLike/22015/3/PMTfied_14.parquet
2025-02-15 12:05:32 - INFO - Filtered PMTfied file saved to: /lustre/hpc/project/icecube/HE_Nu_Aske_Oct2024/PMTfied_filtered/Snowstorm/MuonLike/22015/3/PMTfied_10.parquet
2025-02-15 12:05:34 - INFO - Filtered PMTfied file saved to: /lustre/hpc/project/icecube/HE_Nu_Aske_Oct2024/PMTfied_filtered/Snowstorm/MuonLike/22015/3/PMTfied_2.parquet
2025-02-15 12:05:35 - INFO - Filtered PMTfied file saved to: /lustre/hpc/project/icecube/HE_Nu_Aske_Oct2024/PMTfied_filtered/Snowstorm/MuonLike/22015/3/PMTfied_6.parquet
2025-02-15 12:05:36 - INFO - Filtered PMTfied file saved to: /lustre/hpc/project/icecube/HE_Nu_Aske_Oct2024/PMTfied_filtered/Snowstorm/MuonLike/22015/3/PMTfied_11.parquet
2025-02-15 12:05:38 - INFO - Filtered PMTfied file saved to: /lustre/hpc/project/icecube/HE_Nu_Aske_Oct2024/PMTfied_filtered/Snowstorm/MuonLike/22015/3/PMTfied_3.parquet
2025-02-15 12:05:39 - INFO - Filtered PMTfied file saved to: /lustre/hpc/project/icecube/HE_Nu_Aske_Oct2024/PMTfied_filtered/Snowstorm/MuonLike/22015/3/PMTfied_7.parquet
2025-02-15 12:05:41 - INFO - Filtered PMTfied file saved to: /lustre/hpc/project/icecube/HE_Nu_Aske_Oct2024/PMTfied_filtered/Snowstorm/MuonLike/22015/3/PMTfied_13.parquet
2025-02-15 12:05:42 - INFO - Filtered PMTfied file saved to: /lustre/hpc/project/icecube/HE_Nu_Aske_Oct2024/PMTfied_filtered/Snowstorm/MuonLike/22015/3/PMTfied_1.parquet
2025-02-15 12:05:44 - INFO - Filtered PMTfied file saved to: /lustre/hpc/project/icecube/HE_Nu_Aske_Oct2024/PMTfied_filtered/Snowstorm/MuonLike/22015/3/PMTfied_5.parquet
2025-02-15 12:05:45 - INFO - Filtered PMTfied file saved to: /lustre/hpc/project/icecube/HE_Nu_Aske_Oct2024/PMTfied_filtered/Snowstorm/MuonLike/22015/3/PMTfied_9.parquet
2025-02-15 12:05:46 - INFO - Filtered PMTfied file saved to: /lustre/hpc/project/icecube/HE_Nu_Aske_Oct2024/PMTfied_filtered/Snowstorm/MuonLike/22015/3/PMTfied_12.parquet
2025-02-15 12:05:48 - INFO - Filtered PMTfied file saved to: /lustre/hpc/project/icecube/HE_Nu_Aske_Oct2024/PMTfied_filtered/Snowstorm/MuonLike/22015/3/PMTfied_8.parquet
2025-02-15 12:05:49 - INFO - Filtered PMTfied file saved to: /lustre/hpc/project/icecube/HE_Nu_Aske_Oct2024/PMTfied_filtered/Snowstorm/MuonLike/22015/3/PMTfied_4.parquet
2025-02-15 12:05:49 - INFO - Filtering process completed.
2025-02-15 12:05:49 - INFO - Filtering process completed.
2025-02-15 12:05:49 - INFO - Unified receipt generated: /lustre/hpc/project/icecube/HE_Nu_Aske_Oct2024/PMTfied_filtered/Snowstorm/MuonLike/22015/[Receipt]22015_3.json
2025-02-15 12:05:49 - INFO - Filtering process completed.
Job completed at Sat Feb 15 12:05:49 PM CET 2025
