Starting job at Thu Feb 13 05:56:52 PM CET 2025
Running Filter_by_part.py for subdirectory 22015, part 8
2025-02-13 17:56:52 - INFO - Event filtering process starts...
2025-02-13 17:56:52 - INFO - Initialized PureNeutrinoEventFilter
2025-02-13 17:56:52 - INFO - Starting filtering process for 22015/8
2025-02-13 17:56:53 - INFO - Loaded 20 event specifier files from /lustre/hpc/project/icecube/HE_Nu_Aske_Oct2024/clean_events_dict/22015/22015/reduced
2025-02-13 17:56:53 - INFO - Selected 5 CSV files covering event range [10149, 14970]
2025-02-13 17:56:53 - INFO - Loaded 94252 valid (RunID, EventID) pairs from CSV files
2025-02-13 17:56:54 - INFO - Recalculated 'offset' column based on filtered 'N_doms' values.
2025-02-13 17:56:54 - INFO - Filtered truth file saved to: /lustre/hpc/project/icecube/HE_Nu_Aske_Oct2024/PMTfied_filtered/PureNu/Snowstorm/22015/truth_8.parquet
2025-02-13 17:56:54 - INFO - Receipt file saved to: /lustre/hpc/project/icecube/HE_Nu_Aske_Oct2024/PMTfied_filtered/PureNu/Snowstorm/22015/[Receipt]22015_8.json
2025-02-13 17:56:55 - INFO - Filtered PMTfied file saved to: /lustre/hpc/project/icecube/HE_Nu_Aske_Oct2024/PMTfied_filtered/PureNu/Snowstorm/22015/8/PMTfied_7.parquet
2025-02-13 17:56:57 - INFO - Filtered PMTfied file saved to: /lustre/hpc/project/icecube/HE_Nu_Aske_Oct2024/PMTfied_filtered/PureNu/Snowstorm/22015/8/PMTfied_3.parquet
2025-02-13 17:56:58 - INFO - Filtered PMTfied file saved to: /lustre/hpc/project/icecube/HE_Nu_Aske_Oct2024/PMTfied_filtered/PureNu/Snowstorm/22015/8/PMTfied_14.parquet
2025-02-13 17:56:59 - INFO - Filtered PMTfied file saved to: /lustre/hpc/project/icecube/HE_Nu_Aske_Oct2024/PMTfied_filtered/PureNu/Snowstorm/22015/8/PMTfied_10.parquet
2025-02-13 17:57:00 - INFO - Filtered PMTfied file saved to: /lustre/hpc/project/icecube/HE_Nu_Aske_Oct2024/PMTfied_filtered/PureNu/Snowstorm/22015/8/PMTfied_6.parquet
2025-02-13 17:57:02 - INFO - Filtered PMTfied file saved to: /lustre/hpc/project/icecube/HE_Nu_Aske_Oct2024/PMTfied_filtered/PureNu/Snowstorm/22015/8/PMTfied_2.parquet
2025-02-13 17:57:03 - INFO - Filtered PMTfied file saved to: /lustre/hpc/project/icecube/HE_Nu_Aske_Oct2024/PMTfied_filtered/PureNu/Snowstorm/22015/8/PMTfied_11.parquet
2025-02-13 17:57:04 - INFO - Filtered PMTfied file saved to: /lustre/hpc/project/icecube/HE_Nu_Aske_Oct2024/PMTfied_filtered/PureNu/Snowstorm/22015/8/PMTfied_8.parquet
2025-02-13 17:57:06 - INFO - Filtered PMTfied file saved to: /lustre/hpc/project/icecube/HE_Nu_Aske_Oct2024/PMTfied_filtered/PureNu/Snowstorm/22015/8/PMTfied_4.parquet
2025-02-13 17:57:07 - INFO - Filtered PMTfied file saved to: /lustre/hpc/project/icecube/HE_Nu_Aske_Oct2024/PMTfied_filtered/PureNu/Snowstorm/22015/8/PMTfied_13.parquet
2025-02-13 17:57:08 - INFO - Filtered PMTfied file saved to: /lustre/hpc/project/icecube/HE_Nu_Aske_Oct2024/PMTfied_filtered/PureNu/Snowstorm/22015/8/PMTfied_5.parquet
2025-02-13 17:57:09 - INFO - Filtered PMTfied file saved to: /lustre/hpc/project/icecube/HE_Nu_Aske_Oct2024/PMTfied_filtered/PureNu/Snowstorm/22015/8/PMTfied_1.parquet
2025-02-13 17:57:11 - INFO - Filtered PMTfied file saved to: /lustre/hpc/project/icecube/HE_Nu_Aske_Oct2024/PMTfied_filtered/PureNu/Snowstorm/22015/8/PMTfied_9.parquet
2025-02-13 17:57:12 - INFO - Filtered PMTfied file saved to: /lustre/hpc/project/icecube/HE_Nu_Aske_Oct2024/PMTfied_filtered/PureNu/Snowstorm/22015/8/PMTfied_12.parquet
2025-02-13 17:57:12 - INFO - Filtering process completed.
2025-02-13 17:57:12 - INFO - Filtering process completed for all selected filters.
2025-02-13 17:57:12 - INFO - Execution time: 19.56 seconds
2025-02-13 17:57:12 - INFO - Updated receipt with execution time: /lustre/hpc/project/icecube/HE_Nu_Aske_Oct2024/PMTfied_filtered/PureNu/Snowstorm/22015/[Receipt]22015_8.json
Job completed at Thu Feb 13 05:57:12 PM CET 2025
