Starting job at Sat Feb 15 12:05:40 PM CET 2025
Running Filter_by_part.py for subdirectory 22015, part 4
2025-02-15 12:05:41 - INFO - Event filtering process starts...
2025-02-15 12:05:41 - INFO - Initialized Muon13Filter filter for 22015/4
2025-02-15 12:05:41 - INFO - Extracted 24293 valid events where MuonFilter_13==True.
2025-02-15 12:05:41 - INFO - Initialized CompositeEventFilter filter for 22015/4
2025-02-15 12:05:41 - INFO - Initialized (MuonLike)
2025-02-15 12:05:41 - INFO - Starting filtering process for 22015/4
2025-02-15 12:05:41 - INFO - Starting filtering process for 22015/4
2025-02-15 12:05:42 - INFO - Recalculated 'offset' column based on filtered 'N_doms' values.
2025-02-15 12:05:42 - INFO - Filtered truth file saved to: /lustre/hpc/project/icecube/HE_Nu_Aske_Oct2024/PMTfied_filtered/Snowstorm/MuonLike/22015/truth_4.parquet
2025-02-15 12:05:44 - INFO - Filtered PMTfied file saved to: /lustre/hpc/project/icecube/HE_Nu_Aske_Oct2024/PMTfied_filtered/Snowstorm/MuonLike/22015/4/PMTfied_11.parquet
2025-02-15 12:05:46 - INFO - Filtered PMTfied file saved to: /lustre/hpc/project/icecube/HE_Nu_Aske_Oct2024/PMTfied_filtered/Snowstorm/MuonLike/22015/4/PMTfied_8.parquet
2025-02-15 12:05:47 - INFO - Filtered PMTfied file saved to: /lustre/hpc/project/icecube/HE_Nu_Aske_Oct2024/PMTfied_filtered/Snowstorm/MuonLike/22015/4/PMTfied_4.parquet
2025-02-15 12:05:48 - INFO - Filtered PMTfied file saved to: /lustre/hpc/project/icecube/HE_Nu_Aske_Oct2024/PMTfied_filtered/Snowstorm/MuonLike/22015/4/PMTfied_14.parquet
2025-02-15 12:05:50 - INFO - Filtered PMTfied file saved to: /lustre/hpc/project/icecube/HE_Nu_Aske_Oct2024/PMTfied_filtered/Snowstorm/MuonLike/22015/4/PMTfied_10.parquet
2025-02-15 12:05:51 - INFO - Filtered PMTfied file saved to: /lustre/hpc/project/icecube/HE_Nu_Aske_Oct2024/PMTfied_filtered/Snowstorm/MuonLike/22015/4/PMTfied_1.parquet
2025-02-15 12:05:52 - INFO - Filtered PMTfied file saved to: /lustre/hpc/project/icecube/HE_Nu_Aske_Oct2024/PMTfied_filtered/Snowstorm/MuonLike/22015/4/PMTfied_5.parquet
2025-02-15 12:05:54 - INFO - Filtered PMTfied file saved to: /lustre/hpc/project/icecube/HE_Nu_Aske_Oct2024/PMTfied_filtered/Snowstorm/MuonLike/22015/4/PMTfied_9.parquet
2025-02-15 12:05:55 - INFO - Filtered PMTfied file saved to: /lustre/hpc/project/icecube/HE_Nu_Aske_Oct2024/PMTfied_filtered/Snowstorm/MuonLike/22015/4/PMTfied_12.parquet
2025-02-15 12:05:57 - INFO - Filtered PMTfied file saved to: /lustre/hpc/project/icecube/HE_Nu_Aske_Oct2024/PMTfied_filtered/Snowstorm/MuonLike/22015/4/PMTfied_3.parquet
2025-02-15 12:05:58 - INFO - Filtered PMTfied file saved to: /lustre/hpc/project/icecube/HE_Nu_Aske_Oct2024/PMTfied_filtered/Snowstorm/MuonLike/22015/4/PMTfied_7.parquet
2025-02-15 12:05:59 - INFO - Filtered PMTfied file saved to: /lustre/hpc/project/icecube/HE_Nu_Aske_Oct2024/PMTfied_filtered/Snowstorm/MuonLike/22015/4/PMTfied_13.parquet
2025-02-15 12:06:01 - INFO - Filtered PMTfied file saved to: /lustre/hpc/project/icecube/HE_Nu_Aske_Oct2024/PMTfied_filtered/Snowstorm/MuonLike/22015/4/PMTfied_2.parquet
2025-02-15 12:06:02 - INFO - Filtered PMTfied file saved to: /lustre/hpc/project/icecube/HE_Nu_Aske_Oct2024/PMTfied_filtered/Snowstorm/MuonLike/22015/4/PMTfied_6.parquet
2025-02-15 12:06:02 - INFO - Filtering process completed.
2025-02-15 12:06:02 - INFO - Filtering process completed.
2025-02-15 12:06:02 - INFO - Unified receipt generated: /lustre/hpc/project/icecube/HE_Nu_Aske_Oct2024/PMTfied_filtered/Snowstorm/MuonLike/22015/[Receipt]22015_4.json
2025-02-15 12:06:02 - INFO - Filtering process completed.
Job completed at Sat Feb 15 12:06:02 PM CET 2025
