Starting job at Mon Feb 17 03:59:43 PM CET 2025
Running Filter_by_part.py for subdirectory 22015, part 8
2025-02-17 15:59:43 - INFO - Event filtering process starts...
2025-02-17 15:59:43 - INFO - Initialized PureNeutrinoEventFilter filter for 22015/8
2025-02-17 15:59:44 - INFO - Loaded 20 event specifier files from /lustre/hpc/project/icecube/HE_Nu_Aske_Oct2024/clean_events_dict/22015/22015/reduced
2025-02-17 15:59:44 - INFO - Selected 5 CSV files covering event range [10149, 14970]
2025-02-17 15:59:44 - INFO - Loaded 94252 valid (RunID, EventID) pairs from CSV files
2025-02-17 15:59:44 - INFO - Extracted 21496 valid events based on pure neutrino events.
2025-02-17 15:59:44 - INFO - Initialized CompositeEventFilter filter for 22015/8
2025-02-17 15:59:44 - INFO - Initialized (PureNu)
2025-02-17 15:59:44 - INFO - Starting filtering process for 22015/8
2025-02-17 15:59:44 - INFO - Starting filtering process for 22015/8
2025-02-17 15:59:44 - INFO - Recalculated 'offset' column based on 'N_doms' values within each 'shard_no' group.
2025-02-17 15:59:44 - INFO - Filtered truth file saved to: /lustre/hpc/project/icecube/HE_Nu_Aske_Oct2024/PMTfied_filtered/Snowstorm/PureNu/22015/truth_8.parquet
2025-02-17 15:59:45 - INFO - Filtered PMTfied file saved to: /lustre/hpc/project/icecube/HE_Nu_Aske_Oct2024/PMTfied_filtered/Snowstorm/PureNu/22015/8/PMTfied_7.parquet
2025-02-17 15:59:46 - INFO - Filtered PMTfied file saved to: /lustre/hpc/project/icecube/HE_Nu_Aske_Oct2024/PMTfied_filtered/Snowstorm/PureNu/22015/8/PMTfied_3.parquet
2025-02-17 15:59:46 - INFO - Filtered PMTfied file saved to: /lustre/hpc/project/icecube/HE_Nu_Aske_Oct2024/PMTfied_filtered/Snowstorm/PureNu/22015/8/PMTfied_14.parquet
2025-02-17 15:59:47 - INFO - Filtered PMTfied file saved to: /lustre/hpc/project/icecube/HE_Nu_Aske_Oct2024/PMTfied_filtered/Snowstorm/PureNu/22015/8/PMTfied_10.parquet
2025-02-17 15:59:48 - INFO - Filtered PMTfied file saved to: /lustre/hpc/project/icecube/HE_Nu_Aske_Oct2024/PMTfied_filtered/Snowstorm/PureNu/22015/8/PMTfied_6.parquet
2025-02-17 15:59:49 - INFO - Filtered PMTfied file saved to: /lustre/hpc/project/icecube/HE_Nu_Aske_Oct2024/PMTfied_filtered/Snowstorm/PureNu/22015/8/PMTfied_2.parquet
2025-02-17 15:59:50 - INFO - Filtered PMTfied file saved to: /lustre/hpc/project/icecube/HE_Nu_Aske_Oct2024/PMTfied_filtered/Snowstorm/PureNu/22015/8/PMTfied_11.parquet
2025-02-17 15:59:50 - INFO - Filtered PMTfied file saved to: /lustre/hpc/project/icecube/HE_Nu_Aske_Oct2024/PMTfied_filtered/Snowstorm/PureNu/22015/8/PMTfied_8.parquet
2025-02-17 15:59:51 - INFO - Filtered PMTfied file saved to: /lustre/hpc/project/icecube/HE_Nu_Aske_Oct2024/PMTfied_filtered/Snowstorm/PureNu/22015/8/PMTfied_4.parquet
2025-02-17 15:59:52 - INFO - Filtered PMTfied file saved to: /lustre/hpc/project/icecube/HE_Nu_Aske_Oct2024/PMTfied_filtered/Snowstorm/PureNu/22015/8/PMTfied_13.parquet
2025-02-17 15:59:52 - INFO - Filtered PMTfied file saved to: /lustre/hpc/project/icecube/HE_Nu_Aske_Oct2024/PMTfied_filtered/Snowstorm/PureNu/22015/8/PMTfied_5.parquet
2025-02-17 15:59:53 - INFO - Filtered PMTfied file saved to: /lustre/hpc/project/icecube/HE_Nu_Aske_Oct2024/PMTfied_filtered/Snowstorm/PureNu/22015/8/PMTfied_1.parquet
2025-02-17 15:59:54 - INFO - Filtered PMTfied file saved to: /lustre/hpc/project/icecube/HE_Nu_Aske_Oct2024/PMTfied_filtered/Snowstorm/PureNu/22015/8/PMTfied_9.parquet
2025-02-17 15:59:55 - INFO - Filtered PMTfied file saved to: /lustre/hpc/project/icecube/HE_Nu_Aske_Oct2024/PMTfied_filtered/Snowstorm/PureNu/22015/8/PMTfied_12.parquet
2025-02-17 15:59:55 - INFO - Filtering process completed.
2025-02-17 15:59:55 - INFO - Filtering process completed.
2025-02-17 15:59:55 - INFO - Unified receipt generated: /lustre/hpc/project/icecube/HE_Nu_Aske_Oct2024/PMTfied_filtered/Snowstorm/PureNu/22015/[Receipt]22015_8.json
2025-02-17 15:59:55 - INFO - Filtering process completed.
Job completed at Mon Feb 17 03:59:55 PM CET 2025
