Starting job at Mon Feb 24 01:53:03 PM CET 2025
Running Filter_by_part.py for subdirectory 22015, part 2
2025-02-24 13:53:03 - INFO - Event filtering process starts...
2025-02-24 13:53:03 - INFO - Initialized PureNeutrinoEventFilter filter for 22015/2
2025-02-24 13:53:04 - INFO - Loaded 20 event specifier files from /lustre/hpc/project/icecube/HE_Nu_Aske_Oct2024/clean_events_dict/22015/22015/reduced
2025-02-24 13:53:04 - INFO - Selected 5 CSV files covering event range [47, 4965]
2025-02-24 13:53:04 - INFO - Loaded 94044 valid (RunID, EventID) pairs from CSV files
2025-02-24 13:53:04 - INFO - Extracted 21367 valid events based on pure neutrino events.
2025-02-24 13:53:04 - INFO - Initialized CCFilter filter for 22015/2
2025-02-24 13:53:04 - INFO - Extracted 20155 valid events which are CC interactions.
2025-02-24 13:53:04 - INFO - Initialized ContainmentFilter filter for 22015/2
2025-02-24 13:53:04 - INFO - Extracted 4995 valid events within the specified containment region.
2025-02-24 13:53:04 - INFO - Initialized CompositeEventFilter filter for 22015/2
2025-02-24 13:53:04 - INFO - Initialized (CC_CRclean_Contained)
2025-02-24 13:53:04 - INFO - Starting filtering process for 22015/2
2025-02-24 13:53:04 - INFO - Starting filtering process for 22015/2
2025-02-24 13:53:04 - INFO - Recalculated 'offset' column based on 'N_doms' values within each 'shard_no' group.
2025-02-24 13:53:04 - INFO - Filtered truth file saved to: /lustre/hpc/project/icecube/HE_Nu_Aske_Oct2024/PMTfied_filtered/Snowstorm/CC_CRclean_Contained/22015/truth_2.parquet
2025-02-24 13:53:05 - INFO - Filtered PMTfied file saved to: /lustre/hpc/project/icecube/HE_Nu_Aske_Oct2024/PMTfied_filtered/Snowstorm/CC_CRclean_Contained/22015/2/PMTfied_1.parquet
2025-02-24 13:53:06 - INFO - Filtered PMTfied file saved to: /lustre/hpc/project/icecube/HE_Nu_Aske_Oct2024/PMTfied_filtered/Snowstorm/CC_CRclean_Contained/22015/2/PMTfied_5.parquet
2025-02-24 13:53:07 - INFO - Filtered PMTfied file saved to: /lustre/hpc/project/icecube/HE_Nu_Aske_Oct2024/PMTfied_filtered/Snowstorm/CC_CRclean_Contained/22015/2/PMTfied_14.parquet
2025-02-24 13:53:08 - INFO - Filtered PMTfied file saved to: /lustre/hpc/project/icecube/HE_Nu_Aske_Oct2024/PMTfied_filtered/Snowstorm/CC_CRclean_Contained/22015/2/PMTfied_10.parquet
2025-02-24 13:53:09 - INFO - Filtered PMTfied file saved to: /lustre/hpc/project/icecube/HE_Nu_Aske_Oct2024/PMTfied_filtered/Snowstorm/CC_CRclean_Contained/22015/2/PMTfied_9.parquet
2025-02-24 13:53:10 - INFO - Filtered PMTfied file saved to: /lustre/hpc/project/icecube/HE_Nu_Aske_Oct2024/PMTfied_filtered/Snowstorm/CC_CRclean_Contained/22015/2/PMTfied_11.parquet
2025-02-24 13:53:10 - INFO - Filtered PMTfied file saved to: /lustre/hpc/project/icecube/HE_Nu_Aske_Oct2024/PMTfied_filtered/Snowstorm/CC_CRclean_Contained/22015/2/PMTfied_8.parquet
2025-02-24 13:53:11 - INFO - Filtered PMTfied file saved to: /lustre/hpc/project/icecube/HE_Nu_Aske_Oct2024/PMTfied_filtered/Snowstorm/CC_CRclean_Contained/22015/2/PMTfied_4.parquet
2025-02-24 13:53:12 - INFO - Filtered PMTfied file saved to: /lustre/hpc/project/icecube/HE_Nu_Aske_Oct2024/PMTfied_filtered/Snowstorm/CC_CRclean_Contained/22015/2/PMTfied_13.parquet
2025-02-24 13:53:13 - INFO - Filtered PMTfied file saved to: /lustre/hpc/project/icecube/HE_Nu_Aske_Oct2024/PMTfied_filtered/Snowstorm/CC_CRclean_Contained/22015/2/PMTfied_2.parquet
2025-02-24 13:53:14 - INFO - Filtered PMTfied file saved to: /lustre/hpc/project/icecube/HE_Nu_Aske_Oct2024/PMTfied_filtered/Snowstorm/CC_CRclean_Contained/22015/2/PMTfied_6.parquet
2025-02-24 13:53:15 - INFO - Filtered PMTfied file saved to: /lustre/hpc/project/icecube/HE_Nu_Aske_Oct2024/PMTfied_filtered/Snowstorm/CC_CRclean_Contained/22015/2/PMTfied_3.parquet
2025-02-24 13:53:16 - INFO - Filtered PMTfied file saved to: /lustre/hpc/project/icecube/HE_Nu_Aske_Oct2024/PMTfied_filtered/Snowstorm/CC_CRclean_Contained/22015/2/PMTfied_7.parquet
2025-02-24 13:53:17 - INFO - Filtered PMTfied file saved to: /lustre/hpc/project/icecube/HE_Nu_Aske_Oct2024/PMTfied_filtered/Snowstorm/CC_CRclean_Contained/22015/2/PMTfied_12.parquet
2025-02-24 13:53:17 - INFO - Filtering process completed.
2025-02-24 13:53:17 - INFO - Filtering process completed.
2025-02-24 13:53:17 - INFO - Unified receipt generated: /lustre/hpc/project/icecube/HE_Nu_Aske_Oct2024/PMTfied_filtered/Snowstorm/CC_CRclean_Contained/22015/[Receipt]22015_2.json
2025-02-24 13:53:17 - INFO - Filtering process completed.
Job completed at Mon Feb 24 01:53:17 PM CET 2025
