Starting job at Sat Feb 15 12:06:05 PM CET 2025
Running Filter_by_part.py for subdirectory 22015, part 11
2025-02-15 12:06:05 - INFO - Event filtering process starts...
2025-02-15 12:06:05 - INFO - Initialized Muon13Filter filter for 22015/11
2025-02-15 12:06:05 - INFO - Extracted 24758 valid events where MuonFilter_13==True.
2025-02-15 12:06:05 - INFO - Initialized CompositeEventFilter filter for 22015/11
2025-02-15 12:06:05 - INFO - Initialized (MuonLike)
2025-02-15 12:06:05 - INFO - Starting filtering process for 22015/11
2025-02-15 12:06:05 - INFO - Starting filtering process for 22015/11
2025-02-15 12:06:06 - INFO - Recalculated 'offset' column based on filtered 'N_doms' values.
2025-02-15 12:06:07 - INFO - Filtered truth file saved to: /lustre/hpc/project/icecube/HE_Nu_Aske_Oct2024/PMTfied_filtered/Snowstorm/MuonLike/22015/truth_11.parquet
2025-02-15 12:06:08 - INFO - Filtered PMTfied file saved to: /lustre/hpc/project/icecube/HE_Nu_Aske_Oct2024/PMTfied_filtered/Snowstorm/MuonLike/22015/11/PMTfied_7.parquet
2025-02-15 12:06:09 - INFO - Filtered PMTfied file saved to: /lustre/hpc/project/icecube/HE_Nu_Aske_Oct2024/PMTfied_filtered/Snowstorm/MuonLike/22015/11/PMTfied_3.parquet
2025-02-15 12:06:11 - INFO - Filtered PMTfied file saved to: /lustre/hpc/project/icecube/HE_Nu_Aske_Oct2024/PMTfied_filtered/Snowstorm/MuonLike/22015/11/PMTfied_12.parquet
2025-02-15 12:06:12 - INFO - Filtered PMTfied file saved to: /lustre/hpc/project/icecube/HE_Nu_Aske_Oct2024/PMTfied_filtered/Snowstorm/MuonLike/22015/11/PMTfied_13.parquet
2025-02-15 12:06:14 - INFO - Filtered PMTfied file saved to: /lustre/hpc/project/icecube/HE_Nu_Aske_Oct2024/PMTfied_filtered/Snowstorm/MuonLike/22015/11/PMTfied_6.parquet
2025-02-15 12:06:15 - INFO - Filtered PMTfied file saved to: /lustre/hpc/project/icecube/HE_Nu_Aske_Oct2024/PMTfied_filtered/Snowstorm/MuonLike/22015/11/PMTfied_2.parquet
2025-02-15 12:06:17 - INFO - Filtered PMTfied file saved to: /lustre/hpc/project/icecube/HE_Nu_Aske_Oct2024/PMTfied_filtered/Snowstorm/MuonLike/22015/11/PMTfied_11.parquet
2025-02-15 12:06:18 - INFO - Filtered PMTfied file saved to: /lustre/hpc/project/icecube/HE_Nu_Aske_Oct2024/PMTfied_filtered/Snowstorm/MuonLike/22015/11/PMTfied_8.parquet
2025-02-15 12:06:20 - INFO - Filtered PMTfied file saved to: /lustre/hpc/project/icecube/HE_Nu_Aske_Oct2024/PMTfied_filtered/Snowstorm/MuonLike/22015/11/PMTfied_4.parquet
2025-02-15 12:06:21 - INFO - Filtered PMTfied file saved to: /lustre/hpc/project/icecube/HE_Nu_Aske_Oct2024/PMTfied_filtered/Snowstorm/MuonLike/22015/11/PMTfied_5.parquet
2025-02-15 12:06:22 - INFO - Filtered PMTfied file saved to: /lustre/hpc/project/icecube/HE_Nu_Aske_Oct2024/PMTfied_filtered/Snowstorm/MuonLike/22015/11/PMTfied_1.parquet
2025-02-15 12:06:24 - INFO - Filtered PMTfied file saved to: /lustre/hpc/project/icecube/HE_Nu_Aske_Oct2024/PMTfied_filtered/Snowstorm/MuonLike/22015/11/PMTfied_9.parquet
2025-02-15 12:06:25 - INFO - Filtered PMTfied file saved to: /lustre/hpc/project/icecube/HE_Nu_Aske_Oct2024/PMTfied_filtered/Snowstorm/MuonLike/22015/11/PMTfied_14.parquet
2025-02-15 12:06:26 - INFO - Filtered PMTfied file saved to: /lustre/hpc/project/icecube/HE_Nu_Aske_Oct2024/PMTfied_filtered/Snowstorm/MuonLike/22015/11/PMTfied_10.parquet
2025-02-15 12:06:26 - INFO - Filtering process completed.
2025-02-15 12:06:26 - INFO - Filtering process completed.
2025-02-15 12:06:26 - INFO - Unified receipt generated: /lustre/hpc/project/icecube/HE_Nu_Aske_Oct2024/PMTfied_filtered/Snowstorm/MuonLike/22015/[Receipt]22015_11.json
2025-02-15 12:06:26 - INFO - Filtering process completed.
Job completed at Sat Feb 15 12:06:26 PM CET 2025
