Starting job at Sat Feb 15 12:12:18 PM CET 2025
Running Filter_by_part.py for subdirectory 22015, part 12
2025-02-15 12:12:18 - INFO - Event filtering process starts...
2025-02-15 12:12:18 - INFO - Initialized PureNeutrinoEventFilter filter for 22015/12
2025-02-15 12:12:19 - INFO - Loaded 20 event specifier files from /lustre/hpc/project/icecube/HE_Nu_Aske_Oct2024/clean_events_dict/22015/22015/reduced
2025-02-15 12:12:19 - INFO - Selected 20 CSV files covering event range [96, 19999]
2025-02-15 12:12:19 - INFO - Loaded 376843 valid (RunID, EventID) pairs from CSV files
2025-02-15 12:12:19 - INFO - Extracted 13672 valid events based on pure neutrino events.
2025-02-15 12:12:19 - INFO - Initialized CompositeEventFilter filter for 22015/12
2025-02-15 12:12:19 - INFO - Initialized (PureNu)
2025-02-15 12:12:19 - INFO - Starting filtering process for 22015/12
2025-02-15 12:12:19 - INFO - Starting filtering process for 22015/12
2025-02-15 12:12:20 - INFO - Recalculated 'offset' column based on filtered 'N_doms' values.
2025-02-15 12:12:20 - INFO - Filtered truth file saved to: /lustre/hpc/project/icecube/HE_Nu_Aske_Oct2024/PMTfied_filtered/Snowstorm/PureNu/22015/truth_12.parquet
2025-02-15 12:12:21 - INFO - Filtered PMTfied file saved to: /lustre/hpc/project/icecube/HE_Nu_Aske_Oct2024/PMTfied_filtered/Snowstorm/PureNu/22015/12/PMTfied_6.parquet
2025-02-15 12:12:23 - INFO - Filtered PMTfied file saved to: /lustre/hpc/project/icecube/HE_Nu_Aske_Oct2024/PMTfied_filtered/Snowstorm/PureNu/22015/12/PMTfied_2.parquet
2025-02-15 12:12:24 - INFO - Filtered PMTfied file saved to: /lustre/hpc/project/icecube/HE_Nu_Aske_Oct2024/PMTfied_filtered/Snowstorm/PureNu/22015/12/PMTfied_7.parquet
2025-02-15 12:12:25 - INFO - Filtered PMTfied file saved to: /lustre/hpc/project/icecube/HE_Nu_Aske_Oct2024/PMTfied_filtered/Snowstorm/PureNu/22015/12/PMTfied_3.parquet
2025-02-15 12:12:26 - INFO - Filtered PMTfied file saved to: /lustre/hpc/project/icecube/HE_Nu_Aske_Oct2024/PMTfied_filtered/Snowstorm/PureNu/22015/12/PMTfied_5.parquet
2025-02-15 12:12:28 - INFO - Filtered PMTfied file saved to: /lustre/hpc/project/icecube/HE_Nu_Aske_Oct2024/PMTfied_filtered/Snowstorm/PureNu/22015/12/PMTfied_1.parquet
2025-02-15 12:12:29 - INFO - Filtered PMTfied file saved to: /lustre/hpc/project/icecube/HE_Nu_Aske_Oct2024/PMTfied_filtered/Snowstorm/PureNu/22015/12/PMTfied_9.parquet
2025-02-15 12:12:30 - INFO - Filtered PMTfied file saved to: /lustre/hpc/project/icecube/HE_Nu_Aske_Oct2024/PMTfied_filtered/Snowstorm/PureNu/22015/12/PMTfied_8.parquet
2025-02-15 12:12:32 - INFO - Filtered PMTfied file saved to: /lustre/hpc/project/icecube/HE_Nu_Aske_Oct2024/PMTfied_filtered/Snowstorm/PureNu/22015/12/PMTfied_4.parquet
2025-02-15 12:12:32 - INFO - Filtering process completed.
2025-02-15 12:12:32 - INFO - Filtering process completed.
2025-02-15 12:12:32 - INFO - Unified receipt generated: /lustre/hpc/project/icecube/HE_Nu_Aske_Oct2024/PMTfied_filtered/Snowstorm/PureNu/22015/[Receipt]22015_12.json
2025-02-15 12:12:32 - INFO - Filtering process completed.
Job completed at Sat Feb 15 12:12:32 PM CET 2025
