Starting job at Mon Feb 17 04:11:02 PM CET 2025
Running Filter_by_part.py for subdirectory 22015, part 6
2025-02-17 16:11:02 - INFO - Event filtering process starts...
2025-02-17 16:11:02 - INFO - Initialized Muon13Filter filter for 22015/6
2025-02-17 16:11:03 - INFO - Extracted 24707 valid events where MuonFilter_13==True.
2025-02-17 16:11:03 - INFO - Initialized CompositeEventFilter filter for 22015/6
2025-02-17 16:11:03 - INFO - Initialized (MuonLike)
2025-02-17 16:11:03 - INFO - Starting filtering process for 22015/6
2025-02-17 16:11:03 - INFO - Starting filtering process for 22015/6
2025-02-17 16:11:03 - INFO - Recalculated 'offset' column based on 'N_doms' values within each 'shard_no' group.
2025-02-17 16:11:04 - INFO - Filtered truth file saved to: /lustre/hpc/project/icecube/HE_Nu_Aske_Oct2024/PMTfied_filtered/Snowstorm/MuonLike/22015/truth_6.parquet
2025-02-17 16:11:04 - INFO - Filtered PMTfied file saved to: /lustre/hpc/project/icecube/HE_Nu_Aske_Oct2024/PMTfied_filtered/Snowstorm/MuonLike/22015/6/PMTfied_12.parquet
2025-02-17 16:11:05 - INFO - Filtered PMTfied file saved to: /lustre/hpc/project/icecube/HE_Nu_Aske_Oct2024/PMTfied_filtered/Snowstorm/MuonLike/22015/6/PMTfied_5.parquet
2025-02-17 16:11:06 - INFO - Filtered PMTfied file saved to: /lustre/hpc/project/icecube/HE_Nu_Aske_Oct2024/PMTfied_filtered/Snowstorm/MuonLike/22015/6/PMTfied_1.parquet
2025-02-17 16:11:07 - INFO - Filtered PMTfied file saved to: /lustre/hpc/project/icecube/HE_Nu_Aske_Oct2024/PMTfied_filtered/Snowstorm/MuonLike/22015/6/PMTfied_9.parquet
2025-02-17 16:11:08 - INFO - Filtered PMTfied file saved to: /lustre/hpc/project/icecube/HE_Nu_Aske_Oct2024/PMTfied_filtered/Snowstorm/MuonLike/22015/6/PMTfied_13.parquet
2025-02-17 16:11:08 - INFO - Filtered PMTfied file saved to: /lustre/hpc/project/icecube/HE_Nu_Aske_Oct2024/PMTfied_filtered/Snowstorm/MuonLike/22015/6/PMTfied_8.parquet
2025-02-17 16:11:09 - INFO - Filtered PMTfied file saved to: /lustre/hpc/project/icecube/HE_Nu_Aske_Oct2024/PMTfied_filtered/Snowstorm/MuonLike/22015/6/PMTfied_4.parquet
2025-02-17 16:11:10 - INFO - Filtered PMTfied file saved to: /lustre/hpc/project/icecube/HE_Nu_Aske_Oct2024/PMTfied_filtered/Snowstorm/MuonLike/22015/6/PMTfied_11.parquet
2025-02-17 16:11:10 - INFO - Filtered PMTfied file saved to: /lustre/hpc/project/icecube/HE_Nu_Aske_Oct2024/PMTfied_filtered/Snowstorm/MuonLike/22015/6/PMTfied_6.parquet
2025-02-17 16:11:11 - INFO - Filtered PMTfied file saved to: /lustre/hpc/project/icecube/HE_Nu_Aske_Oct2024/PMTfied_filtered/Snowstorm/MuonLike/22015/6/PMTfied_2.parquet
2025-02-17 16:11:12 - INFO - Filtered PMTfied file saved to: /lustre/hpc/project/icecube/HE_Nu_Aske_Oct2024/PMTfied_filtered/Snowstorm/MuonLike/22015/6/PMTfied_10.parquet
2025-02-17 16:11:13 - INFO - Filtered PMTfied file saved to: /lustre/hpc/project/icecube/HE_Nu_Aske_Oct2024/PMTfied_filtered/Snowstorm/MuonLike/22015/6/PMTfied_14.parquet
2025-02-17 16:11:13 - INFO - Filtered PMTfied file saved to: /lustre/hpc/project/icecube/HE_Nu_Aske_Oct2024/PMTfied_filtered/Snowstorm/MuonLike/22015/6/PMTfied_7.parquet
2025-02-17 16:11:14 - INFO - Filtered PMTfied file saved to: /lustre/hpc/project/icecube/HE_Nu_Aske_Oct2024/PMTfied_filtered/Snowstorm/MuonLike/22015/6/PMTfied_3.parquet
2025-02-17 16:11:14 - INFO - Filtering process completed.
2025-02-17 16:11:14 - INFO - Filtering process completed.
2025-02-17 16:11:14 - INFO - Unified receipt generated: /lustre/hpc/project/icecube/HE_Nu_Aske_Oct2024/PMTfied_filtered/Snowstorm/MuonLike/22015/[Receipt]22015_6.json
2025-02-17 16:11:14 - INFO - Filtering process completed.
Job completed at Mon Feb 17 04:11:14 PM CET 2025
