Starting job at Mon Feb 24 01:10:24 PM CET 2025
Running Filter_by_part.py for subdirectory 22015, part 12
2025-02-24 13:10:24 - INFO - Event filtering process starts...
2025-02-24 13:10:24 - INFO - Initialized PureNeutrinoEventFilter filter for 22015/12
2025-02-24 13:10:25 - INFO - Loaded 20 event specifier files from /lustre/hpc/project/icecube/HE_Nu_Aske_Oct2024/clean_events_dict/22015/22015/reduced
2025-02-24 13:10:25 - INFO - Selected 20 CSV files covering event range [96, 19999]
2025-02-24 13:10:25 - INFO - Loaded 376843 valid (RunID, EventID) pairs from CSV files
2025-02-24 13:10:25 - INFO - Extracted 13672 valid events based on pure neutrino events.
2025-02-24 13:10:25 - INFO - Initialized Muon13Filter filter for 22015/12
2025-02-24 13:10:25 - INFO - Extracted 15664 valid events where MuonFilter_13==True.
2025-02-24 13:10:25 - INFO - Initialized CCFilter filter for 22015/12
2025-02-24 13:10:25 - INFO - Extracted 12789 valid events which are CC interactions.
2025-02-24 13:10:25 - INFO - Initialized CompositeEventFilter filter for 22015/12
2025-02-24 13:10:25 - INFO - Initialized (CC_CRclean_MuonLike)
2025-02-24 13:10:25 - INFO - Starting filtering process for 22015/12
2025-02-24 13:10:25 - INFO - Starting filtering process for 22015/12
2025-02-24 13:10:26 - INFO - Recalculated 'offset' column based on 'N_doms' values within each 'shard_no' group.
2025-02-24 13:10:26 - INFO - Filtered truth file saved to: /lustre/hpc/project/icecube/HE_Nu_Aske_Oct2024/PMTfied_filtered/Snowstorm/CC_CRclean_MuonLike/22015/truth_12.parquet
2025-02-24 13:10:27 - INFO - Filtered PMTfied file saved to: /lustre/hpc/project/icecube/HE_Nu_Aske_Oct2024/PMTfied_filtered/Snowstorm/CC_CRclean_MuonLike/22015/12/PMTfied_6.parquet
2025-02-24 13:10:28 - INFO - Filtered PMTfied file saved to: /lustre/hpc/project/icecube/HE_Nu_Aske_Oct2024/PMTfied_filtered/Snowstorm/CC_CRclean_MuonLike/22015/12/PMTfied_2.parquet
2025-02-24 13:10:30 - INFO - Filtered PMTfied file saved to: /lustre/hpc/project/icecube/HE_Nu_Aske_Oct2024/PMTfied_filtered/Snowstorm/CC_CRclean_MuonLike/22015/12/PMTfied_7.parquet
2025-02-24 13:10:31 - INFO - Filtered PMTfied file saved to: /lustre/hpc/project/icecube/HE_Nu_Aske_Oct2024/PMTfied_filtered/Snowstorm/CC_CRclean_MuonLike/22015/12/PMTfied_3.parquet
2025-02-24 13:10:32 - INFO - Filtered PMTfied file saved to: /lustre/hpc/project/icecube/HE_Nu_Aske_Oct2024/PMTfied_filtered/Snowstorm/CC_CRclean_MuonLike/22015/12/PMTfied_5.parquet
2025-02-24 13:10:33 - INFO - Filtered PMTfied file saved to: /lustre/hpc/project/icecube/HE_Nu_Aske_Oct2024/PMTfied_filtered/Snowstorm/CC_CRclean_MuonLike/22015/12/PMTfied_1.parquet
2025-02-24 13:10:34 - INFO - Filtered PMTfied file saved to: /lustre/hpc/project/icecube/HE_Nu_Aske_Oct2024/PMTfied_filtered/Snowstorm/CC_CRclean_MuonLike/22015/12/PMTfied_9.parquet
2025-02-24 13:10:35 - INFO - Filtered PMTfied file saved to: /lustre/hpc/project/icecube/HE_Nu_Aske_Oct2024/PMTfied_filtered/Snowstorm/CC_CRclean_MuonLike/22015/12/PMTfied_8.parquet
2025-02-24 13:10:36 - INFO - Filtered PMTfied file saved to: /lustre/hpc/project/icecube/HE_Nu_Aske_Oct2024/PMTfied_filtered/Snowstorm/CC_CRclean_MuonLike/22015/12/PMTfied_4.parquet
2025-02-24 13:10:36 - INFO - Filtering process completed.
2025-02-24 13:10:36 - INFO - Filtering process completed.
2025-02-24 13:10:36 - INFO - Unified receipt generated: /lustre/hpc/project/icecube/HE_Nu_Aske_Oct2024/PMTfied_filtered/Snowstorm/CC_CRclean_MuonLike/22015/[Receipt]22015_12.json
2025-02-24 13:10:36 - INFO - Filtering process completed.
Job completed at Mon Feb 24 01:10:36 PM CET 2025
