Starting job at Mon Feb 17 04:11:06 PM CET 2025
Running Filter_by_part.py for subdirectory 22015, part 8
2025-02-17 16:11:07 - INFO - Event filtering process starts...
2025-02-17 16:11:07 - INFO - Initialized Muon13Filter filter for 22015/8
2025-02-17 16:11:07 - INFO - Extracted 24545 valid events where MuonFilter_13==True.
2025-02-17 16:11:07 - INFO - Initialized CompositeEventFilter filter for 22015/8
2025-02-17 16:11:07 - INFO - Initialized (MuonLike)
2025-02-17 16:11:07 - INFO - Starting filtering process for 22015/8
2025-02-17 16:11:07 - INFO - Starting filtering process for 22015/8
2025-02-17 16:11:07 - INFO - Recalculated 'offset' column based on 'N_doms' values within each 'shard_no' group.
2025-02-17 16:11:07 - INFO - Filtered truth file saved to: /lustre/hpc/project/icecube/HE_Nu_Aske_Oct2024/PMTfied_filtered/Snowstorm/MuonLike/22015/truth_8.parquet
2025-02-17 16:11:08 - INFO - Filtered PMTfied file saved to: /lustre/hpc/project/icecube/HE_Nu_Aske_Oct2024/PMTfied_filtered/Snowstorm/MuonLike/22015/8/PMTfied_7.parquet
2025-02-17 16:11:09 - INFO - Filtered PMTfied file saved to: /lustre/hpc/project/icecube/HE_Nu_Aske_Oct2024/PMTfied_filtered/Snowstorm/MuonLike/22015/8/PMTfied_3.parquet
2025-02-17 16:11:10 - INFO - Filtered PMTfied file saved to: /lustre/hpc/project/icecube/HE_Nu_Aske_Oct2024/PMTfied_filtered/Snowstorm/MuonLike/22015/8/PMTfied_14.parquet
2025-02-17 16:11:10 - INFO - Filtered PMTfied file saved to: /lustre/hpc/project/icecube/HE_Nu_Aske_Oct2024/PMTfied_filtered/Snowstorm/MuonLike/22015/8/PMTfied_10.parquet
2025-02-17 16:11:11 - INFO - Filtered PMTfied file saved to: /lustre/hpc/project/icecube/HE_Nu_Aske_Oct2024/PMTfied_filtered/Snowstorm/MuonLike/22015/8/PMTfied_6.parquet
2025-02-17 16:11:12 - INFO - Filtered PMTfied file saved to: /lustre/hpc/project/icecube/HE_Nu_Aske_Oct2024/PMTfied_filtered/Snowstorm/MuonLike/22015/8/PMTfied_2.parquet
2025-02-17 16:11:13 - INFO - Filtered PMTfied file saved to: /lustre/hpc/project/icecube/HE_Nu_Aske_Oct2024/PMTfied_filtered/Snowstorm/MuonLike/22015/8/PMTfied_11.parquet
2025-02-17 16:11:13 - INFO - Filtered PMTfied file saved to: /lustre/hpc/project/icecube/HE_Nu_Aske_Oct2024/PMTfied_filtered/Snowstorm/MuonLike/22015/8/PMTfied_8.parquet
2025-02-17 16:11:14 - INFO - Filtered PMTfied file saved to: /lustre/hpc/project/icecube/HE_Nu_Aske_Oct2024/PMTfied_filtered/Snowstorm/MuonLike/22015/8/PMTfied_4.parquet
2025-02-17 16:11:15 - INFO - Filtered PMTfied file saved to: /lustre/hpc/project/icecube/HE_Nu_Aske_Oct2024/PMTfied_filtered/Snowstorm/MuonLike/22015/8/PMTfied_13.parquet
2025-02-17 16:11:15 - INFO - Filtered PMTfied file saved to: /lustre/hpc/project/icecube/HE_Nu_Aske_Oct2024/PMTfied_filtered/Snowstorm/MuonLike/22015/8/PMTfied_5.parquet
2025-02-17 16:11:16 - INFO - Filtered PMTfied file saved to: /lustre/hpc/project/icecube/HE_Nu_Aske_Oct2024/PMTfied_filtered/Snowstorm/MuonLike/22015/8/PMTfied_1.parquet
2025-02-17 16:11:17 - INFO - Filtered PMTfied file saved to: /lustre/hpc/project/icecube/HE_Nu_Aske_Oct2024/PMTfied_filtered/Snowstorm/MuonLike/22015/8/PMTfied_9.parquet
2025-02-17 16:11:18 - INFO - Filtered PMTfied file saved to: /lustre/hpc/project/icecube/HE_Nu_Aske_Oct2024/PMTfied_filtered/Snowstorm/MuonLike/22015/8/PMTfied_12.parquet
2025-02-17 16:11:18 - INFO - Filtering process completed.
2025-02-17 16:11:18 - INFO - Filtering process completed.
2025-02-17 16:11:18 - INFO - Unified receipt generated: /lustre/hpc/project/icecube/HE_Nu_Aske_Oct2024/PMTfied_filtered/Snowstorm/MuonLike/22015/[Receipt]22015_8.json
2025-02-17 16:11:18 - INFO - Filtering process completed.
Job completed at Mon Feb 17 04:11:18 PM CET 2025
