Starting job at Mon Feb 24 01:53:26 PM CET 2025
Running Filter_by_part.py for subdirectory 22015, part 10
2025-02-24 13:53:26 - INFO - Event filtering process starts...
2025-02-24 13:53:26 - INFO - Initialized PureNeutrinoEventFilter filter for 22015/10
2025-02-24 13:53:27 - INFO - Loaded 20 event specifier files from /lustre/hpc/project/icecube/HE_Nu_Aske_Oct2024/clean_events_dict/22015/22015/reduced
2025-02-24 13:53:27 - INFO - Selected 6 CSV files covering event range [14038, 19898]
2025-02-24 13:53:27 - INFO - Loaded 112720 valid (RunID, EventID) pairs from CSV files
2025-02-24 13:53:27 - INFO - Extracted 21236 valid events based on pure neutrino events.
2025-02-24 13:53:27 - INFO - Initialized CCFilter filter for 22015/10
2025-02-24 13:53:27 - INFO - Extracted 20117 valid events which are CC interactions.
2025-02-24 13:53:27 - INFO - Initialized ContainmentFilter filter for 22015/10
2025-02-24 13:53:27 - INFO - Extracted 4889 valid events within the specified containment region.
2025-02-24 13:53:27 - INFO - Initialized CompositeEventFilter filter for 22015/10
2025-02-24 13:53:27 - INFO - Initialized (CC_CRclean_Contained)
2025-02-24 13:53:27 - INFO - Starting filtering process for 22015/10
2025-02-24 13:53:27 - INFO - Starting filtering process for 22015/10
2025-02-24 13:53:27 - INFO - Recalculated 'offset' column based on 'N_doms' values within each 'shard_no' group.
2025-02-24 13:53:27 - INFO - Filtered truth file saved to: /lustre/hpc/project/icecube/HE_Nu_Aske_Oct2024/PMTfied_filtered/Snowstorm/CC_CRclean_Contained/22015/truth_10.parquet
2025-02-24 13:53:28 - INFO - Filtered PMTfied file saved to: /lustre/hpc/project/icecube/HE_Nu_Aske_Oct2024/PMTfied_filtered/Snowstorm/CC_CRclean_Contained/22015/10/PMTfied_9.parquet
2025-02-24 13:53:29 - INFO - Filtered PMTfied file saved to: /lustre/hpc/project/icecube/HE_Nu_Aske_Oct2024/PMTfied_filtered/Snowstorm/CC_CRclean_Contained/22015/10/PMTfied_1.parquet
2025-02-24 13:53:30 - INFO - Filtered PMTfied file saved to: /lustre/hpc/project/icecube/HE_Nu_Aske_Oct2024/PMTfied_filtered/Snowstorm/CC_CRclean_Contained/22015/10/PMTfied_5.parquet
2025-02-24 13:53:31 - INFO - Filtered PMTfied file saved to: /lustre/hpc/project/icecube/HE_Nu_Aske_Oct2024/PMTfied_filtered/Snowstorm/CC_CRclean_Contained/22015/10/PMTfied_12.parquet
2025-02-24 13:53:32 - INFO - Filtered PMTfied file saved to: /lustre/hpc/project/icecube/HE_Nu_Aske_Oct2024/PMTfied_filtered/Snowstorm/CC_CRclean_Contained/22015/10/PMTfied_13.parquet
2025-02-24 13:53:33 - INFO - Filtered PMTfied file saved to: /lustre/hpc/project/icecube/HE_Nu_Aske_Oct2024/PMTfied_filtered/Snowstorm/CC_CRclean_Contained/22015/10/PMTfied_4.parquet
2025-02-24 13:53:33 - INFO - Filtered PMTfied file saved to: /lustre/hpc/project/icecube/HE_Nu_Aske_Oct2024/PMTfied_filtered/Snowstorm/CC_CRclean_Contained/22015/10/PMTfied_8.parquet
2025-02-24 13:53:34 - INFO - Filtered PMTfied file saved to: /lustre/hpc/project/icecube/HE_Nu_Aske_Oct2024/PMTfied_filtered/Snowstorm/CC_CRclean_Contained/22015/10/PMTfied_11.parquet
2025-02-24 13:53:35 - INFO - Filtered PMTfied file saved to: /lustre/hpc/project/icecube/HE_Nu_Aske_Oct2024/PMTfied_filtered/Snowstorm/CC_CRclean_Contained/22015/10/PMTfied_2.parquet
2025-02-24 13:53:36 - INFO - Filtered PMTfied file saved to: /lustre/hpc/project/icecube/HE_Nu_Aske_Oct2024/PMTfied_filtered/Snowstorm/CC_CRclean_Contained/22015/10/PMTfied_6.parquet
2025-02-24 13:53:37 - INFO - Filtered PMTfied file saved to: /lustre/hpc/project/icecube/HE_Nu_Aske_Oct2024/PMTfied_filtered/Snowstorm/CC_CRclean_Contained/22015/10/PMTfied_3.parquet
2025-02-24 13:53:38 - INFO - Filtered PMTfied file saved to: /lustre/hpc/project/icecube/HE_Nu_Aske_Oct2024/PMTfied_filtered/Snowstorm/CC_CRclean_Contained/22015/10/PMTfied_7.parquet
2025-02-24 13:53:39 - INFO - Filtered PMTfied file saved to: /lustre/hpc/project/icecube/HE_Nu_Aske_Oct2024/PMTfied_filtered/Snowstorm/CC_CRclean_Contained/22015/10/PMTfied_10.parquet
2025-02-24 13:53:40 - INFO - Filtered PMTfied file saved to: /lustre/hpc/project/icecube/HE_Nu_Aske_Oct2024/PMTfied_filtered/Snowstorm/CC_CRclean_Contained/22015/10/PMTfied_14.parquet
2025-02-24 13:53:40 - INFO - Filtering process completed.
2025-02-24 13:53:40 - INFO - Filtering process completed.
2025-02-24 13:53:40 - INFO - Unified receipt generated: /lustre/hpc/project/icecube/HE_Nu_Aske_Oct2024/PMTfied_filtered/Snowstorm/CC_CRclean_Contained/22015/[Receipt]22015_10.json
2025-02-24 13:53:40 - INFO - Filtering process completed.
Job completed at Mon Feb 24 01:53:40 PM CET 2025
