Starting job at Sat Feb 15 12:11:28 PM CET 2025
Running Filter_by_part.py for subdirectory 22015, part 1
2025-02-15 12:11:28 - INFO - Event filtering process starts...
2025-02-15 12:11:28 - INFO - Initialized PureNeutrinoEventFilter filter for 22015/1
2025-02-15 12:11:29 - INFO - Loaded 20 event specifier files from /lustre/hpc/project/icecube/HE_Nu_Aske_Oct2024/clean_events_dict/22015/22015/reduced
2025-02-15 12:11:29 - INFO - Selected 5 CSV files covering event range [0, 4898]
2025-02-15 12:11:32 - INFO - Loaded 94044 valid (RunID, EventID) pairs from CSV files
2025-02-15 12:11:32 - INFO - Extracted 21985 valid events based on pure neutrino events.
2025-02-15 12:11:32 - INFO - Initialized CompositeEventFilter filter for 22015/1
2025-02-15 12:11:32 - INFO - Initialized (PureNu)
2025-02-15 12:11:32 - INFO - Starting filtering process for 22015/1
2025-02-15 12:11:32 - INFO - Starting filtering process for 22015/1
2025-02-15 12:11:33 - INFO - Recalculated 'offset' column based on filtered 'N_doms' values.
2025-02-15 12:11:33 - INFO - Filtered truth file saved to: /lustre/hpc/project/icecube/HE_Nu_Aske_Oct2024/PMTfied_filtered/Snowstorm/PureNu/22015/truth_1.parquet
2025-02-15 12:11:34 - INFO - Filtered PMTfied file saved to: /lustre/hpc/project/icecube/HE_Nu_Aske_Oct2024/PMTfied_filtered/Snowstorm/PureNu/22015/1/PMTfied_13.parquet
2025-02-15 12:11:37 - INFO - Filtered PMTfied file saved to: /lustre/hpc/project/icecube/HE_Nu_Aske_Oct2024/PMTfied_filtered/Snowstorm/PureNu/22015/1/PMTfied_8.parquet
2025-02-15 12:11:39 - INFO - Filtered PMTfied file saved to: /lustre/hpc/project/icecube/HE_Nu_Aske_Oct2024/PMTfied_filtered/Snowstorm/PureNu/22015/1/PMTfied_4.parquet
2025-02-15 12:11:40 - INFO - Filtered PMTfied file saved to: /lustre/hpc/project/icecube/HE_Nu_Aske_Oct2024/PMTfied_filtered/Snowstorm/PureNu/22015/1/PMTfied_1.parquet
2025-02-15 12:11:41 - INFO - Filtered PMTfied file saved to: /lustre/hpc/project/icecube/HE_Nu_Aske_Oct2024/PMTfied_filtered/Snowstorm/PureNu/22015/1/PMTfied_5.parquet
2025-02-15 12:11:42 - INFO - Filtered PMTfied file saved to: /lustre/hpc/project/icecube/HE_Nu_Aske_Oct2024/PMTfied_filtered/Snowstorm/PureNu/22015/1/PMTfied_9.parquet
2025-02-15 12:11:44 - INFO - Filtered PMTfied file saved to: /lustre/hpc/project/icecube/HE_Nu_Aske_Oct2024/PMTfied_filtered/Snowstorm/PureNu/22015/1/PMTfied_12.parquet
2025-02-15 12:11:46 - INFO - Filtered PMTfied file saved to: /lustre/hpc/project/icecube/HE_Nu_Aske_Oct2024/PMTfied_filtered/Snowstorm/PureNu/22015/1/PMTfied_3.parquet
2025-02-15 12:11:47 - INFO - Filtered PMTfied file saved to: /lustre/hpc/project/icecube/HE_Nu_Aske_Oct2024/PMTfied_filtered/Snowstorm/PureNu/22015/1/PMTfied_7.parquet
2025-02-15 12:11:49 - INFO - Filtered PMTfied file saved to: /lustre/hpc/project/icecube/HE_Nu_Aske_Oct2024/PMTfied_filtered/Snowstorm/PureNu/22015/1/PMTfied_14.parquet
2025-02-15 12:11:50 - INFO - Filtered PMTfied file saved to: /lustre/hpc/project/icecube/HE_Nu_Aske_Oct2024/PMTfied_filtered/Snowstorm/PureNu/22015/1/PMTfied_10.parquet
2025-02-15 12:11:50 - INFO - Filtered PMTfied file saved to: /lustre/hpc/project/icecube/HE_Nu_Aske_Oct2024/PMTfied_filtered/Snowstorm/PureNu/22015/1/PMTfied_15.parquet
2025-02-15 12:11:52 - INFO - Filtered PMTfied file saved to: /lustre/hpc/project/icecube/HE_Nu_Aske_Oct2024/PMTfied_filtered/Snowstorm/PureNu/22015/1/PMTfied_11.parquet
2025-02-15 12:11:53 - INFO - Filtered PMTfied file saved to: /lustre/hpc/project/icecube/HE_Nu_Aske_Oct2024/PMTfied_filtered/Snowstorm/PureNu/22015/1/PMTfied_2.parquet
2025-02-15 12:11:55 - INFO - Filtered PMTfied file saved to: /lustre/hpc/project/icecube/HE_Nu_Aske_Oct2024/PMTfied_filtered/Snowstorm/PureNu/22015/1/PMTfied_6.parquet
2025-02-15 12:11:55 - INFO - Filtering process completed.
2025-02-15 12:11:55 - INFO - Filtering process completed.
2025-02-15 12:11:55 - INFO - Unified receipt generated: /lustre/hpc/project/icecube/HE_Nu_Aske_Oct2024/PMTfied_filtered/Snowstorm/PureNu/22015/[Receipt]22015_1.json
2025-02-15 12:11:55 - INFO - Filtering process completed.
Job completed at Sat Feb 15 12:11:55 PM CET 2025
