Starting job at Mon Feb 24 01:09:56 PM CET 2025
Running Filter_by_part.py for subdirectory 22015, part 1
2025-02-24 13:09:57 - INFO - Event filtering process starts...
2025-02-24 13:09:57 - INFO - Initialized PureNeutrinoEventFilter filter for 22015/1
2025-02-24 13:09:57 - INFO - Loaded 20 event specifier files from /lustre/hpc/project/icecube/HE_Nu_Aske_Oct2024/clean_events_dict/22015/22015/reduced
2025-02-24 13:09:57 - INFO - Selected 5 CSV files covering event range [0, 4898]
2025-02-24 13:09:58 - INFO - Loaded 94044 valid (RunID, EventID) pairs from CSV files
2025-02-24 13:09:58 - INFO - Extracted 21985 valid events based on pure neutrino events.
2025-02-24 13:09:58 - INFO - Initialized Muon13Filter filter for 22015/1
2025-02-24 13:09:58 - INFO - Extracted 25077 valid events where MuonFilter_13==True.
2025-02-24 13:09:58 - INFO - Initialized CCFilter filter for 22015/1
2025-02-24 13:09:58 - INFO - Extracted 20493 valid events which are CC interactions.
2025-02-24 13:09:58 - INFO - Initialized CompositeEventFilter filter for 22015/1
2025-02-24 13:09:58 - INFO - Initialized (CC_CRclean_MuonLike)
2025-02-24 13:09:58 - INFO - Starting filtering process for 22015/1
2025-02-24 13:09:58 - INFO - Starting filtering process for 22015/1
2025-02-24 13:09:59 - INFO - Recalculated 'offset' column based on 'N_doms' values within each 'shard_no' group.
2025-02-24 13:09:59 - INFO - Filtered truth file saved to: /lustre/hpc/project/icecube/HE_Nu_Aske_Oct2024/PMTfied_filtered/Snowstorm/CC_CRclean_MuonLike/22015/truth_1.parquet
2025-02-24 13:10:00 - INFO - Filtered PMTfied file saved to: /lustre/hpc/project/icecube/HE_Nu_Aske_Oct2024/PMTfied_filtered/Snowstorm/CC_CRclean_MuonLike/22015/1/PMTfied_13.parquet
2025-02-24 13:10:01 - INFO - Filtered PMTfied file saved to: /lustre/hpc/project/icecube/HE_Nu_Aske_Oct2024/PMTfied_filtered/Snowstorm/CC_CRclean_MuonLike/22015/1/PMTfied_8.parquet
2025-02-24 13:10:03 - INFO - Filtered PMTfied file saved to: /lustre/hpc/project/icecube/HE_Nu_Aske_Oct2024/PMTfied_filtered/Snowstorm/CC_CRclean_MuonLike/22015/1/PMTfied_4.parquet
2025-02-24 13:10:04 - INFO - Filtered PMTfied file saved to: /lustre/hpc/project/icecube/HE_Nu_Aske_Oct2024/PMTfied_filtered/Snowstorm/CC_CRclean_MuonLike/22015/1/PMTfied_1.parquet
2025-02-24 13:10:05 - INFO - Filtered PMTfied file saved to: /lustre/hpc/project/icecube/HE_Nu_Aske_Oct2024/PMTfied_filtered/Snowstorm/CC_CRclean_MuonLike/22015/1/PMTfied_5.parquet
2025-02-24 13:10:06 - INFO - Filtered PMTfied file saved to: /lustre/hpc/project/icecube/HE_Nu_Aske_Oct2024/PMTfied_filtered/Snowstorm/CC_CRclean_MuonLike/22015/1/PMTfied_9.parquet
2025-02-24 13:10:07 - INFO - Filtered PMTfied file saved to: /lustre/hpc/project/icecube/HE_Nu_Aske_Oct2024/PMTfied_filtered/Snowstorm/CC_CRclean_MuonLike/22015/1/PMTfied_12.parquet
2025-02-24 13:10:09 - INFO - Filtered PMTfied file saved to: /lustre/hpc/project/icecube/HE_Nu_Aske_Oct2024/PMTfied_filtered/Snowstorm/CC_CRclean_MuonLike/22015/1/PMTfied_3.parquet
2025-02-24 13:10:10 - INFO - Filtered PMTfied file saved to: /lustre/hpc/project/icecube/HE_Nu_Aske_Oct2024/PMTfied_filtered/Snowstorm/CC_CRclean_MuonLike/22015/1/PMTfied_7.parquet
2025-02-24 13:10:11 - INFO - Filtered PMTfied file saved to: /lustre/hpc/project/icecube/HE_Nu_Aske_Oct2024/PMTfied_filtered/Snowstorm/CC_CRclean_MuonLike/22015/1/PMTfied_14.parquet
2025-02-24 13:10:12 - INFO - Filtered PMTfied file saved to: /lustre/hpc/project/icecube/HE_Nu_Aske_Oct2024/PMTfied_filtered/Snowstorm/CC_CRclean_MuonLike/22015/1/PMTfied_10.parquet
2025-02-24 13:10:13 - INFO - Filtered PMTfied file saved to: /lustre/hpc/project/icecube/HE_Nu_Aske_Oct2024/PMTfied_filtered/Snowstorm/CC_CRclean_MuonLike/22015/1/PMTfied_15.parquet
2025-02-24 13:10:14 - INFO - Filtered PMTfied file saved to: /lustre/hpc/project/icecube/HE_Nu_Aske_Oct2024/PMTfied_filtered/Snowstorm/CC_CRclean_MuonLike/22015/1/PMTfied_11.parquet
2025-02-24 13:10:15 - INFO - Filtered PMTfied file saved to: /lustre/hpc/project/icecube/HE_Nu_Aske_Oct2024/PMTfied_filtered/Snowstorm/CC_CRclean_MuonLike/22015/1/PMTfied_2.parquet
2025-02-24 13:10:16 - INFO - Filtered PMTfied file saved to: /lustre/hpc/project/icecube/HE_Nu_Aske_Oct2024/PMTfied_filtered/Snowstorm/CC_CRclean_MuonLike/22015/1/PMTfied_6.parquet
2025-02-24 13:10:16 - INFO - Filtering process completed.
2025-02-24 13:10:16 - INFO - Filtering process completed.
2025-02-24 13:10:16 - INFO - Unified receipt generated: /lustre/hpc/project/icecube/HE_Nu_Aske_Oct2024/PMTfied_filtered/Snowstorm/CC_CRclean_MuonLike/22015/[Receipt]22015_1.json
2025-02-24 13:10:16 - INFO - Filtering process completed.
Job completed at Mon Feb 24 01:10:16 PM CET 2025
