Starting job at Thu Feb 13 05:12:39 PM CET 2025
Running Filter_by_part.py for subdirectory 22015, part 9
2025-02-13 17:12:39 - INFO - Event filtering process starts...
2025-02-13 17:12:39 - INFO - Initialized Muon13Filter
2025-02-13 17:12:39 - INFO - Starting filtering process for 22015/9
2025-02-13 17:12:40 - INFO - Recalculated 'offset' column based on filtered 'N_doms' values.
2025-02-13 17:12:41 - INFO - Filtered truth file saved to: /lustre/hpc/project/icecube/HE_Nu_Aske_Oct2024/PMTfied_filtered/MuonLike/Snowstorm/22015/truth_9.parquet
2025-02-13 17:12:41 - INFO - Receipt file saved to: /lustre/hpc/project/icecube/HE_Nu_Aske_Oct2024/PMTfied_filtered/MuonLike/Snowstorm/22015/[Receipt]22015_9.json
2025-02-13 17:12:42 - INFO - Filtered PMTfied file saved to: /lustre/hpc/project/icecube/HE_Nu_Aske_Oct2024/PMTfied_filtered/MuonLike/Snowstorm/22015/9/PMTfied_12.parquet
2025-02-13 17:12:43 - INFO - Filtered PMTfied file saved to: /lustre/hpc/project/icecube/HE_Nu_Aske_Oct2024/PMTfied_filtered/MuonLike/Snowstorm/22015/9/PMTfied_3.parquet
2025-02-13 17:12:45 - INFO - Filtered PMTfied file saved to: /lustre/hpc/project/icecube/HE_Nu_Aske_Oct2024/PMTfied_filtered/MuonLike/Snowstorm/22015/9/PMTfied_7.parquet
2025-02-13 17:12:46 - INFO - Filtered PMTfied file saved to: /lustre/hpc/project/icecube/HE_Nu_Aske_Oct2024/PMTfied_filtered/MuonLike/Snowstorm/22015/9/PMTfied_13.parquet
2025-02-13 17:12:48 - INFO - Filtered PMTfied file saved to: /lustre/hpc/project/icecube/HE_Nu_Aske_Oct2024/PMTfied_filtered/MuonLike/Snowstorm/22015/9/PMTfied_2.parquet
2025-02-13 17:12:49 - INFO - Filtered PMTfied file saved to: /lustre/hpc/project/icecube/HE_Nu_Aske_Oct2024/PMTfied_filtered/MuonLike/Snowstorm/22015/9/PMTfied_6.parquet
2025-02-13 17:12:51 - INFO - Filtered PMTfied file saved to: /lustre/hpc/project/icecube/HE_Nu_Aske_Oct2024/PMTfied_filtered/MuonLike/Snowstorm/22015/9/PMTfied_11.parquet
2025-02-13 17:12:51 - INFO - Filtered PMTfied file saved to: /lustre/hpc/project/icecube/HE_Nu_Aske_Oct2024/PMTfied_filtered/MuonLike/Snowstorm/22015/9/PMTfied_15.parquet
2025-02-13 17:12:52 - INFO - Filtered PMTfied file saved to: /lustre/hpc/project/icecube/HE_Nu_Aske_Oct2024/PMTfied_filtered/MuonLike/Snowstorm/22015/9/PMTfied_4.parquet
2025-02-13 17:12:54 - INFO - Filtered PMTfied file saved to: /lustre/hpc/project/icecube/HE_Nu_Aske_Oct2024/PMTfied_filtered/MuonLike/Snowstorm/22015/9/PMTfied_8.parquet
2025-02-13 17:12:55 - INFO - Filtered PMTfied file saved to: /lustre/hpc/project/icecube/HE_Nu_Aske_Oct2024/PMTfied_filtered/MuonLike/Snowstorm/22015/9/PMTfied_10.parquet
2025-02-13 17:12:57 - INFO - Filtered PMTfied file saved to: /lustre/hpc/project/icecube/HE_Nu_Aske_Oct2024/PMTfied_filtered/MuonLike/Snowstorm/22015/9/PMTfied_14.parquet
2025-02-13 17:12:58 - INFO - Filtered PMTfied file saved to: /lustre/hpc/project/icecube/HE_Nu_Aske_Oct2024/PMTfied_filtered/MuonLike/Snowstorm/22015/9/PMTfied_9.parquet
2025-02-13 17:12:59 - INFO - Filtered PMTfied file saved to: /lustre/hpc/project/icecube/HE_Nu_Aske_Oct2024/PMTfied_filtered/MuonLike/Snowstorm/22015/9/PMTfied_1.parquet
2025-02-13 17:13:01 - INFO - Filtered PMTfied file saved to: /lustre/hpc/project/icecube/HE_Nu_Aske_Oct2024/PMTfied_filtered/MuonLike/Snowstorm/22015/9/PMTfied_5.parquet
2025-02-13 17:13:01 - INFO - Filtering process completed.
2025-02-13 17:13:01 - INFO - Filtering process completed for all selected filters.
2025-02-13 17:13:01 - INFO - Execution time: 21.69 seconds
2025-02-13 17:13:01 - INFO - Updated receipt with execution time: /lustre/hpc/project/icecube/HE_Nu_Aske_Oct2024/PMTfied_filtered/MuonLike/Snowstorm/22015/[Receipt]22015_9.json
Job completed at Thu Feb 13 05:13:01 PM CET 2025
