Starting job at Sat Feb 15 12:57:00 PM CET 2025
Running Filter_by_part.py for subdirectory 22015, part 3
2025-02-15 12:57:01 - INFO - Event filtering process starts...
2025-02-15 12:57:01 - INFO - Initialized Muon13Filter filter for 22015/3
2025-02-15 12:57:01 - INFO - Extracted 24537 valid events where MuonFilter_13==True.
2025-02-15 12:57:01 - INFO - Initialized CompositeEventFilter filter for 22015/3
2025-02-15 12:57:01 - INFO - Initialized (MuonLike)
2025-02-15 12:57:01 - INFO - Starting filtering process for 22015/3
2025-02-15 12:57:01 - INFO - Starting filtering process for 22015/3
2025-02-15 12:57:02 - INFO - Recalculated 'offset' column based on filtered 'N_doms' values.
2025-02-15 12:57:02 - INFO - Filtered truth file saved to: /lustre/hpc/project/icecube/HE_Nu_Aske_Oct2024/PMTfied_filtered/Snowstorm/MuonLike/22015/truth_3.parquet
2025-02-15 12:57:03 - INFO - Filtered PMTfied file saved to: /lustre/hpc/project/icecube/HE_Nu_Aske_Oct2024/PMTfied_filtered/Snowstorm/MuonLike/22015/3/PMTfied_14.parquet
2025-02-15 12:57:05 - INFO - Filtered PMTfied file saved to: /lustre/hpc/project/icecube/HE_Nu_Aske_Oct2024/PMTfied_filtered/Snowstorm/MuonLike/22015/3/PMTfied_10.parquet
2025-02-15 12:57:07 - INFO - Filtered PMTfied file saved to: /lustre/hpc/project/icecube/HE_Nu_Aske_Oct2024/PMTfied_filtered/Snowstorm/MuonLike/22015/3/PMTfied_2.parquet
2025-02-15 12:57:09 - INFO - Filtered PMTfied file saved to: /lustre/hpc/project/icecube/HE_Nu_Aske_Oct2024/PMTfied_filtered/Snowstorm/MuonLike/22015/3/PMTfied_6.parquet
2025-02-15 12:57:10 - INFO - Filtered PMTfied file saved to: /lustre/hpc/project/icecube/HE_Nu_Aske_Oct2024/PMTfied_filtered/Snowstorm/MuonLike/22015/3/PMTfied_11.parquet
2025-02-15 12:57:12 - INFO - Filtered PMTfied file saved to: /lustre/hpc/project/icecube/HE_Nu_Aske_Oct2024/PMTfied_filtered/Snowstorm/MuonLike/22015/3/PMTfied_3.parquet
2025-02-15 12:57:13 - INFO - Filtered PMTfied file saved to: /lustre/hpc/project/icecube/HE_Nu_Aske_Oct2024/PMTfied_filtered/Snowstorm/MuonLike/22015/3/PMTfied_7.parquet
2025-02-15 12:57:14 - INFO - Filtered PMTfied file saved to: /lustre/hpc/project/icecube/HE_Nu_Aske_Oct2024/PMTfied_filtered/Snowstorm/MuonLike/22015/3/PMTfied_13.parquet
2025-02-15 12:57:16 - INFO - Filtered PMTfied file saved to: /lustre/hpc/project/icecube/HE_Nu_Aske_Oct2024/PMTfied_filtered/Snowstorm/MuonLike/22015/3/PMTfied_1.parquet
2025-02-15 12:57:17 - INFO - Filtered PMTfied file saved to: /lustre/hpc/project/icecube/HE_Nu_Aske_Oct2024/PMTfied_filtered/Snowstorm/MuonLike/22015/3/PMTfied_5.parquet
2025-02-15 12:57:19 - INFO - Filtered PMTfied file saved to: /lustre/hpc/project/icecube/HE_Nu_Aske_Oct2024/PMTfied_filtered/Snowstorm/MuonLike/22015/3/PMTfied_9.parquet
2025-02-15 12:57:20 - INFO - Filtered PMTfied file saved to: /lustre/hpc/project/icecube/HE_Nu_Aske_Oct2024/PMTfied_filtered/Snowstorm/MuonLike/22015/3/PMTfied_12.parquet
2025-02-15 12:57:21 - INFO - Filtered PMTfied file saved to: /lustre/hpc/project/icecube/HE_Nu_Aske_Oct2024/PMTfied_filtered/Snowstorm/MuonLike/22015/3/PMTfied_8.parquet
2025-02-15 12:57:24 - INFO - Filtered PMTfied file saved to: /lustre/hpc/project/icecube/HE_Nu_Aske_Oct2024/PMTfied_filtered/Snowstorm/MuonLike/22015/3/PMTfied_4.parquet
2025-02-15 12:57:24 - INFO - Filtering process completed.
2025-02-15 12:57:24 - INFO - Filtering process completed.
2025-02-15 12:57:24 - INFO - Unified receipt generated: /lustre/hpc/project/icecube/HE_Nu_Aske_Oct2024/PMTfied_filtered/Snowstorm/MuonLike/22015/[Receipt]22015_3.json
2025-02-15 12:57:24 - INFO - Filtering process completed.
Job completed at Sat Feb 15 12:57:24 PM CET 2025
