Starting job at Mon Feb 17 03:59:27 PM CET 2025
Running Filter_by_part.py for subdirectory 22015, part 3
2025-02-17 15:59:28 - INFO - Event filtering process starts...
2025-02-17 15:59:28 - INFO - Initialized PureNeutrinoEventFilter filter for 22015/3
2025-02-17 15:59:28 - INFO - Loaded 20 event specifier files from /lustre/hpc/project/icecube/HE_Nu_Aske_Oct2024/clean_events_dict/22015/22015/reduced
2025-02-17 15:59:28 - INFO - Selected 10 CSV files covering event range [164, 9036]
2025-02-17 15:59:29 - INFO - Loaded 188586 valid (RunID, EventID) pairs from CSV files
2025-02-17 15:59:29 - INFO - Extracted 21516 valid events based on pure neutrino events.
2025-02-17 15:59:29 - INFO - Initialized CompositeEventFilter filter for 22015/3
2025-02-17 15:59:29 - INFO - Initialized (PureNu)
2025-02-17 15:59:29 - INFO - Starting filtering process for 22015/3
2025-02-17 15:59:29 - INFO - Starting filtering process for 22015/3
2025-02-17 15:59:30 - INFO - Recalculated 'offset' column based on 'N_doms' values within each 'shard_no' group.
2025-02-17 15:59:30 - INFO - Filtered truth file saved to: /lustre/hpc/project/icecube/HE_Nu_Aske_Oct2024/PMTfied_filtered/Snowstorm/PureNu/22015/truth_3.parquet
2025-02-17 15:59:31 - INFO - Filtered PMTfied file saved to: /lustre/hpc/project/icecube/HE_Nu_Aske_Oct2024/PMTfied_filtered/Snowstorm/PureNu/22015/3/PMTfied_14.parquet
2025-02-17 15:59:32 - INFO - Filtered PMTfied file saved to: /lustre/hpc/project/icecube/HE_Nu_Aske_Oct2024/PMTfied_filtered/Snowstorm/PureNu/22015/3/PMTfied_10.parquet
2025-02-17 15:59:34 - INFO - Filtered PMTfied file saved to: /lustre/hpc/project/icecube/HE_Nu_Aske_Oct2024/PMTfied_filtered/Snowstorm/PureNu/22015/3/PMTfied_2.parquet
2025-02-17 15:59:35 - INFO - Filtered PMTfied file saved to: /lustre/hpc/project/icecube/HE_Nu_Aske_Oct2024/PMTfied_filtered/Snowstorm/PureNu/22015/3/PMTfied_6.parquet
2025-02-17 15:59:37 - INFO - Filtered PMTfied file saved to: /lustre/hpc/project/icecube/HE_Nu_Aske_Oct2024/PMTfied_filtered/Snowstorm/PureNu/22015/3/PMTfied_11.parquet
2025-02-17 15:59:38 - INFO - Filtered PMTfied file saved to: /lustre/hpc/project/icecube/HE_Nu_Aske_Oct2024/PMTfied_filtered/Snowstorm/PureNu/22015/3/PMTfied_3.parquet
2025-02-17 15:59:39 - INFO - Filtered PMTfied file saved to: /lustre/hpc/project/icecube/HE_Nu_Aske_Oct2024/PMTfied_filtered/Snowstorm/PureNu/22015/3/PMTfied_7.parquet
2025-02-17 15:59:41 - INFO - Filtered PMTfied file saved to: /lustre/hpc/project/icecube/HE_Nu_Aske_Oct2024/PMTfied_filtered/Snowstorm/PureNu/22015/3/PMTfied_13.parquet
2025-02-17 15:59:42 - INFO - Filtered PMTfied file saved to: /lustre/hpc/project/icecube/HE_Nu_Aske_Oct2024/PMTfied_filtered/Snowstorm/PureNu/22015/3/PMTfied_1.parquet
2025-02-17 15:59:43 - INFO - Filtered PMTfied file saved to: /lustre/hpc/project/icecube/HE_Nu_Aske_Oct2024/PMTfied_filtered/Snowstorm/PureNu/22015/3/PMTfied_5.parquet
2025-02-17 15:59:45 - INFO - Filtered PMTfied file saved to: /lustre/hpc/project/icecube/HE_Nu_Aske_Oct2024/PMTfied_filtered/Snowstorm/PureNu/22015/3/PMTfied_9.parquet
2025-02-17 15:59:46 - INFO - Filtered PMTfied file saved to: /lustre/hpc/project/icecube/HE_Nu_Aske_Oct2024/PMTfied_filtered/Snowstorm/PureNu/22015/3/PMTfied_12.parquet
2025-02-17 15:59:47 - INFO - Filtered PMTfied file saved to: /lustre/hpc/project/icecube/HE_Nu_Aske_Oct2024/PMTfied_filtered/Snowstorm/PureNu/22015/3/PMTfied_8.parquet
2025-02-17 15:59:49 - INFO - Filtered PMTfied file saved to: /lustre/hpc/project/icecube/HE_Nu_Aske_Oct2024/PMTfied_filtered/Snowstorm/PureNu/22015/3/PMTfied_4.parquet
2025-02-17 15:59:49 - INFO - Filtering process completed.
2025-02-17 15:59:49 - INFO - Filtering process completed.
2025-02-17 15:59:49 - INFO - Unified receipt generated: /lustre/hpc/project/icecube/HE_Nu_Aske_Oct2024/PMTfied_filtered/Snowstorm/PureNu/22015/[Receipt]22015_3.json
2025-02-17 15:59:49 - INFO - Filtering process completed.
Job completed at Mon Feb 17 03:59:49 PM CET 2025
