Starting job at Sat Feb 15 12:05:01 PM CET 2025
Running Filter_by_part.py for subdirectory 22015, part 1
2025-02-15 12:05:01 - INFO - Event filtering process starts...
2025-02-15 12:05:01 - INFO - Initialized Muon13Filter filter for 22015/1
2025-02-15 12:05:02 - INFO - Extracted 25077 valid events where MuonFilter_13==True.
2025-02-15 12:05:02 - INFO - Initialized CompositeEventFilter filter for 22015/1
2025-02-15 12:05:02 - INFO - Initialized (MuonLike)
2025-02-15 12:05:02 - INFO - Starting filtering process for 22015/1
2025-02-15 12:05:02 - INFO - Starting filtering process for 22015/1
2025-02-15 12:05:03 - INFO - Recalculated 'offset' column based on filtered 'N_doms' values.
2025-02-15 12:05:03 - INFO - Filtered truth file saved to: /lustre/hpc/project/icecube/HE_Nu_Aske_Oct2024/PMTfied_filtered/Snowstorm/MuonLike/22015/truth_1.parquet
2025-02-15 12:05:05 - INFO - Filtered PMTfied file saved to: /lustre/hpc/project/icecube/HE_Nu_Aske_Oct2024/PMTfied_filtered/Snowstorm/MuonLike/22015/1/PMTfied_13.parquet
2025-02-15 12:05:06 - INFO - Filtered PMTfied file saved to: /lustre/hpc/project/icecube/HE_Nu_Aske_Oct2024/PMTfied_filtered/Snowstorm/MuonLike/22015/1/PMTfied_8.parquet
2025-02-15 12:05:08 - INFO - Filtered PMTfied file saved to: /lustre/hpc/project/icecube/HE_Nu_Aske_Oct2024/PMTfied_filtered/Snowstorm/MuonLike/22015/1/PMTfied_4.parquet
2025-02-15 12:05:10 - INFO - Filtered PMTfied file saved to: /lustre/hpc/project/icecube/HE_Nu_Aske_Oct2024/PMTfied_filtered/Snowstorm/MuonLike/22015/1/PMTfied_1.parquet
2025-02-15 12:05:11 - INFO - Filtered PMTfied file saved to: /lustre/hpc/project/icecube/HE_Nu_Aske_Oct2024/PMTfied_filtered/Snowstorm/MuonLike/22015/1/PMTfied_5.parquet
2025-02-15 12:05:13 - INFO - Filtered PMTfied file saved to: /lustre/hpc/project/icecube/HE_Nu_Aske_Oct2024/PMTfied_filtered/Snowstorm/MuonLike/22015/1/PMTfied_9.parquet
2025-02-15 12:05:14 - INFO - Filtered PMTfied file saved to: /lustre/hpc/project/icecube/HE_Nu_Aske_Oct2024/PMTfied_filtered/Snowstorm/MuonLike/22015/1/PMTfied_12.parquet
2025-02-15 12:05:16 - INFO - Filtered PMTfied file saved to: /lustre/hpc/project/icecube/HE_Nu_Aske_Oct2024/PMTfied_filtered/Snowstorm/MuonLike/22015/1/PMTfied_3.parquet
2025-02-15 12:05:17 - INFO - Filtered PMTfied file saved to: /lustre/hpc/project/icecube/HE_Nu_Aske_Oct2024/PMTfied_filtered/Snowstorm/MuonLike/22015/1/PMTfied_7.parquet
2025-02-15 12:05:19 - INFO - Filtered PMTfied file saved to: /lustre/hpc/project/icecube/HE_Nu_Aske_Oct2024/PMTfied_filtered/Snowstorm/MuonLike/22015/1/PMTfied_14.parquet
2025-02-15 12:05:20 - INFO - Filtered PMTfied file saved to: /lustre/hpc/project/icecube/HE_Nu_Aske_Oct2024/PMTfied_filtered/Snowstorm/MuonLike/22015/1/PMTfied_10.parquet
2025-02-15 12:05:20 - INFO - Filtered PMTfied file saved to: /lustre/hpc/project/icecube/HE_Nu_Aske_Oct2024/PMTfied_filtered/Snowstorm/MuonLike/22015/1/PMTfied_15.parquet
2025-02-15 12:05:22 - INFO - Filtered PMTfied file saved to: /lustre/hpc/project/icecube/HE_Nu_Aske_Oct2024/PMTfied_filtered/Snowstorm/MuonLike/22015/1/PMTfied_11.parquet
2025-02-15 12:05:23 - INFO - Filtered PMTfied file saved to: /lustre/hpc/project/icecube/HE_Nu_Aske_Oct2024/PMTfied_filtered/Snowstorm/MuonLike/22015/1/PMTfied_2.parquet
2025-02-15 12:05:25 - INFO - Filtered PMTfied file saved to: /lustre/hpc/project/icecube/HE_Nu_Aske_Oct2024/PMTfied_filtered/Snowstorm/MuonLike/22015/1/PMTfied_6.parquet
2025-02-15 12:05:25 - INFO - Filtering process completed.
2025-02-15 12:05:25 - INFO - Filtering process completed.
2025-02-15 12:05:25 - INFO - Unified receipt generated: /lustre/hpc/project/icecube/HE_Nu_Aske_Oct2024/PMTfied_filtered/Snowstorm/MuonLike/22015/[Receipt]22015_1.json
2025-02-15 12:05:25 - INFO - Filtering process completed.
Job completed at Sat Feb 15 12:05:25 PM CET 2025
