Starting job at Sat Feb 15 12:57:39 PM CET 2025
Running Filter_by_part.py for subdirectory 22015, part 12
2025-02-15 12:57:40 - INFO - Event filtering process starts...
2025-02-15 12:57:40 - INFO - Initialized Muon13Filter filter for 22015/12
2025-02-15 12:57:40 - INFO - Extracted 15664 valid events where MuonFilter_13==True.
2025-02-15 12:57:40 - INFO - Initialized CompositeEventFilter filter for 22015/12
2025-02-15 12:57:40 - INFO - Initialized (MuonLike)
2025-02-15 12:57:40 - INFO - Starting filtering process for 22015/12
2025-02-15 12:57:40 - INFO - Starting filtering process for 22015/12
2025-02-15 12:57:41 - INFO - Recalculated 'offset' column based on filtered 'N_doms' values.
2025-02-15 12:57:41 - INFO - Filtered truth file saved to: /lustre/hpc/project/icecube/HE_Nu_Aske_Oct2024/PMTfied_filtered/Snowstorm/MuonLike/22015/truth_12.parquet
2025-02-15 12:57:42 - INFO - Filtered PMTfied file saved to: /lustre/hpc/project/icecube/HE_Nu_Aske_Oct2024/PMTfied_filtered/Snowstorm/MuonLike/22015/12/PMTfied_6.parquet
2025-02-15 12:57:44 - INFO - Filtered PMTfied file saved to: /lustre/hpc/project/icecube/HE_Nu_Aske_Oct2024/PMTfied_filtered/Snowstorm/MuonLike/22015/12/PMTfied_2.parquet
2025-02-15 12:57:45 - INFO - Filtered PMTfied file saved to: /lustre/hpc/project/icecube/HE_Nu_Aske_Oct2024/PMTfied_filtered/Snowstorm/MuonLike/22015/12/PMTfied_7.parquet
2025-02-15 12:57:46 - INFO - Filtered PMTfied file saved to: /lustre/hpc/project/icecube/HE_Nu_Aske_Oct2024/PMTfied_filtered/Snowstorm/MuonLike/22015/12/PMTfied_3.parquet
2025-02-15 12:57:48 - INFO - Filtered PMTfied file saved to: /lustre/hpc/project/icecube/HE_Nu_Aske_Oct2024/PMTfied_filtered/Snowstorm/MuonLike/22015/12/PMTfied_5.parquet
2025-02-15 12:57:49 - INFO - Filtered PMTfied file saved to: /lustre/hpc/project/icecube/HE_Nu_Aske_Oct2024/PMTfied_filtered/Snowstorm/MuonLike/22015/12/PMTfied_1.parquet
2025-02-15 12:57:50 - INFO - Filtered PMTfied file saved to: /lustre/hpc/project/icecube/HE_Nu_Aske_Oct2024/PMTfied_filtered/Snowstorm/MuonLike/22015/12/PMTfied_9.parquet
2025-02-15 12:57:52 - INFO - Filtered PMTfied file saved to: /lustre/hpc/project/icecube/HE_Nu_Aske_Oct2024/PMTfied_filtered/Snowstorm/MuonLike/22015/12/PMTfied_8.parquet
2025-02-15 12:57:53 - INFO - Filtered PMTfied file saved to: /lustre/hpc/project/icecube/HE_Nu_Aske_Oct2024/PMTfied_filtered/Snowstorm/MuonLike/22015/12/PMTfied_4.parquet
2025-02-15 12:57:53 - INFO - Filtering process completed.
2025-02-15 12:57:53 - INFO - Filtering process completed.
2025-02-15 12:57:53 - INFO - Unified receipt generated: /lustre/hpc/project/icecube/HE_Nu_Aske_Oct2024/PMTfied_filtered/Snowstorm/MuonLike/22015/[Receipt]22015_12.json
2025-02-15 12:57:53 - INFO - Filtering process completed.
Job completed at Sat Feb 15 12:57:53 PM CET 2025
