Starting job at Sat Feb 15 01:49:55 PM CET 2025
Running Filter_by_part.py for subdirectory 22015, part 1
2025-02-15 13:49:55 - INFO - Event filtering process starts...
2025-02-15 13:49:55 - INFO - Initialized PureNeutrinoEventFilter filter for 22015/1
2025-02-15 13:49:55 - INFO - Loaded 20 event specifier files from /lustre/hpc/project/icecube/HE_Nu_Aske_Oct2024/clean_events_dict/22015/22015/reduced
2025-02-15 13:49:55 - INFO - Selected 5 CSV files covering event range [0, 4898]
2025-02-15 13:49:56 - INFO - Loaded 94044 valid (RunID, EventID) pairs from CSV files
2025-02-15 13:49:56 - INFO - Extracted 21985 valid events based on pure neutrino events.
2025-02-15 13:49:56 - INFO - Initialized Muon13Filter filter for 22015/1
2025-02-15 13:49:56 - INFO - Extracted 25077 valid events where MuonFilter_13==True.
2025-02-15 13:49:56 - INFO - Initialized CompositeEventFilter filter for 22015/1
2025-02-15 13:49:56 - INFO - Initialized (MuonLike_PureNu)
2025-02-15 13:49:56 - INFO - Starting filtering process for 22015/1
2025-02-15 13:49:56 - INFO - Starting filtering process for 22015/1
2025-02-15 13:49:56 - INFO - Recalculated 'offset' column based on filtered 'N_doms' values.
2025-02-15 13:49:57 - INFO - Filtered truth file saved to: /lustre/hpc/project/icecube/HE_Nu_Aske_Oct2024/PMTfied_filtered/Snowstorm/MuonLike_PureNu/22015/truth_1.parquet
2025-02-15 13:49:58 - INFO - Filtered PMTfied file saved to: /lustre/hpc/project/icecube/HE_Nu_Aske_Oct2024/PMTfied_filtered/Snowstorm/MuonLike_PureNu/22015/1/PMTfied_13.parquet
2025-02-15 13:49:59 - INFO - Filtered PMTfied file saved to: /lustre/hpc/project/icecube/HE_Nu_Aske_Oct2024/PMTfied_filtered/Snowstorm/MuonLike_PureNu/22015/1/PMTfied_8.parquet
2025-02-15 13:50:00 - INFO - Filtered PMTfied file saved to: /lustre/hpc/project/icecube/HE_Nu_Aske_Oct2024/PMTfied_filtered/Snowstorm/MuonLike_PureNu/22015/1/PMTfied_4.parquet
2025-02-15 13:50:01 - INFO - Filtered PMTfied file saved to: /lustre/hpc/project/icecube/HE_Nu_Aske_Oct2024/PMTfied_filtered/Snowstorm/MuonLike_PureNu/22015/1/PMTfied_1.parquet
2025-02-15 13:50:03 - INFO - Filtered PMTfied file saved to: /lustre/hpc/project/icecube/HE_Nu_Aske_Oct2024/PMTfied_filtered/Snowstorm/MuonLike_PureNu/22015/1/PMTfied_5.parquet
2025-02-15 13:50:04 - INFO - Filtered PMTfied file saved to: /lustre/hpc/project/icecube/HE_Nu_Aske_Oct2024/PMTfied_filtered/Snowstorm/MuonLike_PureNu/22015/1/PMTfied_9.parquet
2025-02-15 13:50:06 - INFO - Filtered PMTfied file saved to: /lustre/hpc/project/icecube/HE_Nu_Aske_Oct2024/PMTfied_filtered/Snowstorm/MuonLike_PureNu/22015/1/PMTfied_12.parquet
2025-02-15 13:50:07 - INFO - Filtered PMTfied file saved to: /lustre/hpc/project/icecube/HE_Nu_Aske_Oct2024/PMTfied_filtered/Snowstorm/MuonLike_PureNu/22015/1/PMTfied_3.parquet
2025-02-15 13:50:08 - INFO - Filtered PMTfied file saved to: /lustre/hpc/project/icecube/HE_Nu_Aske_Oct2024/PMTfied_filtered/Snowstorm/MuonLike_PureNu/22015/1/PMTfied_7.parquet
2025-02-15 13:50:09 - INFO - Filtered PMTfied file saved to: /lustre/hpc/project/icecube/HE_Nu_Aske_Oct2024/PMTfied_filtered/Snowstorm/MuonLike_PureNu/22015/1/PMTfied_14.parquet
2025-02-15 13:50:11 - INFO - Filtered PMTfied file saved to: /lustre/hpc/project/icecube/HE_Nu_Aske_Oct2024/PMTfied_filtered/Snowstorm/MuonLike_PureNu/22015/1/PMTfied_10.parquet
2025-02-15 13:50:11 - INFO - Filtered PMTfied file saved to: /lustre/hpc/project/icecube/HE_Nu_Aske_Oct2024/PMTfied_filtered/Snowstorm/MuonLike_PureNu/22015/1/PMTfied_15.parquet
2025-02-15 13:50:12 - INFO - Filtered PMTfied file saved to: /lustre/hpc/project/icecube/HE_Nu_Aske_Oct2024/PMTfied_filtered/Snowstorm/MuonLike_PureNu/22015/1/PMTfied_11.parquet
2025-02-15 13:50:13 - INFO - Filtered PMTfied file saved to: /lustre/hpc/project/icecube/HE_Nu_Aske_Oct2024/PMTfied_filtered/Snowstorm/MuonLike_PureNu/22015/1/PMTfied_2.parquet
2025-02-15 13:50:15 - INFO - Filtered PMTfied file saved to: /lustre/hpc/project/icecube/HE_Nu_Aske_Oct2024/PMTfied_filtered/Snowstorm/MuonLike_PureNu/22015/1/PMTfied_6.parquet
2025-02-15 13:50:15 - INFO - Filtering process completed.
2025-02-15 13:50:15 - INFO - Filtering process completed.
2025-02-15 13:50:15 - INFO - Unified receipt generated: /lustre/hpc/project/icecube/HE_Nu_Aske_Oct2024/PMTfied_filtered/Snowstorm/MuonLike_PureNu/22015/[Receipt]22015_1.json
2025-02-15 13:50:15 - INFO - Filtering process completed.
Job completed at Sat Feb 15 01:50:15 PM CET 2025
