Starting job at Sat Feb 15 12:56:55 PM CET 2025
Running Filter_by_part.py for subdirectory 22015, part 1
2025-02-15 12:56:56 - INFO - Event filtering process starts...
2025-02-15 12:56:56 - INFO - Initialized Muon13Filter filter for 22015/1
2025-02-15 12:56:56 - INFO - Extracted 25077 valid events where MuonFilter_13==True.
2025-02-15 12:56:56 - INFO - Initialized CompositeEventFilter filter for 22015/1
2025-02-15 12:56:56 - INFO - Initialized (MuonLike)
2025-02-15 12:56:56 - INFO - Starting filtering process for 22015/1
2025-02-15 12:56:56 - INFO - Starting filtering process for 22015/1
2025-02-15 12:56:57 - INFO - Recalculated 'offset' column based on filtered 'N_doms' values.
2025-02-15 12:56:57 - INFO - Filtered truth file saved to: /lustre/hpc/project/icecube/HE_Nu_Aske_Oct2024/PMTfied_filtered/Snowstorm/MuonLike/22015/truth_1.parquet
2025-02-15 12:56:59 - INFO - Filtered PMTfied file saved to: /lustre/hpc/project/icecube/HE_Nu_Aske_Oct2024/PMTfied_filtered/Snowstorm/MuonLike/22015/1/PMTfied_13.parquet
2025-02-15 12:57:00 - INFO - Filtered PMTfied file saved to: /lustre/hpc/project/icecube/HE_Nu_Aske_Oct2024/PMTfied_filtered/Snowstorm/MuonLike/22015/1/PMTfied_8.parquet
2025-02-15 12:57:02 - INFO - Filtered PMTfied file saved to: /lustre/hpc/project/icecube/HE_Nu_Aske_Oct2024/PMTfied_filtered/Snowstorm/MuonLike/22015/1/PMTfied_4.parquet
2025-02-15 12:57:03 - INFO - Filtered PMTfied file saved to: /lustre/hpc/project/icecube/HE_Nu_Aske_Oct2024/PMTfied_filtered/Snowstorm/MuonLike/22015/1/PMTfied_1.parquet
2025-02-15 12:57:04 - INFO - Filtered PMTfied file saved to: /lustre/hpc/project/icecube/HE_Nu_Aske_Oct2024/PMTfied_filtered/Snowstorm/MuonLike/22015/1/PMTfied_5.parquet
2025-02-15 12:57:06 - INFO - Filtered PMTfied file saved to: /lustre/hpc/project/icecube/HE_Nu_Aske_Oct2024/PMTfied_filtered/Snowstorm/MuonLike/22015/1/PMTfied_9.parquet
2025-02-15 12:57:07 - INFO - Filtered PMTfied file saved to: /lustre/hpc/project/icecube/HE_Nu_Aske_Oct2024/PMTfied_filtered/Snowstorm/MuonLike/22015/1/PMTfied_12.parquet
2025-02-15 12:57:09 - INFO - Filtered PMTfied file saved to: /lustre/hpc/project/icecube/HE_Nu_Aske_Oct2024/PMTfied_filtered/Snowstorm/MuonLike/22015/1/PMTfied_3.parquet
2025-02-15 12:57:10 - INFO - Filtered PMTfied file saved to: /lustre/hpc/project/icecube/HE_Nu_Aske_Oct2024/PMTfied_filtered/Snowstorm/MuonLike/22015/1/PMTfied_7.parquet
2025-02-15 12:57:11 - INFO - Filtered PMTfied file saved to: /lustre/hpc/project/icecube/HE_Nu_Aske_Oct2024/PMTfied_filtered/Snowstorm/MuonLike/22015/1/PMTfied_14.parquet
2025-02-15 12:57:13 - INFO - Filtered PMTfied file saved to: /lustre/hpc/project/icecube/HE_Nu_Aske_Oct2024/PMTfied_filtered/Snowstorm/MuonLike/22015/1/PMTfied_10.parquet
2025-02-15 12:57:13 - INFO - Filtered PMTfied file saved to: /lustre/hpc/project/icecube/HE_Nu_Aske_Oct2024/PMTfied_filtered/Snowstorm/MuonLike/22015/1/PMTfied_15.parquet
2025-02-15 12:57:15 - INFO - Filtered PMTfied file saved to: /lustre/hpc/project/icecube/HE_Nu_Aske_Oct2024/PMTfied_filtered/Snowstorm/MuonLike/22015/1/PMTfied_11.parquet
2025-02-15 12:57:16 - INFO - Filtered PMTfied file saved to: /lustre/hpc/project/icecube/HE_Nu_Aske_Oct2024/PMTfied_filtered/Snowstorm/MuonLike/22015/1/PMTfied_2.parquet
2025-02-15 12:57:17 - INFO - Filtered PMTfied file saved to: /lustre/hpc/project/icecube/HE_Nu_Aske_Oct2024/PMTfied_filtered/Snowstorm/MuonLike/22015/1/PMTfied_6.parquet
2025-02-15 12:57:17 - INFO - Filtering process completed.
2025-02-15 12:57:17 - INFO - Filtering process completed.
2025-02-15 12:57:17 - INFO - Unified receipt generated: /lustre/hpc/project/icecube/HE_Nu_Aske_Oct2024/PMTfied_filtered/Snowstorm/MuonLike/22015/[Receipt]22015_1.json
2025-02-15 12:57:17 - INFO - Filtering process completed.
Job completed at Sat Feb 15 12:57:17 PM CET 2025
