Starting job at Mon Feb 24 01:10:14 PM CET 2025
Running Filter_by_part.py for subdirectory 22015, part 7
2025-02-24 13:10:15 - INFO - Event filtering process starts...
2025-02-24 13:10:15 - INFO - Initialized PureNeutrinoEventFilter filter for 22015/7
2025-02-24 13:10:15 - INFO - Loaded 20 event specifier files from /lustre/hpc/project/icecube/HE_Nu_Aske_Oct2024/clean_events_dict/22015/22015/reduced
2025-02-24 13:10:15 - INFO - Selected 5 CSV files covering event range [10028, 14880]
2025-02-24 13:10:15 - INFO - Loaded 94252 valid (RunID, EventID) pairs from CSV files
2025-02-24 13:10:15 - INFO - Extracted 21274 valid events based on pure neutrino events.
2025-02-24 13:10:15 - INFO - Initialized Muon13Filter filter for 22015/7
2025-02-24 13:10:15 - INFO - Extracted 24281 valid events where MuonFilter_13==True.
2025-02-24 13:10:15 - INFO - Initialized CCFilter filter for 22015/7
2025-02-24 13:10:15 - INFO - Extracted 19877 valid events which are CC interactions.
2025-02-24 13:10:15 - INFO - Initialized CompositeEventFilter filter for 22015/7
2025-02-24 13:10:15 - INFO - Initialized (CC_CRclean_MuonLike)
2025-02-24 13:10:15 - INFO - Starting filtering process for 22015/7
2025-02-24 13:10:15 - INFO - Starting filtering process for 22015/7
2025-02-24 13:10:17 - INFO - Recalculated 'offset' column based on 'N_doms' values within each 'shard_no' group.
2025-02-24 13:10:17 - INFO - Filtered truth file saved to: /lustre/hpc/project/icecube/HE_Nu_Aske_Oct2024/PMTfied_filtered/Snowstorm/CC_CRclean_MuonLike/22015/truth_7.parquet
2025-02-24 13:10:18 - INFO - Filtered PMTfied file saved to: /lustre/hpc/project/icecube/HE_Nu_Aske_Oct2024/PMTfied_filtered/Snowstorm/CC_CRclean_MuonLike/22015/7/PMTfied_14.parquet
2025-02-24 13:10:19 - INFO - Filtered PMTfied file saved to: /lustre/hpc/project/icecube/HE_Nu_Aske_Oct2024/PMTfied_filtered/Snowstorm/CC_CRclean_MuonLike/22015/7/PMTfied_10.parquet
2025-02-24 13:10:20 - INFO - Filtered PMTfied file saved to: /lustre/hpc/project/icecube/HE_Nu_Aske_Oct2024/PMTfied_filtered/Snowstorm/CC_CRclean_MuonLike/22015/7/PMTfied_6.parquet
2025-02-24 13:10:22 - INFO - Filtered PMTfied file saved to: /lustre/hpc/project/icecube/HE_Nu_Aske_Oct2024/PMTfied_filtered/Snowstorm/CC_CRclean_MuonLike/22015/7/PMTfied_2.parquet
2025-02-24 13:10:23 - INFO - Filtered PMTfied file saved to: /lustre/hpc/project/icecube/HE_Nu_Aske_Oct2024/PMTfied_filtered/Snowstorm/CC_CRclean_MuonLike/22015/7/PMTfied_11.parquet
2025-02-24 13:10:24 - INFO - Filtered PMTfied file saved to: /lustre/hpc/project/icecube/HE_Nu_Aske_Oct2024/PMTfied_filtered/Snowstorm/CC_CRclean_MuonLike/22015/7/PMTfied_7.parquet
2025-02-24 13:10:26 - INFO - Filtered PMTfied file saved to: /lustre/hpc/project/icecube/HE_Nu_Aske_Oct2024/PMTfied_filtered/Snowstorm/CC_CRclean_MuonLike/22015/7/PMTfied_3.parquet
2025-02-24 13:10:28 - INFO - Filtered PMTfied file saved to: /lustre/hpc/project/icecube/HE_Nu_Aske_Oct2024/PMTfied_filtered/Snowstorm/CC_CRclean_MuonLike/22015/7/PMTfied_13.parquet
2025-02-24 13:10:29 - INFO - Filtered PMTfied file saved to: /lustre/hpc/project/icecube/HE_Nu_Aske_Oct2024/PMTfied_filtered/Snowstorm/CC_CRclean_MuonLike/22015/7/PMTfied_9.parquet
2025-02-24 13:10:30 - INFO - Filtered PMTfied file saved to: /lustre/hpc/project/icecube/HE_Nu_Aske_Oct2024/PMTfied_filtered/Snowstorm/CC_CRclean_MuonLike/22015/7/PMTfied_5.parquet
2025-02-24 13:10:32 - INFO - Filtered PMTfied file saved to: /lustre/hpc/project/icecube/HE_Nu_Aske_Oct2024/PMTfied_filtered/Snowstorm/CC_CRclean_MuonLike/22015/7/PMTfied_1.parquet
2025-02-24 13:10:33 - INFO - Filtered PMTfied file saved to: /lustre/hpc/project/icecube/HE_Nu_Aske_Oct2024/PMTfied_filtered/Snowstorm/CC_CRclean_MuonLike/22015/7/PMTfied_12.parquet
2025-02-24 13:10:34 - INFO - Filtered PMTfied file saved to: /lustre/hpc/project/icecube/HE_Nu_Aske_Oct2024/PMTfied_filtered/Snowstorm/CC_CRclean_MuonLike/22015/7/PMTfied_4.parquet
2025-02-24 13:10:36 - INFO - Filtered PMTfied file saved to: /lustre/hpc/project/icecube/HE_Nu_Aske_Oct2024/PMTfied_filtered/Snowstorm/CC_CRclean_MuonLike/22015/7/PMTfied_8.parquet
2025-02-24 13:10:36 - INFO - Filtering process completed.
2025-02-24 13:10:36 - INFO - Filtering process completed.
2025-02-24 13:10:36 - INFO - Unified receipt generated: /lustre/hpc/project/icecube/HE_Nu_Aske_Oct2024/PMTfied_filtered/Snowstorm/CC_CRclean_MuonLike/22015/[Receipt]22015_7.json
2025-02-24 13:10:36 - INFO - Filtering process completed.
Job completed at Mon Feb 24 01:10:36 PM CET 2025
