Starting job at Mon Feb 17 03:59:17 PM CET 2025
Running Filter_by_part.py for subdirectory 22015, part 1
2025-02-17 15:59:17 - INFO - Event filtering process starts...
2025-02-17 15:59:17 - INFO - Initialized PureNeutrinoEventFilter filter for 22015/1
2025-02-17 15:59:18 - INFO - Loaded 20 event specifier files from /lustre/hpc/project/icecube/HE_Nu_Aske_Oct2024/clean_events_dict/22015/22015/reduced
2025-02-17 15:59:18 - INFO - Selected 5 CSV files covering event range [0, 4898]
2025-02-17 15:59:18 - INFO - Loaded 94044 valid (RunID, EventID) pairs from CSV files
2025-02-17 15:59:18 - INFO - Extracted 21985 valid events based on pure neutrino events.
2025-02-17 15:59:18 - INFO - Initialized CompositeEventFilter filter for 22015/1
2025-02-17 15:59:18 - INFO - Initialized (PureNu)
2025-02-17 15:59:18 - INFO - Starting filtering process for 22015/1
2025-02-17 15:59:18 - INFO - Starting filtering process for 22015/1
2025-02-17 15:59:19 - INFO - Recalculated 'offset' column based on 'N_doms' values within each 'shard_no' group.
2025-02-17 15:59:19 - INFO - Filtered truth file saved to: /lustre/hpc/project/icecube/HE_Nu_Aske_Oct2024/PMTfied_filtered/Snowstorm/PureNu/22015/truth_1.parquet
2025-02-17 15:59:21 - INFO - Filtered PMTfied file saved to: /lustre/hpc/project/icecube/HE_Nu_Aske_Oct2024/PMTfied_filtered/Snowstorm/PureNu/22015/1/PMTfied_13.parquet
2025-02-17 15:59:22 - INFO - Filtered PMTfied file saved to: /lustre/hpc/project/icecube/HE_Nu_Aske_Oct2024/PMTfied_filtered/Snowstorm/PureNu/22015/1/PMTfied_8.parquet
2025-02-17 15:59:23 - INFO - Filtered PMTfied file saved to: /lustre/hpc/project/icecube/HE_Nu_Aske_Oct2024/PMTfied_filtered/Snowstorm/PureNu/22015/1/PMTfied_4.parquet
2025-02-17 15:59:25 - INFO - Filtered PMTfied file saved to: /lustre/hpc/project/icecube/HE_Nu_Aske_Oct2024/PMTfied_filtered/Snowstorm/PureNu/22015/1/PMTfied_1.parquet
2025-02-17 15:59:26 - INFO - Filtered PMTfied file saved to: /lustre/hpc/project/icecube/HE_Nu_Aske_Oct2024/PMTfied_filtered/Snowstorm/PureNu/22015/1/PMTfied_5.parquet
2025-02-17 15:59:27 - INFO - Filtered PMTfied file saved to: /lustre/hpc/project/icecube/HE_Nu_Aske_Oct2024/PMTfied_filtered/Snowstorm/PureNu/22015/1/PMTfied_9.parquet
2025-02-17 15:59:28 - INFO - Filtered PMTfied file saved to: /lustre/hpc/project/icecube/HE_Nu_Aske_Oct2024/PMTfied_filtered/Snowstorm/PureNu/22015/1/PMTfied_12.parquet
2025-02-17 15:59:30 - INFO - Filtered PMTfied file saved to: /lustre/hpc/project/icecube/HE_Nu_Aske_Oct2024/PMTfied_filtered/Snowstorm/PureNu/22015/1/PMTfied_3.parquet
2025-02-17 15:59:31 - INFO - Filtered PMTfied file saved to: /lustre/hpc/project/icecube/HE_Nu_Aske_Oct2024/PMTfied_filtered/Snowstorm/PureNu/22015/1/PMTfied_7.parquet
2025-02-17 15:59:32 - INFO - Filtered PMTfied file saved to: /lustre/hpc/project/icecube/HE_Nu_Aske_Oct2024/PMTfied_filtered/Snowstorm/PureNu/22015/1/PMTfied_14.parquet
2025-02-17 15:59:34 - INFO - Filtered PMTfied file saved to: /lustre/hpc/project/icecube/HE_Nu_Aske_Oct2024/PMTfied_filtered/Snowstorm/PureNu/22015/1/PMTfied_10.parquet
2025-02-17 15:59:34 - INFO - Filtered PMTfied file saved to: /lustre/hpc/project/icecube/HE_Nu_Aske_Oct2024/PMTfied_filtered/Snowstorm/PureNu/22015/1/PMTfied_15.parquet
2025-02-17 15:59:35 - INFO - Filtered PMTfied file saved to: /lustre/hpc/project/icecube/HE_Nu_Aske_Oct2024/PMTfied_filtered/Snowstorm/PureNu/22015/1/PMTfied_11.parquet
2025-02-17 15:59:37 - INFO - Filtered PMTfied file saved to: /lustre/hpc/project/icecube/HE_Nu_Aske_Oct2024/PMTfied_filtered/Snowstorm/PureNu/22015/1/PMTfied_2.parquet
2025-02-17 15:59:38 - INFO - Filtered PMTfied file saved to: /lustre/hpc/project/icecube/HE_Nu_Aske_Oct2024/PMTfied_filtered/Snowstorm/PureNu/22015/1/PMTfied_6.parquet
2025-02-17 15:59:38 - INFO - Filtering process completed.
2025-02-17 15:59:38 - INFO - Filtering process completed.
2025-02-17 15:59:38 - INFO - Unified receipt generated: /lustre/hpc/project/icecube/HE_Nu_Aske_Oct2024/PMTfied_filtered/Snowstorm/PureNu/22015/[Receipt]22015_1.json
2025-02-17 15:59:38 - INFO - Filtering process completed.
Job completed at Mon Feb 17 03:59:38 PM CET 2025
