Starting job at Mon Feb 17 03:59:54 PM CET 2025
Running Filter_by_part.py for subdirectory 22015, part 11
2025-02-17 15:59:54 - INFO - Event filtering process starts...
2025-02-17 15:59:54 - INFO - Initialized PureNeutrinoEventFilter filter for 22015/11
2025-02-17 15:59:55 - INFO - Loaded 20 event specifier files from /lustre/hpc/project/icecube/HE_Nu_Aske_Oct2024/clean_events_dict/22015/22015/reduced
2025-02-17 15:59:55 - INFO - Selected 5 CSV files covering event range [15164, 19966]
2025-02-17 15:59:55 - INFO - Loaded 94005 valid (RunID, EventID) pairs from CSV files
2025-02-17 15:59:55 - INFO - Extracted 21430 valid events based on pure neutrino events.
2025-02-17 15:59:55 - INFO - Initialized CompositeEventFilter filter for 22015/11
2025-02-17 15:59:55 - INFO - Initialized (PureNu)
2025-02-17 15:59:55 - INFO - Starting filtering process for 22015/11
2025-02-17 15:59:55 - INFO - Starting filtering process for 22015/11
2025-02-17 15:59:56 - INFO - Recalculated 'offset' column based on 'N_doms' values within each 'shard_no' group.
2025-02-17 15:59:56 - INFO - Filtered truth file saved to: /lustre/hpc/project/icecube/HE_Nu_Aske_Oct2024/PMTfied_filtered/Snowstorm/PureNu/22015/truth_11.parquet
2025-02-17 15:59:58 - INFO - Filtered PMTfied file saved to: /lustre/hpc/project/icecube/HE_Nu_Aske_Oct2024/PMTfied_filtered/Snowstorm/PureNu/22015/11/PMTfied_7.parquet
2025-02-17 15:59:59 - INFO - Filtered PMTfied file saved to: /lustre/hpc/project/icecube/HE_Nu_Aske_Oct2024/PMTfied_filtered/Snowstorm/PureNu/22015/11/PMTfied_3.parquet
2025-02-17 16:00:01 - INFO - Filtered PMTfied file saved to: /lustre/hpc/project/icecube/HE_Nu_Aske_Oct2024/PMTfied_filtered/Snowstorm/PureNu/22015/11/PMTfied_12.parquet
2025-02-17 16:00:02 - INFO - Filtered PMTfied file saved to: /lustre/hpc/project/icecube/HE_Nu_Aske_Oct2024/PMTfied_filtered/Snowstorm/PureNu/22015/11/PMTfied_13.parquet
2025-02-17 16:00:04 - INFO - Filtered PMTfied file saved to: /lustre/hpc/project/icecube/HE_Nu_Aske_Oct2024/PMTfied_filtered/Snowstorm/PureNu/22015/11/PMTfied_6.parquet
2025-02-17 16:00:05 - INFO - Filtered PMTfied file saved to: /lustre/hpc/project/icecube/HE_Nu_Aske_Oct2024/PMTfied_filtered/Snowstorm/PureNu/22015/11/PMTfied_2.parquet
2025-02-17 16:00:06 - INFO - Filtered PMTfied file saved to: /lustre/hpc/project/icecube/HE_Nu_Aske_Oct2024/PMTfied_filtered/Snowstorm/PureNu/22015/11/PMTfied_11.parquet
2025-02-17 16:00:08 - INFO - Filtered PMTfied file saved to: /lustre/hpc/project/icecube/HE_Nu_Aske_Oct2024/PMTfied_filtered/Snowstorm/PureNu/22015/11/PMTfied_8.parquet
2025-02-17 16:00:09 - INFO - Filtered PMTfied file saved to: /lustre/hpc/project/icecube/HE_Nu_Aske_Oct2024/PMTfied_filtered/Snowstorm/PureNu/22015/11/PMTfied_4.parquet
2025-02-17 16:00:10 - INFO - Filtered PMTfied file saved to: /lustre/hpc/project/icecube/HE_Nu_Aske_Oct2024/PMTfied_filtered/Snowstorm/PureNu/22015/11/PMTfied_5.parquet
2025-02-17 16:00:12 - INFO - Filtered PMTfied file saved to: /lustre/hpc/project/icecube/HE_Nu_Aske_Oct2024/PMTfied_filtered/Snowstorm/PureNu/22015/11/PMTfied_1.parquet
2025-02-17 16:00:13 - INFO - Filtered PMTfied file saved to: /lustre/hpc/project/icecube/HE_Nu_Aske_Oct2024/PMTfied_filtered/Snowstorm/PureNu/22015/11/PMTfied_9.parquet
2025-02-17 16:00:14 - INFO - Filtered PMTfied file saved to: /lustre/hpc/project/icecube/HE_Nu_Aske_Oct2024/PMTfied_filtered/Snowstorm/PureNu/22015/11/PMTfied_14.parquet
2025-02-17 16:00:15 - INFO - Filtered PMTfied file saved to: /lustre/hpc/project/icecube/HE_Nu_Aske_Oct2024/PMTfied_filtered/Snowstorm/PureNu/22015/11/PMTfied_10.parquet
2025-02-17 16:00:15 - INFO - Filtering process completed.
2025-02-17 16:00:15 - INFO - Filtering process completed.
2025-02-17 16:00:15 - INFO - Unified receipt generated: /lustre/hpc/project/icecube/HE_Nu_Aske_Oct2024/PMTfied_filtered/Snowstorm/PureNu/22015/[Receipt]22015_11.json
2025-02-17 16:00:15 - INFO - Filtering process completed.
Job completed at Mon Feb 17 04:00:15 PM CET 2025
