Starting job at Sat Feb 15 12:11:55 PM CET 2025
Running Filter_by_part.py for subdirectory 22015, part 6
2025-02-15 12:11:55 - INFO - Event filtering process starts...
2025-02-15 12:11:55 - INFO - Initialized PureNeutrinoEventFilter filter for 22015/6
2025-02-15 12:11:55 - INFO - Loaded 20 event specifier files from /lustre/hpc/project/icecube/HE_Nu_Aske_Oct2024/clean_events_dict/22015/22015/reduced
2025-02-15 12:11:55 - INFO - Selected 10 CSV files covering event range [5189, 14544]
2025-02-15 12:11:56 - INFO - Loaded 188794 valid (RunID, EventID) pairs from CSV files
2025-02-15 12:11:56 - INFO - Extracted 21578 valid events based on pure neutrino events.
2025-02-15 12:11:56 - INFO - Initialized CompositeEventFilter filter for 22015/6
2025-02-15 12:11:56 - INFO - Initialized (PureNu)
2025-02-15 12:11:56 - INFO - Starting filtering process for 22015/6
2025-02-15 12:11:56 - INFO - Starting filtering process for 22015/6
2025-02-15 12:11:57 - INFO - Recalculated 'offset' column based on filtered 'N_doms' values.
2025-02-15 12:11:57 - INFO - Filtered truth file saved to: /lustre/hpc/project/icecube/HE_Nu_Aske_Oct2024/PMTfied_filtered/Snowstorm/PureNu/22015/truth_6.parquet
2025-02-15 12:11:59 - INFO - Filtered PMTfied file saved to: /lustre/hpc/project/icecube/HE_Nu_Aske_Oct2024/PMTfied_filtered/Snowstorm/PureNu/22015/6/PMTfied_12.parquet
2025-02-15 12:12:00 - INFO - Filtered PMTfied file saved to: /lustre/hpc/project/icecube/HE_Nu_Aske_Oct2024/PMTfied_filtered/Snowstorm/PureNu/22015/6/PMTfied_5.parquet
2025-02-15 12:12:01 - INFO - Filtered PMTfied file saved to: /lustre/hpc/project/icecube/HE_Nu_Aske_Oct2024/PMTfied_filtered/Snowstorm/PureNu/22015/6/PMTfied_1.parquet
2025-02-15 12:12:02 - INFO - Filtered PMTfied file saved to: /lustre/hpc/project/icecube/HE_Nu_Aske_Oct2024/PMTfied_filtered/Snowstorm/PureNu/22015/6/PMTfied_9.parquet
2025-02-15 12:12:04 - INFO - Filtered PMTfied file saved to: /lustre/hpc/project/icecube/HE_Nu_Aske_Oct2024/PMTfied_filtered/Snowstorm/PureNu/22015/6/PMTfied_13.parquet
2025-02-15 12:12:05 - INFO - Filtered PMTfied file saved to: /lustre/hpc/project/icecube/HE_Nu_Aske_Oct2024/PMTfied_filtered/Snowstorm/PureNu/22015/6/PMTfied_8.parquet
2025-02-15 12:12:07 - INFO - Filtered PMTfied file saved to: /lustre/hpc/project/icecube/HE_Nu_Aske_Oct2024/PMTfied_filtered/Snowstorm/PureNu/22015/6/PMTfied_4.parquet
2025-02-15 12:12:08 - INFO - Filtered PMTfied file saved to: /lustre/hpc/project/icecube/HE_Nu_Aske_Oct2024/PMTfied_filtered/Snowstorm/PureNu/22015/6/PMTfied_11.parquet
2025-02-15 12:12:09 - INFO - Filtered PMTfied file saved to: /lustre/hpc/project/icecube/HE_Nu_Aske_Oct2024/PMTfied_filtered/Snowstorm/PureNu/22015/6/PMTfied_6.parquet
2025-02-15 12:12:11 - INFO - Filtered PMTfied file saved to: /lustre/hpc/project/icecube/HE_Nu_Aske_Oct2024/PMTfied_filtered/Snowstorm/PureNu/22015/6/PMTfied_2.parquet
2025-02-15 12:12:12 - INFO - Filtered PMTfied file saved to: /lustre/hpc/project/icecube/HE_Nu_Aske_Oct2024/PMTfied_filtered/Snowstorm/PureNu/22015/6/PMTfied_10.parquet
2025-02-15 12:12:13 - INFO - Filtered PMTfied file saved to: /lustre/hpc/project/icecube/HE_Nu_Aske_Oct2024/PMTfied_filtered/Snowstorm/PureNu/22015/6/PMTfied_14.parquet
2025-02-15 12:12:14 - INFO - Filtered PMTfied file saved to: /lustre/hpc/project/icecube/HE_Nu_Aske_Oct2024/PMTfied_filtered/Snowstorm/PureNu/22015/6/PMTfied_7.parquet
2025-02-15 12:12:16 - INFO - Filtered PMTfied file saved to: /lustre/hpc/project/icecube/HE_Nu_Aske_Oct2024/PMTfied_filtered/Snowstorm/PureNu/22015/6/PMTfied_3.parquet
2025-02-15 12:12:16 - INFO - Filtering process completed.
2025-02-15 12:12:16 - INFO - Filtering process completed.
2025-02-15 12:12:16 - INFO - Unified receipt generated: /lustre/hpc/project/icecube/HE_Nu_Aske_Oct2024/PMTfied_filtered/Snowstorm/PureNu/22015/[Receipt]22015_6.json
2025-02-15 12:12:16 - INFO - Filtering process completed.
Job completed at Sat Feb 15 12:12:16 PM CET 2025
