Starting job at Mon Feb 17 04:10:41 PM CET 2025
Running Filter_by_part.py for subdirectory 22015, part 1
2025-02-17 16:10:41 - INFO - Event filtering process starts...
2025-02-17 16:10:41 - INFO - Initialized Muon13Filter filter for 22015/1
2025-02-17 16:10:41 - INFO - Extracted 25077 valid events where MuonFilter_13==True.
2025-02-17 16:10:41 - INFO - Initialized CompositeEventFilter filter for 22015/1
2025-02-17 16:10:41 - INFO - Initialized (MuonLike)
2025-02-17 16:10:41 - INFO - Starting filtering process for 22015/1
2025-02-17 16:10:41 - INFO - Starting filtering process for 22015/1
2025-02-17 16:10:42 - INFO - Recalculated 'offset' column based on 'N_doms' values within each 'shard_no' group.
2025-02-17 16:10:43 - INFO - Filtered truth file saved to: /lustre/hpc/project/icecube/HE_Nu_Aske_Oct2024/PMTfied_filtered/Snowstorm/MuonLike/22015/truth_1.parquet
2025-02-17 16:10:44 - INFO - Filtered PMTfied file saved to: /lustre/hpc/project/icecube/HE_Nu_Aske_Oct2024/PMTfied_filtered/Snowstorm/MuonLike/22015/1/PMTfied_13.parquet
2025-02-17 16:10:45 - INFO - Filtered PMTfied file saved to: /lustre/hpc/project/icecube/HE_Nu_Aske_Oct2024/PMTfied_filtered/Snowstorm/MuonLike/22015/1/PMTfied_8.parquet
2025-02-17 16:10:46 - INFO - Filtered PMTfied file saved to: /lustre/hpc/project/icecube/HE_Nu_Aske_Oct2024/PMTfied_filtered/Snowstorm/MuonLike/22015/1/PMTfied_4.parquet
2025-02-17 16:10:47 - INFO - Filtered PMTfied file saved to: /lustre/hpc/project/icecube/HE_Nu_Aske_Oct2024/PMTfied_filtered/Snowstorm/MuonLike/22015/1/PMTfied_1.parquet
2025-02-17 16:10:48 - INFO - Filtered PMTfied file saved to: /lustre/hpc/project/icecube/HE_Nu_Aske_Oct2024/PMTfied_filtered/Snowstorm/MuonLike/22015/1/PMTfied_5.parquet
2025-02-17 16:10:49 - INFO - Filtered PMTfied file saved to: /lustre/hpc/project/icecube/HE_Nu_Aske_Oct2024/PMTfied_filtered/Snowstorm/MuonLike/22015/1/PMTfied_9.parquet
2025-02-17 16:10:50 - INFO - Filtered PMTfied file saved to: /lustre/hpc/project/icecube/HE_Nu_Aske_Oct2024/PMTfied_filtered/Snowstorm/MuonLike/22015/1/PMTfied_12.parquet
2025-02-17 16:10:52 - INFO - Filtered PMTfied file saved to: /lustre/hpc/project/icecube/HE_Nu_Aske_Oct2024/PMTfied_filtered/Snowstorm/MuonLike/22015/1/PMTfied_3.parquet
2025-02-17 16:10:53 - INFO - Filtered PMTfied file saved to: /lustre/hpc/project/icecube/HE_Nu_Aske_Oct2024/PMTfied_filtered/Snowstorm/MuonLike/22015/1/PMTfied_7.parquet
2025-02-17 16:10:54 - INFO - Filtered PMTfied file saved to: /lustre/hpc/project/icecube/HE_Nu_Aske_Oct2024/PMTfied_filtered/Snowstorm/MuonLike/22015/1/PMTfied_14.parquet
2025-02-17 16:10:55 - INFO - Filtered PMTfied file saved to: /lustre/hpc/project/icecube/HE_Nu_Aske_Oct2024/PMTfied_filtered/Snowstorm/MuonLike/22015/1/PMTfied_10.parquet
2025-02-17 16:10:55 - INFO - Filtered PMTfied file saved to: /lustre/hpc/project/icecube/HE_Nu_Aske_Oct2024/PMTfied_filtered/Snowstorm/MuonLike/22015/1/PMTfied_15.parquet
2025-02-17 16:10:56 - INFO - Filtered PMTfied file saved to: /lustre/hpc/project/icecube/HE_Nu_Aske_Oct2024/PMTfied_filtered/Snowstorm/MuonLike/22015/1/PMTfied_11.parquet
2025-02-17 16:10:57 - INFO - Filtered PMTfied file saved to: /lustre/hpc/project/icecube/HE_Nu_Aske_Oct2024/PMTfied_filtered/Snowstorm/MuonLike/22015/1/PMTfied_2.parquet
2025-02-17 16:10:58 - INFO - Filtered PMTfied file saved to: /lustre/hpc/project/icecube/HE_Nu_Aske_Oct2024/PMTfied_filtered/Snowstorm/MuonLike/22015/1/PMTfied_6.parquet
2025-02-17 16:10:58 - INFO - Filtering process completed.
2025-02-17 16:10:58 - INFO - Filtering process completed.
2025-02-17 16:10:58 - INFO - Unified receipt generated: /lustre/hpc/project/icecube/HE_Nu_Aske_Oct2024/PMTfied_filtered/Snowstorm/MuonLike/22015/[Receipt]22015_1.json
2025-02-17 16:10:58 - INFO - Filtering process completed.
Job completed at Mon Feb 17 04:10:58 PM CET 2025
