Starting job at Sat Feb 15 12:11:32 PM CET 2025
Running Filter_by_part.py for subdirectory 22015, part 3
2025-02-15 12:11:32 - INFO - Event filtering process starts...
2025-02-15 12:11:32 - INFO - Initialized PureNeutrinoEventFilter filter for 22015/3
2025-02-15 12:11:33 - INFO - Loaded 20 event specifier files from /lustre/hpc/project/icecube/HE_Nu_Aske_Oct2024/clean_events_dict/22015/22015/reduced
2025-02-15 12:11:33 - INFO - Selected 10 CSV files covering event range [164, 9036]
2025-02-15 12:11:33 - INFO - Loaded 188586 valid (RunID, EventID) pairs from CSV files
2025-02-15 12:11:33 - INFO - Extracted 21516 valid events based on pure neutrino events.
2025-02-15 12:11:33 - INFO - Initialized CompositeEventFilter filter for 22015/3
2025-02-15 12:11:33 - INFO - Initialized (PureNu)
2025-02-15 12:11:33 - INFO - Starting filtering process for 22015/3
2025-02-15 12:11:33 - INFO - Starting filtering process for 22015/3
2025-02-15 12:11:34 - INFO - Recalculated 'offset' column based on filtered 'N_doms' values.
2025-02-15 12:11:34 - INFO - Filtered truth file saved to: /lustre/hpc/project/icecube/HE_Nu_Aske_Oct2024/PMTfied_filtered/Snowstorm/PureNu/22015/truth_3.parquet
2025-02-15 12:11:35 - INFO - Filtered PMTfied file saved to: /lustre/hpc/project/icecube/HE_Nu_Aske_Oct2024/PMTfied_filtered/Snowstorm/PureNu/22015/3/PMTfied_14.parquet
2025-02-15 12:11:37 - INFO - Filtered PMTfied file saved to: /lustre/hpc/project/icecube/HE_Nu_Aske_Oct2024/PMTfied_filtered/Snowstorm/PureNu/22015/3/PMTfied_10.parquet
2025-02-15 12:11:38 - INFO - Filtered PMTfied file saved to: /lustre/hpc/project/icecube/HE_Nu_Aske_Oct2024/PMTfied_filtered/Snowstorm/PureNu/22015/3/PMTfied_2.parquet
2025-02-15 12:11:39 - INFO - Filtered PMTfied file saved to: /lustre/hpc/project/icecube/HE_Nu_Aske_Oct2024/PMTfied_filtered/Snowstorm/PureNu/22015/3/PMTfied_6.parquet
2025-02-15 12:11:41 - INFO - Filtered PMTfied file saved to: /lustre/hpc/project/icecube/HE_Nu_Aske_Oct2024/PMTfied_filtered/Snowstorm/PureNu/22015/3/PMTfied_11.parquet
2025-02-15 12:11:42 - INFO - Filtered PMTfied file saved to: /lustre/hpc/project/icecube/HE_Nu_Aske_Oct2024/PMTfied_filtered/Snowstorm/PureNu/22015/3/PMTfied_3.parquet
2025-02-15 12:11:43 - INFO - Filtered PMTfied file saved to: /lustre/hpc/project/icecube/HE_Nu_Aske_Oct2024/PMTfied_filtered/Snowstorm/PureNu/22015/3/PMTfied_7.parquet
2025-02-15 12:11:44 - INFO - Filtered PMTfied file saved to: /lustre/hpc/project/icecube/HE_Nu_Aske_Oct2024/PMTfied_filtered/Snowstorm/PureNu/22015/3/PMTfied_13.parquet
2025-02-15 12:11:46 - INFO - Filtered PMTfied file saved to: /lustre/hpc/project/icecube/HE_Nu_Aske_Oct2024/PMTfied_filtered/Snowstorm/PureNu/22015/3/PMTfied_1.parquet
2025-02-15 12:11:47 - INFO - Filtered PMTfied file saved to: /lustre/hpc/project/icecube/HE_Nu_Aske_Oct2024/PMTfied_filtered/Snowstorm/PureNu/22015/3/PMTfied_5.parquet
2025-02-15 12:11:48 - INFO - Filtered PMTfied file saved to: /lustre/hpc/project/icecube/HE_Nu_Aske_Oct2024/PMTfied_filtered/Snowstorm/PureNu/22015/3/PMTfied_9.parquet
2025-02-15 12:11:49 - INFO - Filtered PMTfied file saved to: /lustre/hpc/project/icecube/HE_Nu_Aske_Oct2024/PMTfied_filtered/Snowstorm/PureNu/22015/3/PMTfied_12.parquet
2025-02-15 12:11:51 - INFO - Filtered PMTfied file saved to: /lustre/hpc/project/icecube/HE_Nu_Aske_Oct2024/PMTfied_filtered/Snowstorm/PureNu/22015/3/PMTfied_8.parquet
2025-02-15 12:11:52 - INFO - Filtered PMTfied file saved to: /lustre/hpc/project/icecube/HE_Nu_Aske_Oct2024/PMTfied_filtered/Snowstorm/PureNu/22015/3/PMTfied_4.parquet
2025-02-15 12:11:52 - INFO - Filtering process completed.
2025-02-15 12:11:52 - INFO - Filtering process completed.
2025-02-15 12:11:52 - INFO - Unified receipt generated: /lustre/hpc/project/icecube/HE_Nu_Aske_Oct2024/PMTfied_filtered/Snowstorm/PureNu/22015/[Receipt]22015_3.json
2025-02-15 12:11:52 - INFO - Filtering process completed.
Job completed at Sat Feb 15 12:11:52 PM CET 2025
