Starting job at Thu Feb 13 05:12:46 PM CET 2025
Running Filter_by_part.py for subdirectory 22015, part 12
2025-02-13 17:12:46 - INFO - Event filtering process starts...
2025-02-13 17:12:46 - INFO - Initialized Muon13Filter
2025-02-13 17:12:46 - INFO - Starting filtering process for 22015/12
2025-02-13 17:12:47 - INFO - Recalculated 'offset' column based on filtered 'N_doms' values.
2025-02-13 17:12:48 - INFO - Filtered truth file saved to: /lustre/hpc/project/icecube/HE_Nu_Aske_Oct2024/PMTfied_filtered/MuonLike/Snowstorm/22015/truth_12.parquet
2025-02-13 17:12:48 - INFO - Receipt file saved to: /lustre/hpc/project/icecube/HE_Nu_Aske_Oct2024/PMTfied_filtered/MuonLike/Snowstorm/22015/[Receipt]22015_12.json
2025-02-13 17:12:49 - INFO - Filtered PMTfied file saved to: /lustre/hpc/project/icecube/HE_Nu_Aske_Oct2024/PMTfied_filtered/MuonLike/Snowstorm/22015/12/PMTfied_6.parquet
2025-02-13 17:12:50 - INFO - Filtered PMTfied file saved to: /lustre/hpc/project/icecube/HE_Nu_Aske_Oct2024/PMTfied_filtered/MuonLike/Snowstorm/22015/12/PMTfied_2.parquet
2025-02-13 17:12:52 - INFO - Filtered PMTfied file saved to: /lustre/hpc/project/icecube/HE_Nu_Aske_Oct2024/PMTfied_filtered/MuonLike/Snowstorm/22015/12/PMTfied_7.parquet
2025-02-13 17:12:53 - INFO - Filtered PMTfied file saved to: /lustre/hpc/project/icecube/HE_Nu_Aske_Oct2024/PMTfied_filtered/MuonLike/Snowstorm/22015/12/PMTfied_3.parquet
2025-02-13 17:12:55 - INFO - Filtered PMTfied file saved to: /lustre/hpc/project/icecube/HE_Nu_Aske_Oct2024/PMTfied_filtered/MuonLike/Snowstorm/22015/12/PMTfied_5.parquet
2025-02-13 17:12:56 - INFO - Filtered PMTfied file saved to: /lustre/hpc/project/icecube/HE_Nu_Aske_Oct2024/PMTfied_filtered/MuonLike/Snowstorm/22015/12/PMTfied_1.parquet
2025-02-13 17:12:57 - INFO - Filtered PMTfied file saved to: /lustre/hpc/project/icecube/HE_Nu_Aske_Oct2024/PMTfied_filtered/MuonLike/Snowstorm/22015/12/PMTfied_9.parquet
2025-02-13 17:12:59 - INFO - Filtered PMTfied file saved to: /lustre/hpc/project/icecube/HE_Nu_Aske_Oct2024/PMTfied_filtered/MuonLike/Snowstorm/22015/12/PMTfied_8.parquet
2025-02-13 17:13:00 - INFO - Filtered PMTfied file saved to: /lustre/hpc/project/icecube/HE_Nu_Aske_Oct2024/PMTfied_filtered/MuonLike/Snowstorm/22015/12/PMTfied_4.parquet
2025-02-13 17:13:00 - INFO - Filtering process completed.
2025-02-13 17:13:00 - INFO - Filtering process completed for all selected filters.
2025-02-13 17:13:00 - INFO - Execution time: 13.79 seconds
2025-02-13 17:13:00 - INFO - Updated receipt with execution time: /lustre/hpc/project/icecube/HE_Nu_Aske_Oct2024/PMTfied_filtered/MuonLike/Snowstorm/22015/[Receipt]22015_12.json
Job completed at Thu Feb 13 05:13:00 PM CET 2025
