Starting job at Sat Feb 15 01:50:39 PM CET 2025
Running Filter_by_part.py for subdirectory 22015, part 12
2025-02-15 13:50:40 - INFO - Event filtering process starts...
2025-02-15 13:50:40 - INFO - Initialized PureNeutrinoEventFilter filter for 22015/12
2025-02-15 13:50:40 - INFO - Loaded 20 event specifier files from /lustre/hpc/project/icecube/HE_Nu_Aske_Oct2024/clean_events_dict/22015/22015/reduced
2025-02-15 13:50:40 - INFO - Selected 20 CSV files covering event range [96, 19999]
2025-02-15 13:50:41 - INFO - Loaded 376843 valid (RunID, EventID) pairs from CSV files
2025-02-15 13:50:41 - INFO - Extracted 13672 valid events based on pure neutrino events.
2025-02-15 13:50:41 - INFO - Initialized Muon13Filter filter for 22015/12
2025-02-15 13:50:41 - INFO - Extracted 15664 valid events where MuonFilter_13==True.
2025-02-15 13:50:41 - INFO - Initialized CompositeEventFilter filter for 22015/12
2025-02-15 13:50:41 - INFO - Initialized (MuonLike_PureNu)
2025-02-15 13:50:41 - INFO - Starting filtering process for 22015/12
2025-02-15 13:50:41 - INFO - Starting filtering process for 22015/12
2025-02-15 13:50:41 - INFO - Recalculated 'offset' column based on filtered 'N_doms' values.
2025-02-15 13:50:41 - INFO - Filtered truth file saved to: /lustre/hpc/project/icecube/HE_Nu_Aske_Oct2024/PMTfied_filtered/Snowstorm/MuonLike_PureNu/22015/truth_12.parquet
2025-02-15 13:50:43 - INFO - Filtered PMTfied file saved to: /lustre/hpc/project/icecube/HE_Nu_Aske_Oct2024/PMTfied_filtered/Snowstorm/MuonLike_PureNu/22015/12/PMTfied_6.parquet
2025-02-15 13:50:44 - INFO - Filtered PMTfied file saved to: /lustre/hpc/project/icecube/HE_Nu_Aske_Oct2024/PMTfied_filtered/Snowstorm/MuonLike_PureNu/22015/12/PMTfied_2.parquet
2025-02-15 13:50:45 - INFO - Filtered PMTfied file saved to: /lustre/hpc/project/icecube/HE_Nu_Aske_Oct2024/PMTfied_filtered/Snowstorm/MuonLike_PureNu/22015/12/PMTfied_7.parquet
2025-02-15 13:50:55 - INFO - Filtered PMTfied file saved to: /lustre/hpc/project/icecube/HE_Nu_Aske_Oct2024/PMTfied_filtered/Snowstorm/MuonLike_PureNu/22015/12/PMTfied_3.parquet
2025-02-15 13:51:08 - INFO - Filtered PMTfied file saved to: /lustre/hpc/project/icecube/HE_Nu_Aske_Oct2024/PMTfied_filtered/Snowstorm/MuonLike_PureNu/22015/12/PMTfied_5.parquet
2025-02-15 13:51:20 - INFO - Filtered PMTfied file saved to: /lustre/hpc/project/icecube/HE_Nu_Aske_Oct2024/PMTfied_filtered/Snowstorm/MuonLike_PureNu/22015/12/PMTfied_1.parquet
2025-02-15 13:51:40 - INFO - Filtered PMTfied file saved to: /lustre/hpc/project/icecube/HE_Nu_Aske_Oct2024/PMTfied_filtered/Snowstorm/MuonLike_PureNu/22015/12/PMTfied_9.parquet
2025-02-15 13:51:41 - INFO - Filtered PMTfied file saved to: /lustre/hpc/project/icecube/HE_Nu_Aske_Oct2024/PMTfied_filtered/Snowstorm/MuonLike_PureNu/22015/12/PMTfied_8.parquet
2025-02-15 13:51:42 - INFO - Filtered PMTfied file saved to: /lustre/hpc/project/icecube/HE_Nu_Aske_Oct2024/PMTfied_filtered/Snowstorm/MuonLike_PureNu/22015/12/PMTfied_4.parquet
2025-02-15 13:51:42 - INFO - Filtering process completed.
2025-02-15 13:51:42 - INFO - Filtering process completed.
2025-02-15 13:51:43 - INFO - Unified receipt generated: /lustre/hpc/project/icecube/HE_Nu_Aske_Oct2024/PMTfied_filtered/Snowstorm/MuonLike_PureNu/22015/[Receipt]22015_12.json
2025-02-15 13:51:43 - INFO - Filtering process completed.
Job completed at Sat Feb 15 01:51:43 PM CET 2025
