Starting job at Sat Feb 15 01:50:33 PM CET 2025
Running Filter_by_part.py for subdirectory 22015, part 10
2025-02-15 13:50:33 - INFO - Event filtering process starts...
2025-02-15 13:50:33 - INFO - Initialized PureNeutrinoEventFilter filter for 22015/10
2025-02-15 13:50:33 - INFO - Loaded 20 event specifier files from /lustre/hpc/project/icecube/HE_Nu_Aske_Oct2024/clean_events_dict/22015/22015/reduced
2025-02-15 13:50:33 - INFO - Selected 6 CSV files covering event range [14038, 19898]
2025-02-15 13:50:33 - INFO - Loaded 112720 valid (RunID, EventID) pairs from CSV files
2025-02-15 13:50:33 - INFO - Extracted 21236 valid events based on pure neutrino events.
2025-02-15 13:50:33 - INFO - Initialized Muon13Filter filter for 22015/10
2025-02-15 13:50:34 - INFO - Extracted 24387 valid events where MuonFilter_13==True.
2025-02-15 13:50:34 - INFO - Initialized CompositeEventFilter filter for 22015/10
2025-02-15 13:50:34 - INFO - Initialized (MuonLike_PureNu)
2025-02-15 13:50:34 - INFO - Starting filtering process for 22015/10
2025-02-15 13:50:34 - INFO - Starting filtering process for 22015/10
2025-02-15 13:50:34 - INFO - Recalculated 'offset' column based on filtered 'N_doms' values.
2025-02-15 13:50:35 - INFO - Filtered truth file saved to: /lustre/hpc/project/icecube/HE_Nu_Aske_Oct2024/PMTfied_filtered/Snowstorm/MuonLike_PureNu/22015/truth_10.parquet
2025-02-15 13:50:36 - INFO - Filtered PMTfied file saved to: /lustre/hpc/project/icecube/HE_Nu_Aske_Oct2024/PMTfied_filtered/Snowstorm/MuonLike_PureNu/22015/10/PMTfied_9.parquet
2025-02-15 13:50:37 - INFO - Filtered PMTfied file saved to: /lustre/hpc/project/icecube/HE_Nu_Aske_Oct2024/PMTfied_filtered/Snowstorm/MuonLike_PureNu/22015/10/PMTfied_1.parquet
2025-02-15 13:50:38 - INFO - Filtered PMTfied file saved to: /lustre/hpc/project/icecube/HE_Nu_Aske_Oct2024/PMTfied_filtered/Snowstorm/MuonLike_PureNu/22015/10/PMTfied_5.parquet
2025-02-15 13:50:39 - INFO - Filtered PMTfied file saved to: /lustre/hpc/project/icecube/HE_Nu_Aske_Oct2024/PMTfied_filtered/Snowstorm/MuonLike_PureNu/22015/10/PMTfied_12.parquet
2025-02-15 13:50:41 - INFO - Filtered PMTfied file saved to: /lustre/hpc/project/icecube/HE_Nu_Aske_Oct2024/PMTfied_filtered/Snowstorm/MuonLike_PureNu/22015/10/PMTfied_13.parquet
2025-02-15 13:50:42 - INFO - Filtered PMTfied file saved to: /lustre/hpc/project/icecube/HE_Nu_Aske_Oct2024/PMTfied_filtered/Snowstorm/MuonLike_PureNu/22015/10/PMTfied_4.parquet
2025-02-15 13:50:43 - INFO - Filtered PMTfied file saved to: /lustre/hpc/project/icecube/HE_Nu_Aske_Oct2024/PMTfied_filtered/Snowstorm/MuonLike_PureNu/22015/10/PMTfied_8.parquet
2025-02-15 13:50:44 - INFO - Filtered PMTfied file saved to: /lustre/hpc/project/icecube/HE_Nu_Aske_Oct2024/PMTfied_filtered/Snowstorm/MuonLike_PureNu/22015/10/PMTfied_11.parquet
2025-02-15 13:50:46 - INFO - Filtered PMTfied file saved to: /lustre/hpc/project/icecube/HE_Nu_Aske_Oct2024/PMTfied_filtered/Snowstorm/MuonLike_PureNu/22015/10/PMTfied_2.parquet
2025-02-15 13:50:47 - INFO - Filtered PMTfied file saved to: /lustre/hpc/project/icecube/HE_Nu_Aske_Oct2024/PMTfied_filtered/Snowstorm/MuonLike_PureNu/22015/10/PMTfied_6.parquet
2025-02-15 13:50:49 - INFO - Filtered PMTfied file saved to: /lustre/hpc/project/icecube/HE_Nu_Aske_Oct2024/PMTfied_filtered/Snowstorm/MuonLike_PureNu/22015/10/PMTfied_3.parquet
2025-02-15 13:50:51 - INFO - Filtered PMTfied file saved to: /lustre/hpc/project/icecube/HE_Nu_Aske_Oct2024/PMTfied_filtered/Snowstorm/MuonLike_PureNu/22015/10/PMTfied_7.parquet
2025-02-15 13:50:53 - INFO - Filtered PMTfied file saved to: /lustre/hpc/project/icecube/HE_Nu_Aske_Oct2024/PMTfied_filtered/Snowstorm/MuonLike_PureNu/22015/10/PMTfied_10.parquet
2025-02-15 13:50:54 - INFO - Filtered PMTfied file saved to: /lustre/hpc/project/icecube/HE_Nu_Aske_Oct2024/PMTfied_filtered/Snowstorm/MuonLike_PureNu/22015/10/PMTfied_14.parquet
2025-02-15 13:50:54 - INFO - Filtering process completed.
2025-02-15 13:50:54 - INFO - Filtering process completed.
2025-02-15 13:50:54 - INFO - Unified receipt generated: /lustre/hpc/project/icecube/HE_Nu_Aske_Oct2024/PMTfied_filtered/Snowstorm/MuonLike_PureNu/22015/[Receipt]22015_10.json
2025-02-15 13:50:54 - INFO - Filtering process completed.
Job completed at Sat Feb 15 01:50:54 PM CET 2025
