Starting job at Sat Feb 15 12:11:41 PM CET 2025
Running Filter_by_part.py for subdirectory 22015, part 4
2025-02-15 12:11:41 - INFO - Event filtering process starts...
2025-02-15 12:11:41 - INFO - Initialized PureNeutrinoEventFilter filter for 22015/4
2025-02-15 12:11:42 - INFO - Loaded 20 event specifier files from /lustre/hpc/project/icecube/HE_Nu_Aske_Oct2024/clean_events_dict/22015/22015/reduced
2025-02-15 12:11:42 - INFO - Selected 10 CSV files covering event range [248, 9898]
2025-02-15 12:11:42 - INFO - Loaded 188586 valid (RunID, EventID) pairs from CSV files
2025-02-15 12:11:42 - INFO - Extracted 21167 valid events based on pure neutrino events.
2025-02-15 12:11:42 - INFO - Initialized CompositeEventFilter filter for 22015/4
2025-02-15 12:11:42 - INFO - Initialized (PureNu)
2025-02-15 12:11:42 - INFO - Starting filtering process for 22015/4
2025-02-15 12:11:42 - INFO - Starting filtering process for 22015/4
2025-02-15 12:11:43 - INFO - Recalculated 'offset' column based on filtered 'N_doms' values.
2025-02-15 12:11:43 - INFO - Filtered truth file saved to: /lustre/hpc/project/icecube/HE_Nu_Aske_Oct2024/PMTfied_filtered/Snowstorm/PureNu/22015/truth_4.parquet
2025-02-15 12:11:44 - INFO - Filtered PMTfied file saved to: /lustre/hpc/project/icecube/HE_Nu_Aske_Oct2024/PMTfied_filtered/Snowstorm/PureNu/22015/4/PMTfied_11.parquet
2025-02-15 12:11:46 - INFO - Filtered PMTfied file saved to: /lustre/hpc/project/icecube/HE_Nu_Aske_Oct2024/PMTfied_filtered/Snowstorm/PureNu/22015/4/PMTfied_8.parquet
2025-02-15 12:11:48 - INFO - Filtered PMTfied file saved to: /lustre/hpc/project/icecube/HE_Nu_Aske_Oct2024/PMTfied_filtered/Snowstorm/PureNu/22015/4/PMTfied_4.parquet
2025-02-15 12:11:49 - INFO - Filtered PMTfied file saved to: /lustre/hpc/project/icecube/HE_Nu_Aske_Oct2024/PMTfied_filtered/Snowstorm/PureNu/22015/4/PMTfied_14.parquet
2025-02-15 12:11:50 - INFO - Filtered PMTfied file saved to: /lustre/hpc/project/icecube/HE_Nu_Aske_Oct2024/PMTfied_filtered/Snowstorm/PureNu/22015/4/PMTfied_10.parquet
2025-02-15 12:11:51 - INFO - Filtered PMTfied file saved to: /lustre/hpc/project/icecube/HE_Nu_Aske_Oct2024/PMTfied_filtered/Snowstorm/PureNu/22015/4/PMTfied_1.parquet
2025-02-15 12:11:52 - INFO - Filtered PMTfied file saved to: /lustre/hpc/project/icecube/HE_Nu_Aske_Oct2024/PMTfied_filtered/Snowstorm/PureNu/22015/4/PMTfied_5.parquet
2025-02-15 12:11:54 - INFO - Filtered PMTfied file saved to: /lustre/hpc/project/icecube/HE_Nu_Aske_Oct2024/PMTfied_filtered/Snowstorm/PureNu/22015/4/PMTfied_9.parquet
2025-02-15 12:11:55 - INFO - Filtered PMTfied file saved to: /lustre/hpc/project/icecube/HE_Nu_Aske_Oct2024/PMTfied_filtered/Snowstorm/PureNu/22015/4/PMTfied_12.parquet
2025-02-15 12:11:56 - INFO - Filtered PMTfied file saved to: /lustre/hpc/project/icecube/HE_Nu_Aske_Oct2024/PMTfied_filtered/Snowstorm/PureNu/22015/4/PMTfied_3.parquet
2025-02-15 12:11:57 - INFO - Filtered PMTfied file saved to: /lustre/hpc/project/icecube/HE_Nu_Aske_Oct2024/PMTfied_filtered/Snowstorm/PureNu/22015/4/PMTfied_7.parquet
2025-02-15 12:11:59 - INFO - Filtered PMTfied file saved to: /lustre/hpc/project/icecube/HE_Nu_Aske_Oct2024/PMTfied_filtered/Snowstorm/PureNu/22015/4/PMTfied_13.parquet
2025-02-15 12:12:00 - INFO - Filtered PMTfied file saved to: /lustre/hpc/project/icecube/HE_Nu_Aske_Oct2024/PMTfied_filtered/Snowstorm/PureNu/22015/4/PMTfied_2.parquet
2025-02-15 12:12:01 - INFO - Filtered PMTfied file saved to: /lustre/hpc/project/icecube/HE_Nu_Aske_Oct2024/PMTfied_filtered/Snowstorm/PureNu/22015/4/PMTfied_6.parquet
2025-02-15 12:12:01 - INFO - Filtering process completed.
2025-02-15 12:12:01 - INFO - Filtering process completed.
2025-02-15 12:12:01 - INFO - Unified receipt generated: /lustre/hpc/project/icecube/HE_Nu_Aske_Oct2024/PMTfied_filtered/Snowstorm/PureNu/22015/[Receipt]22015_4.json
2025-02-15 12:12:01 - INFO - Filtering process completed.
Job completed at Sat Feb 15 12:12:02 PM CET 2025
