Starting job at Thu Feb 13 05:12:22 PM CET 2025
Running Filter_by_part.py for subdirectory 22015, part 7
2025-02-13 17:12:22 - INFO - Event filtering process starts...
2025-02-13 17:12:22 - INFO - Initialized Muon13Filter
2025-02-13 17:12:22 - INFO - Starting filtering process for 22015/7
2025-02-13 17:12:23 - INFO - Recalculated 'offset' column based on filtered 'N_doms' values.
2025-02-13 17:12:24 - INFO - Filtered truth file saved to: /lustre/hpc/project/icecube/HE_Nu_Aske_Oct2024/PMTfied_filtered/MuonLike/Snowstorm/22015/truth_7.parquet
2025-02-13 17:12:24 - INFO - Receipt file saved to: /lustre/hpc/project/icecube/HE_Nu_Aske_Oct2024/PMTfied_filtered/MuonLike/Snowstorm/22015/[Receipt]22015_7.json
2025-02-13 17:12:25 - INFO - Filtered PMTfied file saved to: /lustre/hpc/project/icecube/HE_Nu_Aske_Oct2024/PMTfied_filtered/MuonLike/Snowstorm/22015/7/PMTfied_14.parquet
2025-02-13 17:12:26 - INFO - Filtered PMTfied file saved to: /lustre/hpc/project/icecube/HE_Nu_Aske_Oct2024/PMTfied_filtered/MuonLike/Snowstorm/22015/7/PMTfied_10.parquet
2025-02-13 17:12:28 - INFO - Filtered PMTfied file saved to: /lustre/hpc/project/icecube/HE_Nu_Aske_Oct2024/PMTfied_filtered/MuonLike/Snowstorm/22015/7/PMTfied_6.parquet
2025-02-13 17:12:29 - INFO - Filtered PMTfied file saved to: /lustre/hpc/project/icecube/HE_Nu_Aske_Oct2024/PMTfied_filtered/MuonLike/Snowstorm/22015/7/PMTfied_2.parquet
2025-02-13 17:12:31 - INFO - Filtered PMTfied file saved to: /lustre/hpc/project/icecube/HE_Nu_Aske_Oct2024/PMTfied_filtered/MuonLike/Snowstorm/22015/7/PMTfied_11.parquet
2025-02-13 17:12:32 - INFO - Filtered PMTfied file saved to: /lustre/hpc/project/icecube/HE_Nu_Aske_Oct2024/PMTfied_filtered/MuonLike/Snowstorm/22015/7/PMTfied_7.parquet
2025-02-13 17:12:33 - INFO - Filtered PMTfied file saved to: /lustre/hpc/project/icecube/HE_Nu_Aske_Oct2024/PMTfied_filtered/MuonLike/Snowstorm/22015/7/PMTfied_3.parquet
2025-02-13 17:12:35 - INFO - Filtered PMTfied file saved to: /lustre/hpc/project/icecube/HE_Nu_Aske_Oct2024/PMTfied_filtered/MuonLike/Snowstorm/22015/7/PMTfied_13.parquet
2025-02-13 17:12:36 - INFO - Filtered PMTfied file saved to: /lustre/hpc/project/icecube/HE_Nu_Aske_Oct2024/PMTfied_filtered/MuonLike/Snowstorm/22015/7/PMTfied_9.parquet
2025-02-13 17:12:38 - INFO - Filtered PMTfied file saved to: /lustre/hpc/project/icecube/HE_Nu_Aske_Oct2024/PMTfied_filtered/MuonLike/Snowstorm/22015/7/PMTfied_5.parquet
2025-02-13 17:12:39 - INFO - Filtered PMTfied file saved to: /lustre/hpc/project/icecube/HE_Nu_Aske_Oct2024/PMTfied_filtered/MuonLike/Snowstorm/22015/7/PMTfied_1.parquet
2025-02-13 17:12:41 - INFO - Filtered PMTfied file saved to: /lustre/hpc/project/icecube/HE_Nu_Aske_Oct2024/PMTfied_filtered/MuonLike/Snowstorm/22015/7/PMTfied_12.parquet
2025-02-13 17:12:42 - INFO - Filtered PMTfied file saved to: /lustre/hpc/project/icecube/HE_Nu_Aske_Oct2024/PMTfied_filtered/MuonLike/Snowstorm/22015/7/PMTfied_4.parquet
2025-02-13 17:12:43 - INFO - Filtered PMTfied file saved to: /lustre/hpc/project/icecube/HE_Nu_Aske_Oct2024/PMTfied_filtered/MuonLike/Snowstorm/22015/7/PMTfied_8.parquet
2025-02-13 17:12:43 - INFO - Filtering process completed.
2025-02-13 17:12:43 - INFO - Filtering process completed for all selected filters.
2025-02-13 17:12:43 - INFO - Execution time: 21.32 seconds
2025-02-13 17:12:43 - INFO - Updated receipt with execution time: /lustre/hpc/project/icecube/HE_Nu_Aske_Oct2024/PMTfied_filtered/MuonLike/Snowstorm/22015/[Receipt]22015_7.json
Job completed at Thu Feb 13 05:12:43 PM CET 2025
