Starting job at Sat Feb 15 12:05:56 PM CET 2025
Running Filter_by_part.py for subdirectory 22015, part 9
2025-02-15 12:05:56 - INFO - Event filtering process starts...
2025-02-15 12:05:56 - INFO - Initialized Muon13Filter filter for 22015/9
2025-02-15 12:05:56 - INFO - Extracted 24998 valid events where MuonFilter_13==True.
2025-02-15 12:05:56 - INFO - Initialized CompositeEventFilter filter for 22015/9
2025-02-15 12:05:56 - INFO - Initialized (MuonLike)
2025-02-15 12:05:56 - INFO - Starting filtering process for 22015/9
2025-02-15 12:05:56 - INFO - Starting filtering process for 22015/9
2025-02-15 12:05:57 - INFO - Recalculated 'offset' column based on filtered 'N_doms' values.
2025-02-15 12:05:58 - INFO - Filtered truth file saved to: /lustre/hpc/project/icecube/HE_Nu_Aske_Oct2024/PMTfied_filtered/Snowstorm/MuonLike/22015/truth_9.parquet
2025-02-15 12:05:59 - INFO - Filtered PMTfied file saved to: /lustre/hpc/project/icecube/HE_Nu_Aske_Oct2024/PMTfied_filtered/Snowstorm/MuonLike/22015/9/PMTfied_12.parquet
2025-02-15 12:06:00 - INFO - Filtered PMTfied file saved to: /lustre/hpc/project/icecube/HE_Nu_Aske_Oct2024/PMTfied_filtered/Snowstorm/MuonLike/22015/9/PMTfied_3.parquet
2025-02-15 12:06:02 - INFO - Filtered PMTfied file saved to: /lustre/hpc/project/icecube/HE_Nu_Aske_Oct2024/PMTfied_filtered/Snowstorm/MuonLike/22015/9/PMTfied_7.parquet
2025-02-15 12:06:04 - INFO - Filtered PMTfied file saved to: /lustre/hpc/project/icecube/HE_Nu_Aske_Oct2024/PMTfied_filtered/Snowstorm/MuonLike/22015/9/PMTfied_13.parquet
2025-02-15 12:06:05 - INFO - Filtered PMTfied file saved to: /lustre/hpc/project/icecube/HE_Nu_Aske_Oct2024/PMTfied_filtered/Snowstorm/MuonLike/22015/9/PMTfied_2.parquet
2025-02-15 12:06:06 - INFO - Filtered PMTfied file saved to: /lustre/hpc/project/icecube/HE_Nu_Aske_Oct2024/PMTfied_filtered/Snowstorm/MuonLike/22015/9/PMTfied_6.parquet
2025-02-15 12:06:08 - INFO - Filtered PMTfied file saved to: /lustre/hpc/project/icecube/HE_Nu_Aske_Oct2024/PMTfied_filtered/Snowstorm/MuonLike/22015/9/PMTfied_11.parquet
2025-02-15 12:06:08 - INFO - Filtered PMTfied file saved to: /lustre/hpc/project/icecube/HE_Nu_Aske_Oct2024/PMTfied_filtered/Snowstorm/MuonLike/22015/9/PMTfied_15.parquet
2025-02-15 12:06:09 - INFO - Filtered PMTfied file saved to: /lustre/hpc/project/icecube/HE_Nu_Aske_Oct2024/PMTfied_filtered/Snowstorm/MuonLike/22015/9/PMTfied_4.parquet
2025-02-15 12:06:11 - INFO - Filtered PMTfied file saved to: /lustre/hpc/project/icecube/HE_Nu_Aske_Oct2024/PMTfied_filtered/Snowstorm/MuonLike/22015/9/PMTfied_8.parquet
2025-02-15 12:06:12 - INFO - Filtered PMTfied file saved to: /lustre/hpc/project/icecube/HE_Nu_Aske_Oct2024/PMTfied_filtered/Snowstorm/MuonLike/22015/9/PMTfied_10.parquet
2025-02-15 12:06:14 - INFO - Filtered PMTfied file saved to: /lustre/hpc/project/icecube/HE_Nu_Aske_Oct2024/PMTfied_filtered/Snowstorm/MuonLike/22015/9/PMTfied_14.parquet
2025-02-15 12:06:15 - INFO - Filtered PMTfied file saved to: /lustre/hpc/project/icecube/HE_Nu_Aske_Oct2024/PMTfied_filtered/Snowstorm/MuonLike/22015/9/PMTfied_9.parquet
2025-02-15 12:06:17 - INFO - Filtered PMTfied file saved to: /lustre/hpc/project/icecube/HE_Nu_Aske_Oct2024/PMTfied_filtered/Snowstorm/MuonLike/22015/9/PMTfied_1.parquet
2025-02-15 12:06:18 - INFO - Filtered PMTfied file saved to: /lustre/hpc/project/icecube/HE_Nu_Aske_Oct2024/PMTfied_filtered/Snowstorm/MuonLike/22015/9/PMTfied_5.parquet
2025-02-15 12:06:18 - INFO - Filtering process completed.
2025-02-15 12:06:18 - INFO - Filtering process completed.
2025-02-15 12:06:18 - INFO - Unified receipt generated: /lustre/hpc/project/icecube/HE_Nu_Aske_Oct2024/PMTfied_filtered/Snowstorm/MuonLike/22015/[Receipt]22015_9.json
2025-02-15 12:06:18 - INFO - Filtering process completed.
Job completed at Sat Feb 15 12:06:18 PM CET 2025
