Starting job at Thu Feb 13 05:12:35 PM CET 2025
Running Filter_by_part.py for subdirectory 22015, part 8
2025-02-13 17:12:36 - INFO - Event filtering process starts...
2025-02-13 17:12:36 - INFO - Initialized Muon13Filter
2025-02-13 17:12:36 - INFO - Starting filtering process for 22015/8
2025-02-13 17:12:37 - INFO - Recalculated 'offset' column based on filtered 'N_doms' values.
2025-02-13 17:12:37 - INFO - Filtered truth file saved to: /lustre/hpc/project/icecube/HE_Nu_Aske_Oct2024/PMTfied_filtered/MuonLike/Snowstorm/22015/truth_8.parquet
2025-02-13 17:12:37 - INFO - Receipt file saved to: /lustre/hpc/project/icecube/HE_Nu_Aske_Oct2024/PMTfied_filtered/MuonLike/Snowstorm/22015/[Receipt]22015_8.json
2025-02-13 17:12:39 - INFO - Filtered PMTfied file saved to: /lustre/hpc/project/icecube/HE_Nu_Aske_Oct2024/PMTfied_filtered/MuonLike/Snowstorm/22015/8/PMTfied_7.parquet
2025-02-13 17:12:40 - INFO - Filtered PMTfied file saved to: /lustre/hpc/project/icecube/HE_Nu_Aske_Oct2024/PMTfied_filtered/MuonLike/Snowstorm/22015/8/PMTfied_3.parquet
2025-02-13 17:12:41 - INFO - Filtered PMTfied file saved to: /lustre/hpc/project/icecube/HE_Nu_Aske_Oct2024/PMTfied_filtered/MuonLike/Snowstorm/22015/8/PMTfied_14.parquet
2025-02-13 17:12:43 - INFO - Filtered PMTfied file saved to: /lustre/hpc/project/icecube/HE_Nu_Aske_Oct2024/PMTfied_filtered/MuonLike/Snowstorm/22015/8/PMTfied_10.parquet
2025-02-13 17:12:44 - INFO - Filtered PMTfied file saved to: /lustre/hpc/project/icecube/HE_Nu_Aske_Oct2024/PMTfied_filtered/MuonLike/Snowstorm/22015/8/PMTfied_6.parquet
2025-02-13 17:12:45 - INFO - Filtered PMTfied file saved to: /lustre/hpc/project/icecube/HE_Nu_Aske_Oct2024/PMTfied_filtered/MuonLike/Snowstorm/22015/8/PMTfied_2.parquet
2025-02-13 17:12:47 - INFO - Filtered PMTfied file saved to: /lustre/hpc/project/icecube/HE_Nu_Aske_Oct2024/PMTfied_filtered/MuonLike/Snowstorm/22015/8/PMTfied_11.parquet
2025-02-13 17:12:48 - INFO - Filtered PMTfied file saved to: /lustre/hpc/project/icecube/HE_Nu_Aske_Oct2024/PMTfied_filtered/MuonLike/Snowstorm/22015/8/PMTfied_8.parquet
2025-02-13 17:12:50 - INFO - Filtered PMTfied file saved to: /lustre/hpc/project/icecube/HE_Nu_Aske_Oct2024/PMTfied_filtered/MuonLike/Snowstorm/22015/8/PMTfied_4.parquet
2025-02-13 17:12:51 - INFO - Filtered PMTfied file saved to: /lustre/hpc/project/icecube/HE_Nu_Aske_Oct2024/PMTfied_filtered/MuonLike/Snowstorm/22015/8/PMTfied_13.parquet
2025-02-13 17:12:52 - INFO - Filtered PMTfied file saved to: /lustre/hpc/project/icecube/HE_Nu_Aske_Oct2024/PMTfied_filtered/MuonLike/Snowstorm/22015/8/PMTfied_5.parquet
2025-02-13 17:12:54 - INFO - Filtered PMTfied file saved to: /lustre/hpc/project/icecube/HE_Nu_Aske_Oct2024/PMTfied_filtered/MuonLike/Snowstorm/22015/8/PMTfied_1.parquet
2025-02-13 17:12:55 - INFO - Filtered PMTfied file saved to: /lustre/hpc/project/icecube/HE_Nu_Aske_Oct2024/PMTfied_filtered/MuonLike/Snowstorm/22015/8/PMTfied_9.parquet
2025-02-13 17:12:57 - INFO - Filtered PMTfied file saved to: /lustre/hpc/project/icecube/HE_Nu_Aske_Oct2024/PMTfied_filtered/MuonLike/Snowstorm/22015/8/PMTfied_12.parquet
2025-02-13 17:12:57 - INFO - Filtering process completed.
2025-02-13 17:12:57 - INFO - Filtering process completed for all selected filters.
2025-02-13 17:12:57 - INFO - Execution time: 21.20 seconds
2025-02-13 17:12:57 - INFO - Updated receipt with execution time: /lustre/hpc/project/icecube/HE_Nu_Aske_Oct2024/PMTfied_filtered/MuonLike/Snowstorm/22015/[Receipt]22015_8.json
Job completed at Thu Feb 13 05:12:57 PM CET 2025
