Starting job at Thu Feb 13 05:12:14 PM CET 2025
Running Filter_by_part.py for subdirectory 22015, part 5
2025-02-13 17:12:15 - INFO - Event filtering process starts...
2025-02-13 17:12:15 - INFO - Initialized Muon13Filter
2025-02-13 17:12:15 - INFO - Starting filtering process for 22015/5
2025-02-13 17:12:16 - INFO - Recalculated 'offset' column based on filtered 'N_doms' values.
2025-02-13 17:12:16 - INFO - Filtered truth file saved to: /lustre/hpc/project/icecube/HE_Nu_Aske_Oct2024/PMTfied_filtered/MuonLike/Snowstorm/22015/truth_5.parquet
2025-02-13 17:12:16 - INFO - Receipt file saved to: /lustre/hpc/project/icecube/HE_Nu_Aske_Oct2024/PMTfied_filtered/MuonLike/Snowstorm/22015/[Receipt]22015_5.json
2025-02-13 17:12:18 - INFO - Filtered PMTfied file saved to: /lustre/hpc/project/icecube/HE_Nu_Aske_Oct2024/PMTfied_filtered/MuonLike/Snowstorm/22015/5/PMTfied_3.parquet
2025-02-13 17:12:19 - INFO - Filtered PMTfied file saved to: /lustre/hpc/project/icecube/HE_Nu_Aske_Oct2024/PMTfied_filtered/MuonLike/Snowstorm/22015/5/PMTfied_7.parquet
2025-02-13 17:12:21 - INFO - Filtered PMTfied file saved to: /lustre/hpc/project/icecube/HE_Nu_Aske_Oct2024/PMTfied_filtered/MuonLike/Snowstorm/22015/5/PMTfied_13.parquet
2025-02-13 17:12:22 - INFO - Filtered PMTfied file saved to: /lustre/hpc/project/icecube/HE_Nu_Aske_Oct2024/PMTfied_filtered/MuonLike/Snowstorm/22015/5/PMTfied_2.parquet
2025-02-13 17:12:24 - INFO - Filtered PMTfied file saved to: /lustre/hpc/project/icecube/HE_Nu_Aske_Oct2024/PMTfied_filtered/MuonLike/Snowstorm/22015/5/PMTfied_6.parquet
2025-02-13 17:12:25 - INFO - Filtered PMTfied file saved to: /lustre/hpc/project/icecube/HE_Nu_Aske_Oct2024/PMTfied_filtered/MuonLike/Snowstorm/22015/5/PMTfied_12.parquet
2025-02-13 17:12:26 - INFO - Filtered PMTfied file saved to: /lustre/hpc/project/icecube/HE_Nu_Aske_Oct2024/PMTfied_filtered/MuonLike/Snowstorm/22015/5/PMTfied_8.parquet
2025-02-13 17:12:28 - INFO - Filtered PMTfied file saved to: /lustre/hpc/project/icecube/HE_Nu_Aske_Oct2024/PMTfied_filtered/MuonLike/Snowstorm/22015/5/PMTfied_4.parquet
2025-02-13 17:12:29 - INFO - Filtered PMTfied file saved to: /lustre/hpc/project/icecube/HE_Nu_Aske_Oct2024/PMTfied_filtered/MuonLike/Snowstorm/22015/5/PMTfied_10.parquet
2025-02-13 17:12:30 - INFO - Filtered PMTfied file saved to: /lustre/hpc/project/icecube/HE_Nu_Aske_Oct2024/PMTfied_filtered/MuonLike/Snowstorm/22015/5/PMTfied_14.parquet
2025-02-13 17:12:32 - INFO - Filtered PMTfied file saved to: /lustre/hpc/project/icecube/HE_Nu_Aske_Oct2024/PMTfied_filtered/MuonLike/Snowstorm/22015/5/PMTfied_1.parquet
2025-02-13 17:12:33 - INFO - Filtered PMTfied file saved to: /lustre/hpc/project/icecube/HE_Nu_Aske_Oct2024/PMTfied_filtered/MuonLike/Snowstorm/22015/5/PMTfied_5.parquet
2025-02-13 17:12:35 - INFO - Filtered PMTfied file saved to: /lustre/hpc/project/icecube/HE_Nu_Aske_Oct2024/PMTfied_filtered/MuonLike/Snowstorm/22015/5/PMTfied_9.parquet
2025-02-13 17:12:36 - INFO - Filtered PMTfied file saved to: /lustre/hpc/project/icecube/HE_Nu_Aske_Oct2024/PMTfied_filtered/MuonLike/Snowstorm/22015/5/PMTfied_11.parquet
2025-02-13 17:12:36 - INFO - Filtering process completed.
2025-02-13 17:12:36 - INFO - Filtering process completed for all selected filters.
2025-02-13 17:12:36 - INFO - Execution time: 21.23 seconds
2025-02-13 17:12:36 - INFO - Updated receipt with execution time: /lustre/hpc/project/icecube/HE_Nu_Aske_Oct2024/PMTfied_filtered/MuonLike/Snowstorm/22015/[Receipt]22015_5.json
Job completed at Thu Feb 13 05:12:36 PM CET 2025
