Starting job at Thu Feb 13 05:12:42 PM CET 2025
Running Filter_by_part.py for subdirectory 22015, part 10
2025-02-13 17:12:42 - INFO - Event filtering process starts...
2025-02-13 17:12:42 - INFO - Initialized Muon13Filter
2025-02-13 17:12:42 - INFO - Starting filtering process for 22015/10
2025-02-13 17:12:44 - INFO - Recalculated 'offset' column based on filtered 'N_doms' values.
2025-02-13 17:12:44 - INFO - Filtered truth file saved to: /lustre/hpc/project/icecube/HE_Nu_Aske_Oct2024/PMTfied_filtered/MuonLike/Snowstorm/22015/truth_10.parquet
2025-02-13 17:12:44 - INFO - Receipt file saved to: /lustre/hpc/project/icecube/HE_Nu_Aske_Oct2024/PMTfied_filtered/MuonLike/Snowstorm/22015/[Receipt]22015_10.json
2025-02-13 17:12:46 - INFO - Filtered PMTfied file saved to: /lustre/hpc/project/icecube/HE_Nu_Aske_Oct2024/PMTfied_filtered/MuonLike/Snowstorm/22015/10/PMTfied_9.parquet
2025-02-13 17:12:47 - INFO - Filtered PMTfied file saved to: /lustre/hpc/project/icecube/HE_Nu_Aske_Oct2024/PMTfied_filtered/MuonLike/Snowstorm/22015/10/PMTfied_1.parquet
2025-02-13 17:12:49 - INFO - Filtered PMTfied file saved to: /lustre/hpc/project/icecube/HE_Nu_Aske_Oct2024/PMTfied_filtered/MuonLike/Snowstorm/22015/10/PMTfied_5.parquet
2025-02-13 17:12:50 - INFO - Filtered PMTfied file saved to: /lustre/hpc/project/icecube/HE_Nu_Aske_Oct2024/PMTfied_filtered/MuonLike/Snowstorm/22015/10/PMTfied_12.parquet
2025-02-13 17:12:52 - INFO - Filtered PMTfied file saved to: /lustre/hpc/project/icecube/HE_Nu_Aske_Oct2024/PMTfied_filtered/MuonLike/Snowstorm/22015/10/PMTfied_13.parquet
2025-02-13 17:12:53 - INFO - Filtered PMTfied file saved to: /lustre/hpc/project/icecube/HE_Nu_Aske_Oct2024/PMTfied_filtered/MuonLike/Snowstorm/22015/10/PMTfied_4.parquet
2025-02-13 17:12:55 - INFO - Filtered PMTfied file saved to: /lustre/hpc/project/icecube/HE_Nu_Aske_Oct2024/PMTfied_filtered/MuonLike/Snowstorm/22015/10/PMTfied_8.parquet
2025-02-13 17:12:57 - INFO - Filtered PMTfied file saved to: /lustre/hpc/project/icecube/HE_Nu_Aske_Oct2024/PMTfied_filtered/MuonLike/Snowstorm/22015/10/PMTfied_11.parquet
2025-02-13 17:12:58 - INFO - Filtered PMTfied file saved to: /lustre/hpc/project/icecube/HE_Nu_Aske_Oct2024/PMTfied_filtered/MuonLike/Snowstorm/22015/10/PMTfied_2.parquet
2025-02-13 17:13:00 - INFO - Filtered PMTfied file saved to: /lustre/hpc/project/icecube/HE_Nu_Aske_Oct2024/PMTfied_filtered/MuonLike/Snowstorm/22015/10/PMTfied_6.parquet
2025-02-13 17:13:01 - INFO - Filtered PMTfied file saved to: /lustre/hpc/project/icecube/HE_Nu_Aske_Oct2024/PMTfied_filtered/MuonLike/Snowstorm/22015/10/PMTfied_3.parquet
2025-02-13 17:13:03 - INFO - Filtered PMTfied file saved to: /lustre/hpc/project/icecube/HE_Nu_Aske_Oct2024/PMTfied_filtered/MuonLike/Snowstorm/22015/10/PMTfied_7.parquet
2025-02-13 17:13:05 - INFO - Filtered PMTfied file saved to: /lustre/hpc/project/icecube/HE_Nu_Aske_Oct2024/PMTfied_filtered/MuonLike/Snowstorm/22015/10/PMTfied_10.parquet
2025-02-13 17:13:06 - INFO - Filtered PMTfied file saved to: /lustre/hpc/project/icecube/HE_Nu_Aske_Oct2024/PMTfied_filtered/MuonLike/Snowstorm/22015/10/PMTfied_14.parquet
2025-02-13 17:13:06 - INFO - Filtering process completed.
2025-02-13 17:13:06 - INFO - Filtering process completed for all selected filters.
2025-02-13 17:13:06 - INFO - Execution time: 23.67 seconds
2025-02-13 17:13:06 - INFO - Updated receipt with execution time: /lustre/hpc/project/icecube/HE_Nu_Aske_Oct2024/PMTfied_filtered/MuonLike/Snowstorm/22015/[Receipt]22015_10.json
Job completed at Thu Feb 13 05:13:06 PM CET 2025
