Starting job at Mon Feb 17 04:11:13 PM CET 2025
Running Filter_by_part.py for subdirectory 22015, part 10
2025-02-17 16:11:14 - INFO - Event filtering process starts...
2025-02-17 16:11:14 - INFO - Initialized Muon13Filter filter for 22015/10
2025-02-17 16:11:14 - INFO - Extracted 24387 valid events where MuonFilter_13==True.
2025-02-17 16:11:14 - INFO - Initialized CompositeEventFilter filter for 22015/10
2025-02-17 16:11:14 - INFO - Initialized (MuonLike)
2025-02-17 16:11:14 - INFO - Starting filtering process for 22015/10
2025-02-17 16:11:14 - INFO - Starting filtering process for 22015/10
2025-02-17 16:11:15 - INFO - Recalculated 'offset' column based on 'N_doms' values within each 'shard_no' group.
2025-02-17 16:11:15 - INFO - Filtered truth file saved to: /lustre/hpc/project/icecube/HE_Nu_Aske_Oct2024/PMTfied_filtered/Snowstorm/MuonLike/22015/truth_10.parquet
2025-02-17 16:11:17 - INFO - Filtered PMTfied file saved to: /lustre/hpc/project/icecube/HE_Nu_Aske_Oct2024/PMTfied_filtered/Snowstorm/MuonLike/22015/10/PMTfied_9.parquet
2025-02-17 16:11:18 - INFO - Filtered PMTfied file saved to: /lustre/hpc/project/icecube/HE_Nu_Aske_Oct2024/PMTfied_filtered/Snowstorm/MuonLike/22015/10/PMTfied_1.parquet
2025-02-17 16:11:20 - INFO - Filtered PMTfied file saved to: /lustre/hpc/project/icecube/HE_Nu_Aske_Oct2024/PMTfied_filtered/Snowstorm/MuonLike/22015/10/PMTfied_5.parquet
2025-02-17 16:11:21 - INFO - Filtered PMTfied file saved to: /lustre/hpc/project/icecube/HE_Nu_Aske_Oct2024/PMTfied_filtered/Snowstorm/MuonLike/22015/10/PMTfied_12.parquet
2025-02-17 16:11:22 - INFO - Filtered PMTfied file saved to: /lustre/hpc/project/icecube/HE_Nu_Aske_Oct2024/PMTfied_filtered/Snowstorm/MuonLike/22015/10/PMTfied_13.parquet
2025-02-17 16:11:24 - INFO - Filtered PMTfied file saved to: /lustre/hpc/project/icecube/HE_Nu_Aske_Oct2024/PMTfied_filtered/Snowstorm/MuonLike/22015/10/PMTfied_4.parquet
2025-02-17 16:11:25 - INFO - Filtered PMTfied file saved to: /lustre/hpc/project/icecube/HE_Nu_Aske_Oct2024/PMTfied_filtered/Snowstorm/MuonLike/22015/10/PMTfied_8.parquet
2025-02-17 16:11:27 - INFO - Filtered PMTfied file saved to: /lustre/hpc/project/icecube/HE_Nu_Aske_Oct2024/PMTfied_filtered/Snowstorm/MuonLike/22015/10/PMTfied_11.parquet
2025-02-17 16:11:28 - INFO - Filtered PMTfied file saved to: /lustre/hpc/project/icecube/HE_Nu_Aske_Oct2024/PMTfied_filtered/Snowstorm/MuonLike/22015/10/PMTfied_2.parquet
2025-02-17 16:11:29 - INFO - Filtered PMTfied file saved to: /lustre/hpc/project/icecube/HE_Nu_Aske_Oct2024/PMTfied_filtered/Snowstorm/MuonLike/22015/10/PMTfied_6.parquet
2025-02-17 16:11:31 - INFO - Filtered PMTfied file saved to: /lustre/hpc/project/icecube/HE_Nu_Aske_Oct2024/PMTfied_filtered/Snowstorm/MuonLike/22015/10/PMTfied_3.parquet
2025-02-17 16:11:32 - INFO - Filtered PMTfied file saved to: /lustre/hpc/project/icecube/HE_Nu_Aske_Oct2024/PMTfied_filtered/Snowstorm/MuonLike/22015/10/PMTfied_7.parquet
2025-02-17 16:11:33 - INFO - Filtered PMTfied file saved to: /lustre/hpc/project/icecube/HE_Nu_Aske_Oct2024/PMTfied_filtered/Snowstorm/MuonLike/22015/10/PMTfied_10.parquet
2025-02-17 16:11:35 - INFO - Filtered PMTfied file saved to: /lustre/hpc/project/icecube/HE_Nu_Aske_Oct2024/PMTfied_filtered/Snowstorm/MuonLike/22015/10/PMTfied_14.parquet
2025-02-17 16:11:35 - INFO - Filtering process completed.
2025-02-17 16:11:35 - INFO - Filtering process completed.
2025-02-17 16:11:35 - INFO - Unified receipt generated: /lustre/hpc/project/icecube/HE_Nu_Aske_Oct2024/PMTfied_filtered/Snowstorm/MuonLike/22015/[Receipt]22015_10.json
2025-02-17 16:11:35 - INFO - Filtering process completed.
Job completed at Mon Feb 17 04:11:35 PM CET 2025
