Starting job at Thu Feb 13 05:11:57 PM CET 2025
Running Filter_by_part.py for subdirectory 22015, part 3
2025-02-13 17:11:57 - INFO - Event filtering process starts...
2025-02-13 17:11:57 - INFO - Initialized Muon13Filter
2025-02-13 17:11:57 - INFO - Starting filtering process for 22015/3
2025-02-13 17:11:59 - INFO - Recalculated 'offset' column based on filtered 'N_doms' values.
2025-02-13 17:11:59 - INFO - Filtered truth file saved to: /lustre/hpc/project/icecube/HE_Nu_Aske_Oct2024/PMTfied_filtered/MuonLike/Snowstorm/22015/truth_3.parquet
2025-02-13 17:11:59 - INFO - Receipt file saved to: /lustre/hpc/project/icecube/HE_Nu_Aske_Oct2024/PMTfied_filtered/MuonLike/Snowstorm/22015/[Receipt]22015_3.json
2025-02-13 17:12:00 - INFO - Filtered PMTfied file saved to: /lustre/hpc/project/icecube/HE_Nu_Aske_Oct2024/PMTfied_filtered/MuonLike/Snowstorm/22015/3/PMTfied_14.parquet
2025-02-13 17:12:02 - INFO - Filtered PMTfied file saved to: /lustre/hpc/project/icecube/HE_Nu_Aske_Oct2024/PMTfied_filtered/MuonLike/Snowstorm/22015/3/PMTfied_10.parquet
2025-02-13 17:12:03 - INFO - Filtered PMTfied file saved to: /lustre/hpc/project/icecube/HE_Nu_Aske_Oct2024/PMTfied_filtered/MuonLike/Snowstorm/22015/3/PMTfied_2.parquet
2025-02-13 17:12:05 - INFO - Filtered PMTfied file saved to: /lustre/hpc/project/icecube/HE_Nu_Aske_Oct2024/PMTfied_filtered/MuonLike/Snowstorm/22015/3/PMTfied_6.parquet
2025-02-13 17:12:06 - INFO - Filtered PMTfied file saved to: /lustre/hpc/project/icecube/HE_Nu_Aske_Oct2024/PMTfied_filtered/MuonLike/Snowstorm/22015/3/PMTfied_11.parquet
2025-02-13 17:12:08 - INFO - Filtered PMTfied file saved to: /lustre/hpc/project/icecube/HE_Nu_Aske_Oct2024/PMTfied_filtered/MuonLike/Snowstorm/22015/3/PMTfied_3.parquet
2025-02-13 17:12:09 - INFO - Filtered PMTfied file saved to: /lustre/hpc/project/icecube/HE_Nu_Aske_Oct2024/PMTfied_filtered/MuonLike/Snowstorm/22015/3/PMTfied_7.parquet
2025-02-13 17:12:10 - INFO - Filtered PMTfied file saved to: /lustre/hpc/project/icecube/HE_Nu_Aske_Oct2024/PMTfied_filtered/MuonLike/Snowstorm/22015/3/PMTfied_13.parquet
2025-02-13 17:12:12 - INFO - Filtered PMTfied file saved to: /lustre/hpc/project/icecube/HE_Nu_Aske_Oct2024/PMTfied_filtered/MuonLike/Snowstorm/22015/3/PMTfied_1.parquet
2025-02-13 17:12:13 - INFO - Filtered PMTfied file saved to: /lustre/hpc/project/icecube/HE_Nu_Aske_Oct2024/PMTfied_filtered/MuonLike/Snowstorm/22015/3/PMTfied_5.parquet
2025-02-13 17:12:15 - INFO - Filtered PMTfied file saved to: /lustre/hpc/project/icecube/HE_Nu_Aske_Oct2024/PMTfied_filtered/MuonLike/Snowstorm/22015/3/PMTfied_9.parquet
2025-02-13 17:12:16 - INFO - Filtered PMTfied file saved to: /lustre/hpc/project/icecube/HE_Nu_Aske_Oct2024/PMTfied_filtered/MuonLike/Snowstorm/22015/3/PMTfied_12.parquet
2025-02-13 17:12:18 - INFO - Filtered PMTfied file saved to: /lustre/hpc/project/icecube/HE_Nu_Aske_Oct2024/PMTfied_filtered/MuonLike/Snowstorm/22015/3/PMTfied_8.parquet
2025-02-13 17:12:19 - INFO - Filtered PMTfied file saved to: /lustre/hpc/project/icecube/HE_Nu_Aske_Oct2024/PMTfied_filtered/MuonLike/Snowstorm/22015/3/PMTfied_4.parquet
2025-02-13 17:12:19 - INFO - Filtering process completed.
2025-02-13 17:12:19 - INFO - Filtering process completed for all selected filters.
2025-02-13 17:12:19 - INFO - Execution time: 21.93 seconds
2025-02-13 17:12:19 - INFO - Updated receipt with execution time: /lustre/hpc/project/icecube/HE_Nu_Aske_Oct2024/PMTfied_filtered/MuonLike/Snowstorm/22015/[Receipt]22015_3.json
Job completed at Thu Feb 13 05:12:19 PM CET 2025
