Starting job at Mon Feb 17 04:11:18 PM CET 2025
Running Filter_by_part.py for subdirectory 22015, part 12
2025-02-17 16:11:18 - INFO - Event filtering process starts...
2025-02-17 16:11:18 - INFO - Initialized Muon13Filter filter for 22015/12
2025-02-17 16:11:19 - INFO - Extracted 15664 valid events where MuonFilter_13==True.
2025-02-17 16:11:19 - INFO - Initialized CompositeEventFilter filter for 22015/12
2025-02-17 16:11:19 - INFO - Initialized (MuonLike)
2025-02-17 16:11:19 - INFO - Starting filtering process for 22015/12
2025-02-17 16:11:19 - INFO - Starting filtering process for 22015/12
2025-02-17 16:11:19 - INFO - Recalculated 'offset' column based on 'N_doms' values within each 'shard_no' group.
2025-02-17 16:11:19 - INFO - Filtered truth file saved to: /lustre/hpc/project/icecube/HE_Nu_Aske_Oct2024/PMTfied_filtered/Snowstorm/MuonLike/22015/truth_12.parquet
2025-02-17 16:11:20 - INFO - Filtered PMTfied file saved to: /lustre/hpc/project/icecube/HE_Nu_Aske_Oct2024/PMTfied_filtered/Snowstorm/MuonLike/22015/12/PMTfied_6.parquet
2025-02-17 16:11:21 - INFO - Filtered PMTfied file saved to: /lustre/hpc/project/icecube/HE_Nu_Aske_Oct2024/PMTfied_filtered/Snowstorm/MuonLike/22015/12/PMTfied_2.parquet
2025-02-17 16:11:21 - INFO - Filtered PMTfied file saved to: /lustre/hpc/project/icecube/HE_Nu_Aske_Oct2024/PMTfied_filtered/Snowstorm/MuonLike/22015/12/PMTfied_7.parquet
2025-02-17 16:11:22 - INFO - Filtered PMTfied file saved to: /lustre/hpc/project/icecube/HE_Nu_Aske_Oct2024/PMTfied_filtered/Snowstorm/MuonLike/22015/12/PMTfied_3.parquet
2025-02-17 16:11:23 - INFO - Filtered PMTfied file saved to: /lustre/hpc/project/icecube/HE_Nu_Aske_Oct2024/PMTfied_filtered/Snowstorm/MuonLike/22015/12/PMTfied_5.parquet
2025-02-17 16:11:24 - INFO - Filtered PMTfied file saved to: /lustre/hpc/project/icecube/HE_Nu_Aske_Oct2024/PMTfied_filtered/Snowstorm/MuonLike/22015/12/PMTfied_1.parquet
2025-02-17 16:11:24 - INFO - Filtered PMTfied file saved to: /lustre/hpc/project/icecube/HE_Nu_Aske_Oct2024/PMTfied_filtered/Snowstorm/MuonLike/22015/12/PMTfied_9.parquet
2025-02-17 16:11:25 - INFO - Filtered PMTfied file saved to: /lustre/hpc/project/icecube/HE_Nu_Aske_Oct2024/PMTfied_filtered/Snowstorm/MuonLike/22015/12/PMTfied_8.parquet
2025-02-17 16:11:26 - INFO - Filtered PMTfied file saved to: /lustre/hpc/project/icecube/HE_Nu_Aske_Oct2024/PMTfied_filtered/Snowstorm/MuonLike/22015/12/PMTfied_4.parquet
2025-02-17 16:11:26 - INFO - Filtering process completed.
2025-02-17 16:11:26 - INFO - Filtering process completed.
2025-02-17 16:11:26 - INFO - Unified receipt generated: /lustre/hpc/project/icecube/HE_Nu_Aske_Oct2024/PMTfied_filtered/Snowstorm/MuonLike/22015/[Receipt]22015_12.json
2025-02-17 16:11:26 - INFO - Filtering process completed.
Job completed at Mon Feb 17 04:11:26 PM CET 2025
