Starting job at Thu Feb 13 05:12:11 PM CET 2025
Running Filter_by_part.py for subdirectory 22015, part 4
2025-02-13 17:12:11 - INFO - Event filtering process starts...
2025-02-13 17:12:11 - INFO - Initialized Muon13Filter
2025-02-13 17:12:11 - INFO - Starting filtering process for 22015/4
2025-02-13 17:12:13 - INFO - Recalculated 'offset' column based on filtered 'N_doms' values.
2025-02-13 17:12:13 - INFO - Filtered truth file saved to: /lustre/hpc/project/icecube/HE_Nu_Aske_Oct2024/PMTfied_filtered/MuonLike/Snowstorm/22015/truth_4.parquet
2025-02-13 17:12:13 - INFO - Receipt file saved to: /lustre/hpc/project/icecube/HE_Nu_Aske_Oct2024/PMTfied_filtered/MuonLike/Snowstorm/22015/[Receipt]22015_4.json
2025-02-13 17:12:14 - INFO - Filtered PMTfied file saved to: /lustre/hpc/project/icecube/HE_Nu_Aske_Oct2024/PMTfied_filtered/MuonLike/Snowstorm/22015/4/PMTfied_11.parquet
2025-02-13 17:12:16 - INFO - Filtered PMTfied file saved to: /lustre/hpc/project/icecube/HE_Nu_Aske_Oct2024/PMTfied_filtered/MuonLike/Snowstorm/22015/4/PMTfied_8.parquet
2025-02-13 17:12:17 - INFO - Filtered PMTfied file saved to: /lustre/hpc/project/icecube/HE_Nu_Aske_Oct2024/PMTfied_filtered/MuonLike/Snowstorm/22015/4/PMTfied_4.parquet
2025-02-13 17:12:18 - INFO - Filtered PMTfied file saved to: /lustre/hpc/project/icecube/HE_Nu_Aske_Oct2024/PMTfied_filtered/MuonLike/Snowstorm/22015/4/PMTfied_14.parquet
2025-02-13 17:12:20 - INFO - Filtered PMTfied file saved to: /lustre/hpc/project/icecube/HE_Nu_Aske_Oct2024/PMTfied_filtered/MuonLike/Snowstorm/22015/4/PMTfied_10.parquet
2025-02-13 17:12:21 - INFO - Filtered PMTfied file saved to: /lustre/hpc/project/icecube/HE_Nu_Aske_Oct2024/PMTfied_filtered/MuonLike/Snowstorm/22015/4/PMTfied_1.parquet
2025-02-13 17:12:23 - INFO - Filtered PMTfied file saved to: /lustre/hpc/project/icecube/HE_Nu_Aske_Oct2024/PMTfied_filtered/MuonLike/Snowstorm/22015/4/PMTfied_5.parquet
2025-02-13 17:12:24 - INFO - Filtered PMTfied file saved to: /lustre/hpc/project/icecube/HE_Nu_Aske_Oct2024/PMTfied_filtered/MuonLike/Snowstorm/22015/4/PMTfied_9.parquet
2025-02-13 17:12:25 - INFO - Filtered PMTfied file saved to: /lustre/hpc/project/icecube/HE_Nu_Aske_Oct2024/PMTfied_filtered/MuonLike/Snowstorm/22015/4/PMTfied_12.parquet
2025-02-13 17:12:27 - INFO - Filtered PMTfied file saved to: /lustre/hpc/project/icecube/HE_Nu_Aske_Oct2024/PMTfied_filtered/MuonLike/Snowstorm/22015/4/PMTfied_3.parquet
2025-02-13 17:12:28 - INFO - Filtered PMTfied file saved to: /lustre/hpc/project/icecube/HE_Nu_Aske_Oct2024/PMTfied_filtered/MuonLike/Snowstorm/22015/4/PMTfied_7.parquet
2025-02-13 17:12:30 - INFO - Filtered PMTfied file saved to: /lustre/hpc/project/icecube/HE_Nu_Aske_Oct2024/PMTfied_filtered/MuonLike/Snowstorm/22015/4/PMTfied_13.parquet
2025-02-13 17:12:31 - INFO - Filtered PMTfied file saved to: /lustre/hpc/project/icecube/HE_Nu_Aske_Oct2024/PMTfied_filtered/MuonLike/Snowstorm/22015/4/PMTfied_2.parquet
2025-02-13 17:12:32 - INFO - Filtered PMTfied file saved to: /lustre/hpc/project/icecube/HE_Nu_Aske_Oct2024/PMTfied_filtered/MuonLike/Snowstorm/22015/4/PMTfied_6.parquet
2025-02-13 17:12:33 - INFO - Filtering process completed.
2025-02-13 17:12:33 - INFO - Filtering process completed for all selected filters.
2025-02-13 17:12:33 - INFO - Execution time: 21.40 seconds
2025-02-13 17:12:33 - INFO - Updated receipt with execution time: /lustre/hpc/project/icecube/HE_Nu_Aske_Oct2024/PMTfied_filtered/MuonLike/Snowstorm/22015/[Receipt]22015_4.json
Job completed at Thu Feb 13 05:12:33 PM CET 2025
