Starting job at Sat Feb 15 01:50:39 PM CET 2025
Running Filter_by_part.py for subdirectory 22015, part 11
2025-02-15 13:50:39 - INFO - Event filtering process starts...
2025-02-15 13:50:39 - INFO - Initialized PureNeutrinoEventFilter filter for 22015/11
2025-02-15 13:50:40 - INFO - Loaded 20 event specifier files from /lustre/hpc/project/icecube/HE_Nu_Aske_Oct2024/clean_events_dict/22015/22015/reduced
2025-02-15 13:50:40 - INFO - Selected 5 CSV files covering event range [15164, 19966]
2025-02-15 13:50:40 - INFO - Loaded 94005 valid (RunID, EventID) pairs from CSV files
2025-02-15 13:50:40 - INFO - Extracted 21430 valid events based on pure neutrino events.
2025-02-15 13:50:40 - INFO - Initialized Muon13Filter filter for 22015/11
2025-02-15 13:50:40 - INFO - Extracted 24758 valid events where MuonFilter_13==True.
2025-02-15 13:50:40 - INFO - Initialized CompositeEventFilter filter for 22015/11
2025-02-15 13:50:40 - INFO - Initialized (MuonLike_PureNu)
2025-02-15 13:50:40 - INFO - Starting filtering process for 22015/11
2025-02-15 13:50:40 - INFO - Starting filtering process for 22015/11
2025-02-15 13:50:41 - INFO - Recalculated 'offset' column based on filtered 'N_doms' values.
2025-02-15 13:50:41 - INFO - Filtered truth file saved to: /lustre/hpc/project/icecube/HE_Nu_Aske_Oct2024/PMTfied_filtered/Snowstorm/MuonLike_PureNu/22015/truth_11.parquet
2025-02-15 13:50:42 - INFO - Filtered PMTfied file saved to: /lustre/hpc/project/icecube/HE_Nu_Aske_Oct2024/PMTfied_filtered/Snowstorm/MuonLike_PureNu/22015/11/PMTfied_7.parquet
2025-02-15 13:50:43 - INFO - Filtered PMTfied file saved to: /lustre/hpc/project/icecube/HE_Nu_Aske_Oct2024/PMTfied_filtered/Snowstorm/MuonLike_PureNu/22015/11/PMTfied_3.parquet
2025-02-15 13:50:45 - INFO - Filtered PMTfied file saved to: /lustre/hpc/project/icecube/HE_Nu_Aske_Oct2024/PMTfied_filtered/Snowstorm/MuonLike_PureNu/22015/11/PMTfied_12.parquet
2025-02-15 13:50:46 - INFO - Filtered PMTfied file saved to: /lustre/hpc/project/icecube/HE_Nu_Aske_Oct2024/PMTfied_filtered/Snowstorm/MuonLike_PureNu/22015/11/PMTfied_13.parquet
2025-02-15 13:50:47 - INFO - Filtered PMTfied file saved to: /lustre/hpc/project/icecube/HE_Nu_Aske_Oct2024/PMTfied_filtered/Snowstorm/MuonLike_PureNu/22015/11/PMTfied_6.parquet
2025-02-15 13:50:48 - INFO - Filtered PMTfied file saved to: /lustre/hpc/project/icecube/HE_Nu_Aske_Oct2024/PMTfied_filtered/Snowstorm/MuonLike_PureNu/22015/11/PMTfied_2.parquet
2025-02-15 13:50:49 - INFO - Filtered PMTfied file saved to: /lustre/hpc/project/icecube/HE_Nu_Aske_Oct2024/PMTfied_filtered/Snowstorm/MuonLike_PureNu/22015/11/PMTfied_11.parquet
2025-02-15 13:50:51 - INFO - Filtered PMTfied file saved to: /lustre/hpc/project/icecube/HE_Nu_Aske_Oct2024/PMTfied_filtered/Snowstorm/MuonLike_PureNu/22015/11/PMTfied_8.parquet
2025-02-15 13:50:52 - INFO - Filtered PMTfied file saved to: /lustre/hpc/project/icecube/HE_Nu_Aske_Oct2024/PMTfied_filtered/Snowstorm/MuonLike_PureNu/22015/11/PMTfied_4.parquet
2025-02-15 13:50:53 - INFO - Filtered PMTfied file saved to: /lustre/hpc/project/icecube/HE_Nu_Aske_Oct2024/PMTfied_filtered/Snowstorm/MuonLike_PureNu/22015/11/PMTfied_5.parquet
2025-02-15 13:50:54 - INFO - Filtered PMTfied file saved to: /lustre/hpc/project/icecube/HE_Nu_Aske_Oct2024/PMTfied_filtered/Snowstorm/MuonLike_PureNu/22015/11/PMTfied_1.parquet
2025-02-15 13:50:55 - INFO - Filtered PMTfied file saved to: /lustre/hpc/project/icecube/HE_Nu_Aske_Oct2024/PMTfied_filtered/Snowstorm/MuonLike_PureNu/22015/11/PMTfied_9.parquet
2025-02-15 13:50:56 - INFO - Filtered PMTfied file saved to: /lustre/hpc/project/icecube/HE_Nu_Aske_Oct2024/PMTfied_filtered/Snowstorm/MuonLike_PureNu/22015/11/PMTfied_14.parquet
2025-02-15 13:50:57 - INFO - Filtered PMTfied file saved to: /lustre/hpc/project/icecube/HE_Nu_Aske_Oct2024/PMTfied_filtered/Snowstorm/MuonLike_PureNu/22015/11/PMTfied_10.parquet
2025-02-15 13:50:57 - INFO - Filtering process completed.
2025-02-15 13:50:57 - INFO - Filtering process completed.
2025-02-15 13:50:58 - INFO - Unified receipt generated: /lustre/hpc/project/icecube/HE_Nu_Aske_Oct2024/PMTfied_filtered/Snowstorm/MuonLike_PureNu/22015/[Receipt]22015_11.json
2025-02-15 13:50:58 - INFO - Filtering process completed.
Job completed at Sat Feb 15 01:50:58 PM CET 2025
