2024-12-01 17:51:40 - INFO - PMTfication by part starts...
2024-12-01 17:51:40 - INFO - Processing file: merged_part_1.db
2024-12-01 17:51:40 - INFO - Using up to 48 workers.
2024-12-01 17:51:51 - INFO - Processing shard 1 of part 1 in subdirectory 22010.
2024-12-01 18:15:36 - INFO - Processing shard 2 of part 1 in subdirectory 22010.
2024-12-01 18:55:21 - INFO - Processing shard 3 of part 1 in subdirectory 22010.
2024-12-01 19:54:40 - INFO - Processing shard 4 of part 1 in subdirectory 22010.
2024-12-01 21:00:44 - INFO - Processing shard 5 of part 1 in subdirectory 22010.
2024-12-01 21:48:15 - INFO - Processing shard 6 of part 1 in subdirectory 22010.
2024-12-01 22:37:46 - INFO - Processing shard 7 of part 1 in subdirectory 22010.
2024-12-01 23:26:08 - INFO - Processing shard 8 of part 1 in subdirectory 22010.
2024-12-02 00:15:37 - INFO - Processing shard 9 of part 1 in subdirectory 22010.
2024-12-02 00:49:42 - INFO - Processing shard 10 of part 1 in subdirectory 22010.
2024-12-02 01:39:09 - INFO - Processing shard 11 of part 1 in subdirectory 22010.
2024-12-02 01:50:12 - INFO - Processing shard 12 of part 1 in subdirectory 22010.
2024-12-02 02:38:15 - INFO - Processing shard 13 of part 1 in subdirectory 22010.
2024-12-02 03:07:55 - INFO - Processing shard 14 of part 1 in subdirectory 22010.
2024-12-02 03:39:44 - INFO - Processing shard 15 of part 1 in subdirectory 22010.
2024-12-02 04:24:18 - INFO - Processing shard 16 of part 1 in subdirectory 22010.
2024-12-02 04:56:22 - INFO - Processing shard 17 of part 1 in subdirectory 22010.
2024-12-02 05:45:15 - INFO - Processing shard 18 of part 1 in subdirectory 22010.
2024-12-02 06:36:37 - INFO - Processing shard 19 of part 1 in subdirectory 22010.
2024-12-02 07:25:19 - INFO - Processing shard 20 of part 1 in subdirectory 22010.
2024-12-02 08:08:46 - INFO - Processing shard 21 of part 1 in subdirectory 22010.
2024-12-02 08:55:12 - INFO - Processing shard 22 of part 1 in subdirectory 22010.
2024-12-02 09:08:48 - INFO - PMTfication completed.
