2025-01-07 10:40:29 - INFO - PMTfication by part starts...
2025-01-07 10:40:29 - INFO - Processing file: merged_part_9.db
2025-01-07 10:40:29 - INFO - Using up to 40 workers.
2025-01-07 10:40:43 - INFO - Processing shard 1 of part 9 in subdirectory 22010.
2025-01-07 11:35:02 - INFO - Processing shard 2 of part 9 in subdirectory 22010.
2025-01-07 12:40:27 - INFO - Processing shard 3 of part 9 in subdirectory 22010.
2025-01-07 13:46:22 - INFO - Processing shard 4 of part 9 in subdirectory 22010.
2025-01-07 14:54:05 - INFO - Processing shard 5 of part 9 in subdirectory 22010.
2025-01-07 16:00:26 - INFO - Processing shard 6 of part 9 in subdirectory 22010.
2025-01-07 17:05:46 - INFO - Processing shard 7 of part 9 in subdirectory 22010.
2025-01-07 18:22:24 - INFO - Processing shard 8 of part 9 in subdirectory 22010.
2025-01-07 19:41:32 - INFO - Processing shard 9 of part 9 in subdirectory 22010.
2025-01-07 20:47:12 - INFO - Processing shard 10 of part 9 in subdirectory 22010.
2025-01-07 21:51:52 - INFO - Processing shard 11 of part 9 in subdirectory 22010.
2025-01-07 22:50:53 - INFO - Processing shard 12 of part 9 in subdirectory 22010.
2025-01-07 23:53:59 - INFO - Processing shard 13 of part 9 in subdirectory 22010.
2025-01-08 00:51:05 - INFO - Processing shard 14 of part 9 in subdirectory 22010.
2025-01-08 01:54:41 - INFO - Processing shard 15 of part 9 in subdirectory 22010.
2025-01-08 02:51:11 - INFO - Processing shard 16 of part 9 in subdirectory 22010.
2025-01-08 03:42:36 - INFO - Processing shard 17 of part 9 in subdirectory 22010.
2025-01-08 04:26:40 - INFO - Processing shard 18 of part 9 in subdirectory 22010.
2025-01-08 05:28:46 - INFO - Processing shard 19 of part 9 in subdirectory 22010.
2025-01-08 06:24:41 - INFO - Processing shard 20 of part 9 in subdirectory 22010.
2025-01-08 07:28:23 - INFO - Processing shard 21 of part 9 in subdirectory 22010.
2025-01-08 08:17:34 - INFO - Processing shard 22 of part 9 in subdirectory 22010.
2025-01-08 09:03:58 - INFO - PMTfication completed.
