2025-01-15 14:33:44 - INFO - PMTfication by part starts...
2025-01-15 14:33:44 - INFO - Processing file: merged_part_3.db
2025-01-15 14:33:44 - INFO - Using up to 40 workers.
2025-01-15 14:33:58 - INFO - Processing shard 1 of part 3 in subdirectory 22010.
2025-01-15 15:36:54 - INFO - Processing shard 2 of part 3 in subdirectory 22010.
2025-01-15 16:34:02 - INFO - Processing shard 3 of part 3 in subdirectory 22010.
2025-01-15 17:31:33 - INFO - Processing shard 4 of part 3 in subdirectory 22010.
2025-01-15 18:08:54 - INFO - Processing shard 5 of part 3 in subdirectory 22010.
2025-01-15 19:23:55 - INFO - Processing shard 6 of part 3 in subdirectory 22010.
2025-01-15 20:46:49 - INFO - Processing shard 7 of part 3 in subdirectory 22010.
2025-01-15 22:02:06 - INFO - Processing shard 8 of part 3 in subdirectory 22010.
2025-01-15 22:38:09 - INFO - Processing shard 9 of part 3 in subdirectory 22010.
2025-01-15 23:53:35 - INFO - Processing shard 10 of part 3 in subdirectory 22010.
2025-01-16 01:16:48 - INFO - Processing shard 11 of part 3 in subdirectory 22010.
2025-01-16 01:59:36 - INFO - Processing shard 12 of part 3 in subdirectory 22010.
2025-01-16 02:32:59 - INFO - Processing shard 13 of part 3 in subdirectory 22010.
2025-01-16 03:31:30 - INFO - Processing shard 14 of part 3 in subdirectory 22010.
2025-01-16 04:09:27 - INFO - Processing shard 15 of part 3 in subdirectory 22010.
2025-01-16 05:16:44 - INFO - Processing shard 16 of part 3 in subdirectory 22010.
2025-01-16 06:33:57 - INFO - Processing shard 17 of part 3 in subdirectory 22010.
2025-01-16 07:54:22 - INFO - Processing shard 18 of part 3 in subdirectory 22010.
2025-01-16 08:59:44 - INFO - Processing shard 19 of part 3 in subdirectory 22010.
2025-01-16 09:49:54 - INFO - Processing shard 20 of part 3 in subdirectory 22010.
2025-01-16 10:50:37 - INFO - Processing shard 21 of part 3 in subdirectory 22010.
2025-01-16 11:50:09 - INFO - Processing shard 22 of part 3 in subdirectory 22010.
2025-01-16 12:45:47 - INFO - PMTfication completed.
