2025-01-15 14:33:45 - INFO - PMTfication by part starts...
2025-01-15 14:33:45 - INFO - Processing file: merged_part_2.db
2025-01-15 14:33:45 - INFO - Using up to 40 workers.
2025-01-15 14:33:58 - INFO - Processing shard 1 of part 2 in subdirectory 22010.
2025-01-15 15:34:34 - INFO - Processing shard 2 of part 2 in subdirectory 22010.
2025-01-15 16:14:29 - INFO - Processing shard 3 of part 2 in subdirectory 22010.
2025-01-15 16:40:45 - INFO - Processing shard 4 of part 2 in subdirectory 22010.
2025-01-15 17:40:30 - INFO - Processing shard 5 of part 2 in subdirectory 22010.
2025-01-15 18:57:02 - INFO - Processing shard 6 of part 2 in subdirectory 22010.
2025-01-15 20:14:27 - INFO - Processing shard 7 of part 2 in subdirectory 22010.
2025-01-15 20:37:31 - INFO - Processing shard 8 of part 2 in subdirectory 22010.
2025-01-15 21:16:42 - INFO - Processing shard 9 of part 2 in subdirectory 22010.
2025-01-15 22:16:22 - INFO - Processing shard 10 of part 2 in subdirectory 22010.
2025-01-15 23:32:55 - INFO - Processing shard 11 of part 2 in subdirectory 22010.
2025-01-16 00:36:52 - INFO - Processing shard 12 of part 2 in subdirectory 22010.
2025-01-16 01:40:41 - INFO - Processing shard 13 of part 2 in subdirectory 22010.
2025-01-16 02:40:47 - INFO - Processing shard 14 of part 2 in subdirectory 22010.
2025-01-16 03:35:34 - INFO - Processing shard 15 of part 2 in subdirectory 22010.
2025-01-16 04:37:00 - INFO - Processing shard 16 of part 2 in subdirectory 22010.
2025-01-16 05:32:18 - INFO - Processing shard 17 of part 2 in subdirectory 22010.
2025-01-16 06:27:13 - INFO - Processing shard 18 of part 2 in subdirectory 22010.
2025-01-16 07:19:15 - INFO - Processing shard 19 of part 2 in subdirectory 22010.
2025-01-16 08:02:47 - INFO - Processing shard 20 of part 2 in subdirectory 22010.
2025-01-16 08:59:45 - INFO - Processing shard 21 of part 2 in subdirectory 22010.
2025-01-16 09:51:15 - INFO - Processing shard 22 of part 2 in subdirectory 22010.
2025-01-16 10:40:18 - INFO - PMTfication completed.
