2025-01-15 16:14:33 - INFO - PMTfication by part starts...
2025-01-15 16:14:33 - INFO - Processing file: merged_part_10.db
2025-01-15 16:14:33 - INFO - Using up to 40 workers.
2025-01-15 16:14:36 - INFO - Processing shard 1 of part 10 in subdirectory 22010.
2025-01-15 17:24:31 - INFO - Processing shard 2 of part 10 in subdirectory 22010.
2025-01-15 18:03:11 - INFO - Processing shard 3 of part 10 in subdirectory 22010.
2025-01-15 18:55:30 - INFO - Processing shard 4 of part 10 in subdirectory 22010.
2025-01-15 20:15:26 - INFO - Processing shard 5 of part 10 in subdirectory 22010.
2025-01-15 21:02:58 - INFO - Processing shard 6 of part 10 in subdirectory 22010.
2025-01-15 22:04:37 - INFO - Processing shard 7 of part 10 in subdirectory 22010.
2025-01-15 23:24:07 - INFO - Processing shard 8 of part 10 in subdirectory 22010.
2025-01-16 00:12:49 - INFO - Processing shard 9 of part 10 in subdirectory 22010.
2025-01-16 01:00:32 - INFO - Processing shard 10 of part 10 in subdirectory 22010.
2025-01-16 01:51:41 - INFO - Processing shard 11 of part 10 in subdirectory 22010.
2025-01-16 02:55:29 - INFO - Processing shard 12 of part 10 in subdirectory 22010.
2025-01-16 03:58:30 - INFO - Processing shard 13 of part 10 in subdirectory 22010.
2025-01-16 04:56:22 - INFO - Processing shard 14 of part 10 in subdirectory 22010.
2025-01-16 05:37:10 - INFO - Processing shard 15 of part 10 in subdirectory 22010.
2025-01-16 06:40:50 - INFO - Processing shard 16 of part 10 in subdirectory 22010.
2025-01-16 07:58:04 - INFO - Processing shard 17 of part 10 in subdirectory 22010.
2025-01-16 08:57:15 - INFO - Processing shard 18 of part 10 in subdirectory 22010.
2025-01-16 09:59:24 - INFO - Processing shard 19 of part 10 in subdirectory 22010.
2025-01-16 11:03:37 - INFO - Processing shard 20 of part 10 in subdirectory 22010.
2025-01-16 12:07:00 - INFO - Processing shard 21 of part 10 in subdirectory 22010.
2025-01-16 13:24:25 - INFO - Processing shard 22 of part 10 in subdirectory 22010.
2025-01-16 14:21:27 - INFO - PMTfication completed.
