2025-01-15 14:33:45 - INFO - PMTfication by part starts...
2025-01-15 14:33:45 - INFO - Processing file: merged_part_4.db
2025-01-15 14:33:45 - INFO - Using up to 40 workers.
2025-01-15 14:33:59 - INFO - Processing shard 1 of part 4 in subdirectory 22010.
2025-01-15 15:37:34 - INFO - Processing shard 2 of part 4 in subdirectory 22010.
2025-01-15 16:55:23 - INFO - Processing shard 3 of part 4 in subdirectory 22010.
2025-01-15 17:58:57 - INFO - Processing shard 4 of part 4 in subdirectory 22010.
2025-01-15 19:18:03 - INFO - Processing shard 5 of part 4 in subdirectory 22010.
2025-01-15 20:37:16 - INFO - Processing shard 6 of part 4 in subdirectory 22010.
2025-01-15 21:38:51 - INFO - Processing shard 7 of part 4 in subdirectory 22010.
2025-01-15 22:25:22 - INFO - Processing shard 8 of part 4 in subdirectory 22010.
2025-01-15 23:44:06 - INFO - Processing shard 9 of part 4 in subdirectory 22010.
2025-01-16 00:27:02 - INFO - Processing shard 10 of part 4 in subdirectory 22010.
2025-01-16 01:29:10 - INFO - Processing shard 11 of part 4 in subdirectory 22010.
2025-01-16 02:14:05 - INFO - Processing shard 12 of part 4 in subdirectory 22010.
2025-01-16 02:59:21 - INFO - Processing shard 13 of part 4 in subdirectory 22010.
2025-01-16 04:01:39 - INFO - Processing shard 14 of part 4 in subdirectory 22010.
2025-01-16 04:55:08 - INFO - Processing shard 15 of part 4 in subdirectory 22010.
2025-01-16 05:58:22 - INFO - Processing shard 16 of part 4 in subdirectory 22010.
2025-01-16 07:01:51 - INFO - Processing shard 17 of part 4 in subdirectory 22010.
2025-01-16 08:01:45 - INFO - Processing shard 18 of part 4 in subdirectory 22010.
2025-01-16 09:03:04 - INFO - Processing shard 19 of part 4 in subdirectory 22010.
2025-01-16 09:59:39 - INFO - Processing shard 20 of part 4 in subdirectory 22010.
2025-01-16 10:51:26 - INFO - Processing shard 21 of part 4 in subdirectory 22010.
2025-01-16 11:45:51 - INFO - Processing shard 22 of part 4 in subdirectory 22010.
2025-01-16 12:22:13 - INFO - PMTfication completed.
