2024-11-29 23:23:19 - INFO - PMTfication by part starts...
2024-11-29 23:23:19 - INFO - Processing file: merged_part_1.db
2024-11-29 23:23:19 - INFO - Using up to 48 workers.
2024-11-29 23:23:29 - INFO - Processing shard 1 of part 1 in subdirectory 22010.
2024-11-30 00:03:36 - INFO - Processing shard 2 of part 1 in subdirectory 22010.
2024-11-30 00:49:58 - INFO - Processing shard 3 of part 1 in subdirectory 22010.
2024-11-30 01:06:35 - INFO - Processing shard 4 of part 1 in subdirectory 22010.
2024-11-30 01:17:28 - INFO - Processing shard 5 of part 1 in subdirectory 22010.
2024-11-30 01:34:36 - INFO - Processing shard 6 of part 1 in subdirectory 22010.
2024-11-30 01:45:22 - INFO - Processing shard 7 of part 1 in subdirectory 22010.
2024-11-30 02:25:04 - INFO - Processing shard 8 of part 1 in subdirectory 22010.
2024-11-30 03:15:29 - INFO - Processing shard 9 of part 1 in subdirectory 22010.
2024-11-30 03:52:46 - INFO - Processing shard 10 of part 1 in subdirectory 22010.
2024-11-30 04:03:45 - INFO - Processing shard 11 of part 1 in subdirectory 22010.
2024-11-30 04:14:41 - INFO - Processing shard 12 of part 1 in subdirectory 22010.
2024-11-30 04:56:48 - INFO - Processing shard 13 of part 1 in subdirectory 22010.
2024-11-30 05:35:16 - INFO - Processing shard 14 of part 1 in subdirectory 22010.
2024-11-30 06:07:16 - INFO - Processing shard 15 of part 1 in subdirectory 22010.
2024-11-30 06:47:36 - INFO - Processing shard 16 of part 1 in subdirectory 22010.
2024-11-30 06:59:30 - INFO - Processing shard 17 of part 1 in subdirectory 22010.
2024-11-30 07:10:21 - INFO - Processing shard 18 of part 1 in subdirectory 22010.
2024-11-30 07:46:41 - INFO - Processing shard 19 of part 1 in subdirectory 22010.
2024-11-30 08:24:06 - INFO - Processing shard 20 of part 1 in subdirectory 22010.
2024-11-30 08:53:29 - INFO - Processing shard 21 of part 1 in subdirectory 22010.
2024-11-30 09:37:15 - INFO - Processing shard 22 of part 1 in subdirectory 22010.
2024-11-30 09:52:06 - INFO - PMTfication completed.
