2025-02-23 06:45:20 - INFO - PMTfication by part starts...
2025-02-23 06:45:20 - INFO - Processing file: merged_part_4.db
2025-02-23 06:45:20 - INFO - Using up to 40 workers.
2025-02-23 06:45:34 - INFO - Processing shard 1 of part 4 in subdirectory 22010.
2025-02-23 07:54:24 - INFO - Processing shard 2 of part 4 in subdirectory 22010.
2025-02-23 08:29:04 - INFO - Processing shard 3 of part 4 in subdirectory 22010.
2025-02-23 09:33:03 - INFO - Processing shard 4 of part 4 in subdirectory 22010.
2025-02-23 10:26:42 - INFO - Processing shard 5 of part 4 in subdirectory 22010.
2025-02-23 11:17:05 - INFO - Processing shard 6 of part 4 in subdirectory 22010.
2025-02-23 12:40:51 - INFO - Processing shard 7 of part 4 in subdirectory 22010.
2025-02-23 14:06:11 - INFO - Processing shard 8 of part 4 in subdirectory 22010.
2025-02-23 15:31:59 - INFO - Processing shard 9 of part 4 in subdirectory 22010.
2025-02-23 16:57:32 - INFO - Processing shard 10 of part 4 in subdirectory 22010.
2025-02-23 18:24:05 - INFO - Processing shard 11 of part 4 in subdirectory 22010.
2025-02-23 19:48:47 - INFO - Processing shard 12 of part 4 in subdirectory 22010.
2025-02-23 21:19:51 - INFO - Processing shard 13 of part 4 in subdirectory 22010.
2025-02-23 22:46:47 - INFO - Processing shard 14 of part 4 in subdirectory 22010.
2025-02-24 00:09:18 - INFO - Processing shard 15 of part 4 in subdirectory 22010.
2025-02-24 01:40:50 - INFO - Processing shard 16 of part 4 in subdirectory 22010.
2025-02-24 03:12:41 - INFO - Processing shard 17 of part 4 in subdirectory 22010.
2025-02-24 04:45:02 - INFO - Processing shard 18 of part 4 in subdirectory 22010.
2025-02-24 06:18:46 - INFO - Processing shard 19 of part 4 in subdirectory 22010.
2025-02-24 07:44:03 - INFO - Processing shard 20 of part 4 in subdirectory 22010.
2025-02-24 09:00:50 - INFO - Processing shard 21 of part 4 in subdirectory 22010.
2025-02-24 10:15:13 - INFO - Processing shard 22 of part 4 in subdirectory 22010.
2025-02-24 11:11:36 - INFO - PMTfication completed.
