2025-02-23 07:11:33 - INFO - PMTfication by part starts...
2025-02-23 07:11:33 - INFO - Processing file: merged_part_11.db
2025-02-23 07:11:33 - INFO - Using up to 40 workers.
2025-02-23 07:11:47 - INFO - Processing shard 1 of part 11 in subdirectory 22010.
2025-02-23 08:27:57 - INFO - Processing shard 2 of part 11 in subdirectory 22010.
2025-02-23 09:22:37 - INFO - Processing shard 3 of part 11 in subdirectory 22010.
2025-02-23 10:33:16 - INFO - Processing shard 4 of part 11 in subdirectory 22010.
2025-02-23 11:56:39 - INFO - Processing shard 5 of part 11 in subdirectory 22010.
2025-02-23 12:50:51 - INFO - Processing shard 6 of part 11 in subdirectory 22010.
2025-02-23 13:59:51 - INFO - Processing shard 7 of part 11 in subdirectory 22010.
2025-02-23 15:12:05 - INFO - Processing shard 8 of part 11 in subdirectory 22010.
2025-02-23 16:31:17 - INFO - Processing shard 9 of part 11 in subdirectory 22010.
2025-02-23 17:51:45 - INFO - Processing shard 10 of part 11 in subdirectory 22010.
2025-02-23 19:16:18 - INFO - Processing shard 11 of part 11 in subdirectory 22010.
2025-02-23 19:57:42 - INFO - Processing shard 12 of part 11 in subdirectory 22010.
2025-02-23 20:48:01 - INFO - Processing shard 13 of part 11 in subdirectory 22010.
2025-02-23 21:57:00 - INFO - Processing shard 14 of part 11 in subdirectory 22010.
2025-02-23 23:15:01 - INFO - Processing shard 15 of part 11 in subdirectory 22010.
2025-02-24 00:40:21 - INFO - Processing shard 16 of part 11 in subdirectory 22010.
2025-02-24 01:38:15 - INFO - Processing shard 17 of part 11 in subdirectory 22010.
2025-02-24 02:44:09 - INFO - Processing shard 18 of part 11 in subdirectory 22010.
2025-02-24 03:56:52 - INFO - Processing shard 19 of part 11 in subdirectory 22010.
2025-02-24 05:14:01 - INFO - Processing shard 20 of part 11 in subdirectory 22010.
2025-02-24 06:11:08 - INFO - Processing shard 21 of part 11 in subdirectory 22010.
2025-02-24 07:13:30 - INFO - Processing shard 22 of part 11 in subdirectory 22010.
2025-02-24 08:09:06 - INFO - PMTfication completed.
