2025-02-14 11:24:55 - INFO - PMTfication by part starts...
2025-02-14 11:24:55 - INFO - Processing file: merged_part_7.db
2025-02-14 11:24:55 - INFO - Using up to 40 workers.
2025-02-14 11:25:00 - INFO - Processing shard 1 of part 7 in subdirectory 22010.
2025-02-14 12:01:20 - INFO - Processing shard 2 of part 7 in subdirectory 22010.
2025-02-14 12:13:00 - INFO - Processing shard 3 of part 7 in subdirectory 22010.
2025-02-14 12:24:16 - INFO - Processing shard 4 of part 7 in subdirectory 22010.
2025-02-14 12:41:01 - INFO - Processing shard 5 of part 7 in subdirectory 22010.
2025-02-14 13:44:43 - INFO - Processing shard 6 of part 7 in subdirectory 22010.
2025-02-14 14:49:17 - INFO - Processing shard 7 of part 7 in subdirectory 22010.
2025-02-14 15:01:32 - INFO - Processing shard 8 of part 7 in subdirectory 22010.
2025-02-14 15:12:44 - INFO - Processing shard 9 of part 7 in subdirectory 22010.
2025-02-14 15:23:59 - INFO - Processing shard 10 of part 7 in subdirectory 22010.
2025-02-14 15:35:14 - INFO - Processing shard 11 of part 7 in subdirectory 22010.
2025-02-14 15:46:24 - INFO - Processing shard 12 of part 7 in subdirectory 22010.
2025-02-14 16:15:56 - INFO - Processing shard 13 of part 7 in subdirectory 22010.
2025-02-14 16:38:37 - INFO - Processing shard 14 of part 7 in subdirectory 22010.
2025-02-14 17:42:19 - INFO - Processing shard 15 of part 7 in subdirectory 22010.
2025-02-14 17:54:12 - INFO - Processing shard 16 of part 7 in subdirectory 22010.
2025-02-14 18:05:13 - INFO - Processing shard 17 of part 7 in subdirectory 22010.
2025-02-14 18:28:02 - INFO - Processing shard 18 of part 7 in subdirectory 22010.
2025-02-14 19:31:28 - INFO - Processing shard 19 of part 7 in subdirectory 22010.
2025-02-14 19:43:03 - INFO - Processing shard 20 of part 7 in subdirectory 22010.
2025-02-14 19:54:13 - INFO - Processing shard 21 of part 7 in subdirectory 22010.
2025-02-14 20:05:16 - INFO - Processing shard 22 of part 7 in subdirectory 22010.
2025-02-14 20:08:08 - INFO - PMTfication completed.
