2025-02-23 06:54:10 - INFO - PMTfication by part starts...
2025-02-23 06:54:10 - INFO - Processing file: merged_part_8.db
2025-02-23 06:54:10 - INFO - Using up to 40 workers.
2025-02-23 06:54:24 - INFO - Processing shard 1 of part 8 in subdirectory 22010.
2025-02-23 08:10:58 - INFO - Processing shard 2 of part 8 in subdirectory 22010.
2025-02-23 08:50:02 - INFO - Processing shard 3 of part 8 in subdirectory 22010.
2025-02-23 09:52:55 - INFO - Processing shard 4 of part 8 in subdirectory 22010.
2025-02-23 10:58:49 - INFO - Processing shard 5 of part 8 in subdirectory 22010.
2025-02-23 12:02:32 - INFO - Processing shard 6 of part 8 in subdirectory 22010.
2025-02-23 13:27:12 - INFO - Processing shard 7 of part 8 in subdirectory 22010.
2025-02-23 14:17:43 - INFO - Processing shard 8 of part 8 in subdirectory 22010.
2025-02-23 15:43:43 - INFO - Processing shard 9 of part 8 in subdirectory 22010.
2025-02-23 16:25:20 - INFO - Processing shard 10 of part 8 in subdirectory 22010.
2025-02-23 17:50:13 - INFO - Processing shard 11 of part 8 in subdirectory 22010.
2025-02-23 19:05:47 - INFO - Processing shard 12 of part 8 in subdirectory 22010.
2025-02-23 20:29:31 - INFO - Processing shard 13 of part 8 in subdirectory 22010.
2025-02-23 21:56:32 - INFO - Processing shard 14 of part 8 in subdirectory 22010.
2025-02-23 23:20:41 - INFO - Processing shard 15 of part 8 in subdirectory 22010.
2025-02-24 00:17:57 - INFO - Processing shard 16 of part 8 in subdirectory 22010.
2025-02-24 01:07:08 - INFO - Processing shard 17 of part 8 in subdirectory 22010.
2025-02-24 02:01:03 - INFO - Processing shard 18 of part 8 in subdirectory 22010.
2025-02-24 02:55:20 - INFO - Processing shard 19 of part 8 in subdirectory 22010.
2025-02-24 03:56:44 - INFO - Processing shard 20 of part 8 in subdirectory 22010.
2025-02-24 05:16:53 - INFO - Processing shard 21 of part 8 in subdirectory 22010.
2025-02-24 06:03:21 - INFO - Processing shard 22 of part 8 in subdirectory 22010.
2025-02-24 07:00:58 - INFO - PMTfication completed.
