2025-02-14 19:44:26 - INFO - PMTfication by part starts...
2025-02-14 19:44:26 - INFO - Processing file: merged_part_11.db
2025-02-14 19:44:26 - INFO - Using up to 40 workers.
2025-02-14 19:44:31 - INFO - Processing shard 1 of part 11 in subdirectory 22010.
2025-02-14 19:59:17 - INFO - Processing shard 2 of part 11 in subdirectory 22010.
2025-02-14 20:52:15 - INFO - Processing shard 3 of part 11 in subdirectory 22010.
2025-02-14 21:05:26 - INFO - Processing shard 4 of part 11 in subdirectory 22010.
2025-02-14 21:36:15 - INFO - Processing shard 5 of part 11 in subdirectory 22010.
2025-02-14 22:41:07 - INFO - Processing shard 6 of part 11 in subdirectory 22010.
2025-02-14 23:46:17 - INFO - Processing shard 7 of part 11 in subdirectory 22010.
2025-02-14 23:57:54 - INFO - Processing shard 8 of part 11 in subdirectory 22010.
2025-02-15 00:08:59 - INFO - Processing shard 9 of part 11 in subdirectory 22010.
2025-02-15 00:20:07 - INFO - Processing shard 10 of part 11 in subdirectory 22010.
2025-02-15 00:31:16 - INFO - Processing shard 11 of part 11 in subdirectory 22010.
2025-02-15 00:42:27 - INFO - Processing shard 12 of part 11 in subdirectory 22010.
2025-02-15 01:01:08 - INFO - Processing shard 13 of part 11 in subdirectory 22010.
2025-02-15 01:24:09 - INFO - Processing shard 14 of part 11 in subdirectory 22010.
2025-02-15 02:15:32 - INFO - Processing shard 15 of part 11 in subdirectory 22010.
2025-02-15 02:54:44 - INFO - Processing shard 16 of part 11 in subdirectory 22010.
2025-02-15 03:06:03 - INFO - Processing shard 17 of part 11 in subdirectory 22010.
2025-02-15 03:17:16 - INFO - Processing shard 18 of part 11 in subdirectory 22010.
2025-02-15 04:21:10 - INFO - Processing shard 19 of part 11 in subdirectory 22010.
2025-02-15 04:32:50 - INFO - Processing shard 20 of part 11 in subdirectory 22010.
2025-02-15 04:43:55 - INFO - Processing shard 21 of part 11 in subdirectory 22010.
2025-02-15 04:55:01 - INFO - Processing shard 22 of part 11 in subdirectory 22010.
2025-02-15 04:57:31 - INFO - PMTfication completed.
