2025-02-23 06:35:27 - INFO - PMTfication by part starts...
2025-02-23 06:35:27 - INFO - Processing file: merged_part_1.db
2025-02-23 06:35:27 - INFO - Using up to 40 workers.
2025-02-23 06:35:43 - INFO - Processing shard 1 of part 1 in subdirectory 22010.
2025-02-23 07:45:17 - INFO - Processing shard 2 of part 1 in subdirectory 22010.
2025-02-23 08:28:41 - INFO - Processing shard 3 of part 1 in subdirectory 22010.
2025-02-23 09:32:22 - INFO - Processing shard 4 of part 1 in subdirectory 22010.
2025-02-23 10:52:46 - INFO - Processing shard 5 of part 1 in subdirectory 22010.
2025-02-23 11:25:57 - INFO - Processing shard 6 of part 1 in subdirectory 22010.
2025-02-23 11:52:06 - INFO - Processing shard 7 of part 1 in subdirectory 22010.
2025-02-23 12:54:08 - INFO - Processing shard 8 of part 1 in subdirectory 22010.
2025-02-23 13:16:42 - INFO - Processing shard 9 of part 1 in subdirectory 22010.
2025-02-23 13:44:02 - INFO - Processing shard 10 of part 1 in subdirectory 22010.
2025-02-23 14:46:41 - INFO - Processing shard 11 of part 1 in subdirectory 22010.
2025-02-23 15:38:31 - INFO - Processing shard 12 of part 1 in subdirectory 22010.
2025-02-23 16:37:39 - INFO - Processing shard 13 of part 1 in subdirectory 22010.
2025-02-23 17:19:37 - INFO - Processing shard 14 of part 1 in subdirectory 22010.
2025-02-23 18:21:19 - INFO - Processing shard 15 of part 1 in subdirectory 22010.
2025-02-23 19:02:09 - INFO - Processing shard 16 of part 1 in subdirectory 22010.
2025-02-23 19:28:14 - INFO - Processing shard 17 of part 1 in subdirectory 22010.
2025-02-23 20:31:12 - INFO - Processing shard 18 of part 1 in subdirectory 22010.
2025-02-23 21:45:47 - INFO - Processing shard 19 of part 1 in subdirectory 22010.
2025-02-23 22:15:15 - INFO - Processing shard 20 of part 1 in subdirectory 22010.
2025-02-23 22:37:06 - INFO - Processing shard 21 of part 1 in subdirectory 22010.
2025-02-23 23:32:13 - INFO - Processing shard 22 of part 1 in subdirectory 22010.
2025-02-24 00:27:30 - INFO - PMTfication completed.
