2025-02-23 06:39:49 - INFO - PMTfication by part starts...
2025-02-23 06:39:49 - INFO - Processing file: merged_part_3.db
2025-02-23 06:39:49 - INFO - Using up to 40 workers.
2025-02-23 06:40:02 - INFO - Processing shard 1 of part 3 in subdirectory 22010.
2025-02-23 07:50:47 - INFO - Processing shard 2 of part 3 in subdirectory 22010.
2025-02-23 08:40:07 - INFO - Processing shard 3 of part 3 in subdirectory 22010.
2025-02-23 10:03:19 - INFO - Processing shard 4 of part 3 in subdirectory 22010.
2025-02-23 11:38:36 - INFO - Processing shard 5 of part 3 in subdirectory 22010.
2025-02-23 13:04:42 - INFO - Processing shard 6 of part 3 in subdirectory 22010.
2025-02-23 14:02:52 - INFO - Processing shard 7 of part 3 in subdirectory 22010.
2025-02-23 14:44:50 - INFO - Processing shard 8 of part 3 in subdirectory 22010.
2025-02-23 15:30:42 - INFO - Processing shard 9 of part 3 in subdirectory 22010.
2025-02-23 16:17:46 - INFO - Processing shard 10 of part 3 in subdirectory 22010.
2025-02-23 17:10:47 - INFO - Processing shard 11 of part 3 in subdirectory 22010.
2025-02-23 17:56:22 - INFO - Processing shard 12 of part 3 in subdirectory 22010.
2025-02-23 18:49:43 - INFO - Processing shard 13 of part 3 in subdirectory 22010.
2025-02-23 19:46:03 - INFO - Processing shard 14 of part 3 in subdirectory 22010.
2025-02-23 20:48:50 - INFO - Processing shard 15 of part 3 in subdirectory 22010.
2025-02-23 22:11:01 - INFO - Processing shard 16 of part 3 in subdirectory 22010.
2025-02-23 23:08:45 - INFO - Processing shard 17 of part 3 in subdirectory 22010.
2025-02-24 00:08:55 - INFO - Processing shard 18 of part 3 in subdirectory 22010.
2025-02-24 01:06:11 - INFO - Processing shard 19 of part 3 in subdirectory 22010.
2025-02-24 02:01:57 - INFO - Processing shard 20 of part 3 in subdirectory 22010.
2025-02-24 03:03:12 - INFO - Processing shard 21 of part 3 in subdirectory 22010.
2025-02-24 04:21:27 - INFO - Processing shard 22 of part 3 in subdirectory 22010.
2025-02-24 05:19:00 - INFO - PMTfication completed.
