2025-02-14 10:18:54 - INFO - PMTfication by part starts...
2025-02-14 10:18:54 - INFO - Processing file: merged_part_1.db
2025-02-14 10:18:54 - INFO - Using up to 40 workers.
2025-02-14 10:19:10 - INFO - Processing shard 1 of part 1 in subdirectory 22010.
2025-02-14 11:21:50 - INFO - Processing shard 2 of part 1 in subdirectory 22010.
2025-02-14 12:00:06 - INFO - Processing shard 3 of part 1 in subdirectory 22010.
2025-02-14 13:02:26 - INFO - Processing shard 4 of part 1 in subdirectory 22010.
2025-02-14 13:44:59 - INFO - Processing shard 5 of part 1 in subdirectory 22010.
2025-02-14 14:17:01 - INFO - Processing shard 6 of part 1 in subdirectory 22010.
2025-02-14 14:47:03 - INFO - Processing shard 7 of part 1 in subdirectory 22010.
2025-02-14 15:27:17 - INFO - Processing shard 8 of part 1 in subdirectory 22010.
2025-02-14 16:44:15 - INFO - Processing shard 9 of part 1 in subdirectory 22010.
2025-02-14 17:12:39 - INFO - Processing shard 10 of part 1 in subdirectory 22010.
2025-02-14 17:39:42 - INFO - Processing shard 11 of part 1 in subdirectory 22010.
2025-02-14 18:57:35 - INFO - Processing shard 12 of part 1 in subdirectory 22010.
2025-02-14 19:24:20 - INFO - Processing shard 13 of part 1 in subdirectory 22010.
2025-02-14 19:57:33 - INFO - Processing shard 14 of part 1 in subdirectory 22010.
2025-02-14 21:10:12 - INFO - Processing shard 15 of part 1 in subdirectory 22010.
2025-02-14 22:11:01 - INFO - Processing shard 16 of part 1 in subdirectory 22010.
2025-02-14 23:29:36 - INFO - Processing shard 17 of part 1 in subdirectory 22010.
2025-02-15 00:51:37 - INFO - Processing shard 18 of part 1 in subdirectory 22010.
2025-02-15 01:16:47 - INFO - Processing shard 19 of part 1 in subdirectory 22010.
2025-02-15 02:20:40 - INFO - Processing shard 20 of part 1 in subdirectory 22010.
2025-02-15 03:01:13 - INFO - Processing shard 21 of part 1 in subdirectory 22010.
2025-02-15 03:24:04 - INFO - Processing shard 22 of part 1 in subdirectory 22010.
2025-02-15 03:48:40 - INFO - PMTfication completed.
