2025-02-14 10:18:54 - INFO - PMTfication by part starts...
2025-02-14 10:18:54 - INFO - Processing file: merged_part_2.db
2025-02-14 10:18:54 - INFO - Using up to 40 workers.
2025-02-14 10:19:07 - INFO - Processing shard 1 of part 2 in subdirectory 22010.
2025-02-14 11:21:33 - INFO - Processing shard 2 of part 2 in subdirectory 22010.
2025-02-14 12:36:35 - INFO - Processing shard 3 of part 2 in subdirectory 22010.
2025-02-14 13:32:01 - INFO - Processing shard 4 of part 2 in subdirectory 22010.
2025-02-14 14:27:15 - INFO - Processing shard 5 of part 2 in subdirectory 22010.
2025-02-14 15:25:24 - INFO - Processing shard 6 of part 2 in subdirectory 22010.
2025-02-14 16:09:26 - INFO - Processing shard 7 of part 2 in subdirectory 22010.
2025-02-14 17:01:24 - INFO - Processing shard 8 of part 2 in subdirectory 22010.
2025-02-14 17:46:43 - INFO - Processing shard 9 of part 2 in subdirectory 22010.
2025-02-14 18:19:28 - INFO - Processing shard 10 of part 2 in subdirectory 22010.
2025-02-14 19:21:11 - INFO - Processing shard 11 of part 2 in subdirectory 22010.
2025-02-14 20:08:04 - INFO - Processing shard 12 of part 2 in subdirectory 22010.
2025-02-14 20:59:13 - INFO - Processing shard 13 of part 2 in subdirectory 22010.
2025-02-14 21:47:10 - INFO - Processing shard 14 of part 2 in subdirectory 22010.
2025-02-14 23:01:44 - INFO - Processing shard 15 of part 2 in subdirectory 22010.
2025-02-15 00:21:11 - INFO - Processing shard 16 of part 2 in subdirectory 22010.
2025-02-15 00:47:23 - INFO - Processing shard 17 of part 2 in subdirectory 22010.
2025-02-15 01:13:55 - INFO - Processing shard 18 of part 2 in subdirectory 22010.
2025-02-15 02:07:51 - INFO - Processing shard 19 of part 2 in subdirectory 22010.
2025-02-15 02:38:45 - INFO - Processing shard 20 of part 2 in subdirectory 22010.
2025-02-15 03:28:49 - INFO - Processing shard 21 of part 2 in subdirectory 22010.
2025-02-15 03:57:43 - INFO - Processing shard 22 of part 2 in subdirectory 22010.
2025-02-15 04:02:16 - INFO - PMTfication completed.
