2025-02-23 06:48:54 - INFO - PMTfication by part starts...
2025-02-23 06:48:54 - INFO - Processing file: merged_part_6.db
2025-02-23 06:48:54 - INFO - Using up to 40 workers.
2025-02-23 06:49:08 - INFO - Processing shard 1 of part 6 in subdirectory 22010.
2025-02-23 07:53:20 - INFO - Processing shard 2 of part 6 in subdirectory 22010.
2025-02-23 08:54:55 - INFO - Processing shard 3 of part 6 in subdirectory 22010.
2025-02-23 09:46:13 - INFO - Processing shard 4 of part 6 in subdirectory 22010.
2025-02-23 10:31:22 - INFO - Processing shard 5 of part 6 in subdirectory 22010.
2025-02-23 11:14:12 - INFO - Processing shard 6 of part 6 in subdirectory 22010.
2025-02-23 12:04:33 - INFO - Processing shard 7 of part 6 in subdirectory 22010.
2025-02-23 13:29:55 - INFO - Processing shard 8 of part 6 in subdirectory 22010.
2025-02-23 14:12:51 - INFO - Processing shard 9 of part 6 in subdirectory 22010.
2025-02-23 15:42:31 - INFO - Processing shard 10 of part 6 in subdirectory 22010.
2025-02-23 16:29:57 - INFO - Processing shard 11 of part 6 in subdirectory 22010.
2025-02-23 17:21:23 - INFO - Processing shard 12 of part 6 in subdirectory 22010.
2025-02-23 18:46:05 - INFO - Processing shard 13 of part 6 in subdirectory 22010.
2025-02-23 19:44:21 - INFO - Processing shard 14 of part 6 in subdirectory 22010.
2025-02-23 20:41:16 - INFO - Processing shard 15 of part 6 in subdirectory 22010.
2025-02-23 22:07:02 - INFO - Processing shard 16 of part 6 in subdirectory 22010.
2025-02-23 23:32:04 - INFO - Processing shard 17 of part 6 in subdirectory 22010.
2025-02-24 00:25:28 - INFO - Processing shard 18 of part 6 in subdirectory 22010.
2025-02-24 01:52:10 - INFO - Processing shard 19 of part 6 in subdirectory 22010.
2025-02-24 03:26:09 - INFO - Processing shard 20 of part 6 in subdirectory 22010.
2025-02-24 04:55:06 - INFO - Processing shard 21 of part 6 in subdirectory 22010.
2025-02-24 05:55:26 - INFO - Processing shard 22 of part 6 in subdirectory 22010.
2025-02-24 06:50:55 - INFO - PMTfication completed.
