2025-02-23 06:45:21 - INFO - PMTfication by part starts...
2025-02-23 06:45:21 - INFO - Processing file: merged_part_5.db
2025-02-23 06:45:21 - INFO - Using up to 40 workers.
2025-02-23 06:45:35 - INFO - Processing shard 1 of part 5 in subdirectory 22010.
2025-02-23 08:03:41 - INFO - Processing shard 2 of part 5 in subdirectory 22010.
2025-02-23 08:52:40 - INFO - Processing shard 3 of part 5 in subdirectory 22010.
2025-02-23 10:00:48 - INFO - Processing shard 4 of part 5 in subdirectory 22010.
2025-02-23 11:29:26 - INFO - Processing shard 5 of part 5 in subdirectory 22010.
2025-02-23 12:32:53 - INFO - Processing shard 6 of part 5 in subdirectory 22010.
2025-02-23 13:32:55 - INFO - Processing shard 7 of part 5 in subdirectory 22010.
2025-02-23 14:49:10 - INFO - Processing shard 8 of part 5 in subdirectory 22010.
2025-02-23 16:24:12 - INFO - Processing shard 9 of part 5 in subdirectory 22010.
2025-02-23 17:57:36 - INFO - Processing shard 10 of part 5 in subdirectory 22010.
2025-02-23 19:31:14 - INFO - Processing shard 11 of part 5 in subdirectory 22010.
2025-02-23 20:55:45 - INFO - Processing shard 12 of part 5 in subdirectory 22010.
2025-02-23 22:30:04 - INFO - Processing shard 13 of part 5 in subdirectory 22010.
2025-02-24 00:04:12 - INFO - Processing shard 14 of part 5 in subdirectory 22010.
2025-02-24 01:37:14 - INFO - Processing shard 15 of part 5 in subdirectory 22010.
2025-02-24 03:10:22 - INFO - Processing shard 16 of part 5 in subdirectory 22010.
2025-02-24 04:40:47 - INFO - Processing shard 17 of part 5 in subdirectory 22010.
2025-02-24 06:00:01 - INFO - Processing shard 18 of part 5 in subdirectory 22010.
2025-02-24 07:32:46 - INFO - Processing shard 19 of part 5 in subdirectory 22010.
2025-02-24 08:40:34 - INFO - Processing shard 20 of part 5 in subdirectory 22010.
2025-02-24 10:07:28 - INFO - Processing shard 21 of part 5 in subdirectory 22010.
2025-02-24 11:39:26 - INFO - Processing shard 22 of part 5 in subdirectory 22010.
2025-02-24 12:37:09 - INFO - PMTfication completed.
