2025-02-23 06:36:39 - INFO - PMTfication by part starts...
2025-02-23 06:36:39 - INFO - Processing file: merged_part_2.db
2025-02-23 06:36:39 - INFO - Using up to 40 workers.
2025-02-23 06:36:52 - INFO - Processing shard 1 of part 2 in subdirectory 22010.
2025-02-23 07:51:53 - INFO - Processing shard 2 of part 2 in subdirectory 22010.
2025-02-23 08:47:27 - INFO - Processing shard 3 of part 2 in subdirectory 22010.
2025-02-23 10:00:38 - INFO - Processing shard 4 of part 2 in subdirectory 22010.
2025-02-23 11:21:35 - INFO - Processing shard 5 of part 2 in subdirectory 22010.
2025-02-23 12:11:00 - INFO - Processing shard 6 of part 2 in subdirectory 22010.
2025-02-23 13:08:53 - INFO - Processing shard 7 of part 2 in subdirectory 22010.
2025-02-23 13:35:37 - INFO - Processing shard 8 of part 2 in subdirectory 22010.
2025-02-23 14:10:31 - INFO - Processing shard 9 of part 2 in subdirectory 22010.
2025-02-23 15:24:21 - INFO - Processing shard 10 of part 2 in subdirectory 22010.
2025-02-23 16:22:36 - INFO - Processing shard 11 of part 2 in subdirectory 22010.
2025-02-23 17:14:31 - INFO - Processing shard 12 of part 2 in subdirectory 22010.
2025-02-23 18:06:25 - INFO - Processing shard 13 of part 2 in subdirectory 22010.
2025-02-23 19:17:27 - INFO - Processing shard 14 of part 2 in subdirectory 22010.
2025-02-23 20:09:26 - INFO - Processing shard 15 of part 2 in subdirectory 22010.
2025-02-23 21:25:35 - INFO - Processing shard 16 of part 2 in subdirectory 22010.
2025-02-23 22:49:55 - INFO - Processing shard 17 of part 2 in subdirectory 22010.
2025-02-24 00:23:23 - INFO - Processing shard 18 of part 2 in subdirectory 22010.
2025-02-24 01:52:55 - INFO - Processing shard 19 of part 2 in subdirectory 22010.
2025-02-24 03:19:19 - INFO - Processing shard 20 of part 2 in subdirectory 22010.
2025-02-24 04:37:22 - INFO - Processing shard 21 of part 2 in subdirectory 22010.
2025-02-24 06:02:30 - INFO - Processing shard 22 of part 2 in subdirectory 22010.
2025-02-24 07:00:55 - INFO - PMTfication completed.
