2025-02-14 11:24:55 - INFO - PMTfication by part starts...
2025-02-14 11:24:55 - INFO - Processing file: merged_part_8.db
2025-02-14 11:24:55 - INFO - Using up to 40 workers.
2025-02-14 11:24:59 - INFO - Processing shard 1 of part 8 in subdirectory 22010.
2025-02-14 11:58:37 - INFO - Processing shard 2 of part 8 in subdirectory 22010.
2025-02-14 12:48:50 - INFO - Processing shard 3 of part 8 in subdirectory 22010.
2025-02-14 13:00:21 - INFO - Processing shard 4 of part 8 in subdirectory 22010.
2025-02-14 13:11:37 - INFO - Processing shard 5 of part 8 in subdirectory 22010.
2025-02-14 13:22:46 - INFO - Processing shard 6 of part 8 in subdirectory 22010.
2025-02-14 13:33:56 - INFO - Processing shard 7 of part 8 in subdirectory 22010.
2025-02-14 13:53:57 - INFO - Processing shard 8 of part 8 in subdirectory 22010.
2025-02-14 14:23:06 - INFO - Processing shard 9 of part 8 in subdirectory 22010.
2025-02-14 15:27:28 - INFO - Processing shard 10 of part 8 in subdirectory 22010.
2025-02-14 15:38:56 - INFO - Processing shard 11 of part 8 in subdirectory 22010.
2025-02-14 15:50:05 - INFO - Processing shard 12 of part 8 in subdirectory 22010.
2025-02-14 16:01:09 - INFO - Processing shard 13 of part 8 in subdirectory 22010.
2025-02-14 16:12:13 - INFO - Processing shard 14 of part 8 in subdirectory 22010.
2025-02-14 16:23:18 - INFO - Processing shard 15 of part 8 in subdirectory 22010.
2025-02-14 17:09:28 - INFO - Processing shard 16 of part 8 in subdirectory 22010.
2025-02-14 17:21:37 - INFO - Processing shard 17 of part 8 in subdirectory 22010.
2025-02-14 17:32:42 - INFO - Processing shard 18 of part 8 in subdirectory 22010.
2025-02-14 17:43:52 - INFO - Processing shard 19 of part 8 in subdirectory 22010.
2025-02-14 17:54:54 - INFO - Processing shard 20 of part 8 in subdirectory 22010.
2025-02-14 18:07:23 - INFO - Processing shard 21 of part 8 in subdirectory 22010.
2025-02-14 19:11:11 - INFO - Processing shard 22 of part 8 in subdirectory 22010.
2025-02-14 19:44:11 - INFO - PMTfication completed.
