2025-02-23 06:49:30 - INFO - PMTfication by part starts...
2025-02-23 06:49:30 - INFO - Processing file: merged_part_7.db
2025-02-23 06:49:30 - INFO - Using up to 40 workers.
2025-02-23 06:49:44 - INFO - Processing shard 1 of part 7 in subdirectory 22010.
2025-02-23 07:52:38 - INFO - Processing shard 2 of part 7 in subdirectory 22010.
2025-02-23 09:02:11 - INFO - Processing shard 3 of part 7 in subdirectory 22010.
2025-02-23 10:01:28 - INFO - Processing shard 4 of part 7 in subdirectory 22010.
2025-02-23 10:39:15 - INFO - Processing shard 5 of part 7 in subdirectory 22010.
2025-02-23 11:46:31 - INFO - Processing shard 6 of part 7 in subdirectory 22010.
2025-02-23 12:56:13 - INFO - Processing shard 7 of part 7 in subdirectory 22010.
2025-02-23 14:16:32 - INFO - Processing shard 8 of part 7 in subdirectory 22010.
2025-02-23 15:33:47 - INFO - Processing shard 9 of part 7 in subdirectory 22010.
2025-02-23 16:56:23 - INFO - Processing shard 10 of part 7 in subdirectory 22010.
2025-02-23 17:38:51 - INFO - Processing shard 11 of part 7 in subdirectory 22010.
2025-02-23 18:46:10 - INFO - Processing shard 12 of part 7 in subdirectory 22010.
2025-02-23 20:05:36 - INFO - Processing shard 13 of part 7 in subdirectory 22010.
2025-02-23 21:31:04 - INFO - Processing shard 14 of part 7 in subdirectory 22010.
2025-02-23 22:56:15 - INFO - Processing shard 15 of part 7 in subdirectory 22010.
2025-02-23 23:38:31 - INFO - Processing shard 16 of part 7 in subdirectory 22010.
2025-02-24 00:54:53 - INFO - Processing shard 17 of part 7 in subdirectory 22010.
2025-02-24 02:13:29 - INFO - Processing shard 18 of part 7 in subdirectory 22010.
2025-02-24 03:03:26 - INFO - Processing shard 19 of part 7 in subdirectory 22010.
2025-02-24 03:42:14 - INFO - Processing shard 20 of part 7 in subdirectory 22010.
2025-02-24 04:58:05 - INFO - Processing shard 21 of part 7 in subdirectory 22010.
2025-02-24 06:13:08 - INFO - Processing shard 22 of part 7 in subdirectory 22010.
2025-02-24 07:09:34 - INFO - PMTfication completed.
