2025-02-14 10:19:01 - INFO - PMTfication by part starts...
2025-02-14 10:19:01 - INFO - Processing file: merged_part_6.db
2025-02-14 10:19:01 - INFO - Using up to 40 workers.
2025-02-14 10:19:15 - INFO - Processing shard 1 of part 6 in subdirectory 22010.
2025-02-14 11:27:00 - INFO - Processing shard 2 of part 6 in subdirectory 22010.
2025-02-14 12:24:32 - INFO - Processing shard 3 of part 6 in subdirectory 22010.
2025-02-14 13:39:31 - INFO - Processing shard 4 of part 6 in subdirectory 22010.
2025-02-14 14:33:25 - INFO - Processing shard 5 of part 6 in subdirectory 22010.
2025-02-14 15:58:13 - INFO - Processing shard 6 of part 6 in subdirectory 22010.
2025-02-14 16:38:38 - INFO - Processing shard 7 of part 6 in subdirectory 22010.
2025-02-14 17:46:05 - INFO - Processing shard 8 of part 6 in subdirectory 22010.
2025-02-14 18:58:34 - INFO - Processing shard 9 of part 6 in subdirectory 22010.
2025-02-14 19:55:31 - INFO - Processing shard 10 of part 6 in subdirectory 22010.
2025-02-14 21:19:52 - INFO - Processing shard 11 of part 6 in subdirectory 22010.
2025-02-14 22:45:22 - INFO - Processing shard 12 of part 6 in subdirectory 22010.
2025-02-15 00:09:43 - INFO - Processing shard 13 of part 6 in subdirectory 22010.
2025-02-15 01:32:44 - INFO - Processing shard 14 of part 6 in subdirectory 22010.
2025-02-15 02:42:39 - INFO - Processing shard 15 of part 6 in subdirectory 22010.
2025-02-15 03:43:01 - INFO - Processing shard 16 of part 6 in subdirectory 22010.
2025-02-15 05:06:02 - INFO - Processing shard 17 of part 6 in subdirectory 22010.
2025-02-15 06:28:26 - INFO - Processing shard 18 of part 6 in subdirectory 22010.
2025-02-15 07:23:01 - INFO - Processing shard 19 of part 6 in subdirectory 22010.
2025-02-15 08:33:49 - INFO - Processing shard 20 of part 6 in subdirectory 22010.
2025-02-15 09:56:25 - INFO - Processing shard 21 of part 6 in subdirectory 22010.
2025-02-15 11:12:03 - INFO - Processing shard 22 of part 6 in subdirectory 22010.
2025-02-15 12:08:38 - INFO - PMTfication completed.
