2025-02-14 10:18:54 - INFO - PMTfication by part starts...
2025-02-14 10:18:54 - INFO - Processing file: merged_part_4.db
2025-02-14 10:18:54 - INFO - Using up to 40 workers.
2025-02-14 10:19:08 - INFO - Processing shard 1 of part 4 in subdirectory 22010.
2025-02-14 11:25:25 - INFO - Processing shard 2 of part 4 in subdirectory 22010.
2025-02-14 12:28:36 - INFO - Processing shard 3 of part 4 in subdirectory 22010.
2025-02-14 13:26:18 - INFO - Processing shard 4 of part 4 in subdirectory 22010.
2025-02-14 14:20:00 - INFO - Processing shard 5 of part 4 in subdirectory 22010.
2025-02-14 15:21:44 - INFO - Processing shard 6 of part 4 in subdirectory 22010.
2025-02-14 16:35:35 - INFO - Processing shard 7 of part 4 in subdirectory 22010.
2025-02-14 17:57:11 - INFO - Processing shard 8 of part 4 in subdirectory 22010.
2025-02-14 18:57:34 - INFO - Processing shard 9 of part 4 in subdirectory 22010.
2025-02-14 20:02:57 - INFO - Processing shard 10 of part 4 in subdirectory 22010.
2025-02-14 21:18:49 - INFO - Processing shard 11 of part 4 in subdirectory 22010.
2025-02-14 22:21:38 - INFO - Processing shard 12 of part 4 in subdirectory 22010.
2025-02-14 23:40:08 - INFO - Processing shard 13 of part 4 in subdirectory 22010.
2025-02-15 01:03:15 - INFO - Processing shard 14 of part 4 in subdirectory 22010.
2025-02-15 02:22:53 - INFO - Processing shard 15 of part 4 in subdirectory 22010.
2025-02-15 03:47:36 - INFO - Processing shard 16 of part 4 in subdirectory 22010.
2025-02-15 05:12:10 - INFO - Processing shard 17 of part 4 in subdirectory 22010.
2025-02-15 06:20:02 - INFO - Processing shard 18 of part 4 in subdirectory 22010.
2025-02-15 07:39:18 - INFO - Processing shard 19 of part 4 in subdirectory 22010.
2025-02-15 09:04:04 - INFO - Processing shard 20 of part 4 in subdirectory 22010.
2025-02-15 10:32:24 - INFO - Processing shard 21 of part 4 in subdirectory 22010.
2025-02-15 11:36:07 - INFO - Processing shard 22 of part 4 in subdirectory 22010.
2025-02-15 12:30:39 - INFO - PMTfication completed.
