2025-02-14 10:18:54 - INFO - PMTfication by part starts...
2025-02-14 10:18:54 - INFO - Processing file: merged_part_3.db
2025-02-14 10:18:54 - INFO - Using up to 40 workers.
2025-02-14 10:19:08 - INFO - Processing shard 1 of part 3 in subdirectory 22010.
2025-02-14 11:34:30 - INFO - Processing shard 2 of part 3 in subdirectory 22010.
2025-02-14 12:38:10 - INFO - Processing shard 3 of part 3 in subdirectory 22010.
2025-02-14 14:02:13 - INFO - Processing shard 4 of part 3 in subdirectory 22010.
2025-02-14 15:22:51 - INFO - Processing shard 5 of part 3 in subdirectory 22010.
2025-02-14 16:43:53 - INFO - Processing shard 6 of part 3 in subdirectory 22010.
2025-02-14 18:08:06 - INFO - Processing shard 7 of part 3 in subdirectory 22010.
2025-02-14 19:30:26 - INFO - Processing shard 8 of part 3 in subdirectory 22010.
2025-02-14 20:25:19 - INFO - Processing shard 9 of part 3 in subdirectory 22010.
2025-02-14 21:22:17 - INFO - Processing shard 10 of part 3 in subdirectory 22010.
2025-02-14 22:47:27 - INFO - Processing shard 11 of part 3 in subdirectory 22010.
2025-02-15 00:09:45 - INFO - Processing shard 12 of part 3 in subdirectory 22010.
2025-02-15 01:31:23 - INFO - Processing shard 13 of part 3 in subdirectory 22010.
2025-02-15 02:56:01 - INFO - Processing shard 14 of part 3 in subdirectory 22010.
2025-02-15 04:09:58 - INFO - Processing shard 15 of part 3 in subdirectory 22010.
2025-02-15 05:03:24 - INFO - Processing shard 16 of part 3 in subdirectory 22010.
2025-02-15 06:25:01 - INFO - Processing shard 17 of part 3 in subdirectory 22010.
2025-02-15 07:16:23 - INFO - Processing shard 18 of part 3 in subdirectory 22010.
2025-02-15 08:04:58 - INFO - Processing shard 19 of part 3 in subdirectory 22010.
2025-02-15 09:01:49 - INFO - Processing shard 20 of part 3 in subdirectory 22010.
2025-02-15 09:58:52 - INFO - Processing shard 21 of part 3 in subdirectory 22010.
2025-02-15 11:08:33 - INFO - Processing shard 22 of part 3 in subdirectory 22010.
2025-02-15 12:04:14 - INFO - PMTfication completed.
