2025-02-14 15:10:46 - INFO - PMTfication by part starts...
2025-02-14 15:10:46 - INFO - Processing file: merged_part_10.db
2025-02-14 15:10:46 - INFO - Using up to 40 workers.
2025-02-14 15:10:49 - INFO - Processing shard 1 of part 10 in subdirectory 22010.
2025-02-14 16:05:08 - INFO - Processing shard 2 of part 10 in subdirectory 22010.
2025-02-14 17:32:33 - INFO - Processing shard 3 of part 10 in subdirectory 22010.
2025-02-14 18:23:46 - INFO - Processing shard 4 of part 10 in subdirectory 22010.
2025-02-14 19:31:53 - INFO - Processing shard 5 of part 10 in subdirectory 22010.
2025-02-14 21:11:31 - INFO - Processing shard 6 of part 10 in subdirectory 22010.
2025-02-14 22:51:38 - INFO - Processing shard 7 of part 10 in subdirectory 22010.
2025-02-15 00:32:29 - INFO - Processing shard 8 of part 10 in subdirectory 22010.
2025-02-15 02:08:02 - INFO - Processing shard 9 of part 10 in subdirectory 22010.
2025-02-15 03:29:01 - INFO - Processing shard 10 of part 10 in subdirectory 22010.
2025-02-15 05:03:08 - INFO - Processing shard 11 of part 10 in subdirectory 22010.
2025-02-15 05:51:33 - INFO - Processing shard 12 of part 10 in subdirectory 22010.
2025-02-15 07:26:00 - INFO - Processing shard 13 of part 10 in subdirectory 22010.
2025-02-15 08:35:46 - INFO - Processing shard 14 of part 10 in subdirectory 22010.
2025-02-15 10:12:39 - INFO - Processing shard 15 of part 10 in subdirectory 22010.
2025-02-15 11:21:32 - INFO - Processing shard 16 of part 10 in subdirectory 22010.
2025-02-15 12:59:15 - INFO - Processing shard 17 of part 10 in subdirectory 22010.
2025-02-15 14:28:29 - INFO - Processing shard 18 of part 10 in subdirectory 22010.
2025-02-15 15:11:00 - INFO - Processing shard 19 of part 10 in subdirectory 22010.
2025-02-15 16:19:40 - INFO - Processing shard 20 of part 10 in subdirectory 22010.
2025-02-15 17:55:05 - INFO - Processing shard 21 of part 10 in subdirectory 22010.
2025-02-15 19:20:06 - INFO - Processing shard 22 of part 10 in subdirectory 22010.
2025-02-15 20:26:10 - INFO - PMTfication completed.
