Starting job at Thu Feb 13 06:33:36 PM CET 2025
Running Filter_by_part.py for subdirectory 22018, part 20
2025-02-13 18:33:36 - INFO - Event filtering process starts...
2025-02-13 18:33:36 - INFO - Initialized PureNeutrinoEventFilter
2025-02-13 18:33:36 - INFO - Starting filtering process for 22018/20
2025-02-13 18:33:36 - INFO - Loaded 18 event specifier files from /lustre/hpc/project/icecube/HE_Nu_Aske_Oct2024/clean_events_dict/22018/22018/reduced
2025-02-13 18:33:36 - INFO - Selected 4 CSV files covering event range [14115, 18499]
2025-02-13 18:33:37 - INFO - Loaded 174258 valid (RunID, EventID) pairs from CSV files
2025-02-13 18:33:37 - INFO - Recalculated 'offset' column based on filtered 'N_doms' values.
2025-02-13 18:33:38 - INFO - Filtered truth file saved to: /lustre/hpc/project/icecube/HE_Nu_Aske_Oct2024/PMTfied_filtered/PureNu/Snowstorm/22018/truth_20.parquet
2025-02-13 18:33:38 - INFO - Receipt file saved to: /lustre/hpc/project/icecube/HE_Nu_Aske_Oct2024/PMTfied_filtered/PureNu/Snowstorm/22018/[Receipt]22018_20.json
2025-02-13 18:33:39 - INFO - Filtered PMTfied file saved to: /lustre/hpc/project/icecube/HE_Nu_Aske_Oct2024/PMTfied_filtered/PureNu/Snowstorm/22018/20/PMTfied_9.parquet
2025-02-13 18:33:40 - INFO - Filtered PMTfied file saved to: /lustre/hpc/project/icecube/HE_Nu_Aske_Oct2024/PMTfied_filtered/PureNu/Snowstorm/22018/20/PMTfied_5.parquet
2025-02-13 18:33:41 - INFO - Filtered PMTfied file saved to: /lustre/hpc/project/icecube/HE_Nu_Aske_Oct2024/PMTfied_filtered/PureNu/Snowstorm/22018/20/PMTfied_1.parquet
2025-02-13 18:33:42 - INFO - Filtered PMTfied file saved to: /lustre/hpc/project/icecube/HE_Nu_Aske_Oct2024/PMTfied_filtered/PureNu/Snowstorm/22018/20/PMTfied_13.parquet
2025-02-13 18:33:43 - INFO - Filtered PMTfied file saved to: /lustre/hpc/project/icecube/HE_Nu_Aske_Oct2024/PMTfied_filtered/PureNu/Snowstorm/22018/20/PMTfied_17.parquet
2025-02-13 18:33:45 - INFO - Filtered PMTfied file saved to: /lustre/hpc/project/icecube/HE_Nu_Aske_Oct2024/PMTfied_filtered/PureNu/Snowstorm/22018/20/PMTfied_12.parquet
2025-02-13 18:33:46 - INFO - Filtered PMTfied file saved to: /lustre/hpc/project/icecube/HE_Nu_Aske_Oct2024/PMTfied_filtered/PureNu/Snowstorm/22018/20/PMTfied_16.parquet
2025-02-13 18:33:47 - INFO - Filtered PMTfied file saved to: /lustre/hpc/project/icecube/HE_Nu_Aske_Oct2024/PMTfied_filtered/PureNu/Snowstorm/22018/20/PMTfied_4.parquet
2025-02-13 18:33:48 - INFO - Filtered PMTfied file saved to: /lustre/hpc/project/icecube/HE_Nu_Aske_Oct2024/PMTfied_filtered/PureNu/Snowstorm/22018/20/PMTfied_8.parquet
2025-02-13 18:33:48 - INFO - Filtered PMTfied file saved to: /lustre/hpc/project/icecube/HE_Nu_Aske_Oct2024/PMTfied_filtered/PureNu/Snowstorm/22018/20/PMTfied_18.parquet
2025-02-13 18:33:49 - INFO - Filtered PMTfied file saved to: /lustre/hpc/project/icecube/HE_Nu_Aske_Oct2024/PMTfied_filtered/PureNu/Snowstorm/22018/20/PMTfied_10.parquet
2025-02-13 18:33:50 - INFO - Filtered PMTfied file saved to: /lustre/hpc/project/icecube/HE_Nu_Aske_Oct2024/PMTfied_filtered/PureNu/Snowstorm/22018/20/PMTfied_14.parquet
2025-02-13 18:33:52 - INFO - Filtered PMTfied file saved to: /lustre/hpc/project/icecube/HE_Nu_Aske_Oct2024/PMTfied_filtered/PureNu/Snowstorm/22018/20/PMTfied_6.parquet
2025-02-13 18:33:53 - INFO - Filtered PMTfied file saved to: /lustre/hpc/project/icecube/HE_Nu_Aske_Oct2024/PMTfied_filtered/PureNu/Snowstorm/22018/20/PMTfied_2.parquet
2025-02-13 18:33:54 - INFO - Filtered PMTfied file saved to: /lustre/hpc/project/icecube/HE_Nu_Aske_Oct2024/PMTfied_filtered/PureNu/Snowstorm/22018/20/PMTfied_7.parquet
2025-02-13 18:33:55 - INFO - Filtered PMTfied file saved to: /lustre/hpc/project/icecube/HE_Nu_Aske_Oct2024/PMTfied_filtered/PureNu/Snowstorm/22018/20/PMTfied_3.parquet
2025-02-13 18:33:56 - INFO - Filtered PMTfied file saved to: /lustre/hpc/project/icecube/HE_Nu_Aske_Oct2024/PMTfied_filtered/PureNu/Snowstorm/22018/20/PMTfied_11.parquet
2025-02-13 18:33:57 - INFO - Filtered PMTfied file saved to: /lustre/hpc/project/icecube/HE_Nu_Aske_Oct2024/PMTfied_filtered/PureNu/Snowstorm/22018/20/PMTfied_15.parquet
2025-02-13 18:33:57 - INFO - Filtering process completed.
2025-02-13 18:33:57 - INFO - Filtering process completed for all selected filters.
2025-02-13 18:33:57 - INFO - Execution time: 21.48 seconds
2025-02-13 18:33:57 - INFO - Updated receipt with execution time: /lustre/hpc/project/icecube/HE_Nu_Aske_Oct2024/PMTfied_filtered/PureNu/Snowstorm/22018/[Receipt]22018_20.json
Job completed at Thu Feb 13 06:33:57 PM CET 2025
