Starting job at Thu Feb 13 05:15:35 PM CET 2025
Running Filter_by_part.py for subdirectory 22018, part 12
2025-02-13 17:15:35 - INFO - Event filtering process starts...
2025-02-13 17:15:35 - INFO - Initialized Muon13Filter
2025-02-13 17:15:35 - INFO - Starting filtering process for 22018/12
2025-02-13 17:15:37 - INFO - Recalculated 'offset' column based on filtered 'N_doms' values.
2025-02-13 17:15:37 - INFO - Filtered truth file saved to: /lustre/hpc/project/icecube/HE_Nu_Aske_Oct2024/PMTfied_filtered/MuonLike/Snowstorm/22018/truth_12.parquet
2025-02-13 17:15:37 - INFO - Receipt file saved to: /lustre/hpc/project/icecube/HE_Nu_Aske_Oct2024/PMTfied_filtered/MuonLike/Snowstorm/22018/[Receipt]22018_12.json
2025-02-13 17:15:38 - INFO - Filtered PMTfied file saved to: /lustre/hpc/project/icecube/HE_Nu_Aske_Oct2024/PMTfied_filtered/MuonLike/Snowstorm/22018/12/PMTfied_15.parquet
2025-02-13 17:15:40 - INFO - Filtered PMTfied file saved to: /lustre/hpc/project/icecube/HE_Nu_Aske_Oct2024/PMTfied_filtered/MuonLike/Snowstorm/22018/12/PMTfied_11.parquet
2025-02-13 17:15:41 - INFO - Filtered PMTfied file saved to: /lustre/hpc/project/icecube/HE_Nu_Aske_Oct2024/PMTfied_filtered/MuonLike/Snowstorm/22018/12/PMTfied_9.parquet
2025-02-13 17:15:42 - INFO - Filtered PMTfied file saved to: /lustre/hpc/project/icecube/HE_Nu_Aske_Oct2024/PMTfied_filtered/MuonLike/Snowstorm/22018/12/PMTfied_5.parquet
2025-02-13 17:15:44 - INFO - Filtered PMTfied file saved to: /lustre/hpc/project/icecube/HE_Nu_Aske_Oct2024/PMTfied_filtered/MuonLike/Snowstorm/22018/12/PMTfied_1.parquet
2025-02-13 17:15:45 - INFO - Filtered PMTfied file saved to: /lustre/hpc/project/icecube/HE_Nu_Aske_Oct2024/PMTfied_filtered/MuonLike/Snowstorm/22018/12/PMTfied_4.parquet
2025-02-13 17:15:46 - INFO - Filtered PMTfied file saved to: /lustre/hpc/project/icecube/HE_Nu_Aske_Oct2024/PMTfied_filtered/MuonLike/Snowstorm/22018/12/PMTfied_8.parquet
2025-02-13 17:15:48 - INFO - Filtered PMTfied file saved to: /lustre/hpc/project/icecube/HE_Nu_Aske_Oct2024/PMTfied_filtered/MuonLike/Snowstorm/22018/12/PMTfied_14.parquet
2025-02-13 17:15:49 - INFO - Filtered PMTfied file saved to: /lustre/hpc/project/icecube/HE_Nu_Aske_Oct2024/PMTfied_filtered/MuonLike/Snowstorm/22018/12/PMTfied_10.parquet
2025-02-13 17:15:51 - INFO - Filtered PMTfied file saved to: /lustre/hpc/project/icecube/HE_Nu_Aske_Oct2024/PMTfied_filtered/MuonLike/Snowstorm/22018/12/PMTfied_6.parquet
2025-02-13 17:15:53 - INFO - Filtered PMTfied file saved to: /lustre/hpc/project/icecube/HE_Nu_Aske_Oct2024/PMTfied_filtered/MuonLike/Snowstorm/22018/12/PMTfied_2.parquet
2025-02-13 17:15:54 - INFO - Filtered PMTfied file saved to: /lustre/hpc/project/icecube/HE_Nu_Aske_Oct2024/PMTfied_filtered/MuonLike/Snowstorm/22018/12/PMTfied_16.parquet
2025-02-13 17:15:56 - INFO - Filtered PMTfied file saved to: /lustre/hpc/project/icecube/HE_Nu_Aske_Oct2024/PMTfied_filtered/MuonLike/Snowstorm/22018/12/PMTfied_12.parquet
2025-02-13 17:15:57 - INFO - Filtered PMTfied file saved to: /lustre/hpc/project/icecube/HE_Nu_Aske_Oct2024/PMTfied_filtered/MuonLike/Snowstorm/22018/12/PMTfied_17.parquet
2025-02-13 17:15:58 - INFO - Filtered PMTfied file saved to: /lustre/hpc/project/icecube/HE_Nu_Aske_Oct2024/PMTfied_filtered/MuonLike/Snowstorm/22018/12/PMTfied_13.parquet
2025-02-13 17:16:00 - INFO - Filtered PMTfied file saved to: /lustre/hpc/project/icecube/HE_Nu_Aske_Oct2024/PMTfied_filtered/MuonLike/Snowstorm/22018/12/PMTfied_7.parquet
2025-02-13 17:16:01 - INFO - Filtered PMTfied file saved to: /lustre/hpc/project/icecube/HE_Nu_Aske_Oct2024/PMTfied_filtered/MuonLike/Snowstorm/22018/12/PMTfied_3.parquet
2025-02-13 17:16:01 - INFO - Filtering process completed.
2025-02-13 17:16:01 - INFO - Filtering process completed for all selected filters.
2025-02-13 17:16:01 - INFO - Execution time: 26.31 seconds
2025-02-13 17:16:01 - INFO - Updated receipt with execution time: /lustre/hpc/project/icecube/HE_Nu_Aske_Oct2024/PMTfied_filtered/MuonLike/Snowstorm/22018/[Receipt]22018_12.json
Job completed at Thu Feb 13 05:16:01 PM CET 2025
