Starting job at Mon Feb 17 04:12:35 PM CET 2025
Running Filter_by_part.py for subdirectory 22018, part 21
2025-02-17 16:12:36 - INFO - Event filtering process starts...
2025-02-17 16:12:36 - INFO - Initialized Muon13Filter filter for 22018/21
2025-02-17 16:12:36 - INFO - Extracted 14000 valid events where MuonFilter_13==True.
2025-02-17 16:12:36 - INFO - Initialized CompositeEventFilter filter for 22018/21
2025-02-17 16:12:36 - INFO - Initialized (MuonLike)
2025-02-17 16:12:36 - INFO - Starting filtering process for 22018/21
2025-02-17 16:12:36 - INFO - Starting filtering process for 22018/21
2025-02-17 16:12:36 - INFO - Recalculated 'offset' column based on 'N_doms' values within each 'shard_no' group.
2025-02-17 16:12:36 - INFO - Filtered truth file saved to: /lustre/hpc/project/icecube/HE_Nu_Aske_Oct2024/PMTfied_filtered/Snowstorm/MuonLike/22018/truth_21.parquet
2025-02-17 16:12:38 - INFO - Filtered PMTfied file saved to: /lustre/hpc/project/icecube/HE_Nu_Aske_Oct2024/PMTfied_filtered/Snowstorm/MuonLike/22018/21/PMTfied_6.parquet
2025-02-17 16:12:39 - INFO - Filtered PMTfied file saved to: /lustre/hpc/project/icecube/HE_Nu_Aske_Oct2024/PMTfied_filtered/Snowstorm/MuonLike/22018/21/PMTfied_2.parquet
2025-02-17 16:12:40 - INFO - Filtered PMTfied file saved to: /lustre/hpc/project/icecube/HE_Nu_Aske_Oct2024/PMTfied_filtered/Snowstorm/MuonLike/22018/21/PMTfied_7.parquet
2025-02-17 16:12:42 - INFO - Filtered PMTfied file saved to: /lustre/hpc/project/icecube/HE_Nu_Aske_Oct2024/PMTfied_filtered/Snowstorm/MuonLike/22018/21/PMTfied_3.parquet
2025-02-17 16:12:42 - INFO - Filtered PMTfied file saved to: /lustre/hpc/project/icecube/HE_Nu_Aske_Oct2024/PMTfied_filtered/Snowstorm/MuonLike/22018/21/PMTfied_9.parquet
2025-02-17 16:12:43 - INFO - Filtered PMTfied file saved to: /lustre/hpc/project/icecube/HE_Nu_Aske_Oct2024/PMTfied_filtered/Snowstorm/MuonLike/22018/21/PMTfied_5.parquet
2025-02-17 16:12:45 - INFO - Filtered PMTfied file saved to: /lustre/hpc/project/icecube/HE_Nu_Aske_Oct2024/PMTfied_filtered/Snowstorm/MuonLike/22018/21/PMTfied_1.parquet
2025-02-17 16:12:46 - INFO - Filtered PMTfied file saved to: /lustre/hpc/project/icecube/HE_Nu_Aske_Oct2024/PMTfied_filtered/Snowstorm/MuonLike/22018/21/PMTfied_4.parquet
2025-02-17 16:12:48 - INFO - Filtered PMTfied file saved to: /lustre/hpc/project/icecube/HE_Nu_Aske_Oct2024/PMTfied_filtered/Snowstorm/MuonLike/22018/21/PMTfied_8.parquet
2025-02-17 16:12:48 - INFO - Filtering process completed.
2025-02-17 16:12:48 - INFO - Filtering process completed.
2025-02-17 16:12:48 - INFO - Unified receipt generated: /lustre/hpc/project/icecube/HE_Nu_Aske_Oct2024/PMTfied_filtered/Snowstorm/MuonLike/22018/[Receipt]22018_21.json
2025-02-17 16:12:48 - INFO - Filtering process completed.
Job completed at Mon Feb 17 04:12:48 PM CET 2025
