Starting job at Mon Feb 17 04:00:05 PM CET 2025
Running Filter_by_part.py for subdirectory 22018, part 2
2025-02-17 16:00:05 - INFO - Event filtering process starts...
2025-02-17 16:00:05 - INFO - Initialized PureNeutrinoEventFilter filter for 22018/2
2025-02-17 16:00:05 - INFO - Loaded 18 event specifier files from /lustre/hpc/project/icecube/HE_Nu_Aske_Oct2024/clean_events_dict/22018/22018/reduced
2025-02-17 16:00:05 - INFO - Selected 5 CSV files covering event range [24, 4499]
2025-02-17 16:00:06 - INFO - Loaded 216772 valid (RunID, EventID) pairs from CSV files
2025-02-17 16:00:06 - INFO - Extracted 25915 valid events based on pure neutrino events.
2025-02-17 16:00:06 - INFO - Initialized CompositeEventFilter filter for 22018/2
2025-02-17 16:00:06 - INFO - Initialized (PureNu)
2025-02-17 16:00:06 - INFO - Starting filtering process for 22018/2
2025-02-17 16:00:06 - INFO - Starting filtering process for 22018/2
2025-02-17 16:00:06 - INFO - Recalculated 'offset' column based on 'N_doms' values within each 'shard_no' group.
2025-02-17 16:00:06 - INFO - Filtered truth file saved to: /lustre/hpc/project/icecube/HE_Nu_Aske_Oct2024/PMTfied_filtered/Snowstorm/PureNu/22018/truth_2.parquet
2025-02-17 16:00:07 - INFO - Filtered PMTfied file saved to: /lustre/hpc/project/icecube/HE_Nu_Aske_Oct2024/PMTfied_filtered/Snowstorm/PureNu/22018/2/PMTfied_8.parquet
2025-02-17 16:00:08 - INFO - Filtered PMTfied file saved to: /lustre/hpc/project/icecube/HE_Nu_Aske_Oct2024/PMTfied_filtered/Snowstorm/PureNu/22018/2/PMTfied_4.parquet
2025-02-17 16:00:09 - INFO - Filtered PMTfied file saved to: /lustre/hpc/project/icecube/HE_Nu_Aske_Oct2024/PMTfied_filtered/Snowstorm/PureNu/22018/2/PMTfied_13.parquet
2025-02-17 16:00:10 - INFO - Filtered PMTfied file saved to: /lustre/hpc/project/icecube/HE_Nu_Aske_Oct2024/PMTfied_filtered/Snowstorm/PureNu/22018/2/PMTfied_17.parquet
2025-02-17 16:00:10 - INFO - Filtered PMTfied file saved to: /lustre/hpc/project/icecube/HE_Nu_Aske_Oct2024/PMTfied_filtered/Snowstorm/PureNu/22018/2/PMTfied_1.parquet
2025-02-17 16:00:11 - INFO - Filtered PMTfied file saved to: /lustre/hpc/project/icecube/HE_Nu_Aske_Oct2024/PMTfied_filtered/Snowstorm/PureNu/22018/2/PMTfied_5.parquet
2025-02-17 16:00:12 - INFO - Filtered PMTfied file saved to: /lustre/hpc/project/icecube/HE_Nu_Aske_Oct2024/PMTfied_filtered/Snowstorm/PureNu/22018/2/PMTfied_9.parquet
2025-02-17 16:00:13 - INFO - Filtered PMTfied file saved to: /lustre/hpc/project/icecube/HE_Nu_Aske_Oct2024/PMTfied_filtered/Snowstorm/PureNu/22018/2/PMTfied_12.parquet
2025-02-17 16:00:13 - INFO - Filtered PMTfied file saved to: /lustre/hpc/project/icecube/HE_Nu_Aske_Oct2024/PMTfied_filtered/Snowstorm/PureNu/22018/2/PMTfied_16.parquet
2025-02-17 16:00:14 - INFO - Filtered PMTfied file saved to: /lustre/hpc/project/icecube/HE_Nu_Aske_Oct2024/PMTfied_filtered/Snowstorm/PureNu/22018/2/PMTfied_10.parquet
2025-02-17 16:00:14 - INFO - Filtered PMTfied file saved to: /lustre/hpc/project/icecube/HE_Nu_Aske_Oct2024/PMTfied_filtered/Snowstorm/PureNu/22018/2/PMTfied_14.parquet
2025-02-17 16:00:15 - INFO - Filtered PMTfied file saved to: /lustre/hpc/project/icecube/HE_Nu_Aske_Oct2024/PMTfied_filtered/Snowstorm/PureNu/22018/2/PMTfied_18.parquet
2025-02-17 16:00:16 - INFO - Filtered PMTfied file saved to: /lustre/hpc/project/icecube/HE_Nu_Aske_Oct2024/PMTfied_filtered/Snowstorm/PureNu/22018/2/PMTfied_3.parquet
2025-02-17 16:00:17 - INFO - Filtered PMTfied file saved to: /lustre/hpc/project/icecube/HE_Nu_Aske_Oct2024/PMTfied_filtered/Snowstorm/PureNu/22018/2/PMTfied_7.parquet
2025-02-17 16:00:18 - INFO - Filtered PMTfied file saved to: /lustre/hpc/project/icecube/HE_Nu_Aske_Oct2024/PMTfied_filtered/Snowstorm/PureNu/22018/2/PMTfied_11.parquet
2025-02-17 16:00:19 - INFO - Filtered PMTfied file saved to: /lustre/hpc/project/icecube/HE_Nu_Aske_Oct2024/PMTfied_filtered/Snowstorm/PureNu/22018/2/PMTfied_15.parquet
2025-02-17 16:00:20 - INFO - Filtered PMTfied file saved to: /lustre/hpc/project/icecube/HE_Nu_Aske_Oct2024/PMTfied_filtered/Snowstorm/PureNu/22018/2/PMTfied_2.parquet
2025-02-17 16:00:20 - INFO - Filtered PMTfied file saved to: /lustre/hpc/project/icecube/HE_Nu_Aske_Oct2024/PMTfied_filtered/Snowstorm/PureNu/22018/2/PMTfied_6.parquet
2025-02-17 16:00:20 - INFO - Filtering process completed.
2025-02-17 16:00:20 - INFO - Filtering process completed.
2025-02-17 16:00:20 - INFO - Unified receipt generated: /lustre/hpc/project/icecube/HE_Nu_Aske_Oct2024/PMTfied_filtered/Snowstorm/PureNu/22018/[Receipt]22018_2.json
2025-02-17 16:00:20 - INFO - Filtering process completed.
Job completed at Mon Feb 17 04:00:20 PM CET 2025
