Starting job at Mon Feb 17 04:12:28 PM CET 2025
Running Filter_by_part.py for subdirectory 22018, part 17
2025-02-17 16:12:29 - INFO - Event filtering process starts...
2025-02-17 16:12:29 - INFO - Initialized Muon13Filter filter for 22018/17
2025-02-17 16:12:29 - INFO - Extracted 29246 valid events where MuonFilter_13==True.
2025-02-17 16:12:29 - INFO - Initialized CompositeEventFilter filter for 22018/17
2025-02-17 16:12:29 - INFO - Initialized (MuonLike)
2025-02-17 16:12:29 - INFO - Starting filtering process for 22018/17
2025-02-17 16:12:29 - INFO - Starting filtering process for 22018/17
2025-02-17 16:12:30 - INFO - Recalculated 'offset' column based on 'N_doms' values within each 'shard_no' group.
2025-02-17 16:12:31 - INFO - Filtered truth file saved to: /lustre/hpc/project/icecube/HE_Nu_Aske_Oct2024/PMTfied_filtered/Snowstorm/MuonLike/22018/truth_17.parquet
2025-02-17 16:12:32 - INFO - Filtered PMTfied file saved to: /lustre/hpc/project/icecube/HE_Nu_Aske_Oct2024/PMTfied_filtered/Snowstorm/MuonLike/22018/17/PMTfied_5.parquet
2025-02-17 16:12:32 - INFO - Filtered PMTfied file saved to: /lustre/hpc/project/icecube/HE_Nu_Aske_Oct2024/PMTfied_filtered/Snowstorm/MuonLike/22018/17/PMTfied_18.parquet
2025-02-17 16:12:33 - INFO - Filtered PMTfied file saved to: /lustre/hpc/project/icecube/HE_Nu_Aske_Oct2024/PMTfied_filtered/Snowstorm/MuonLike/22018/17/PMTfied_1.parquet
2025-02-17 16:12:35 - INFO - Filtered PMTfied file saved to: /lustre/hpc/project/icecube/HE_Nu_Aske_Oct2024/PMTfied_filtered/Snowstorm/MuonLike/22018/17/PMTfied_9.parquet
2025-02-17 16:12:36 - INFO - Filtered PMTfied file saved to: /lustre/hpc/project/icecube/HE_Nu_Aske_Oct2024/PMTfied_filtered/Snowstorm/MuonLike/22018/17/PMTfied_10.parquet
2025-02-17 16:12:38 - INFO - Filtered PMTfied file saved to: /lustre/hpc/project/icecube/HE_Nu_Aske_Oct2024/PMTfied_filtered/Snowstorm/MuonLike/22018/17/PMTfied_14.parquet
2025-02-17 16:12:39 - INFO - Filtered PMTfied file saved to: /lustre/hpc/project/icecube/HE_Nu_Aske_Oct2024/PMTfied_filtered/Snowstorm/MuonLike/22018/17/PMTfied_8.parquet
2025-02-17 16:12:41 - INFO - Filtered PMTfied file saved to: /lustre/hpc/project/icecube/HE_Nu_Aske_Oct2024/PMTfied_filtered/Snowstorm/MuonLike/22018/17/PMTfied_11.parquet
2025-02-17 16:12:42 - INFO - Filtered PMTfied file saved to: /lustre/hpc/project/icecube/HE_Nu_Aske_Oct2024/PMTfied_filtered/Snowstorm/MuonLike/22018/17/PMTfied_15.parquet
2025-02-17 16:12:44 - INFO - Filtered PMTfied file saved to: /lustre/hpc/project/icecube/HE_Nu_Aske_Oct2024/PMTfied_filtered/Snowstorm/MuonLike/22018/17/PMTfied_4.parquet
2025-02-17 16:12:45 - INFO - Filtered PMTfied file saved to: /lustre/hpc/project/icecube/HE_Nu_Aske_Oct2024/PMTfied_filtered/Snowstorm/MuonLike/22018/17/PMTfied_13.parquet
2025-02-17 16:12:46 - INFO - Filtered PMTfied file saved to: /lustre/hpc/project/icecube/HE_Nu_Aske_Oct2024/PMTfied_filtered/Snowstorm/MuonLike/22018/17/PMTfied_17.parquet
2025-02-17 16:12:47 - INFO - Filtered PMTfied file saved to: /lustre/hpc/project/icecube/HE_Nu_Aske_Oct2024/PMTfied_filtered/Snowstorm/MuonLike/22018/17/PMTfied_6.parquet
2025-02-17 16:12:49 - INFO - Filtered PMTfied file saved to: /lustre/hpc/project/icecube/HE_Nu_Aske_Oct2024/PMTfied_filtered/Snowstorm/MuonLike/22018/17/PMTfied_2.parquet
2025-02-17 16:12:50 - INFO - Filtered PMTfied file saved to: /lustre/hpc/project/icecube/HE_Nu_Aske_Oct2024/PMTfied_filtered/Snowstorm/MuonLike/22018/17/PMTfied_7.parquet
2025-02-17 16:12:51 - INFO - Filtered PMTfied file saved to: /lustre/hpc/project/icecube/HE_Nu_Aske_Oct2024/PMTfied_filtered/Snowstorm/MuonLike/22018/17/PMTfied_3.parquet
2025-02-17 16:12:53 - INFO - Filtered PMTfied file saved to: /lustre/hpc/project/icecube/HE_Nu_Aske_Oct2024/PMTfied_filtered/Snowstorm/MuonLike/22018/17/PMTfied_12.parquet
2025-02-17 16:12:54 - INFO - Filtered PMTfied file saved to: /lustre/hpc/project/icecube/HE_Nu_Aske_Oct2024/PMTfied_filtered/Snowstorm/MuonLike/22018/17/PMTfied_16.parquet
2025-02-17 16:12:54 - INFO - Filtering process completed.
2025-02-17 16:12:54 - INFO - Filtering process completed.
2025-02-17 16:12:54 - INFO - Unified receipt generated: /lustre/hpc/project/icecube/HE_Nu_Aske_Oct2024/PMTfied_filtered/Snowstorm/MuonLike/22018/[Receipt]22018_17.json
2025-02-17 16:12:54 - INFO - Filtering process completed.
Job completed at Mon Feb 17 04:12:54 PM CET 2025
