Starting job at Thu Feb 13 05:14:54 PM CET 2025
Running Filter_by_part.py for subdirectory 22018, part 5
2025-02-13 17:14:54 - INFO - Event filtering process starts...
2025-02-13 17:14:54 - INFO - Initialized Muon13Filter
2025-02-13 17:14:54 - INFO - Starting filtering process for 22018/5
2025-02-13 17:14:56 - INFO - Recalculated 'offset' column based on filtered 'N_doms' values.
2025-02-13 17:14:56 - INFO - Filtered truth file saved to: /lustre/hpc/project/icecube/HE_Nu_Aske_Oct2024/PMTfied_filtered/MuonLike/Snowstorm/22018/truth_5.parquet
2025-02-13 17:14:56 - INFO - Receipt file saved to: /lustre/hpc/project/icecube/HE_Nu_Aske_Oct2024/PMTfied_filtered/MuonLike/Snowstorm/22018/[Receipt]22018_5.json
2025-02-13 17:14:57 - INFO - Filtered PMTfied file saved to: /lustre/hpc/project/icecube/HE_Nu_Aske_Oct2024/PMTfied_filtered/MuonLike/Snowstorm/22018/5/PMTfied_1.parquet
2025-02-13 17:14:59 - INFO - Filtered PMTfied file saved to: /lustre/hpc/project/icecube/HE_Nu_Aske_Oct2024/PMTfied_filtered/MuonLike/Snowstorm/22018/5/PMTfied_5.parquet
2025-02-13 17:15:00 - INFO - Filtered PMTfied file saved to: /lustre/hpc/project/icecube/HE_Nu_Aske_Oct2024/PMTfied_filtered/MuonLike/Snowstorm/22018/5/PMTfied_9.parquet
2025-02-13 17:15:01 - INFO - Filtered PMTfied file saved to: /lustre/hpc/project/icecube/HE_Nu_Aske_Oct2024/PMTfied_filtered/MuonLike/Snowstorm/22018/5/PMTfied_17.parquet
2025-02-13 17:15:03 - INFO - Filtered PMTfied file saved to: /lustre/hpc/project/icecube/HE_Nu_Aske_Oct2024/PMTfied_filtered/MuonLike/Snowstorm/22018/5/PMTfied_13.parquet
2025-02-13 17:15:04 - INFO - Filtered PMTfied file saved to: /lustre/hpc/project/icecube/HE_Nu_Aske_Oct2024/PMTfied_filtered/MuonLike/Snowstorm/22018/5/PMTfied_16.parquet
2025-02-13 17:15:06 - INFO - Filtered PMTfied file saved to: /lustre/hpc/project/icecube/HE_Nu_Aske_Oct2024/PMTfied_filtered/MuonLike/Snowstorm/22018/5/PMTfied_12.parquet
2025-02-13 17:15:07 - INFO - Filtered PMTfied file saved to: /lustre/hpc/project/icecube/HE_Nu_Aske_Oct2024/PMTfied_filtered/MuonLike/Snowstorm/22018/5/PMTfied_8.parquet
2025-02-13 17:15:08 - INFO - Filtered PMTfied file saved to: /lustre/hpc/project/icecube/HE_Nu_Aske_Oct2024/PMTfied_filtered/MuonLike/Snowstorm/22018/5/PMTfied_4.parquet
2025-02-13 17:15:10 - INFO - Filtered PMTfied file saved to: /lustre/hpc/project/icecube/HE_Nu_Aske_Oct2024/PMTfied_filtered/MuonLike/Snowstorm/22018/5/PMTfied_14.parquet
2025-02-13 17:15:11 - INFO - Filtered PMTfied file saved to: /lustre/hpc/project/icecube/HE_Nu_Aske_Oct2024/PMTfied_filtered/MuonLike/Snowstorm/22018/5/PMTfied_10.parquet
2025-02-13 17:15:12 - INFO - Filtered PMTfied file saved to: /lustre/hpc/project/icecube/HE_Nu_Aske_Oct2024/PMTfied_filtered/MuonLike/Snowstorm/22018/5/PMTfied_2.parquet
2025-02-13 17:15:14 - INFO - Filtered PMTfied file saved to: /lustre/hpc/project/icecube/HE_Nu_Aske_Oct2024/PMTfied_filtered/MuonLike/Snowstorm/22018/5/PMTfied_6.parquet
2025-02-13 17:15:15 - INFO - Filtered PMTfied file saved to: /lustre/hpc/project/icecube/HE_Nu_Aske_Oct2024/PMTfied_filtered/MuonLike/Snowstorm/22018/5/PMTfied_3.parquet
2025-02-13 17:15:17 - INFO - Filtered PMTfied file saved to: /lustre/hpc/project/icecube/HE_Nu_Aske_Oct2024/PMTfied_filtered/MuonLike/Snowstorm/22018/5/PMTfied_7.parquet
2025-02-13 17:15:18 - INFO - Filtered PMTfied file saved to: /lustre/hpc/project/icecube/HE_Nu_Aske_Oct2024/PMTfied_filtered/MuonLike/Snowstorm/22018/5/PMTfied_15.parquet
2025-02-13 17:15:20 - INFO - Filtered PMTfied file saved to: /lustre/hpc/project/icecube/HE_Nu_Aske_Oct2024/PMTfied_filtered/MuonLike/Snowstorm/22018/5/PMTfied_11.parquet
2025-02-13 17:15:20 - INFO - Filtering process completed.
2025-02-13 17:15:20 - INFO - Filtering process completed for all selected filters.
2025-02-13 17:15:20 - INFO - Execution time: 25.74 seconds
2025-02-13 17:15:20 - INFO - Updated receipt with execution time: /lustre/hpc/project/icecube/HE_Nu_Aske_Oct2024/PMTfied_filtered/MuonLike/Snowstorm/22018/[Receipt]22018_5.json
Job completed at Thu Feb 13 05:15:20 PM CET 2025
