Starting job at Mon Feb 24 01:11:19 PM CET 2025
Running Filter_by_part.py for subdirectory 22018, part 21
2025-02-24 13:11:19 - INFO - Event filtering process starts...
2025-02-24 13:11:19 - INFO - Initialized PureNeutrinoEventFilter filter for 22018/21
2025-02-24 13:11:19 - INFO - Loaded 18 event specifier files from /lustre/hpc/project/icecube/HE_Nu_Aske_Oct2024/clean_events_dict/22018/22018/reduced
2025-02-24 13:11:19 - INFO - Selected 18 CSV files covering event range [970, 18335]
2025-02-24 13:11:20 - INFO - Loaded 781559 valid (RunID, EventID) pairs from CSV files
2025-02-24 13:11:20 - INFO - Extracted 10180 valid events based on pure neutrino events.
2025-02-24 13:11:21 - INFO - Initialized Muon13Filter filter for 22018/21
2025-02-24 13:11:21 - INFO - Extracted 14000 valid events where MuonFilter_13==True.
2025-02-24 13:11:21 - INFO - Initialized CCFilter filter for 22018/21
2025-02-24 13:11:21 - INFO - Extracted 13617 valid events which are CC interactions.
2025-02-24 13:11:21 - INFO - Initialized CompositeEventFilter filter for 22018/21
2025-02-24 13:11:21 - INFO - Initialized (CC_CRclean_MuonLike)
2025-02-24 13:11:21 - INFO - Starting filtering process for 22018/21
2025-02-24 13:11:21 - INFO - Starting filtering process for 22018/21
2025-02-24 13:11:21 - INFO - Recalculated 'offset' column based on 'N_doms' values within each 'shard_no' group.
2025-02-24 13:11:21 - INFO - Filtered truth file saved to: /lustre/hpc/project/icecube/HE_Nu_Aske_Oct2024/PMTfied_filtered/Snowstorm/CC_CRclean_MuonLike/22018/truth_21.parquet
2025-02-24 13:11:22 - INFO - Filtered PMTfied file saved to: /lustre/hpc/project/icecube/HE_Nu_Aske_Oct2024/PMTfied_filtered/Snowstorm/CC_CRclean_MuonLike/22018/21/PMTfied_6.parquet
2025-02-24 13:11:24 - INFO - Filtered PMTfied file saved to: /lustre/hpc/project/icecube/HE_Nu_Aske_Oct2024/PMTfied_filtered/Snowstorm/CC_CRclean_MuonLike/22018/21/PMTfied_2.parquet
2025-02-24 13:11:25 - INFO - Filtered PMTfied file saved to: /lustre/hpc/project/icecube/HE_Nu_Aske_Oct2024/PMTfied_filtered/Snowstorm/CC_CRclean_MuonLike/22018/21/PMTfied_7.parquet
2025-02-24 13:11:26 - INFO - Filtered PMTfied file saved to: /lustre/hpc/project/icecube/HE_Nu_Aske_Oct2024/PMTfied_filtered/Snowstorm/CC_CRclean_MuonLike/22018/21/PMTfied_3.parquet
2025-02-24 13:11:26 - INFO - Filtered PMTfied file saved to: /lustre/hpc/project/icecube/HE_Nu_Aske_Oct2024/PMTfied_filtered/Snowstorm/CC_CRclean_MuonLike/22018/21/PMTfied_9.parquet
2025-02-24 13:11:27 - INFO - Filtered PMTfied file saved to: /lustre/hpc/project/icecube/HE_Nu_Aske_Oct2024/PMTfied_filtered/Snowstorm/CC_CRclean_MuonLike/22018/21/PMTfied_5.parquet
2025-02-24 13:11:28 - INFO - Filtered PMTfied file saved to: /lustre/hpc/project/icecube/HE_Nu_Aske_Oct2024/PMTfied_filtered/Snowstorm/CC_CRclean_MuonLike/22018/21/PMTfied_1.parquet
2025-02-24 13:11:29 - INFO - Filtered PMTfied file saved to: /lustre/hpc/project/icecube/HE_Nu_Aske_Oct2024/PMTfied_filtered/Snowstorm/CC_CRclean_MuonLike/22018/21/PMTfied_4.parquet
2025-02-24 13:11:30 - INFO - Filtered PMTfied file saved to: /lustre/hpc/project/icecube/HE_Nu_Aske_Oct2024/PMTfied_filtered/Snowstorm/CC_CRclean_MuonLike/22018/21/PMTfied_8.parquet
2025-02-24 13:11:30 - INFO - Filtering process completed.
2025-02-24 13:11:30 - INFO - Filtering process completed.
2025-02-24 13:11:30 - INFO - Unified receipt generated: /lustre/hpc/project/icecube/HE_Nu_Aske_Oct2024/PMTfied_filtered/Snowstorm/CC_CRclean_MuonLike/22018/[Receipt]22018_21.json
2025-02-24 13:11:30 - INFO - Filtering process completed.
Job completed at Mon Feb 24 01:11:30 PM CET 2025
