Starting job at Mon Feb 17 04:12:17 PM CET 2025
Running Filter_by_part.py for subdirectory 22018, part 14
2025-02-17 16:12:17 - INFO - Event filtering process starts...
2025-02-17 16:12:17 - INFO - Initialized Muon13Filter filter for 22018/14
2025-02-17 16:12:18 - INFO - Extracted 29404 valid events where MuonFilter_13==True.
2025-02-17 16:12:18 - INFO - Initialized CompositeEventFilter filter for 22018/14
2025-02-17 16:12:18 - INFO - Initialized (MuonLike)
2025-02-17 16:12:18 - INFO - Starting filtering process for 22018/14
2025-02-17 16:12:18 - INFO - Starting filtering process for 22018/14
2025-02-17 16:12:19 - INFO - Recalculated 'offset' column based on 'N_doms' values within each 'shard_no' group.
2025-02-17 16:12:19 - INFO - Filtered truth file saved to: /lustre/hpc/project/icecube/HE_Nu_Aske_Oct2024/PMTfied_filtered/Snowstorm/MuonLike/22018/truth_14.parquet
2025-02-17 16:12:20 - INFO - Filtered PMTfied file saved to: /lustre/hpc/project/icecube/HE_Nu_Aske_Oct2024/PMTfied_filtered/Snowstorm/MuonLike/22018/14/PMTfied_7.parquet
2025-02-17 16:12:22 - INFO - Filtered PMTfied file saved to: /lustre/hpc/project/icecube/HE_Nu_Aske_Oct2024/PMTfied_filtered/Snowstorm/MuonLike/22018/14/PMTfied_3.parquet
2025-02-17 16:12:23 - INFO - Filtered PMTfied file saved to: /lustre/hpc/project/icecube/HE_Nu_Aske_Oct2024/PMTfied_filtered/Snowstorm/MuonLike/22018/14/PMTfied_15.parquet
2025-02-17 16:12:24 - INFO - Filtered PMTfied file saved to: /lustre/hpc/project/icecube/HE_Nu_Aske_Oct2024/PMTfied_filtered/Snowstorm/MuonLike/22018/14/PMTfied_11.parquet
2025-02-17 16:12:26 - INFO - Filtered PMTfied file saved to: /lustre/hpc/project/icecube/HE_Nu_Aske_Oct2024/PMTfied_filtered/Snowstorm/MuonLike/22018/14/PMTfied_6.parquet
2025-02-17 16:12:27 - INFO - Filtered PMTfied file saved to: /lustre/hpc/project/icecube/HE_Nu_Aske_Oct2024/PMTfied_filtered/Snowstorm/MuonLike/22018/14/PMTfied_2.parquet
2025-02-17 16:12:28 - INFO - Filtered PMTfied file saved to: /lustre/hpc/project/icecube/HE_Nu_Aske_Oct2024/PMTfied_filtered/Snowstorm/MuonLike/22018/14/PMTfied_18.parquet
2025-02-17 16:12:29 - INFO - Filtered PMTfied file saved to: /lustre/hpc/project/icecube/HE_Nu_Aske_Oct2024/PMTfied_filtered/Snowstorm/MuonLike/22018/14/PMTfied_14.parquet
2025-02-17 16:12:30 - INFO - Filtered PMTfied file saved to: /lustre/hpc/project/icecube/HE_Nu_Aske_Oct2024/PMTfied_filtered/Snowstorm/MuonLike/22018/14/PMTfied_10.parquet
2025-02-17 16:12:32 - INFO - Filtered PMTfied file saved to: /lustre/hpc/project/icecube/HE_Nu_Aske_Oct2024/PMTfied_filtered/Snowstorm/MuonLike/22018/14/PMTfied_16.parquet
2025-02-17 16:12:33 - INFO - Filtered PMTfied file saved to: /lustre/hpc/project/icecube/HE_Nu_Aske_Oct2024/PMTfied_filtered/Snowstorm/MuonLike/22018/14/PMTfied_12.parquet
2025-02-17 16:12:35 - INFO - Filtered PMTfied file saved to: /lustre/hpc/project/icecube/HE_Nu_Aske_Oct2024/PMTfied_filtered/Snowstorm/MuonLike/22018/14/PMTfied_4.parquet
2025-02-17 16:12:36 - INFO - Filtered PMTfied file saved to: /lustre/hpc/project/icecube/HE_Nu_Aske_Oct2024/PMTfied_filtered/Snowstorm/MuonLike/22018/14/PMTfied_8.parquet
2025-02-17 16:12:37 - INFO - Filtered PMTfied file saved to: /lustre/hpc/project/icecube/HE_Nu_Aske_Oct2024/PMTfied_filtered/Snowstorm/MuonLike/22018/14/PMTfied_17.parquet
2025-02-17 16:12:39 - INFO - Filtered PMTfied file saved to: /lustre/hpc/project/icecube/HE_Nu_Aske_Oct2024/PMTfied_filtered/Snowstorm/MuonLike/22018/14/PMTfied_13.parquet
2025-02-17 16:12:40 - INFO - Filtered PMTfied file saved to: /lustre/hpc/project/icecube/HE_Nu_Aske_Oct2024/PMTfied_filtered/Snowstorm/MuonLike/22018/14/PMTfied_9.parquet
2025-02-17 16:12:41 - INFO - Filtered PMTfied file saved to: /lustre/hpc/project/icecube/HE_Nu_Aske_Oct2024/PMTfied_filtered/Snowstorm/MuonLike/22018/14/PMTfied_5.parquet
2025-02-17 16:12:43 - INFO - Filtered PMTfied file saved to: /lustre/hpc/project/icecube/HE_Nu_Aske_Oct2024/PMTfied_filtered/Snowstorm/MuonLike/22018/14/PMTfied_1.parquet
2025-02-17 16:12:43 - INFO - Filtering process completed.
2025-02-17 16:12:43 - INFO - Filtering process completed.
2025-02-17 16:12:43 - INFO - Unified receipt generated: /lustre/hpc/project/icecube/HE_Nu_Aske_Oct2024/PMTfied_filtered/Snowstorm/MuonLike/22018/[Receipt]22018_14.json
2025-02-17 16:12:43 - INFO - Filtering process completed.
Job completed at Mon Feb 17 04:12:43 PM CET 2025
