Starting job at Sat Feb 15 12:08:16 PM CET 2025
Running Filter_by_part.py for subdirectory 22018, part 20
2025-02-15 12:08:16 - INFO - Event filtering process starts...
2025-02-15 12:08:16 - INFO - Initialized PureNeutrinoEventFilter filter for 22018/20
2025-02-15 12:08:16 - INFO - Loaded 18 event specifier files from /lustre/hpc/project/icecube/HE_Nu_Aske_Oct2024/clean_events_dict/22018/22018/reduced
2025-02-15 12:08:16 - INFO - Selected 4 CSV files covering event range [14115, 18499]
2025-02-15 12:08:17 - INFO - Loaded 174258 valid (RunID, EventID) pairs from CSV files
2025-02-15 12:08:17 - INFO - Extracted 22263 valid events based on pure neutrino events.
2025-02-15 12:08:17 - INFO - Initialized CompositeEventFilter filter for 22018/20
2025-02-15 12:08:17 - INFO - Initialized (PureNu)
2025-02-15 12:08:17 - INFO - Starting filtering process for 22018/20
2025-02-15 12:08:17 - INFO - Starting filtering process for 22018/20
2025-02-15 12:08:18 - INFO - Recalculated 'offset' column based on filtered 'N_doms' values.
2025-02-15 12:08:18 - INFO - Filtered truth file saved to: /lustre/hpc/project/icecube/HE_Nu_Aske_Oct2024/PMTfied_filtered/Snowstorm/PureNu/22018/truth_20.parquet
2025-02-15 12:08:19 - INFO - Filtered PMTfied file saved to: /lustre/hpc/project/icecube/HE_Nu_Aske_Oct2024/PMTfied_filtered/Snowstorm/PureNu/22018/20/PMTfied_9.parquet
2025-02-15 12:08:20 - INFO - Filtered PMTfied file saved to: /lustre/hpc/project/icecube/HE_Nu_Aske_Oct2024/PMTfied_filtered/Snowstorm/PureNu/22018/20/PMTfied_5.parquet
2025-02-15 12:08:21 - INFO - Filtered PMTfied file saved to: /lustre/hpc/project/icecube/HE_Nu_Aske_Oct2024/PMTfied_filtered/Snowstorm/PureNu/22018/20/PMTfied_1.parquet
2025-02-15 12:08:22 - INFO - Filtered PMTfied file saved to: /lustre/hpc/project/icecube/HE_Nu_Aske_Oct2024/PMTfied_filtered/Snowstorm/PureNu/22018/20/PMTfied_13.parquet
2025-02-15 12:08:24 - INFO - Filtered PMTfied file saved to: /lustre/hpc/project/icecube/HE_Nu_Aske_Oct2024/PMTfied_filtered/Snowstorm/PureNu/22018/20/PMTfied_17.parquet
2025-02-15 12:08:25 - INFO - Filtered PMTfied file saved to: /lustre/hpc/project/icecube/HE_Nu_Aske_Oct2024/PMTfied_filtered/Snowstorm/PureNu/22018/20/PMTfied_12.parquet
2025-02-15 12:08:26 - INFO - Filtered PMTfied file saved to: /lustre/hpc/project/icecube/HE_Nu_Aske_Oct2024/PMTfied_filtered/Snowstorm/PureNu/22018/20/PMTfied_16.parquet
2025-02-15 12:08:27 - INFO - Filtered PMTfied file saved to: /lustre/hpc/project/icecube/HE_Nu_Aske_Oct2024/PMTfied_filtered/Snowstorm/PureNu/22018/20/PMTfied_4.parquet
2025-02-15 12:08:29 - INFO - Filtered PMTfied file saved to: /lustre/hpc/project/icecube/HE_Nu_Aske_Oct2024/PMTfied_filtered/Snowstorm/PureNu/22018/20/PMTfied_8.parquet
2025-02-15 12:08:29 - INFO - Filtered PMTfied file saved to: /lustre/hpc/project/icecube/HE_Nu_Aske_Oct2024/PMTfied_filtered/Snowstorm/PureNu/22018/20/PMTfied_18.parquet
2025-02-15 12:08:30 - INFO - Filtered PMTfied file saved to: /lustre/hpc/project/icecube/HE_Nu_Aske_Oct2024/PMTfied_filtered/Snowstorm/PureNu/22018/20/PMTfied_10.parquet
2025-02-15 12:08:31 - INFO - Filtered PMTfied file saved to: /lustre/hpc/project/icecube/HE_Nu_Aske_Oct2024/PMTfied_filtered/Snowstorm/PureNu/22018/20/PMTfied_14.parquet
2025-02-15 12:08:32 - INFO - Filtered PMTfied file saved to: /lustre/hpc/project/icecube/HE_Nu_Aske_Oct2024/PMTfied_filtered/Snowstorm/PureNu/22018/20/PMTfied_6.parquet
2025-02-15 12:08:34 - INFO - Filtered PMTfied file saved to: /lustre/hpc/project/icecube/HE_Nu_Aske_Oct2024/PMTfied_filtered/Snowstorm/PureNu/22018/20/PMTfied_2.parquet
2025-02-15 12:08:35 - INFO - Filtered PMTfied file saved to: /lustre/hpc/project/icecube/HE_Nu_Aske_Oct2024/PMTfied_filtered/Snowstorm/PureNu/22018/20/PMTfied_7.parquet
2025-02-15 12:08:36 - INFO - Filtered PMTfied file saved to: /lustre/hpc/project/icecube/HE_Nu_Aske_Oct2024/PMTfied_filtered/Snowstorm/PureNu/22018/20/PMTfied_3.parquet
2025-02-15 12:08:37 - INFO - Filtered PMTfied file saved to: /lustre/hpc/project/icecube/HE_Nu_Aske_Oct2024/PMTfied_filtered/Snowstorm/PureNu/22018/20/PMTfied_11.parquet
2025-02-15 12:08:38 - INFO - Filtered PMTfied file saved to: /lustre/hpc/project/icecube/HE_Nu_Aske_Oct2024/PMTfied_filtered/Snowstorm/PureNu/22018/20/PMTfied_15.parquet
2025-02-15 12:08:38 - INFO - Filtering process completed.
2025-02-15 12:08:38 - INFO - Filtering process completed.
2025-02-15 12:08:38 - INFO - Unified receipt generated: /lustre/hpc/project/icecube/HE_Nu_Aske_Oct2024/PMTfied_filtered/Snowstorm/PureNu/22018/[Receipt]22018_20.json
2025-02-15 12:08:38 - INFO - Filtering process completed.
Job completed at Sat Feb 15 12:08:38 PM CET 2025
