Starting job at Mon Feb 17 04:18:52 PM CET 2025
Running Filter_by_part.py for subdirectory 22018, part 17
2025-02-17 16:18:52 - INFO - Event filtering process starts...
2025-02-17 16:18:52 - INFO - Initialized PureNeutrinoEventFilter filter for 22018/17
2025-02-17 16:18:52 - INFO - Loaded 18 event specifier files from /lustre/hpc/project/icecube/HE_Nu_Aske_Oct2024/clean_events_dict/22018/22018/reduced
2025-02-17 16:18:52 - INFO - Selected 5 CSV files covering event range [13984, 18390]
2025-02-17 16:18:52 - INFO - Loaded 217599 valid (RunID, EventID) pairs from CSV files
2025-02-17 16:18:53 - INFO - Extracted 22894 valid events based on pure neutrino events.
2025-02-17 16:18:53 - INFO - Initialized Muon13Filter filter for 22018/17
2025-02-17 16:18:53 - INFO - Extracted 29246 valid events where MuonFilter_13==True.
2025-02-17 16:18:53 - INFO - Initialized CompositeEventFilter filter for 22018/17
2025-02-17 16:18:53 - INFO - Initialized (MuonLike_PureNu)
2025-02-17 16:18:53 - INFO - Starting filtering process for 22018/17
2025-02-17 16:18:53 - INFO - Starting filtering process for 22018/17
2025-02-17 16:18:53 - INFO - Recalculated 'offset' column based on 'N_doms' values within each 'shard_no' group.
2025-02-17 16:18:53 - INFO - Filtered truth file saved to: /lustre/hpc/project/icecube/HE_Nu_Aske_Oct2024/PMTfied_filtered/Snowstorm/MuonLike_PureNu/22018/truth_17.parquet
2025-02-17 16:18:54 - INFO - Filtered PMTfied file saved to: /lustre/hpc/project/icecube/HE_Nu_Aske_Oct2024/PMTfied_filtered/Snowstorm/MuonLike_PureNu/22018/17/PMTfied_5.parquet
2025-02-17 16:18:54 - INFO - Filtered PMTfied file saved to: /lustre/hpc/project/icecube/HE_Nu_Aske_Oct2024/PMTfied_filtered/Snowstorm/MuonLike_PureNu/22018/17/PMTfied_18.parquet
2025-02-17 16:18:54 - INFO - Filtered PMTfied file saved to: /lustre/hpc/project/icecube/HE_Nu_Aske_Oct2024/PMTfied_filtered/Snowstorm/MuonLike_PureNu/22018/17/PMTfied_1.parquet
2025-02-17 16:18:55 - INFO - Filtered PMTfied file saved to: /lustre/hpc/project/icecube/HE_Nu_Aske_Oct2024/PMTfied_filtered/Snowstorm/MuonLike_PureNu/22018/17/PMTfied_9.parquet
2025-02-17 16:18:55 - INFO - Filtered PMTfied file saved to: /lustre/hpc/project/icecube/HE_Nu_Aske_Oct2024/PMTfied_filtered/Snowstorm/MuonLike_PureNu/22018/17/PMTfied_10.parquet
2025-02-17 16:18:56 - INFO - Filtered PMTfied file saved to: /lustre/hpc/project/icecube/HE_Nu_Aske_Oct2024/PMTfied_filtered/Snowstorm/MuonLike_PureNu/22018/17/PMTfied_14.parquet
2025-02-17 16:18:56 - INFO - Filtered PMTfied file saved to: /lustre/hpc/project/icecube/HE_Nu_Aske_Oct2024/PMTfied_filtered/Snowstorm/MuonLike_PureNu/22018/17/PMTfied_8.parquet
2025-02-17 16:18:57 - INFO - Filtered PMTfied file saved to: /lustre/hpc/project/icecube/HE_Nu_Aske_Oct2024/PMTfied_filtered/Snowstorm/MuonLike_PureNu/22018/17/PMTfied_11.parquet
2025-02-17 16:18:57 - INFO - Filtered PMTfied file saved to: /lustre/hpc/project/icecube/HE_Nu_Aske_Oct2024/PMTfied_filtered/Snowstorm/MuonLike_PureNu/22018/17/PMTfied_15.parquet
2025-02-17 16:18:58 - INFO - Filtered PMTfied file saved to: /lustre/hpc/project/icecube/HE_Nu_Aske_Oct2024/PMTfied_filtered/Snowstorm/MuonLike_PureNu/22018/17/PMTfied_4.parquet
2025-02-17 16:18:58 - INFO - Filtered PMTfied file saved to: /lustre/hpc/project/icecube/HE_Nu_Aske_Oct2024/PMTfied_filtered/Snowstorm/MuonLike_PureNu/22018/17/PMTfied_13.parquet
2025-02-17 16:18:59 - INFO - Filtered PMTfied file saved to: /lustre/hpc/project/icecube/HE_Nu_Aske_Oct2024/PMTfied_filtered/Snowstorm/MuonLike_PureNu/22018/17/PMTfied_17.parquet
2025-02-17 16:18:59 - INFO - Filtered PMTfied file saved to: /lustre/hpc/project/icecube/HE_Nu_Aske_Oct2024/PMTfied_filtered/Snowstorm/MuonLike_PureNu/22018/17/PMTfied_6.parquet
2025-02-17 16:19:00 - INFO - Filtered PMTfied file saved to: /lustre/hpc/project/icecube/HE_Nu_Aske_Oct2024/PMTfied_filtered/Snowstorm/MuonLike_PureNu/22018/17/PMTfied_2.parquet
2025-02-17 16:19:00 - INFO - Filtered PMTfied file saved to: /lustre/hpc/project/icecube/HE_Nu_Aske_Oct2024/PMTfied_filtered/Snowstorm/MuonLike_PureNu/22018/17/PMTfied_7.parquet
2025-02-17 16:19:01 - INFO - Filtered PMTfied file saved to: /lustre/hpc/project/icecube/HE_Nu_Aske_Oct2024/PMTfied_filtered/Snowstorm/MuonLike_PureNu/22018/17/PMTfied_3.parquet
2025-02-17 16:19:01 - INFO - Filtered PMTfied file saved to: /lustre/hpc/project/icecube/HE_Nu_Aske_Oct2024/PMTfied_filtered/Snowstorm/MuonLike_PureNu/22018/17/PMTfied_12.parquet
2025-02-17 16:19:02 - INFO - Filtered PMTfied file saved to: /lustre/hpc/project/icecube/HE_Nu_Aske_Oct2024/PMTfied_filtered/Snowstorm/MuonLike_PureNu/22018/17/PMTfied_16.parquet
2025-02-17 16:19:02 - INFO - Filtering process completed.
2025-02-17 16:19:02 - INFO - Filtering process completed.
2025-02-17 16:19:02 - INFO - Unified receipt generated: /lustre/hpc/project/icecube/HE_Nu_Aske_Oct2024/PMTfied_filtered/Snowstorm/MuonLike_PureNu/22018/[Receipt]22018_17.json
2025-02-17 16:19:02 - INFO - Filtering process completed.
Job completed at Mon Feb 17 04:19:02 PM CET 2025
