Starting job at Mon Feb 17 04:18:41 PM CET 2025
Running Filter_by_part.py for subdirectory 22018, part 14
2025-02-17 16:18:41 - INFO - Event filtering process starts...
2025-02-17 16:18:41 - INFO - Initialized PureNeutrinoEventFilter filter for 22018/14
2025-02-17 16:18:41 - INFO - Loaded 18 event specifier files from /lustre/hpc/project/icecube/HE_Nu_Aske_Oct2024/clean_events_dict/22018/22018/reduced
2025-02-17 16:18:41 - INFO - Selected 5 CSV files covering event range [9434, 13898]
2025-02-17 16:18:41 - INFO - Loaded 216677 valid (RunID, EventID) pairs from CSV files
2025-02-17 16:18:41 - INFO - Extracted 25705 valid events based on pure neutrino events.
2025-02-17 16:18:41 - INFO - Initialized Muon13Filter filter for 22018/14
2025-02-17 16:18:41 - INFO - Extracted 29404 valid events where MuonFilter_13==True.
2025-02-17 16:18:41 - INFO - Initialized CompositeEventFilter filter for 22018/14
2025-02-17 16:18:41 - INFO - Initialized (MuonLike_PureNu)
2025-02-17 16:18:41 - INFO - Starting filtering process for 22018/14
2025-02-17 16:18:41 - INFO - Starting filtering process for 22018/14
2025-02-17 16:18:42 - INFO - Recalculated 'offset' column based on 'N_doms' values within each 'shard_no' group.
2025-02-17 16:18:42 - INFO - Filtered truth file saved to: /lustre/hpc/project/icecube/HE_Nu_Aske_Oct2024/PMTfied_filtered/Snowstorm/MuonLike_PureNu/22018/truth_14.parquet
2025-02-17 16:18:43 - INFO - Filtered PMTfied file saved to: /lustre/hpc/project/icecube/HE_Nu_Aske_Oct2024/PMTfied_filtered/Snowstorm/MuonLike_PureNu/22018/14/PMTfied_7.parquet
2025-02-17 16:18:43 - INFO - Filtered PMTfied file saved to: /lustre/hpc/project/icecube/HE_Nu_Aske_Oct2024/PMTfied_filtered/Snowstorm/MuonLike_PureNu/22018/14/PMTfied_3.parquet
2025-02-17 16:18:44 - INFO - Filtered PMTfied file saved to: /lustre/hpc/project/icecube/HE_Nu_Aske_Oct2024/PMTfied_filtered/Snowstorm/MuonLike_PureNu/22018/14/PMTfied_15.parquet
2025-02-17 16:18:44 - INFO - Filtered PMTfied file saved to: /lustre/hpc/project/icecube/HE_Nu_Aske_Oct2024/PMTfied_filtered/Snowstorm/MuonLike_PureNu/22018/14/PMTfied_11.parquet
2025-02-17 16:18:45 - INFO - Filtered PMTfied file saved to: /lustre/hpc/project/icecube/HE_Nu_Aske_Oct2024/PMTfied_filtered/Snowstorm/MuonLike_PureNu/22018/14/PMTfied_6.parquet
2025-02-17 16:18:45 - INFO - Filtered PMTfied file saved to: /lustre/hpc/project/icecube/HE_Nu_Aske_Oct2024/PMTfied_filtered/Snowstorm/MuonLike_PureNu/22018/14/PMTfied_2.parquet
2025-02-17 16:18:45 - INFO - Filtered PMTfied file saved to: /lustre/hpc/project/icecube/HE_Nu_Aske_Oct2024/PMTfied_filtered/Snowstorm/MuonLike_PureNu/22018/14/PMTfied_18.parquet
2025-02-17 16:18:46 - INFO - Filtered PMTfied file saved to: /lustre/hpc/project/icecube/HE_Nu_Aske_Oct2024/PMTfied_filtered/Snowstorm/MuonLike_PureNu/22018/14/PMTfied_14.parquet
2025-02-17 16:18:46 - INFO - Filtered PMTfied file saved to: /lustre/hpc/project/icecube/HE_Nu_Aske_Oct2024/PMTfied_filtered/Snowstorm/MuonLike_PureNu/22018/14/PMTfied_10.parquet
2025-02-17 16:18:47 - INFO - Filtered PMTfied file saved to: /lustre/hpc/project/icecube/HE_Nu_Aske_Oct2024/PMTfied_filtered/Snowstorm/MuonLike_PureNu/22018/14/PMTfied_16.parquet
2025-02-17 16:18:47 - INFO - Filtered PMTfied file saved to: /lustre/hpc/project/icecube/HE_Nu_Aske_Oct2024/PMTfied_filtered/Snowstorm/MuonLike_PureNu/22018/14/PMTfied_12.parquet
2025-02-17 16:18:48 - INFO - Filtered PMTfied file saved to: /lustre/hpc/project/icecube/HE_Nu_Aske_Oct2024/PMTfied_filtered/Snowstorm/MuonLike_PureNu/22018/14/PMTfied_4.parquet
2025-02-17 16:18:48 - INFO - Filtered PMTfied file saved to: /lustre/hpc/project/icecube/HE_Nu_Aske_Oct2024/PMTfied_filtered/Snowstorm/MuonLike_PureNu/22018/14/PMTfied_8.parquet
2025-02-17 16:18:49 - INFO - Filtered PMTfied file saved to: /lustre/hpc/project/icecube/HE_Nu_Aske_Oct2024/PMTfied_filtered/Snowstorm/MuonLike_PureNu/22018/14/PMTfied_17.parquet
2025-02-17 16:18:49 - INFO - Filtered PMTfied file saved to: /lustre/hpc/project/icecube/HE_Nu_Aske_Oct2024/PMTfied_filtered/Snowstorm/MuonLike_PureNu/22018/14/PMTfied_13.parquet
2025-02-17 16:18:50 - INFO - Filtered PMTfied file saved to: /lustre/hpc/project/icecube/HE_Nu_Aske_Oct2024/PMTfied_filtered/Snowstorm/MuonLike_PureNu/22018/14/PMTfied_9.parquet
2025-02-17 16:18:50 - INFO - Filtered PMTfied file saved to: /lustre/hpc/project/icecube/HE_Nu_Aske_Oct2024/PMTfied_filtered/Snowstorm/MuonLike_PureNu/22018/14/PMTfied_5.parquet
2025-02-17 16:18:51 - INFO - Filtered PMTfied file saved to: /lustre/hpc/project/icecube/HE_Nu_Aske_Oct2024/PMTfied_filtered/Snowstorm/MuonLike_PureNu/22018/14/PMTfied_1.parquet
2025-02-17 16:18:51 - INFO - Filtering process completed.
2025-02-17 16:18:51 - INFO - Filtering process completed.
2025-02-17 16:18:51 - INFO - Unified receipt generated: /lustre/hpc/project/icecube/HE_Nu_Aske_Oct2024/PMTfied_filtered/Snowstorm/MuonLike_PureNu/22018/[Receipt]22018_14.json
2025-02-17 16:18:51 - INFO - Filtering process completed.
Job completed at Mon Feb 17 04:18:51 PM CET 2025
