Starting job at Sat Feb 15 01:51:45 PM CET 2025
Running Filter_by_part.py for subdirectory 22018, part 16
2025-02-15 13:51:46 - INFO - Event filtering process starts...
2025-02-15 13:51:46 - INFO - Initialized PureNeutrinoEventFilter filter for 22018/16
2025-02-15 13:51:47 - INFO - Loaded 18 event specifier files from /lustre/hpc/project/icecube/HE_Nu_Aske_Oct2024/clean_events_dict/22018/22018/reduced
2025-02-15 13:51:47 - INFO - Selected 9 CSV files covering event range [9974, 18346]
2025-02-15 13:51:48 - INFO - Loaded 390935 valid (RunID, EventID) pairs from CSV files
2025-02-15 13:51:48 - INFO - Extracted 25207 valid events based on pure neutrino events.
2025-02-15 13:51:48 - INFO - Initialized Muon13Filter filter for 22018/16
2025-02-15 13:51:48 - INFO - Extracted 29464 valid events where MuonFilter_13==True.
2025-02-15 13:51:48 - INFO - Initialized CompositeEventFilter filter for 22018/16
2025-02-15 13:51:48 - INFO - Initialized (MuonLike_PureNu)
2025-02-15 13:51:48 - INFO - Starting filtering process for 22018/16
2025-02-15 13:51:48 - INFO - Starting filtering process for 22018/16
2025-02-15 13:51:49 - INFO - Recalculated 'offset' column based on filtered 'N_doms' values.
2025-02-15 13:51:49 - INFO - Filtered truth file saved to: /lustre/hpc/project/icecube/HE_Nu_Aske_Oct2024/PMTfied_filtered/Snowstorm/MuonLike_PureNu/22018/truth_16.parquet
2025-02-15 13:51:50 - INFO - Filtered PMTfied file saved to: /lustre/hpc/project/icecube/HE_Nu_Aske_Oct2024/PMTfied_filtered/Snowstorm/MuonLike_PureNu/22018/16/PMTfied_8.parquet
2025-02-15 13:51:51 - INFO - Filtered PMTfied file saved to: /lustre/hpc/project/icecube/HE_Nu_Aske_Oct2024/PMTfied_filtered/Snowstorm/MuonLike_PureNu/22018/16/PMTfied_4.parquet
2025-02-15 13:51:52 - INFO - Filtered PMTfied file saved to: /lustre/hpc/project/icecube/HE_Nu_Aske_Oct2024/PMTfied_filtered/Snowstorm/MuonLike_PureNu/22018/16/PMTfied_11.parquet
2025-02-15 13:51:53 - INFO - Filtered PMTfied file saved to: /lustre/hpc/project/icecube/HE_Nu_Aske_Oct2024/PMTfied_filtered/Snowstorm/MuonLike_PureNu/22018/16/PMTfied_15.parquet
2025-02-15 13:51:55 - INFO - Filtered PMTfied file saved to: /lustre/hpc/project/icecube/HE_Nu_Aske_Oct2024/PMTfied_filtered/Snowstorm/MuonLike_PureNu/22018/16/PMTfied_10.parquet
2025-02-15 13:51:56 - INFO - Filtered PMTfied file saved to: /lustre/hpc/project/icecube/HE_Nu_Aske_Oct2024/PMTfied_filtered/Snowstorm/MuonLike_PureNu/22018/16/PMTfied_14.parquet
2025-02-15 13:51:56 - INFO - Filtered PMTfied file saved to: /lustre/hpc/project/icecube/HE_Nu_Aske_Oct2024/PMTfied_filtered/Snowstorm/MuonLike_PureNu/22018/16/PMTfied_18.parquet
2025-02-15 13:51:57 - INFO - Filtered PMTfied file saved to: /lustre/hpc/project/icecube/HE_Nu_Aske_Oct2024/PMTfied_filtered/Snowstorm/MuonLike_PureNu/22018/16/PMTfied_5.parquet
2025-02-15 13:51:59 - INFO - Filtered PMTfied file saved to: /lustre/hpc/project/icecube/HE_Nu_Aske_Oct2024/PMTfied_filtered/Snowstorm/MuonLike_PureNu/22018/16/PMTfied_1.parquet
2025-02-15 13:52:00 - INFO - Filtered PMTfied file saved to: /lustre/hpc/project/icecube/HE_Nu_Aske_Oct2024/PMTfied_filtered/Snowstorm/MuonLike_PureNu/22018/16/PMTfied_9.parquet
2025-02-15 13:52:01 - INFO - Filtered PMTfied file saved to: /lustre/hpc/project/icecube/HE_Nu_Aske_Oct2024/PMTfied_filtered/Snowstorm/MuonLike_PureNu/22018/16/PMTfied_12.parquet
2025-02-15 13:52:02 - INFO - Filtered PMTfied file saved to: /lustre/hpc/project/icecube/HE_Nu_Aske_Oct2024/PMTfied_filtered/Snowstorm/MuonLike_PureNu/22018/16/PMTfied_16.parquet
2025-02-15 13:52:04 - INFO - Filtered PMTfied file saved to: /lustre/hpc/project/icecube/HE_Nu_Aske_Oct2024/PMTfied_filtered/Snowstorm/MuonLike_PureNu/22018/16/PMTfied_7.parquet
2025-02-15 13:52:06 - INFO - Filtered PMTfied file saved to: /lustre/hpc/project/icecube/HE_Nu_Aske_Oct2024/PMTfied_filtered/Snowstorm/MuonLike_PureNu/22018/16/PMTfied_3.parquet
2025-02-15 13:52:07 - INFO - Filtered PMTfied file saved to: /lustre/hpc/project/icecube/HE_Nu_Aske_Oct2024/PMTfied_filtered/Snowstorm/MuonLike_PureNu/22018/16/PMTfied_6.parquet
2025-02-15 13:52:09 - INFO - Filtered PMTfied file saved to: /lustre/hpc/project/icecube/HE_Nu_Aske_Oct2024/PMTfied_filtered/Snowstorm/MuonLike_PureNu/22018/16/PMTfied_2.parquet
2025-02-15 13:52:10 - INFO - Filtered PMTfied file saved to: /lustre/hpc/project/icecube/HE_Nu_Aske_Oct2024/PMTfied_filtered/Snowstorm/MuonLike_PureNu/22018/16/PMTfied_13.parquet
2025-02-15 13:52:11 - INFO - Filtered PMTfied file saved to: /lustre/hpc/project/icecube/HE_Nu_Aske_Oct2024/PMTfied_filtered/Snowstorm/MuonLike_PureNu/22018/16/PMTfied_17.parquet
2025-02-15 13:52:11 - INFO - Filtering process completed.
2025-02-15 13:52:11 - INFO - Filtering process completed.
2025-02-15 13:52:11 - INFO - Unified receipt generated: /lustre/hpc/project/icecube/HE_Nu_Aske_Oct2024/PMTfied_filtered/Snowstorm/MuonLike_PureNu/22018/[Receipt]22018_16.json
2025-02-15 13:52:11 - INFO - Filtering process completed.
Job completed at Sat Feb 15 01:52:11 PM CET 2025
