Starting job at Mon Feb 17 04:00:19 PM CET 2025
Running Filter_by_part.py for subdirectory 22018, part 6
2025-02-17 16:00:19 - INFO - Event filtering process starts...
2025-02-17 16:00:19 - INFO - Initialized PureNeutrinoEventFilter filter for 22018/6
2025-02-17 16:00:20 - INFO - Loaded 18 event specifier files from /lustre/hpc/project/icecube/HE_Nu_Aske_Oct2024/clean_events_dict/22018/22018/reduced
2025-02-17 16:00:20 - INFO - Selected 10 CSV files covering event range [224, 9565]
2025-02-17 16:00:21 - INFO - Loaded 434247 valid (RunID, EventID) pairs from CSV files
2025-02-17 16:00:21 - INFO - Extracted 25817 valid events based on pure neutrino events.
2025-02-17 16:00:21 - INFO - Initialized CompositeEventFilter filter for 22018/6
2025-02-17 16:00:21 - INFO - Initialized (PureNu)
2025-02-17 16:00:21 - INFO - Starting filtering process for 22018/6
2025-02-17 16:00:21 - INFO - Starting filtering process for 22018/6
2025-02-17 16:00:22 - INFO - Recalculated 'offset' column based on 'N_doms' values within each 'shard_no' group.
2025-02-17 16:00:22 - INFO - Filtered truth file saved to: /lustre/hpc/project/icecube/HE_Nu_Aske_Oct2024/PMTfied_filtered/Snowstorm/PureNu/22018/truth_6.parquet
2025-02-17 16:00:23 - INFO - Filtered PMTfied file saved to: /lustre/hpc/project/icecube/HE_Nu_Aske_Oct2024/PMTfied_filtered/Snowstorm/PureNu/22018/6/PMTfied_11.parquet
2025-02-17 16:00:25 - INFO - Filtered PMTfied file saved to: /lustre/hpc/project/icecube/HE_Nu_Aske_Oct2024/PMTfied_filtered/Snowstorm/PureNu/22018/6/PMTfied_15.parquet
2025-02-17 16:00:26 - INFO - Filtered PMTfied file saved to: /lustre/hpc/project/icecube/HE_Nu_Aske_Oct2024/PMTfied_filtered/Snowstorm/PureNu/22018/6/PMTfied_6.parquet
2025-02-17 16:00:28 - INFO - Filtered PMTfied file saved to: /lustre/hpc/project/icecube/HE_Nu_Aske_Oct2024/PMTfied_filtered/Snowstorm/PureNu/22018/6/PMTfied_2.parquet
2025-02-17 16:00:29 - INFO - Filtered PMTfied file saved to: /lustre/hpc/project/icecube/HE_Nu_Aske_Oct2024/PMTfied_filtered/Snowstorm/PureNu/22018/6/PMTfied_7.parquet
2025-02-17 16:00:30 - INFO - Filtered PMTfied file saved to: /lustre/hpc/project/icecube/HE_Nu_Aske_Oct2024/PMTfied_filtered/Snowstorm/PureNu/22018/6/PMTfied_3.parquet
2025-02-17 16:00:32 - INFO - Filtered PMTfied file saved to: /lustre/hpc/project/icecube/HE_Nu_Aske_Oct2024/PMTfied_filtered/Snowstorm/PureNu/22018/6/PMTfied_10.parquet
2025-02-17 16:00:33 - INFO - Filtered PMTfied file saved to: /lustre/hpc/project/icecube/HE_Nu_Aske_Oct2024/PMTfied_filtered/Snowstorm/PureNu/22018/6/PMTfied_14.parquet
2025-02-17 16:00:33 - INFO - Filtered PMTfied file saved to: /lustre/hpc/project/icecube/HE_Nu_Aske_Oct2024/PMTfied_filtered/Snowstorm/PureNu/22018/6/PMTfied_18.parquet
2025-02-17 16:00:35 - INFO - Filtered PMTfied file saved to: /lustre/hpc/project/icecube/HE_Nu_Aske_Oct2024/PMTfied_filtered/Snowstorm/PureNu/22018/6/PMTfied_5.parquet
2025-02-17 16:00:36 - INFO - Filtered PMTfied file saved to: /lustre/hpc/project/icecube/HE_Nu_Aske_Oct2024/PMTfied_filtered/Snowstorm/PureNu/22018/6/PMTfied_1.parquet
2025-02-17 16:00:37 - INFO - Filtered PMTfied file saved to: /lustre/hpc/project/icecube/HE_Nu_Aske_Oct2024/PMTfied_filtered/Snowstorm/PureNu/22018/6/PMTfied_9.parquet
2025-02-17 16:00:39 - INFO - Filtered PMTfied file saved to: /lustre/hpc/project/icecube/HE_Nu_Aske_Oct2024/PMTfied_filtered/Snowstorm/PureNu/22018/6/PMTfied_12.parquet
2025-02-17 16:00:40 - INFO - Filtered PMTfied file saved to: /lustre/hpc/project/icecube/HE_Nu_Aske_Oct2024/PMTfied_filtered/Snowstorm/PureNu/22018/6/PMTfied_16.parquet
2025-02-17 16:00:41 - INFO - Filtered PMTfied file saved to: /lustre/hpc/project/icecube/HE_Nu_Aske_Oct2024/PMTfied_filtered/Snowstorm/PureNu/22018/6/PMTfied_13.parquet
2025-02-17 16:00:42 - INFO - Filtered PMTfied file saved to: /lustre/hpc/project/icecube/HE_Nu_Aske_Oct2024/PMTfied_filtered/Snowstorm/PureNu/22018/6/PMTfied_17.parquet
2025-02-17 16:00:44 - INFO - Filtered PMTfied file saved to: /lustre/hpc/project/icecube/HE_Nu_Aske_Oct2024/PMTfied_filtered/Snowstorm/PureNu/22018/6/PMTfied_8.parquet
2025-02-17 16:00:45 - INFO - Filtered PMTfied file saved to: /lustre/hpc/project/icecube/HE_Nu_Aske_Oct2024/PMTfied_filtered/Snowstorm/PureNu/22018/6/PMTfied_4.parquet
2025-02-17 16:00:45 - INFO - Filtering process completed.
2025-02-17 16:00:45 - INFO - Filtering process completed.
2025-02-17 16:00:45 - INFO - Unified receipt generated: /lustre/hpc/project/icecube/HE_Nu_Aske_Oct2024/PMTfied_filtered/Snowstorm/PureNu/22018/[Receipt]22018_6.json
2025-02-17 16:00:45 - INFO - Filtering process completed.
Job completed at Mon Feb 17 04:00:45 PM CET 2025
