Starting job at Thu Feb 13 06:18:11 PM CET 2025
Running Filter_by_part.py for subdirectory 22018, part 13
2025-02-13 18:18:11 - INFO - Event filtering process starts...
2025-02-13 18:18:11 - INFO - Initialized PureNeutrinoEventFilter
2025-02-13 18:18:11 - INFO - Starting filtering process for 22018/13
2025-02-13 18:18:12 - INFO - Loaded 18 event specifier files from /lustre/hpc/project/icecube/HE_Nu_Aske_Oct2024/clean_events_dict/22018/22018/reduced
2025-02-13 18:18:12 - INFO - Selected 5 CSV files covering event range [9384, 13816]
2025-02-13 18:18:12 - INFO - Loaded 216677 valid (RunID, EventID) pairs from CSV files
2025-02-13 18:18:13 - INFO - Recalculated 'offset' column based on filtered 'N_doms' values.
2025-02-13 18:18:14 - INFO - Filtered truth file saved to: /lustre/hpc/project/icecube/HE_Nu_Aske_Oct2024/PMTfied_filtered/PureNu/Snowstorm/22018/truth_13.parquet
2025-02-13 18:18:14 - INFO - Receipt file saved to: /lustre/hpc/project/icecube/HE_Nu_Aske_Oct2024/PMTfied_filtered/PureNu/Snowstorm/22018/[Receipt]22018_13.json
2025-02-13 18:18:15 - INFO - Filtered PMTfied file saved to: /lustre/hpc/project/icecube/HE_Nu_Aske_Oct2024/PMTfied_filtered/PureNu/Snowstorm/22018/13/PMTfied_9.parquet
2025-02-13 18:18:16 - INFO - Filtered PMTfied file saved to: /lustre/hpc/project/icecube/HE_Nu_Aske_Oct2024/PMTfied_filtered/PureNu/Snowstorm/22018/13/PMTfied_1.parquet
2025-02-13 18:18:18 - INFO - Filtered PMTfied file saved to: /lustre/hpc/project/icecube/HE_Nu_Aske_Oct2024/PMTfied_filtered/PureNu/Snowstorm/22018/13/PMTfied_5.parquet
2025-02-13 18:18:19 - INFO - Filtered PMTfied file saved to: /lustre/hpc/project/icecube/HE_Nu_Aske_Oct2024/PMTfied_filtered/PureNu/Snowstorm/22018/13/PMTfied_14.parquet
2025-02-13 18:18:20 - INFO - Filtered PMTfied file saved to: /lustre/hpc/project/icecube/HE_Nu_Aske_Oct2024/PMTfied_filtered/PureNu/Snowstorm/22018/13/PMTfied_10.parquet
2025-02-13 18:18:22 - INFO - Filtered PMTfied file saved to: /lustre/hpc/project/icecube/HE_Nu_Aske_Oct2024/PMTfied_filtered/PureNu/Snowstorm/22018/13/PMTfied_4.parquet
2025-02-13 18:18:23 - INFO - Filtered PMTfied file saved to: /lustre/hpc/project/icecube/HE_Nu_Aske_Oct2024/PMTfied_filtered/PureNu/Snowstorm/22018/13/PMTfied_8.parquet
2025-02-13 18:18:24 - INFO - Filtered PMTfied file saved to: /lustre/hpc/project/icecube/HE_Nu_Aske_Oct2024/PMTfied_filtered/PureNu/Snowstorm/22018/13/PMTfied_15.parquet
2025-02-13 18:18:26 - INFO - Filtered PMTfied file saved to: /lustre/hpc/project/icecube/HE_Nu_Aske_Oct2024/PMTfied_filtered/PureNu/Snowstorm/22018/13/PMTfied_11.parquet
2025-02-13 18:18:27 - INFO - Filtered PMTfied file saved to: /lustre/hpc/project/icecube/HE_Nu_Aske_Oct2024/PMTfied_filtered/PureNu/Snowstorm/22018/13/PMTfied_2.parquet
2025-02-13 18:18:28 - INFO - Filtered PMTfied file saved to: /lustre/hpc/project/icecube/HE_Nu_Aske_Oct2024/PMTfied_filtered/PureNu/Snowstorm/22018/13/PMTfied_6.parquet
2025-02-13 18:18:29 - INFO - Filtered PMTfied file saved to: /lustre/hpc/project/icecube/HE_Nu_Aske_Oct2024/PMTfied_filtered/PureNu/Snowstorm/22018/13/PMTfied_17.parquet
2025-02-13 18:18:31 - INFO - Filtered PMTfied file saved to: /lustre/hpc/project/icecube/HE_Nu_Aske_Oct2024/PMTfied_filtered/PureNu/Snowstorm/22018/13/PMTfied_13.parquet
2025-02-13 18:18:32 - INFO - Filtered PMTfied file saved to: /lustre/hpc/project/icecube/HE_Nu_Aske_Oct2024/PMTfied_filtered/PureNu/Snowstorm/22018/13/PMTfied_3.parquet
2025-02-13 18:18:33 - INFO - Filtered PMTfied file saved to: /lustre/hpc/project/icecube/HE_Nu_Aske_Oct2024/PMTfied_filtered/PureNu/Snowstorm/22018/13/PMTfied_7.parquet
2025-02-13 18:18:35 - INFO - Filtered PMTfied file saved to: /lustre/hpc/project/icecube/HE_Nu_Aske_Oct2024/PMTfied_filtered/PureNu/Snowstorm/22018/13/PMTfied_16.parquet
2025-02-13 18:18:36 - INFO - Filtered PMTfied file saved to: /lustre/hpc/project/icecube/HE_Nu_Aske_Oct2024/PMTfied_filtered/PureNu/Snowstorm/22018/13/PMTfied_12.parquet
2025-02-13 18:18:36 - INFO - Filtering process completed.
2025-02-13 18:18:36 - INFO - Filtering process completed for all selected filters.
2025-02-13 18:18:36 - INFO - Execution time: 24.99 seconds
2025-02-13 18:18:36 - INFO - Updated receipt with execution time: /lustre/hpc/project/icecube/HE_Nu_Aske_Oct2024/PMTfied_filtered/PureNu/Snowstorm/22018/[Receipt]22018_13.json
Job completed at Thu Feb 13 06:18:37 PM CET 2025
