Starting job at Sat Feb 15 01:50:57 PM CET 2025
Running Filter_by_part.py for subdirectory 22018, part 4
2025-02-15 13:50:58 - INFO - Event filtering process starts...
2025-02-15 13:50:58 - INFO - Initialized PureNeutrinoEventFilter filter for 22018/4
2025-02-15 13:50:58 - INFO - Loaded 18 event specifier files from /lustre/hpc/project/icecube/HE_Nu_Aske_Oct2024/clean_events_dict/22018/22018/reduced
2025-02-15 13:50:58 - INFO - Selected 5 CSV files covering event range [134, 4630]
2025-02-15 13:50:58 - INFO - Loaded 216772 valid (RunID, EventID) pairs from CSV files
2025-02-15 13:50:58 - INFO - Extracted 25175 valid events based on pure neutrino events.
2025-02-15 13:50:58 - INFO - Initialized Muon13Filter filter for 22018/4
2025-02-15 13:50:58 - INFO - Extracted 28977 valid events where MuonFilter_13==True.
2025-02-15 13:50:58 - INFO - Initialized CompositeEventFilter filter for 22018/4
2025-02-15 13:50:58 - INFO - Initialized (MuonLike_PureNu)
2025-02-15 13:50:58 - INFO - Starting filtering process for 22018/4
2025-02-15 13:50:58 - INFO - Starting filtering process for 22018/4
2025-02-15 13:50:59 - INFO - Recalculated 'offset' column based on filtered 'N_doms' values.
2025-02-15 13:51:00 - INFO - Filtered truth file saved to: /lustre/hpc/project/icecube/HE_Nu_Aske_Oct2024/PMTfied_filtered/Snowstorm/MuonLike_PureNu/22018/truth_4.parquet
2025-02-15 13:51:01 - INFO - Filtered PMTfied file saved to: /lustre/hpc/project/icecube/HE_Nu_Aske_Oct2024/PMTfied_filtered/Snowstorm/MuonLike_PureNu/22018/4/PMTfied_8.parquet
2025-02-15 13:51:02 - INFO - Filtered PMTfied file saved to: /lustre/hpc/project/icecube/HE_Nu_Aske_Oct2024/PMTfied_filtered/Snowstorm/MuonLike_PureNu/22018/4/PMTfied_15.parquet
2025-02-15 13:51:03 - INFO - Filtered PMTfied file saved to: /lustre/hpc/project/icecube/HE_Nu_Aske_Oct2024/PMTfied_filtered/Snowstorm/MuonLike_PureNu/22018/4/PMTfied_11.parquet
2025-02-15 13:51:04 - INFO - Filtered PMTfied file saved to: /lustre/hpc/project/icecube/HE_Nu_Aske_Oct2024/PMTfied_filtered/Snowstorm/MuonLike_PureNu/22018/4/PMTfied_4.parquet
2025-02-15 13:51:05 - INFO - Filtered PMTfied file saved to: /lustre/hpc/project/icecube/HE_Nu_Aske_Oct2024/PMTfied_filtered/Snowstorm/MuonLike_PureNu/22018/4/PMTfied_1.parquet
2025-02-15 13:51:06 - INFO - Filtered PMTfied file saved to: /lustre/hpc/project/icecube/HE_Nu_Aske_Oct2024/PMTfied_filtered/Snowstorm/MuonLike_PureNu/22018/4/PMTfied_14.parquet
2025-02-15 13:51:08 - INFO - Filtered PMTfied file saved to: /lustre/hpc/project/icecube/HE_Nu_Aske_Oct2024/PMTfied_filtered/Snowstorm/MuonLike_PureNu/22018/4/PMTfied_10.parquet
2025-02-15 13:51:09 - INFO - Filtered PMTfied file saved to: /lustre/hpc/project/icecube/HE_Nu_Aske_Oct2024/PMTfied_filtered/Snowstorm/MuonLike_PureNu/22018/4/PMTfied_5.parquet
2025-02-15 13:51:11 - INFO - Filtered PMTfied file saved to: /lustre/hpc/project/icecube/HE_Nu_Aske_Oct2024/PMTfied_filtered/Snowstorm/MuonLike_PureNu/22018/4/PMTfied_9.parquet
2025-02-15 13:51:12 - INFO - Filtered PMTfied file saved to: /lustre/hpc/project/icecube/HE_Nu_Aske_Oct2024/PMTfied_filtered/Snowstorm/MuonLike_PureNu/22018/4/PMTfied_3.parquet
2025-02-15 13:51:13 - INFO - Filtered PMTfied file saved to: /lustre/hpc/project/icecube/HE_Nu_Aske_Oct2024/PMTfied_filtered/Snowstorm/MuonLike_PureNu/22018/4/PMTfied_16.parquet
2025-02-15 13:51:14 - INFO - Filtered PMTfied file saved to: /lustre/hpc/project/icecube/HE_Nu_Aske_Oct2024/PMTfied_filtered/Snowstorm/MuonLike_PureNu/22018/4/PMTfied_12.parquet
2025-02-15 13:51:15 - INFO - Filtered PMTfied file saved to: /lustre/hpc/project/icecube/HE_Nu_Aske_Oct2024/PMTfied_filtered/Snowstorm/MuonLike_PureNu/22018/4/PMTfied_7.parquet
2025-02-15 13:51:16 - INFO - Filtered PMTfied file saved to: /lustre/hpc/project/icecube/HE_Nu_Aske_Oct2024/PMTfied_filtered/Snowstorm/MuonLike_PureNu/22018/4/PMTfied_2.parquet
2025-02-15 13:51:17 - INFO - Filtered PMTfied file saved to: /lustre/hpc/project/icecube/HE_Nu_Aske_Oct2024/PMTfied_filtered/Snowstorm/MuonLike_PureNu/22018/4/PMTfied_17.parquet
2025-02-15 13:51:19 - INFO - Filtered PMTfied file saved to: /lustre/hpc/project/icecube/HE_Nu_Aske_Oct2024/PMTfied_filtered/Snowstorm/MuonLike_PureNu/22018/4/PMTfied_13.parquet
2025-02-15 13:51:20 - INFO - Filtered PMTfied file saved to: /lustre/hpc/project/icecube/HE_Nu_Aske_Oct2024/PMTfied_filtered/Snowstorm/MuonLike_PureNu/22018/4/PMTfied_6.parquet
2025-02-15 13:51:20 - INFO - Filtering process completed.
2025-02-15 13:51:20 - INFO - Filtering process completed.
2025-02-15 13:51:20 - INFO - Unified receipt generated: /lustre/hpc/project/icecube/HE_Nu_Aske_Oct2024/PMTfied_filtered/Snowstorm/MuonLike_PureNu/22018/[Receipt]22018_4.json
2025-02-15 13:51:20 - INFO - Filtering process completed.
Job completed at Sat Feb 15 01:51:20 PM CET 2025
