Starting job at Thu Feb 13 05:16:04 PM CET 2025
Running Filter_by_part.py for subdirectory 22018, part 17
2025-02-13 17:16:04 - INFO - Event filtering process starts...
2025-02-13 17:16:04 - INFO - Initialized Muon13Filter
2025-02-13 17:16:04 - INFO - Starting filtering process for 22018/17
2025-02-13 17:16:06 - INFO - Recalculated 'offset' column based on filtered 'N_doms' values.
2025-02-13 17:16:06 - INFO - Filtered truth file saved to: /lustre/hpc/project/icecube/HE_Nu_Aske_Oct2024/PMTfied_filtered/MuonLike/Snowstorm/22018/truth_17.parquet
2025-02-13 17:16:06 - INFO - Receipt file saved to: /lustre/hpc/project/icecube/HE_Nu_Aske_Oct2024/PMTfied_filtered/MuonLike/Snowstorm/22018/[Receipt]22018_17.json
2025-02-13 17:16:08 - INFO - Filtered PMTfied file saved to: /lustre/hpc/project/icecube/HE_Nu_Aske_Oct2024/PMTfied_filtered/MuonLike/Snowstorm/22018/17/PMTfied_5.parquet
2025-02-13 17:16:08 - INFO - Filtered PMTfied file saved to: /lustre/hpc/project/icecube/HE_Nu_Aske_Oct2024/PMTfied_filtered/MuonLike/Snowstorm/22018/17/PMTfied_18.parquet
2025-02-13 17:16:10 - INFO - Filtered PMTfied file saved to: /lustre/hpc/project/icecube/HE_Nu_Aske_Oct2024/PMTfied_filtered/MuonLike/Snowstorm/22018/17/PMTfied_1.parquet
2025-02-13 17:16:11 - INFO - Filtered PMTfied file saved to: /lustre/hpc/project/icecube/HE_Nu_Aske_Oct2024/PMTfied_filtered/MuonLike/Snowstorm/22018/17/PMTfied_9.parquet
2025-02-13 17:16:13 - INFO - Filtered PMTfied file saved to: /lustre/hpc/project/icecube/HE_Nu_Aske_Oct2024/PMTfied_filtered/MuonLike/Snowstorm/22018/17/PMTfied_10.parquet
2025-02-13 17:16:14 - INFO - Filtered PMTfied file saved to: /lustre/hpc/project/icecube/HE_Nu_Aske_Oct2024/PMTfied_filtered/MuonLike/Snowstorm/22018/17/PMTfied_14.parquet
2025-02-13 17:16:16 - INFO - Filtered PMTfied file saved to: /lustre/hpc/project/icecube/HE_Nu_Aske_Oct2024/PMTfied_filtered/MuonLike/Snowstorm/22018/17/PMTfied_8.parquet
2025-02-13 17:16:17 - INFO - Filtered PMTfied file saved to: /lustre/hpc/project/icecube/HE_Nu_Aske_Oct2024/PMTfied_filtered/MuonLike/Snowstorm/22018/17/PMTfied_11.parquet
2025-02-13 17:16:19 - INFO - Filtered PMTfied file saved to: /lustre/hpc/project/icecube/HE_Nu_Aske_Oct2024/PMTfied_filtered/MuonLike/Snowstorm/22018/17/PMTfied_15.parquet
2025-02-13 17:16:20 - INFO - Filtered PMTfied file saved to: /lustre/hpc/project/icecube/HE_Nu_Aske_Oct2024/PMTfied_filtered/MuonLike/Snowstorm/22018/17/PMTfied_4.parquet
2025-02-13 17:16:21 - INFO - Filtered PMTfied file saved to: /lustre/hpc/project/icecube/HE_Nu_Aske_Oct2024/PMTfied_filtered/MuonLike/Snowstorm/22018/17/PMTfied_13.parquet
2025-02-13 17:16:23 - INFO - Filtered PMTfied file saved to: /lustre/hpc/project/icecube/HE_Nu_Aske_Oct2024/PMTfied_filtered/MuonLike/Snowstorm/22018/17/PMTfied_17.parquet
2025-02-13 17:16:24 - INFO - Filtered PMTfied file saved to: /lustre/hpc/project/icecube/HE_Nu_Aske_Oct2024/PMTfied_filtered/MuonLike/Snowstorm/22018/17/PMTfied_6.parquet
2025-02-13 17:16:26 - INFO - Filtered PMTfied file saved to: /lustre/hpc/project/icecube/HE_Nu_Aske_Oct2024/PMTfied_filtered/MuonLike/Snowstorm/22018/17/PMTfied_2.parquet
2025-02-13 17:16:27 - INFO - Filtered PMTfied file saved to: /lustre/hpc/project/icecube/HE_Nu_Aske_Oct2024/PMTfied_filtered/MuonLike/Snowstorm/22018/17/PMTfied_7.parquet
2025-02-13 17:16:28 - INFO - Filtered PMTfied file saved to: /lustre/hpc/project/icecube/HE_Nu_Aske_Oct2024/PMTfied_filtered/MuonLike/Snowstorm/22018/17/PMTfied_3.parquet
2025-02-13 17:16:30 - INFO - Filtered PMTfied file saved to: /lustre/hpc/project/icecube/HE_Nu_Aske_Oct2024/PMTfied_filtered/MuonLike/Snowstorm/22018/17/PMTfied_12.parquet
2025-02-13 17:16:32 - INFO - Filtered PMTfied file saved to: /lustre/hpc/project/icecube/HE_Nu_Aske_Oct2024/PMTfied_filtered/MuonLike/Snowstorm/22018/17/PMTfied_16.parquet
2025-02-13 17:16:32 - INFO - Filtering process completed.
2025-02-13 17:16:32 - INFO - Filtering process completed for all selected filters.
2025-02-13 17:16:32 - INFO - Execution time: 27.58 seconds
2025-02-13 17:16:32 - INFO - Updated receipt with execution time: /lustre/hpc/project/icecube/HE_Nu_Aske_Oct2024/PMTfied_filtered/MuonLike/Snowstorm/22018/[Receipt]22018_17.json
Job completed at Thu Feb 13 05:16:32 PM CET 2025
