Starting job at Mon Feb 17 04:12:02 PM CET 2025
Running Filter_by_part.py for subdirectory 22018, part 9
2025-02-17 16:12:02 - INFO - Event filtering process starts...
2025-02-17 16:12:02 - INFO - Initialized Muon13Filter filter for 22018/9
2025-02-17 16:12:02 - INFO - Extracted 28873 valid events where MuonFilter_13==True.
2025-02-17 16:12:02 - INFO - Initialized CompositeEventFilter filter for 22018/9
2025-02-17 16:12:02 - INFO - Initialized (MuonLike)
2025-02-17 16:12:02 - INFO - Starting filtering process for 22018/9
2025-02-17 16:12:02 - INFO - Starting filtering process for 22018/9
2025-02-17 16:12:03 - INFO - Recalculated 'offset' column based on 'N_doms' values within each 'shard_no' group.
2025-02-17 16:12:03 - INFO - Filtered truth file saved to: /lustre/hpc/project/icecube/HE_Nu_Aske_Oct2024/PMTfied_filtered/Snowstorm/MuonLike/22018/truth_9.parquet
2025-02-17 16:12:04 - INFO - Filtered PMTfied file saved to: /lustre/hpc/project/icecube/HE_Nu_Aske_Oct2024/PMTfied_filtered/Snowstorm/MuonLike/22018/9/PMTfied_1.parquet
2025-02-17 16:12:08 - INFO - Filtered PMTfied file saved to: /lustre/hpc/project/icecube/HE_Nu_Aske_Oct2024/PMTfied_filtered/Snowstorm/MuonLike/22018/9/PMTfied_5.parquet
2025-02-17 16:12:09 - INFO - Filtered PMTfied file saved to: /lustre/hpc/project/icecube/HE_Nu_Aske_Oct2024/PMTfied_filtered/Snowstorm/MuonLike/22018/9/PMTfied_9.parquet
2025-02-17 16:12:10 - INFO - Filtered PMTfied file saved to: /lustre/hpc/project/icecube/HE_Nu_Aske_Oct2024/PMTfied_filtered/Snowstorm/MuonLike/22018/9/PMTfied_11.parquet
2025-02-17 16:12:10 - INFO - Filtered PMTfied file saved to: /lustre/hpc/project/icecube/HE_Nu_Aske_Oct2024/PMTfied_filtered/Snowstorm/MuonLike/22018/9/PMTfied_15.parquet
2025-02-17 16:12:11 - INFO - Filtered PMTfied file saved to: /lustre/hpc/project/icecube/HE_Nu_Aske_Oct2024/PMTfied_filtered/Snowstorm/MuonLike/22018/9/PMTfied_10.parquet
2025-02-17 16:12:12 - INFO - Filtered PMTfied file saved to: /lustre/hpc/project/icecube/HE_Nu_Aske_Oct2024/PMTfied_filtered/Snowstorm/MuonLike/22018/9/PMTfied_14.parquet
2025-02-17 16:12:13 - INFO - Filtered PMTfied file saved to: /lustre/hpc/project/icecube/HE_Nu_Aske_Oct2024/PMTfied_filtered/Snowstorm/MuonLike/22018/9/PMTfied_8.parquet
2025-02-17 16:12:13 - INFO - Filtered PMTfied file saved to: /lustre/hpc/project/icecube/HE_Nu_Aske_Oct2024/PMTfied_filtered/Snowstorm/MuonLike/22018/9/PMTfied_4.parquet
2025-02-17 16:12:14 - INFO - Filtered PMTfied file saved to: /lustre/hpc/project/icecube/HE_Nu_Aske_Oct2024/PMTfied_filtered/Snowstorm/MuonLike/22018/9/PMTfied_12.parquet
2025-02-17 16:12:15 - INFO - Filtered PMTfied file saved to: /lustre/hpc/project/icecube/HE_Nu_Aske_Oct2024/PMTfied_filtered/Snowstorm/MuonLike/22018/9/PMTfied_16.parquet
2025-02-17 16:12:15 - INFO - Filtered PMTfied file saved to: /lustre/hpc/project/icecube/HE_Nu_Aske_Oct2024/PMTfied_filtered/Snowstorm/MuonLike/22018/9/PMTfied_2.parquet
2025-02-17 16:12:16 - INFO - Filtered PMTfied file saved to: /lustre/hpc/project/icecube/HE_Nu_Aske_Oct2024/PMTfied_filtered/Snowstorm/MuonLike/22018/9/PMTfied_6.parquet
2025-02-17 16:12:17 - INFO - Filtered PMTfied file saved to: /lustre/hpc/project/icecube/HE_Nu_Aske_Oct2024/PMTfied_filtered/Snowstorm/MuonLike/22018/9/PMTfied_3.parquet
2025-02-17 16:12:18 - INFO - Filtered PMTfied file saved to: /lustre/hpc/project/icecube/HE_Nu_Aske_Oct2024/PMTfied_filtered/Snowstorm/MuonLike/22018/9/PMTfied_7.parquet
2025-02-17 16:12:18 - INFO - Filtered PMTfied file saved to: /lustre/hpc/project/icecube/HE_Nu_Aske_Oct2024/PMTfied_filtered/Snowstorm/MuonLike/22018/9/PMTfied_13.parquet
2025-02-17 16:12:19 - INFO - Filtered PMTfied file saved to: /lustre/hpc/project/icecube/HE_Nu_Aske_Oct2024/PMTfied_filtered/Snowstorm/MuonLike/22018/9/PMTfied_17.parquet
2025-02-17 16:12:19 - INFO - Filtering process completed.
2025-02-17 16:12:19 - INFO - Filtering process completed.
2025-02-17 16:12:19 - INFO - Unified receipt generated: /lustre/hpc/project/icecube/HE_Nu_Aske_Oct2024/PMTfied_filtered/Snowstorm/MuonLike/22018/[Receipt]22018_9.json
2025-02-17 16:12:19 - INFO - Filtering process completed.
Job completed at Mon Feb 17 04:12:19 PM CET 2025
