Starting job at Sat Feb 15 01:51:11 PM CET 2025
Running Filter_by_part.py for subdirectory 22018, part 6
2025-02-15 13:51:12 - INFO - Event filtering process starts...
2025-02-15 13:51:12 - INFO - Initialized PureNeutrinoEventFilter filter for 22018/6
2025-02-15 13:51:12 - INFO - Loaded 18 event specifier files from /lustre/hpc/project/icecube/HE_Nu_Aske_Oct2024/clean_events_dict/22018/22018/reduced
2025-02-15 13:51:12 - INFO - Selected 10 CSV files covering event range [224, 9565]
2025-02-15 13:51:13 - INFO - Loaded 434247 valid (RunID, EventID) pairs from CSV files
2025-02-15 13:51:13 - INFO - Extracted 25817 valid events based on pure neutrino events.
2025-02-15 13:51:13 - INFO - Initialized Muon13Filter filter for 22018/6
2025-02-15 13:51:13 - INFO - Extracted 29463 valid events where MuonFilter_13==True.
2025-02-15 13:51:13 - INFO - Initialized CompositeEventFilter filter for 22018/6
2025-02-15 13:51:13 - INFO - Initialized (MuonLike_PureNu)
2025-02-15 13:51:13 - INFO - Starting filtering process for 22018/6
2025-02-15 13:51:13 - INFO - Starting filtering process for 22018/6
2025-02-15 13:51:14 - INFO - Recalculated 'offset' column based on filtered 'N_doms' values.
2025-02-15 13:51:14 - INFO - Filtered truth file saved to: /lustre/hpc/project/icecube/HE_Nu_Aske_Oct2024/PMTfied_filtered/Snowstorm/MuonLike_PureNu/22018/truth_6.parquet
2025-02-15 13:51:15 - INFO - Filtered PMTfied file saved to: /lustre/hpc/project/icecube/HE_Nu_Aske_Oct2024/PMTfied_filtered/Snowstorm/MuonLike_PureNu/22018/6/PMTfied_11.parquet
2025-02-15 13:51:16 - INFO - Filtered PMTfied file saved to: /lustre/hpc/project/icecube/HE_Nu_Aske_Oct2024/PMTfied_filtered/Snowstorm/MuonLike_PureNu/22018/6/PMTfied_15.parquet
2025-02-15 13:51:18 - INFO - Filtered PMTfied file saved to: /lustre/hpc/project/icecube/HE_Nu_Aske_Oct2024/PMTfied_filtered/Snowstorm/MuonLike_PureNu/22018/6/PMTfied_6.parquet
2025-02-15 13:51:19 - INFO - Filtered PMTfied file saved to: /lustre/hpc/project/icecube/HE_Nu_Aske_Oct2024/PMTfied_filtered/Snowstorm/MuonLike_PureNu/22018/6/PMTfied_2.parquet
2025-02-15 13:51:20 - INFO - Filtered PMTfied file saved to: /lustre/hpc/project/icecube/HE_Nu_Aske_Oct2024/PMTfied_filtered/Snowstorm/MuonLike_PureNu/22018/6/PMTfied_7.parquet
2025-02-15 13:51:21 - INFO - Filtered PMTfied file saved to: /lustre/hpc/project/icecube/HE_Nu_Aske_Oct2024/PMTfied_filtered/Snowstorm/MuonLike_PureNu/22018/6/PMTfied_3.parquet
2025-02-15 13:51:22 - INFO - Filtered PMTfied file saved to: /lustre/hpc/project/icecube/HE_Nu_Aske_Oct2024/PMTfied_filtered/Snowstorm/MuonLike_PureNu/22018/6/PMTfied_10.parquet
2025-02-15 13:51:23 - INFO - Filtered PMTfied file saved to: /lustre/hpc/project/icecube/HE_Nu_Aske_Oct2024/PMTfied_filtered/Snowstorm/MuonLike_PureNu/22018/6/PMTfied_14.parquet
2025-02-15 13:51:24 - INFO - Filtered PMTfied file saved to: /lustre/hpc/project/icecube/HE_Nu_Aske_Oct2024/PMTfied_filtered/Snowstorm/MuonLike_PureNu/22018/6/PMTfied_18.parquet
2025-02-15 13:51:25 - INFO - Filtered PMTfied file saved to: /lustre/hpc/project/icecube/HE_Nu_Aske_Oct2024/PMTfied_filtered/Snowstorm/MuonLike_PureNu/22018/6/PMTfied_5.parquet
2025-02-15 13:51:26 - INFO - Filtered PMTfied file saved to: /lustre/hpc/project/icecube/HE_Nu_Aske_Oct2024/PMTfied_filtered/Snowstorm/MuonLike_PureNu/22018/6/PMTfied_1.parquet
2025-02-15 13:51:27 - INFO - Filtered PMTfied file saved to: /lustre/hpc/project/icecube/HE_Nu_Aske_Oct2024/PMTfied_filtered/Snowstorm/MuonLike_PureNu/22018/6/PMTfied_9.parquet
2025-02-15 13:51:28 - INFO - Filtered PMTfied file saved to: /lustre/hpc/project/icecube/HE_Nu_Aske_Oct2024/PMTfied_filtered/Snowstorm/MuonLike_PureNu/22018/6/PMTfied_12.parquet
2025-02-15 13:51:29 - INFO - Filtered PMTfied file saved to: /lustre/hpc/project/icecube/HE_Nu_Aske_Oct2024/PMTfied_filtered/Snowstorm/MuonLike_PureNu/22018/6/PMTfied_16.parquet
2025-02-15 13:51:30 - INFO - Filtered PMTfied file saved to: /lustre/hpc/project/icecube/HE_Nu_Aske_Oct2024/PMTfied_filtered/Snowstorm/MuonLike_PureNu/22018/6/PMTfied_13.parquet
2025-02-15 13:51:31 - INFO - Filtered PMTfied file saved to: /lustre/hpc/project/icecube/HE_Nu_Aske_Oct2024/PMTfied_filtered/Snowstorm/MuonLike_PureNu/22018/6/PMTfied_17.parquet
2025-02-15 13:51:32 - INFO - Filtered PMTfied file saved to: /lustre/hpc/project/icecube/HE_Nu_Aske_Oct2024/PMTfied_filtered/Snowstorm/MuonLike_PureNu/22018/6/PMTfied_8.parquet
2025-02-15 13:51:34 - INFO - Filtered PMTfied file saved to: /lustre/hpc/project/icecube/HE_Nu_Aske_Oct2024/PMTfied_filtered/Snowstorm/MuonLike_PureNu/22018/6/PMTfied_4.parquet
2025-02-15 13:51:34 - INFO - Filtering process completed.
2025-02-15 13:51:34 - INFO - Filtering process completed.
2025-02-15 13:51:34 - INFO - Unified receipt generated: /lustre/hpc/project/icecube/HE_Nu_Aske_Oct2024/PMTfied_filtered/Snowstorm/MuonLike_PureNu/22018/[Receipt]22018_6.json
2025-02-15 13:51:34 - INFO - Filtering process completed.
Job completed at Sat Feb 15 01:51:34 PM CET 2025
