Starting job at Sat Feb 15 01:51:23 PM CET 2025
Running Filter_by_part.py for subdirectory 22018, part 12
2025-02-15 13:51:24 - INFO - Event filtering process starts...
2025-02-15 13:51:24 - INFO - Initialized PureNeutrinoEventFilter filter for 22018/12
2025-02-15 13:51:24 - INFO - Loaded 18 event specifier files from /lustre/hpc/project/icecube/HE_Nu_Aske_Oct2024/clean_events_dict/22018/22018/reduced
2025-02-15 13:51:24 - INFO - Selected 5 CSV files covering event range [9334, 13760]
2025-02-15 13:51:25 - INFO - Loaded 216677 valid (RunID, EventID) pairs from CSV files
2025-02-15 13:51:25 - INFO - Extracted 25362 valid events based on pure neutrino events.
2025-02-15 13:51:25 - INFO - Initialized Muon13Filter filter for 22018/12
2025-02-15 13:51:25 - INFO - Extracted 28960 valid events where MuonFilter_13==True.
2025-02-15 13:51:25 - INFO - Initialized CompositeEventFilter filter for 22018/12
2025-02-15 13:51:25 - INFO - Initialized (MuonLike_PureNu)
2025-02-15 13:51:25 - INFO - Starting filtering process for 22018/12
2025-02-15 13:51:25 - INFO - Starting filtering process for 22018/12
2025-02-15 13:51:26 - INFO - Recalculated 'offset' column based on filtered 'N_doms' values.
2025-02-15 13:51:26 - INFO - Filtered truth file saved to: /lustre/hpc/project/icecube/HE_Nu_Aske_Oct2024/PMTfied_filtered/Snowstorm/MuonLike_PureNu/22018/truth_12.parquet
2025-02-15 13:51:27 - INFO - Filtered PMTfied file saved to: /lustre/hpc/project/icecube/HE_Nu_Aske_Oct2024/PMTfied_filtered/Snowstorm/MuonLike_PureNu/22018/12/PMTfied_15.parquet
2025-02-15 13:51:28 - INFO - Filtered PMTfied file saved to: /lustre/hpc/project/icecube/HE_Nu_Aske_Oct2024/PMTfied_filtered/Snowstorm/MuonLike_PureNu/22018/12/PMTfied_11.parquet
2025-02-15 13:51:29 - INFO - Filtered PMTfied file saved to: /lustre/hpc/project/icecube/HE_Nu_Aske_Oct2024/PMTfied_filtered/Snowstorm/MuonLike_PureNu/22018/12/PMTfied_9.parquet
2025-02-15 13:51:31 - INFO - Filtered PMTfied file saved to: /lustre/hpc/project/icecube/HE_Nu_Aske_Oct2024/PMTfied_filtered/Snowstorm/MuonLike_PureNu/22018/12/PMTfied_5.parquet
2025-02-15 13:51:32 - INFO - Filtered PMTfied file saved to: /lustre/hpc/project/icecube/HE_Nu_Aske_Oct2024/PMTfied_filtered/Snowstorm/MuonLike_PureNu/22018/12/PMTfied_1.parquet
2025-02-15 13:51:33 - INFO - Filtered PMTfied file saved to: /lustre/hpc/project/icecube/HE_Nu_Aske_Oct2024/PMTfied_filtered/Snowstorm/MuonLike_PureNu/22018/12/PMTfied_4.parquet
2025-02-15 13:51:34 - INFO - Filtered PMTfied file saved to: /lustre/hpc/project/icecube/HE_Nu_Aske_Oct2024/PMTfied_filtered/Snowstorm/MuonLike_PureNu/22018/12/PMTfied_8.parquet
2025-02-15 13:51:35 - INFO - Filtered PMTfied file saved to: /lustre/hpc/project/icecube/HE_Nu_Aske_Oct2024/PMTfied_filtered/Snowstorm/MuonLike_PureNu/22018/12/PMTfied_14.parquet
2025-02-15 13:51:36 - INFO - Filtered PMTfied file saved to: /lustre/hpc/project/icecube/HE_Nu_Aske_Oct2024/PMTfied_filtered/Snowstorm/MuonLike_PureNu/22018/12/PMTfied_10.parquet
2025-02-15 13:51:37 - INFO - Filtered PMTfied file saved to: /lustre/hpc/project/icecube/HE_Nu_Aske_Oct2024/PMTfied_filtered/Snowstorm/MuonLike_PureNu/22018/12/PMTfied_6.parquet
2025-02-15 13:51:38 - INFO - Filtered PMTfied file saved to: /lustre/hpc/project/icecube/HE_Nu_Aske_Oct2024/PMTfied_filtered/Snowstorm/MuonLike_PureNu/22018/12/PMTfied_2.parquet
2025-02-15 13:51:40 - INFO - Filtered PMTfied file saved to: /lustre/hpc/project/icecube/HE_Nu_Aske_Oct2024/PMTfied_filtered/Snowstorm/MuonLike_PureNu/22018/12/PMTfied_16.parquet
2025-02-15 13:51:41 - INFO - Filtered PMTfied file saved to: /lustre/hpc/project/icecube/HE_Nu_Aske_Oct2024/PMTfied_filtered/Snowstorm/MuonLike_PureNu/22018/12/PMTfied_12.parquet
2025-02-15 13:51:42 - INFO - Filtered PMTfied file saved to: /lustre/hpc/project/icecube/HE_Nu_Aske_Oct2024/PMTfied_filtered/Snowstorm/MuonLike_PureNu/22018/12/PMTfied_17.parquet
2025-02-15 13:51:43 - INFO - Filtered PMTfied file saved to: /lustre/hpc/project/icecube/HE_Nu_Aske_Oct2024/PMTfied_filtered/Snowstorm/MuonLike_PureNu/22018/12/PMTfied_13.parquet
2025-02-15 13:51:44 - INFO - Filtered PMTfied file saved to: /lustre/hpc/project/icecube/HE_Nu_Aske_Oct2024/PMTfied_filtered/Snowstorm/MuonLike_PureNu/22018/12/PMTfied_7.parquet
2025-02-15 13:51:45 - INFO - Filtered PMTfied file saved to: /lustre/hpc/project/icecube/HE_Nu_Aske_Oct2024/PMTfied_filtered/Snowstorm/MuonLike_PureNu/22018/12/PMTfied_3.parquet
2025-02-15 13:51:45 - INFO - Filtering process completed.
2025-02-15 13:51:45 - INFO - Filtering process completed.
2025-02-15 13:51:45 - INFO - Unified receipt generated: /lustre/hpc/project/icecube/HE_Nu_Aske_Oct2024/PMTfied_filtered/Snowstorm/MuonLike_PureNu/22018/[Receipt]22018_12.json
2025-02-15 13:51:45 - INFO - Filtering process completed.
Job completed at Sat Feb 15 01:51:45 PM CET 2025
