Starting job at Mon Feb 17 04:00:13 PM CET 2025
Running Filter_by_part.py for subdirectory 22018, part 5
2025-02-17 16:00:13 - INFO - Event filtering process starts...
2025-02-17 16:00:13 - INFO - Initialized PureNeutrinoEventFilter filter for 22018/5
2025-02-17 16:00:14 - INFO - Loaded 18 event specifier files from /lustre/hpc/project/icecube/HE_Nu_Aske_Oct2024/clean_events_dict/22018/22018/reduced
2025-02-17 16:00:14 - INFO - Selected 5 CSV files covering event range [179, 4887]
2025-02-17 16:00:14 - INFO - Loaded 216772 valid (RunID, EventID) pairs from CSV files
2025-02-17 16:00:14 - INFO - Extracted 25276 valid events based on pure neutrino events.
2025-02-17 16:00:14 - INFO - Initialized CompositeEventFilter filter for 22018/5
2025-02-17 16:00:14 - INFO - Initialized (PureNu)
2025-02-17 16:00:14 - INFO - Starting filtering process for 22018/5
2025-02-17 16:00:14 - INFO - Starting filtering process for 22018/5
2025-02-17 16:00:15 - INFO - Recalculated 'offset' column based on 'N_doms' values within each 'shard_no' group.
2025-02-17 16:00:15 - INFO - Filtered truth file saved to: /lustre/hpc/project/icecube/HE_Nu_Aske_Oct2024/PMTfied_filtered/Snowstorm/PureNu/22018/truth_5.parquet
2025-02-17 16:00:17 - INFO - Filtered PMTfied file saved to: /lustre/hpc/project/icecube/HE_Nu_Aske_Oct2024/PMTfied_filtered/Snowstorm/PureNu/22018/5/PMTfied_1.parquet
2025-02-17 16:00:18 - INFO - Filtered PMTfied file saved to: /lustre/hpc/project/icecube/HE_Nu_Aske_Oct2024/PMTfied_filtered/Snowstorm/PureNu/22018/5/PMTfied_5.parquet
2025-02-17 16:00:19 - INFO - Filtered PMTfied file saved to: /lustre/hpc/project/icecube/HE_Nu_Aske_Oct2024/PMTfied_filtered/Snowstorm/PureNu/22018/5/PMTfied_9.parquet
2025-02-17 16:00:20 - INFO - Filtered PMTfied file saved to: /lustre/hpc/project/icecube/HE_Nu_Aske_Oct2024/PMTfied_filtered/Snowstorm/PureNu/22018/5/PMTfied_17.parquet
2025-02-17 16:00:22 - INFO - Filtered PMTfied file saved to: /lustre/hpc/project/icecube/HE_Nu_Aske_Oct2024/PMTfied_filtered/Snowstorm/PureNu/22018/5/PMTfied_13.parquet
2025-02-17 16:00:23 - INFO - Filtered PMTfied file saved to: /lustre/hpc/project/icecube/HE_Nu_Aske_Oct2024/PMTfied_filtered/Snowstorm/PureNu/22018/5/PMTfied_16.parquet
2025-02-17 16:00:24 - INFO - Filtered PMTfied file saved to: /lustre/hpc/project/icecube/HE_Nu_Aske_Oct2024/PMTfied_filtered/Snowstorm/PureNu/22018/5/PMTfied_12.parquet
2025-02-17 16:00:25 - INFO - Filtered PMTfied file saved to: /lustre/hpc/project/icecube/HE_Nu_Aske_Oct2024/PMTfied_filtered/Snowstorm/PureNu/22018/5/PMTfied_8.parquet
2025-02-17 16:00:27 - INFO - Filtered PMTfied file saved to: /lustre/hpc/project/icecube/HE_Nu_Aske_Oct2024/PMTfied_filtered/Snowstorm/PureNu/22018/5/PMTfied_4.parquet
2025-02-17 16:00:28 - INFO - Filtered PMTfied file saved to: /lustre/hpc/project/icecube/HE_Nu_Aske_Oct2024/PMTfied_filtered/Snowstorm/PureNu/22018/5/PMTfied_14.parquet
2025-02-17 16:00:29 - INFO - Filtered PMTfied file saved to: /lustre/hpc/project/icecube/HE_Nu_Aske_Oct2024/PMTfied_filtered/Snowstorm/PureNu/22018/5/PMTfied_10.parquet
2025-02-17 16:00:31 - INFO - Filtered PMTfied file saved to: /lustre/hpc/project/icecube/HE_Nu_Aske_Oct2024/PMTfied_filtered/Snowstorm/PureNu/22018/5/PMTfied_2.parquet
2025-02-17 16:00:32 - INFO - Filtered PMTfied file saved to: /lustre/hpc/project/icecube/HE_Nu_Aske_Oct2024/PMTfied_filtered/Snowstorm/PureNu/22018/5/PMTfied_6.parquet
2025-02-17 16:00:33 - INFO - Filtered PMTfied file saved to: /lustre/hpc/project/icecube/HE_Nu_Aske_Oct2024/PMTfied_filtered/Snowstorm/PureNu/22018/5/PMTfied_3.parquet
2025-02-17 16:00:34 - INFO - Filtered PMTfied file saved to: /lustre/hpc/project/icecube/HE_Nu_Aske_Oct2024/PMTfied_filtered/Snowstorm/PureNu/22018/5/PMTfied_7.parquet
2025-02-17 16:00:36 - INFO - Filtered PMTfied file saved to: /lustre/hpc/project/icecube/HE_Nu_Aske_Oct2024/PMTfied_filtered/Snowstorm/PureNu/22018/5/PMTfied_15.parquet
2025-02-17 16:00:37 - INFO - Filtered PMTfied file saved to: /lustre/hpc/project/icecube/HE_Nu_Aske_Oct2024/PMTfied_filtered/Snowstorm/PureNu/22018/5/PMTfied_11.parquet
2025-02-17 16:00:37 - INFO - Filtering process completed.
2025-02-17 16:00:37 - INFO - Filtering process completed.
2025-02-17 16:00:37 - INFO - Unified receipt generated: /lustre/hpc/project/icecube/HE_Nu_Aske_Oct2024/PMTfied_filtered/Snowstorm/PureNu/22018/[Receipt]22018_5.json
2025-02-17 16:00:37 - INFO - Filtering process completed.
Job completed at Mon Feb 17 04:00:37 PM CET 2025
