Starting job at Sat Feb 15 12:07:52 PM CET 2025
Running Filter_by_part.py for subdirectory 22018, part 14
2025-02-15 12:07:52 - INFO - Event filtering process starts...
2025-02-15 12:07:52 - INFO - Initialized PureNeutrinoEventFilter filter for 22018/14
2025-02-15 12:07:53 - INFO - Loaded 18 event specifier files from /lustre/hpc/project/icecube/HE_Nu_Aske_Oct2024/clean_events_dict/22018/22018/reduced
2025-02-15 12:07:53 - INFO - Selected 5 CSV files covering event range [9434, 13898]
2025-02-15 12:07:53 - INFO - Loaded 216677 valid (RunID, EventID) pairs from CSV files
2025-02-15 12:07:53 - INFO - Extracted 25705 valid events based on pure neutrino events.
2025-02-15 12:07:53 - INFO - Initialized CompositeEventFilter filter for 22018/14
2025-02-15 12:07:53 - INFO - Initialized (PureNu)
2025-02-15 12:07:53 - INFO - Starting filtering process for 22018/14
2025-02-15 12:07:53 - INFO - Starting filtering process for 22018/14
2025-02-15 12:07:54 - INFO - Recalculated 'offset' column based on filtered 'N_doms' values.
2025-02-15 12:07:54 - INFO - Filtered truth file saved to: /lustre/hpc/project/icecube/HE_Nu_Aske_Oct2024/PMTfied_filtered/Snowstorm/PureNu/22018/truth_14.parquet
2025-02-15 12:07:56 - INFO - Filtered PMTfied file saved to: /lustre/hpc/project/icecube/HE_Nu_Aske_Oct2024/PMTfied_filtered/Snowstorm/PureNu/22018/14/PMTfied_7.parquet
2025-02-15 12:07:57 - INFO - Filtered PMTfied file saved to: /lustre/hpc/project/icecube/HE_Nu_Aske_Oct2024/PMTfied_filtered/Snowstorm/PureNu/22018/14/PMTfied_3.parquet
2025-02-15 12:07:58 - INFO - Filtered PMTfied file saved to: /lustre/hpc/project/icecube/HE_Nu_Aske_Oct2024/PMTfied_filtered/Snowstorm/PureNu/22018/14/PMTfied_15.parquet
2025-02-15 12:08:00 - INFO - Filtered PMTfied file saved to: /lustre/hpc/project/icecube/HE_Nu_Aske_Oct2024/PMTfied_filtered/Snowstorm/PureNu/22018/14/PMTfied_11.parquet
2025-02-15 12:08:01 - INFO - Filtered PMTfied file saved to: /lustre/hpc/project/icecube/HE_Nu_Aske_Oct2024/PMTfied_filtered/Snowstorm/PureNu/22018/14/PMTfied_6.parquet
2025-02-15 12:08:03 - INFO - Filtered PMTfied file saved to: /lustre/hpc/project/icecube/HE_Nu_Aske_Oct2024/PMTfied_filtered/Snowstorm/PureNu/22018/14/PMTfied_2.parquet
2025-02-15 12:08:03 - INFO - Filtered PMTfied file saved to: /lustre/hpc/project/icecube/HE_Nu_Aske_Oct2024/PMTfied_filtered/Snowstorm/PureNu/22018/14/PMTfied_18.parquet
2025-02-15 12:08:04 - INFO - Filtered PMTfied file saved to: /lustre/hpc/project/icecube/HE_Nu_Aske_Oct2024/PMTfied_filtered/Snowstorm/PureNu/22018/14/PMTfied_14.parquet
2025-02-15 12:08:05 - INFO - Filtered PMTfied file saved to: /lustre/hpc/project/icecube/HE_Nu_Aske_Oct2024/PMTfied_filtered/Snowstorm/PureNu/22018/14/PMTfied_10.parquet
2025-02-15 12:08:06 - INFO - Filtered PMTfied file saved to: /lustre/hpc/project/icecube/HE_Nu_Aske_Oct2024/PMTfied_filtered/Snowstorm/PureNu/22018/14/PMTfied_16.parquet
2025-02-15 12:08:08 - INFO - Filtered PMTfied file saved to: /lustre/hpc/project/icecube/HE_Nu_Aske_Oct2024/PMTfied_filtered/Snowstorm/PureNu/22018/14/PMTfied_12.parquet
2025-02-15 12:08:09 - INFO - Filtered PMTfied file saved to: /lustre/hpc/project/icecube/HE_Nu_Aske_Oct2024/PMTfied_filtered/Snowstorm/PureNu/22018/14/PMTfied_4.parquet
2025-02-15 12:08:10 - INFO - Filtered PMTfied file saved to: /lustre/hpc/project/icecube/HE_Nu_Aske_Oct2024/PMTfied_filtered/Snowstorm/PureNu/22018/14/PMTfied_8.parquet
2025-02-15 12:08:12 - INFO - Filtered PMTfied file saved to: /lustre/hpc/project/icecube/HE_Nu_Aske_Oct2024/PMTfied_filtered/Snowstorm/PureNu/22018/14/PMTfied_17.parquet
2025-02-15 12:08:13 - INFO - Filtered PMTfied file saved to: /lustre/hpc/project/icecube/HE_Nu_Aske_Oct2024/PMTfied_filtered/Snowstorm/PureNu/22018/14/PMTfied_13.parquet
2025-02-15 12:08:14 - INFO - Filtered PMTfied file saved to: /lustre/hpc/project/icecube/HE_Nu_Aske_Oct2024/PMTfied_filtered/Snowstorm/PureNu/22018/14/PMTfied_9.parquet
2025-02-15 12:08:15 - INFO - Filtered PMTfied file saved to: /lustre/hpc/project/icecube/HE_Nu_Aske_Oct2024/PMTfied_filtered/Snowstorm/PureNu/22018/14/PMTfied_5.parquet
2025-02-15 12:08:16 - INFO - Filtered PMTfied file saved to: /lustre/hpc/project/icecube/HE_Nu_Aske_Oct2024/PMTfied_filtered/Snowstorm/PureNu/22018/14/PMTfied_1.parquet
2025-02-15 12:08:16 - INFO - Filtering process completed.
2025-02-15 12:08:16 - INFO - Filtering process completed.
2025-02-15 12:08:16 - INFO - Unified receipt generated: /lustre/hpc/project/icecube/HE_Nu_Aske_Oct2024/PMTfied_filtered/Snowstorm/PureNu/22018/[Receipt]22018_14.json
2025-02-15 12:08:16 - INFO - Filtering process completed.
Job completed at Sat Feb 15 12:08:16 PM CET 2025
