Starting job at Sat Feb 15 12:58:01 PM CET 2025
Running Filter_by_part.py for subdirectory 22018, part 7
2025-02-15 12:58:01 - INFO - Event filtering process starts...
2025-02-15 12:58:01 - INFO - Initialized Muon13Filter filter for 22018/7
2025-02-15 12:58:02 - INFO - Extracted 29778 valid events where MuonFilter_13==True.
2025-02-15 12:58:02 - INFO - Initialized CompositeEventFilter filter for 22018/7
2025-02-15 12:58:02 - INFO - Initialized (MuonLike)
2025-02-15 12:58:02 - INFO - Starting filtering process for 22018/7
2025-02-15 12:58:02 - INFO - Starting filtering process for 22018/7
2025-02-15 12:58:03 - INFO - Recalculated 'offset' column based on filtered 'N_doms' values.
2025-02-15 12:58:03 - INFO - Filtered truth file saved to: /lustre/hpc/project/icecube/HE_Nu_Aske_Oct2024/PMTfied_filtered/Snowstorm/MuonLike/22018/truth_7.parquet
2025-02-15 12:58:05 - INFO - Filtered PMTfied file saved to: /lustre/hpc/project/icecube/HE_Nu_Aske_Oct2024/PMTfied_filtered/Snowstorm/MuonLike/22018/7/PMTfied_13.parquet
2025-02-15 12:58:06 - INFO - Filtered PMTfied file saved to: /lustre/hpc/project/icecube/HE_Nu_Aske_Oct2024/PMTfied_filtered/Snowstorm/MuonLike/22018/7/PMTfied_17.parquet
2025-02-15 12:58:08 - INFO - Filtered PMTfied file saved to: /lustre/hpc/project/icecube/HE_Nu_Aske_Oct2024/PMTfied_filtered/Snowstorm/MuonLike/22018/7/PMTfied_2.parquet
2025-02-15 12:58:09 - INFO - Filtered PMTfied file saved to: /lustre/hpc/project/icecube/HE_Nu_Aske_Oct2024/PMTfied_filtered/Snowstorm/MuonLike/22018/7/PMTfied_6.parquet
2025-02-15 12:58:12 - INFO - Filtered PMTfied file saved to: /lustre/hpc/project/icecube/HE_Nu_Aske_Oct2024/PMTfied_filtered/Snowstorm/MuonLike/22018/7/PMTfied_3.parquet
2025-02-15 12:58:13 - INFO - Filtered PMTfied file saved to: /lustre/hpc/project/icecube/HE_Nu_Aske_Oct2024/PMTfied_filtered/Snowstorm/MuonLike/22018/7/PMTfied_7.parquet
2025-02-15 12:58:16 - INFO - Filtered PMTfied file saved to: /lustre/hpc/project/icecube/HE_Nu_Aske_Oct2024/PMTfied_filtered/Snowstorm/MuonLike/22018/7/PMTfied_12.parquet
2025-02-15 12:58:17 - INFO - Filtered PMTfied file saved to: /lustre/hpc/project/icecube/HE_Nu_Aske_Oct2024/PMTfied_filtered/Snowstorm/MuonLike/22018/7/PMTfied_16.parquet
2025-02-15 12:58:18 - INFO - Filtered PMTfied file saved to: /lustre/hpc/project/icecube/HE_Nu_Aske_Oct2024/PMTfied_filtered/Snowstorm/MuonLike/22018/7/PMTfied_9.parquet
2025-02-15 12:58:20 - INFO - Filtered PMTfied file saved to: /lustre/hpc/project/icecube/HE_Nu_Aske_Oct2024/PMTfied_filtered/Snowstorm/MuonLike/22018/7/PMTfied_1.parquet
2025-02-15 12:58:21 - INFO - Filtered PMTfied file saved to: /lustre/hpc/project/icecube/HE_Nu_Aske_Oct2024/PMTfied_filtered/Snowstorm/MuonLike/22018/7/PMTfied_5.parquet
2025-02-15 12:58:22 - INFO - Filtered PMTfied file saved to: /lustre/hpc/project/icecube/HE_Nu_Aske_Oct2024/PMTfied_filtered/Snowstorm/MuonLike/22018/7/PMTfied_18.parquet
2025-02-15 12:58:23 - INFO - Filtered PMTfied file saved to: /lustre/hpc/project/icecube/HE_Nu_Aske_Oct2024/PMTfied_filtered/Snowstorm/MuonLike/22018/7/PMTfied_10.parquet
2025-02-15 12:58:24 - INFO - Filtered PMTfied file saved to: /lustre/hpc/project/icecube/HE_Nu_Aske_Oct2024/PMTfied_filtered/Snowstorm/MuonLike/22018/7/PMTfied_14.parquet
2025-02-15 12:58:26 - INFO - Filtered PMTfied file saved to: /lustre/hpc/project/icecube/HE_Nu_Aske_Oct2024/PMTfied_filtered/Snowstorm/MuonLike/22018/7/PMTfied_11.parquet
2025-02-15 12:58:28 - INFO - Filtered PMTfied file saved to: /lustre/hpc/project/icecube/HE_Nu_Aske_Oct2024/PMTfied_filtered/Snowstorm/MuonLike/22018/7/PMTfied_15.parquet
2025-02-15 12:58:29 - INFO - Filtered PMTfied file saved to: /lustre/hpc/project/icecube/HE_Nu_Aske_Oct2024/PMTfied_filtered/Snowstorm/MuonLike/22018/7/PMTfied_4.parquet
2025-02-15 12:58:30 - INFO - Filtered PMTfied file saved to: /lustre/hpc/project/icecube/HE_Nu_Aske_Oct2024/PMTfied_filtered/Snowstorm/MuonLike/22018/7/PMTfied_8.parquet
2025-02-15 12:58:30 - INFO - Filtering process completed.
2025-02-15 12:58:30 - INFO - Filtering process completed.
2025-02-15 12:58:30 - INFO - Unified receipt generated: /lustre/hpc/project/icecube/HE_Nu_Aske_Oct2024/PMTfied_filtered/Snowstorm/MuonLike/22018/[Receipt]22018_7.json
2025-02-15 12:58:30 - INFO - Filtering process completed.
Job completed at Sat Feb 15 12:58:30 PM CET 2025
