Starting job at Thu Feb 13 06:18:02 PM CET 2025
Running Filter_by_part.py for subdirectory 22018, part 6
2025-02-13 18:18:03 - INFO - Event filtering process starts...
2025-02-13 18:18:03 - INFO - Initialized PureNeutrinoEventFilter
2025-02-13 18:18:03 - INFO - Starting filtering process for 22018/6
2025-02-13 18:18:03 - INFO - Loaded 18 event specifier files from /lustre/hpc/project/icecube/HE_Nu_Aske_Oct2024/clean_events_dict/22018/22018/reduced
2025-02-13 18:18:03 - INFO - Selected 10 CSV files covering event range [224, 9565]
2025-02-13 18:18:24 - INFO - Loaded 434247 valid (RunID, EventID) pairs from CSV files
2025-02-13 18:18:27 - INFO - Recalculated 'offset' column based on filtered 'N_doms' values.
2025-02-13 18:18:30 - INFO - Filtered truth file saved to: /lustre/hpc/project/icecube/HE_Nu_Aske_Oct2024/PMTfied_filtered/PureNu/Snowstorm/22018/truth_6.parquet
2025-02-13 18:18:30 - INFO - Receipt file saved to: /lustre/hpc/project/icecube/HE_Nu_Aske_Oct2024/PMTfied_filtered/PureNu/Snowstorm/22018/[Receipt]22018_6.json
2025-02-13 18:18:31 - INFO - Filtered PMTfied file saved to: /lustre/hpc/project/icecube/HE_Nu_Aske_Oct2024/PMTfied_filtered/PureNu/Snowstorm/22018/6/PMTfied_11.parquet
2025-02-13 18:18:32 - INFO - Filtered PMTfied file saved to: /lustre/hpc/project/icecube/HE_Nu_Aske_Oct2024/PMTfied_filtered/PureNu/Snowstorm/22018/6/PMTfied_15.parquet
2025-02-13 18:18:48 - INFO - Filtered PMTfied file saved to: /lustre/hpc/project/icecube/HE_Nu_Aske_Oct2024/PMTfied_filtered/PureNu/Snowstorm/22018/6/PMTfied_6.parquet
2025-02-13 18:18:50 - INFO - Filtered PMTfied file saved to: /lustre/hpc/project/icecube/HE_Nu_Aske_Oct2024/PMTfied_filtered/PureNu/Snowstorm/22018/6/PMTfied_2.parquet
2025-02-13 18:18:51 - INFO - Filtered PMTfied file saved to: /lustre/hpc/project/icecube/HE_Nu_Aske_Oct2024/PMTfied_filtered/PureNu/Snowstorm/22018/6/PMTfied_7.parquet
2025-02-13 18:19:24 - INFO - Filtered PMTfied file saved to: /lustre/hpc/project/icecube/HE_Nu_Aske_Oct2024/PMTfied_filtered/PureNu/Snowstorm/22018/6/PMTfied_3.parquet
2025-02-13 18:19:25 - INFO - Filtered PMTfied file saved to: /lustre/hpc/project/icecube/HE_Nu_Aske_Oct2024/PMTfied_filtered/PureNu/Snowstorm/22018/6/PMTfied_10.parquet
2025-02-13 18:19:26 - INFO - Filtered PMTfied file saved to: /lustre/hpc/project/icecube/HE_Nu_Aske_Oct2024/PMTfied_filtered/PureNu/Snowstorm/22018/6/PMTfied_14.parquet
2025-02-13 18:19:40 - INFO - Filtered PMTfied file saved to: /lustre/hpc/project/icecube/HE_Nu_Aske_Oct2024/PMTfied_filtered/PureNu/Snowstorm/22018/6/PMTfied_18.parquet
2025-02-13 18:19:41 - INFO - Filtered PMTfied file saved to: /lustre/hpc/project/icecube/HE_Nu_Aske_Oct2024/PMTfied_filtered/PureNu/Snowstorm/22018/6/PMTfied_5.parquet
2025-02-13 18:19:42 - INFO - Filtered PMTfied file saved to: /lustre/hpc/project/icecube/HE_Nu_Aske_Oct2024/PMTfied_filtered/PureNu/Snowstorm/22018/6/PMTfied_1.parquet
2025-02-13 18:19:47 - INFO - Filtered PMTfied file saved to: /lustre/hpc/project/icecube/HE_Nu_Aske_Oct2024/PMTfied_filtered/PureNu/Snowstorm/22018/6/PMTfied_9.parquet
2025-02-13 18:19:49 - INFO - Filtered PMTfied file saved to: /lustre/hpc/project/icecube/HE_Nu_Aske_Oct2024/PMTfied_filtered/PureNu/Snowstorm/22018/6/PMTfied_12.parquet
2025-02-13 18:19:50 - INFO - Filtered PMTfied file saved to: /lustre/hpc/project/icecube/HE_Nu_Aske_Oct2024/PMTfied_filtered/PureNu/Snowstorm/22018/6/PMTfied_16.parquet
2025-02-13 18:19:51 - INFO - Filtered PMTfied file saved to: /lustre/hpc/project/icecube/HE_Nu_Aske_Oct2024/PMTfied_filtered/PureNu/Snowstorm/22018/6/PMTfied_13.parquet
2025-02-13 18:19:52 - INFO - Filtered PMTfied file saved to: /lustre/hpc/project/icecube/HE_Nu_Aske_Oct2024/PMTfied_filtered/PureNu/Snowstorm/22018/6/PMTfied_17.parquet
2025-02-13 18:19:53 - INFO - Filtered PMTfied file saved to: /lustre/hpc/project/icecube/HE_Nu_Aske_Oct2024/PMTfied_filtered/PureNu/Snowstorm/22018/6/PMTfied_8.parquet
2025-02-13 18:19:54 - INFO - Filtered PMTfied file saved to: /lustre/hpc/project/icecube/HE_Nu_Aske_Oct2024/PMTfied_filtered/PureNu/Snowstorm/22018/6/PMTfied_4.parquet
2025-02-13 18:19:54 - INFO - Filtering process completed.
2025-02-13 18:19:54 - INFO - Filtering process completed for all selected filters.
2025-02-13 18:19:54 - INFO - Execution time: 111.74 seconds
2025-02-13 18:19:54 - INFO - Updated receipt with execution time: /lustre/hpc/project/icecube/HE_Nu_Aske_Oct2024/PMTfied_filtered/PureNu/Snowstorm/22018/[Receipt]22018_6.json
Job completed at Thu Feb 13 06:19:55 PM CET 2025
