Starting job at Thu Feb 13 06:18:23 PM CET 2025
Running Filter_by_part.py for subdirectory 22018, part 15
2025-02-13 18:18:23 - INFO - Event filtering process starts...
2025-02-13 18:18:23 - INFO - Initialized PureNeutrinoEventFilter
2025-02-13 18:18:23 - INFO - Starting filtering process for 22018/15
2025-02-13 18:18:23 - INFO - Loaded 18 event specifier files from /lustre/hpc/project/icecube/HE_Nu_Aske_Oct2024/clean_events_dict/22018/22018/reduced
2025-02-13 18:18:23 - INFO - Selected 6 CSV files covering event range [9476, 14394]
2025-02-13 18:18:24 - INFO - Loaded 260347 valid (RunID, EventID) pairs from CSV files
2025-02-13 18:18:25 - INFO - Recalculated 'offset' column based on filtered 'N_doms' values.
2025-02-13 18:18:25 - INFO - Filtered truth file saved to: /lustre/hpc/project/icecube/HE_Nu_Aske_Oct2024/PMTfied_filtered/PureNu/Snowstorm/22018/truth_15.parquet
2025-02-13 18:18:25 - INFO - Receipt file saved to: /lustre/hpc/project/icecube/HE_Nu_Aske_Oct2024/PMTfied_filtered/PureNu/Snowstorm/22018/[Receipt]22018_15.json
2025-02-13 18:18:26 - INFO - Filtered PMTfied file saved to: /lustre/hpc/project/icecube/HE_Nu_Aske_Oct2024/PMTfied_filtered/PureNu/Snowstorm/22018/15/PMTfied_17.parquet
2025-02-13 18:18:27 - INFO - Filtered PMTfied file saved to: /lustre/hpc/project/icecube/HE_Nu_Aske_Oct2024/PMTfied_filtered/PureNu/Snowstorm/22018/15/PMTfied_13.parquet
2025-02-13 18:18:29 - INFO - Filtered PMTfied file saved to: /lustre/hpc/project/icecube/HE_Nu_Aske_Oct2024/PMTfied_filtered/PureNu/Snowstorm/22018/15/PMTfied_8.parquet
2025-02-13 18:18:30 - INFO - Filtered PMTfied file saved to: /lustre/hpc/project/icecube/HE_Nu_Aske_Oct2024/PMTfied_filtered/PureNu/Snowstorm/22018/15/PMTfied_4.parquet
2025-02-13 18:18:31 - INFO - Filtered PMTfied file saved to: /lustre/hpc/project/icecube/HE_Nu_Aske_Oct2024/PMTfied_filtered/PureNu/Snowstorm/22018/15/PMTfied_1.parquet
2025-02-13 18:18:33 - INFO - Filtered PMTfied file saved to: /lustre/hpc/project/icecube/HE_Nu_Aske_Oct2024/PMTfied_filtered/PureNu/Snowstorm/22018/15/PMTfied_5.parquet
2025-02-13 18:18:34 - INFO - Filtered PMTfied file saved to: /lustre/hpc/project/icecube/HE_Nu_Aske_Oct2024/PMTfied_filtered/PureNu/Snowstorm/22018/15/PMTfied_9.parquet
2025-02-13 18:18:35 - INFO - Filtered PMTfied file saved to: /lustre/hpc/project/icecube/HE_Nu_Aske_Oct2024/PMTfied_filtered/PureNu/Snowstorm/22018/15/PMTfied_16.parquet
2025-02-13 18:18:37 - INFO - Filtered PMTfied file saved to: /lustre/hpc/project/icecube/HE_Nu_Aske_Oct2024/PMTfied_filtered/PureNu/Snowstorm/22018/15/PMTfied_12.parquet
2025-02-13 18:18:38 - INFO - Filtered PMTfied file saved to: /lustre/hpc/project/icecube/HE_Nu_Aske_Oct2024/PMTfied_filtered/PureNu/Snowstorm/22018/15/PMTfied_3.parquet
2025-02-13 18:18:40 - INFO - Filtered PMTfied file saved to: /lustre/hpc/project/icecube/HE_Nu_Aske_Oct2024/PMTfied_filtered/PureNu/Snowstorm/22018/15/PMTfied_7.parquet
2025-02-13 18:18:41 - INFO - Filtered PMTfied file saved to: /lustre/hpc/project/icecube/HE_Nu_Aske_Oct2024/PMTfied_filtered/PureNu/Snowstorm/22018/15/PMTfied_14.parquet
2025-02-13 18:18:42 - INFO - Filtered PMTfied file saved to: /lustre/hpc/project/icecube/HE_Nu_Aske_Oct2024/PMTfied_filtered/PureNu/Snowstorm/22018/15/PMTfied_10.parquet
2025-02-13 18:18:44 - INFO - Filtered PMTfied file saved to: /lustre/hpc/project/icecube/HE_Nu_Aske_Oct2024/PMTfied_filtered/PureNu/Snowstorm/22018/15/PMTfied_15.parquet
2025-02-13 18:18:45 - INFO - Filtered PMTfied file saved to: /lustre/hpc/project/icecube/HE_Nu_Aske_Oct2024/PMTfied_filtered/PureNu/Snowstorm/22018/15/PMTfied_11.parquet
2025-02-13 18:18:46 - INFO - Filtered PMTfied file saved to: /lustre/hpc/project/icecube/HE_Nu_Aske_Oct2024/PMTfied_filtered/PureNu/Snowstorm/22018/15/PMTfied_2.parquet
2025-02-13 18:18:48 - INFO - Filtered PMTfied file saved to: /lustre/hpc/project/icecube/HE_Nu_Aske_Oct2024/PMTfied_filtered/PureNu/Snowstorm/22018/15/PMTfied_6.parquet
2025-02-13 18:18:48 - INFO - Filtering process completed.
2025-02-13 18:18:48 - INFO - Filtering process completed for all selected filters.
2025-02-13 18:18:48 - INFO - Execution time: 24.63 seconds
2025-02-13 18:18:48 - INFO - Updated receipt with execution time: /lustre/hpc/project/icecube/HE_Nu_Aske_Oct2024/PMTfied_filtered/PureNu/Snowstorm/22018/[Receipt]22018_15.json
Job completed at Thu Feb 13 06:18:48 PM CET 2025
