Starting job at Mon Feb 24 01:10:40 PM CET 2025
Running Filter_by_part.py for subdirectory 22018, part 3
2025-02-24 13:10:40 - INFO - Event filtering process starts...
2025-02-24 13:10:40 - INFO - Initialized PureNeutrinoEventFilter filter for 22018/3
2025-02-24 13:10:41 - INFO - Loaded 18 event specifier files from /lustre/hpc/project/icecube/HE_Nu_Aske_Oct2024/clean_events_dict/22018/22018/reduced
2025-02-24 13:10:41 - INFO - Selected 5 CSV files covering event range [89, 4554]
2025-02-24 13:10:41 - INFO - Loaded 216772 valid (RunID, EventID) pairs from CSV files
2025-02-24 13:10:41 - INFO - Extracted 25533 valid events based on pure neutrino events.
2025-02-24 13:10:41 - INFO - Initialized Muon13Filter filter for 22018/3
2025-02-24 13:10:41 - INFO - Extracted 29113 valid events where MuonFilter_13==True.
2025-02-24 13:10:41 - INFO - Initialized CCFilter filter for 22018/3
2025-02-24 13:10:41 - INFO - Extracted 28385 valid events which are CC interactions.
2025-02-24 13:10:41 - INFO - Initialized CompositeEventFilter filter for 22018/3
2025-02-24 13:10:41 - INFO - Initialized (CC_CRclean_MuonLike)
2025-02-24 13:10:41 - INFO - Starting filtering process for 22018/3
2025-02-24 13:10:41 - INFO - Starting filtering process for 22018/3
2025-02-24 13:10:42 - INFO - Recalculated 'offset' column based on 'N_doms' values within each 'shard_no' group.
2025-02-24 13:10:42 - INFO - Filtered truth file saved to: /lustre/hpc/project/icecube/HE_Nu_Aske_Oct2024/PMTfied_filtered/Snowstorm/CC_CRclean_MuonLike/22018/truth_3.parquet
2025-02-24 13:10:43 - INFO - Filtered PMTfied file saved to: /lustre/hpc/project/icecube/HE_Nu_Aske_Oct2024/PMTfied_filtered/Snowstorm/CC_CRclean_MuonLike/22018/3/PMTfied_4.parquet
2025-02-24 13:10:43 - INFO - Filtered PMTfied file saved to: /lustre/hpc/project/icecube/HE_Nu_Aske_Oct2024/PMTfied_filtered/Snowstorm/CC_CRclean_MuonLike/22018/3/PMTfied_8.parquet
2025-02-24 13:10:44 - INFO - Filtered PMTfied file saved to: /lustre/hpc/project/icecube/HE_Nu_Aske_Oct2024/PMTfied_filtered/Snowstorm/CC_CRclean_MuonLike/22018/3/PMTfied_15.parquet
2025-02-24 13:10:49 - INFO - Filtered PMTfied file saved to: /lustre/hpc/project/icecube/HE_Nu_Aske_Oct2024/PMTfied_filtered/Snowstorm/CC_CRclean_MuonLike/22018/3/PMTfied_11.parquet
2025-02-24 13:10:49 - INFO - Filtered PMTfied file saved to: /lustre/hpc/project/icecube/HE_Nu_Aske_Oct2024/PMTfied_filtered/Snowstorm/CC_CRclean_MuonLike/22018/3/PMTfied_9.parquet
2025-02-24 13:10:50 - INFO - Filtered PMTfied file saved to: /lustre/hpc/project/icecube/HE_Nu_Aske_Oct2024/PMTfied_filtered/Snowstorm/CC_CRclean_MuonLike/22018/3/PMTfied_1.parquet
2025-02-24 13:10:51 - INFO - Filtered PMTfied file saved to: /lustre/hpc/project/icecube/HE_Nu_Aske_Oct2024/PMTfied_filtered/Snowstorm/CC_CRclean_MuonLike/22018/3/PMTfied_5.parquet
2025-02-24 13:10:51 - INFO - Filtered PMTfied file saved to: /lustre/hpc/project/icecube/HE_Nu_Aske_Oct2024/PMTfied_filtered/Snowstorm/CC_CRclean_MuonLike/22018/3/PMTfied_14.parquet
2025-02-24 13:10:52 - INFO - Filtered PMTfied file saved to: /lustre/hpc/project/icecube/HE_Nu_Aske_Oct2024/PMTfied_filtered/Snowstorm/CC_CRclean_MuonLike/22018/3/PMTfied_10.parquet
2025-02-24 13:10:52 - INFO - Filtered PMTfied file saved to: /lustre/hpc/project/icecube/HE_Nu_Aske_Oct2024/PMTfied_filtered/Snowstorm/CC_CRclean_MuonLike/22018/3/PMTfied_18.parquet
2025-02-24 13:10:53 - INFO - Filtered PMTfied file saved to: /lustre/hpc/project/icecube/HE_Nu_Aske_Oct2024/PMTfied_filtered/Snowstorm/CC_CRclean_MuonLike/22018/3/PMTfied_3.parquet
2025-02-24 13:10:53 - INFO - Filtered PMTfied file saved to: /lustre/hpc/project/icecube/HE_Nu_Aske_Oct2024/PMTfied_filtered/Snowstorm/CC_CRclean_MuonLike/22018/3/PMTfied_7.parquet
2025-02-24 13:10:54 - INFO - Filtered PMTfied file saved to: /lustre/hpc/project/icecube/HE_Nu_Aske_Oct2024/PMTfied_filtered/Snowstorm/CC_CRclean_MuonLike/22018/3/PMTfied_16.parquet
2025-02-24 13:10:54 - INFO - Filtered PMTfied file saved to: /lustre/hpc/project/icecube/HE_Nu_Aske_Oct2024/PMTfied_filtered/Snowstorm/CC_CRclean_MuonLike/22018/3/PMTfied_12.parquet
2025-02-24 13:10:55 - INFO - Filtered PMTfied file saved to: /lustre/hpc/project/icecube/HE_Nu_Aske_Oct2024/PMTfied_filtered/Snowstorm/CC_CRclean_MuonLike/22018/3/PMTfied_2.parquet
2025-02-24 13:10:56 - INFO - Filtered PMTfied file saved to: /lustre/hpc/project/icecube/HE_Nu_Aske_Oct2024/PMTfied_filtered/Snowstorm/CC_CRclean_MuonLike/22018/3/PMTfied_6.parquet
2025-02-24 13:10:56 - INFO - Filtered PMTfied file saved to: /lustre/hpc/project/icecube/HE_Nu_Aske_Oct2024/PMTfied_filtered/Snowstorm/CC_CRclean_MuonLike/22018/3/PMTfied_17.parquet
2025-02-24 13:10:57 - INFO - Filtered PMTfied file saved to: /lustre/hpc/project/icecube/HE_Nu_Aske_Oct2024/PMTfied_filtered/Snowstorm/CC_CRclean_MuonLike/22018/3/PMTfied_13.parquet
2025-02-24 13:10:57 - INFO - Filtering process completed.
2025-02-24 13:10:57 - INFO - Filtering process completed.
2025-02-24 13:10:57 - INFO - Unified receipt generated: /lustre/hpc/project/icecube/HE_Nu_Aske_Oct2024/PMTfied_filtered/Snowstorm/CC_CRclean_MuonLike/22018/[Receipt]22018_3.json
2025-02-24 13:10:57 - INFO - Filtering process completed.
Job completed at Mon Feb 24 01:10:57 PM CET 2025
