Starting job at Thu Feb 13 05:15:38 PM CET 2025
Running Filter_by_part.py for subdirectory 22018, part 13
2025-02-13 17:15:38 - INFO - Event filtering process starts...
2025-02-13 17:15:38 - INFO - Initialized Muon13Filter
2025-02-13 17:15:38 - INFO - Starting filtering process for 22018/13
2025-02-13 17:15:40 - INFO - Recalculated 'offset' column based on filtered 'N_doms' values.
2025-02-13 17:15:40 - INFO - Filtered truth file saved to: /lustre/hpc/project/icecube/HE_Nu_Aske_Oct2024/PMTfied_filtered/MuonLike/Snowstorm/22018/truth_13.parquet
2025-02-13 17:15:40 - INFO - Receipt file saved to: /lustre/hpc/project/icecube/HE_Nu_Aske_Oct2024/PMTfied_filtered/MuonLike/Snowstorm/22018/[Receipt]22018_13.json
2025-02-13 17:15:41 - INFO - Filtered PMTfied file saved to: /lustre/hpc/project/icecube/HE_Nu_Aske_Oct2024/PMTfied_filtered/MuonLike/Snowstorm/22018/13/PMTfied_9.parquet
2025-02-13 17:15:43 - INFO - Filtered PMTfied file saved to: /lustre/hpc/project/icecube/HE_Nu_Aske_Oct2024/PMTfied_filtered/MuonLike/Snowstorm/22018/13/PMTfied_1.parquet
2025-02-13 17:15:44 - INFO - Filtered PMTfied file saved to: /lustre/hpc/project/icecube/HE_Nu_Aske_Oct2024/PMTfied_filtered/MuonLike/Snowstorm/22018/13/PMTfied_5.parquet
2025-02-13 17:15:46 - INFO - Filtered PMTfied file saved to: /lustre/hpc/project/icecube/HE_Nu_Aske_Oct2024/PMTfied_filtered/MuonLike/Snowstorm/22018/13/PMTfied_14.parquet
2025-02-13 17:15:47 - INFO - Filtered PMTfied file saved to: /lustre/hpc/project/icecube/HE_Nu_Aske_Oct2024/PMTfied_filtered/MuonLike/Snowstorm/22018/13/PMTfied_10.parquet
2025-02-13 17:15:49 - INFO - Filtered PMTfied file saved to: /lustre/hpc/project/icecube/HE_Nu_Aske_Oct2024/PMTfied_filtered/MuonLike/Snowstorm/22018/13/PMTfied_4.parquet
2025-02-13 17:15:50 - INFO - Filtered PMTfied file saved to: /lustre/hpc/project/icecube/HE_Nu_Aske_Oct2024/PMTfied_filtered/MuonLike/Snowstorm/22018/13/PMTfied_8.parquet
2025-02-13 17:15:52 - INFO - Filtered PMTfied file saved to: /lustre/hpc/project/icecube/HE_Nu_Aske_Oct2024/PMTfied_filtered/MuonLike/Snowstorm/22018/13/PMTfied_15.parquet
2025-02-13 17:15:53 - INFO - Filtered PMTfied file saved to: /lustre/hpc/project/icecube/HE_Nu_Aske_Oct2024/PMTfied_filtered/MuonLike/Snowstorm/22018/13/PMTfied_11.parquet
2025-02-13 17:15:54 - INFO - Filtered PMTfied file saved to: /lustre/hpc/project/icecube/HE_Nu_Aske_Oct2024/PMTfied_filtered/MuonLike/Snowstorm/22018/13/PMTfied_2.parquet
2025-02-13 17:15:56 - INFO - Filtered PMTfied file saved to: /lustre/hpc/project/icecube/HE_Nu_Aske_Oct2024/PMTfied_filtered/MuonLike/Snowstorm/22018/13/PMTfied_6.parquet
2025-02-13 17:15:57 - INFO - Filtered PMTfied file saved to: /lustre/hpc/project/icecube/HE_Nu_Aske_Oct2024/PMTfied_filtered/MuonLike/Snowstorm/22018/13/PMTfied_17.parquet
2025-02-13 17:15:58 - INFO - Filtered PMTfied file saved to: /lustre/hpc/project/icecube/HE_Nu_Aske_Oct2024/PMTfied_filtered/MuonLike/Snowstorm/22018/13/PMTfied_13.parquet
2025-02-13 17:16:00 - INFO - Filtered PMTfied file saved to: /lustre/hpc/project/icecube/HE_Nu_Aske_Oct2024/PMTfied_filtered/MuonLike/Snowstorm/22018/13/PMTfied_3.parquet
2025-02-13 17:16:01 - INFO - Filtered PMTfied file saved to: /lustre/hpc/project/icecube/HE_Nu_Aske_Oct2024/PMTfied_filtered/MuonLike/Snowstorm/22018/13/PMTfied_7.parquet
2025-02-13 17:16:03 - INFO - Filtered PMTfied file saved to: /lustre/hpc/project/icecube/HE_Nu_Aske_Oct2024/PMTfied_filtered/MuonLike/Snowstorm/22018/13/PMTfied_16.parquet
2025-02-13 17:16:04 - INFO - Filtered PMTfied file saved to: /lustre/hpc/project/icecube/HE_Nu_Aske_Oct2024/PMTfied_filtered/MuonLike/Snowstorm/22018/13/PMTfied_12.parquet
2025-02-13 17:16:04 - INFO - Filtering process completed.
2025-02-13 17:16:04 - INFO - Filtering process completed for all selected filters.
2025-02-13 17:16:04 - INFO - Execution time: 26.06 seconds
2025-02-13 17:16:04 - INFO - Updated receipt with execution time: /lustre/hpc/project/icecube/HE_Nu_Aske_Oct2024/PMTfied_filtered/MuonLike/Snowstorm/22018/[Receipt]22018_13.json
Job completed at Thu Feb 13 05:16:04 PM CET 2025
