Starting job at Sat Feb 15 12:07:36 PM CET 2025
Running Filter_by_part.py for subdirectory 22018, part 12
2025-02-15 12:07:37 - INFO - Event filtering process starts...
2025-02-15 12:07:37 - INFO - Initialized PureNeutrinoEventFilter filter for 22018/12
2025-02-15 12:07:38 - INFO - Loaded 18 event specifier files from /lustre/hpc/project/icecube/HE_Nu_Aske_Oct2024/clean_events_dict/22018/22018/reduced
2025-02-15 12:07:38 - INFO - Selected 5 CSV files covering event range [9334, 13760]
2025-02-15 12:07:38 - INFO - Loaded 216677 valid (RunID, EventID) pairs from CSV files
2025-02-15 12:07:38 - INFO - Extracted 25362 valid events based on pure neutrino events.
2025-02-15 12:07:38 - INFO - Initialized CompositeEventFilter filter for 22018/12
2025-02-15 12:07:38 - INFO - Initialized (PureNu)
2025-02-15 12:07:38 - INFO - Starting filtering process for 22018/12
2025-02-15 12:07:38 - INFO - Starting filtering process for 22018/12
2025-02-15 12:07:39 - INFO - Recalculated 'offset' column based on filtered 'N_doms' values.
2025-02-15 12:07:39 - INFO - Filtered truth file saved to: /lustre/hpc/project/icecube/HE_Nu_Aske_Oct2024/PMTfied_filtered/Snowstorm/PureNu/22018/truth_12.parquet
2025-02-15 12:07:41 - INFO - Filtered PMTfied file saved to: /lustre/hpc/project/icecube/HE_Nu_Aske_Oct2024/PMTfied_filtered/Snowstorm/PureNu/22018/12/PMTfied_15.parquet
2025-02-15 12:07:42 - INFO - Filtered PMTfied file saved to: /lustre/hpc/project/icecube/HE_Nu_Aske_Oct2024/PMTfied_filtered/Snowstorm/PureNu/22018/12/PMTfied_11.parquet
2025-02-15 12:07:44 - INFO - Filtered PMTfied file saved to: /lustre/hpc/project/icecube/HE_Nu_Aske_Oct2024/PMTfied_filtered/Snowstorm/PureNu/22018/12/PMTfied_9.parquet
2025-02-15 12:07:45 - INFO - Filtered PMTfied file saved to: /lustre/hpc/project/icecube/HE_Nu_Aske_Oct2024/PMTfied_filtered/Snowstorm/PureNu/22018/12/PMTfied_5.parquet
2025-02-15 12:07:46 - INFO - Filtered PMTfied file saved to: /lustre/hpc/project/icecube/HE_Nu_Aske_Oct2024/PMTfied_filtered/Snowstorm/PureNu/22018/12/PMTfied_1.parquet
2025-02-15 12:07:48 - INFO - Filtered PMTfied file saved to: /lustre/hpc/project/icecube/HE_Nu_Aske_Oct2024/PMTfied_filtered/Snowstorm/PureNu/22018/12/PMTfied_4.parquet
2025-02-15 12:07:49 - INFO - Filtered PMTfied file saved to: /lustre/hpc/project/icecube/HE_Nu_Aske_Oct2024/PMTfied_filtered/Snowstorm/PureNu/22018/12/PMTfied_8.parquet
2025-02-15 12:07:50 - INFO - Filtered PMTfied file saved to: /lustre/hpc/project/icecube/HE_Nu_Aske_Oct2024/PMTfied_filtered/Snowstorm/PureNu/22018/12/PMTfied_14.parquet
2025-02-15 12:07:52 - INFO - Filtered PMTfied file saved to: /lustre/hpc/project/icecube/HE_Nu_Aske_Oct2024/PMTfied_filtered/Snowstorm/PureNu/22018/12/PMTfied_10.parquet
2025-02-15 12:07:53 - INFO - Filtered PMTfied file saved to: /lustre/hpc/project/icecube/HE_Nu_Aske_Oct2024/PMTfied_filtered/Snowstorm/PureNu/22018/12/PMTfied_6.parquet
2025-02-15 12:07:56 - INFO - Filtered PMTfied file saved to: /lustre/hpc/project/icecube/HE_Nu_Aske_Oct2024/PMTfied_filtered/Snowstorm/PureNu/22018/12/PMTfied_2.parquet
2025-02-15 12:07:57 - INFO - Filtered PMTfied file saved to: /lustre/hpc/project/icecube/HE_Nu_Aske_Oct2024/PMTfied_filtered/Snowstorm/PureNu/22018/12/PMTfied_16.parquet
2025-02-15 12:07:58 - INFO - Filtered PMTfied file saved to: /lustre/hpc/project/icecube/HE_Nu_Aske_Oct2024/PMTfied_filtered/Snowstorm/PureNu/22018/12/PMTfied_12.parquet
2025-02-15 12:07:59 - INFO - Filtered PMTfied file saved to: /lustre/hpc/project/icecube/HE_Nu_Aske_Oct2024/PMTfied_filtered/Snowstorm/PureNu/22018/12/PMTfied_17.parquet
2025-02-15 12:08:02 - INFO - Filtered PMTfied file saved to: /lustre/hpc/project/icecube/HE_Nu_Aske_Oct2024/PMTfied_filtered/Snowstorm/PureNu/22018/12/PMTfied_13.parquet
2025-02-15 12:08:04 - INFO - Filtered PMTfied file saved to: /lustre/hpc/project/icecube/HE_Nu_Aske_Oct2024/PMTfied_filtered/Snowstorm/PureNu/22018/12/PMTfied_7.parquet
2025-02-15 12:08:05 - INFO - Filtered PMTfied file saved to: /lustre/hpc/project/icecube/HE_Nu_Aske_Oct2024/PMTfied_filtered/Snowstorm/PureNu/22018/12/PMTfied_3.parquet
2025-02-15 12:08:05 - INFO - Filtering process completed.
2025-02-15 12:08:05 - INFO - Filtering process completed.
2025-02-15 12:08:05 - INFO - Unified receipt generated: /lustre/hpc/project/icecube/HE_Nu_Aske_Oct2024/PMTfied_filtered/Snowstorm/PureNu/22018/[Receipt]22018_12.json
2025-02-15 12:08:05 - INFO - Filtering process completed.
Job completed at Sat Feb 15 12:08:05 PM CET 2025
