Starting job at Sat Feb 15 12:06:56 PM CET 2025
Running Filter_by_part.py for subdirectory 22018, part 5
2025-02-15 12:06:57 - INFO - Event filtering process starts...
2025-02-15 12:06:57 - INFO - Initialized Muon13Filter filter for 22018/5
2025-02-15 12:06:57 - INFO - Extracted 28913 valid events where MuonFilter_13==True.
2025-02-15 12:06:57 - INFO - Initialized CompositeEventFilter filter for 22018/5
2025-02-15 12:06:57 - INFO - Initialized (MuonLike)
2025-02-15 12:06:57 - INFO - Starting filtering process for 22018/5
2025-02-15 12:06:57 - INFO - Starting filtering process for 22018/5
2025-02-15 12:06:58 - INFO - Recalculated 'offset' column based on filtered 'N_doms' values.
2025-02-15 12:06:58 - INFO - Filtered truth file saved to: /lustre/hpc/project/icecube/HE_Nu_Aske_Oct2024/PMTfied_filtered/Snowstorm/MuonLike/22018/truth_5.parquet
2025-02-15 12:07:00 - INFO - Filtered PMTfied file saved to: /lustre/hpc/project/icecube/HE_Nu_Aske_Oct2024/PMTfied_filtered/Snowstorm/MuonLike/22018/5/PMTfied_1.parquet
2025-02-15 12:07:01 - INFO - Filtered PMTfied file saved to: /lustre/hpc/project/icecube/HE_Nu_Aske_Oct2024/PMTfied_filtered/Snowstorm/MuonLike/22018/5/PMTfied_5.parquet
2025-02-15 12:07:03 - INFO - Filtered PMTfied file saved to: /lustre/hpc/project/icecube/HE_Nu_Aske_Oct2024/PMTfied_filtered/Snowstorm/MuonLike/22018/5/PMTfied_9.parquet
2025-02-15 12:07:04 - INFO - Filtered PMTfied file saved to: /lustre/hpc/project/icecube/HE_Nu_Aske_Oct2024/PMTfied_filtered/Snowstorm/MuonLike/22018/5/PMTfied_17.parquet
2025-02-15 12:07:05 - INFO - Filtered PMTfied file saved to: /lustre/hpc/project/icecube/HE_Nu_Aske_Oct2024/PMTfied_filtered/Snowstorm/MuonLike/22018/5/PMTfied_13.parquet
2025-02-15 12:07:07 - INFO - Filtered PMTfied file saved to: /lustre/hpc/project/icecube/HE_Nu_Aske_Oct2024/PMTfied_filtered/Snowstorm/MuonLike/22018/5/PMTfied_16.parquet
2025-02-15 12:07:08 - INFO - Filtered PMTfied file saved to: /lustre/hpc/project/icecube/HE_Nu_Aske_Oct2024/PMTfied_filtered/Snowstorm/MuonLike/22018/5/PMTfied_12.parquet
2025-02-15 12:07:09 - INFO - Filtered PMTfied file saved to: /lustre/hpc/project/icecube/HE_Nu_Aske_Oct2024/PMTfied_filtered/Snowstorm/MuonLike/22018/5/PMTfied_8.parquet
2025-02-15 12:07:11 - INFO - Filtered PMTfied file saved to: /lustre/hpc/project/icecube/HE_Nu_Aske_Oct2024/PMTfied_filtered/Snowstorm/MuonLike/22018/5/PMTfied_4.parquet
2025-02-15 12:07:12 - INFO - Filtered PMTfied file saved to: /lustre/hpc/project/icecube/HE_Nu_Aske_Oct2024/PMTfied_filtered/Snowstorm/MuonLike/22018/5/PMTfied_14.parquet
2025-02-15 12:07:14 - INFO - Filtered PMTfied file saved to: /lustre/hpc/project/icecube/HE_Nu_Aske_Oct2024/PMTfied_filtered/Snowstorm/MuonLike/22018/5/PMTfied_10.parquet
2025-02-15 12:07:15 - INFO - Filtered PMTfied file saved to: /lustre/hpc/project/icecube/HE_Nu_Aske_Oct2024/PMTfied_filtered/Snowstorm/MuonLike/22018/5/PMTfied_2.parquet
2025-02-15 12:07:17 - INFO - Filtered PMTfied file saved to: /lustre/hpc/project/icecube/HE_Nu_Aske_Oct2024/PMTfied_filtered/Snowstorm/MuonLike/22018/5/PMTfied_6.parquet
2025-02-15 12:07:18 - INFO - Filtered PMTfied file saved to: /lustre/hpc/project/icecube/HE_Nu_Aske_Oct2024/PMTfied_filtered/Snowstorm/MuonLike/22018/5/PMTfied_3.parquet
2025-02-15 12:07:19 - INFO - Filtered PMTfied file saved to: /lustre/hpc/project/icecube/HE_Nu_Aske_Oct2024/PMTfied_filtered/Snowstorm/MuonLike/22018/5/PMTfied_7.parquet
2025-02-15 12:07:21 - INFO - Filtered PMTfied file saved to: /lustre/hpc/project/icecube/HE_Nu_Aske_Oct2024/PMTfied_filtered/Snowstorm/MuonLike/22018/5/PMTfied_15.parquet
2025-02-15 12:07:22 - INFO - Filtered PMTfied file saved to: /lustre/hpc/project/icecube/HE_Nu_Aske_Oct2024/PMTfied_filtered/Snowstorm/MuonLike/22018/5/PMTfied_11.parquet
2025-02-15 12:07:22 - INFO - Filtering process completed.
2025-02-15 12:07:22 - INFO - Filtering process completed.
2025-02-15 12:07:22 - INFO - Unified receipt generated: /lustre/hpc/project/icecube/HE_Nu_Aske_Oct2024/PMTfied_filtered/Snowstorm/MuonLike/22018/[Receipt]22018_5.json
2025-02-15 12:07:22 - INFO - Filtering process completed.
Job completed at Sat Feb 15 12:07:22 PM CET 2025
