Starting job at Sat Feb 15 12:58:23 PM CET 2025
Running Filter_by_part.py for subdirectory 22018, part 10
2025-02-15 12:58:23 - INFO - Event filtering process starts...
2025-02-15 12:58:23 - INFO - Initialized Muon13Filter filter for 22018/10
2025-02-15 12:58:23 - INFO - Extracted 29301 valid events where MuonFilter_13==True.
2025-02-15 12:58:23 - INFO - Initialized CompositeEventFilter filter for 22018/10
2025-02-15 12:58:23 - INFO - Initialized (MuonLike)
2025-02-15 12:58:23 - INFO - Starting filtering process for 22018/10
2025-02-15 12:58:23 - INFO - Starting filtering process for 22018/10
2025-02-15 12:58:25 - INFO - Recalculated 'offset' column based on filtered 'N_doms' values.
2025-02-15 12:58:25 - INFO - Filtered truth file saved to: /lustre/hpc/project/icecube/HE_Nu_Aske_Oct2024/PMTfied_filtered/Snowstorm/MuonLike/22018/truth_10.parquet
2025-02-15 12:58:26 - INFO - Filtered PMTfied file saved to: /lustre/hpc/project/icecube/HE_Nu_Aske_Oct2024/PMTfied_filtered/Snowstorm/MuonLike/22018/10/PMTfied_11.parquet
2025-02-15 12:58:27 - INFO - Filtered PMTfied file saved to: /lustre/hpc/project/icecube/HE_Nu_Aske_Oct2024/PMTfied_filtered/Snowstorm/MuonLike/22018/10/PMTfied_15.parquet
2025-02-15 12:58:29 - INFO - Filtered PMTfied file saved to: /lustre/hpc/project/icecube/HE_Nu_Aske_Oct2024/PMTfied_filtered/Snowstorm/MuonLike/22018/10/PMTfied_1.parquet
2025-02-15 12:58:30 - INFO - Filtered PMTfied file saved to: /lustre/hpc/project/icecube/HE_Nu_Aske_Oct2024/PMTfied_filtered/Snowstorm/MuonLike/22018/10/PMTfied_5.parquet
2025-02-15 12:58:31 - INFO - Filtered PMTfied file saved to: /lustre/hpc/project/icecube/HE_Nu_Aske_Oct2024/PMTfied_filtered/Snowstorm/MuonLike/22018/10/PMTfied_9.parquet
2025-02-15 12:58:33 - INFO - Filtered PMTfied file saved to: /lustre/hpc/project/icecube/HE_Nu_Aske_Oct2024/PMTfied_filtered/Snowstorm/MuonLike/22018/10/PMTfied_8.parquet
2025-02-15 12:58:34 - INFO - Filtered PMTfied file saved to: /lustre/hpc/project/icecube/HE_Nu_Aske_Oct2024/PMTfied_filtered/Snowstorm/MuonLike/22018/10/PMTfied_4.parquet
2025-02-15 12:58:34 - INFO - Filtered PMTfied file saved to: /lustre/hpc/project/icecube/HE_Nu_Aske_Oct2024/PMTfied_filtered/Snowstorm/MuonLike/22018/10/PMTfied_18.parquet
2025-02-15 12:58:35 - INFO - Filtered PMTfied file saved to: /lustre/hpc/project/icecube/HE_Nu_Aske_Oct2024/PMTfied_filtered/Snowstorm/MuonLike/22018/10/PMTfied_10.parquet
2025-02-15 12:58:37 - INFO - Filtered PMTfied file saved to: /lustre/hpc/project/icecube/HE_Nu_Aske_Oct2024/PMTfied_filtered/Snowstorm/MuonLike/22018/10/PMTfied_14.parquet
2025-02-15 12:58:38 - INFO - Filtered PMTfied file saved to: /lustre/hpc/project/icecube/HE_Nu_Aske_Oct2024/PMTfied_filtered/Snowstorm/MuonLike/22018/10/PMTfied_2.parquet
2025-02-15 12:58:39 - INFO - Filtered PMTfied file saved to: /lustre/hpc/project/icecube/HE_Nu_Aske_Oct2024/PMTfied_filtered/Snowstorm/MuonLike/22018/10/PMTfied_6.parquet
2025-02-15 12:58:40 - INFO - Filtered PMTfied file saved to: /lustre/hpc/project/icecube/HE_Nu_Aske_Oct2024/PMTfied_filtered/Snowstorm/MuonLike/22018/10/PMTfied_12.parquet
2025-02-15 12:58:42 - INFO - Filtered PMTfied file saved to: /lustre/hpc/project/icecube/HE_Nu_Aske_Oct2024/PMTfied_filtered/Snowstorm/MuonLike/22018/10/PMTfied_16.parquet
2025-02-15 12:58:43 - INFO - Filtered PMTfied file saved to: /lustre/hpc/project/icecube/HE_Nu_Aske_Oct2024/PMTfied_filtered/Snowstorm/MuonLike/22018/10/PMTfied_13.parquet
2025-02-15 12:58:44 - INFO - Filtered PMTfied file saved to: /lustre/hpc/project/icecube/HE_Nu_Aske_Oct2024/PMTfied_filtered/Snowstorm/MuonLike/22018/10/PMTfied_17.parquet
2025-02-15 12:58:45 - INFO - Filtered PMTfied file saved to: /lustre/hpc/project/icecube/HE_Nu_Aske_Oct2024/PMTfied_filtered/Snowstorm/MuonLike/22018/10/PMTfied_3.parquet
2025-02-15 12:58:47 - INFO - Filtered PMTfied file saved to: /lustre/hpc/project/icecube/HE_Nu_Aske_Oct2024/PMTfied_filtered/Snowstorm/MuonLike/22018/10/PMTfied_7.parquet
2025-02-15 12:58:47 - INFO - Filtering process completed.
2025-02-15 12:58:47 - INFO - Filtering process completed.
2025-02-15 12:58:47 - INFO - Unified receipt generated: /lustre/hpc/project/icecube/HE_Nu_Aske_Oct2024/PMTfied_filtered/Snowstorm/MuonLike/22018/[Receipt]22018_10.json
2025-02-15 12:58:47 - INFO - Filtering process completed.
Job completed at Sat Feb 15 12:58:47 PM CET 2025
