Starting job at Sat Feb 15 12:07:25 PM CET 2025
Running Filter_by_part.py for subdirectory 22018, part 9
2025-02-15 12:07:25 - INFO - Event filtering process starts...
2025-02-15 12:07:25 - INFO - Initialized PureNeutrinoEventFilter filter for 22018/9
2025-02-15 12:07:26 - INFO - Loaded 18 event specifier files from /lustre/hpc/project/icecube/HE_Nu_Aske_Oct2024/clean_events_dict/22018/22018/reduced
2025-02-15 12:07:26 - INFO - Selected 6 CSV files covering event range [4774, 9210]
2025-02-15 12:07:26 - INFO - Loaded 260667 valid (RunID, EventID) pairs from CSV files
2025-02-15 12:07:26 - INFO - Extracted 25224 valid events based on pure neutrino events.
2025-02-15 12:07:26 - INFO - Initialized CompositeEventFilter filter for 22018/9
2025-02-15 12:07:26 - INFO - Initialized (PureNu)
2025-02-15 12:07:26 - INFO - Starting filtering process for 22018/9
2025-02-15 12:07:26 - INFO - Starting filtering process for 22018/9
2025-02-15 12:07:27 - INFO - Recalculated 'offset' column based on filtered 'N_doms' values.
2025-02-15 12:07:28 - INFO - Filtered truth file saved to: /lustre/hpc/project/icecube/HE_Nu_Aske_Oct2024/PMTfied_filtered/Snowstorm/PureNu/22018/truth_9.parquet
2025-02-15 12:07:29 - INFO - Filtered PMTfied file saved to: /lustre/hpc/project/icecube/HE_Nu_Aske_Oct2024/PMTfied_filtered/Snowstorm/PureNu/22018/9/PMTfied_1.parquet
2025-02-15 12:07:30 - INFO - Filtered PMTfied file saved to: /lustre/hpc/project/icecube/HE_Nu_Aske_Oct2024/PMTfied_filtered/Snowstorm/PureNu/22018/9/PMTfied_5.parquet
2025-02-15 12:07:31 - INFO - Filtered PMTfied file saved to: /lustre/hpc/project/icecube/HE_Nu_Aske_Oct2024/PMTfied_filtered/Snowstorm/PureNu/22018/9/PMTfied_9.parquet
2025-02-15 12:07:33 - INFO - Filtered PMTfied file saved to: /lustre/hpc/project/icecube/HE_Nu_Aske_Oct2024/PMTfied_filtered/Snowstorm/PureNu/22018/9/PMTfied_11.parquet
2025-02-15 12:07:34 - INFO - Filtered PMTfied file saved to: /lustre/hpc/project/icecube/HE_Nu_Aske_Oct2024/PMTfied_filtered/Snowstorm/PureNu/22018/9/PMTfied_15.parquet
2025-02-15 12:07:35 - INFO - Filtered PMTfied file saved to: /lustre/hpc/project/icecube/HE_Nu_Aske_Oct2024/PMTfied_filtered/Snowstorm/PureNu/22018/9/PMTfied_10.parquet
2025-02-15 12:07:36 - INFO - Filtered PMTfied file saved to: /lustre/hpc/project/icecube/HE_Nu_Aske_Oct2024/PMTfied_filtered/Snowstorm/PureNu/22018/9/PMTfied_14.parquet
2025-02-15 12:07:37 - INFO - Filtered PMTfied file saved to: /lustre/hpc/project/icecube/HE_Nu_Aske_Oct2024/PMTfied_filtered/Snowstorm/PureNu/22018/9/PMTfied_8.parquet
2025-02-15 12:07:39 - INFO - Filtered PMTfied file saved to: /lustre/hpc/project/icecube/HE_Nu_Aske_Oct2024/PMTfied_filtered/Snowstorm/PureNu/22018/9/PMTfied_4.parquet
2025-02-15 12:07:40 - INFO - Filtered PMTfied file saved to: /lustre/hpc/project/icecube/HE_Nu_Aske_Oct2024/PMTfied_filtered/Snowstorm/PureNu/22018/9/PMTfied_12.parquet
2025-02-15 12:07:41 - INFO - Filtered PMTfied file saved to: /lustre/hpc/project/icecube/HE_Nu_Aske_Oct2024/PMTfied_filtered/Snowstorm/PureNu/22018/9/PMTfied_16.parquet
2025-02-15 12:07:43 - INFO - Filtered PMTfied file saved to: /lustre/hpc/project/icecube/HE_Nu_Aske_Oct2024/PMTfied_filtered/Snowstorm/PureNu/22018/9/PMTfied_2.parquet
2025-02-15 12:07:44 - INFO - Filtered PMTfied file saved to: /lustre/hpc/project/icecube/HE_Nu_Aske_Oct2024/PMTfied_filtered/Snowstorm/PureNu/22018/9/PMTfied_6.parquet
2025-02-15 12:07:45 - INFO - Filtered PMTfied file saved to: /lustre/hpc/project/icecube/HE_Nu_Aske_Oct2024/PMTfied_filtered/Snowstorm/PureNu/22018/9/PMTfied_3.parquet
2025-02-15 12:07:46 - INFO - Filtered PMTfied file saved to: /lustre/hpc/project/icecube/HE_Nu_Aske_Oct2024/PMTfied_filtered/Snowstorm/PureNu/22018/9/PMTfied_7.parquet
2025-02-15 12:07:48 - INFO - Filtered PMTfied file saved to: /lustre/hpc/project/icecube/HE_Nu_Aske_Oct2024/PMTfied_filtered/Snowstorm/PureNu/22018/9/PMTfied_13.parquet
2025-02-15 12:07:49 - INFO - Filtered PMTfied file saved to: /lustre/hpc/project/icecube/HE_Nu_Aske_Oct2024/PMTfied_filtered/Snowstorm/PureNu/22018/9/PMTfied_17.parquet
2025-02-15 12:07:49 - INFO - Filtering process completed.
2025-02-15 12:07:49 - INFO - Filtering process completed.
2025-02-15 12:07:49 - INFO - Unified receipt generated: /lustre/hpc/project/icecube/HE_Nu_Aske_Oct2024/PMTfied_filtered/Snowstorm/PureNu/22018/[Receipt]22018_9.json
2025-02-15 12:07:49 - INFO - Filtering process completed.
Job completed at Sat Feb 15 12:07:49 PM CET 2025
