Starting job at Sat Feb 15 12:07:02 PM CET 2025
Running Filter_by_part.py for subdirectory 22018, part 8
2025-02-15 12:07:02 - INFO - Event filtering process starts...
2025-02-15 12:07:02 - INFO - Initialized Muon13Filter filter for 22018/8
2025-02-15 12:07:03 - INFO - Extracted 29476 valid events where MuonFilter_13==True.
2025-02-15 12:07:03 - INFO - Initialized CompositeEventFilter filter for 22018/8
2025-02-15 12:07:03 - INFO - Initialized (MuonLike)
2025-02-15 12:07:03 - INFO - Starting filtering process for 22018/8
2025-02-15 12:07:03 - INFO - Starting filtering process for 22018/8
2025-02-15 12:07:04 - INFO - Recalculated 'offset' column based on filtered 'N_doms' values.
2025-02-15 12:07:04 - INFO - Filtered truth file saved to: /lustre/hpc/project/icecube/HE_Nu_Aske_Oct2024/PMTfied_filtered/Snowstorm/MuonLike/22018/truth_8.parquet
2025-02-15 12:07:06 - INFO - Filtered PMTfied file saved to: /lustre/hpc/project/icecube/HE_Nu_Aske_Oct2024/PMTfied_filtered/Snowstorm/MuonLike/22018/8/PMTfied_4.parquet
2025-02-15 12:07:09 - INFO - Filtered PMTfied file saved to: /lustre/hpc/project/icecube/HE_Nu_Aske_Oct2024/PMTfied_filtered/Snowstorm/MuonLike/22018/8/PMTfied_8.parquet
2025-02-15 12:07:10 - INFO - Filtered PMTfied file saved to: /lustre/hpc/project/icecube/HE_Nu_Aske_Oct2024/PMTfied_filtered/Snowstorm/MuonLike/22018/8/PMTfied_12.parquet
2025-02-15 12:07:13 - INFO - Filtered PMTfied file saved to: /lustre/hpc/project/icecube/HE_Nu_Aske_Oct2024/PMTfied_filtered/Snowstorm/MuonLike/22018/8/PMTfied_16.parquet
2025-02-15 12:07:14 - INFO - Filtered PMTfied file saved to: /lustre/hpc/project/icecube/HE_Nu_Aske_Oct2024/PMTfied_filtered/Snowstorm/MuonLike/22018/8/PMTfied_9.parquet
2025-02-15 12:07:16 - INFO - Filtered PMTfied file saved to: /lustre/hpc/project/icecube/HE_Nu_Aske_Oct2024/PMTfied_filtered/Snowstorm/MuonLike/22018/8/PMTfied_13.parquet
2025-02-15 12:07:17 - INFO - Filtered PMTfied file saved to: /lustre/hpc/project/icecube/HE_Nu_Aske_Oct2024/PMTfied_filtered/Snowstorm/MuonLike/22018/8/PMTfied_17.parquet
2025-02-15 12:07:19 - INFO - Filtered PMTfied file saved to: /lustre/hpc/project/icecube/HE_Nu_Aske_Oct2024/PMTfied_filtered/Snowstorm/MuonLike/22018/8/PMTfied_5.parquet
2025-02-15 12:07:20 - INFO - Filtered PMTfied file saved to: /lustre/hpc/project/icecube/HE_Nu_Aske_Oct2024/PMTfied_filtered/Snowstorm/MuonLike/22018/8/PMTfied_1.parquet
2025-02-15 12:07:21 - INFO - Filtered PMTfied file saved to: /lustre/hpc/project/icecube/HE_Nu_Aske_Oct2024/PMTfied_filtered/Snowstorm/MuonLike/22018/8/PMTfied_11.parquet
2025-02-15 12:07:23 - INFO - Filtered PMTfied file saved to: /lustre/hpc/project/icecube/HE_Nu_Aske_Oct2024/PMTfied_filtered/Snowstorm/MuonLike/22018/8/PMTfied_15.parquet
2025-02-15 12:07:26 - INFO - Filtered PMTfied file saved to: /lustre/hpc/project/icecube/HE_Nu_Aske_Oct2024/PMTfied_filtered/Snowstorm/MuonLike/22018/8/PMTfied_7.parquet
2025-02-15 12:07:27 - INFO - Filtered PMTfied file saved to: /lustre/hpc/project/icecube/HE_Nu_Aske_Oct2024/PMTfied_filtered/Snowstorm/MuonLike/22018/8/PMTfied_3.parquet
2025-02-15 12:07:28 - INFO - Filtered PMTfied file saved to: /lustre/hpc/project/icecube/HE_Nu_Aske_Oct2024/PMTfied_filtered/Snowstorm/MuonLike/22018/8/PMTfied_6.parquet
2025-02-15 12:07:30 - INFO - Filtered PMTfied file saved to: /lustre/hpc/project/icecube/HE_Nu_Aske_Oct2024/PMTfied_filtered/Snowstorm/MuonLike/22018/8/PMTfied_2.parquet
2025-02-15 12:07:30 - INFO - Filtered PMTfied file saved to: /lustre/hpc/project/icecube/HE_Nu_Aske_Oct2024/PMTfied_filtered/Snowstorm/MuonLike/22018/8/PMTfied_18.parquet
2025-02-15 12:07:32 - INFO - Filtered PMTfied file saved to: /lustre/hpc/project/icecube/HE_Nu_Aske_Oct2024/PMTfied_filtered/Snowstorm/MuonLike/22018/8/PMTfied_10.parquet
2025-02-15 12:07:33 - INFO - Filtered PMTfied file saved to: /lustre/hpc/project/icecube/HE_Nu_Aske_Oct2024/PMTfied_filtered/Snowstorm/MuonLike/22018/8/PMTfied_14.parquet
2025-02-15 12:07:33 - INFO - Filtering process completed.
2025-02-15 12:07:33 - INFO - Filtering process completed.
2025-02-15 12:07:33 - INFO - Unified receipt generated: /lustre/hpc/project/icecube/HE_Nu_Aske_Oct2024/PMTfied_filtered/Snowstorm/MuonLike/22018/[Receipt]22018_8.json
2025-02-15 12:07:33 - INFO - Filtering process completed.
Job completed at Sat Feb 15 12:07:33 PM CET 2025
