Starting job at Mon Feb 17 04:18:29 PM CET 2025
Running Filter_by_part.py for subdirectory 22018, part 7
2025-02-17 16:18:29 - INFO - Event filtering process starts...
2025-02-17 16:18:29 - INFO - Initialized PureNeutrinoEventFilter filter for 22018/7
2025-02-17 16:18:29 - INFO - Loaded 18 event specifier files from /lustre/hpc/project/icecube/HE_Nu_Aske_Oct2024/clean_events_dict/22018/22018/reduced
2025-02-17 16:18:30 - INFO - Selected 6 CSV files covering event range [4660, 9125]
2025-02-17 16:18:30 - INFO - Loaded 260667 valid (RunID, EventID) pairs from CSV files
2025-02-17 16:18:30 - INFO - Extracted 26062 valid events based on pure neutrino events.
2025-02-17 16:18:30 - INFO - Initialized Muon13Filter filter for 22018/7
2025-02-17 16:18:30 - INFO - Extracted 29778 valid events where MuonFilter_13==True.
2025-02-17 16:18:30 - INFO - Initialized CompositeEventFilter filter for 22018/7
2025-02-17 16:18:30 - INFO - Initialized (MuonLike_PureNu)
2025-02-17 16:18:30 - INFO - Starting filtering process for 22018/7
2025-02-17 16:18:30 - INFO - Starting filtering process for 22018/7
2025-02-17 16:18:31 - INFO - Recalculated 'offset' column based on 'N_doms' values within each 'shard_no' group.
2025-02-17 16:18:31 - INFO - Filtered truth file saved to: /lustre/hpc/project/icecube/HE_Nu_Aske_Oct2024/PMTfied_filtered/Snowstorm/MuonLike_PureNu/22018/truth_7.parquet
2025-02-17 16:18:33 - INFO - Filtered PMTfied file saved to: /lustre/hpc/project/icecube/HE_Nu_Aske_Oct2024/PMTfied_filtered/Snowstorm/MuonLike_PureNu/22018/7/PMTfied_13.parquet
2025-02-17 16:18:34 - INFO - Filtered PMTfied file saved to: /lustre/hpc/project/icecube/HE_Nu_Aske_Oct2024/PMTfied_filtered/Snowstorm/MuonLike_PureNu/22018/7/PMTfied_17.parquet
2025-02-17 16:18:35 - INFO - Filtered PMTfied file saved to: /lustre/hpc/project/icecube/HE_Nu_Aske_Oct2024/PMTfied_filtered/Snowstorm/MuonLike_PureNu/22018/7/PMTfied_2.parquet
2025-02-17 16:18:36 - INFO - Filtered PMTfied file saved to: /lustre/hpc/project/icecube/HE_Nu_Aske_Oct2024/PMTfied_filtered/Snowstorm/MuonLike_PureNu/22018/7/PMTfied_6.parquet
2025-02-17 16:18:38 - INFO - Filtered PMTfied file saved to: /lustre/hpc/project/icecube/HE_Nu_Aske_Oct2024/PMTfied_filtered/Snowstorm/MuonLike_PureNu/22018/7/PMTfied_3.parquet
2025-02-17 16:18:39 - INFO - Filtered PMTfied file saved to: /lustre/hpc/project/icecube/HE_Nu_Aske_Oct2024/PMTfied_filtered/Snowstorm/MuonLike_PureNu/22018/7/PMTfied_7.parquet
2025-02-17 16:18:40 - INFO - Filtered PMTfied file saved to: /lustre/hpc/project/icecube/HE_Nu_Aske_Oct2024/PMTfied_filtered/Snowstorm/MuonLike_PureNu/22018/7/PMTfied_12.parquet
2025-02-17 16:18:42 - INFO - Filtered PMTfied file saved to: /lustre/hpc/project/icecube/HE_Nu_Aske_Oct2024/PMTfied_filtered/Snowstorm/MuonLike_PureNu/22018/7/PMTfied_16.parquet
2025-02-17 16:18:43 - INFO - Filtered PMTfied file saved to: /lustre/hpc/project/icecube/HE_Nu_Aske_Oct2024/PMTfied_filtered/Snowstorm/MuonLike_PureNu/22018/7/PMTfied_9.parquet
2025-02-17 16:18:44 - INFO - Filtered PMTfied file saved to: /lustre/hpc/project/icecube/HE_Nu_Aske_Oct2024/PMTfied_filtered/Snowstorm/MuonLike_PureNu/22018/7/PMTfied_1.parquet
2025-02-17 16:18:45 - INFO - Filtered PMTfied file saved to: /lustre/hpc/project/icecube/HE_Nu_Aske_Oct2024/PMTfied_filtered/Snowstorm/MuonLike_PureNu/22018/7/PMTfied_5.parquet
2025-02-17 16:18:46 - INFO - Filtered PMTfied file saved to: /lustre/hpc/project/icecube/HE_Nu_Aske_Oct2024/PMTfied_filtered/Snowstorm/MuonLike_PureNu/22018/7/PMTfied_18.parquet
2025-02-17 16:18:47 - INFO - Filtered PMTfied file saved to: /lustre/hpc/project/icecube/HE_Nu_Aske_Oct2024/PMTfied_filtered/Snowstorm/MuonLike_PureNu/22018/7/PMTfied_10.parquet
2025-02-17 16:18:48 - INFO - Filtered PMTfied file saved to: /lustre/hpc/project/icecube/HE_Nu_Aske_Oct2024/PMTfied_filtered/Snowstorm/MuonLike_PureNu/22018/7/PMTfied_14.parquet
2025-02-17 16:18:50 - INFO - Filtered PMTfied file saved to: /lustre/hpc/project/icecube/HE_Nu_Aske_Oct2024/PMTfied_filtered/Snowstorm/MuonLike_PureNu/22018/7/PMTfied_11.parquet
2025-02-17 16:18:51 - INFO - Filtered PMTfied file saved to: /lustre/hpc/project/icecube/HE_Nu_Aske_Oct2024/PMTfied_filtered/Snowstorm/MuonLike_PureNu/22018/7/PMTfied_15.parquet
2025-02-17 16:18:52 - INFO - Filtered PMTfied file saved to: /lustre/hpc/project/icecube/HE_Nu_Aske_Oct2024/PMTfied_filtered/Snowstorm/MuonLike_PureNu/22018/7/PMTfied_4.parquet
2025-02-17 16:18:53 - INFO - Filtered PMTfied file saved to: /lustre/hpc/project/icecube/HE_Nu_Aske_Oct2024/PMTfied_filtered/Snowstorm/MuonLike_PureNu/22018/7/PMTfied_8.parquet
2025-02-17 16:18:53 - INFO - Filtering process completed.
2025-02-17 16:18:53 - INFO - Filtering process completed.
2025-02-17 16:18:53 - INFO - Unified receipt generated: /lustre/hpc/project/icecube/HE_Nu_Aske_Oct2024/PMTfied_filtered/Snowstorm/MuonLike_PureNu/22018/[Receipt]22018_7.json
2025-02-17 16:18:53 - INFO - Filtering process completed.
Job completed at Mon Feb 17 04:18:53 PM CET 2025
