Starting job at Thu Feb 13 05:16:20 PM CET 2025
Running Filter_by_part.py for subdirectory 22018, part 20
2025-02-13 17:16:20 - INFO - Event filtering process starts...
2025-02-13 17:16:20 - INFO - Initialized Muon13Filter
2025-02-13 17:16:20 - INFO - Starting filtering process for 22018/20
2025-02-13 17:16:22 - INFO - Recalculated 'offset' column based on filtered 'N_doms' values.
2025-02-13 17:16:22 - INFO - Filtered truth file saved to: /lustre/hpc/project/icecube/HE_Nu_Aske_Oct2024/PMTfied_filtered/MuonLike/Snowstorm/22018/truth_20.parquet
2025-02-13 17:16:22 - INFO - Receipt file saved to: /lustre/hpc/project/icecube/HE_Nu_Aske_Oct2024/PMTfied_filtered/MuonLike/Snowstorm/22018/[Receipt]22018_20.json
2025-02-13 17:16:23 - INFO - Filtered PMTfied file saved to: /lustre/hpc/project/icecube/HE_Nu_Aske_Oct2024/PMTfied_filtered/MuonLike/Snowstorm/22018/20/PMTfied_9.parquet
2025-02-13 17:16:25 - INFO - Filtered PMTfied file saved to: /lustre/hpc/project/icecube/HE_Nu_Aske_Oct2024/PMTfied_filtered/MuonLike/Snowstorm/22018/20/PMTfied_5.parquet
2025-02-13 17:16:26 - INFO - Filtered PMTfied file saved to: /lustre/hpc/project/icecube/HE_Nu_Aske_Oct2024/PMTfied_filtered/MuonLike/Snowstorm/22018/20/PMTfied_1.parquet
2025-02-13 17:16:28 - INFO - Filtered PMTfied file saved to: /lustre/hpc/project/icecube/HE_Nu_Aske_Oct2024/PMTfied_filtered/MuonLike/Snowstorm/22018/20/PMTfied_13.parquet
2025-02-13 17:16:29 - INFO - Filtered PMTfied file saved to: /lustre/hpc/project/icecube/HE_Nu_Aske_Oct2024/PMTfied_filtered/MuonLike/Snowstorm/22018/20/PMTfied_17.parquet
2025-02-13 17:16:31 - INFO - Filtered PMTfied file saved to: /lustre/hpc/project/icecube/HE_Nu_Aske_Oct2024/PMTfied_filtered/MuonLike/Snowstorm/22018/20/PMTfied_12.parquet
2025-02-13 17:16:32 - INFO - Filtered PMTfied file saved to: /lustre/hpc/project/icecube/HE_Nu_Aske_Oct2024/PMTfied_filtered/MuonLike/Snowstorm/22018/20/PMTfied_16.parquet
2025-02-13 17:16:34 - INFO - Filtered PMTfied file saved to: /lustre/hpc/project/icecube/HE_Nu_Aske_Oct2024/PMTfied_filtered/MuonLike/Snowstorm/22018/20/PMTfied_4.parquet
2025-02-13 17:16:35 - INFO - Filtered PMTfied file saved to: /lustre/hpc/project/icecube/HE_Nu_Aske_Oct2024/PMTfied_filtered/MuonLike/Snowstorm/22018/20/PMTfied_8.parquet
2025-02-13 17:16:35 - INFO - Filtered PMTfied file saved to: /lustre/hpc/project/icecube/HE_Nu_Aske_Oct2024/PMTfied_filtered/MuonLike/Snowstorm/22018/20/PMTfied_18.parquet
2025-02-13 17:16:37 - INFO - Filtered PMTfied file saved to: /lustre/hpc/project/icecube/HE_Nu_Aske_Oct2024/PMTfied_filtered/MuonLike/Snowstorm/22018/20/PMTfied_10.parquet
2025-02-13 17:16:38 - INFO - Filtered PMTfied file saved to: /lustre/hpc/project/icecube/HE_Nu_Aske_Oct2024/PMTfied_filtered/MuonLike/Snowstorm/22018/20/PMTfied_14.parquet
2025-02-13 17:16:39 - INFO - Filtered PMTfied file saved to: /lustre/hpc/project/icecube/HE_Nu_Aske_Oct2024/PMTfied_filtered/MuonLike/Snowstorm/22018/20/PMTfied_6.parquet
2025-02-13 17:16:41 - INFO - Filtered PMTfied file saved to: /lustre/hpc/project/icecube/HE_Nu_Aske_Oct2024/PMTfied_filtered/MuonLike/Snowstorm/22018/20/PMTfied_2.parquet
2025-02-13 17:16:42 - INFO - Filtered PMTfied file saved to: /lustre/hpc/project/icecube/HE_Nu_Aske_Oct2024/PMTfied_filtered/MuonLike/Snowstorm/22018/20/PMTfied_7.parquet
2025-02-13 17:16:46 - INFO - Filtered PMTfied file saved to: /lustre/hpc/project/icecube/HE_Nu_Aske_Oct2024/PMTfied_filtered/MuonLike/Snowstorm/22018/20/PMTfied_3.parquet
2025-02-13 17:16:47 - INFO - Filtered PMTfied file saved to: /lustre/hpc/project/icecube/HE_Nu_Aske_Oct2024/PMTfied_filtered/MuonLike/Snowstorm/22018/20/PMTfied_11.parquet
2025-02-13 17:16:49 - INFO - Filtered PMTfied file saved to: /lustre/hpc/project/icecube/HE_Nu_Aske_Oct2024/PMTfied_filtered/MuonLike/Snowstorm/22018/20/PMTfied_15.parquet
2025-02-13 17:16:49 - INFO - Filtering process completed.
2025-02-13 17:16:49 - INFO - Filtering process completed for all selected filters.
2025-02-13 17:16:49 - INFO - Execution time: 28.61 seconds
2025-02-13 17:16:49 - INFO - Updated receipt with execution time: /lustre/hpc/project/icecube/HE_Nu_Aske_Oct2024/PMTfied_filtered/MuonLike/Snowstorm/22018/[Receipt]22018_20.json
Job completed at Thu Feb 13 05:16:49 PM CET 2025
