Starting job at Mon Feb 17 04:18:15 PM CET 2025
Running Filter_by_part.py for subdirectory 22018, part 6
2025-02-17 16:18:16 - INFO - Event filtering process starts...
2025-02-17 16:18:16 - INFO - Initialized PureNeutrinoEventFilter filter for 22018/6
2025-02-17 16:18:16 - INFO - Loaded 18 event specifier files from /lustre/hpc/project/icecube/HE_Nu_Aske_Oct2024/clean_events_dict/22018/22018/reduced
2025-02-17 16:18:16 - INFO - Selected 10 CSV files covering event range [224, 9565]
2025-02-17 16:18:16 - INFO - Loaded 434247 valid (RunID, EventID) pairs from CSV files
2025-02-17 16:18:16 - INFO - Extracted 25817 valid events based on pure neutrino events.
2025-02-17 16:18:16 - INFO - Initialized Muon13Filter filter for 22018/6
2025-02-17 16:18:16 - INFO - Extracted 29463 valid events where MuonFilter_13==True.
2025-02-17 16:18:16 - INFO - Initialized CompositeEventFilter filter for 22018/6
2025-02-17 16:18:16 - INFO - Initialized (MuonLike_PureNu)
2025-02-17 16:18:16 - INFO - Starting filtering process for 22018/6
2025-02-17 16:18:16 - INFO - Starting filtering process for 22018/6
2025-02-17 16:18:17 - INFO - Recalculated 'offset' column based on 'N_doms' values within each 'shard_no' group.
2025-02-17 16:18:17 - INFO - Filtered truth file saved to: /lustre/hpc/project/icecube/HE_Nu_Aske_Oct2024/PMTfied_filtered/Snowstorm/MuonLike_PureNu/22018/truth_6.parquet
2025-02-17 16:18:17 - INFO - Filtered PMTfied file saved to: /lustre/hpc/project/icecube/HE_Nu_Aske_Oct2024/PMTfied_filtered/Snowstorm/MuonLike_PureNu/22018/6/PMTfied_11.parquet
2025-02-17 16:18:18 - INFO - Filtered PMTfied file saved to: /lustre/hpc/project/icecube/HE_Nu_Aske_Oct2024/PMTfied_filtered/Snowstorm/MuonLike_PureNu/22018/6/PMTfied_15.parquet
2025-02-17 16:18:19 - INFO - Filtered PMTfied file saved to: /lustre/hpc/project/icecube/HE_Nu_Aske_Oct2024/PMTfied_filtered/Snowstorm/MuonLike_PureNu/22018/6/PMTfied_6.parquet
2025-02-17 16:18:19 - INFO - Filtered PMTfied file saved to: /lustre/hpc/project/icecube/HE_Nu_Aske_Oct2024/PMTfied_filtered/Snowstorm/MuonLike_PureNu/22018/6/PMTfied_2.parquet
2025-02-17 16:18:20 - INFO - Filtered PMTfied file saved to: /lustre/hpc/project/icecube/HE_Nu_Aske_Oct2024/PMTfied_filtered/Snowstorm/MuonLike_PureNu/22018/6/PMTfied_7.parquet
2025-02-17 16:18:20 - INFO - Filtered PMTfied file saved to: /lustre/hpc/project/icecube/HE_Nu_Aske_Oct2024/PMTfied_filtered/Snowstorm/MuonLike_PureNu/22018/6/PMTfied_3.parquet
2025-02-17 16:18:21 - INFO - Filtered PMTfied file saved to: /lustre/hpc/project/icecube/HE_Nu_Aske_Oct2024/PMTfied_filtered/Snowstorm/MuonLike_PureNu/22018/6/PMTfied_10.parquet
2025-02-17 16:18:21 - INFO - Filtered PMTfied file saved to: /lustre/hpc/project/icecube/HE_Nu_Aske_Oct2024/PMTfied_filtered/Snowstorm/MuonLike_PureNu/22018/6/PMTfied_14.parquet
2025-02-17 16:18:22 - INFO - Filtered PMTfied file saved to: /lustre/hpc/project/icecube/HE_Nu_Aske_Oct2024/PMTfied_filtered/Snowstorm/MuonLike_PureNu/22018/6/PMTfied_18.parquet
2025-02-17 16:18:22 - INFO - Filtered PMTfied file saved to: /lustre/hpc/project/icecube/HE_Nu_Aske_Oct2024/PMTfied_filtered/Snowstorm/MuonLike_PureNu/22018/6/PMTfied_5.parquet
2025-02-17 16:18:23 - INFO - Filtered PMTfied file saved to: /lustre/hpc/project/icecube/HE_Nu_Aske_Oct2024/PMTfied_filtered/Snowstorm/MuonLike_PureNu/22018/6/PMTfied_1.parquet
2025-02-17 16:18:23 - INFO - Filtered PMTfied file saved to: /lustre/hpc/project/icecube/HE_Nu_Aske_Oct2024/PMTfied_filtered/Snowstorm/MuonLike_PureNu/22018/6/PMTfied_9.parquet
2025-02-17 16:18:24 - INFO - Filtered PMTfied file saved to: /lustre/hpc/project/icecube/HE_Nu_Aske_Oct2024/PMTfied_filtered/Snowstorm/MuonLike_PureNu/22018/6/PMTfied_12.parquet
2025-02-17 16:18:25 - INFO - Filtered PMTfied file saved to: /lustre/hpc/project/icecube/HE_Nu_Aske_Oct2024/PMTfied_filtered/Snowstorm/MuonLike_PureNu/22018/6/PMTfied_16.parquet
2025-02-17 16:18:25 - INFO - Filtered PMTfied file saved to: /lustre/hpc/project/icecube/HE_Nu_Aske_Oct2024/PMTfied_filtered/Snowstorm/MuonLike_PureNu/22018/6/PMTfied_13.parquet
2025-02-17 16:18:26 - INFO - Filtered PMTfied file saved to: /lustre/hpc/project/icecube/HE_Nu_Aske_Oct2024/PMTfied_filtered/Snowstorm/MuonLike_PureNu/22018/6/PMTfied_17.parquet
2025-02-17 16:18:26 - INFO - Filtered PMTfied file saved to: /lustre/hpc/project/icecube/HE_Nu_Aske_Oct2024/PMTfied_filtered/Snowstorm/MuonLike_PureNu/22018/6/PMTfied_8.parquet
2025-02-17 16:18:27 - INFO - Filtered PMTfied file saved to: /lustre/hpc/project/icecube/HE_Nu_Aske_Oct2024/PMTfied_filtered/Snowstorm/MuonLike_PureNu/22018/6/PMTfied_4.parquet
2025-02-17 16:18:27 - INFO - Filtering process completed.
2025-02-17 16:18:27 - INFO - Filtering process completed.
2025-02-17 16:18:27 - INFO - Unified receipt generated: /lustre/hpc/project/icecube/HE_Nu_Aske_Oct2024/PMTfied_filtered/Snowstorm/MuonLike_PureNu/22018/[Receipt]22018_6.json
2025-02-17 16:18:27 - INFO - Filtering process completed.
Job completed at Mon Feb 17 04:18:27 PM CET 2025
