Starting job at Mon Feb 24 01:11:14 PM CET 2025
Running Filter_by_part.py for subdirectory 22018, part 17
2025-02-24 13:11:14 - INFO - Event filtering process starts...
2025-02-24 13:11:14 - INFO - Initialized PureNeutrinoEventFilter filter for 22018/17
2025-02-24 13:11:15 - INFO - Loaded 18 event specifier files from /lustre/hpc/project/icecube/HE_Nu_Aske_Oct2024/clean_events_dict/22018/22018/reduced
2025-02-24 13:11:15 - INFO - Selected 5 CSV files covering event range [13984, 18390]
2025-02-24 13:11:15 - INFO - Loaded 217599 valid (RunID, EventID) pairs from CSV files
2025-02-24 13:11:16 - INFO - Extracted 22894 valid events based on pure neutrino events.
2025-02-24 13:11:16 - INFO - Initialized Muon13Filter filter for 22018/17
2025-02-24 13:11:16 - INFO - Extracted 29246 valid events where MuonFilter_13==True.
2025-02-24 13:11:16 - INFO - Initialized CCFilter filter for 22018/17
2025-02-24 13:11:16 - INFO - Extracted 28360 valid events which are CC interactions.
2025-02-24 13:11:16 - INFO - Initialized CompositeEventFilter filter for 22018/17
2025-02-24 13:11:16 - INFO - Initialized (CC_CRclean_MuonLike)
2025-02-24 13:11:16 - INFO - Starting filtering process for 22018/17
2025-02-24 13:11:16 - INFO - Starting filtering process for 22018/17
2025-02-24 13:11:17 - INFO - Recalculated 'offset' column based on 'N_doms' values within each 'shard_no' group.
2025-02-24 13:11:17 - INFO - Filtered truth file saved to: /lustre/hpc/project/icecube/HE_Nu_Aske_Oct2024/PMTfied_filtered/Snowstorm/CC_CRclean_MuonLike/22018/truth_17.parquet
2025-02-24 13:11:18 - INFO - Filtered PMTfied file saved to: /lustre/hpc/project/icecube/HE_Nu_Aske_Oct2024/PMTfied_filtered/Snowstorm/CC_CRclean_MuonLike/22018/17/PMTfied_5.parquet
2025-02-24 13:11:18 - INFO - Filtered PMTfied file saved to: /lustre/hpc/project/icecube/HE_Nu_Aske_Oct2024/PMTfied_filtered/Snowstorm/CC_CRclean_MuonLike/22018/17/PMTfied_18.parquet
2025-02-24 13:11:19 - INFO - Filtered PMTfied file saved to: /lustre/hpc/project/icecube/HE_Nu_Aske_Oct2024/PMTfied_filtered/Snowstorm/CC_CRclean_MuonLike/22018/17/PMTfied_1.parquet
2025-02-24 13:11:21 - INFO - Filtered PMTfied file saved to: /lustre/hpc/project/icecube/HE_Nu_Aske_Oct2024/PMTfied_filtered/Snowstorm/CC_CRclean_MuonLike/22018/17/PMTfied_9.parquet
2025-02-24 13:11:22 - INFO - Filtered PMTfied file saved to: /lustre/hpc/project/icecube/HE_Nu_Aske_Oct2024/PMTfied_filtered/Snowstorm/CC_CRclean_MuonLike/22018/17/PMTfied_10.parquet
2025-02-24 13:11:23 - INFO - Filtered PMTfied file saved to: /lustre/hpc/project/icecube/HE_Nu_Aske_Oct2024/PMTfied_filtered/Snowstorm/CC_CRclean_MuonLike/22018/17/PMTfied_14.parquet
2025-02-24 13:11:24 - INFO - Filtered PMTfied file saved to: /lustre/hpc/project/icecube/HE_Nu_Aske_Oct2024/PMTfied_filtered/Snowstorm/CC_CRclean_MuonLike/22018/17/PMTfied_8.parquet
2025-02-24 13:11:26 - INFO - Filtered PMTfied file saved to: /lustre/hpc/project/icecube/HE_Nu_Aske_Oct2024/PMTfied_filtered/Snowstorm/CC_CRclean_MuonLike/22018/17/PMTfied_11.parquet
2025-02-24 13:11:27 - INFO - Filtered PMTfied file saved to: /lustre/hpc/project/icecube/HE_Nu_Aske_Oct2024/PMTfied_filtered/Snowstorm/CC_CRclean_MuonLike/22018/17/PMTfied_15.parquet
2025-02-24 13:11:28 - INFO - Filtered PMTfied file saved to: /lustre/hpc/project/icecube/HE_Nu_Aske_Oct2024/PMTfied_filtered/Snowstorm/CC_CRclean_MuonLike/22018/17/PMTfied_4.parquet
2025-02-24 13:11:29 - INFO - Filtered PMTfied file saved to: /lustre/hpc/project/icecube/HE_Nu_Aske_Oct2024/PMTfied_filtered/Snowstorm/CC_CRclean_MuonLike/22018/17/PMTfied_13.parquet
2025-02-24 13:11:30 - INFO - Filtered PMTfied file saved to: /lustre/hpc/project/icecube/HE_Nu_Aske_Oct2024/PMTfied_filtered/Snowstorm/CC_CRclean_MuonLike/22018/17/PMTfied_17.parquet
2025-02-24 13:11:31 - INFO - Filtered PMTfied file saved to: /lustre/hpc/project/icecube/HE_Nu_Aske_Oct2024/PMTfied_filtered/Snowstorm/CC_CRclean_MuonLike/22018/17/PMTfied_6.parquet
2025-02-24 13:11:32 - INFO - Filtered PMTfied file saved to: /lustre/hpc/project/icecube/HE_Nu_Aske_Oct2024/PMTfied_filtered/Snowstorm/CC_CRclean_MuonLike/22018/17/PMTfied_2.parquet
2025-02-24 13:11:34 - INFO - Filtered PMTfied file saved to: /lustre/hpc/project/icecube/HE_Nu_Aske_Oct2024/PMTfied_filtered/Snowstorm/CC_CRclean_MuonLike/22018/17/PMTfied_7.parquet
2025-02-24 13:11:35 - INFO - Filtered PMTfied file saved to: /lustre/hpc/project/icecube/HE_Nu_Aske_Oct2024/PMTfied_filtered/Snowstorm/CC_CRclean_MuonLike/22018/17/PMTfied_3.parquet
2025-02-24 13:11:36 - INFO - Filtered PMTfied file saved to: /lustre/hpc/project/icecube/HE_Nu_Aske_Oct2024/PMTfied_filtered/Snowstorm/CC_CRclean_MuonLike/22018/17/PMTfied_12.parquet
2025-02-24 13:11:37 - INFO - Filtered PMTfied file saved to: /lustre/hpc/project/icecube/HE_Nu_Aske_Oct2024/PMTfied_filtered/Snowstorm/CC_CRclean_MuonLike/22018/17/PMTfied_16.parquet
2025-02-24 13:11:37 - INFO - Filtering process completed.
2025-02-24 13:11:37 - INFO - Filtering process completed.
2025-02-24 13:11:37 - INFO - Unified receipt generated: /lustre/hpc/project/icecube/HE_Nu_Aske_Oct2024/PMTfied_filtered/Snowstorm/CC_CRclean_MuonLike/22018/[Receipt]22018_17.json
2025-02-24 13:11:37 - INFO - Filtering process completed.
Job completed at Mon Feb 24 01:11:37 PM CET 2025
