Starting job at Mon Feb 24 01:11:08 PM CET 2025
Running Filter_by_part.py for subdirectory 22018, part 12
2025-02-24 13:11:08 - INFO - Event filtering process starts...
2025-02-24 13:11:08 - INFO - Initialized PureNeutrinoEventFilter filter for 22018/12
2025-02-24 13:11:09 - INFO - Loaded 18 event specifier files from /lustre/hpc/project/icecube/HE_Nu_Aske_Oct2024/clean_events_dict/22018/22018/reduced
2025-02-24 13:11:09 - INFO - Selected 5 CSV files covering event range [9334, 13760]
2025-02-24 13:11:09 - INFO - Loaded 216677 valid (RunID, EventID) pairs from CSV files
2025-02-24 13:11:09 - INFO - Extracted 25362 valid events based on pure neutrino events.
2025-02-24 13:11:09 - INFO - Initialized Muon13Filter filter for 22018/12
2025-02-24 13:11:09 - INFO - Extracted 28960 valid events where MuonFilter_13==True.
2025-02-24 13:11:09 - INFO - Initialized CCFilter filter for 22018/12
2025-02-24 13:11:09 - INFO - Extracted 28130 valid events which are CC interactions.
2025-02-24 13:11:09 - INFO - Initialized CompositeEventFilter filter for 22018/12
2025-02-24 13:11:09 - INFO - Initialized (CC_CRclean_MuonLike)
2025-02-24 13:11:09 - INFO - Starting filtering process for 22018/12
2025-02-24 13:11:09 - INFO - Starting filtering process for 22018/12
2025-02-24 13:11:11 - INFO - Recalculated 'offset' column based on 'N_doms' values within each 'shard_no' group.
2025-02-24 13:11:11 - INFO - Filtered truth file saved to: /lustre/hpc/project/icecube/HE_Nu_Aske_Oct2024/PMTfied_filtered/Snowstorm/CC_CRclean_MuonLike/22018/truth_12.parquet
2025-02-24 13:11:12 - INFO - Filtered PMTfied file saved to: /lustre/hpc/project/icecube/HE_Nu_Aske_Oct2024/PMTfied_filtered/Snowstorm/CC_CRclean_MuonLike/22018/12/PMTfied_15.parquet
2025-02-24 13:11:14 - INFO - Filtered PMTfied file saved to: /lustre/hpc/project/icecube/HE_Nu_Aske_Oct2024/PMTfied_filtered/Snowstorm/CC_CRclean_MuonLike/22018/12/PMTfied_11.parquet
2025-02-24 13:11:16 - INFO - Filtered PMTfied file saved to: /lustre/hpc/project/icecube/HE_Nu_Aske_Oct2024/PMTfied_filtered/Snowstorm/CC_CRclean_MuonLike/22018/12/PMTfied_9.parquet
2025-02-24 13:11:18 - INFO - Filtered PMTfied file saved to: /lustre/hpc/project/icecube/HE_Nu_Aske_Oct2024/PMTfied_filtered/Snowstorm/CC_CRclean_MuonLike/22018/12/PMTfied_5.parquet
2025-02-24 13:11:19 - INFO - Filtered PMTfied file saved to: /lustre/hpc/project/icecube/HE_Nu_Aske_Oct2024/PMTfied_filtered/Snowstorm/CC_CRclean_MuonLike/22018/12/PMTfied_1.parquet
2025-02-24 13:11:20 - INFO - Filtered PMTfied file saved to: /lustre/hpc/project/icecube/HE_Nu_Aske_Oct2024/PMTfied_filtered/Snowstorm/CC_CRclean_MuonLike/22018/12/PMTfied_4.parquet
2025-02-24 13:11:21 - INFO - Filtered PMTfied file saved to: /lustre/hpc/project/icecube/HE_Nu_Aske_Oct2024/PMTfied_filtered/Snowstorm/CC_CRclean_MuonLike/22018/12/PMTfied_8.parquet
2025-02-24 13:11:23 - INFO - Filtered PMTfied file saved to: /lustre/hpc/project/icecube/HE_Nu_Aske_Oct2024/PMTfied_filtered/Snowstorm/CC_CRclean_MuonLike/22018/12/PMTfied_14.parquet
2025-02-24 13:11:24 - INFO - Filtered PMTfied file saved to: /lustre/hpc/project/icecube/HE_Nu_Aske_Oct2024/PMTfied_filtered/Snowstorm/CC_CRclean_MuonLike/22018/12/PMTfied_10.parquet
2025-02-24 13:11:25 - INFO - Filtered PMTfied file saved to: /lustre/hpc/project/icecube/HE_Nu_Aske_Oct2024/PMTfied_filtered/Snowstorm/CC_CRclean_MuonLike/22018/12/PMTfied_6.parquet
2025-02-24 13:11:26 - INFO - Filtered PMTfied file saved to: /lustre/hpc/project/icecube/HE_Nu_Aske_Oct2024/PMTfied_filtered/Snowstorm/CC_CRclean_MuonLike/22018/12/PMTfied_2.parquet
2025-02-24 13:11:28 - INFO - Filtered PMTfied file saved to: /lustre/hpc/project/icecube/HE_Nu_Aske_Oct2024/PMTfied_filtered/Snowstorm/CC_CRclean_MuonLike/22018/12/PMTfied_16.parquet
2025-02-24 13:11:29 - INFO - Filtered PMTfied file saved to: /lustre/hpc/project/icecube/HE_Nu_Aske_Oct2024/PMTfied_filtered/Snowstorm/CC_CRclean_MuonLike/22018/12/PMTfied_12.parquet
2025-02-24 13:11:30 - INFO - Filtered PMTfied file saved to: /lustre/hpc/project/icecube/HE_Nu_Aske_Oct2024/PMTfied_filtered/Snowstorm/CC_CRclean_MuonLike/22018/12/PMTfied_17.parquet
2025-02-24 13:11:32 - INFO - Filtered PMTfied file saved to: /lustre/hpc/project/icecube/HE_Nu_Aske_Oct2024/PMTfied_filtered/Snowstorm/CC_CRclean_MuonLike/22018/12/PMTfied_13.parquet
2025-02-24 13:11:33 - INFO - Filtered PMTfied file saved to: /lustre/hpc/project/icecube/HE_Nu_Aske_Oct2024/PMTfied_filtered/Snowstorm/CC_CRclean_MuonLike/22018/12/PMTfied_7.parquet
2025-02-24 13:11:34 - INFO - Filtered PMTfied file saved to: /lustre/hpc/project/icecube/HE_Nu_Aske_Oct2024/PMTfied_filtered/Snowstorm/CC_CRclean_MuonLike/22018/12/PMTfied_3.parquet
2025-02-24 13:11:34 - INFO - Filtering process completed.
2025-02-24 13:11:34 - INFO - Filtering process completed.
2025-02-24 13:11:34 - INFO - Unified receipt generated: /lustre/hpc/project/icecube/HE_Nu_Aske_Oct2024/PMTfied_filtered/Snowstorm/CC_CRclean_MuonLike/22018/[Receipt]22018_12.json
2025-02-24 13:11:34 - INFO - Filtering process completed.
Job completed at Mon Feb 24 01:11:34 PM CET 2025
