Starting job at Mon Feb 17 04:18:11 PM CET 2025
Running Filter_by_part.py for subdirectory 22018, part 3
2025-02-17 16:18:11 - INFO - Event filtering process starts...
2025-02-17 16:18:11 - INFO - Initialized PureNeutrinoEventFilter filter for 22018/3
2025-02-17 16:18:12 - INFO - Loaded 18 event specifier files from /lustre/hpc/project/icecube/HE_Nu_Aske_Oct2024/clean_events_dict/22018/22018/reduced
2025-02-17 16:18:12 - INFO - Selected 5 CSV files covering event range [89, 4554]
2025-02-17 16:18:12 - INFO - Loaded 216772 valid (RunID, EventID) pairs from CSV files
2025-02-17 16:18:12 - INFO - Extracted 25533 valid events based on pure neutrino events.
2025-02-17 16:18:12 - INFO - Initialized Muon13Filter filter for 22018/3
2025-02-17 16:18:12 - INFO - Extracted 29113 valid events where MuonFilter_13==True.
2025-02-17 16:18:12 - INFO - Initialized CompositeEventFilter filter for 22018/3
2025-02-17 16:18:12 - INFO - Initialized (MuonLike_PureNu)
2025-02-17 16:18:12 - INFO - Starting filtering process for 22018/3
2025-02-17 16:18:12 - INFO - Starting filtering process for 22018/3
2025-02-17 16:18:13 - INFO - Recalculated 'offset' column based on 'N_doms' values within each 'shard_no' group.
2025-02-17 16:18:13 - INFO - Filtered truth file saved to: /lustre/hpc/project/icecube/HE_Nu_Aske_Oct2024/PMTfied_filtered/Snowstorm/MuonLike_PureNu/22018/truth_3.parquet
2025-02-17 16:18:15 - INFO - Filtered PMTfied file saved to: /lustre/hpc/project/icecube/HE_Nu_Aske_Oct2024/PMTfied_filtered/Snowstorm/MuonLike_PureNu/22018/3/PMTfied_4.parquet
2025-02-17 16:18:16 - INFO - Filtered PMTfied file saved to: /lustre/hpc/project/icecube/HE_Nu_Aske_Oct2024/PMTfied_filtered/Snowstorm/MuonLike_PureNu/22018/3/PMTfied_8.parquet
2025-02-17 16:18:17 - INFO - Filtered PMTfied file saved to: /lustre/hpc/project/icecube/HE_Nu_Aske_Oct2024/PMTfied_filtered/Snowstorm/MuonLike_PureNu/22018/3/PMTfied_15.parquet
2025-02-17 16:18:18 - INFO - Filtered PMTfied file saved to: /lustre/hpc/project/icecube/HE_Nu_Aske_Oct2024/PMTfied_filtered/Snowstorm/MuonLike_PureNu/22018/3/PMTfied_11.parquet
2025-02-17 16:18:20 - INFO - Filtered PMTfied file saved to: /lustre/hpc/project/icecube/HE_Nu_Aske_Oct2024/PMTfied_filtered/Snowstorm/MuonLike_PureNu/22018/3/PMTfied_9.parquet
2025-02-17 16:18:21 - INFO - Filtered PMTfied file saved to: /lustre/hpc/project/icecube/HE_Nu_Aske_Oct2024/PMTfied_filtered/Snowstorm/MuonLike_PureNu/22018/3/PMTfied_1.parquet
2025-02-17 16:18:22 - INFO - Filtered PMTfied file saved to: /lustre/hpc/project/icecube/HE_Nu_Aske_Oct2024/PMTfied_filtered/Snowstorm/MuonLike_PureNu/22018/3/PMTfied_5.parquet
2025-02-17 16:18:24 - INFO - Filtered PMTfied file saved to: /lustre/hpc/project/icecube/HE_Nu_Aske_Oct2024/PMTfied_filtered/Snowstorm/MuonLike_PureNu/22018/3/PMTfied_14.parquet
2025-02-17 16:18:25 - INFO - Filtered PMTfied file saved to: /lustre/hpc/project/icecube/HE_Nu_Aske_Oct2024/PMTfied_filtered/Snowstorm/MuonLike_PureNu/22018/3/PMTfied_10.parquet
2025-02-17 16:18:25 - INFO - Filtered PMTfied file saved to: /lustre/hpc/project/icecube/HE_Nu_Aske_Oct2024/PMTfied_filtered/Snowstorm/MuonLike_PureNu/22018/3/PMTfied_18.parquet
2025-02-17 16:18:26 - INFO - Filtered PMTfied file saved to: /lustre/hpc/project/icecube/HE_Nu_Aske_Oct2024/PMTfied_filtered/Snowstorm/MuonLike_PureNu/22018/3/PMTfied_3.parquet
2025-02-17 16:18:27 - INFO - Filtered PMTfied file saved to: /lustre/hpc/project/icecube/HE_Nu_Aske_Oct2024/PMTfied_filtered/Snowstorm/MuonLike_PureNu/22018/3/PMTfied_7.parquet
2025-02-17 16:18:29 - INFO - Filtered PMTfied file saved to: /lustre/hpc/project/icecube/HE_Nu_Aske_Oct2024/PMTfied_filtered/Snowstorm/MuonLike_PureNu/22018/3/PMTfied_16.parquet
2025-02-17 16:18:30 - INFO - Filtered PMTfied file saved to: /lustre/hpc/project/icecube/HE_Nu_Aske_Oct2024/PMTfied_filtered/Snowstorm/MuonLike_PureNu/22018/3/PMTfied_12.parquet
2025-02-17 16:18:31 - INFO - Filtered PMTfied file saved to: /lustre/hpc/project/icecube/HE_Nu_Aske_Oct2024/PMTfied_filtered/Snowstorm/MuonLike_PureNu/22018/3/PMTfied_2.parquet
2025-02-17 16:18:32 - INFO - Filtered PMTfied file saved to: /lustre/hpc/project/icecube/HE_Nu_Aske_Oct2024/PMTfied_filtered/Snowstorm/MuonLike_PureNu/22018/3/PMTfied_6.parquet
2025-02-17 16:18:34 - INFO - Filtered PMTfied file saved to: /lustre/hpc/project/icecube/HE_Nu_Aske_Oct2024/PMTfied_filtered/Snowstorm/MuonLike_PureNu/22018/3/PMTfied_17.parquet
2025-02-17 16:18:35 - INFO - Filtered PMTfied file saved to: /lustre/hpc/project/icecube/HE_Nu_Aske_Oct2024/PMTfied_filtered/Snowstorm/MuonLike_PureNu/22018/3/PMTfied_13.parquet
2025-02-17 16:18:35 - INFO - Filtering process completed.
2025-02-17 16:18:35 - INFO - Filtering process completed.
2025-02-17 16:18:35 - INFO - Unified receipt generated: /lustre/hpc/project/icecube/HE_Nu_Aske_Oct2024/PMTfied_filtered/Snowstorm/MuonLike_PureNu/22018/[Receipt]22018_3.json
2025-02-17 16:18:35 - INFO - Filtering process completed.
Job completed at Mon Feb 17 04:18:35 PM CET 2025
