Starting job at Thu Feb 13 06:18:30 PM CET 2025
Running Filter_by_part.py for subdirectory 22018, part 20
2025-02-13 18:18:30 - INFO - Event filtering process starts...
2025-02-13 18:18:30 - INFO - Initialized PureNeutrinoEventFilter
2025-02-13 18:18:30 - INFO - Starting filtering process for 22018/20
2025-02-13 18:18:30 - INFO - Loaded 18 event specifier files from /lustre/hpc/project/icecube/HE_Nu_Aske_Oct2024/clean_events_dict/22018/22018/reduced
2025-02-13 18:18:30 - INFO - Selected 4 CSV files covering event range [14115, 18499]
2025-02-13 18:18:31 - INFO - Loaded 174258 valid (RunID, EventID) pairs from CSV files
2025-02-13 18:18:32 - INFO - Recalculated 'offset' column based on filtered 'N_doms' values.
2025-02-13 18:18:32 - INFO - Filtered truth file saved to: /lustre/hpc/project/icecube/HE_Nu_Aske_Oct2024/PMTfied_filtered/PureNu/Snowstorm/22018/truth_20.parquet
2025-02-13 18:18:32 - INFO - Receipt file saved to: /lustre/hpc/project/icecube/HE_Nu_Aske_Oct2024/PMTfied_filtered/PureNu/Snowstorm/22018/[Receipt]22018_20.json
2025-02-13 18:18:33 - INFO - Filtered PMTfied file saved to: /lustre/hpc/project/icecube/HE_Nu_Aske_Oct2024/PMTfied_filtered/PureNu/Snowstorm/22018/20/PMTfied_9.parquet
2025-02-13 18:18:34 - INFO - Filtered PMTfied file saved to: /lustre/hpc/project/icecube/HE_Nu_Aske_Oct2024/PMTfied_filtered/PureNu/Snowstorm/22018/20/PMTfied_5.parquet
2025-02-13 18:18:35 - INFO - Filtered PMTfied file saved to: /lustre/hpc/project/icecube/HE_Nu_Aske_Oct2024/PMTfied_filtered/PureNu/Snowstorm/22018/20/PMTfied_1.parquet
2025-02-13 18:18:36 - INFO - Filtered PMTfied file saved to: /lustre/hpc/project/icecube/HE_Nu_Aske_Oct2024/PMTfied_filtered/PureNu/Snowstorm/22018/20/PMTfied_13.parquet
2025-02-13 18:18:38 - INFO - Filtered PMTfied file saved to: /lustre/hpc/project/icecube/HE_Nu_Aske_Oct2024/PMTfied_filtered/PureNu/Snowstorm/22018/20/PMTfied_17.parquet
2025-02-13 18:18:39 - INFO - Filtered PMTfied file saved to: /lustre/hpc/project/icecube/HE_Nu_Aske_Oct2024/PMTfied_filtered/PureNu/Snowstorm/22018/20/PMTfied_12.parquet
2025-02-13 18:18:40 - INFO - Filtered PMTfied file saved to: /lustre/hpc/project/icecube/HE_Nu_Aske_Oct2024/PMTfied_filtered/PureNu/Snowstorm/22018/20/PMTfied_16.parquet
2025-02-13 18:18:41 - INFO - Filtered PMTfied file saved to: /lustre/hpc/project/icecube/HE_Nu_Aske_Oct2024/PMTfied_filtered/PureNu/Snowstorm/22018/20/PMTfied_4.parquet
2025-02-13 18:18:42 - INFO - Filtered PMTfied file saved to: /lustre/hpc/project/icecube/HE_Nu_Aske_Oct2024/PMTfied_filtered/PureNu/Snowstorm/22018/20/PMTfied_8.parquet
2025-02-13 18:18:42 - INFO - Filtered PMTfied file saved to: /lustre/hpc/project/icecube/HE_Nu_Aske_Oct2024/PMTfied_filtered/PureNu/Snowstorm/22018/20/PMTfied_18.parquet
2025-02-13 18:18:43 - INFO - Filtered PMTfied file saved to: /lustre/hpc/project/icecube/HE_Nu_Aske_Oct2024/PMTfied_filtered/PureNu/Snowstorm/22018/20/PMTfied_10.parquet
2025-02-13 18:18:44 - INFO - Filtered PMTfied file saved to: /lustre/hpc/project/icecube/HE_Nu_Aske_Oct2024/PMTfied_filtered/PureNu/Snowstorm/22018/20/PMTfied_14.parquet
2025-02-13 18:18:45 - INFO - Filtered PMTfied file saved to: /lustre/hpc/project/icecube/HE_Nu_Aske_Oct2024/PMTfied_filtered/PureNu/Snowstorm/22018/20/PMTfied_6.parquet
2025-02-13 18:18:47 - INFO - Filtered PMTfied file saved to: /lustre/hpc/project/icecube/HE_Nu_Aske_Oct2024/PMTfied_filtered/PureNu/Snowstorm/22018/20/PMTfied_2.parquet
2025-02-13 18:18:48 - INFO - Filtered PMTfied file saved to: /lustre/hpc/project/icecube/HE_Nu_Aske_Oct2024/PMTfied_filtered/PureNu/Snowstorm/22018/20/PMTfied_7.parquet
2025-02-13 18:18:49 - INFO - Filtered PMTfied file saved to: /lustre/hpc/project/icecube/HE_Nu_Aske_Oct2024/PMTfied_filtered/PureNu/Snowstorm/22018/20/PMTfied_3.parquet
2025-02-13 18:18:50 - INFO - Filtered PMTfied file saved to: /lustre/hpc/project/icecube/HE_Nu_Aske_Oct2024/PMTfied_filtered/PureNu/Snowstorm/22018/20/PMTfied_11.parquet
2025-02-13 18:18:51 - INFO - Filtered PMTfied file saved to: /lustre/hpc/project/icecube/HE_Nu_Aske_Oct2024/PMTfied_filtered/PureNu/Snowstorm/22018/20/PMTfied_15.parquet
2025-02-13 18:18:51 - INFO - Filtering process completed.
2025-02-13 18:18:51 - INFO - Filtering process completed for all selected filters.
2025-02-13 18:18:51 - INFO - Execution time: 20.76 seconds
2025-02-13 18:18:51 - INFO - Updated receipt with execution time: /lustre/hpc/project/icecube/HE_Nu_Aske_Oct2024/PMTfied_filtered/PureNu/Snowstorm/22018/[Receipt]22018_20.json
Job completed at Thu Feb 13 06:18:51 PM CET 2025
