Starting job at Thu Feb 13 06:33:05 PM CET 2025
Running Filter_by_part.py for subdirectory 22018, part 9
2025-02-13 18:33:05 - INFO - Event filtering process starts...
2025-02-13 18:33:05 - INFO - Initialized PureNeutrinoEventFilter
2025-02-13 18:33:05 - INFO - Starting filtering process for 22018/9
2025-02-13 18:33:06 - INFO - Loaded 18 event specifier files from /lustre/hpc/project/icecube/HE_Nu_Aske_Oct2024/clean_events_dict/22018/22018/reduced
2025-02-13 18:33:06 - INFO - Selected 6 CSV files covering event range [4774, 9210]
2025-02-13 18:33:07 - INFO - Loaded 260667 valid (RunID, EventID) pairs from CSV files
2025-02-13 18:33:08 - INFO - Recalculated 'offset' column based on filtered 'N_doms' values.
2025-02-13 18:33:08 - INFO - Filtered truth file saved to: /lustre/hpc/project/icecube/HE_Nu_Aske_Oct2024/PMTfied_filtered/PureNu/Snowstorm/22018/truth_9.parquet
2025-02-13 18:33:08 - INFO - Receipt file saved to: /lustre/hpc/project/icecube/HE_Nu_Aske_Oct2024/PMTfied_filtered/PureNu/Snowstorm/22018/[Receipt]22018_9.json
2025-02-13 18:33:10 - INFO - Filtered PMTfied file saved to: /lustre/hpc/project/icecube/HE_Nu_Aske_Oct2024/PMTfied_filtered/PureNu/Snowstorm/22018/9/PMTfied_1.parquet
2025-02-13 18:33:11 - INFO - Filtered PMTfied file saved to: /lustre/hpc/project/icecube/HE_Nu_Aske_Oct2024/PMTfied_filtered/PureNu/Snowstorm/22018/9/PMTfied_5.parquet
2025-02-13 18:33:12 - INFO - Filtered PMTfied file saved to: /lustre/hpc/project/icecube/HE_Nu_Aske_Oct2024/PMTfied_filtered/PureNu/Snowstorm/22018/9/PMTfied_9.parquet
2025-02-13 18:33:13 - INFO - Filtered PMTfied file saved to: /lustre/hpc/project/icecube/HE_Nu_Aske_Oct2024/PMTfied_filtered/PureNu/Snowstorm/22018/9/PMTfied_11.parquet
2025-02-13 18:33:15 - INFO - Filtered PMTfied file saved to: /lustre/hpc/project/icecube/HE_Nu_Aske_Oct2024/PMTfied_filtered/PureNu/Snowstorm/22018/9/PMTfied_15.parquet
2025-02-13 18:33:16 - INFO - Filtered PMTfied file saved to: /lustre/hpc/project/icecube/HE_Nu_Aske_Oct2024/PMTfied_filtered/PureNu/Snowstorm/22018/9/PMTfied_10.parquet
2025-02-13 18:33:17 - INFO - Filtered PMTfied file saved to: /lustre/hpc/project/icecube/HE_Nu_Aske_Oct2024/PMTfied_filtered/PureNu/Snowstorm/22018/9/PMTfied_14.parquet
2025-02-13 18:33:18 - INFO - Filtered PMTfied file saved to: /lustre/hpc/project/icecube/HE_Nu_Aske_Oct2024/PMTfied_filtered/PureNu/Snowstorm/22018/9/PMTfied_8.parquet
2025-02-13 18:33:21 - INFO - Filtered PMTfied file saved to: /lustre/hpc/project/icecube/HE_Nu_Aske_Oct2024/PMTfied_filtered/PureNu/Snowstorm/22018/9/PMTfied_4.parquet
2025-02-13 18:33:22 - INFO - Filtered PMTfied file saved to: /lustre/hpc/project/icecube/HE_Nu_Aske_Oct2024/PMTfied_filtered/PureNu/Snowstorm/22018/9/PMTfied_12.parquet
2025-02-13 18:33:23 - INFO - Filtered PMTfied file saved to: /lustre/hpc/project/icecube/HE_Nu_Aske_Oct2024/PMTfied_filtered/PureNu/Snowstorm/22018/9/PMTfied_16.parquet
2025-02-13 18:33:25 - INFO - Filtered PMTfied file saved to: /lustre/hpc/project/icecube/HE_Nu_Aske_Oct2024/PMTfied_filtered/PureNu/Snowstorm/22018/9/PMTfied_2.parquet
2025-02-13 18:33:26 - INFO - Filtered PMTfied file saved to: /lustre/hpc/project/icecube/HE_Nu_Aske_Oct2024/PMTfied_filtered/PureNu/Snowstorm/22018/9/PMTfied_6.parquet
2025-02-13 18:33:27 - INFO - Filtered PMTfied file saved to: /lustre/hpc/project/icecube/HE_Nu_Aske_Oct2024/PMTfied_filtered/PureNu/Snowstorm/22018/9/PMTfied_3.parquet
2025-02-13 18:33:29 - INFO - Filtered PMTfied file saved to: /lustre/hpc/project/icecube/HE_Nu_Aske_Oct2024/PMTfied_filtered/PureNu/Snowstorm/22018/9/PMTfied_7.parquet
2025-02-13 18:33:30 - INFO - Filtered PMTfied file saved to: /lustre/hpc/project/icecube/HE_Nu_Aske_Oct2024/PMTfied_filtered/PureNu/Snowstorm/22018/9/PMTfied_13.parquet
2025-02-13 18:33:31 - INFO - Filtered PMTfied file saved to: /lustre/hpc/project/icecube/HE_Nu_Aske_Oct2024/PMTfied_filtered/PureNu/Snowstorm/22018/9/PMTfied_17.parquet
2025-02-13 18:33:31 - INFO - Filtering process completed.
2025-02-13 18:33:31 - INFO - Filtering process completed for all selected filters.
2025-02-13 18:33:31 - INFO - Execution time: 25.78 seconds
2025-02-13 18:33:31 - INFO - Updated receipt with execution time: /lustre/hpc/project/icecube/HE_Nu_Aske_Oct2024/PMTfied_filtered/PureNu/Snowstorm/22018/[Receipt]22018_9.json
Job completed at Thu Feb 13 06:33:31 PM CET 2025
