Starting job at Thu Feb 13 06:33:09 PM CET 2025
Running Filter_by_part.py for subdirectory 22018, part 12
2025-02-13 18:33:09 - INFO - Event filtering process starts...
2025-02-13 18:33:09 - INFO - Initialized PureNeutrinoEventFilter
2025-02-13 18:33:09 - INFO - Starting filtering process for 22018/12
2025-02-13 18:33:09 - INFO - Loaded 18 event specifier files from /lustre/hpc/project/icecube/HE_Nu_Aske_Oct2024/clean_events_dict/22018/22018/reduced
2025-02-13 18:33:10 - INFO - Selected 5 CSV files covering event range [9334, 13760]
2025-02-13 18:33:10 - INFO - Loaded 216677 valid (RunID, EventID) pairs from CSV files
2025-02-13 18:33:11 - INFO - Recalculated 'offset' column based on filtered 'N_doms' values.
2025-02-13 18:33:11 - INFO - Filtered truth file saved to: /lustre/hpc/project/icecube/HE_Nu_Aske_Oct2024/PMTfied_filtered/PureNu/Snowstorm/22018/truth_12.parquet
2025-02-13 18:33:11 - INFO - Receipt file saved to: /lustre/hpc/project/icecube/HE_Nu_Aske_Oct2024/PMTfied_filtered/PureNu/Snowstorm/22018/[Receipt]22018_12.json
2025-02-13 18:33:13 - INFO - Filtered PMTfied file saved to: /lustre/hpc/project/icecube/HE_Nu_Aske_Oct2024/PMTfied_filtered/PureNu/Snowstorm/22018/12/PMTfied_15.parquet
2025-02-13 18:33:14 - INFO - Filtered PMTfied file saved to: /lustre/hpc/project/icecube/HE_Nu_Aske_Oct2024/PMTfied_filtered/PureNu/Snowstorm/22018/12/PMTfied_11.parquet
2025-02-13 18:33:15 - INFO - Filtered PMTfied file saved to: /lustre/hpc/project/icecube/HE_Nu_Aske_Oct2024/PMTfied_filtered/PureNu/Snowstorm/22018/12/PMTfied_9.parquet
2025-02-13 18:33:16 - INFO - Filtered PMTfied file saved to: /lustre/hpc/project/icecube/HE_Nu_Aske_Oct2024/PMTfied_filtered/PureNu/Snowstorm/22018/12/PMTfied_5.parquet
2025-02-13 18:33:18 - INFO - Filtered PMTfied file saved to: /lustre/hpc/project/icecube/HE_Nu_Aske_Oct2024/PMTfied_filtered/PureNu/Snowstorm/22018/12/PMTfied_1.parquet
2025-02-13 18:33:19 - INFO - Filtered PMTfied file saved to: /lustre/hpc/project/icecube/HE_Nu_Aske_Oct2024/PMTfied_filtered/PureNu/Snowstorm/22018/12/PMTfied_4.parquet
2025-02-13 18:33:20 - INFO - Filtered PMTfied file saved to: /lustre/hpc/project/icecube/HE_Nu_Aske_Oct2024/PMTfied_filtered/PureNu/Snowstorm/22018/12/PMTfied_8.parquet
2025-02-13 18:33:21 - INFO - Filtered PMTfied file saved to: /lustre/hpc/project/icecube/HE_Nu_Aske_Oct2024/PMTfied_filtered/PureNu/Snowstorm/22018/12/PMTfied_14.parquet
2025-02-13 18:33:22 - INFO - Filtered PMTfied file saved to: /lustre/hpc/project/icecube/HE_Nu_Aske_Oct2024/PMTfied_filtered/PureNu/Snowstorm/22018/12/PMTfied_10.parquet
2025-02-13 18:33:24 - INFO - Filtered PMTfied file saved to: /lustre/hpc/project/icecube/HE_Nu_Aske_Oct2024/PMTfied_filtered/PureNu/Snowstorm/22018/12/PMTfied_6.parquet
2025-02-13 18:33:25 - INFO - Filtered PMTfied file saved to: /lustre/hpc/project/icecube/HE_Nu_Aske_Oct2024/PMTfied_filtered/PureNu/Snowstorm/22018/12/PMTfied_2.parquet
2025-02-13 18:33:26 - INFO - Filtered PMTfied file saved to: /lustre/hpc/project/icecube/HE_Nu_Aske_Oct2024/PMTfied_filtered/PureNu/Snowstorm/22018/12/PMTfied_16.parquet
2025-02-13 18:33:28 - INFO - Filtered PMTfied file saved to: /lustre/hpc/project/icecube/HE_Nu_Aske_Oct2024/PMTfied_filtered/PureNu/Snowstorm/22018/12/PMTfied_12.parquet
2025-02-13 18:33:29 - INFO - Filtered PMTfied file saved to: /lustre/hpc/project/icecube/HE_Nu_Aske_Oct2024/PMTfied_filtered/PureNu/Snowstorm/22018/12/PMTfied_17.parquet
2025-02-13 18:33:31 - INFO - Filtered PMTfied file saved to: /lustre/hpc/project/icecube/HE_Nu_Aske_Oct2024/PMTfied_filtered/PureNu/Snowstorm/22018/12/PMTfied_13.parquet
2025-02-13 18:33:32 - INFO - Filtered PMTfied file saved to: /lustre/hpc/project/icecube/HE_Nu_Aske_Oct2024/PMTfied_filtered/PureNu/Snowstorm/22018/12/PMTfied_7.parquet
2025-02-13 18:33:33 - INFO - Filtered PMTfied file saved to: /lustre/hpc/project/icecube/HE_Nu_Aske_Oct2024/PMTfied_filtered/PureNu/Snowstorm/22018/12/PMTfied_3.parquet
2025-02-13 18:33:33 - INFO - Filtering process completed.
2025-02-13 18:33:33 - INFO - Filtering process completed for all selected filters.
2025-02-13 18:33:33 - INFO - Execution time: 23.86 seconds
2025-02-13 18:33:33 - INFO - Updated receipt with execution time: /lustre/hpc/project/icecube/HE_Nu_Aske_Oct2024/PMTfied_filtered/PureNu/Snowstorm/22018/[Receipt]22018_12.json
Job completed at Thu Feb 13 06:33:33 PM CET 2025
