Starting job at Thu Feb 13 05:16:01 PM CET 2025
Running Filter_by_part.py for subdirectory 22018, part 16
2025-02-13 17:16:02 - INFO - Event filtering process starts...
2025-02-13 17:16:02 - INFO - Initialized Muon13Filter
2025-02-13 17:16:02 - INFO - Starting filtering process for 22018/16
2025-02-13 17:16:04 - INFO - Recalculated 'offset' column based on filtered 'N_doms' values.
2025-02-13 17:16:04 - INFO - Filtered truth file saved to: /lustre/hpc/project/icecube/HE_Nu_Aske_Oct2024/PMTfied_filtered/MuonLike/Snowstorm/22018/truth_16.parquet
2025-02-13 17:16:04 - INFO - Receipt file saved to: /lustre/hpc/project/icecube/HE_Nu_Aske_Oct2024/PMTfied_filtered/MuonLike/Snowstorm/22018/[Receipt]22018_16.json
2025-02-13 17:16:05 - INFO - Filtered PMTfied file saved to: /lustre/hpc/project/icecube/HE_Nu_Aske_Oct2024/PMTfied_filtered/MuonLike/Snowstorm/22018/16/PMTfied_8.parquet
2025-02-13 17:16:07 - INFO - Filtered PMTfied file saved to: /lustre/hpc/project/icecube/HE_Nu_Aske_Oct2024/PMTfied_filtered/MuonLike/Snowstorm/22018/16/PMTfied_4.parquet
2025-02-13 17:16:08 - INFO - Filtered PMTfied file saved to: /lustre/hpc/project/icecube/HE_Nu_Aske_Oct2024/PMTfied_filtered/MuonLike/Snowstorm/22018/16/PMTfied_11.parquet
2025-02-13 17:16:10 - INFO - Filtered PMTfied file saved to: /lustre/hpc/project/icecube/HE_Nu_Aske_Oct2024/PMTfied_filtered/MuonLike/Snowstorm/22018/16/PMTfied_15.parquet
2025-02-13 17:16:11 - INFO - Filtered PMTfied file saved to: /lustre/hpc/project/icecube/HE_Nu_Aske_Oct2024/PMTfied_filtered/MuonLike/Snowstorm/22018/16/PMTfied_10.parquet
2025-02-13 17:16:13 - INFO - Filtered PMTfied file saved to: /lustre/hpc/project/icecube/HE_Nu_Aske_Oct2024/PMTfied_filtered/MuonLike/Snowstorm/22018/16/PMTfied_14.parquet
2025-02-13 17:16:13 - INFO - Filtered PMTfied file saved to: /lustre/hpc/project/icecube/HE_Nu_Aske_Oct2024/PMTfied_filtered/MuonLike/Snowstorm/22018/16/PMTfied_18.parquet
2025-02-13 17:16:14 - INFO - Filtered PMTfied file saved to: /lustre/hpc/project/icecube/HE_Nu_Aske_Oct2024/PMTfied_filtered/MuonLike/Snowstorm/22018/16/PMTfied_5.parquet
2025-02-13 17:16:16 - INFO - Filtered PMTfied file saved to: /lustre/hpc/project/icecube/HE_Nu_Aske_Oct2024/PMTfied_filtered/MuonLike/Snowstorm/22018/16/PMTfied_1.parquet
2025-02-13 17:16:17 - INFO - Filtered PMTfied file saved to: /lustre/hpc/project/icecube/HE_Nu_Aske_Oct2024/PMTfied_filtered/MuonLike/Snowstorm/22018/16/PMTfied_9.parquet
2025-02-13 17:16:19 - INFO - Filtered PMTfied file saved to: /lustre/hpc/project/icecube/HE_Nu_Aske_Oct2024/PMTfied_filtered/MuonLike/Snowstorm/22018/16/PMTfied_12.parquet
2025-02-13 17:16:20 - INFO - Filtered PMTfied file saved to: /lustre/hpc/project/icecube/HE_Nu_Aske_Oct2024/PMTfied_filtered/MuonLike/Snowstorm/22018/16/PMTfied_16.parquet
2025-02-13 17:16:22 - INFO - Filtered PMTfied file saved to: /lustre/hpc/project/icecube/HE_Nu_Aske_Oct2024/PMTfied_filtered/MuonLike/Snowstorm/22018/16/PMTfied_7.parquet
2025-02-13 17:16:23 - INFO - Filtered PMTfied file saved to: /lustre/hpc/project/icecube/HE_Nu_Aske_Oct2024/PMTfied_filtered/MuonLike/Snowstorm/22018/16/PMTfied_3.parquet
2025-02-13 17:16:25 - INFO - Filtered PMTfied file saved to: /lustre/hpc/project/icecube/HE_Nu_Aske_Oct2024/PMTfied_filtered/MuonLike/Snowstorm/22018/16/PMTfied_6.parquet
2025-02-13 17:16:26 - INFO - Filtered PMTfied file saved to: /lustre/hpc/project/icecube/HE_Nu_Aske_Oct2024/PMTfied_filtered/MuonLike/Snowstorm/22018/16/PMTfied_2.parquet
2025-02-13 17:16:28 - INFO - Filtered PMTfied file saved to: /lustre/hpc/project/icecube/HE_Nu_Aske_Oct2024/PMTfied_filtered/MuonLike/Snowstorm/22018/16/PMTfied_13.parquet
2025-02-13 17:16:29 - INFO - Filtered PMTfied file saved to: /lustre/hpc/project/icecube/HE_Nu_Aske_Oct2024/PMTfied_filtered/MuonLike/Snowstorm/22018/16/PMTfied_17.parquet
2025-02-13 17:16:29 - INFO - Filtering process completed.
2025-02-13 17:16:29 - INFO - Filtering process completed for all selected filters.
2025-02-13 17:16:29 - INFO - Execution time: 27.48 seconds
2025-02-13 17:16:29 - INFO - Updated receipt with execution time: /lustre/hpc/project/icecube/HE_Nu_Aske_Oct2024/PMTfied_filtered/MuonLike/Snowstorm/22018/[Receipt]22018_16.json
Job completed at Thu Feb 13 05:16:30 PM CET 2025
