Starting job at Sat Feb 15 12:58:54 PM CET 2025
Running Filter_by_part.py for subdirectory 22018, part 21
2025-02-15 12:58:55 - INFO - Event filtering process starts...
2025-02-15 12:58:55 - INFO - Initialized Muon13Filter filter for 22018/21
2025-02-15 12:58:55 - INFO - Extracted 14000 valid events where MuonFilter_13==True.
2025-02-15 12:58:55 - INFO - Initialized CompositeEventFilter filter for 22018/21
2025-02-15 12:58:55 - INFO - Initialized (MuonLike)
2025-02-15 12:58:55 - INFO - Starting filtering process for 22018/21
2025-02-15 12:58:55 - INFO - Starting filtering process for 22018/21
2025-02-15 12:58:55 - INFO - Recalculated 'offset' column based on filtered 'N_doms' values.
2025-02-15 12:58:55 - INFO - Filtered truth file saved to: /lustre/hpc/project/icecube/HE_Nu_Aske_Oct2024/PMTfied_filtered/Snowstorm/MuonLike/22018/truth_21.parquet
2025-02-15 12:58:57 - INFO - Filtered PMTfied file saved to: /lustre/hpc/project/icecube/HE_Nu_Aske_Oct2024/PMTfied_filtered/Snowstorm/MuonLike/22018/21/PMTfied_6.parquet
2025-02-15 12:58:58 - INFO - Filtered PMTfied file saved to: /lustre/hpc/project/icecube/HE_Nu_Aske_Oct2024/PMTfied_filtered/Snowstorm/MuonLike/22018/21/PMTfied_2.parquet
2025-02-15 12:58:59 - INFO - Filtered PMTfied file saved to: /lustre/hpc/project/icecube/HE_Nu_Aske_Oct2024/PMTfied_filtered/Snowstorm/MuonLike/22018/21/PMTfied_7.parquet
2025-02-15 12:59:01 - INFO - Filtered PMTfied file saved to: /lustre/hpc/project/icecube/HE_Nu_Aske_Oct2024/PMTfied_filtered/Snowstorm/MuonLike/22018/21/PMTfied_3.parquet
2025-02-15 12:59:01 - INFO - Filtered PMTfied file saved to: /lustre/hpc/project/icecube/HE_Nu_Aske_Oct2024/PMTfied_filtered/Snowstorm/MuonLike/22018/21/PMTfied_9.parquet
2025-02-15 12:59:02 - INFO - Filtered PMTfied file saved to: /lustre/hpc/project/icecube/HE_Nu_Aske_Oct2024/PMTfied_filtered/Snowstorm/MuonLike/22018/21/PMTfied_5.parquet
2025-02-15 12:59:04 - INFO - Filtered PMTfied file saved to: /lustre/hpc/project/icecube/HE_Nu_Aske_Oct2024/PMTfied_filtered/Snowstorm/MuonLike/22018/21/PMTfied_1.parquet
2025-02-15 12:59:05 - INFO - Filtered PMTfied file saved to: /lustre/hpc/project/icecube/HE_Nu_Aske_Oct2024/PMTfied_filtered/Snowstorm/MuonLike/22018/21/PMTfied_4.parquet
2025-02-15 12:59:07 - INFO - Filtered PMTfied file saved to: /lustre/hpc/project/icecube/HE_Nu_Aske_Oct2024/PMTfied_filtered/Snowstorm/MuonLike/22018/21/PMTfied_8.parquet
2025-02-15 12:59:07 - INFO - Filtering process completed.
2025-02-15 12:59:07 - INFO - Filtering process completed.
2025-02-15 12:59:07 - INFO - Unified receipt generated: /lustre/hpc/project/icecube/HE_Nu_Aske_Oct2024/PMTfied_filtered/Snowstorm/MuonLike/22018/[Receipt]22018_21.json
2025-02-15 12:59:07 - INFO - Filtering process completed.
Job completed at Sat Feb 15 12:59:07 PM CET 2025
