Starting job at Mon Feb 24 01:54:01 PM CET 2025
Running Filter_by_part.py for subdirectory 22018, part 17
2025-02-24 13:54:01 - INFO - Event filtering process starts...
2025-02-24 13:54:01 - INFO - Initialized PureNeutrinoEventFilter filter for 22018/17
2025-02-24 13:54:01 - INFO - Loaded 18 event specifier files from /lustre/hpc/project/icecube/HE_Nu_Aske_Oct2024/clean_events_dict/22018/22018/reduced
2025-02-24 13:54:01 - INFO - Selected 5 CSV files covering event range [13984, 18390]
2025-02-24 13:54:02 - INFO - Loaded 217599 valid (RunID, EventID) pairs from CSV files
2025-02-24 13:54:02 - INFO - Extracted 22894 valid events based on pure neutrino events.
2025-02-24 13:54:02 - INFO - Initialized CCFilter filter for 22018/17
2025-02-24 13:54:02 - INFO - Extracted 28360 valid events which are CC interactions.
2025-02-24 13:54:02 - INFO - Initialized ContainmentFilter filter for 22018/17
2025-02-24 13:54:02 - INFO - Extracted 5051 valid events within the specified containment region.
2025-02-24 13:54:02 - INFO - Initialized CompositeEventFilter filter for 22018/17
2025-02-24 13:54:02 - INFO - Initialized (CC_CRclean_Contained)
2025-02-24 13:54:02 - INFO - Starting filtering process for 22018/17
2025-02-24 13:54:02 - INFO - Starting filtering process for 22018/17
2025-02-24 13:54:02 - INFO - Recalculated 'offset' column based on 'N_doms' values within each 'shard_no' group.
2025-02-24 13:54:02 - INFO - Filtered truth file saved to: /lustre/hpc/project/icecube/HE_Nu_Aske_Oct2024/PMTfied_filtered/Snowstorm/CC_CRclean_Contained/22018/truth_17.parquet
2025-02-24 13:54:02 - INFO - Filtered PMTfied file saved to: /lustre/hpc/project/icecube/HE_Nu_Aske_Oct2024/PMTfied_filtered/Snowstorm/CC_CRclean_Contained/22018/17/PMTfied_5.parquet
2025-02-24 13:54:03 - INFO - Filtered PMTfied file saved to: /lustre/hpc/project/icecube/HE_Nu_Aske_Oct2024/PMTfied_filtered/Snowstorm/CC_CRclean_Contained/22018/17/PMTfied_18.parquet
2025-02-24 13:54:03 - INFO - Filtered PMTfied file saved to: /lustre/hpc/project/icecube/HE_Nu_Aske_Oct2024/PMTfied_filtered/Snowstorm/CC_CRclean_Contained/22018/17/PMTfied_1.parquet
2025-02-24 13:54:03 - INFO - Filtered PMTfied file saved to: /lustre/hpc/project/icecube/HE_Nu_Aske_Oct2024/PMTfied_filtered/Snowstorm/CC_CRclean_Contained/22018/17/PMTfied_9.parquet
2025-02-24 13:54:04 - INFO - Filtered PMTfied file saved to: /lustre/hpc/project/icecube/HE_Nu_Aske_Oct2024/PMTfied_filtered/Snowstorm/CC_CRclean_Contained/22018/17/PMTfied_10.parquet
2025-02-24 13:54:04 - INFO - Filtered PMTfied file saved to: /lustre/hpc/project/icecube/HE_Nu_Aske_Oct2024/PMTfied_filtered/Snowstorm/CC_CRclean_Contained/22018/17/PMTfied_14.parquet
2025-02-24 13:54:05 - INFO - Filtered PMTfied file saved to: /lustre/hpc/project/icecube/HE_Nu_Aske_Oct2024/PMTfied_filtered/Snowstorm/CC_CRclean_Contained/22018/17/PMTfied_8.parquet
2025-02-24 13:54:05 - INFO - Filtered PMTfied file saved to: /lustre/hpc/project/icecube/HE_Nu_Aske_Oct2024/PMTfied_filtered/Snowstorm/CC_CRclean_Contained/22018/17/PMTfied_11.parquet
2025-02-24 13:54:05 - INFO - Filtered PMTfied file saved to: /lustre/hpc/project/icecube/HE_Nu_Aske_Oct2024/PMTfied_filtered/Snowstorm/CC_CRclean_Contained/22018/17/PMTfied_15.parquet
2025-02-24 13:54:06 - INFO - Filtered PMTfied file saved to: /lustre/hpc/project/icecube/HE_Nu_Aske_Oct2024/PMTfied_filtered/Snowstorm/CC_CRclean_Contained/22018/17/PMTfied_4.parquet
2025-02-24 13:54:06 - INFO - Filtered PMTfied file saved to: /lustre/hpc/project/icecube/HE_Nu_Aske_Oct2024/PMTfied_filtered/Snowstorm/CC_CRclean_Contained/22018/17/PMTfied_13.parquet
2025-02-24 13:54:07 - INFO - Filtered PMTfied file saved to: /lustre/hpc/project/icecube/HE_Nu_Aske_Oct2024/PMTfied_filtered/Snowstorm/CC_CRclean_Contained/22018/17/PMTfied_17.parquet
2025-02-24 13:54:07 - INFO - Filtered PMTfied file saved to: /lustre/hpc/project/icecube/HE_Nu_Aske_Oct2024/PMTfied_filtered/Snowstorm/CC_CRclean_Contained/22018/17/PMTfied_6.parquet
2025-02-24 13:54:07 - INFO - Filtered PMTfied file saved to: /lustre/hpc/project/icecube/HE_Nu_Aske_Oct2024/PMTfied_filtered/Snowstorm/CC_CRclean_Contained/22018/17/PMTfied_2.parquet
2025-02-24 13:54:08 - INFO - Filtered PMTfied file saved to: /lustre/hpc/project/icecube/HE_Nu_Aske_Oct2024/PMTfied_filtered/Snowstorm/CC_CRclean_Contained/22018/17/PMTfied_7.parquet
2025-02-24 13:54:08 - INFO - Filtered PMTfied file saved to: /lustre/hpc/project/icecube/HE_Nu_Aske_Oct2024/PMTfied_filtered/Snowstorm/CC_CRclean_Contained/22018/17/PMTfied_3.parquet
2025-02-24 13:54:09 - INFO - Filtered PMTfied file saved to: /lustre/hpc/project/icecube/HE_Nu_Aske_Oct2024/PMTfied_filtered/Snowstorm/CC_CRclean_Contained/22018/17/PMTfied_12.parquet
2025-02-24 13:54:09 - INFO - Filtered PMTfied file saved to: /lustre/hpc/project/icecube/HE_Nu_Aske_Oct2024/PMTfied_filtered/Snowstorm/CC_CRclean_Contained/22018/17/PMTfied_16.parquet
2025-02-24 13:54:09 - INFO - Filtering process completed.
2025-02-24 13:54:09 - INFO - Filtering process completed.
2025-02-24 13:54:09 - INFO - Unified receipt generated: /lustre/hpc/project/icecube/HE_Nu_Aske_Oct2024/PMTfied_filtered/Snowstorm/CC_CRclean_Contained/22018/[Receipt]22018_17.json
2025-02-24 13:54:09 - INFO - Filtering process completed.
Job completed at Mon Feb 24 01:54:09 PM CET 2025
