Starting job at Mon Feb 24 01:53:37 PM CET 2025
Running Filter_by_part.py for subdirectory 22018, part 5
2025-02-24 13:53:38 - INFO - Event filtering process starts...
2025-02-24 13:53:38 - INFO - Initialized PureNeutrinoEventFilter filter for 22018/5
2025-02-24 13:53:38 - INFO - Loaded 18 event specifier files from /lustre/hpc/project/icecube/HE_Nu_Aske_Oct2024/clean_events_dict/22018/22018/reduced
2025-02-24 13:53:38 - INFO - Selected 5 CSV files covering event range [179, 4887]
2025-02-24 13:53:39 - INFO - Loaded 216772 valid (RunID, EventID) pairs from CSV files
2025-02-24 13:53:39 - INFO - Extracted 25276 valid events based on pure neutrino events.
2025-02-24 13:53:39 - INFO - Initialized CCFilter filter for 22018/5
2025-02-24 13:53:39 - INFO - Extracted 28181 valid events which are CC interactions.
2025-02-24 13:53:39 - INFO - Initialized ContainmentFilter filter for 22018/5
2025-02-24 13:53:39 - INFO - Extracted 5122 valid events within the specified containment region.
2025-02-24 13:53:39 - INFO - Initialized CompositeEventFilter filter for 22018/5
2025-02-24 13:53:39 - INFO - Initialized (CC_CRclean_Contained)
2025-02-24 13:53:39 - INFO - Starting filtering process for 22018/5
2025-02-24 13:53:39 - INFO - Starting filtering process for 22018/5
2025-02-24 13:53:39 - INFO - Recalculated 'offset' column based on 'N_doms' values within each 'shard_no' group.
2025-02-24 13:53:39 - INFO - Filtered truth file saved to: /lustre/hpc/project/icecube/HE_Nu_Aske_Oct2024/PMTfied_filtered/Snowstorm/CC_CRclean_Contained/22018/truth_5.parquet
2025-02-24 13:53:40 - INFO - Filtered PMTfied file saved to: /lustre/hpc/project/icecube/HE_Nu_Aske_Oct2024/PMTfied_filtered/Snowstorm/CC_CRclean_Contained/22018/5/PMTfied_1.parquet
2025-02-24 13:53:41 - INFO - Filtered PMTfied file saved to: /lustre/hpc/project/icecube/HE_Nu_Aske_Oct2024/PMTfied_filtered/Snowstorm/CC_CRclean_Contained/22018/5/PMTfied_5.parquet
2025-02-24 13:53:42 - INFO - Filtered PMTfied file saved to: /lustre/hpc/project/icecube/HE_Nu_Aske_Oct2024/PMTfied_filtered/Snowstorm/CC_CRclean_Contained/22018/5/PMTfied_9.parquet
2025-02-24 13:53:43 - INFO - Filtered PMTfied file saved to: /lustre/hpc/project/icecube/HE_Nu_Aske_Oct2024/PMTfied_filtered/Snowstorm/CC_CRclean_Contained/22018/5/PMTfied_17.parquet
2025-02-24 13:53:44 - INFO - Filtered PMTfied file saved to: /lustre/hpc/project/icecube/HE_Nu_Aske_Oct2024/PMTfied_filtered/Snowstorm/CC_CRclean_Contained/22018/5/PMTfied_13.parquet
2025-02-24 13:53:45 - INFO - Filtered PMTfied file saved to: /lustre/hpc/project/icecube/HE_Nu_Aske_Oct2024/PMTfied_filtered/Snowstorm/CC_CRclean_Contained/22018/5/PMTfied_16.parquet
2025-02-24 13:53:45 - INFO - Filtered PMTfied file saved to: /lustre/hpc/project/icecube/HE_Nu_Aske_Oct2024/PMTfied_filtered/Snowstorm/CC_CRclean_Contained/22018/5/PMTfied_12.parquet
2025-02-24 13:53:46 - INFO - Filtered PMTfied file saved to: /lustre/hpc/project/icecube/HE_Nu_Aske_Oct2024/PMTfied_filtered/Snowstorm/CC_CRclean_Contained/22018/5/PMTfied_8.parquet
2025-02-24 13:53:47 - INFO - Filtered PMTfied file saved to: /lustre/hpc/project/icecube/HE_Nu_Aske_Oct2024/PMTfied_filtered/Snowstorm/CC_CRclean_Contained/22018/5/PMTfied_4.parquet
2025-02-24 13:53:48 - INFO - Filtered PMTfied file saved to: /lustre/hpc/project/icecube/HE_Nu_Aske_Oct2024/PMTfied_filtered/Snowstorm/CC_CRclean_Contained/22018/5/PMTfied_14.parquet
2025-02-24 13:53:49 - INFO - Filtered PMTfied file saved to: /lustre/hpc/project/icecube/HE_Nu_Aske_Oct2024/PMTfied_filtered/Snowstorm/CC_CRclean_Contained/22018/5/PMTfied_10.parquet
2025-02-24 13:53:50 - INFO - Filtered PMTfied file saved to: /lustre/hpc/project/icecube/HE_Nu_Aske_Oct2024/PMTfied_filtered/Snowstorm/CC_CRclean_Contained/22018/5/PMTfied_2.parquet
2025-02-24 13:53:51 - INFO - Filtered PMTfied file saved to: /lustre/hpc/project/icecube/HE_Nu_Aske_Oct2024/PMTfied_filtered/Snowstorm/CC_CRclean_Contained/22018/5/PMTfied_6.parquet
2025-02-24 13:53:52 - INFO - Filtered PMTfied file saved to: /lustre/hpc/project/icecube/HE_Nu_Aske_Oct2024/PMTfied_filtered/Snowstorm/CC_CRclean_Contained/22018/5/PMTfied_3.parquet
2025-02-24 13:53:52 - INFO - Filtered PMTfied file saved to: /lustre/hpc/project/icecube/HE_Nu_Aske_Oct2024/PMTfied_filtered/Snowstorm/CC_CRclean_Contained/22018/5/PMTfied_7.parquet
2025-02-24 13:53:53 - INFO - Filtered PMTfied file saved to: /lustre/hpc/project/icecube/HE_Nu_Aske_Oct2024/PMTfied_filtered/Snowstorm/CC_CRclean_Contained/22018/5/PMTfied_15.parquet
2025-02-24 13:53:55 - INFO - Filtered PMTfied file saved to: /lustre/hpc/project/icecube/HE_Nu_Aske_Oct2024/PMTfied_filtered/Snowstorm/CC_CRclean_Contained/22018/5/PMTfied_11.parquet
2025-02-24 13:53:55 - INFO - Filtering process completed.
2025-02-24 13:53:55 - INFO - Filtering process completed.
2025-02-24 13:53:55 - INFO - Unified receipt generated: /lustre/hpc/project/icecube/HE_Nu_Aske_Oct2024/PMTfied_filtered/Snowstorm/CC_CRclean_Contained/22018/[Receipt]22018_5.json
2025-02-24 13:53:55 - INFO - Filtering process completed.
Job completed at Mon Feb 24 01:53:55 PM CET 2025
