Starting job at Thu Feb 13 05:15:03 PM CET 2025
Running Filter_by_part.py for subdirectory 22018, part 7
2025-02-13 17:15:04 - INFO - Event filtering process starts...
2025-02-13 17:15:04 - INFO - Initialized Muon13Filter
2025-02-13 17:15:04 - INFO - Starting filtering process for 22018/7
2025-02-13 17:15:06 - INFO - Recalculated 'offset' column based on filtered 'N_doms' values.
2025-02-13 17:15:06 - INFO - Filtered truth file saved to: /lustre/hpc/project/icecube/HE_Nu_Aske_Oct2024/PMTfied_filtered/MuonLike/Snowstorm/22018/truth_7.parquet
2025-02-13 17:15:06 - INFO - Receipt file saved to: /lustre/hpc/project/icecube/HE_Nu_Aske_Oct2024/PMTfied_filtered/MuonLike/Snowstorm/22018/[Receipt]22018_7.json
2025-02-13 17:15:08 - INFO - Filtered PMTfied file saved to: /lustre/hpc/project/icecube/HE_Nu_Aske_Oct2024/PMTfied_filtered/MuonLike/Snowstorm/22018/7/PMTfied_13.parquet
2025-02-13 17:15:09 - INFO - Filtered PMTfied file saved to: /lustre/hpc/project/icecube/HE_Nu_Aske_Oct2024/PMTfied_filtered/MuonLike/Snowstorm/22018/7/PMTfied_17.parquet
2025-02-13 17:15:10 - INFO - Filtered PMTfied file saved to: /lustre/hpc/project/icecube/HE_Nu_Aske_Oct2024/PMTfied_filtered/MuonLike/Snowstorm/22018/7/PMTfied_2.parquet
2025-02-13 17:15:12 - INFO - Filtered PMTfied file saved to: /lustre/hpc/project/icecube/HE_Nu_Aske_Oct2024/PMTfied_filtered/MuonLike/Snowstorm/22018/7/PMTfied_6.parquet
2025-02-13 17:15:14 - INFO - Filtered PMTfied file saved to: /lustre/hpc/project/icecube/HE_Nu_Aske_Oct2024/PMTfied_filtered/MuonLike/Snowstorm/22018/7/PMTfied_3.parquet
2025-02-13 17:15:15 - INFO - Filtered PMTfied file saved to: /lustre/hpc/project/icecube/HE_Nu_Aske_Oct2024/PMTfied_filtered/MuonLike/Snowstorm/22018/7/PMTfied_7.parquet
2025-02-13 17:15:17 - INFO - Filtered PMTfied file saved to: /lustre/hpc/project/icecube/HE_Nu_Aske_Oct2024/PMTfied_filtered/MuonLike/Snowstorm/22018/7/PMTfied_12.parquet
2025-02-13 17:15:18 - INFO - Filtered PMTfied file saved to: /lustre/hpc/project/icecube/HE_Nu_Aske_Oct2024/PMTfied_filtered/MuonLike/Snowstorm/22018/7/PMTfied_16.parquet
2025-02-13 17:15:20 - INFO - Filtered PMTfied file saved to: /lustre/hpc/project/icecube/HE_Nu_Aske_Oct2024/PMTfied_filtered/MuonLike/Snowstorm/22018/7/PMTfied_9.parquet
2025-02-13 17:15:21 - INFO - Filtered PMTfied file saved to: /lustre/hpc/project/icecube/HE_Nu_Aske_Oct2024/PMTfied_filtered/MuonLike/Snowstorm/22018/7/PMTfied_1.parquet
2025-02-13 17:15:23 - INFO - Filtered PMTfied file saved to: /lustre/hpc/project/icecube/HE_Nu_Aske_Oct2024/PMTfied_filtered/MuonLike/Snowstorm/22018/7/PMTfied_5.parquet
2025-02-13 17:15:23 - INFO - Filtered PMTfied file saved to: /lustre/hpc/project/icecube/HE_Nu_Aske_Oct2024/PMTfied_filtered/MuonLike/Snowstorm/22018/7/PMTfied_18.parquet
2025-02-13 17:15:25 - INFO - Filtered PMTfied file saved to: /lustre/hpc/project/icecube/HE_Nu_Aske_Oct2024/PMTfied_filtered/MuonLike/Snowstorm/22018/7/PMTfied_10.parquet
2025-02-13 17:15:26 - INFO - Filtered PMTfied file saved to: /lustre/hpc/project/icecube/HE_Nu_Aske_Oct2024/PMTfied_filtered/MuonLike/Snowstorm/22018/7/PMTfied_14.parquet
2025-02-13 17:15:28 - INFO - Filtered PMTfied file saved to: /lustre/hpc/project/icecube/HE_Nu_Aske_Oct2024/PMTfied_filtered/MuonLike/Snowstorm/22018/7/PMTfied_11.parquet
2025-02-13 17:15:29 - INFO - Filtered PMTfied file saved to: /lustre/hpc/project/icecube/HE_Nu_Aske_Oct2024/PMTfied_filtered/MuonLike/Snowstorm/22018/7/PMTfied_15.parquet
2025-02-13 17:15:31 - INFO - Filtered PMTfied file saved to: /lustre/hpc/project/icecube/HE_Nu_Aske_Oct2024/PMTfied_filtered/MuonLike/Snowstorm/22018/7/PMTfied_4.parquet
2025-02-13 17:15:32 - INFO - Filtered PMTfied file saved to: /lustre/hpc/project/icecube/HE_Nu_Aske_Oct2024/PMTfied_filtered/MuonLike/Snowstorm/22018/7/PMTfied_8.parquet
2025-02-13 17:15:32 - INFO - Filtering process completed.
2025-02-13 17:15:32 - INFO - Filtering process completed for all selected filters.
2025-02-13 17:15:32 - INFO - Execution time: 28.05 seconds
2025-02-13 17:15:32 - INFO - Updated receipt with execution time: /lustre/hpc/project/icecube/HE_Nu_Aske_Oct2024/PMTfied_filtered/MuonLike/Snowstorm/22018/[Receipt]22018_7.json
Job completed at Thu Feb 13 05:15:32 PM CET 2025
