Starting job at Sat Feb 15 12:58:48 PM CET 2025
Running Filter_by_part.py for subdirectory 22018, part 16
2025-02-15 12:58:48 - INFO - Event filtering process starts...
2025-02-15 12:58:48 - INFO - Initialized Muon13Filter filter for 22018/16
2025-02-15 12:58:49 - INFO - Extracted 29464 valid events where MuonFilter_13==True.
2025-02-15 12:58:49 - INFO - Initialized CompositeEventFilter filter for 22018/16
2025-02-15 12:58:49 - INFO - Initialized (MuonLike)
2025-02-15 12:58:49 - INFO - Starting filtering process for 22018/16
2025-02-15 12:58:49 - INFO - Starting filtering process for 22018/16
2025-02-15 12:58:50 - INFO - Recalculated 'offset' column based on filtered 'N_doms' values.
2025-02-15 12:58:50 - INFO - Filtered truth file saved to: /lustre/hpc/project/icecube/HE_Nu_Aske_Oct2024/PMTfied_filtered/Snowstorm/MuonLike/22018/truth_16.parquet
2025-02-15 12:58:52 - INFO - Filtered PMTfied file saved to: /lustre/hpc/project/icecube/HE_Nu_Aske_Oct2024/PMTfied_filtered/Snowstorm/MuonLike/22018/16/PMTfied_8.parquet
2025-02-15 12:58:53 - INFO - Filtered PMTfied file saved to: /lustre/hpc/project/icecube/HE_Nu_Aske_Oct2024/PMTfied_filtered/Snowstorm/MuonLike/22018/16/PMTfied_4.parquet
2025-02-15 12:58:54 - INFO - Filtered PMTfied file saved to: /lustre/hpc/project/icecube/HE_Nu_Aske_Oct2024/PMTfied_filtered/Snowstorm/MuonLike/22018/16/PMTfied_11.parquet
2025-02-15 12:58:57 - INFO - Filtered PMTfied file saved to: /lustre/hpc/project/icecube/HE_Nu_Aske_Oct2024/PMTfied_filtered/Snowstorm/MuonLike/22018/16/PMTfied_15.parquet
2025-02-15 12:58:58 - INFO - Filtered PMTfied file saved to: /lustre/hpc/project/icecube/HE_Nu_Aske_Oct2024/PMTfied_filtered/Snowstorm/MuonLike/22018/16/PMTfied_10.parquet
2025-02-15 12:59:00 - INFO - Filtered PMTfied file saved to: /lustre/hpc/project/icecube/HE_Nu_Aske_Oct2024/PMTfied_filtered/Snowstorm/MuonLike/22018/16/PMTfied_14.parquet
2025-02-15 12:59:00 - INFO - Filtered PMTfied file saved to: /lustre/hpc/project/icecube/HE_Nu_Aske_Oct2024/PMTfied_filtered/Snowstorm/MuonLike/22018/16/PMTfied_18.parquet
2025-02-15 12:59:01 - INFO - Filtered PMTfied file saved to: /lustre/hpc/project/icecube/HE_Nu_Aske_Oct2024/PMTfied_filtered/Snowstorm/MuonLike/22018/16/PMTfied_5.parquet
2025-02-15 12:59:03 - INFO - Filtered PMTfied file saved to: /lustre/hpc/project/icecube/HE_Nu_Aske_Oct2024/PMTfied_filtered/Snowstorm/MuonLike/22018/16/PMTfied_1.parquet
2025-02-15 12:59:04 - INFO - Filtered PMTfied file saved to: /lustre/hpc/project/icecube/HE_Nu_Aske_Oct2024/PMTfied_filtered/Snowstorm/MuonLike/22018/16/PMTfied_9.parquet
2025-02-15 12:59:05 - INFO - Filtered PMTfied file saved to: /lustre/hpc/project/icecube/HE_Nu_Aske_Oct2024/PMTfied_filtered/Snowstorm/MuonLike/22018/16/PMTfied_12.parquet
2025-02-15 12:59:07 - INFO - Filtered PMTfied file saved to: /lustre/hpc/project/icecube/HE_Nu_Aske_Oct2024/PMTfied_filtered/Snowstorm/MuonLike/22018/16/PMTfied_16.parquet
2025-02-15 12:59:08 - INFO - Filtered PMTfied file saved to: /lustre/hpc/project/icecube/HE_Nu_Aske_Oct2024/PMTfied_filtered/Snowstorm/MuonLike/22018/16/PMTfied_7.parquet
2025-02-15 12:59:10 - INFO - Filtered PMTfied file saved to: /lustre/hpc/project/icecube/HE_Nu_Aske_Oct2024/PMTfied_filtered/Snowstorm/MuonLike/22018/16/PMTfied_3.parquet
2025-02-15 12:59:11 - INFO - Filtered PMTfied file saved to: /lustre/hpc/project/icecube/HE_Nu_Aske_Oct2024/PMTfied_filtered/Snowstorm/MuonLike/22018/16/PMTfied_6.parquet
2025-02-15 12:59:13 - INFO - Filtered PMTfied file saved to: /lustre/hpc/project/icecube/HE_Nu_Aske_Oct2024/PMTfied_filtered/Snowstorm/MuonLike/22018/16/PMTfied_2.parquet
2025-02-15 12:59:14 - INFO - Filtered PMTfied file saved to: /lustre/hpc/project/icecube/HE_Nu_Aske_Oct2024/PMTfied_filtered/Snowstorm/MuonLike/22018/16/PMTfied_13.parquet
2025-02-15 12:59:15 - INFO - Filtered PMTfied file saved to: /lustre/hpc/project/icecube/HE_Nu_Aske_Oct2024/PMTfied_filtered/Snowstorm/MuonLike/22018/16/PMTfied_17.parquet
2025-02-15 12:59:15 - INFO - Filtering process completed.
2025-02-15 12:59:15 - INFO - Filtering process completed.
2025-02-15 12:59:15 - INFO - Unified receipt generated: /lustre/hpc/project/icecube/HE_Nu_Aske_Oct2024/PMTfied_filtered/Snowstorm/MuonLike/22018/[Receipt]22018_16.json
2025-02-15 12:59:15 - INFO - Filtering process completed.
Job completed at Sat Feb 15 12:59:16 PM CET 2025
