Starting job at Mon Feb 17 04:18:30 PM CET 2025
Running Filter_by_part.py for subdirectory 22018, part 9
2025-02-17 16:18:30 - INFO - Event filtering process starts...
2025-02-17 16:18:30 - INFO - Initialized PureNeutrinoEventFilter filter for 22018/9
2025-02-17 16:18:31 - INFO - Loaded 18 event specifier files from /lustre/hpc/project/icecube/HE_Nu_Aske_Oct2024/clean_events_dict/22018/22018/reduced
2025-02-17 16:18:31 - INFO - Selected 6 CSV files covering event range [4774, 9210]
2025-02-17 16:18:31 - INFO - Loaded 260667 valid (RunID, EventID) pairs from CSV files
2025-02-17 16:18:31 - INFO - Extracted 25224 valid events based on pure neutrino events.
2025-02-17 16:18:31 - INFO - Initialized Muon13Filter filter for 22018/9
2025-02-17 16:18:31 - INFO - Extracted 28873 valid events where MuonFilter_13==True.
2025-02-17 16:18:31 - INFO - Initialized CompositeEventFilter filter for 22018/9
2025-02-17 16:18:31 - INFO - Initialized (MuonLike_PureNu)
2025-02-17 16:18:31 - INFO - Starting filtering process for 22018/9
2025-02-17 16:18:31 - INFO - Starting filtering process for 22018/9
2025-02-17 16:18:31 - INFO - Recalculated 'offset' column based on 'N_doms' values within each 'shard_no' group.
2025-02-17 16:18:31 - INFO - Filtered truth file saved to: /lustre/hpc/project/icecube/HE_Nu_Aske_Oct2024/PMTfied_filtered/Snowstorm/MuonLike_PureNu/22018/truth_9.parquet
2025-02-17 16:18:32 - INFO - Filtered PMTfied file saved to: /lustre/hpc/project/icecube/HE_Nu_Aske_Oct2024/PMTfied_filtered/Snowstorm/MuonLike_PureNu/22018/9/PMTfied_1.parquet
2025-02-17 16:18:33 - INFO - Filtered PMTfied file saved to: /lustre/hpc/project/icecube/HE_Nu_Aske_Oct2024/PMTfied_filtered/Snowstorm/MuonLike_PureNu/22018/9/PMTfied_5.parquet
2025-02-17 16:18:33 - INFO - Filtered PMTfied file saved to: /lustre/hpc/project/icecube/HE_Nu_Aske_Oct2024/PMTfied_filtered/Snowstorm/MuonLike_PureNu/22018/9/PMTfied_9.parquet
2025-02-17 16:18:34 - INFO - Filtered PMTfied file saved to: /lustre/hpc/project/icecube/HE_Nu_Aske_Oct2024/PMTfied_filtered/Snowstorm/MuonLike_PureNu/22018/9/PMTfied_11.parquet
2025-02-17 16:18:34 - INFO - Filtered PMTfied file saved to: /lustre/hpc/project/icecube/HE_Nu_Aske_Oct2024/PMTfied_filtered/Snowstorm/MuonLike_PureNu/22018/9/PMTfied_15.parquet
2025-02-17 16:18:35 - INFO - Filtered PMTfied file saved to: /lustre/hpc/project/icecube/HE_Nu_Aske_Oct2024/PMTfied_filtered/Snowstorm/MuonLike_PureNu/22018/9/PMTfied_10.parquet
2025-02-17 16:18:35 - INFO - Filtered PMTfied file saved to: /lustre/hpc/project/icecube/HE_Nu_Aske_Oct2024/PMTfied_filtered/Snowstorm/MuonLike_PureNu/22018/9/PMTfied_14.parquet
2025-02-17 16:18:36 - INFO - Filtered PMTfied file saved to: /lustre/hpc/project/icecube/HE_Nu_Aske_Oct2024/PMTfied_filtered/Snowstorm/MuonLike_PureNu/22018/9/PMTfied_8.parquet
2025-02-17 16:18:37 - INFO - Filtered PMTfied file saved to: /lustre/hpc/project/icecube/HE_Nu_Aske_Oct2024/PMTfied_filtered/Snowstorm/MuonLike_PureNu/22018/9/PMTfied_4.parquet
2025-02-17 16:18:37 - INFO - Filtered PMTfied file saved to: /lustre/hpc/project/icecube/HE_Nu_Aske_Oct2024/PMTfied_filtered/Snowstorm/MuonLike_PureNu/22018/9/PMTfied_12.parquet
2025-02-17 16:18:38 - INFO - Filtered PMTfied file saved to: /lustre/hpc/project/icecube/HE_Nu_Aske_Oct2024/PMTfied_filtered/Snowstorm/MuonLike_PureNu/22018/9/PMTfied_16.parquet
2025-02-17 16:18:38 - INFO - Filtered PMTfied file saved to: /lustre/hpc/project/icecube/HE_Nu_Aske_Oct2024/PMTfied_filtered/Snowstorm/MuonLike_PureNu/22018/9/PMTfied_2.parquet
2025-02-17 16:18:39 - INFO - Filtered PMTfied file saved to: /lustre/hpc/project/icecube/HE_Nu_Aske_Oct2024/PMTfied_filtered/Snowstorm/MuonLike_PureNu/22018/9/PMTfied_6.parquet
2025-02-17 16:18:40 - INFO - Filtered PMTfied file saved to: /lustre/hpc/project/icecube/HE_Nu_Aske_Oct2024/PMTfied_filtered/Snowstorm/MuonLike_PureNu/22018/9/PMTfied_3.parquet
2025-02-17 16:18:40 - INFO - Filtered PMTfied file saved to: /lustre/hpc/project/icecube/HE_Nu_Aske_Oct2024/PMTfied_filtered/Snowstorm/MuonLike_PureNu/22018/9/PMTfied_7.parquet
2025-02-17 16:18:41 - INFO - Filtered PMTfied file saved to: /lustre/hpc/project/icecube/HE_Nu_Aske_Oct2024/PMTfied_filtered/Snowstorm/MuonLike_PureNu/22018/9/PMTfied_13.parquet
2025-02-17 16:18:41 - INFO - Filtered PMTfied file saved to: /lustre/hpc/project/icecube/HE_Nu_Aske_Oct2024/PMTfied_filtered/Snowstorm/MuonLike_PureNu/22018/9/PMTfied_17.parquet
2025-02-17 16:18:41 - INFO - Filtering process completed.
2025-02-17 16:18:41 - INFO - Filtering process completed.
2025-02-17 16:18:41 - INFO - Unified receipt generated: /lustre/hpc/project/icecube/HE_Nu_Aske_Oct2024/PMTfied_filtered/Snowstorm/MuonLike_PureNu/22018/[Receipt]22018_9.json
2025-02-17 16:18:41 - INFO - Filtering process completed.
Job completed at Mon Feb 17 04:18:41 PM CET 2025
