Starting job at Thu Feb 13 06:18:03 PM CET 2025
Running Filter_by_part.py for subdirectory 22018, part 9
2025-02-13 18:18:03 - INFO - Event filtering process starts...
2025-02-13 18:18:03 - INFO - Initialized PureNeutrinoEventFilter
2025-02-13 18:18:03 - INFO - Starting filtering process for 22018/9
2025-02-13 18:18:03 - INFO - Loaded 18 event specifier files from /lustre/hpc/project/icecube/HE_Nu_Aske_Oct2024/clean_events_dict/22018/22018/reduced
2025-02-13 18:18:03 - INFO - Selected 6 CSV files covering event range [4774, 9210]
2025-02-13 18:18:04 - INFO - Loaded 260667 valid (RunID, EventID) pairs from CSV files
2025-02-13 18:18:05 - INFO - Recalculated 'offset' column based on filtered 'N_doms' values.
2025-02-13 18:18:05 - INFO - Filtered truth file saved to: /lustre/hpc/project/icecube/HE_Nu_Aske_Oct2024/PMTfied_filtered/PureNu/Snowstorm/22018/truth_9.parquet
2025-02-13 18:18:05 - INFO - Receipt file saved to: /lustre/hpc/project/icecube/HE_Nu_Aske_Oct2024/PMTfied_filtered/PureNu/Snowstorm/22018/[Receipt]22018_9.json
2025-02-13 18:18:06 - INFO - Filtered PMTfied file saved to: /lustre/hpc/project/icecube/HE_Nu_Aske_Oct2024/PMTfied_filtered/PureNu/Snowstorm/22018/9/PMTfied_1.parquet
2025-02-13 18:18:08 - INFO - Filtered PMTfied file saved to: /lustre/hpc/project/icecube/HE_Nu_Aske_Oct2024/PMTfied_filtered/PureNu/Snowstorm/22018/9/PMTfied_5.parquet
2025-02-13 18:18:09 - INFO - Filtered PMTfied file saved to: /lustre/hpc/project/icecube/HE_Nu_Aske_Oct2024/PMTfied_filtered/PureNu/Snowstorm/22018/9/PMTfied_9.parquet
2025-02-13 18:18:10 - INFO - Filtered PMTfied file saved to: /lustre/hpc/project/icecube/HE_Nu_Aske_Oct2024/PMTfied_filtered/PureNu/Snowstorm/22018/9/PMTfied_11.parquet
2025-02-13 18:18:11 - INFO - Filtered PMTfied file saved to: /lustre/hpc/project/icecube/HE_Nu_Aske_Oct2024/PMTfied_filtered/PureNu/Snowstorm/22018/9/PMTfied_15.parquet
2025-02-13 18:18:13 - INFO - Filtered PMTfied file saved to: /lustre/hpc/project/icecube/HE_Nu_Aske_Oct2024/PMTfied_filtered/PureNu/Snowstorm/22018/9/PMTfied_10.parquet
2025-02-13 18:18:14 - INFO - Filtered PMTfied file saved to: /lustre/hpc/project/icecube/HE_Nu_Aske_Oct2024/PMTfied_filtered/PureNu/Snowstorm/22018/9/PMTfied_14.parquet
2025-02-13 18:18:15 - INFO - Filtered PMTfied file saved to: /lustre/hpc/project/icecube/HE_Nu_Aske_Oct2024/PMTfied_filtered/PureNu/Snowstorm/22018/9/PMTfied_8.parquet
2025-02-13 18:18:16 - INFO - Filtered PMTfied file saved to: /lustre/hpc/project/icecube/HE_Nu_Aske_Oct2024/PMTfied_filtered/PureNu/Snowstorm/22018/9/PMTfied_4.parquet
2025-02-13 18:18:17 - INFO - Filtered PMTfied file saved to: /lustre/hpc/project/icecube/HE_Nu_Aske_Oct2024/PMTfied_filtered/PureNu/Snowstorm/22018/9/PMTfied_12.parquet
2025-02-13 18:18:19 - INFO - Filtered PMTfied file saved to: /lustre/hpc/project/icecube/HE_Nu_Aske_Oct2024/PMTfied_filtered/PureNu/Snowstorm/22018/9/PMTfied_16.parquet
2025-02-13 18:18:20 - INFO - Filtered PMTfied file saved to: /lustre/hpc/project/icecube/HE_Nu_Aske_Oct2024/PMTfied_filtered/PureNu/Snowstorm/22018/9/PMTfied_2.parquet
2025-02-13 18:18:21 - INFO - Filtered PMTfied file saved to: /lustre/hpc/project/icecube/HE_Nu_Aske_Oct2024/PMTfied_filtered/PureNu/Snowstorm/22018/9/PMTfied_6.parquet
2025-02-13 18:18:22 - INFO - Filtered PMTfied file saved to: /lustre/hpc/project/icecube/HE_Nu_Aske_Oct2024/PMTfied_filtered/PureNu/Snowstorm/22018/9/PMTfied_3.parquet
2025-02-13 18:18:24 - INFO - Filtered PMTfied file saved to: /lustre/hpc/project/icecube/HE_Nu_Aske_Oct2024/PMTfied_filtered/PureNu/Snowstorm/22018/9/PMTfied_7.parquet
2025-02-13 18:18:25 - INFO - Filtered PMTfied file saved to: /lustre/hpc/project/icecube/HE_Nu_Aske_Oct2024/PMTfied_filtered/PureNu/Snowstorm/22018/9/PMTfied_13.parquet
2025-02-13 18:18:26 - INFO - Filtered PMTfied file saved to: /lustre/hpc/project/icecube/HE_Nu_Aske_Oct2024/PMTfied_filtered/PureNu/Snowstorm/22018/9/PMTfied_17.parquet
2025-02-13 18:18:26 - INFO - Filtering process completed.
2025-02-13 18:18:26 - INFO - Filtering process completed for all selected filters.
2025-02-13 18:18:26 - INFO - Execution time: 23.12 seconds
2025-02-13 18:18:26 - INFO - Updated receipt with execution time: /lustre/hpc/project/icecube/HE_Nu_Aske_Oct2024/PMTfied_filtered/PureNu/Snowstorm/22018/[Receipt]22018_9.json
Job completed at Thu Feb 13 06:18:26 PM CET 2025
