Starting job at Mon Feb 17 04:12:05 PM CET 2025
Running Filter_by_part.py for subdirectory 22018, part 10
2025-02-17 16:12:05 - INFO - Event filtering process starts...
2025-02-17 16:12:06 - INFO - Initialized Muon13Filter filter for 22018/10
2025-02-17 16:12:06 - INFO - Extracted 29301 valid events where MuonFilter_13==True.
2025-02-17 16:12:06 - INFO - Initialized CompositeEventFilter filter for 22018/10
2025-02-17 16:12:06 - INFO - Initialized (MuonLike)
2025-02-17 16:12:06 - INFO - Starting filtering process for 22018/10
2025-02-17 16:12:06 - INFO - Starting filtering process for 22018/10
2025-02-17 16:12:07 - INFO - Recalculated 'offset' column based on 'N_doms' values within each 'shard_no' group.
2025-02-17 16:12:07 - INFO - Filtered truth file saved to: /lustre/hpc/project/icecube/HE_Nu_Aske_Oct2024/PMTfied_filtered/Snowstorm/MuonLike/22018/truth_10.parquet
2025-02-17 16:12:08 - INFO - Filtered PMTfied file saved to: /lustre/hpc/project/icecube/HE_Nu_Aske_Oct2024/PMTfied_filtered/Snowstorm/MuonLike/22018/10/PMTfied_11.parquet
2025-02-17 16:12:09 - INFO - Filtered PMTfied file saved to: /lustre/hpc/project/icecube/HE_Nu_Aske_Oct2024/PMTfied_filtered/Snowstorm/MuonLike/22018/10/PMTfied_15.parquet
2025-02-17 16:12:11 - INFO - Filtered PMTfied file saved to: /lustre/hpc/project/icecube/HE_Nu_Aske_Oct2024/PMTfied_filtered/Snowstorm/MuonLike/22018/10/PMTfied_1.parquet
2025-02-17 16:12:12 - INFO - Filtered PMTfied file saved to: /lustre/hpc/project/icecube/HE_Nu_Aske_Oct2024/PMTfied_filtered/Snowstorm/MuonLike/22018/10/PMTfied_5.parquet
2025-02-17 16:12:13 - INFO - Filtered PMTfied file saved to: /lustre/hpc/project/icecube/HE_Nu_Aske_Oct2024/PMTfied_filtered/Snowstorm/MuonLike/22018/10/PMTfied_9.parquet
2025-02-17 16:12:14 - INFO - Filtered PMTfied file saved to: /lustre/hpc/project/icecube/HE_Nu_Aske_Oct2024/PMTfied_filtered/Snowstorm/MuonLike/22018/10/PMTfied_8.parquet
2025-02-17 16:12:15 - INFO - Filtered PMTfied file saved to: /lustre/hpc/project/icecube/HE_Nu_Aske_Oct2024/PMTfied_filtered/Snowstorm/MuonLike/22018/10/PMTfied_4.parquet
2025-02-17 16:12:15 - INFO - Filtered PMTfied file saved to: /lustre/hpc/project/icecube/HE_Nu_Aske_Oct2024/PMTfied_filtered/Snowstorm/MuonLike/22018/10/PMTfied_18.parquet
2025-02-17 16:12:16 - INFO - Filtered PMTfied file saved to: /lustre/hpc/project/icecube/HE_Nu_Aske_Oct2024/PMTfied_filtered/Snowstorm/MuonLike/22018/10/PMTfied_10.parquet
2025-02-17 16:12:17 - INFO - Filtered PMTfied file saved to: /lustre/hpc/project/icecube/HE_Nu_Aske_Oct2024/PMTfied_filtered/Snowstorm/MuonLike/22018/10/PMTfied_14.parquet
2025-02-17 16:12:18 - INFO - Filtered PMTfied file saved to: /lustre/hpc/project/icecube/HE_Nu_Aske_Oct2024/PMTfied_filtered/Snowstorm/MuonLike/22018/10/PMTfied_2.parquet
2025-02-17 16:12:19 - INFO - Filtered PMTfied file saved to: /lustre/hpc/project/icecube/HE_Nu_Aske_Oct2024/PMTfied_filtered/Snowstorm/MuonLike/22018/10/PMTfied_6.parquet
2025-02-17 16:12:20 - INFO - Filtered PMTfied file saved to: /lustre/hpc/project/icecube/HE_Nu_Aske_Oct2024/PMTfied_filtered/Snowstorm/MuonLike/22018/10/PMTfied_12.parquet
2025-02-17 16:12:21 - INFO - Filtered PMTfied file saved to: /lustre/hpc/project/icecube/HE_Nu_Aske_Oct2024/PMTfied_filtered/Snowstorm/MuonLike/22018/10/PMTfied_16.parquet
2025-02-17 16:12:22 - INFO - Filtered PMTfied file saved to: /lustre/hpc/project/icecube/HE_Nu_Aske_Oct2024/PMTfied_filtered/Snowstorm/MuonLike/22018/10/PMTfied_13.parquet
2025-02-17 16:12:23 - INFO - Filtered PMTfied file saved to: /lustre/hpc/project/icecube/HE_Nu_Aske_Oct2024/PMTfied_filtered/Snowstorm/MuonLike/22018/10/PMTfied_17.parquet
2025-02-17 16:12:25 - INFO - Filtered PMTfied file saved to: /lustre/hpc/project/icecube/HE_Nu_Aske_Oct2024/PMTfied_filtered/Snowstorm/MuonLike/22018/10/PMTfied_3.parquet
2025-02-17 16:12:26 - INFO - Filtered PMTfied file saved to: /lustre/hpc/project/icecube/HE_Nu_Aske_Oct2024/PMTfied_filtered/Snowstorm/MuonLike/22018/10/PMTfied_7.parquet
2025-02-17 16:12:26 - INFO - Filtering process completed.
2025-02-17 16:12:26 - INFO - Filtering process completed.
2025-02-17 16:12:26 - INFO - Unified receipt generated: /lustre/hpc/project/icecube/HE_Nu_Aske_Oct2024/PMTfied_filtered/Snowstorm/MuonLike/22018/[Receipt]22018_10.json
2025-02-17 16:12:26 - INFO - Filtering process completed.
Job completed at Mon Feb 17 04:12:26 PM CET 2025
