Starting job at Mon Feb 24 01:10:52 PM CET 2025
Running Filter_by_part.py for subdirectory 22018, part 8
2025-02-24 13:10:52 - INFO - Event filtering process starts...
2025-02-24 13:10:52 - INFO - Initialized PureNeutrinoEventFilter filter for 22018/8
2025-02-24 13:10:53 - INFO - Loaded 18 event specifier files from /lustre/hpc/project/icecube/HE_Nu_Aske_Oct2024/clean_events_dict/22018/22018/reduced
2025-02-24 13:10:53 - INFO - Selected 6 CSV files covering event range [4717, 9170]
2025-02-24 13:10:53 - INFO - Loaded 260667 valid (RunID, EventID) pairs from CSV files
2025-02-24 13:10:53 - INFO - Extracted 25828 valid events based on pure neutrino events.
2025-02-24 13:10:53 - INFO - Initialized Muon13Filter filter for 22018/8
2025-02-24 13:10:53 - INFO - Extracted 29476 valid events where MuonFilter_13==True.
2025-02-24 13:10:53 - INFO - Initialized CCFilter filter for 22018/8
2025-02-24 13:10:54 - INFO - Extracted 28587 valid events which are CC interactions.
2025-02-24 13:10:54 - INFO - Initialized CompositeEventFilter filter for 22018/8
2025-02-24 13:10:54 - INFO - Initialized (CC_CRclean_MuonLike)
2025-02-24 13:10:54 - INFO - Starting filtering process for 22018/8
2025-02-24 13:10:54 - INFO - Starting filtering process for 22018/8
2025-02-24 13:10:55 - INFO - Recalculated 'offset' column based on 'N_doms' values within each 'shard_no' group.
2025-02-24 13:10:55 - INFO - Filtered truth file saved to: /lustre/hpc/project/icecube/HE_Nu_Aske_Oct2024/PMTfied_filtered/Snowstorm/CC_CRclean_MuonLike/22018/truth_8.parquet
2025-02-24 13:10:56 - INFO - Filtered PMTfied file saved to: /lustre/hpc/project/icecube/HE_Nu_Aske_Oct2024/PMTfied_filtered/Snowstorm/CC_CRclean_MuonLike/22018/8/PMTfied_4.parquet
2025-02-24 13:10:58 - INFO - Filtered PMTfied file saved to: /lustre/hpc/project/icecube/HE_Nu_Aske_Oct2024/PMTfied_filtered/Snowstorm/CC_CRclean_MuonLike/22018/8/PMTfied_8.parquet
2025-02-24 13:10:59 - INFO - Filtered PMTfied file saved to: /lustre/hpc/project/icecube/HE_Nu_Aske_Oct2024/PMTfied_filtered/Snowstorm/CC_CRclean_MuonLike/22018/8/PMTfied_12.parquet
2025-02-24 13:11:01 - INFO - Filtered PMTfied file saved to: /lustre/hpc/project/icecube/HE_Nu_Aske_Oct2024/PMTfied_filtered/Snowstorm/CC_CRclean_MuonLike/22018/8/PMTfied_16.parquet
2025-02-24 13:11:02 - INFO - Filtered PMTfied file saved to: /lustre/hpc/project/icecube/HE_Nu_Aske_Oct2024/PMTfied_filtered/Snowstorm/CC_CRclean_MuonLike/22018/8/PMTfied_9.parquet
2025-02-24 13:11:03 - INFO - Filtered PMTfied file saved to: /lustre/hpc/project/icecube/HE_Nu_Aske_Oct2024/PMTfied_filtered/Snowstorm/CC_CRclean_MuonLike/22018/8/PMTfied_13.parquet
2025-02-24 13:11:04 - INFO - Filtered PMTfied file saved to: /lustre/hpc/project/icecube/HE_Nu_Aske_Oct2024/PMTfied_filtered/Snowstorm/CC_CRclean_MuonLike/22018/8/PMTfied_17.parquet
2025-02-24 13:11:05 - INFO - Filtered PMTfied file saved to: /lustre/hpc/project/icecube/HE_Nu_Aske_Oct2024/PMTfied_filtered/Snowstorm/CC_CRclean_MuonLike/22018/8/PMTfied_5.parquet
2025-02-24 13:11:06 - INFO - Filtered PMTfied file saved to: /lustre/hpc/project/icecube/HE_Nu_Aske_Oct2024/PMTfied_filtered/Snowstorm/CC_CRclean_MuonLike/22018/8/PMTfied_1.parquet
2025-02-24 13:11:08 - INFO - Filtered PMTfied file saved to: /lustre/hpc/project/icecube/HE_Nu_Aske_Oct2024/PMTfied_filtered/Snowstorm/CC_CRclean_MuonLike/22018/8/PMTfied_11.parquet
2025-02-24 13:11:09 - INFO - Filtered PMTfied file saved to: /lustre/hpc/project/icecube/HE_Nu_Aske_Oct2024/PMTfied_filtered/Snowstorm/CC_CRclean_MuonLike/22018/8/PMTfied_15.parquet
2025-02-24 13:11:10 - INFO - Filtered PMTfied file saved to: /lustre/hpc/project/icecube/HE_Nu_Aske_Oct2024/PMTfied_filtered/Snowstorm/CC_CRclean_MuonLike/22018/8/PMTfied_7.parquet
2025-02-24 13:11:11 - INFO - Filtered PMTfied file saved to: /lustre/hpc/project/icecube/HE_Nu_Aske_Oct2024/PMTfied_filtered/Snowstorm/CC_CRclean_MuonLike/22018/8/PMTfied_3.parquet
2025-02-24 13:11:12 - INFO - Filtered PMTfied file saved to: /lustre/hpc/project/icecube/HE_Nu_Aske_Oct2024/PMTfied_filtered/Snowstorm/CC_CRclean_MuonLike/22018/8/PMTfied_6.parquet
2025-02-24 13:11:13 - INFO - Filtered PMTfied file saved to: /lustre/hpc/project/icecube/HE_Nu_Aske_Oct2024/PMTfied_filtered/Snowstorm/CC_CRclean_MuonLike/22018/8/PMTfied_2.parquet
2025-02-24 13:11:14 - INFO - Filtered PMTfied file saved to: /lustre/hpc/project/icecube/HE_Nu_Aske_Oct2024/PMTfied_filtered/Snowstorm/CC_CRclean_MuonLike/22018/8/PMTfied_18.parquet
2025-02-24 13:11:15 - INFO - Filtered PMTfied file saved to: /lustre/hpc/project/icecube/HE_Nu_Aske_Oct2024/PMTfied_filtered/Snowstorm/CC_CRclean_MuonLike/22018/8/PMTfied_10.parquet
2025-02-24 13:11:16 - INFO - Filtered PMTfied file saved to: /lustre/hpc/project/icecube/HE_Nu_Aske_Oct2024/PMTfied_filtered/Snowstorm/CC_CRclean_MuonLike/22018/8/PMTfied_14.parquet
2025-02-24 13:11:16 - INFO - Filtering process completed.
2025-02-24 13:11:16 - INFO - Filtering process completed.
2025-02-24 13:11:16 - INFO - Unified receipt generated: /lustre/hpc/project/icecube/HE_Nu_Aske_Oct2024/PMTfied_filtered/Snowstorm/CC_CRclean_MuonLike/22018/[Receipt]22018_8.json
2025-02-24 13:11:16 - INFO - Filtering process completed.
Job completed at Mon Feb 24 01:11:16 PM CET 2025
