Starting job at Sat Feb 15 01:51:22 PM CET 2025
Running Filter_by_part.py for subdirectory 22018, part 10
2025-02-15 13:51:22 - INFO - Event filtering process starts...
2025-02-15 13:51:22 - INFO - Initialized PureNeutrinoEventFilter filter for 22018/10
2025-02-15 13:51:23 - INFO - Loaded 18 event specifier files from /lustre/hpc/project/icecube/HE_Nu_Aske_Oct2024/clean_events_dict/22018/22018/reduced
2025-02-15 13:51:23 - INFO - Selected 6 CSV files covering event range [4794, 9540]
2025-02-15 13:51:23 - INFO - Loaded 260667 valid (RunID, EventID) pairs from CSV files
2025-02-15 13:51:24 - INFO - Extracted 25621 valid events based on pure neutrino events.
2025-02-15 13:51:24 - INFO - Initialized Muon13Filter filter for 22018/10
2025-02-15 13:51:24 - INFO - Extracted 29301 valid events where MuonFilter_13==True.
2025-02-15 13:51:24 - INFO - Initialized CompositeEventFilter filter for 22018/10
2025-02-15 13:51:24 - INFO - Initialized (MuonLike_PureNu)
2025-02-15 13:51:24 - INFO - Starting filtering process for 22018/10
2025-02-15 13:51:24 - INFO - Starting filtering process for 22018/10
2025-02-15 13:51:25 - INFO - Recalculated 'offset' column based on filtered 'N_doms' values.
2025-02-15 13:51:25 - INFO - Filtered truth file saved to: /lustre/hpc/project/icecube/HE_Nu_Aske_Oct2024/PMTfied_filtered/Snowstorm/MuonLike_PureNu/22018/truth_10.parquet
2025-02-15 13:51:26 - INFO - Filtered PMTfied file saved to: /lustre/hpc/project/icecube/HE_Nu_Aske_Oct2024/PMTfied_filtered/Snowstorm/MuonLike_PureNu/22018/10/PMTfied_11.parquet
2025-02-15 13:51:27 - INFO - Filtered PMTfied file saved to: /lustre/hpc/project/icecube/HE_Nu_Aske_Oct2024/PMTfied_filtered/Snowstorm/MuonLike_PureNu/22018/10/PMTfied_15.parquet
2025-02-15 13:51:28 - INFO - Filtered PMTfied file saved to: /lustre/hpc/project/icecube/HE_Nu_Aske_Oct2024/PMTfied_filtered/Snowstorm/MuonLike_PureNu/22018/10/PMTfied_1.parquet
2025-02-15 13:51:29 - INFO - Filtered PMTfied file saved to: /lustre/hpc/project/icecube/HE_Nu_Aske_Oct2024/PMTfied_filtered/Snowstorm/MuonLike_PureNu/22018/10/PMTfied_5.parquet
2025-02-15 13:51:40 - INFO - Filtered PMTfied file saved to: /lustre/hpc/project/icecube/HE_Nu_Aske_Oct2024/PMTfied_filtered/Snowstorm/MuonLike_PureNu/22018/10/PMTfied_9.parquet
2025-02-15 13:51:41 - INFO - Filtered PMTfied file saved to: /lustre/hpc/project/icecube/HE_Nu_Aske_Oct2024/PMTfied_filtered/Snowstorm/MuonLike_PureNu/22018/10/PMTfied_8.parquet
2025-02-15 13:51:42 - INFO - Filtered PMTfied file saved to: /lustre/hpc/project/icecube/HE_Nu_Aske_Oct2024/PMTfied_filtered/Snowstorm/MuonLike_PureNu/22018/10/PMTfied_4.parquet
2025-02-15 13:51:42 - INFO - Filtered PMTfied file saved to: /lustre/hpc/project/icecube/HE_Nu_Aske_Oct2024/PMTfied_filtered/Snowstorm/MuonLike_PureNu/22018/10/PMTfied_18.parquet
2025-02-15 13:51:44 - INFO - Filtered PMTfied file saved to: /lustre/hpc/project/icecube/HE_Nu_Aske_Oct2024/PMTfied_filtered/Snowstorm/MuonLike_PureNu/22018/10/PMTfied_10.parquet
2025-02-15 13:51:45 - INFO - Filtered PMTfied file saved to: /lustre/hpc/project/icecube/HE_Nu_Aske_Oct2024/PMTfied_filtered/Snowstorm/MuonLike_PureNu/22018/10/PMTfied_14.parquet
2025-02-15 13:51:46 - INFO - Filtered PMTfied file saved to: /lustre/hpc/project/icecube/HE_Nu_Aske_Oct2024/PMTfied_filtered/Snowstorm/MuonLike_PureNu/22018/10/PMTfied_2.parquet
2025-02-15 13:51:47 - INFO - Filtered PMTfied file saved to: /lustre/hpc/project/icecube/HE_Nu_Aske_Oct2024/PMTfied_filtered/Snowstorm/MuonLike_PureNu/22018/10/PMTfied_6.parquet
2025-02-15 13:51:48 - INFO - Filtered PMTfied file saved to: /lustre/hpc/project/icecube/HE_Nu_Aske_Oct2024/PMTfied_filtered/Snowstorm/MuonLike_PureNu/22018/10/PMTfied_12.parquet
2025-02-15 13:51:49 - INFO - Filtered PMTfied file saved to: /lustre/hpc/project/icecube/HE_Nu_Aske_Oct2024/PMTfied_filtered/Snowstorm/MuonLike_PureNu/22018/10/PMTfied_16.parquet
2025-02-15 13:51:50 - INFO - Filtered PMTfied file saved to: /lustre/hpc/project/icecube/HE_Nu_Aske_Oct2024/PMTfied_filtered/Snowstorm/MuonLike_PureNu/22018/10/PMTfied_13.parquet
2025-02-15 13:51:51 - INFO - Filtered PMTfied file saved to: /lustre/hpc/project/icecube/HE_Nu_Aske_Oct2024/PMTfied_filtered/Snowstorm/MuonLike_PureNu/22018/10/PMTfied_17.parquet
2025-02-15 13:51:52 - INFO - Filtered PMTfied file saved to: /lustre/hpc/project/icecube/HE_Nu_Aske_Oct2024/PMTfied_filtered/Snowstorm/MuonLike_PureNu/22018/10/PMTfied_3.parquet
2025-02-15 13:51:53 - INFO - Filtered PMTfied file saved to: /lustre/hpc/project/icecube/HE_Nu_Aske_Oct2024/PMTfied_filtered/Snowstorm/MuonLike_PureNu/22018/10/PMTfied_7.parquet
2025-02-15 13:51:53 - INFO - Filtering process completed.
2025-02-15 13:51:53 - INFO - Filtering process completed.
2025-02-15 13:51:53 - INFO - Unified receipt generated: /lustre/hpc/project/icecube/HE_Nu_Aske_Oct2024/PMTfied_filtered/Snowstorm/MuonLike_PureNu/22018/[Receipt]22018_10.json
2025-02-15 13:51:53 - INFO - Filtering process completed.
Job completed at Sat Feb 15 01:51:53 PM CET 2025
