Starting job at Thu Feb 13 06:47:37 PM CET 2025
Running Filter_by_part.py for subdirectory 22018, part 20
2025-02-13 18:47:37 - INFO - Event filtering process starts...
2025-02-13 18:47:37 - INFO - Initialized PureNeutrinoEventFilter
2025-02-13 18:47:37 - INFO - Starting filtering process for 22018/20
2025-02-13 18:47:38 - INFO - Loaded 18 event specifier files from /lustre/hpc/project/icecube/HE_Nu_Aske_Oct2024/clean_events_dict/22018/22018/reduced
2025-02-13 18:47:38 - INFO - Selected 4 CSV files covering event range [14115, 18499]
2025-02-13 18:48:02 - INFO - Loaded 174258 valid (RunID, EventID) pairs from CSV files
2025-02-13 18:48:03 - INFO - Recalculated 'offset' column based on filtered 'N_doms' values.
2025-02-13 18:48:04 - INFO - Filtered truth file saved to: /lustre/hpc/project/icecube/HE_Nu_Aske_Oct2024/PMTfied_filtered/PureNu/Snowstorm/22018/truth_20.parquet
2025-02-13 18:48:04 - INFO - Receipt file saved to: /lustre/hpc/project/icecube/HE_Nu_Aske_Oct2024/PMTfied_filtered/PureNu/Snowstorm/22018/[Receipt]22018_20.json
2025-02-13 18:48:05 - INFO - Filtered PMTfied file saved to: /lustre/hpc/project/icecube/HE_Nu_Aske_Oct2024/PMTfied_filtered/PureNu/Snowstorm/22018/20/PMTfied_9.parquet
2025-02-13 18:48:06 - INFO - Filtered PMTfied file saved to: /lustre/hpc/project/icecube/HE_Nu_Aske_Oct2024/PMTfied_filtered/PureNu/Snowstorm/22018/20/PMTfied_5.parquet
2025-02-13 18:48:07 - INFO - Filtered PMTfied file saved to: /lustre/hpc/project/icecube/HE_Nu_Aske_Oct2024/PMTfied_filtered/PureNu/Snowstorm/22018/20/PMTfied_1.parquet
2025-02-13 18:48:09 - INFO - Filtered PMTfied file saved to: /lustre/hpc/project/icecube/HE_Nu_Aske_Oct2024/PMTfied_filtered/PureNu/Snowstorm/22018/20/PMTfied_13.parquet
2025-02-13 18:48:10 - INFO - Filtered PMTfied file saved to: /lustre/hpc/project/icecube/HE_Nu_Aske_Oct2024/PMTfied_filtered/PureNu/Snowstorm/22018/20/PMTfied_17.parquet
2025-02-13 18:48:13 - INFO - Filtered PMTfied file saved to: /lustre/hpc/project/icecube/HE_Nu_Aske_Oct2024/PMTfied_filtered/PureNu/Snowstorm/22018/20/PMTfied_12.parquet
2025-02-13 18:48:21 - INFO - Filtered PMTfied file saved to: /lustre/hpc/project/icecube/HE_Nu_Aske_Oct2024/PMTfied_filtered/PureNu/Snowstorm/22018/20/PMTfied_16.parquet
2025-02-13 18:48:23 - INFO - Filtered PMTfied file saved to: /lustre/hpc/project/icecube/HE_Nu_Aske_Oct2024/PMTfied_filtered/PureNu/Snowstorm/22018/20/PMTfied_4.parquet
2025-02-13 18:48:24 - INFO - Filtered PMTfied file saved to: /lustre/hpc/project/icecube/HE_Nu_Aske_Oct2024/PMTfied_filtered/PureNu/Snowstorm/22018/20/PMTfied_8.parquet
2025-02-13 18:48:24 - INFO - Filtered PMTfied file saved to: /lustre/hpc/project/icecube/HE_Nu_Aske_Oct2024/PMTfied_filtered/PureNu/Snowstorm/22018/20/PMTfied_18.parquet
2025-02-13 18:48:25 - INFO - Filtered PMTfied file saved to: /lustre/hpc/project/icecube/HE_Nu_Aske_Oct2024/PMTfied_filtered/PureNu/Snowstorm/22018/20/PMTfied_10.parquet
2025-02-13 18:48:29 - INFO - Filtered PMTfied file saved to: /lustre/hpc/project/icecube/HE_Nu_Aske_Oct2024/PMTfied_filtered/PureNu/Snowstorm/22018/20/PMTfied_14.parquet
2025-02-13 18:48:34 - INFO - Filtered PMTfied file saved to: /lustre/hpc/project/icecube/HE_Nu_Aske_Oct2024/PMTfied_filtered/PureNu/Snowstorm/22018/20/PMTfied_6.parquet
2025-02-13 18:48:36 - INFO - Filtered PMTfied file saved to: /lustre/hpc/project/icecube/HE_Nu_Aske_Oct2024/PMTfied_filtered/PureNu/Snowstorm/22018/20/PMTfied_2.parquet
2025-02-13 18:48:42 - INFO - Filtered PMTfied file saved to: /lustre/hpc/project/icecube/HE_Nu_Aske_Oct2024/PMTfied_filtered/PureNu/Snowstorm/22018/20/PMTfied_7.parquet
2025-02-13 18:48:43 - INFO - Filtered PMTfied file saved to: /lustre/hpc/project/icecube/HE_Nu_Aske_Oct2024/PMTfied_filtered/PureNu/Snowstorm/22018/20/PMTfied_3.parquet
2025-02-13 18:48:44 - INFO - Filtered PMTfied file saved to: /lustre/hpc/project/icecube/HE_Nu_Aske_Oct2024/PMTfied_filtered/PureNu/Snowstorm/22018/20/PMTfied_11.parquet
2025-02-13 18:48:46 - INFO - Filtered PMTfied file saved to: /lustre/hpc/project/icecube/HE_Nu_Aske_Oct2024/PMTfied_filtered/PureNu/Snowstorm/22018/20/PMTfied_15.parquet
2025-02-13 18:48:46 - INFO - Filtering process completed.
2025-02-13 18:48:46 - INFO - Filtering process completed for all selected filters.
2025-02-13 18:48:46 - INFO - Execution time: 68.30 seconds
2025-02-13 18:48:46 - INFO - Updated receipt with execution time: /lustre/hpc/project/icecube/HE_Nu_Aske_Oct2024/PMTfied_filtered/PureNu/Snowstorm/22018/[Receipt]22018_20.json
Job completed at Thu Feb 13 06:48:46 PM CET 2025
