Starting job at Mon Feb 17 04:00:34 PM CET 2025
Running Filter_by_part.py for subdirectory 22018, part 8
2025-02-17 16:00:34 - INFO - Event filtering process starts...
2025-02-17 16:00:34 - INFO - Initialized PureNeutrinoEventFilter filter for 22018/8
2025-02-17 16:00:35 - INFO - Loaded 18 event specifier files from /lustre/hpc/project/icecube/HE_Nu_Aske_Oct2024/clean_events_dict/22018/22018/reduced
2025-02-17 16:00:35 - INFO - Selected 6 CSV files covering event range [4717, 9170]
2025-02-17 16:00:35 - INFO - Loaded 260667 valid (RunID, EventID) pairs from CSV files
2025-02-17 16:00:35 - INFO - Extracted 25828 valid events based on pure neutrino events.
2025-02-17 16:00:35 - INFO - Initialized CompositeEventFilter filter for 22018/8
2025-02-17 16:00:35 - INFO - Initialized (PureNu)
2025-02-17 16:00:35 - INFO - Starting filtering process for 22018/8
2025-02-17 16:00:35 - INFO - Starting filtering process for 22018/8
2025-02-17 16:00:36 - INFO - Recalculated 'offset' column based on 'N_doms' values within each 'shard_no' group.
2025-02-17 16:00:37 - INFO - Filtered truth file saved to: /lustre/hpc/project/icecube/HE_Nu_Aske_Oct2024/PMTfied_filtered/Snowstorm/PureNu/22018/truth_8.parquet
2025-02-17 16:00:38 - INFO - Filtered PMTfied file saved to: /lustre/hpc/project/icecube/HE_Nu_Aske_Oct2024/PMTfied_filtered/Snowstorm/PureNu/22018/8/PMTfied_4.parquet
2025-02-17 16:00:39 - INFO - Filtered PMTfied file saved to: /lustre/hpc/project/icecube/HE_Nu_Aske_Oct2024/PMTfied_filtered/Snowstorm/PureNu/22018/8/PMTfied_8.parquet
2025-02-17 16:00:41 - INFO - Filtered PMTfied file saved to: /lustre/hpc/project/icecube/HE_Nu_Aske_Oct2024/PMTfied_filtered/Snowstorm/PureNu/22018/8/PMTfied_12.parquet
2025-02-17 16:00:42 - INFO - Filtered PMTfied file saved to: /lustre/hpc/project/icecube/HE_Nu_Aske_Oct2024/PMTfied_filtered/Snowstorm/PureNu/22018/8/PMTfied_16.parquet
2025-02-17 16:00:44 - INFO - Filtered PMTfied file saved to: /lustre/hpc/project/icecube/HE_Nu_Aske_Oct2024/PMTfied_filtered/Snowstorm/PureNu/22018/8/PMTfied_9.parquet
2025-02-17 16:00:45 - INFO - Filtered PMTfied file saved to: /lustre/hpc/project/icecube/HE_Nu_Aske_Oct2024/PMTfied_filtered/Snowstorm/PureNu/22018/8/PMTfied_13.parquet
2025-02-17 16:00:46 - INFO - Filtered PMTfied file saved to: /lustre/hpc/project/icecube/HE_Nu_Aske_Oct2024/PMTfied_filtered/Snowstorm/PureNu/22018/8/PMTfied_17.parquet
2025-02-17 16:00:48 - INFO - Filtered PMTfied file saved to: /lustre/hpc/project/icecube/HE_Nu_Aske_Oct2024/PMTfied_filtered/Snowstorm/PureNu/22018/8/PMTfied_5.parquet
2025-02-17 16:00:49 - INFO - Filtered PMTfied file saved to: /lustre/hpc/project/icecube/HE_Nu_Aske_Oct2024/PMTfied_filtered/Snowstorm/PureNu/22018/8/PMTfied_1.parquet
2025-02-17 16:00:50 - INFO - Filtered PMTfied file saved to: /lustre/hpc/project/icecube/HE_Nu_Aske_Oct2024/PMTfied_filtered/Snowstorm/PureNu/22018/8/PMTfied_11.parquet
2025-02-17 16:00:52 - INFO - Filtered PMTfied file saved to: /lustre/hpc/project/icecube/HE_Nu_Aske_Oct2024/PMTfied_filtered/Snowstorm/PureNu/22018/8/PMTfied_15.parquet
2025-02-17 16:00:53 - INFO - Filtered PMTfied file saved to: /lustre/hpc/project/icecube/HE_Nu_Aske_Oct2024/PMTfied_filtered/Snowstorm/PureNu/22018/8/PMTfied_7.parquet
2025-02-17 16:00:54 - INFO - Filtered PMTfied file saved to: /lustre/hpc/project/icecube/HE_Nu_Aske_Oct2024/PMTfied_filtered/Snowstorm/PureNu/22018/8/PMTfied_3.parquet
2025-02-17 16:00:55 - INFO - Filtered PMTfied file saved to: /lustre/hpc/project/icecube/HE_Nu_Aske_Oct2024/PMTfied_filtered/Snowstorm/PureNu/22018/8/PMTfied_6.parquet
2025-02-17 16:00:56 - INFO - Filtered PMTfied file saved to: /lustre/hpc/project/icecube/HE_Nu_Aske_Oct2024/PMTfied_filtered/Snowstorm/PureNu/22018/8/PMTfied_2.parquet
2025-02-17 16:00:57 - INFO - Filtered PMTfied file saved to: /lustre/hpc/project/icecube/HE_Nu_Aske_Oct2024/PMTfied_filtered/Snowstorm/PureNu/22018/8/PMTfied_18.parquet
2025-02-17 16:00:58 - INFO - Filtered PMTfied file saved to: /lustre/hpc/project/icecube/HE_Nu_Aske_Oct2024/PMTfied_filtered/Snowstorm/PureNu/22018/8/PMTfied_10.parquet
2025-02-17 16:01:00 - INFO - Filtered PMTfied file saved to: /lustre/hpc/project/icecube/HE_Nu_Aske_Oct2024/PMTfied_filtered/Snowstorm/PureNu/22018/8/PMTfied_14.parquet
2025-02-17 16:01:00 - INFO - Filtering process completed.
2025-02-17 16:01:00 - INFO - Filtering process completed.
2025-02-17 16:01:00 - INFO - Unified receipt generated: /lustre/hpc/project/icecube/HE_Nu_Aske_Oct2024/PMTfied_filtered/Snowstorm/PureNu/22018/[Receipt]22018_8.json
2025-02-17 16:01:00 - INFO - Filtering process completed.
Job completed at Mon Feb 17 04:01:00 PM CET 2025
