Starting job at Sat Feb 15 12:12:36 PM CET 2025
Running Filter_by_part.py for subdirectory 22018, part 5
2025-02-15 12:12:36 - INFO - Event filtering process starts...
2025-02-15 12:12:36 - INFO - Initialized PureNeutrinoEventFilter filter for 22018/5
2025-02-15 12:12:37 - INFO - Loaded 18 event specifier files from /lustre/hpc/project/icecube/HE_Nu_Aske_Oct2024/clean_events_dict/22018/22018/reduced
2025-02-15 12:12:37 - INFO - Selected 5 CSV files covering event range [179, 4887]
2025-02-15 12:12:37 - INFO - Loaded 216772 valid (RunID, EventID) pairs from CSV files
2025-02-15 12:12:37 - INFO - Extracted 25276 valid events based on pure neutrino events.
2025-02-15 12:12:37 - INFO - Initialized CompositeEventFilter filter for 22018/5
2025-02-15 12:12:37 - INFO - Initialized (PureNu)
2025-02-15 12:12:37 - INFO - Starting filtering process for 22018/5
2025-02-15 12:12:37 - INFO - Starting filtering process for 22018/5
2025-02-15 12:12:38 - INFO - Recalculated 'offset' column based on filtered 'N_doms' values.
2025-02-15 12:12:39 - INFO - Filtered truth file saved to: /lustre/hpc/project/icecube/HE_Nu_Aske_Oct2024/PMTfied_filtered/Snowstorm/PureNu/22018/truth_5.parquet
2025-02-15 12:12:40 - INFO - Filtered PMTfied file saved to: /lustre/hpc/project/icecube/HE_Nu_Aske_Oct2024/PMTfied_filtered/Snowstorm/PureNu/22018/5/PMTfied_1.parquet
2025-02-15 12:12:41 - INFO - Filtered PMTfied file saved to: /lustre/hpc/project/icecube/HE_Nu_Aske_Oct2024/PMTfied_filtered/Snowstorm/PureNu/22018/5/PMTfied_5.parquet
2025-02-15 12:12:43 - INFO - Filtered PMTfied file saved to: /lustre/hpc/project/icecube/HE_Nu_Aske_Oct2024/PMTfied_filtered/Snowstorm/PureNu/22018/5/PMTfied_9.parquet
2025-02-15 12:12:44 - INFO - Filtered PMTfied file saved to: /lustre/hpc/project/icecube/HE_Nu_Aske_Oct2024/PMTfied_filtered/Snowstorm/PureNu/22018/5/PMTfied_17.parquet
2025-02-15 12:12:45 - INFO - Filtered PMTfied file saved to: /lustre/hpc/project/icecube/HE_Nu_Aske_Oct2024/PMTfied_filtered/Snowstorm/PureNu/22018/5/PMTfied_13.parquet
2025-02-15 12:12:46 - INFO - Filtered PMTfied file saved to: /lustre/hpc/project/icecube/HE_Nu_Aske_Oct2024/PMTfied_filtered/Snowstorm/PureNu/22018/5/PMTfied_16.parquet
2025-02-15 12:12:48 - INFO - Filtered PMTfied file saved to: /lustre/hpc/project/icecube/HE_Nu_Aske_Oct2024/PMTfied_filtered/Snowstorm/PureNu/22018/5/PMTfied_12.parquet
2025-02-15 12:12:49 - INFO - Filtered PMTfied file saved to: /lustre/hpc/project/icecube/HE_Nu_Aske_Oct2024/PMTfied_filtered/Snowstorm/PureNu/22018/5/PMTfied_8.parquet
2025-02-15 12:12:50 - INFO - Filtered PMTfied file saved to: /lustre/hpc/project/icecube/HE_Nu_Aske_Oct2024/PMTfied_filtered/Snowstorm/PureNu/22018/5/PMTfied_4.parquet
2025-02-15 12:12:52 - INFO - Filtered PMTfied file saved to: /lustre/hpc/project/icecube/HE_Nu_Aske_Oct2024/PMTfied_filtered/Snowstorm/PureNu/22018/5/PMTfied_14.parquet
2025-02-15 12:12:53 - INFO - Filtered PMTfied file saved to: /lustre/hpc/project/icecube/HE_Nu_Aske_Oct2024/PMTfied_filtered/Snowstorm/PureNu/22018/5/PMTfied_10.parquet
2025-02-15 12:12:55 - INFO - Filtered PMTfied file saved to: /lustre/hpc/project/icecube/HE_Nu_Aske_Oct2024/PMTfied_filtered/Snowstorm/PureNu/22018/5/PMTfied_2.parquet
2025-02-15 12:12:56 - INFO - Filtered PMTfied file saved to: /lustre/hpc/project/icecube/HE_Nu_Aske_Oct2024/PMTfied_filtered/Snowstorm/PureNu/22018/5/PMTfied_6.parquet
2025-02-15 12:12:57 - INFO - Filtered PMTfied file saved to: /lustre/hpc/project/icecube/HE_Nu_Aske_Oct2024/PMTfied_filtered/Snowstorm/PureNu/22018/5/PMTfied_3.parquet
2025-02-15 12:12:58 - INFO - Filtered PMTfied file saved to: /lustre/hpc/project/icecube/HE_Nu_Aske_Oct2024/PMTfied_filtered/Snowstorm/PureNu/22018/5/PMTfied_7.parquet
2025-02-15 12:13:00 - INFO - Filtered PMTfied file saved to: /lustre/hpc/project/icecube/HE_Nu_Aske_Oct2024/PMTfied_filtered/Snowstorm/PureNu/22018/5/PMTfied_15.parquet
2025-02-15 12:13:01 - INFO - Filtered PMTfied file saved to: /lustre/hpc/project/icecube/HE_Nu_Aske_Oct2024/PMTfied_filtered/Snowstorm/PureNu/22018/5/PMTfied_11.parquet
2025-02-15 12:13:01 - INFO - Filtering process completed.
2025-02-15 12:13:01 - INFO - Filtering process completed.
2025-02-15 12:13:01 - INFO - Unified receipt generated: /lustre/hpc/project/icecube/HE_Nu_Aske_Oct2024/PMTfied_filtered/Snowstorm/PureNu/22018/[Receipt]22018_5.json
2025-02-15 12:13:01 - INFO - Filtering process completed.
Job completed at Sat Feb 15 12:13:01 PM CET 2025
