Starting job at Sat Feb 15 12:57:56 PM CET 2025
Running Filter_by_part.py for subdirectory 22018, part 5
2025-02-15 12:57:57 - INFO - Event filtering process starts...
2025-02-15 12:57:57 - INFO - Initialized Muon13Filter filter for 22018/5
2025-02-15 12:57:57 - INFO - Extracted 28913 valid events where MuonFilter_13==True.
2025-02-15 12:57:57 - INFO - Initialized CompositeEventFilter filter for 22018/5
2025-02-15 12:57:57 - INFO - Initialized (MuonLike)
2025-02-15 12:57:57 - INFO - Starting filtering process for 22018/5
2025-02-15 12:57:57 - INFO - Starting filtering process for 22018/5
2025-02-15 12:57:58 - INFO - Recalculated 'offset' column based on filtered 'N_doms' values.
2025-02-15 12:57:59 - INFO - Filtered truth file saved to: /lustre/hpc/project/icecube/HE_Nu_Aske_Oct2024/PMTfied_filtered/Snowstorm/MuonLike/22018/truth_5.parquet
2025-02-15 12:58:00 - INFO - Filtered PMTfied file saved to: /lustre/hpc/project/icecube/HE_Nu_Aske_Oct2024/PMTfied_filtered/Snowstorm/MuonLike/22018/5/PMTfied_1.parquet
2025-02-15 12:58:02 - INFO - Filtered PMTfied file saved to: /lustre/hpc/project/icecube/HE_Nu_Aske_Oct2024/PMTfied_filtered/Snowstorm/MuonLike/22018/5/PMTfied_5.parquet
2025-02-15 12:58:03 - INFO - Filtered PMTfied file saved to: /lustre/hpc/project/icecube/HE_Nu_Aske_Oct2024/PMTfied_filtered/Snowstorm/MuonLike/22018/5/PMTfied_9.parquet
2025-02-15 12:58:05 - INFO - Filtered PMTfied file saved to: /lustre/hpc/project/icecube/HE_Nu_Aske_Oct2024/PMTfied_filtered/Snowstorm/MuonLike/22018/5/PMTfied_17.parquet
2025-02-15 12:58:07 - INFO - Filtered PMTfied file saved to: /lustre/hpc/project/icecube/HE_Nu_Aske_Oct2024/PMTfied_filtered/Snowstorm/MuonLike/22018/5/PMTfied_13.parquet
2025-02-15 12:58:08 - INFO - Filtered PMTfied file saved to: /lustre/hpc/project/icecube/HE_Nu_Aske_Oct2024/PMTfied_filtered/Snowstorm/MuonLike/22018/5/PMTfied_16.parquet
2025-02-15 12:58:10 - INFO - Filtered PMTfied file saved to: /lustre/hpc/project/icecube/HE_Nu_Aske_Oct2024/PMTfied_filtered/Snowstorm/MuonLike/22018/5/PMTfied_12.parquet
2025-02-15 12:58:11 - INFO - Filtered PMTfied file saved to: /lustre/hpc/project/icecube/HE_Nu_Aske_Oct2024/PMTfied_filtered/Snowstorm/MuonLike/22018/5/PMTfied_8.parquet
2025-02-15 12:58:13 - INFO - Filtered PMTfied file saved to: /lustre/hpc/project/icecube/HE_Nu_Aske_Oct2024/PMTfied_filtered/Snowstorm/MuonLike/22018/5/PMTfied_4.parquet
2025-02-15 12:58:15 - INFO - Filtered PMTfied file saved to: /lustre/hpc/project/icecube/HE_Nu_Aske_Oct2024/PMTfied_filtered/Snowstorm/MuonLike/22018/5/PMTfied_14.parquet
2025-02-15 12:58:17 - INFO - Filtered PMTfied file saved to: /lustre/hpc/project/icecube/HE_Nu_Aske_Oct2024/PMTfied_filtered/Snowstorm/MuonLike/22018/5/PMTfied_10.parquet
2025-02-15 12:58:19 - INFO - Filtered PMTfied file saved to: /lustre/hpc/project/icecube/HE_Nu_Aske_Oct2024/PMTfied_filtered/Snowstorm/MuonLike/22018/5/PMTfied_2.parquet
2025-02-15 12:58:20 - INFO - Filtered PMTfied file saved to: /lustre/hpc/project/icecube/HE_Nu_Aske_Oct2024/PMTfied_filtered/Snowstorm/MuonLike/22018/5/PMTfied_6.parquet
2025-02-15 12:58:22 - INFO - Filtered PMTfied file saved to: /lustre/hpc/project/icecube/HE_Nu_Aske_Oct2024/PMTfied_filtered/Snowstorm/MuonLike/22018/5/PMTfied_3.parquet
2025-02-15 12:58:23 - INFO - Filtered PMTfied file saved to: /lustre/hpc/project/icecube/HE_Nu_Aske_Oct2024/PMTfied_filtered/Snowstorm/MuonLike/22018/5/PMTfied_7.parquet
2025-02-15 12:58:25 - INFO - Filtered PMTfied file saved to: /lustre/hpc/project/icecube/HE_Nu_Aske_Oct2024/PMTfied_filtered/Snowstorm/MuonLike/22018/5/PMTfied_15.parquet
2025-02-15 12:58:26 - INFO - Filtered PMTfied file saved to: /lustre/hpc/project/icecube/HE_Nu_Aske_Oct2024/PMTfied_filtered/Snowstorm/MuonLike/22018/5/PMTfied_11.parquet
2025-02-15 12:58:26 - INFO - Filtering process completed.
2025-02-15 12:58:26 - INFO - Filtering process completed.
2025-02-15 12:58:26 - INFO - Unified receipt generated: /lustre/hpc/project/icecube/HE_Nu_Aske_Oct2024/PMTfied_filtered/Snowstorm/MuonLike/22018/[Receipt]22018_5.json
2025-02-15 12:58:26 - INFO - Filtering process completed.
Job completed at Sat Feb 15 12:58:26 PM CET 2025
