Starting job at Thu Feb 13 06:33:31 PM CET 2025
Running Filter_by_part.py for subdirectory 22018, part 18
2025-02-13 18:33:32 - INFO - Event filtering process starts...
2025-02-13 18:33:32 - INFO - Initialized PureNeutrinoEventFilter
2025-02-13 18:33:32 - INFO - Starting filtering process for 22018/18
2025-02-13 18:33:32 - INFO - Loaded 18 event specifier files from /lustre/hpc/project/icecube/HE_Nu_Aske_Oct2024/clean_events_dict/22018/22018/reduced
2025-02-13 18:33:32 - INFO - Selected 4 CSV files covering event range [14014, 18434]
2025-02-13 18:33:32 - INFO - Loaded 174258 valid (RunID, EventID) pairs from CSV files
2025-02-13 18:33:33 - INFO - Recalculated 'offset' column based on filtered 'N_doms' values.
2025-02-13 18:33:33 - INFO - Filtered truth file saved to: /lustre/hpc/project/icecube/HE_Nu_Aske_Oct2024/PMTfied_filtered/PureNu/Snowstorm/22018/truth_18.parquet
2025-02-13 18:33:34 - INFO - Receipt file saved to: /lustre/hpc/project/icecube/HE_Nu_Aske_Oct2024/PMTfied_filtered/PureNu/Snowstorm/22018/[Receipt]22018_18.json
2025-02-13 18:33:35 - INFO - Filtered PMTfied file saved to: /lustre/hpc/project/icecube/HE_Nu_Aske_Oct2024/PMTfied_filtered/PureNu/Snowstorm/22018/18/PMTfied_9.parquet
2025-02-13 18:33:36 - INFO - Filtered PMTfied file saved to: /lustre/hpc/project/icecube/HE_Nu_Aske_Oct2024/PMTfied_filtered/PureNu/Snowstorm/22018/18/PMTfied_1.parquet
2025-02-13 18:33:37 - INFO - Filtered PMTfied file saved to: /lustre/hpc/project/icecube/HE_Nu_Aske_Oct2024/PMTfied_filtered/PureNu/Snowstorm/22018/18/PMTfied_5.parquet
2025-02-13 18:33:38 - INFO - Filtered PMTfied file saved to: /lustre/hpc/project/icecube/HE_Nu_Aske_Oct2024/PMTfied_filtered/PureNu/Snowstorm/22018/18/PMTfied_12.parquet
2025-02-13 18:33:39 - INFO - Filtered PMTfied file saved to: /lustre/hpc/project/icecube/HE_Nu_Aske_Oct2024/PMTfied_filtered/PureNu/Snowstorm/22018/18/PMTfied_16.parquet
2025-02-13 18:33:41 - INFO - Filtered PMTfied file saved to: /lustre/hpc/project/icecube/HE_Nu_Aske_Oct2024/PMTfied_filtered/PureNu/Snowstorm/22018/18/PMTfied_4.parquet
2025-02-13 18:33:42 - INFO - Filtered PMTfied file saved to: /lustre/hpc/project/icecube/HE_Nu_Aske_Oct2024/PMTfied_filtered/PureNu/Snowstorm/22018/18/PMTfied_8.parquet
2025-02-13 18:33:43 - INFO - Filtered PMTfied file saved to: /lustre/hpc/project/icecube/HE_Nu_Aske_Oct2024/PMTfied_filtered/PureNu/Snowstorm/22018/18/PMTfied_13.parquet
2025-02-13 18:33:44 - INFO - Filtered PMTfied file saved to: /lustre/hpc/project/icecube/HE_Nu_Aske_Oct2024/PMTfied_filtered/PureNu/Snowstorm/22018/18/PMTfied_17.parquet
2025-02-13 18:33:45 - INFO - Filtered PMTfied file saved to: /lustre/hpc/project/icecube/HE_Nu_Aske_Oct2024/PMTfied_filtered/PureNu/Snowstorm/22018/18/PMTfied_2.parquet
2025-02-13 18:33:47 - INFO - Filtered PMTfied file saved to: /lustre/hpc/project/icecube/HE_Nu_Aske_Oct2024/PMTfied_filtered/PureNu/Snowstorm/22018/18/PMTfied_6.parquet
2025-02-13 18:33:48 - INFO - Filtered PMTfied file saved to: /lustre/hpc/project/icecube/HE_Nu_Aske_Oct2024/PMTfied_filtered/PureNu/Snowstorm/22018/18/PMTfied_11.parquet
2025-02-13 18:33:49 - INFO - Filtered PMTfied file saved to: /lustre/hpc/project/icecube/HE_Nu_Aske_Oct2024/PMTfied_filtered/PureNu/Snowstorm/22018/18/PMTfied_15.parquet
2025-02-13 18:33:50 - INFO - Filtered PMTfied file saved to: /lustre/hpc/project/icecube/HE_Nu_Aske_Oct2024/PMTfied_filtered/PureNu/Snowstorm/22018/18/PMTfied_3.parquet
2025-02-13 18:33:51 - INFO - Filtered PMTfied file saved to: /lustre/hpc/project/icecube/HE_Nu_Aske_Oct2024/PMTfied_filtered/PureNu/Snowstorm/22018/18/PMTfied_7.parquet
2025-02-13 18:33:52 - INFO - Filtered PMTfied file saved to: /lustre/hpc/project/icecube/HE_Nu_Aske_Oct2024/PMTfied_filtered/PureNu/Snowstorm/22018/18/PMTfied_10.parquet
2025-02-13 18:33:53 - INFO - Filtered PMTfied file saved to: /lustre/hpc/project/icecube/HE_Nu_Aske_Oct2024/PMTfied_filtered/PureNu/Snowstorm/22018/18/PMTfied_14.parquet
2025-02-13 18:33:53 - INFO - Filtered PMTfied file saved to: /lustre/hpc/project/icecube/HE_Nu_Aske_Oct2024/PMTfied_filtered/PureNu/Snowstorm/22018/18/PMTfied_18.parquet
2025-02-13 18:33:53 - INFO - Filtering process completed.
2025-02-13 18:33:53 - INFO - Filtering process completed for all selected filters.
2025-02-13 18:33:53 - INFO - Execution time: 21.83 seconds
2025-02-13 18:33:53 - INFO - Updated receipt with execution time: /lustre/hpc/project/icecube/HE_Nu_Aske_Oct2024/PMTfied_filtered/PureNu/Snowstorm/22018/[Receipt]22018_18.json
Job completed at Thu Feb 13 06:33:54 PM CET 2025
