Starting job at Sat Feb 15 12:06:26 PM CET 2025
Running Filter_by_part.py for subdirectory 22018, part 2
2025-02-15 12:06:27 - INFO - Event filtering process starts...
2025-02-15 12:06:27 - INFO - Initialized Muon13Filter filter for 22018/2
2025-02-15 12:06:27 - INFO - Extracted 29419 valid events where MuonFilter_13==True.
2025-02-15 12:06:27 - INFO - Initialized CompositeEventFilter filter for 22018/2
2025-02-15 12:06:27 - INFO - Initialized (MuonLike)
2025-02-15 12:06:27 - INFO - Starting filtering process for 22018/2
2025-02-15 12:06:27 - INFO - Starting filtering process for 22018/2
2025-02-15 12:06:29 - INFO - Recalculated 'offset' column based on filtered 'N_doms' values.
2025-02-15 12:06:29 - INFO - Filtered truth file saved to: /lustre/hpc/project/icecube/HE_Nu_Aske_Oct2024/PMTfied_filtered/Snowstorm/MuonLike/22018/truth_2.parquet
2025-02-15 12:06:30 - INFO - Filtered PMTfied file saved to: /lustre/hpc/project/icecube/HE_Nu_Aske_Oct2024/PMTfied_filtered/Snowstorm/MuonLike/22018/2/PMTfied_8.parquet
2025-02-15 12:06:32 - INFO - Filtered PMTfied file saved to: /lustre/hpc/project/icecube/HE_Nu_Aske_Oct2024/PMTfied_filtered/Snowstorm/MuonLike/22018/2/PMTfied_4.parquet
2025-02-15 12:06:33 - INFO - Filtered PMTfied file saved to: /lustre/hpc/project/icecube/HE_Nu_Aske_Oct2024/PMTfied_filtered/Snowstorm/MuonLike/22018/2/PMTfied_13.parquet
2025-02-15 12:06:34 - INFO - Filtered PMTfied file saved to: /lustre/hpc/project/icecube/HE_Nu_Aske_Oct2024/PMTfied_filtered/Snowstorm/MuonLike/22018/2/PMTfied_17.parquet
2025-02-15 12:06:36 - INFO - Filtered PMTfied file saved to: /lustre/hpc/project/icecube/HE_Nu_Aske_Oct2024/PMTfied_filtered/Snowstorm/MuonLike/22018/2/PMTfied_1.parquet
2025-02-15 12:06:37 - INFO - Filtered PMTfied file saved to: /lustre/hpc/project/icecube/HE_Nu_Aske_Oct2024/PMTfied_filtered/Snowstorm/MuonLike/22018/2/PMTfied_5.parquet
2025-02-15 12:06:38 - INFO - Filtered PMTfied file saved to: /lustre/hpc/project/icecube/HE_Nu_Aske_Oct2024/PMTfied_filtered/Snowstorm/MuonLike/22018/2/PMTfied_9.parquet
2025-02-15 12:06:40 - INFO - Filtered PMTfied file saved to: /lustre/hpc/project/icecube/HE_Nu_Aske_Oct2024/PMTfied_filtered/Snowstorm/MuonLike/22018/2/PMTfied_12.parquet
2025-02-15 12:06:41 - INFO - Filtered PMTfied file saved to: /lustre/hpc/project/icecube/HE_Nu_Aske_Oct2024/PMTfied_filtered/Snowstorm/MuonLike/22018/2/PMTfied_16.parquet
2025-02-15 12:06:43 - INFO - Filtered PMTfied file saved to: /lustre/hpc/project/icecube/HE_Nu_Aske_Oct2024/PMTfied_filtered/Snowstorm/MuonLike/22018/2/PMTfied_10.parquet
2025-02-15 12:06:44 - INFO - Filtered PMTfied file saved to: /lustre/hpc/project/icecube/HE_Nu_Aske_Oct2024/PMTfied_filtered/Snowstorm/MuonLike/22018/2/PMTfied_14.parquet
2025-02-15 12:06:44 - INFO - Filtered PMTfied file saved to: /lustre/hpc/project/icecube/HE_Nu_Aske_Oct2024/PMTfied_filtered/Snowstorm/MuonLike/22018/2/PMTfied_18.parquet
2025-02-15 12:06:46 - INFO - Filtered PMTfied file saved to: /lustre/hpc/project/icecube/HE_Nu_Aske_Oct2024/PMTfied_filtered/Snowstorm/MuonLike/22018/2/PMTfied_3.parquet
2025-02-15 12:06:47 - INFO - Filtered PMTfied file saved to: /lustre/hpc/project/icecube/HE_Nu_Aske_Oct2024/PMTfied_filtered/Snowstorm/MuonLike/22018/2/PMTfied_7.parquet
2025-02-15 12:06:48 - INFO - Filtered PMTfied file saved to: /lustre/hpc/project/icecube/HE_Nu_Aske_Oct2024/PMTfied_filtered/Snowstorm/MuonLike/22018/2/PMTfied_11.parquet
2025-02-15 12:06:50 - INFO - Filtered PMTfied file saved to: /lustre/hpc/project/icecube/HE_Nu_Aske_Oct2024/PMTfied_filtered/Snowstorm/MuonLike/22018/2/PMTfied_15.parquet
2025-02-15 12:06:51 - INFO - Filtered PMTfied file saved to: /lustre/hpc/project/icecube/HE_Nu_Aske_Oct2024/PMTfied_filtered/Snowstorm/MuonLike/22018/2/PMTfied_2.parquet
2025-02-15 12:06:52 - INFO - Filtered PMTfied file saved to: /lustre/hpc/project/icecube/HE_Nu_Aske_Oct2024/PMTfied_filtered/Snowstorm/MuonLike/22018/2/PMTfied_6.parquet
2025-02-15 12:06:52 - INFO - Filtering process completed.
2025-02-15 12:06:52 - INFO - Filtering process completed.
2025-02-15 12:06:53 - INFO - Unified receipt generated: /lustre/hpc/project/icecube/HE_Nu_Aske_Oct2024/PMTfied_filtered/Snowstorm/MuonLike/22018/[Receipt]22018_2.json
2025-02-15 12:06:53 - INFO - Filtering process completed.
Job completed at Sat Feb 15 12:06:53 PM CET 2025
