Starting job at Thu Feb 13 05:14:42 PM CET 2025
Running Filter_by_part.py for subdirectory 22018, part 4
2025-02-13 17:14:43 - INFO - Event filtering process starts...
2025-02-13 17:14:43 - INFO - Initialized Muon13Filter
2025-02-13 17:14:43 - INFO - Starting filtering process for 22018/4
2025-02-13 17:14:44 - INFO - Recalculated 'offset' column based on filtered 'N_doms' values.
2025-02-13 17:14:45 - INFO - Filtered truth file saved to: /lustre/hpc/project/icecube/HE_Nu_Aske_Oct2024/PMTfied_filtered/MuonLike/Snowstorm/22018/truth_4.parquet
2025-02-13 17:14:45 - INFO - Receipt file saved to: /lustre/hpc/project/icecube/HE_Nu_Aske_Oct2024/PMTfied_filtered/MuonLike/Snowstorm/22018/[Receipt]22018_4.json
2025-02-13 17:14:46 - INFO - Filtered PMTfied file saved to: /lustre/hpc/project/icecube/HE_Nu_Aske_Oct2024/PMTfied_filtered/MuonLike/Snowstorm/22018/4/PMTfied_8.parquet
2025-02-13 17:14:47 - INFO - Filtered PMTfied file saved to: /lustre/hpc/project/icecube/HE_Nu_Aske_Oct2024/PMTfied_filtered/MuonLike/Snowstorm/22018/4/PMTfied_15.parquet
2025-02-13 17:14:49 - INFO - Filtered PMTfied file saved to: /lustre/hpc/project/icecube/HE_Nu_Aske_Oct2024/PMTfied_filtered/MuonLike/Snowstorm/22018/4/PMTfied_11.parquet
2025-02-13 17:14:50 - INFO - Filtered PMTfied file saved to: /lustre/hpc/project/icecube/HE_Nu_Aske_Oct2024/PMTfied_filtered/MuonLike/Snowstorm/22018/4/PMTfied_4.parquet
2025-02-13 17:14:52 - INFO - Filtered PMTfied file saved to: /lustre/hpc/project/icecube/HE_Nu_Aske_Oct2024/PMTfied_filtered/MuonLike/Snowstorm/22018/4/PMTfied_1.parquet
2025-02-13 17:14:53 - INFO - Filtered PMTfied file saved to: /lustre/hpc/project/icecube/HE_Nu_Aske_Oct2024/PMTfied_filtered/MuonLike/Snowstorm/22018/4/PMTfied_14.parquet
2025-02-13 17:14:54 - INFO - Filtered PMTfied file saved to: /lustre/hpc/project/icecube/HE_Nu_Aske_Oct2024/PMTfied_filtered/MuonLike/Snowstorm/22018/4/PMTfied_10.parquet
2025-02-13 17:14:56 - INFO - Filtered PMTfied file saved to: /lustre/hpc/project/icecube/HE_Nu_Aske_Oct2024/PMTfied_filtered/MuonLike/Snowstorm/22018/4/PMTfied_5.parquet
2025-02-13 17:14:57 - INFO - Filtered PMTfied file saved to: /lustre/hpc/project/icecube/HE_Nu_Aske_Oct2024/PMTfied_filtered/MuonLike/Snowstorm/22018/4/PMTfied_9.parquet
2025-02-13 17:14:58 - INFO - Filtered PMTfied file saved to: /lustre/hpc/project/icecube/HE_Nu_Aske_Oct2024/PMTfied_filtered/MuonLike/Snowstorm/22018/4/PMTfied_3.parquet
2025-02-13 17:15:00 - INFO - Filtered PMTfied file saved to: /lustre/hpc/project/icecube/HE_Nu_Aske_Oct2024/PMTfied_filtered/MuonLike/Snowstorm/22018/4/PMTfied_16.parquet
2025-02-13 17:15:01 - INFO - Filtered PMTfied file saved to: /lustre/hpc/project/icecube/HE_Nu_Aske_Oct2024/PMTfied_filtered/MuonLike/Snowstorm/22018/4/PMTfied_12.parquet
2025-02-13 17:15:02 - INFO - Filtered PMTfied file saved to: /lustre/hpc/project/icecube/HE_Nu_Aske_Oct2024/PMTfied_filtered/MuonLike/Snowstorm/22018/4/PMTfied_7.parquet
2025-02-13 17:15:04 - INFO - Filtered PMTfied file saved to: /lustre/hpc/project/icecube/HE_Nu_Aske_Oct2024/PMTfied_filtered/MuonLike/Snowstorm/22018/4/PMTfied_2.parquet
2025-02-13 17:15:05 - INFO - Filtered PMTfied file saved to: /lustre/hpc/project/icecube/HE_Nu_Aske_Oct2024/PMTfied_filtered/MuonLike/Snowstorm/22018/4/PMTfied_17.parquet
2025-02-13 17:15:06 - INFO - Filtered PMTfied file saved to: /lustre/hpc/project/icecube/HE_Nu_Aske_Oct2024/PMTfied_filtered/MuonLike/Snowstorm/22018/4/PMTfied_13.parquet
2025-02-13 17:15:08 - INFO - Filtered PMTfied file saved to: /lustre/hpc/project/icecube/HE_Nu_Aske_Oct2024/PMTfied_filtered/MuonLike/Snowstorm/22018/4/PMTfied_6.parquet
2025-02-13 17:15:08 - INFO - Filtering process completed.
2025-02-13 17:15:08 - INFO - Filtering process completed for all selected filters.
2025-02-13 17:15:08 - INFO - Execution time: 24.96 seconds
2025-02-13 17:15:08 - INFO - Updated receipt with execution time: /lustre/hpc/project/icecube/HE_Nu_Aske_Oct2024/PMTfied_filtered/MuonLike/Snowstorm/22018/[Receipt]22018_4.json
Job completed at Thu Feb 13 05:15:08 PM CET 2025
