Starting job at Mon Feb 17 04:11:30 PM CET 2025
Running Filter_by_part.py for subdirectory 22018, part 1
2025-02-17 16:11:30 - INFO - Event filtering process starts...
2025-02-17 16:11:30 - INFO - Initialized Muon13Filter filter for 22018/1
2025-02-17 16:11:30 - INFO - Extracted 29443 valid events where MuonFilter_13==True.
2025-02-17 16:11:30 - INFO - Initialized CompositeEventFilter filter for 22018/1
2025-02-17 16:11:30 - INFO - Initialized (MuonLike)
2025-02-17 16:11:30 - INFO - Starting filtering process for 22018/1
2025-02-17 16:11:30 - INFO - Starting filtering process for 22018/1
2025-02-17 16:11:31 - INFO - Recalculated 'offset' column based on 'N_doms' values within each 'shard_no' group.
2025-02-17 16:11:31 - INFO - Filtered truth file saved to: /lustre/hpc/project/icecube/HE_Nu_Aske_Oct2024/PMTfied_filtered/Snowstorm/MuonLike/22018/truth_1.parquet
2025-02-17 16:11:32 - INFO - Filtered PMTfied file saved to: /lustre/hpc/project/icecube/HE_Nu_Aske_Oct2024/PMTfied_filtered/Snowstorm/MuonLike/22018/1/PMTfied_12.parquet
2025-02-17 16:11:33 - INFO - Filtered PMTfied file saved to: /lustre/hpc/project/icecube/HE_Nu_Aske_Oct2024/PMTfied_filtered/Snowstorm/MuonLike/22018/1/PMTfied_16.parquet
2025-02-17 16:11:34 - INFO - Filtered PMTfied file saved to: /lustre/hpc/project/icecube/HE_Nu_Aske_Oct2024/PMTfied_filtered/Snowstorm/MuonLike/22018/1/PMTfied_8.parquet
2025-02-17 16:11:34 - INFO - Filtered PMTfied file saved to: /lustre/hpc/project/icecube/HE_Nu_Aske_Oct2024/PMTfied_filtered/Snowstorm/MuonLike/22018/1/PMTfied_4.parquet
2025-02-17 16:11:35 - INFO - Filtered PMTfied file saved to: /lustre/hpc/project/icecube/HE_Nu_Aske_Oct2024/PMTfied_filtered/Snowstorm/MuonLike/22018/1/PMTfied_5.parquet
2025-02-17 16:11:36 - INFO - Filtered PMTfied file saved to: /lustre/hpc/project/icecube/HE_Nu_Aske_Oct2024/PMTfied_filtered/Snowstorm/MuonLike/22018/1/PMTfied_1.parquet
2025-02-17 16:11:37 - INFO - Filtered PMTfied file saved to: /lustre/hpc/project/icecube/HE_Nu_Aske_Oct2024/PMTfied_filtered/Snowstorm/MuonLike/22018/1/PMTfied_9.parquet
2025-02-17 16:11:38 - INFO - Filtered PMTfied file saved to: /lustre/hpc/project/icecube/HE_Nu_Aske_Oct2024/PMTfied_filtered/Snowstorm/MuonLike/22018/1/PMTfied_13.parquet
2025-02-17 16:11:38 - INFO - Filtered PMTfied file saved to: /lustre/hpc/project/icecube/HE_Nu_Aske_Oct2024/PMTfied_filtered/Snowstorm/MuonLike/22018/1/PMTfied_17.parquet
2025-02-17 16:11:39 - INFO - Filtered PMTfied file saved to: /lustre/hpc/project/icecube/HE_Nu_Aske_Oct2024/PMTfied_filtered/Snowstorm/MuonLike/22018/1/PMTfied_7.parquet
2025-02-17 16:11:40 - INFO - Filtered PMTfied file saved to: /lustre/hpc/project/icecube/HE_Nu_Aske_Oct2024/PMTfied_filtered/Snowstorm/MuonLike/22018/1/PMTfied_3.parquet
2025-02-17 16:11:40 - INFO - Filtered PMTfied file saved to: /lustre/hpc/project/icecube/HE_Nu_Aske_Oct2024/PMTfied_filtered/Snowstorm/MuonLike/22018/1/PMTfied_11.parquet
2025-02-17 16:11:41 - INFO - Filtered PMTfied file saved to: /lustre/hpc/project/icecube/HE_Nu_Aske_Oct2024/PMTfied_filtered/Snowstorm/MuonLike/22018/1/PMTfied_15.parquet
2025-02-17 16:11:42 - INFO - Filtered PMTfied file saved to: /lustre/hpc/project/icecube/HE_Nu_Aske_Oct2024/PMTfied_filtered/Snowstorm/MuonLike/22018/1/PMTfied_10.parquet
2025-02-17 16:11:43 - INFO - Filtered PMTfied file saved to: /lustre/hpc/project/icecube/HE_Nu_Aske_Oct2024/PMTfied_filtered/Snowstorm/MuonLike/22018/1/PMTfied_14.parquet
2025-02-17 16:11:43 - INFO - Filtered PMTfied file saved to: /lustre/hpc/project/icecube/HE_Nu_Aske_Oct2024/PMTfied_filtered/Snowstorm/MuonLike/22018/1/PMTfied_18.parquet
2025-02-17 16:11:44 - INFO - Filtered PMTfied file saved to: /lustre/hpc/project/icecube/HE_Nu_Aske_Oct2024/PMTfied_filtered/Snowstorm/MuonLike/22018/1/PMTfied_6.parquet
2025-02-17 16:11:45 - INFO - Filtered PMTfied file saved to: /lustre/hpc/project/icecube/HE_Nu_Aske_Oct2024/PMTfied_filtered/Snowstorm/MuonLike/22018/1/PMTfied_2.parquet
2025-02-17 16:11:45 - INFO - Filtering process completed.
2025-02-17 16:11:45 - INFO - Filtering process completed.
2025-02-17 16:11:45 - INFO - Unified receipt generated: /lustre/hpc/project/icecube/HE_Nu_Aske_Oct2024/PMTfied_filtered/Snowstorm/MuonLike/22018/[Receipt]22018_1.json
2025-02-17 16:11:45 - INFO - Filtering process completed.
Job completed at Mon Feb 17 04:11:45 PM CET 2025
