Starting job at Mon Feb 17 04:12:31 PM CET 2025
Running Filter_by_part.py for subdirectory 22018, part 18
2025-02-17 16:12:32 - INFO - Event filtering process starts...
2025-02-17 16:12:32 - INFO - Initialized Muon13Filter filter for 22018/18
2025-02-17 16:12:32 - INFO - Extracted 29320 valid events where MuonFilter_13==True.
2025-02-17 16:12:32 - INFO - Initialized CompositeEventFilter filter for 22018/18
2025-02-17 16:12:32 - INFO - Initialized (MuonLike)
2025-02-17 16:12:32 - INFO - Starting filtering process for 22018/18
2025-02-17 16:12:32 - INFO - Starting filtering process for 22018/18
2025-02-17 16:12:34 - INFO - Recalculated 'offset' column based on 'N_doms' values within each 'shard_no' group.
2025-02-17 16:12:34 - INFO - Filtered truth file saved to: /lustre/hpc/project/icecube/HE_Nu_Aske_Oct2024/PMTfied_filtered/Snowstorm/MuonLike/22018/truth_18.parquet
2025-02-17 16:12:35 - INFO - Filtered PMTfied file saved to: /lustre/hpc/project/icecube/HE_Nu_Aske_Oct2024/PMTfied_filtered/Snowstorm/MuonLike/22018/18/PMTfied_9.parquet
2025-02-17 16:12:37 - INFO - Filtered PMTfied file saved to: /lustre/hpc/project/icecube/HE_Nu_Aske_Oct2024/PMTfied_filtered/Snowstorm/MuonLike/22018/18/PMTfied_1.parquet
2025-02-17 16:12:38 - INFO - Filtered PMTfied file saved to: /lustre/hpc/project/icecube/HE_Nu_Aske_Oct2024/PMTfied_filtered/Snowstorm/MuonLike/22018/18/PMTfied_5.parquet
2025-02-17 16:12:39 - INFO - Filtered PMTfied file saved to: /lustre/hpc/project/icecube/HE_Nu_Aske_Oct2024/PMTfied_filtered/Snowstorm/MuonLike/22018/18/PMTfied_12.parquet
2025-02-17 16:12:41 - INFO - Filtered PMTfied file saved to: /lustre/hpc/project/icecube/HE_Nu_Aske_Oct2024/PMTfied_filtered/Snowstorm/MuonLike/22018/18/PMTfied_16.parquet
2025-02-17 16:12:42 - INFO - Filtered PMTfied file saved to: /lustre/hpc/project/icecube/HE_Nu_Aske_Oct2024/PMTfied_filtered/Snowstorm/MuonLike/22018/18/PMTfied_4.parquet
2025-02-17 16:12:43 - INFO - Filtered PMTfied file saved to: /lustre/hpc/project/icecube/HE_Nu_Aske_Oct2024/PMTfied_filtered/Snowstorm/MuonLike/22018/18/PMTfied_8.parquet
2025-02-17 16:12:45 - INFO - Filtered PMTfied file saved to: /lustre/hpc/project/icecube/HE_Nu_Aske_Oct2024/PMTfied_filtered/Snowstorm/MuonLike/22018/18/PMTfied_13.parquet
2025-02-17 16:12:46 - INFO - Filtered PMTfied file saved to: /lustre/hpc/project/icecube/HE_Nu_Aske_Oct2024/PMTfied_filtered/Snowstorm/MuonLike/22018/18/PMTfied_17.parquet
2025-02-17 16:12:47 - INFO - Filtered PMTfied file saved to: /lustre/hpc/project/icecube/HE_Nu_Aske_Oct2024/PMTfied_filtered/Snowstorm/MuonLike/22018/18/PMTfied_2.parquet
2025-02-17 16:12:49 - INFO - Filtered PMTfied file saved to: /lustre/hpc/project/icecube/HE_Nu_Aske_Oct2024/PMTfied_filtered/Snowstorm/MuonLike/22018/18/PMTfied_6.parquet
2025-02-17 16:12:50 - INFO - Filtered PMTfied file saved to: /lustre/hpc/project/icecube/HE_Nu_Aske_Oct2024/PMTfied_filtered/Snowstorm/MuonLike/22018/18/PMTfied_11.parquet
2025-02-17 16:12:51 - INFO - Filtered PMTfied file saved to: /lustre/hpc/project/icecube/HE_Nu_Aske_Oct2024/PMTfied_filtered/Snowstorm/MuonLike/22018/18/PMTfied_15.parquet
2025-02-17 16:12:53 - INFO - Filtered PMTfied file saved to: /lustre/hpc/project/icecube/HE_Nu_Aske_Oct2024/PMTfied_filtered/Snowstorm/MuonLike/22018/18/PMTfied_3.parquet
2025-02-17 16:12:54 - INFO - Filtered PMTfied file saved to: /lustre/hpc/project/icecube/HE_Nu_Aske_Oct2024/PMTfied_filtered/Snowstorm/MuonLike/22018/18/PMTfied_7.parquet
2025-02-17 16:12:56 - INFO - Filtered PMTfied file saved to: /lustre/hpc/project/icecube/HE_Nu_Aske_Oct2024/PMTfied_filtered/Snowstorm/MuonLike/22018/18/PMTfied_10.parquet
2025-02-17 16:12:57 - INFO - Filtered PMTfied file saved to: /lustre/hpc/project/icecube/HE_Nu_Aske_Oct2024/PMTfied_filtered/Snowstorm/MuonLike/22018/18/PMTfied_14.parquet
2025-02-17 16:12:57 - INFO - Filtered PMTfied file saved to: /lustre/hpc/project/icecube/HE_Nu_Aske_Oct2024/PMTfied_filtered/Snowstorm/MuonLike/22018/18/PMTfied_18.parquet
2025-02-17 16:12:57 - INFO - Filtering process completed.
2025-02-17 16:12:57 - INFO - Filtering process completed.
2025-02-17 16:12:57 - INFO - Unified receipt generated: /lustre/hpc/project/icecube/HE_Nu_Aske_Oct2024/PMTfied_filtered/Snowstorm/MuonLike/22018/[Receipt]22018_18.json
2025-02-17 16:12:57 - INFO - Filtering process completed.
Job completed at Mon Feb 17 04:12:57 PM CET 2025
