Starting job at Mon Feb 24 01:53:50 PM CET 2025
Running Filter_by_part.py for subdirectory 22018, part 11
2025-02-24 13:53:50 - INFO - Event filtering process starts...
2025-02-24 13:53:50 - INFO - Initialized PureNeutrinoEventFilter filter for 22018/11
2025-02-24 13:53:51 - INFO - Loaded 18 event specifier files from /lustre/hpc/project/icecube/HE_Nu_Aske_Oct2024/clean_events_dict/22018/22018/reduced
2025-02-24 13:53:51 - INFO - Selected 10 CSV files covering event range [4849, 13764]
2025-02-24 13:53:51 - INFO - Loaded 433721 valid (RunID, EventID) pairs from CSV files
2025-02-24 13:53:51 - INFO - Extracted 25215 valid events based on pure neutrino events.
2025-02-24 13:53:51 - INFO - Initialized CCFilter filter for 22018/11
2025-02-24 13:53:51 - INFO - Extracted 28030 valid events which are CC interactions.
2025-02-24 13:53:51 - INFO - Initialized ContainmentFilter filter for 22018/11
2025-02-24 13:53:51 - INFO - Extracted 5091 valid events within the specified containment region.
2025-02-24 13:53:51 - INFO - Initialized CompositeEventFilter filter for 22018/11
2025-02-24 13:53:51 - INFO - Initialized (CC_CRclean_Contained)
2025-02-24 13:53:51 - INFO - Starting filtering process for 22018/11
2025-02-24 13:53:51 - INFO - Starting filtering process for 22018/11
2025-02-24 13:53:51 - INFO - Recalculated 'offset' column based on 'N_doms' values within each 'shard_no' group.
2025-02-24 13:53:51 - INFO - Filtered truth file saved to: /lustre/hpc/project/icecube/HE_Nu_Aske_Oct2024/PMTfied_filtered/Snowstorm/CC_CRclean_Contained/22018/truth_11.parquet
2025-02-24 13:53:52 - INFO - Filtered PMTfied file saved to: /lustre/hpc/project/icecube/HE_Nu_Aske_Oct2024/PMTfied_filtered/Snowstorm/CC_CRclean_Contained/22018/11/PMTfied_2.parquet
2025-02-24 13:53:52 - INFO - Filtered PMTfied file saved to: /lustre/hpc/project/icecube/HE_Nu_Aske_Oct2024/PMTfied_filtered/Snowstorm/CC_CRclean_Contained/22018/11/PMTfied_6.parquet
2025-02-24 13:53:53 - INFO - Filtered PMTfied file saved to: /lustre/hpc/project/icecube/HE_Nu_Aske_Oct2024/PMTfied_filtered/Snowstorm/CC_CRclean_Contained/22018/11/PMTfied_16.parquet
2025-02-24 13:53:53 - INFO - Filtered PMTfied file saved to: /lustre/hpc/project/icecube/HE_Nu_Aske_Oct2024/PMTfied_filtered/Snowstorm/CC_CRclean_Contained/22018/11/PMTfied_12.parquet
2025-02-24 13:53:53 - INFO - Filtered PMTfied file saved to: /lustre/hpc/project/icecube/HE_Nu_Aske_Oct2024/PMTfied_filtered/Snowstorm/CC_CRclean_Contained/22018/11/PMTfied_3.parquet
2025-02-24 13:53:54 - INFO - Filtered PMTfied file saved to: /lustre/hpc/project/icecube/HE_Nu_Aske_Oct2024/PMTfied_filtered/Snowstorm/CC_CRclean_Contained/22018/11/PMTfied_7.parquet
2025-02-24 13:53:54 - INFO - Filtered PMTfied file saved to: /lustre/hpc/project/icecube/HE_Nu_Aske_Oct2024/PMTfied_filtered/Snowstorm/CC_CRclean_Contained/22018/11/PMTfied_17.parquet
2025-02-24 13:53:55 - INFO - Filtered PMTfied file saved to: /lustre/hpc/project/icecube/HE_Nu_Aske_Oct2024/PMTfied_filtered/Snowstorm/CC_CRclean_Contained/22018/11/PMTfied_13.parquet
2025-02-24 13:53:55 - INFO - Filtered PMTfied file saved to: /lustre/hpc/project/icecube/HE_Nu_Aske_Oct2024/PMTfied_filtered/Snowstorm/CC_CRclean_Contained/22018/11/PMTfied_1.parquet
2025-02-24 13:53:56 - INFO - Filtered PMTfied file saved to: /lustre/hpc/project/icecube/HE_Nu_Aske_Oct2024/PMTfied_filtered/Snowstorm/CC_CRclean_Contained/22018/11/PMTfied_5.parquet
2025-02-24 13:53:56 - INFO - Filtered PMTfied file saved to: /lustre/hpc/project/icecube/HE_Nu_Aske_Oct2024/PMTfied_filtered/Snowstorm/CC_CRclean_Contained/22018/11/PMTfied_9.parquet
2025-02-24 13:53:57 - INFO - Filtered PMTfied file saved to: /lustre/hpc/project/icecube/HE_Nu_Aske_Oct2024/PMTfied_filtered/Snowstorm/CC_CRclean_Contained/22018/11/PMTfied_15.parquet
2025-02-24 13:53:57 - INFO - Filtered PMTfied file saved to: /lustre/hpc/project/icecube/HE_Nu_Aske_Oct2024/PMTfied_filtered/Snowstorm/CC_CRclean_Contained/22018/11/PMTfied_11.parquet
2025-02-24 13:53:58 - INFO - Filtered PMTfied file saved to: /lustre/hpc/project/icecube/HE_Nu_Aske_Oct2024/PMTfied_filtered/Snowstorm/CC_CRclean_Contained/22018/11/PMTfied_8.parquet
2025-02-24 13:53:58 - INFO - Filtered PMTfied file saved to: /lustre/hpc/project/icecube/HE_Nu_Aske_Oct2024/PMTfied_filtered/Snowstorm/CC_CRclean_Contained/22018/11/PMTfied_4.parquet
2025-02-24 13:53:58 - INFO - Filtered PMTfied file saved to: /lustre/hpc/project/icecube/HE_Nu_Aske_Oct2024/PMTfied_filtered/Snowstorm/CC_CRclean_Contained/22018/11/PMTfied_14.parquet
2025-02-24 13:53:59 - INFO - Filtered PMTfied file saved to: /lustre/hpc/project/icecube/HE_Nu_Aske_Oct2024/PMTfied_filtered/Snowstorm/CC_CRclean_Contained/22018/11/PMTfied_10.parquet
2025-02-24 13:53:59 - INFO - Filtering process completed.
2025-02-24 13:53:59 - INFO - Filtering process completed.
2025-02-24 13:53:59 - INFO - Unified receipt generated: /lustre/hpc/project/icecube/HE_Nu_Aske_Oct2024/PMTfied_filtered/Snowstorm/CC_CRclean_Contained/22018/[Receipt]22018_11.json
2025-02-24 13:53:59 - INFO - Filtering process completed.
Job completed at Mon Feb 24 01:53:59 PM CET 2025
