Starting job at Sat Feb 15 01:51:13 PM CET 2025
Running Filter_by_part.py for subdirectory 22018, part 7
2025-02-15 13:51:13 - INFO - Event filtering process starts...
2025-02-15 13:51:13 - INFO - Initialized PureNeutrinoEventFilter filter for 22018/7
2025-02-15 13:51:13 - INFO - Loaded 18 event specifier files from /lustre/hpc/project/icecube/HE_Nu_Aske_Oct2024/clean_events_dict/22018/22018/reduced
2025-02-15 13:51:13 - INFO - Selected 6 CSV files covering event range [4660, 9125]
2025-02-15 13:51:14 - INFO - Loaded 260667 valid (RunID, EventID) pairs from CSV files
2025-02-15 13:51:14 - INFO - Extracted 26062 valid events based on pure neutrino events.
2025-02-15 13:51:14 - INFO - Initialized Muon13Filter filter for 22018/7
2025-02-15 13:51:14 - INFO - Extracted 29778 valid events where MuonFilter_13==True.
2025-02-15 13:51:14 - INFO - Initialized CompositeEventFilter filter for 22018/7
2025-02-15 13:51:14 - INFO - Initialized (MuonLike_PureNu)
2025-02-15 13:51:14 - INFO - Starting filtering process for 22018/7
2025-02-15 13:51:14 - INFO - Starting filtering process for 22018/7
2025-02-15 13:51:15 - INFO - Recalculated 'offset' column based on filtered 'N_doms' values.
2025-02-15 13:51:15 - INFO - Filtered truth file saved to: /lustre/hpc/project/icecube/HE_Nu_Aske_Oct2024/PMTfied_filtered/Snowstorm/MuonLike_PureNu/22018/truth_7.parquet
2025-02-15 13:51:16 - INFO - Filtered PMTfied file saved to: /lustre/hpc/project/icecube/HE_Nu_Aske_Oct2024/PMTfied_filtered/Snowstorm/MuonLike_PureNu/22018/7/PMTfied_13.parquet
2025-02-15 13:51:17 - INFO - Filtered PMTfied file saved to: /lustre/hpc/project/icecube/HE_Nu_Aske_Oct2024/PMTfied_filtered/Snowstorm/MuonLike_PureNu/22018/7/PMTfied_17.parquet
2025-02-15 13:51:19 - INFO - Filtered PMTfied file saved to: /lustre/hpc/project/icecube/HE_Nu_Aske_Oct2024/PMTfied_filtered/Snowstorm/MuonLike_PureNu/22018/7/PMTfied_2.parquet
2025-02-15 13:51:20 - INFO - Filtered PMTfied file saved to: /lustre/hpc/project/icecube/HE_Nu_Aske_Oct2024/PMTfied_filtered/Snowstorm/MuonLike_PureNu/22018/7/PMTfied_6.parquet
2025-02-15 13:51:21 - INFO - Filtered PMTfied file saved to: /lustre/hpc/project/icecube/HE_Nu_Aske_Oct2024/PMTfied_filtered/Snowstorm/MuonLike_PureNu/22018/7/PMTfied_3.parquet
2025-02-15 13:51:22 - INFO - Filtered PMTfied file saved to: /lustre/hpc/project/icecube/HE_Nu_Aske_Oct2024/PMTfied_filtered/Snowstorm/MuonLike_PureNu/22018/7/PMTfied_7.parquet
2025-02-15 13:51:23 - INFO - Filtered PMTfied file saved to: /lustre/hpc/project/icecube/HE_Nu_Aske_Oct2024/PMTfied_filtered/Snowstorm/MuonLike_PureNu/22018/7/PMTfied_12.parquet
2025-02-15 13:51:24 - INFO - Filtered PMTfied file saved to: /lustre/hpc/project/icecube/HE_Nu_Aske_Oct2024/PMTfied_filtered/Snowstorm/MuonLike_PureNu/22018/7/PMTfied_16.parquet
2025-02-15 13:51:25 - INFO - Filtered PMTfied file saved to: /lustre/hpc/project/icecube/HE_Nu_Aske_Oct2024/PMTfied_filtered/Snowstorm/MuonLike_PureNu/22018/7/PMTfied_9.parquet
2025-02-15 13:51:27 - INFO - Filtered PMTfied file saved to: /lustre/hpc/project/icecube/HE_Nu_Aske_Oct2024/PMTfied_filtered/Snowstorm/MuonLike_PureNu/22018/7/PMTfied_1.parquet
2025-02-15 13:51:28 - INFO - Filtered PMTfied file saved to: /lustre/hpc/project/icecube/HE_Nu_Aske_Oct2024/PMTfied_filtered/Snowstorm/MuonLike_PureNu/22018/7/PMTfied_5.parquet
2025-02-15 13:51:28 - INFO - Filtered PMTfied file saved to: /lustre/hpc/project/icecube/HE_Nu_Aske_Oct2024/PMTfied_filtered/Snowstorm/MuonLike_PureNu/22018/7/PMTfied_18.parquet
2025-02-15 13:51:30 - INFO - Filtered PMTfied file saved to: /lustre/hpc/project/icecube/HE_Nu_Aske_Oct2024/PMTfied_filtered/Snowstorm/MuonLike_PureNu/22018/7/PMTfied_10.parquet
2025-02-15 13:51:31 - INFO - Filtered PMTfied file saved to: /lustre/hpc/project/icecube/HE_Nu_Aske_Oct2024/PMTfied_filtered/Snowstorm/MuonLike_PureNu/22018/7/PMTfied_14.parquet
2025-02-15 13:51:32 - INFO - Filtered PMTfied file saved to: /lustre/hpc/project/icecube/HE_Nu_Aske_Oct2024/PMTfied_filtered/Snowstorm/MuonLike_PureNu/22018/7/PMTfied_11.parquet
2025-02-15 13:51:33 - INFO - Filtered PMTfied file saved to: /lustre/hpc/project/icecube/HE_Nu_Aske_Oct2024/PMTfied_filtered/Snowstorm/MuonLike_PureNu/22018/7/PMTfied_15.parquet
2025-02-15 13:51:34 - INFO - Filtered PMTfied file saved to: /lustre/hpc/project/icecube/HE_Nu_Aske_Oct2024/PMTfied_filtered/Snowstorm/MuonLike_PureNu/22018/7/PMTfied_4.parquet
2025-02-15 13:51:35 - INFO - Filtered PMTfied file saved to: /lustre/hpc/project/icecube/HE_Nu_Aske_Oct2024/PMTfied_filtered/Snowstorm/MuonLike_PureNu/22018/7/PMTfied_8.parquet
2025-02-15 13:51:35 - INFO - Filtering process completed.
2025-02-15 13:51:35 - INFO - Filtering process completed.
2025-02-15 13:51:35 - INFO - Unified receipt generated: /lustre/hpc/project/icecube/HE_Nu_Aske_Oct2024/PMTfied_filtered/Snowstorm/MuonLike_PureNu/22018/[Receipt]22018_7.json
2025-02-15 13:51:35 - INFO - Filtering process completed.
Job completed at Sat Feb 15 01:51:35 PM CET 2025
