Starting job at Sat Feb 15 12:06:29 PM CET 2025
Running Filter_by_part.py for subdirectory 22018, part 3
2025-02-15 12:06:29 - INFO - Event filtering process starts...
2025-02-15 12:06:29 - INFO - Initialized Muon13Filter filter for 22018/3
2025-02-15 12:06:30 - INFO - Extracted 29113 valid events where MuonFilter_13==True.
2025-02-15 12:06:30 - INFO - Initialized CompositeEventFilter filter for 22018/3
2025-02-15 12:06:30 - INFO - Initialized (MuonLike)
2025-02-15 12:06:30 - INFO - Starting filtering process for 22018/3
2025-02-15 12:06:30 - INFO - Starting filtering process for 22018/3
2025-02-15 12:06:31 - INFO - Recalculated 'offset' column based on filtered 'N_doms' values.
2025-02-15 12:06:31 - INFO - Filtered truth file saved to: /lustre/hpc/project/icecube/HE_Nu_Aske_Oct2024/PMTfied_filtered/Snowstorm/MuonLike/22018/truth_3.parquet
2025-02-15 12:06:32 - INFO - Filtered PMTfied file saved to: /lustre/hpc/project/icecube/HE_Nu_Aske_Oct2024/PMTfied_filtered/Snowstorm/MuonLike/22018/3/PMTfied_4.parquet
2025-02-15 12:06:34 - INFO - Filtered PMTfied file saved to: /lustre/hpc/project/icecube/HE_Nu_Aske_Oct2024/PMTfied_filtered/Snowstorm/MuonLike/22018/3/PMTfied_8.parquet
2025-02-15 12:06:35 - INFO - Filtered PMTfied file saved to: /lustre/hpc/project/icecube/HE_Nu_Aske_Oct2024/PMTfied_filtered/Snowstorm/MuonLike/22018/3/PMTfied_15.parquet
2025-02-15 12:06:37 - INFO - Filtered PMTfied file saved to: /lustre/hpc/project/icecube/HE_Nu_Aske_Oct2024/PMTfied_filtered/Snowstorm/MuonLike/22018/3/PMTfied_11.parquet
2025-02-15 12:06:38 - INFO - Filtered PMTfied file saved to: /lustre/hpc/project/icecube/HE_Nu_Aske_Oct2024/PMTfied_filtered/Snowstorm/MuonLike/22018/3/PMTfied_9.parquet
2025-02-15 12:06:39 - INFO - Filtered PMTfied file saved to: /lustre/hpc/project/icecube/HE_Nu_Aske_Oct2024/PMTfied_filtered/Snowstorm/MuonLike/22018/3/PMTfied_1.parquet
2025-02-15 12:06:41 - INFO - Filtered PMTfied file saved to: /lustre/hpc/project/icecube/HE_Nu_Aske_Oct2024/PMTfied_filtered/Snowstorm/MuonLike/22018/3/PMTfied_5.parquet
2025-02-15 12:06:42 - INFO - Filtered PMTfied file saved to: /lustre/hpc/project/icecube/HE_Nu_Aske_Oct2024/PMTfied_filtered/Snowstorm/MuonLike/22018/3/PMTfied_14.parquet
2025-02-15 12:06:43 - INFO - Filtered PMTfied file saved to: /lustre/hpc/project/icecube/HE_Nu_Aske_Oct2024/PMTfied_filtered/Snowstorm/MuonLike/22018/3/PMTfied_10.parquet
2025-02-15 12:06:43 - INFO - Filtered PMTfied file saved to: /lustre/hpc/project/icecube/HE_Nu_Aske_Oct2024/PMTfied_filtered/Snowstorm/MuonLike/22018/3/PMTfied_18.parquet
2025-02-15 12:06:45 - INFO - Filtered PMTfied file saved to: /lustre/hpc/project/icecube/HE_Nu_Aske_Oct2024/PMTfied_filtered/Snowstorm/MuonLike/22018/3/PMTfied_3.parquet
2025-02-15 12:06:46 - INFO - Filtered PMTfied file saved to: /lustre/hpc/project/icecube/HE_Nu_Aske_Oct2024/PMTfied_filtered/Snowstorm/MuonLike/22018/3/PMTfied_7.parquet
2025-02-15 12:06:47 - INFO - Filtered PMTfied file saved to: /lustre/hpc/project/icecube/HE_Nu_Aske_Oct2024/PMTfied_filtered/Snowstorm/MuonLike/22018/3/PMTfied_16.parquet
2025-02-15 12:06:49 - INFO - Filtered PMTfied file saved to: /lustre/hpc/project/icecube/HE_Nu_Aske_Oct2024/PMTfied_filtered/Snowstorm/MuonLike/22018/3/PMTfied_12.parquet
2025-02-15 12:06:50 - INFO - Filtered PMTfied file saved to: /lustre/hpc/project/icecube/HE_Nu_Aske_Oct2024/PMTfied_filtered/Snowstorm/MuonLike/22018/3/PMTfied_2.parquet
2025-02-15 12:06:52 - INFO - Filtered PMTfied file saved to: /lustre/hpc/project/icecube/HE_Nu_Aske_Oct2024/PMTfied_filtered/Snowstorm/MuonLike/22018/3/PMTfied_6.parquet
2025-02-15 12:06:53 - INFO - Filtered PMTfied file saved to: /lustre/hpc/project/icecube/HE_Nu_Aske_Oct2024/PMTfied_filtered/Snowstorm/MuonLike/22018/3/PMTfied_17.parquet
2025-02-15 12:06:54 - INFO - Filtered PMTfied file saved to: /lustre/hpc/project/icecube/HE_Nu_Aske_Oct2024/PMTfied_filtered/Snowstorm/MuonLike/22018/3/PMTfied_13.parquet
2025-02-15 12:06:54 - INFO - Filtering process completed.
2025-02-15 12:06:54 - INFO - Filtering process completed.
2025-02-15 12:06:54 - INFO - Unified receipt generated: /lustre/hpc/project/icecube/HE_Nu_Aske_Oct2024/PMTfied_filtered/Snowstorm/MuonLike/22018/[Receipt]22018_3.json
2025-02-15 12:06:54 - INFO - Filtering process completed.
Job completed at Sat Feb 15 12:06:54 PM CET 2025
