Starting job at Thu Feb 13 05:14:33 PM CET 2025
Running Filter_by_part.py for subdirectory 22018, part 2
2025-02-13 17:14:33 - INFO - Event filtering process starts...
2025-02-13 17:14:33 - INFO - Initialized Muon13Filter
2025-02-13 17:14:33 - INFO - Starting filtering process for 22018/2
2025-02-13 17:14:35 - INFO - Recalculated 'offset' column based on filtered 'N_doms' values.
2025-02-13 17:14:35 - INFO - Filtered truth file saved to: /lustre/hpc/project/icecube/HE_Nu_Aske_Oct2024/PMTfied_filtered/MuonLike/Snowstorm/22018/truth_2.parquet
2025-02-13 17:14:35 - INFO - Receipt file saved to: /lustre/hpc/project/icecube/HE_Nu_Aske_Oct2024/PMTfied_filtered/MuonLike/Snowstorm/22018/[Receipt]22018_2.json
2025-02-13 17:14:36 - INFO - Filtered PMTfied file saved to: /lustre/hpc/project/icecube/HE_Nu_Aske_Oct2024/PMTfied_filtered/MuonLike/Snowstorm/22018/2/PMTfied_8.parquet
2025-02-13 17:14:38 - INFO - Filtered PMTfied file saved to: /lustre/hpc/project/icecube/HE_Nu_Aske_Oct2024/PMTfied_filtered/MuonLike/Snowstorm/22018/2/PMTfied_4.parquet
2025-02-13 17:14:39 - INFO - Filtered PMTfied file saved to: /lustre/hpc/project/icecube/HE_Nu_Aske_Oct2024/PMTfied_filtered/MuonLike/Snowstorm/22018/2/PMTfied_13.parquet
2025-02-13 17:14:41 - INFO - Filtered PMTfied file saved to: /lustre/hpc/project/icecube/HE_Nu_Aske_Oct2024/PMTfied_filtered/MuonLike/Snowstorm/22018/2/PMTfied_17.parquet
2025-02-13 17:14:43 - INFO - Filtered PMTfied file saved to: /lustre/hpc/project/icecube/HE_Nu_Aske_Oct2024/PMTfied_filtered/MuonLike/Snowstorm/22018/2/PMTfied_1.parquet
2025-02-13 17:14:45 - INFO - Filtered PMTfied file saved to: /lustre/hpc/project/icecube/HE_Nu_Aske_Oct2024/PMTfied_filtered/MuonLike/Snowstorm/22018/2/PMTfied_5.parquet
2025-02-13 17:14:46 - INFO - Filtered PMTfied file saved to: /lustre/hpc/project/icecube/HE_Nu_Aske_Oct2024/PMTfied_filtered/MuonLike/Snowstorm/22018/2/PMTfied_9.parquet
2025-02-13 17:14:48 - INFO - Filtered PMTfied file saved to: /lustre/hpc/project/icecube/HE_Nu_Aske_Oct2024/PMTfied_filtered/MuonLike/Snowstorm/22018/2/PMTfied_12.parquet
2025-02-13 17:14:49 - INFO - Filtered PMTfied file saved to: /lustre/hpc/project/icecube/HE_Nu_Aske_Oct2024/PMTfied_filtered/MuonLike/Snowstorm/22018/2/PMTfied_16.parquet
2025-02-13 17:14:51 - INFO - Filtered PMTfied file saved to: /lustre/hpc/project/icecube/HE_Nu_Aske_Oct2024/PMTfied_filtered/MuonLike/Snowstorm/22018/2/PMTfied_10.parquet
2025-02-13 17:14:52 - INFO - Filtered PMTfied file saved to: /lustre/hpc/project/icecube/HE_Nu_Aske_Oct2024/PMTfied_filtered/MuonLike/Snowstorm/22018/2/PMTfied_14.parquet
2025-02-13 17:14:52 - INFO - Filtered PMTfied file saved to: /lustre/hpc/project/icecube/HE_Nu_Aske_Oct2024/PMTfied_filtered/MuonLike/Snowstorm/22018/2/PMTfied_18.parquet
2025-02-13 17:14:54 - INFO - Filtered PMTfied file saved to: /lustre/hpc/project/icecube/HE_Nu_Aske_Oct2024/PMTfied_filtered/MuonLike/Snowstorm/22018/2/PMTfied_3.parquet
2025-02-13 17:14:55 - INFO - Filtered PMTfied file saved to: /lustre/hpc/project/icecube/HE_Nu_Aske_Oct2024/PMTfied_filtered/MuonLike/Snowstorm/22018/2/PMTfied_7.parquet
2025-02-13 17:14:56 - INFO - Filtered PMTfied file saved to: /lustre/hpc/project/icecube/HE_Nu_Aske_Oct2024/PMTfied_filtered/MuonLike/Snowstorm/22018/2/PMTfied_11.parquet
2025-02-13 17:14:58 - INFO - Filtered PMTfied file saved to: /lustre/hpc/project/icecube/HE_Nu_Aske_Oct2024/PMTfied_filtered/MuonLike/Snowstorm/22018/2/PMTfied_15.parquet
2025-02-13 17:14:59 - INFO - Filtered PMTfied file saved to: /lustre/hpc/project/icecube/HE_Nu_Aske_Oct2024/PMTfied_filtered/MuonLike/Snowstorm/22018/2/PMTfied_2.parquet
2025-02-13 17:15:01 - INFO - Filtered PMTfied file saved to: /lustre/hpc/project/icecube/HE_Nu_Aske_Oct2024/PMTfied_filtered/MuonLike/Snowstorm/22018/2/PMTfied_6.parquet
2025-02-13 17:15:01 - INFO - Filtering process completed.
2025-02-13 17:15:01 - INFO - Filtering process completed for all selected filters.
2025-02-13 17:15:01 - INFO - Execution time: 27.85 seconds
2025-02-13 17:15:01 - INFO - Updated receipt with execution time: /lustre/hpc/project/icecube/HE_Nu_Aske_Oct2024/PMTfied_filtered/MuonLike/Snowstorm/22018/[Receipt]22018_2.json
Job completed at Thu Feb 13 05:15:01 PM CET 2025
