Starting job at Mon Feb 17 04:11:48 PM CET 2025
Running Filter_by_part.py for subdirectory 22018, part 7
2025-02-17 16:11:48 - INFO - Event filtering process starts...
2025-02-17 16:11:48 - INFO - Initialized Muon13Filter filter for 22018/7
2025-02-17 16:11:49 - INFO - Extracted 29778 valid events where MuonFilter_13==True.
2025-02-17 16:11:49 - INFO - Initialized CompositeEventFilter filter for 22018/7
2025-02-17 16:11:49 - INFO - Initialized (MuonLike)
2025-02-17 16:11:49 - INFO - Starting filtering process for 22018/7
2025-02-17 16:11:49 - INFO - Starting filtering process for 22018/7
2025-02-17 16:11:50 - INFO - Recalculated 'offset' column based on 'N_doms' values within each 'shard_no' group.
2025-02-17 16:11:50 - INFO - Filtered truth file saved to: /lustre/hpc/project/icecube/HE_Nu_Aske_Oct2024/PMTfied_filtered/Snowstorm/MuonLike/22018/truth_7.parquet
2025-02-17 16:11:52 - INFO - Filtered PMTfied file saved to: /lustre/hpc/project/icecube/HE_Nu_Aske_Oct2024/PMTfied_filtered/Snowstorm/MuonLike/22018/7/PMTfied_13.parquet
2025-02-17 16:11:53 - INFO - Filtered PMTfied file saved to: /lustre/hpc/project/icecube/HE_Nu_Aske_Oct2024/PMTfied_filtered/Snowstorm/MuonLike/22018/7/PMTfied_17.parquet
2025-02-17 16:11:55 - INFO - Filtered PMTfied file saved to: /lustre/hpc/project/icecube/HE_Nu_Aske_Oct2024/PMTfied_filtered/Snowstorm/MuonLike/22018/7/PMTfied_2.parquet
2025-02-17 16:11:56 - INFO - Filtered PMTfied file saved to: /lustre/hpc/project/icecube/HE_Nu_Aske_Oct2024/PMTfied_filtered/Snowstorm/MuonLike/22018/7/PMTfied_6.parquet
2025-02-17 16:11:57 - INFO - Filtered PMTfied file saved to: /lustre/hpc/project/icecube/HE_Nu_Aske_Oct2024/PMTfied_filtered/Snowstorm/MuonLike/22018/7/PMTfied_3.parquet
2025-02-17 16:11:59 - INFO - Filtered PMTfied file saved to: /lustre/hpc/project/icecube/HE_Nu_Aske_Oct2024/PMTfied_filtered/Snowstorm/MuonLike/22018/7/PMTfied_7.parquet
2025-02-17 16:12:00 - INFO - Filtered PMTfied file saved to: /lustre/hpc/project/icecube/HE_Nu_Aske_Oct2024/PMTfied_filtered/Snowstorm/MuonLike/22018/7/PMTfied_12.parquet
2025-02-17 16:12:01 - INFO - Filtered PMTfied file saved to: /lustre/hpc/project/icecube/HE_Nu_Aske_Oct2024/PMTfied_filtered/Snowstorm/MuonLike/22018/7/PMTfied_16.parquet
2025-02-17 16:12:03 - INFO - Filtered PMTfied file saved to: /lustre/hpc/project/icecube/HE_Nu_Aske_Oct2024/PMTfied_filtered/Snowstorm/MuonLike/22018/7/PMTfied_9.parquet
2025-02-17 16:12:04 - INFO - Filtered PMTfied file saved to: /lustre/hpc/project/icecube/HE_Nu_Aske_Oct2024/PMTfied_filtered/Snowstorm/MuonLike/22018/7/PMTfied_1.parquet
2025-02-17 16:12:05 - INFO - Filtered PMTfied file saved to: /lustre/hpc/project/icecube/HE_Nu_Aske_Oct2024/PMTfied_filtered/Snowstorm/MuonLike/22018/7/PMTfied_5.parquet
2025-02-17 16:12:06 - INFO - Filtered PMTfied file saved to: /lustre/hpc/project/icecube/HE_Nu_Aske_Oct2024/PMTfied_filtered/Snowstorm/MuonLike/22018/7/PMTfied_18.parquet
2025-02-17 16:12:07 - INFO - Filtered PMTfied file saved to: /lustre/hpc/project/icecube/HE_Nu_Aske_Oct2024/PMTfied_filtered/Snowstorm/MuonLike/22018/7/PMTfied_10.parquet
2025-02-17 16:12:09 - INFO - Filtered PMTfied file saved to: /lustre/hpc/project/icecube/HE_Nu_Aske_Oct2024/PMTfied_filtered/Snowstorm/MuonLike/22018/7/PMTfied_14.parquet
2025-02-17 16:12:10 - INFO - Filtered PMTfied file saved to: /lustre/hpc/project/icecube/HE_Nu_Aske_Oct2024/PMTfied_filtered/Snowstorm/MuonLike/22018/7/PMTfied_11.parquet
2025-02-17 16:12:11 - INFO - Filtered PMTfied file saved to: /lustre/hpc/project/icecube/HE_Nu_Aske_Oct2024/PMTfied_filtered/Snowstorm/MuonLike/22018/7/PMTfied_15.parquet
2025-02-17 16:12:13 - INFO - Filtered PMTfied file saved to: /lustre/hpc/project/icecube/HE_Nu_Aske_Oct2024/PMTfied_filtered/Snowstorm/MuonLike/22018/7/PMTfied_4.parquet
2025-02-17 16:12:14 - INFO - Filtered PMTfied file saved to: /lustre/hpc/project/icecube/HE_Nu_Aske_Oct2024/PMTfied_filtered/Snowstorm/MuonLike/22018/7/PMTfied_8.parquet
2025-02-17 16:12:14 - INFO - Filtering process completed.
2025-02-17 16:12:14 - INFO - Filtering process completed.
2025-02-17 16:12:14 - INFO - Unified receipt generated: /lustre/hpc/project/icecube/HE_Nu_Aske_Oct2024/PMTfied_filtered/Snowstorm/MuonLike/22018/[Receipt]22018_7.json
2025-02-17 16:12:14 - INFO - Filtering process completed.
Job completed at Mon Feb 17 04:12:14 PM CET 2025
