Starting job at Thu Feb 13 05:16:23 PM CET 2025
Running Filter_by_part.py for subdirectory 22018, part 21
2025-02-13 17:16:24 - INFO - Event filtering process starts...
2025-02-13 17:16:24 - INFO - Initialized Muon13Filter
2025-02-13 17:16:24 - INFO - Starting filtering process for 22018/21
2025-02-13 17:16:24 - INFO - Recalculated 'offset' column based on filtered 'N_doms' values.
2025-02-13 17:16:24 - INFO - Filtered truth file saved to: /lustre/hpc/project/icecube/HE_Nu_Aske_Oct2024/PMTfied_filtered/MuonLike/Snowstorm/22018/truth_21.parquet
2025-02-13 17:16:24 - INFO - Receipt file saved to: /lustre/hpc/project/icecube/HE_Nu_Aske_Oct2024/PMTfied_filtered/MuonLike/Snowstorm/22018/[Receipt]22018_21.json
2025-02-13 17:16:26 - INFO - Filtered PMTfied file saved to: /lustre/hpc/project/icecube/HE_Nu_Aske_Oct2024/PMTfied_filtered/MuonLike/Snowstorm/22018/21/PMTfied_6.parquet
2025-02-13 17:16:27 - INFO - Filtered PMTfied file saved to: /lustre/hpc/project/icecube/HE_Nu_Aske_Oct2024/PMTfied_filtered/MuonLike/Snowstorm/22018/21/PMTfied_2.parquet
2025-02-13 17:16:28 - INFO - Filtered PMTfied file saved to: /lustre/hpc/project/icecube/HE_Nu_Aske_Oct2024/PMTfied_filtered/MuonLike/Snowstorm/22018/21/PMTfied_7.parquet
2025-02-13 17:16:30 - INFO - Filtered PMTfied file saved to: /lustre/hpc/project/icecube/HE_Nu_Aske_Oct2024/PMTfied_filtered/MuonLike/Snowstorm/22018/21/PMTfied_3.parquet
2025-02-13 17:16:30 - INFO - Filtered PMTfied file saved to: /lustre/hpc/project/icecube/HE_Nu_Aske_Oct2024/PMTfied_filtered/MuonLike/Snowstorm/22018/21/PMTfied_9.parquet
2025-02-13 17:16:31 - INFO - Filtered PMTfied file saved to: /lustre/hpc/project/icecube/HE_Nu_Aske_Oct2024/PMTfied_filtered/MuonLike/Snowstorm/22018/21/PMTfied_5.parquet
2025-02-13 17:16:33 - INFO - Filtered PMTfied file saved to: /lustre/hpc/project/icecube/HE_Nu_Aske_Oct2024/PMTfied_filtered/MuonLike/Snowstorm/22018/21/PMTfied_1.parquet
2025-02-13 17:16:34 - INFO - Filtered PMTfied file saved to: /lustre/hpc/project/icecube/HE_Nu_Aske_Oct2024/PMTfied_filtered/MuonLike/Snowstorm/22018/21/PMTfied_4.parquet
2025-02-13 17:16:36 - INFO - Filtered PMTfied file saved to: /lustre/hpc/project/icecube/HE_Nu_Aske_Oct2024/PMTfied_filtered/MuonLike/Snowstorm/22018/21/PMTfied_8.parquet
2025-02-13 17:16:36 - INFO - Filtering process completed.
2025-02-13 17:16:36 - INFO - Filtering process completed for all selected filters.
2025-02-13 17:16:36 - INFO - Execution time: 12.16 seconds
2025-02-13 17:16:36 - INFO - Updated receipt with execution time: /lustre/hpc/project/icecube/HE_Nu_Aske_Oct2024/PMTfied_filtered/MuonLike/Snowstorm/22018/[Receipt]22018_21.json
Job completed at Thu Feb 13 05:16:36 PM CET 2025
