Starting job at Thu Feb 13 05:57:24 PM CET 2025
Running Filter_by_part.py for subdirectory 22018, part 4
2025-02-13 17:57:24 - INFO - Event filtering process starts...
2025-02-13 17:57:24 - INFO - Initialized PureNeutrinoEventFilter
2025-02-13 17:57:24 - INFO - Starting filtering process for 22018/4
2025-02-13 17:57:24 - INFO - Loaded 18 event specifier files from /lustre/hpc/project/icecube/HE_Nu_Aske_Oct2024/clean_events_dict/22018/22018/reduced
2025-02-13 17:57:24 - INFO - Selected 5 CSV files covering event range [134, 4630]
2025-02-13 17:57:25 - INFO - Loaded 216772 valid (RunID, EventID) pairs from CSV files
2025-02-13 17:57:26 - INFO - Recalculated 'offset' column based on filtered 'N_doms' values.
2025-02-13 17:57:26 - INFO - Filtered truth file saved to: /lustre/hpc/project/icecube/HE_Nu_Aske_Oct2024/PMTfied_filtered/PureNu/Snowstorm/22018/truth_4.parquet
2025-02-13 17:57:26 - INFO - Receipt file saved to: /lustre/hpc/project/icecube/HE_Nu_Aske_Oct2024/PMTfied_filtered/PureNu/Snowstorm/22018/[Receipt]22018_4.json
2025-02-13 17:57:27 - INFO - Filtered PMTfied file saved to: /lustre/hpc/project/icecube/HE_Nu_Aske_Oct2024/PMTfied_filtered/PureNu/Snowstorm/22018/4/PMTfied_8.parquet
2025-02-13 17:57:28 - INFO - Filtered PMTfied file saved to: /lustre/hpc/project/icecube/HE_Nu_Aske_Oct2024/PMTfied_filtered/PureNu/Snowstorm/22018/4/PMTfied_15.parquet
2025-02-13 17:57:30 - INFO - Filtered PMTfied file saved to: /lustre/hpc/project/icecube/HE_Nu_Aske_Oct2024/PMTfied_filtered/PureNu/Snowstorm/22018/4/PMTfied_11.parquet
2025-02-13 17:57:32 - INFO - Filtered PMTfied file saved to: /lustre/hpc/project/icecube/HE_Nu_Aske_Oct2024/PMTfied_filtered/PureNu/Snowstorm/22018/4/PMTfied_4.parquet
2025-02-13 17:57:33 - INFO - Filtered PMTfied file saved to: /lustre/hpc/project/icecube/HE_Nu_Aske_Oct2024/PMTfied_filtered/PureNu/Snowstorm/22018/4/PMTfied_1.parquet
2025-02-13 17:57:34 - INFO - Filtered PMTfied file saved to: /lustre/hpc/project/icecube/HE_Nu_Aske_Oct2024/PMTfied_filtered/PureNu/Snowstorm/22018/4/PMTfied_14.parquet
2025-02-13 17:57:35 - INFO - Filtered PMTfied file saved to: /lustre/hpc/project/icecube/HE_Nu_Aske_Oct2024/PMTfied_filtered/PureNu/Snowstorm/22018/4/PMTfied_10.parquet
2025-02-13 17:57:37 - INFO - Filtered PMTfied file saved to: /lustre/hpc/project/icecube/HE_Nu_Aske_Oct2024/PMTfied_filtered/PureNu/Snowstorm/22018/4/PMTfied_5.parquet
2025-02-13 17:57:38 - INFO - Filtered PMTfied file saved to: /lustre/hpc/project/icecube/HE_Nu_Aske_Oct2024/PMTfied_filtered/PureNu/Snowstorm/22018/4/PMTfied_9.parquet
2025-02-13 17:57:39 - INFO - Filtered PMTfied file saved to: /lustre/hpc/project/icecube/HE_Nu_Aske_Oct2024/PMTfied_filtered/PureNu/Snowstorm/22018/4/PMTfied_3.parquet
2025-02-13 17:57:40 - INFO - Filtered PMTfied file saved to: /lustre/hpc/project/icecube/HE_Nu_Aske_Oct2024/PMTfied_filtered/PureNu/Snowstorm/22018/4/PMTfied_16.parquet
2025-02-13 17:57:42 - INFO - Filtered PMTfied file saved to: /lustre/hpc/project/icecube/HE_Nu_Aske_Oct2024/PMTfied_filtered/PureNu/Snowstorm/22018/4/PMTfied_12.parquet
2025-02-13 17:57:43 - INFO - Filtered PMTfied file saved to: /lustre/hpc/project/icecube/HE_Nu_Aske_Oct2024/PMTfied_filtered/PureNu/Snowstorm/22018/4/PMTfied_7.parquet
2025-02-13 17:57:44 - INFO - Filtered PMTfied file saved to: /lustre/hpc/project/icecube/HE_Nu_Aske_Oct2024/PMTfied_filtered/PureNu/Snowstorm/22018/4/PMTfied_2.parquet
2025-02-13 17:57:46 - INFO - Filtered PMTfied file saved to: /lustre/hpc/project/icecube/HE_Nu_Aske_Oct2024/PMTfied_filtered/PureNu/Snowstorm/22018/4/PMTfied_17.parquet
2025-02-13 17:57:47 - INFO - Filtered PMTfied file saved to: /lustre/hpc/project/icecube/HE_Nu_Aske_Oct2024/PMTfied_filtered/PureNu/Snowstorm/22018/4/PMTfied_13.parquet
2025-02-13 17:57:48 - INFO - Filtered PMTfied file saved to: /lustre/hpc/project/icecube/HE_Nu_Aske_Oct2024/PMTfied_filtered/PureNu/Snowstorm/22018/4/PMTfied_6.parquet
2025-02-13 17:57:48 - INFO - Filtering process completed.
2025-02-13 17:57:48 - INFO - Filtering process completed for all selected filters.
2025-02-13 17:57:48 - INFO - Execution time: 24.06 seconds
2025-02-13 17:57:48 - INFO - Updated receipt with execution time: /lustre/hpc/project/icecube/HE_Nu_Aske_Oct2024/PMTfied_filtered/PureNu/Snowstorm/22018/[Receipt]22018_4.json
Job completed at Thu Feb 13 05:57:48 PM CET 2025
