Starting job at Mon Feb 24 01:11:16 PM CET 2025
Running Filter_by_part.py for subdirectory 22018, part 18
2025-02-24 13:11:16 - INFO - Event filtering process starts...
2025-02-24 13:11:16 - INFO - Initialized PureNeutrinoEventFilter filter for 22018/18
2025-02-24 13:11:16 - INFO - Loaded 18 event specifier files from /lustre/hpc/project/icecube/HE_Nu_Aske_Oct2024/clean_events_dict/22018/22018/reduced
2025-02-24 13:11:16 - INFO - Selected 4 CSV files covering event range [14014, 18434]
2025-02-24 13:11:16 - INFO - Loaded 174258 valid (RunID, EventID) pairs from CSV files
2025-02-24 13:11:16 - INFO - Extracted 23287 valid events based on pure neutrino events.
2025-02-24 13:11:16 - INFO - Initialized Muon13Filter filter for 22018/18
2025-02-24 13:11:17 - INFO - Extracted 29320 valid events where MuonFilter_13==True.
2025-02-24 13:11:17 - INFO - Initialized CCFilter filter for 22018/18
2025-02-24 13:11:17 - INFO - Extracted 28441 valid events which are CC interactions.
2025-02-24 13:11:17 - INFO - Initialized CompositeEventFilter filter for 22018/18
2025-02-24 13:11:17 - INFO - Initialized (CC_CRclean_MuonLike)
2025-02-24 13:11:17 - INFO - Starting filtering process for 22018/18
2025-02-24 13:11:17 - INFO - Starting filtering process for 22018/18
2025-02-24 13:11:17 - INFO - Recalculated 'offset' column based on 'N_doms' values within each 'shard_no' group.
2025-02-24 13:11:17 - INFO - Filtered truth file saved to: /lustre/hpc/project/icecube/HE_Nu_Aske_Oct2024/PMTfied_filtered/Snowstorm/CC_CRclean_MuonLike/22018/truth_18.parquet
2025-02-24 13:11:18 - INFO - Filtered PMTfied file saved to: /lustre/hpc/project/icecube/HE_Nu_Aske_Oct2024/PMTfied_filtered/Snowstorm/CC_CRclean_MuonLike/22018/18/PMTfied_9.parquet
2025-02-24 13:11:18 - INFO - Filtered PMTfied file saved to: /lustre/hpc/project/icecube/HE_Nu_Aske_Oct2024/PMTfied_filtered/Snowstorm/CC_CRclean_MuonLike/22018/18/PMTfied_1.parquet
2025-02-24 13:11:19 - INFO - Filtered PMTfied file saved to: /lustre/hpc/project/icecube/HE_Nu_Aske_Oct2024/PMTfied_filtered/Snowstorm/CC_CRclean_MuonLike/22018/18/PMTfied_5.parquet
2025-02-24 13:11:20 - INFO - Filtered PMTfied file saved to: /lustre/hpc/project/icecube/HE_Nu_Aske_Oct2024/PMTfied_filtered/Snowstorm/CC_CRclean_MuonLike/22018/18/PMTfied_12.parquet
2025-02-24 13:11:20 - INFO - Filtered PMTfied file saved to: /lustre/hpc/project/icecube/HE_Nu_Aske_Oct2024/PMTfied_filtered/Snowstorm/CC_CRclean_MuonLike/22018/18/PMTfied_16.parquet
2025-02-24 13:11:21 - INFO - Filtered PMTfied file saved to: /lustre/hpc/project/icecube/HE_Nu_Aske_Oct2024/PMTfied_filtered/Snowstorm/CC_CRclean_MuonLike/22018/18/PMTfied_4.parquet
2025-02-24 13:11:22 - INFO - Filtered PMTfied file saved to: /lustre/hpc/project/icecube/HE_Nu_Aske_Oct2024/PMTfied_filtered/Snowstorm/CC_CRclean_MuonLike/22018/18/PMTfied_8.parquet
2025-02-24 13:11:22 - INFO - Filtered PMTfied file saved to: /lustre/hpc/project/icecube/HE_Nu_Aske_Oct2024/PMTfied_filtered/Snowstorm/CC_CRclean_MuonLike/22018/18/PMTfied_13.parquet
2025-02-24 13:11:23 - INFO - Filtered PMTfied file saved to: /lustre/hpc/project/icecube/HE_Nu_Aske_Oct2024/PMTfied_filtered/Snowstorm/CC_CRclean_MuonLike/22018/18/PMTfied_17.parquet
2025-02-24 13:11:24 - INFO - Filtered PMTfied file saved to: /lustre/hpc/project/icecube/HE_Nu_Aske_Oct2024/PMTfied_filtered/Snowstorm/CC_CRclean_MuonLike/22018/18/PMTfied_2.parquet
2025-02-24 13:11:24 - INFO - Filtered PMTfied file saved to: /lustre/hpc/project/icecube/HE_Nu_Aske_Oct2024/PMTfied_filtered/Snowstorm/CC_CRclean_MuonLike/22018/18/PMTfied_6.parquet
2025-02-24 13:11:25 - INFO - Filtered PMTfied file saved to: /lustre/hpc/project/icecube/HE_Nu_Aske_Oct2024/PMTfied_filtered/Snowstorm/CC_CRclean_MuonLike/22018/18/PMTfied_11.parquet
2025-02-24 13:11:25 - INFO - Filtered PMTfied file saved to: /lustre/hpc/project/icecube/HE_Nu_Aske_Oct2024/PMTfied_filtered/Snowstorm/CC_CRclean_MuonLike/22018/18/PMTfied_15.parquet
2025-02-24 13:11:26 - INFO - Filtered PMTfied file saved to: /lustre/hpc/project/icecube/HE_Nu_Aske_Oct2024/PMTfied_filtered/Snowstorm/CC_CRclean_MuonLike/22018/18/PMTfied_3.parquet
2025-02-24 13:11:27 - INFO - Filtered PMTfied file saved to: /lustre/hpc/project/icecube/HE_Nu_Aske_Oct2024/PMTfied_filtered/Snowstorm/CC_CRclean_MuonLike/22018/18/PMTfied_7.parquet
2025-02-24 13:11:27 - INFO - Filtered PMTfied file saved to: /lustre/hpc/project/icecube/HE_Nu_Aske_Oct2024/PMTfied_filtered/Snowstorm/CC_CRclean_MuonLike/22018/18/PMTfied_10.parquet
2025-02-24 13:11:28 - INFO - Filtered PMTfied file saved to: /lustre/hpc/project/icecube/HE_Nu_Aske_Oct2024/PMTfied_filtered/Snowstorm/CC_CRclean_MuonLike/22018/18/PMTfied_14.parquet
2025-02-24 13:11:28 - INFO - Filtered PMTfied file saved to: /lustre/hpc/project/icecube/HE_Nu_Aske_Oct2024/PMTfied_filtered/Snowstorm/CC_CRclean_MuonLike/22018/18/PMTfied_18.parquet
2025-02-24 13:11:28 - INFO - Filtering process completed.
2025-02-24 13:11:28 - INFO - Filtering process completed.
2025-02-24 13:11:28 - INFO - Unified receipt generated: /lustre/hpc/project/icecube/HE_Nu_Aske_Oct2024/PMTfied_filtered/Snowstorm/CC_CRclean_MuonLike/22018/[Receipt]22018_18.json
2025-02-24 13:11:28 - INFO - Filtering process completed.
Job completed at Mon Feb 24 01:11:28 PM CET 2025
