Starting job at Sat Feb 15 12:58:49 PM CET 2025
Running Filter_by_part.py for subdirectory 22018, part 18
2025-02-15 12:58:50 - INFO - Event filtering process starts...
2025-02-15 12:58:50 - INFO - Initialized Muon13Filter filter for 22018/18
2025-02-15 12:58:50 - INFO - Extracted 29320 valid events where MuonFilter_13==True.
2025-02-15 12:58:50 - INFO - Initialized CompositeEventFilter filter for 22018/18
2025-02-15 12:58:50 - INFO - Initialized (MuonLike)
2025-02-15 12:58:50 - INFO - Starting filtering process for 22018/18
2025-02-15 12:58:50 - INFO - Starting filtering process for 22018/18
2025-02-15 12:58:51 - INFO - Recalculated 'offset' column based on filtered 'N_doms' values.
2025-02-15 12:58:51 - INFO - Filtered truth file saved to: /lustre/hpc/project/icecube/HE_Nu_Aske_Oct2024/PMTfied_filtered/Snowstorm/MuonLike/22018/truth_18.parquet
2025-02-15 12:58:53 - INFO - Filtered PMTfied file saved to: /lustre/hpc/project/icecube/HE_Nu_Aske_Oct2024/PMTfied_filtered/Snowstorm/MuonLike/22018/18/PMTfied_9.parquet
2025-02-15 12:58:54 - INFO - Filtered PMTfied file saved to: /lustre/hpc/project/icecube/HE_Nu_Aske_Oct2024/PMTfied_filtered/Snowstorm/MuonLike/22018/18/PMTfied_1.parquet
2025-02-15 12:58:55 - INFO - Filtered PMTfied file saved to: /lustre/hpc/project/icecube/HE_Nu_Aske_Oct2024/PMTfied_filtered/Snowstorm/MuonLike/22018/18/PMTfied_5.parquet
2025-02-15 12:58:56 - INFO - Filtered PMTfied file saved to: /lustre/hpc/project/icecube/HE_Nu_Aske_Oct2024/PMTfied_filtered/Snowstorm/MuonLike/22018/18/PMTfied_12.parquet
2025-02-15 12:58:58 - INFO - Filtered PMTfied file saved to: /lustre/hpc/project/icecube/HE_Nu_Aske_Oct2024/PMTfied_filtered/Snowstorm/MuonLike/22018/18/PMTfied_16.parquet
2025-02-15 12:58:59 - INFO - Filtered PMTfied file saved to: /lustre/hpc/project/icecube/HE_Nu_Aske_Oct2024/PMTfied_filtered/Snowstorm/MuonLike/22018/18/PMTfied_4.parquet
2025-02-15 12:59:00 - INFO - Filtered PMTfied file saved to: /lustre/hpc/project/icecube/HE_Nu_Aske_Oct2024/PMTfied_filtered/Snowstorm/MuonLike/22018/18/PMTfied_8.parquet
2025-02-15 12:59:02 - INFO - Filtered PMTfied file saved to: /lustre/hpc/project/icecube/HE_Nu_Aske_Oct2024/PMTfied_filtered/Snowstorm/MuonLike/22018/18/PMTfied_13.parquet
2025-02-15 12:59:03 - INFO - Filtered PMTfied file saved to: /lustre/hpc/project/icecube/HE_Nu_Aske_Oct2024/PMTfied_filtered/Snowstorm/MuonLike/22018/18/PMTfied_17.parquet
2025-02-15 12:59:04 - INFO - Filtered PMTfied file saved to: /lustre/hpc/project/icecube/HE_Nu_Aske_Oct2024/PMTfied_filtered/Snowstorm/MuonLike/22018/18/PMTfied_2.parquet
2025-02-15 12:59:05 - INFO - Filtered PMTfied file saved to: /lustre/hpc/project/icecube/HE_Nu_Aske_Oct2024/PMTfied_filtered/Snowstorm/MuonLike/22018/18/PMTfied_6.parquet
2025-02-15 12:59:07 - INFO - Filtered PMTfied file saved to: /lustre/hpc/project/icecube/HE_Nu_Aske_Oct2024/PMTfied_filtered/Snowstorm/MuonLike/22018/18/PMTfied_11.parquet
2025-02-15 12:59:08 - INFO - Filtered PMTfied file saved to: /lustre/hpc/project/icecube/HE_Nu_Aske_Oct2024/PMTfied_filtered/Snowstorm/MuonLike/22018/18/PMTfied_15.parquet
2025-02-15 12:59:09 - INFO - Filtered PMTfied file saved to: /lustre/hpc/project/icecube/HE_Nu_Aske_Oct2024/PMTfied_filtered/Snowstorm/MuonLike/22018/18/PMTfied_3.parquet
2025-02-15 12:59:10 - INFO - Filtered PMTfied file saved to: /lustre/hpc/project/icecube/HE_Nu_Aske_Oct2024/PMTfied_filtered/Snowstorm/MuonLike/22018/18/PMTfied_7.parquet
2025-02-15 12:59:12 - INFO - Filtered PMTfied file saved to: /lustre/hpc/project/icecube/HE_Nu_Aske_Oct2024/PMTfied_filtered/Snowstorm/MuonLike/22018/18/PMTfied_10.parquet
2025-02-15 12:59:13 - INFO - Filtered PMTfied file saved to: /lustre/hpc/project/icecube/HE_Nu_Aske_Oct2024/PMTfied_filtered/Snowstorm/MuonLike/22018/18/PMTfied_14.parquet
2025-02-15 12:59:13 - INFO - Filtered PMTfied file saved to: /lustre/hpc/project/icecube/HE_Nu_Aske_Oct2024/PMTfied_filtered/Snowstorm/MuonLike/22018/18/PMTfied_18.parquet
2025-02-15 12:59:13 - INFO - Filtering process completed.
2025-02-15 12:59:13 - INFO - Filtering process completed.
2025-02-15 12:59:13 - INFO - Unified receipt generated: /lustre/hpc/project/icecube/HE_Nu_Aske_Oct2024/PMTfied_filtered/Snowstorm/MuonLike/22018/[Receipt]22018_18.json
2025-02-15 12:59:13 - INFO - Filtering process completed.
Job completed at Sat Feb 15 12:59:13 PM CET 2025
