Starting job at Mon Feb 24 01:10:55 PM CET 2025
Running Filter_by_part.py for subdirectory 22018, part 9
2025-02-24 13:10:56 - INFO - Event filtering process starts...
2025-02-24 13:10:56 - INFO - Initialized PureNeutrinoEventFilter filter for 22018/9
2025-02-24 13:10:56 - INFO - Loaded 18 event specifier files from /lustre/hpc/project/icecube/HE_Nu_Aske_Oct2024/clean_events_dict/22018/22018/reduced
2025-02-24 13:10:56 - INFO - Selected 6 CSV files covering event range [4774, 9210]
2025-02-24 13:10:57 - INFO - Loaded 260667 valid (RunID, EventID) pairs from CSV files
2025-02-24 13:10:57 - INFO - Extracted 25224 valid events based on pure neutrino events.
2025-02-24 13:10:57 - INFO - Initialized Muon13Filter filter for 22018/9
2025-02-24 13:10:57 - INFO - Extracted 28873 valid events where MuonFilter_13==True.
2025-02-24 13:10:57 - INFO - Initialized CCFilter filter for 22018/9
2025-02-24 13:10:57 - INFO - Extracted 27956 valid events which are CC interactions.
2025-02-24 13:10:57 - INFO - Initialized CompositeEventFilter filter for 22018/9
2025-02-24 13:10:57 - INFO - Initialized (CC_CRclean_MuonLike)
2025-02-24 13:10:57 - INFO - Starting filtering process for 22018/9
2025-02-24 13:10:57 - INFO - Starting filtering process for 22018/9
2025-02-24 13:10:58 - INFO - Recalculated 'offset' column based on 'N_doms' values within each 'shard_no' group.
2025-02-24 13:10:58 - INFO - Filtered truth file saved to: /lustre/hpc/project/icecube/HE_Nu_Aske_Oct2024/PMTfied_filtered/Snowstorm/CC_CRclean_MuonLike/22018/truth_9.parquet
2025-02-24 13:11:00 - INFO - Filtered PMTfied file saved to: /lustre/hpc/project/icecube/HE_Nu_Aske_Oct2024/PMTfied_filtered/Snowstorm/CC_CRclean_MuonLike/22018/9/PMTfied_1.parquet
2025-02-24 13:11:01 - INFO - Filtered PMTfied file saved to: /lustre/hpc/project/icecube/HE_Nu_Aske_Oct2024/PMTfied_filtered/Snowstorm/CC_CRclean_MuonLike/22018/9/PMTfied_5.parquet
2025-02-24 13:11:02 - INFO - Filtered PMTfied file saved to: /lustre/hpc/project/icecube/HE_Nu_Aske_Oct2024/PMTfied_filtered/Snowstorm/CC_CRclean_MuonLike/22018/9/PMTfied_9.parquet
2025-02-24 13:11:03 - INFO - Filtered PMTfied file saved to: /lustre/hpc/project/icecube/HE_Nu_Aske_Oct2024/PMTfied_filtered/Snowstorm/CC_CRclean_MuonLike/22018/9/PMTfied_11.parquet
2025-02-24 13:11:04 - INFO - Filtered PMTfied file saved to: /lustre/hpc/project/icecube/HE_Nu_Aske_Oct2024/PMTfied_filtered/Snowstorm/CC_CRclean_MuonLike/22018/9/PMTfied_15.parquet
2025-02-24 13:11:06 - INFO - Filtered PMTfied file saved to: /lustre/hpc/project/icecube/HE_Nu_Aske_Oct2024/PMTfied_filtered/Snowstorm/CC_CRclean_MuonLike/22018/9/PMTfied_10.parquet
2025-02-24 13:11:07 - INFO - Filtered PMTfied file saved to: /lustre/hpc/project/icecube/HE_Nu_Aske_Oct2024/PMTfied_filtered/Snowstorm/CC_CRclean_MuonLike/22018/9/PMTfied_14.parquet
2025-02-24 13:11:08 - INFO - Filtered PMTfied file saved to: /lustre/hpc/project/icecube/HE_Nu_Aske_Oct2024/PMTfied_filtered/Snowstorm/CC_CRclean_MuonLike/22018/9/PMTfied_8.parquet
2025-02-24 13:11:09 - INFO - Filtered PMTfied file saved to: /lustre/hpc/project/icecube/HE_Nu_Aske_Oct2024/PMTfied_filtered/Snowstorm/CC_CRclean_MuonLike/22018/9/PMTfied_4.parquet
2025-02-24 13:11:10 - INFO - Filtered PMTfied file saved to: /lustre/hpc/project/icecube/HE_Nu_Aske_Oct2024/PMTfied_filtered/Snowstorm/CC_CRclean_MuonLike/22018/9/PMTfied_12.parquet
2025-02-24 13:11:11 - INFO - Filtered PMTfied file saved to: /lustre/hpc/project/icecube/HE_Nu_Aske_Oct2024/PMTfied_filtered/Snowstorm/CC_CRclean_MuonLike/22018/9/PMTfied_16.parquet
2025-02-24 13:11:13 - INFO - Filtered PMTfied file saved to: /lustre/hpc/project/icecube/HE_Nu_Aske_Oct2024/PMTfied_filtered/Snowstorm/CC_CRclean_MuonLike/22018/9/PMTfied_2.parquet
2025-02-24 13:11:14 - INFO - Filtered PMTfied file saved to: /lustre/hpc/project/icecube/HE_Nu_Aske_Oct2024/PMTfied_filtered/Snowstorm/CC_CRclean_MuonLike/22018/9/PMTfied_6.parquet
2025-02-24 13:11:15 - INFO - Filtered PMTfied file saved to: /lustre/hpc/project/icecube/HE_Nu_Aske_Oct2024/PMTfied_filtered/Snowstorm/CC_CRclean_MuonLike/22018/9/PMTfied_3.parquet
2025-02-24 13:11:16 - INFO - Filtered PMTfied file saved to: /lustre/hpc/project/icecube/HE_Nu_Aske_Oct2024/PMTfied_filtered/Snowstorm/CC_CRclean_MuonLike/22018/9/PMTfied_7.parquet
2025-02-24 13:11:17 - INFO - Filtered PMTfied file saved to: /lustre/hpc/project/icecube/HE_Nu_Aske_Oct2024/PMTfied_filtered/Snowstorm/CC_CRclean_MuonLike/22018/9/PMTfied_13.parquet
2025-02-24 13:11:18 - INFO - Filtered PMTfied file saved to: /lustre/hpc/project/icecube/HE_Nu_Aske_Oct2024/PMTfied_filtered/Snowstorm/CC_CRclean_MuonLike/22018/9/PMTfied_17.parquet
2025-02-24 13:11:18 - INFO - Filtering process completed.
2025-02-24 13:11:18 - INFO - Filtering process completed.
2025-02-24 13:11:18 - INFO - Unified receipt generated: /lustre/hpc/project/icecube/HE_Nu_Aske_Oct2024/PMTfied_filtered/Snowstorm/CC_CRclean_MuonLike/22018/[Receipt]22018_9.json
2025-02-24 13:11:18 - INFO - Filtering process completed.
Job completed at Mon Feb 24 01:11:18 PM CET 2025
