Starting job at Sat Feb 15 12:08:07 PM CET 2025
Running Filter_by_part.py for subdirectory 22018, part 16
2025-02-15 12:08:08 - INFO - Event filtering process starts...
2025-02-15 12:08:08 - INFO - Initialized PureNeutrinoEventFilter filter for 22018/16
2025-02-15 12:08:08 - INFO - Loaded 18 event specifier files from /lustre/hpc/project/icecube/HE_Nu_Aske_Oct2024/clean_events_dict/22018/22018/reduced
2025-02-15 12:08:08 - INFO - Selected 9 CSV files covering event range [9974, 18346]
2025-02-15 12:08:09 - INFO - Loaded 390935 valid (RunID, EventID) pairs from CSV files
2025-02-15 12:08:09 - INFO - Extracted 25207 valid events based on pure neutrino events.
2025-02-15 12:08:09 - INFO - Initialized CompositeEventFilter filter for 22018/16
2025-02-15 12:08:09 - INFO - Initialized (PureNu)
2025-02-15 12:08:09 - INFO - Starting filtering process for 22018/16
2025-02-15 12:08:09 - INFO - Starting filtering process for 22018/16
2025-02-15 12:08:10 - INFO - Recalculated 'offset' column based on filtered 'N_doms' values.
2025-02-15 12:08:10 - INFO - Filtered truth file saved to: /lustre/hpc/project/icecube/HE_Nu_Aske_Oct2024/PMTfied_filtered/Snowstorm/PureNu/22018/truth_16.parquet
2025-02-15 12:08:11 - INFO - Filtered PMTfied file saved to: /lustre/hpc/project/icecube/HE_Nu_Aske_Oct2024/PMTfied_filtered/Snowstorm/PureNu/22018/16/PMTfied_8.parquet
2025-02-15 12:08:13 - INFO - Filtered PMTfied file saved to: /lustre/hpc/project/icecube/HE_Nu_Aske_Oct2024/PMTfied_filtered/Snowstorm/PureNu/22018/16/PMTfied_4.parquet
2025-02-15 12:08:14 - INFO - Filtered PMTfied file saved to: /lustre/hpc/project/icecube/HE_Nu_Aske_Oct2024/PMTfied_filtered/Snowstorm/PureNu/22018/16/PMTfied_11.parquet
2025-02-15 12:08:15 - INFO - Filtered PMTfied file saved to: /lustre/hpc/project/icecube/HE_Nu_Aske_Oct2024/PMTfied_filtered/Snowstorm/PureNu/22018/16/PMTfied_15.parquet
2025-02-15 12:08:17 - INFO - Filtered PMTfied file saved to: /lustre/hpc/project/icecube/HE_Nu_Aske_Oct2024/PMTfied_filtered/Snowstorm/PureNu/22018/16/PMTfied_10.parquet
2025-02-15 12:08:18 - INFO - Filtered PMTfied file saved to: /lustre/hpc/project/icecube/HE_Nu_Aske_Oct2024/PMTfied_filtered/Snowstorm/PureNu/22018/16/PMTfied_14.parquet
2025-02-15 12:08:18 - INFO - Filtered PMTfied file saved to: /lustre/hpc/project/icecube/HE_Nu_Aske_Oct2024/PMTfied_filtered/Snowstorm/PureNu/22018/16/PMTfied_18.parquet
2025-02-15 12:08:19 - INFO - Filtered PMTfied file saved to: /lustre/hpc/project/icecube/HE_Nu_Aske_Oct2024/PMTfied_filtered/Snowstorm/PureNu/22018/16/PMTfied_5.parquet
2025-02-15 12:08:20 - INFO - Filtered PMTfied file saved to: /lustre/hpc/project/icecube/HE_Nu_Aske_Oct2024/PMTfied_filtered/Snowstorm/PureNu/22018/16/PMTfied_1.parquet
2025-02-15 12:08:22 - INFO - Filtered PMTfied file saved to: /lustre/hpc/project/icecube/HE_Nu_Aske_Oct2024/PMTfied_filtered/Snowstorm/PureNu/22018/16/PMTfied_9.parquet
2025-02-15 12:08:23 - INFO - Filtered PMTfied file saved to: /lustre/hpc/project/icecube/HE_Nu_Aske_Oct2024/PMTfied_filtered/Snowstorm/PureNu/22018/16/PMTfied_12.parquet
2025-02-15 12:08:24 - INFO - Filtered PMTfied file saved to: /lustre/hpc/project/icecube/HE_Nu_Aske_Oct2024/PMTfied_filtered/Snowstorm/PureNu/22018/16/PMTfied_16.parquet
2025-02-15 12:08:26 - INFO - Filtered PMTfied file saved to: /lustre/hpc/project/icecube/HE_Nu_Aske_Oct2024/PMTfied_filtered/Snowstorm/PureNu/22018/16/PMTfied_7.parquet
2025-02-15 12:08:27 - INFO - Filtered PMTfied file saved to: /lustre/hpc/project/icecube/HE_Nu_Aske_Oct2024/PMTfied_filtered/Snowstorm/PureNu/22018/16/PMTfied_3.parquet
2025-02-15 12:08:29 - INFO - Filtered PMTfied file saved to: /lustre/hpc/project/icecube/HE_Nu_Aske_Oct2024/PMTfied_filtered/Snowstorm/PureNu/22018/16/PMTfied_6.parquet
2025-02-15 12:08:30 - INFO - Filtered PMTfied file saved to: /lustre/hpc/project/icecube/HE_Nu_Aske_Oct2024/PMTfied_filtered/Snowstorm/PureNu/22018/16/PMTfied_2.parquet
2025-02-15 12:08:31 - INFO - Filtered PMTfied file saved to: /lustre/hpc/project/icecube/HE_Nu_Aske_Oct2024/PMTfied_filtered/Snowstorm/PureNu/22018/16/PMTfied_13.parquet
2025-02-15 12:08:32 - INFO - Filtered PMTfied file saved to: /lustre/hpc/project/icecube/HE_Nu_Aske_Oct2024/PMTfied_filtered/Snowstorm/PureNu/22018/16/PMTfied_17.parquet
2025-02-15 12:08:32 - INFO - Filtering process completed.
2025-02-15 12:08:32 - INFO - Filtering process completed.
2025-02-15 12:08:32 - INFO - Unified receipt generated: /lustre/hpc/project/icecube/HE_Nu_Aske_Oct2024/PMTfied_filtered/Snowstorm/PureNu/22018/[Receipt]22018_16.json
2025-02-15 12:08:32 - INFO - Filtering process completed.
Job completed at Sat Feb 15 12:08:33 PM CET 2025
