Starting job at Mon Feb 17 04:11:59 PM CET 2025
Running Filter_by_part.py for subdirectory 22018, part 8
2025-02-17 16:12:00 - INFO - Event filtering process starts...
2025-02-17 16:12:00 - INFO - Initialized Muon13Filter filter for 22018/8
2025-02-17 16:12:00 - INFO - Extracted 29476 valid events where MuonFilter_13==True.
2025-02-17 16:12:00 - INFO - Initialized CompositeEventFilter filter for 22018/8
2025-02-17 16:12:00 - INFO - Initialized (MuonLike)
2025-02-17 16:12:00 - INFO - Starting filtering process for 22018/8
2025-02-17 16:12:00 - INFO - Starting filtering process for 22018/8
2025-02-17 16:12:01 - INFO - Recalculated 'offset' column based on 'N_doms' values within each 'shard_no' group.
2025-02-17 16:12:02 - INFO - Filtered truth file saved to: /lustre/hpc/project/icecube/HE_Nu_Aske_Oct2024/PMTfied_filtered/Snowstorm/MuonLike/22018/truth_8.parquet
2025-02-17 16:12:03 - INFO - Filtered PMTfied file saved to: /lustre/hpc/project/icecube/HE_Nu_Aske_Oct2024/PMTfied_filtered/Snowstorm/MuonLike/22018/8/PMTfied_4.parquet
2025-02-17 16:12:05 - INFO - Filtered PMTfied file saved to: /lustre/hpc/project/icecube/HE_Nu_Aske_Oct2024/PMTfied_filtered/Snowstorm/MuonLike/22018/8/PMTfied_8.parquet
2025-02-17 16:12:09 - INFO - Filtered PMTfied file saved to: /lustre/hpc/project/icecube/HE_Nu_Aske_Oct2024/PMTfied_filtered/Snowstorm/MuonLike/22018/8/PMTfied_12.parquet
2025-02-17 16:12:10 - INFO - Filtered PMTfied file saved to: /lustre/hpc/project/icecube/HE_Nu_Aske_Oct2024/PMTfied_filtered/Snowstorm/MuonLike/22018/8/PMTfied_16.parquet
2025-02-17 16:12:12 - INFO - Filtered PMTfied file saved to: /lustre/hpc/project/icecube/HE_Nu_Aske_Oct2024/PMTfied_filtered/Snowstorm/MuonLike/22018/8/PMTfied_9.parquet
2025-02-17 16:12:13 - INFO - Filtered PMTfied file saved to: /lustre/hpc/project/icecube/HE_Nu_Aske_Oct2024/PMTfied_filtered/Snowstorm/MuonLike/22018/8/PMTfied_13.parquet
2025-02-17 16:12:15 - INFO - Filtered PMTfied file saved to: /lustre/hpc/project/icecube/HE_Nu_Aske_Oct2024/PMTfied_filtered/Snowstorm/MuonLike/22018/8/PMTfied_17.parquet
2025-02-17 16:12:16 - INFO - Filtered PMTfied file saved to: /lustre/hpc/project/icecube/HE_Nu_Aske_Oct2024/PMTfied_filtered/Snowstorm/MuonLike/22018/8/PMTfied_5.parquet
2025-02-17 16:12:17 - INFO - Filtered PMTfied file saved to: /lustre/hpc/project/icecube/HE_Nu_Aske_Oct2024/PMTfied_filtered/Snowstorm/MuonLike/22018/8/PMTfied_1.parquet
2025-02-17 16:12:19 - INFO - Filtered PMTfied file saved to: /lustre/hpc/project/icecube/HE_Nu_Aske_Oct2024/PMTfied_filtered/Snowstorm/MuonLike/22018/8/PMTfied_11.parquet
2025-02-17 16:12:20 - INFO - Filtered PMTfied file saved to: /lustre/hpc/project/icecube/HE_Nu_Aske_Oct2024/PMTfied_filtered/Snowstorm/MuonLike/22018/8/PMTfied_15.parquet
2025-02-17 16:12:21 - INFO - Filtered PMTfied file saved to: /lustre/hpc/project/icecube/HE_Nu_Aske_Oct2024/PMTfied_filtered/Snowstorm/MuonLike/22018/8/PMTfied_7.parquet
2025-02-17 16:12:23 - INFO - Filtered PMTfied file saved to: /lustre/hpc/project/icecube/HE_Nu_Aske_Oct2024/PMTfied_filtered/Snowstorm/MuonLike/22018/8/PMTfied_3.parquet
2025-02-17 16:12:24 - INFO - Filtered PMTfied file saved to: /lustre/hpc/project/icecube/HE_Nu_Aske_Oct2024/PMTfied_filtered/Snowstorm/MuonLike/22018/8/PMTfied_6.parquet
2025-02-17 16:12:25 - INFO - Filtered PMTfied file saved to: /lustre/hpc/project/icecube/HE_Nu_Aske_Oct2024/PMTfied_filtered/Snowstorm/MuonLike/22018/8/PMTfied_2.parquet
2025-02-17 16:12:26 - INFO - Filtered PMTfied file saved to: /lustre/hpc/project/icecube/HE_Nu_Aske_Oct2024/PMTfied_filtered/Snowstorm/MuonLike/22018/8/PMTfied_18.parquet
2025-02-17 16:12:27 - INFO - Filtered PMTfied file saved to: /lustre/hpc/project/icecube/HE_Nu_Aske_Oct2024/PMTfied_filtered/Snowstorm/MuonLike/22018/8/PMTfied_10.parquet
2025-02-17 16:12:29 - INFO - Filtered PMTfied file saved to: /lustre/hpc/project/icecube/HE_Nu_Aske_Oct2024/PMTfied_filtered/Snowstorm/MuonLike/22018/8/PMTfied_14.parquet
2025-02-17 16:12:29 - INFO - Filtering process completed.
2025-02-17 16:12:29 - INFO - Filtering process completed.
2025-02-17 16:12:29 - INFO - Unified receipt generated: /lustre/hpc/project/icecube/HE_Nu_Aske_Oct2024/PMTfied_filtered/Snowstorm/MuonLike/22018/[Receipt]22018_8.json
2025-02-17 16:12:29 - INFO - Filtering process completed.
Job completed at Mon Feb 17 04:12:29 PM CET 2025
