Starting job at Sat Feb 15 12:57:53 PM CET 2025
Running Filter_by_part.py for subdirectory 22018, part 2
2025-02-15 12:57:53 - INFO - Event filtering process starts...
2025-02-15 12:57:53 - INFO - Initialized Muon13Filter filter for 22018/2
2025-02-15 12:57:54 - INFO - Extracted 29419 valid events where MuonFilter_13==True.
2025-02-15 12:57:54 - INFO - Initialized CompositeEventFilter filter for 22018/2
2025-02-15 12:57:54 - INFO - Initialized (MuonLike)
2025-02-15 12:57:54 - INFO - Starting filtering process for 22018/2
2025-02-15 12:57:54 - INFO - Starting filtering process for 22018/2
2025-02-15 12:57:55 - INFO - Recalculated 'offset' column based on filtered 'N_doms' values.
2025-02-15 12:57:55 - INFO - Filtered truth file saved to: /lustre/hpc/project/icecube/HE_Nu_Aske_Oct2024/PMTfied_filtered/Snowstorm/MuonLike/22018/truth_2.parquet
2025-02-15 12:57:56 - INFO - Filtered PMTfied file saved to: /lustre/hpc/project/icecube/HE_Nu_Aske_Oct2024/PMTfied_filtered/Snowstorm/MuonLike/22018/2/PMTfied_8.parquet
2025-02-15 12:57:58 - INFO - Filtered PMTfied file saved to: /lustre/hpc/project/icecube/HE_Nu_Aske_Oct2024/PMTfied_filtered/Snowstorm/MuonLike/22018/2/PMTfied_4.parquet
2025-02-15 12:57:59 - INFO - Filtered PMTfied file saved to: /lustre/hpc/project/icecube/HE_Nu_Aske_Oct2024/PMTfied_filtered/Snowstorm/MuonLike/22018/2/PMTfied_13.parquet
2025-02-15 12:58:01 - INFO - Filtered PMTfied file saved to: /lustre/hpc/project/icecube/HE_Nu_Aske_Oct2024/PMTfied_filtered/Snowstorm/MuonLike/22018/2/PMTfied_17.parquet
2025-02-15 12:58:02 - INFO - Filtered PMTfied file saved to: /lustre/hpc/project/icecube/HE_Nu_Aske_Oct2024/PMTfied_filtered/Snowstorm/MuonLike/22018/2/PMTfied_1.parquet
2025-02-15 12:58:03 - INFO - Filtered PMTfied file saved to: /lustre/hpc/project/icecube/HE_Nu_Aske_Oct2024/PMTfied_filtered/Snowstorm/MuonLike/22018/2/PMTfied_5.parquet
2025-02-15 12:58:05 - INFO - Filtered PMTfied file saved to: /lustre/hpc/project/icecube/HE_Nu_Aske_Oct2024/PMTfied_filtered/Snowstorm/MuonLike/22018/2/PMTfied_9.parquet
2025-02-15 12:58:06 - INFO - Filtered PMTfied file saved to: /lustre/hpc/project/icecube/HE_Nu_Aske_Oct2024/PMTfied_filtered/Snowstorm/MuonLike/22018/2/PMTfied_12.parquet
2025-02-15 12:58:07 - INFO - Filtered PMTfied file saved to: /lustre/hpc/project/icecube/HE_Nu_Aske_Oct2024/PMTfied_filtered/Snowstorm/MuonLike/22018/2/PMTfied_16.parquet
2025-02-15 12:58:09 - INFO - Filtered PMTfied file saved to: /lustre/hpc/project/icecube/HE_Nu_Aske_Oct2024/PMTfied_filtered/Snowstorm/MuonLike/22018/2/PMTfied_10.parquet
2025-02-15 12:58:10 - INFO - Filtered PMTfied file saved to: /lustre/hpc/project/icecube/HE_Nu_Aske_Oct2024/PMTfied_filtered/Snowstorm/MuonLike/22018/2/PMTfied_14.parquet
2025-02-15 12:58:10 - INFO - Filtered PMTfied file saved to: /lustre/hpc/project/icecube/HE_Nu_Aske_Oct2024/PMTfied_filtered/Snowstorm/MuonLike/22018/2/PMTfied_18.parquet
2025-02-15 12:58:12 - INFO - Filtered PMTfied file saved to: /lustre/hpc/project/icecube/HE_Nu_Aske_Oct2024/PMTfied_filtered/Snowstorm/MuonLike/22018/2/PMTfied_3.parquet
2025-02-15 12:58:13 - INFO - Filtered PMTfied file saved to: /lustre/hpc/project/icecube/HE_Nu_Aske_Oct2024/PMTfied_filtered/Snowstorm/MuonLike/22018/2/PMTfied_7.parquet
2025-02-15 12:58:14 - INFO - Filtered PMTfied file saved to: /lustre/hpc/project/icecube/HE_Nu_Aske_Oct2024/PMTfied_filtered/Snowstorm/MuonLike/22018/2/PMTfied_11.parquet
2025-02-15 12:58:15 - INFO - Filtered PMTfied file saved to: /lustre/hpc/project/icecube/HE_Nu_Aske_Oct2024/PMTfied_filtered/Snowstorm/MuonLike/22018/2/PMTfied_15.parquet
2025-02-15 12:58:17 - INFO - Filtered PMTfied file saved to: /lustre/hpc/project/icecube/HE_Nu_Aske_Oct2024/PMTfied_filtered/Snowstorm/MuonLike/22018/2/PMTfied_2.parquet
2025-02-15 12:58:18 - INFO - Filtered PMTfied file saved to: /lustre/hpc/project/icecube/HE_Nu_Aske_Oct2024/PMTfied_filtered/Snowstorm/MuonLike/22018/2/PMTfied_6.parquet
2025-02-15 12:58:18 - INFO - Filtering process completed.
2025-02-15 12:58:18 - INFO - Filtering process completed.
2025-02-15 12:58:18 - INFO - Unified receipt generated: /lustre/hpc/project/icecube/HE_Nu_Aske_Oct2024/PMTfied_filtered/Snowstorm/MuonLike/22018/[Receipt]22018_2.json
2025-02-15 12:58:18 - INFO - Filtering process completed.
Job completed at Sat Feb 15 12:58:18 PM CET 2025
