Starting job at Mon Feb 17 04:12:20 PM CET 2025
Running Filter_by_part.py for subdirectory 22018, part 15
2025-02-17 16:12:20 - INFO - Event filtering process starts...
2025-02-17 16:12:20 - INFO - Initialized Muon13Filter filter for 22018/15
2025-02-17 16:12:21 - INFO - Extracted 28811 valid events where MuonFilter_13==True.
2025-02-17 16:12:21 - INFO - Initialized CompositeEventFilter filter for 22018/15
2025-02-17 16:12:21 - INFO - Initialized (MuonLike)
2025-02-17 16:12:21 - INFO - Starting filtering process for 22018/15
2025-02-17 16:12:21 - INFO - Starting filtering process for 22018/15
2025-02-17 16:12:21 - INFO - Recalculated 'offset' column based on 'N_doms' values within each 'shard_no' group.
2025-02-17 16:12:21 - INFO - Filtered truth file saved to: /lustre/hpc/project/icecube/HE_Nu_Aske_Oct2024/PMTfied_filtered/Snowstorm/MuonLike/22018/truth_15.parquet
2025-02-17 16:12:22 - INFO - Filtered PMTfied file saved to: /lustre/hpc/project/icecube/HE_Nu_Aske_Oct2024/PMTfied_filtered/Snowstorm/MuonLike/22018/15/PMTfied_17.parquet
2025-02-17 16:12:23 - INFO - Filtered PMTfied file saved to: /lustre/hpc/project/icecube/HE_Nu_Aske_Oct2024/PMTfied_filtered/Snowstorm/MuonLike/22018/15/PMTfied_13.parquet
2025-02-17 16:12:23 - INFO - Filtered PMTfied file saved to: /lustre/hpc/project/icecube/HE_Nu_Aske_Oct2024/PMTfied_filtered/Snowstorm/MuonLike/22018/15/PMTfied_8.parquet
2025-02-17 16:12:24 - INFO - Filtered PMTfied file saved to: /lustre/hpc/project/icecube/HE_Nu_Aske_Oct2024/PMTfied_filtered/Snowstorm/MuonLike/22018/15/PMTfied_4.parquet
2025-02-17 16:12:24 - INFO - Filtered PMTfied file saved to: /lustre/hpc/project/icecube/HE_Nu_Aske_Oct2024/PMTfied_filtered/Snowstorm/MuonLike/22018/15/PMTfied_1.parquet
2025-02-17 16:12:25 - INFO - Filtered PMTfied file saved to: /lustre/hpc/project/icecube/HE_Nu_Aske_Oct2024/PMTfied_filtered/Snowstorm/MuonLike/22018/15/PMTfied_5.parquet
2025-02-17 16:12:25 - INFO - Filtered PMTfied file saved to: /lustre/hpc/project/icecube/HE_Nu_Aske_Oct2024/PMTfied_filtered/Snowstorm/MuonLike/22018/15/PMTfied_9.parquet
2025-02-17 16:12:26 - INFO - Filtered PMTfied file saved to: /lustre/hpc/project/icecube/HE_Nu_Aske_Oct2024/PMTfied_filtered/Snowstorm/MuonLike/22018/15/PMTfied_16.parquet
2025-02-17 16:12:27 - INFO - Filtered PMTfied file saved to: /lustre/hpc/project/icecube/HE_Nu_Aske_Oct2024/PMTfied_filtered/Snowstorm/MuonLike/22018/15/PMTfied_12.parquet
2025-02-17 16:12:27 - INFO - Filtered PMTfied file saved to: /lustre/hpc/project/icecube/HE_Nu_Aske_Oct2024/PMTfied_filtered/Snowstorm/MuonLike/22018/15/PMTfied_3.parquet
2025-02-17 16:12:28 - INFO - Filtered PMTfied file saved to: /lustre/hpc/project/icecube/HE_Nu_Aske_Oct2024/PMTfied_filtered/Snowstorm/MuonLike/22018/15/PMTfied_7.parquet
2025-02-17 16:12:28 - INFO - Filtered PMTfied file saved to: /lustre/hpc/project/icecube/HE_Nu_Aske_Oct2024/PMTfied_filtered/Snowstorm/MuonLike/22018/15/PMTfied_14.parquet
2025-02-17 16:12:29 - INFO - Filtered PMTfied file saved to: /lustre/hpc/project/icecube/HE_Nu_Aske_Oct2024/PMTfied_filtered/Snowstorm/MuonLike/22018/15/PMTfied_10.parquet
2025-02-17 16:12:29 - INFO - Filtered PMTfied file saved to: /lustre/hpc/project/icecube/HE_Nu_Aske_Oct2024/PMTfied_filtered/Snowstorm/MuonLike/22018/15/PMTfied_15.parquet
2025-02-17 16:12:30 - INFO - Filtered PMTfied file saved to: /lustre/hpc/project/icecube/HE_Nu_Aske_Oct2024/PMTfied_filtered/Snowstorm/MuonLike/22018/15/PMTfied_11.parquet
2025-02-17 16:12:31 - INFO - Filtered PMTfied file saved to: /lustre/hpc/project/icecube/HE_Nu_Aske_Oct2024/PMTfied_filtered/Snowstorm/MuonLike/22018/15/PMTfied_2.parquet
2025-02-17 16:12:31 - INFO - Filtered PMTfied file saved to: /lustre/hpc/project/icecube/HE_Nu_Aske_Oct2024/PMTfied_filtered/Snowstorm/MuonLike/22018/15/PMTfied_6.parquet
2025-02-17 16:12:31 - INFO - Filtering process completed.
2025-02-17 16:12:31 - INFO - Filtering process completed.
2025-02-17 16:12:31 - INFO - Unified receipt generated: /lustre/hpc/project/icecube/HE_Nu_Aske_Oct2024/PMTfied_filtered/Snowstorm/MuonLike/22018/[Receipt]22018_15.json
2025-02-17 16:12:31 - INFO - Filtering process completed.
Job completed at Mon Feb 17 04:12:31 PM CET 2025
