Starting job at Thu Feb 13 05:15:10 PM CET 2025
Running Filter_by_part.py for subdirectory 22018, part 9
2025-02-13 17:15:11 - INFO - Event filtering process starts...
2025-02-13 17:15:11 - INFO - Initialized Muon13Filter
2025-02-13 17:15:11 - INFO - Starting filtering process for 22018/9
2025-02-13 17:15:12 - INFO - Recalculated 'offset' column based on filtered 'N_doms' values.
2025-02-13 17:15:12 - INFO - Filtered truth file saved to: /lustre/hpc/project/icecube/HE_Nu_Aske_Oct2024/PMTfied_filtered/MuonLike/Snowstorm/22018/truth_9.parquet
2025-02-13 17:15:12 - INFO - Receipt file saved to: /lustre/hpc/project/icecube/HE_Nu_Aske_Oct2024/PMTfied_filtered/MuonLike/Snowstorm/22018/[Receipt]22018_9.json
2025-02-13 17:15:14 - INFO - Filtered PMTfied file saved to: /lustre/hpc/project/icecube/HE_Nu_Aske_Oct2024/PMTfied_filtered/MuonLike/Snowstorm/22018/9/PMTfied_1.parquet
2025-02-13 17:15:15 - INFO - Filtered PMTfied file saved to: /lustre/hpc/project/icecube/HE_Nu_Aske_Oct2024/PMTfied_filtered/MuonLike/Snowstorm/22018/9/PMTfied_5.parquet
2025-02-13 17:15:17 - INFO - Filtered PMTfied file saved to: /lustre/hpc/project/icecube/HE_Nu_Aske_Oct2024/PMTfied_filtered/MuonLike/Snowstorm/22018/9/PMTfied_9.parquet
2025-02-13 17:15:18 - INFO - Filtered PMTfied file saved to: /lustre/hpc/project/icecube/HE_Nu_Aske_Oct2024/PMTfied_filtered/MuonLike/Snowstorm/22018/9/PMTfied_11.parquet
2025-02-13 17:15:19 - INFO - Filtered PMTfied file saved to: /lustre/hpc/project/icecube/HE_Nu_Aske_Oct2024/PMTfied_filtered/MuonLike/Snowstorm/22018/9/PMTfied_15.parquet
2025-02-13 17:15:21 - INFO - Filtered PMTfied file saved to: /lustre/hpc/project/icecube/HE_Nu_Aske_Oct2024/PMTfied_filtered/MuonLike/Snowstorm/22018/9/PMTfied_10.parquet
2025-02-13 17:15:22 - INFO - Filtered PMTfied file saved to: /lustre/hpc/project/icecube/HE_Nu_Aske_Oct2024/PMTfied_filtered/MuonLike/Snowstorm/22018/9/PMTfied_14.parquet
2025-02-13 17:15:23 - INFO - Filtered PMTfied file saved to: /lustre/hpc/project/icecube/HE_Nu_Aske_Oct2024/PMTfied_filtered/MuonLike/Snowstorm/22018/9/PMTfied_8.parquet
2025-02-13 17:15:25 - INFO - Filtered PMTfied file saved to: /lustre/hpc/project/icecube/HE_Nu_Aske_Oct2024/PMTfied_filtered/MuonLike/Snowstorm/22018/9/PMTfied_4.parquet
2025-02-13 17:15:26 - INFO - Filtered PMTfied file saved to: /lustre/hpc/project/icecube/HE_Nu_Aske_Oct2024/PMTfied_filtered/MuonLike/Snowstorm/22018/9/PMTfied_12.parquet
2025-02-13 17:15:27 - INFO - Filtered PMTfied file saved to: /lustre/hpc/project/icecube/HE_Nu_Aske_Oct2024/PMTfied_filtered/MuonLike/Snowstorm/22018/9/PMTfied_16.parquet
2025-02-13 17:15:29 - INFO - Filtered PMTfied file saved to: /lustre/hpc/project/icecube/HE_Nu_Aske_Oct2024/PMTfied_filtered/MuonLike/Snowstorm/22018/9/PMTfied_2.parquet
2025-02-13 17:15:30 - INFO - Filtered PMTfied file saved to: /lustre/hpc/project/icecube/HE_Nu_Aske_Oct2024/PMTfied_filtered/MuonLike/Snowstorm/22018/9/PMTfied_6.parquet
2025-02-13 17:15:31 - INFO - Filtered PMTfied file saved to: /lustre/hpc/project/icecube/HE_Nu_Aske_Oct2024/PMTfied_filtered/MuonLike/Snowstorm/22018/9/PMTfied_3.parquet
2025-02-13 17:15:33 - INFO - Filtered PMTfied file saved to: /lustre/hpc/project/icecube/HE_Nu_Aske_Oct2024/PMTfied_filtered/MuonLike/Snowstorm/22018/9/PMTfied_7.parquet
2025-02-13 17:15:34 - INFO - Filtered PMTfied file saved to: /lustre/hpc/project/icecube/HE_Nu_Aske_Oct2024/PMTfied_filtered/MuonLike/Snowstorm/22018/9/PMTfied_13.parquet
2025-02-13 17:15:35 - INFO - Filtered PMTfied file saved to: /lustre/hpc/project/icecube/HE_Nu_Aske_Oct2024/PMTfied_filtered/MuonLike/Snowstorm/22018/9/PMTfied_17.parquet
2025-02-13 17:15:35 - INFO - Filtering process completed.
2025-02-13 17:15:35 - INFO - Filtering process completed for all selected filters.
2025-02-13 17:15:35 - INFO - Execution time: 24.95 seconds
2025-02-13 17:15:36 - INFO - Updated receipt with execution time: /lustre/hpc/project/icecube/HE_Nu_Aske_Oct2024/PMTfied_filtered/MuonLike/Snowstorm/22018/[Receipt]22018_9.json
Job completed at Thu Feb 13 05:15:36 PM CET 2025
