Starting job at Sat Feb 15 12:13:36 PM CET 2025
Running Filter_by_part.py for subdirectory 22018, part 17
2025-02-15 12:13:36 - INFO - Event filtering process starts...
2025-02-15 12:13:36 - INFO - Initialized PureNeutrinoEventFilter filter for 22018/17
2025-02-15 12:13:36 - INFO - Loaded 18 event specifier files from /lustre/hpc/project/icecube/HE_Nu_Aske_Oct2024/clean_events_dict/22018/22018/reduced
2025-02-15 12:13:37 - INFO - Selected 5 CSV files covering event range [13984, 18390]
2025-02-15 12:13:37 - INFO - Loaded 217599 valid (RunID, EventID) pairs from CSV files
2025-02-15 12:13:37 - INFO - Extracted 22894 valid events based on pure neutrino events.
2025-02-15 12:13:37 - INFO - Initialized CompositeEventFilter filter for 22018/17
2025-02-15 12:13:37 - INFO - Initialized (PureNu)
2025-02-15 12:13:37 - INFO - Starting filtering process for 22018/17
2025-02-15 12:13:37 - INFO - Starting filtering process for 22018/17
2025-02-15 12:13:38 - INFO - Recalculated 'offset' column based on filtered 'N_doms' values.
2025-02-15 12:13:38 - INFO - Filtered truth file saved to: /lustre/hpc/project/icecube/HE_Nu_Aske_Oct2024/PMTfied_filtered/Snowstorm/PureNu/22018/truth_17.parquet
2025-02-15 12:13:39 - INFO - Filtered PMTfied file saved to: /lustre/hpc/project/icecube/HE_Nu_Aske_Oct2024/PMTfied_filtered/Snowstorm/PureNu/22018/17/PMTfied_5.parquet
2025-02-15 12:13:39 - INFO - Filtered PMTfied file saved to: /lustre/hpc/project/icecube/HE_Nu_Aske_Oct2024/PMTfied_filtered/Snowstorm/PureNu/22018/17/PMTfied_18.parquet
2025-02-15 12:13:41 - INFO - Filtered PMTfied file saved to: /lustre/hpc/project/icecube/HE_Nu_Aske_Oct2024/PMTfied_filtered/Snowstorm/PureNu/22018/17/PMTfied_1.parquet
2025-02-15 12:13:41 - INFO - Filtered PMTfied file saved to: /lustre/hpc/project/icecube/HE_Nu_Aske_Oct2024/PMTfied_filtered/Snowstorm/PureNu/22018/17/PMTfied_9.parquet
2025-02-15 12:13:42 - INFO - Filtered PMTfied file saved to: /lustre/hpc/project/icecube/HE_Nu_Aske_Oct2024/PMTfied_filtered/Snowstorm/PureNu/22018/17/PMTfied_10.parquet
2025-02-15 12:13:43 - INFO - Filtered PMTfied file saved to: /lustre/hpc/project/icecube/HE_Nu_Aske_Oct2024/PMTfied_filtered/Snowstorm/PureNu/22018/17/PMTfied_14.parquet
2025-02-15 12:13:45 - INFO - Filtered PMTfied file saved to: /lustre/hpc/project/icecube/HE_Nu_Aske_Oct2024/PMTfied_filtered/Snowstorm/PureNu/22018/17/PMTfied_8.parquet
2025-02-15 12:13:46 - INFO - Filtered PMTfied file saved to: /lustre/hpc/project/icecube/HE_Nu_Aske_Oct2024/PMTfied_filtered/Snowstorm/PureNu/22018/17/PMTfied_11.parquet
2025-02-15 12:13:47 - INFO - Filtered PMTfied file saved to: /lustre/hpc/project/icecube/HE_Nu_Aske_Oct2024/PMTfied_filtered/Snowstorm/PureNu/22018/17/PMTfied_15.parquet
2025-02-15 12:13:48 - INFO - Filtered PMTfied file saved to: /lustre/hpc/project/icecube/HE_Nu_Aske_Oct2024/PMTfied_filtered/Snowstorm/PureNu/22018/17/PMTfied_4.parquet
2025-02-15 12:13:49 - INFO - Filtered PMTfied file saved to: /lustre/hpc/project/icecube/HE_Nu_Aske_Oct2024/PMTfied_filtered/Snowstorm/PureNu/22018/17/PMTfied_13.parquet
2025-02-15 12:13:50 - INFO - Filtered PMTfied file saved to: /lustre/hpc/project/icecube/HE_Nu_Aske_Oct2024/PMTfied_filtered/Snowstorm/PureNu/22018/17/PMTfied_17.parquet
2025-02-15 12:13:51 - INFO - Filtered PMTfied file saved to: /lustre/hpc/project/icecube/HE_Nu_Aske_Oct2024/PMTfied_filtered/Snowstorm/PureNu/22018/17/PMTfied_6.parquet
2025-02-15 12:13:52 - INFO - Filtered PMTfied file saved to: /lustre/hpc/project/icecube/HE_Nu_Aske_Oct2024/PMTfied_filtered/Snowstorm/PureNu/22018/17/PMTfied_2.parquet
2025-02-15 12:13:53 - INFO - Filtered PMTfied file saved to: /lustre/hpc/project/icecube/HE_Nu_Aske_Oct2024/PMTfied_filtered/Snowstorm/PureNu/22018/17/PMTfied_7.parquet
2025-02-15 12:13:54 - INFO - Filtered PMTfied file saved to: /lustre/hpc/project/icecube/HE_Nu_Aske_Oct2024/PMTfied_filtered/Snowstorm/PureNu/22018/17/PMTfied_3.parquet
2025-02-15 12:13:55 - INFO - Filtered PMTfied file saved to: /lustre/hpc/project/icecube/HE_Nu_Aske_Oct2024/PMTfied_filtered/Snowstorm/PureNu/22018/17/PMTfied_12.parquet
2025-02-15 12:13:56 - INFO - Filtered PMTfied file saved to: /lustre/hpc/project/icecube/HE_Nu_Aske_Oct2024/PMTfied_filtered/Snowstorm/PureNu/22018/17/PMTfied_16.parquet
2025-02-15 12:13:56 - INFO - Filtering process completed.
2025-02-15 12:13:56 - INFO - Filtering process completed.
2025-02-15 12:13:56 - INFO - Unified receipt generated: /lustre/hpc/project/icecube/HE_Nu_Aske_Oct2024/PMTfied_filtered/Snowstorm/PureNu/22018/[Receipt]22018_17.json
2025-02-15 12:13:56 - INFO - Filtering process completed.
Job completed at Sat Feb 15 12:13:56 PM CET 2025
