Starting job at Mon Feb 24 01:54:03 PM CET 2025
Running Filter_by_part.py for subdirectory 22018, part 21
2025-02-24 13:54:04 - INFO - Event filtering process starts...
2025-02-24 13:54:04 - INFO - Initialized PureNeutrinoEventFilter filter for 22018/21
2025-02-24 13:54:04 - INFO - Loaded 18 event specifier files from /lustre/hpc/project/icecube/HE_Nu_Aske_Oct2024/clean_events_dict/22018/22018/reduced
2025-02-24 13:54:04 - INFO - Selected 18 CSV files covering event range [970, 18335]
2025-02-24 13:54:05 - INFO - Loaded 781559 valid (RunID, EventID) pairs from CSV files
2025-02-24 13:54:05 - INFO - Extracted 10180 valid events based on pure neutrino events.
2025-02-24 13:54:06 - INFO - Initialized CCFilter filter for 22018/21
2025-02-24 13:54:06 - INFO - Extracted 13617 valid events which are CC interactions.
2025-02-24 13:54:06 - INFO - Initialized ContainmentFilter filter for 22018/21
2025-02-24 13:54:06 - INFO - Extracted 2507 valid events within the specified containment region.
2025-02-24 13:54:06 - INFO - Initialized CompositeEventFilter filter for 22018/21
2025-02-24 13:54:06 - INFO - Initialized (CC_CRclean_Contained)
2025-02-24 13:54:06 - INFO - Starting filtering process for 22018/21
2025-02-24 13:54:06 - INFO - Starting filtering process for 22018/21
2025-02-24 13:54:06 - INFO - Recalculated 'offset' column based on 'N_doms' values within each 'shard_no' group.
2025-02-24 13:54:06 - INFO - Filtered truth file saved to: /lustre/hpc/project/icecube/HE_Nu_Aske_Oct2024/PMTfied_filtered/Snowstorm/CC_CRclean_Contained/22018/truth_21.parquet
2025-02-24 13:54:07 - INFO - Filtered PMTfied file saved to: /lustre/hpc/project/icecube/HE_Nu_Aske_Oct2024/PMTfied_filtered/Snowstorm/CC_CRclean_Contained/22018/21/PMTfied_6.parquet
2025-02-24 13:54:07 - INFO - Filtered PMTfied file saved to: /lustre/hpc/project/icecube/HE_Nu_Aske_Oct2024/PMTfied_filtered/Snowstorm/CC_CRclean_Contained/22018/21/PMTfied_2.parquet
2025-02-24 13:54:08 - INFO - Filtered PMTfied file saved to: /lustre/hpc/project/icecube/HE_Nu_Aske_Oct2024/PMTfied_filtered/Snowstorm/CC_CRclean_Contained/22018/21/PMTfied_7.parquet
2025-02-24 13:54:09 - INFO - Filtered PMTfied file saved to: /lustre/hpc/project/icecube/HE_Nu_Aske_Oct2024/PMTfied_filtered/Snowstorm/CC_CRclean_Contained/22018/21/PMTfied_3.parquet
2025-02-24 13:54:09 - INFO - Filtered PMTfied file saved to: /lustre/hpc/project/icecube/HE_Nu_Aske_Oct2024/PMTfied_filtered/Snowstorm/CC_CRclean_Contained/22018/21/PMTfied_9.parquet
2025-02-24 13:54:10 - INFO - Filtered PMTfied file saved to: /lustre/hpc/project/icecube/HE_Nu_Aske_Oct2024/PMTfied_filtered/Snowstorm/CC_CRclean_Contained/22018/21/PMTfied_5.parquet
2025-02-24 13:54:11 - INFO - Filtered PMTfied file saved to: /lustre/hpc/project/icecube/HE_Nu_Aske_Oct2024/PMTfied_filtered/Snowstorm/CC_CRclean_Contained/22018/21/PMTfied_1.parquet
2025-02-24 13:54:12 - INFO - Filtered PMTfied file saved to: /lustre/hpc/project/icecube/HE_Nu_Aske_Oct2024/PMTfied_filtered/Snowstorm/CC_CRclean_Contained/22018/21/PMTfied_4.parquet
2025-02-24 13:54:12 - INFO - Filtered PMTfied file saved to: /lustre/hpc/project/icecube/HE_Nu_Aske_Oct2024/PMTfied_filtered/Snowstorm/CC_CRclean_Contained/22018/21/PMTfied_8.parquet
2025-02-24 13:54:12 - INFO - Filtering process completed.
2025-02-24 13:54:12 - INFO - Filtering process completed.
2025-02-24 13:54:12 - INFO - Unified receipt generated: /lustre/hpc/project/icecube/HE_Nu_Aske_Oct2024/PMTfied_filtered/Snowstorm/CC_CRclean_Contained/22018/[Receipt]22018_21.json
2025-02-24 13:54:12 - INFO - Filtering process completed.
Job completed at Mon Feb 24 01:54:13 PM CET 2025
