Starting job at Mon Feb 24 01:53:55 PM CET 2025
Running Filter_by_part.py for subdirectory 22018, part 12
2025-02-24 13:53:56 - INFO - Event filtering process starts...
2025-02-24 13:53:56 - INFO - Initialized PureNeutrinoEventFilter filter for 22018/12
2025-02-24 13:53:56 - INFO - Loaded 18 event specifier files from /lustre/hpc/project/icecube/HE_Nu_Aske_Oct2024/clean_events_dict/22018/22018/reduced
2025-02-24 13:53:56 - INFO - Selected 5 CSV files covering event range [9334, 13760]
2025-02-24 13:53:57 - INFO - Loaded 216677 valid (RunID, EventID) pairs from CSV files
2025-02-24 13:53:57 - INFO - Extracted 25362 valid events based on pure neutrino events.
2025-02-24 13:53:57 - INFO - Initialized CCFilter filter for 22018/12
2025-02-24 13:53:57 - INFO - Extracted 28130 valid events which are CC interactions.
2025-02-24 13:53:57 - INFO - Initialized ContainmentFilter filter for 22018/12
2025-02-24 13:53:57 - INFO - Extracted 5106 valid events within the specified containment region.
2025-02-24 13:53:57 - INFO - Initialized CompositeEventFilter filter for 22018/12
2025-02-24 13:53:57 - INFO - Initialized (CC_CRclean_Contained)
2025-02-24 13:53:57 - INFO - Starting filtering process for 22018/12
2025-02-24 13:53:57 - INFO - Starting filtering process for 22018/12
2025-02-24 13:53:57 - INFO - Recalculated 'offset' column based on 'N_doms' values within each 'shard_no' group.
2025-02-24 13:53:57 - INFO - Filtered truth file saved to: /lustre/hpc/project/icecube/HE_Nu_Aske_Oct2024/PMTfied_filtered/Snowstorm/CC_CRclean_Contained/22018/truth_12.parquet
2025-02-24 13:53:58 - INFO - Filtered PMTfied file saved to: /lustre/hpc/project/icecube/HE_Nu_Aske_Oct2024/PMTfied_filtered/Snowstorm/CC_CRclean_Contained/22018/12/PMTfied_15.parquet
2025-02-24 13:53:59 - INFO - Filtered PMTfied file saved to: /lustre/hpc/project/icecube/HE_Nu_Aske_Oct2024/PMTfied_filtered/Snowstorm/CC_CRclean_Contained/22018/12/PMTfied_11.parquet
2025-02-24 13:54:00 - INFO - Filtered PMTfied file saved to: /lustre/hpc/project/icecube/HE_Nu_Aske_Oct2024/PMTfied_filtered/Snowstorm/CC_CRclean_Contained/22018/12/PMTfied_9.parquet
2025-02-24 13:54:01 - INFO - Filtered PMTfied file saved to: /lustre/hpc/project/icecube/HE_Nu_Aske_Oct2024/PMTfied_filtered/Snowstorm/CC_CRclean_Contained/22018/12/PMTfied_5.parquet
2025-02-24 13:54:01 - INFO - Filtered PMTfied file saved to: /lustre/hpc/project/icecube/HE_Nu_Aske_Oct2024/PMTfied_filtered/Snowstorm/CC_CRclean_Contained/22018/12/PMTfied_1.parquet
2025-02-24 13:54:02 - INFO - Filtered PMTfied file saved to: /lustre/hpc/project/icecube/HE_Nu_Aske_Oct2024/PMTfied_filtered/Snowstorm/CC_CRclean_Contained/22018/12/PMTfied_4.parquet
2025-02-24 13:54:03 - INFO - Filtered PMTfied file saved to: /lustre/hpc/project/icecube/HE_Nu_Aske_Oct2024/PMTfied_filtered/Snowstorm/CC_CRclean_Contained/22018/12/PMTfied_8.parquet
2025-02-24 13:54:04 - INFO - Filtered PMTfied file saved to: /lustre/hpc/project/icecube/HE_Nu_Aske_Oct2024/PMTfied_filtered/Snowstorm/CC_CRclean_Contained/22018/12/PMTfied_14.parquet
2025-02-24 13:54:05 - INFO - Filtered PMTfied file saved to: /lustre/hpc/project/icecube/HE_Nu_Aske_Oct2024/PMTfied_filtered/Snowstorm/CC_CRclean_Contained/22018/12/PMTfied_10.parquet
2025-02-24 13:54:06 - INFO - Filtered PMTfied file saved to: /lustre/hpc/project/icecube/HE_Nu_Aske_Oct2024/PMTfied_filtered/Snowstorm/CC_CRclean_Contained/22018/12/PMTfied_6.parquet
2025-02-24 13:54:06 - INFO - Filtered PMTfied file saved to: /lustre/hpc/project/icecube/HE_Nu_Aske_Oct2024/PMTfied_filtered/Snowstorm/CC_CRclean_Contained/22018/12/PMTfied_2.parquet
2025-02-24 13:54:07 - INFO - Filtered PMTfied file saved to: /lustre/hpc/project/icecube/HE_Nu_Aske_Oct2024/PMTfied_filtered/Snowstorm/CC_CRclean_Contained/22018/12/PMTfied_16.parquet
2025-02-24 13:54:08 - INFO - Filtered PMTfied file saved to: /lustre/hpc/project/icecube/HE_Nu_Aske_Oct2024/PMTfied_filtered/Snowstorm/CC_CRclean_Contained/22018/12/PMTfied_12.parquet
2025-02-24 13:54:09 - INFO - Filtered PMTfied file saved to: /lustre/hpc/project/icecube/HE_Nu_Aske_Oct2024/PMTfied_filtered/Snowstorm/CC_CRclean_Contained/22018/12/PMTfied_17.parquet
2025-02-24 13:54:10 - INFO - Filtered PMTfied file saved to: /lustre/hpc/project/icecube/HE_Nu_Aske_Oct2024/PMTfied_filtered/Snowstorm/CC_CRclean_Contained/22018/12/PMTfied_13.parquet
2025-02-24 13:54:11 - INFO - Filtered PMTfied file saved to: /lustre/hpc/project/icecube/HE_Nu_Aske_Oct2024/PMTfied_filtered/Snowstorm/CC_CRclean_Contained/22018/12/PMTfied_7.parquet
2025-02-24 13:54:12 - INFO - Filtered PMTfied file saved to: /lustre/hpc/project/icecube/HE_Nu_Aske_Oct2024/PMTfied_filtered/Snowstorm/CC_CRclean_Contained/22018/12/PMTfied_3.parquet
2025-02-24 13:54:12 - INFO - Filtering process completed.
2025-02-24 13:54:12 - INFO - Filtering process completed.
2025-02-24 13:54:12 - INFO - Unified receipt generated: /lustre/hpc/project/icecube/HE_Nu_Aske_Oct2024/PMTfied_filtered/Snowstorm/CC_CRclean_Contained/22018/[Receipt]22018_12.json
2025-02-24 13:54:12 - INFO - Filtering process completed.
Job completed at Mon Feb 24 01:54:12 PM CET 2025
