Starting job at Thu Feb 13 05:15:22 PM CET 2025
Running Filter_by_part.py for subdirectory 22018, part 10
2025-02-13 17:15:23 - INFO - Event filtering process starts...
2025-02-13 17:15:23 - INFO - Initialized Muon13Filter
2025-02-13 17:15:23 - INFO - Starting filtering process for 22018/10
2025-02-13 17:15:25 - INFO - Recalculated 'offset' column based on filtered 'N_doms' values.
2025-02-13 17:15:25 - INFO - Filtered truth file saved to: /lustre/hpc/project/icecube/HE_Nu_Aske_Oct2024/PMTfied_filtered/MuonLike/Snowstorm/22018/truth_10.parquet
2025-02-13 17:15:25 - INFO - Receipt file saved to: /lustre/hpc/project/icecube/HE_Nu_Aske_Oct2024/PMTfied_filtered/MuonLike/Snowstorm/22018/[Receipt]22018_10.json
2025-02-13 17:15:26 - INFO - Filtered PMTfied file saved to: /lustre/hpc/project/icecube/HE_Nu_Aske_Oct2024/PMTfied_filtered/MuonLike/Snowstorm/22018/10/PMTfied_11.parquet
2025-02-13 17:15:28 - INFO - Filtered PMTfied file saved to: /lustre/hpc/project/icecube/HE_Nu_Aske_Oct2024/PMTfied_filtered/MuonLike/Snowstorm/22018/10/PMTfied_15.parquet
2025-02-13 17:15:29 - INFO - Filtered PMTfied file saved to: /lustre/hpc/project/icecube/HE_Nu_Aske_Oct2024/PMTfied_filtered/MuonLike/Snowstorm/22018/10/PMTfied_1.parquet
2025-02-13 17:15:30 - INFO - Filtered PMTfied file saved to: /lustre/hpc/project/icecube/HE_Nu_Aske_Oct2024/PMTfied_filtered/MuonLike/Snowstorm/22018/10/PMTfied_5.parquet
2025-02-13 17:15:32 - INFO - Filtered PMTfied file saved to: /lustre/hpc/project/icecube/HE_Nu_Aske_Oct2024/PMTfied_filtered/MuonLike/Snowstorm/22018/10/PMTfied_9.parquet
2025-02-13 17:15:33 - INFO - Filtered PMTfied file saved to: /lustre/hpc/project/icecube/HE_Nu_Aske_Oct2024/PMTfied_filtered/MuonLike/Snowstorm/22018/10/PMTfied_8.parquet
2025-02-13 17:15:35 - INFO - Filtered PMTfied file saved to: /lustre/hpc/project/icecube/HE_Nu_Aske_Oct2024/PMTfied_filtered/MuonLike/Snowstorm/22018/10/PMTfied_4.parquet
2025-02-13 17:15:35 - INFO - Filtered PMTfied file saved to: /lustre/hpc/project/icecube/HE_Nu_Aske_Oct2024/PMTfied_filtered/MuonLike/Snowstorm/22018/10/PMTfied_18.parquet
2025-02-13 17:15:36 - INFO - Filtered PMTfied file saved to: /lustre/hpc/project/icecube/HE_Nu_Aske_Oct2024/PMTfied_filtered/MuonLike/Snowstorm/22018/10/PMTfied_10.parquet
2025-02-13 17:15:38 - INFO - Filtered PMTfied file saved to: /lustre/hpc/project/icecube/HE_Nu_Aske_Oct2024/PMTfied_filtered/MuonLike/Snowstorm/22018/10/PMTfied_14.parquet
2025-02-13 17:15:39 - INFO - Filtered PMTfied file saved to: /lustre/hpc/project/icecube/HE_Nu_Aske_Oct2024/PMTfied_filtered/MuonLike/Snowstorm/22018/10/PMTfied_2.parquet
2025-02-13 17:15:40 - INFO - Filtered PMTfied file saved to: /lustre/hpc/project/icecube/HE_Nu_Aske_Oct2024/PMTfied_filtered/MuonLike/Snowstorm/22018/10/PMTfied_6.parquet
2025-02-13 17:15:42 - INFO - Filtered PMTfied file saved to: /lustre/hpc/project/icecube/HE_Nu_Aske_Oct2024/PMTfied_filtered/MuonLike/Snowstorm/22018/10/PMTfied_12.parquet
2025-02-13 17:15:43 - INFO - Filtered PMTfied file saved to: /lustre/hpc/project/icecube/HE_Nu_Aske_Oct2024/PMTfied_filtered/MuonLike/Snowstorm/22018/10/PMTfied_16.parquet
2025-02-13 17:15:44 - INFO - Filtered PMTfied file saved to: /lustre/hpc/project/icecube/HE_Nu_Aske_Oct2024/PMTfied_filtered/MuonLike/Snowstorm/22018/10/PMTfied_13.parquet
2025-02-13 17:15:46 - INFO - Filtered PMTfied file saved to: /lustre/hpc/project/icecube/HE_Nu_Aske_Oct2024/PMTfied_filtered/MuonLike/Snowstorm/22018/10/PMTfied_17.parquet
2025-02-13 17:15:47 - INFO - Filtered PMTfied file saved to: /lustre/hpc/project/icecube/HE_Nu_Aske_Oct2024/PMTfied_filtered/MuonLike/Snowstorm/22018/10/PMTfied_3.parquet
2025-02-13 17:15:49 - INFO - Filtered PMTfied file saved to: /lustre/hpc/project/icecube/HE_Nu_Aske_Oct2024/PMTfied_filtered/MuonLike/Snowstorm/22018/10/PMTfied_7.parquet
2025-02-13 17:15:49 - INFO - Filtering process completed.
2025-02-13 17:15:49 - INFO - Filtering process completed for all selected filters.
2025-02-13 17:15:49 - INFO - Execution time: 25.90 seconds
2025-02-13 17:15:49 - INFO - Updated receipt with execution time: /lustre/hpc/project/icecube/HE_Nu_Aske_Oct2024/PMTfied_filtered/MuonLike/Snowstorm/22018/[Receipt]22018_10.json
Job completed at Thu Feb 13 05:15:49 PM CET 2025
