Starting job at Thu Feb 13 05:15:51 PM CET 2025
Running Filter_by_part.py for subdirectory 22018, part 15
2025-02-13 17:15:52 - INFO - Event filtering process starts...
2025-02-13 17:15:52 - INFO - Initialized Muon13Filter
2025-02-13 17:15:52 - INFO - Starting filtering process for 22018/15
2025-02-13 17:15:53 - INFO - Recalculated 'offset' column based on filtered 'N_doms' values.
2025-02-13 17:15:54 - INFO - Filtered truth file saved to: /lustre/hpc/project/icecube/HE_Nu_Aske_Oct2024/PMTfied_filtered/MuonLike/Snowstorm/22018/truth_15.parquet
2025-02-13 17:15:54 - INFO - Receipt file saved to: /lustre/hpc/project/icecube/HE_Nu_Aske_Oct2024/PMTfied_filtered/MuonLike/Snowstorm/22018/[Receipt]22018_15.json
2025-02-13 17:15:55 - INFO - Filtered PMTfied file saved to: /lustre/hpc/project/icecube/HE_Nu_Aske_Oct2024/PMTfied_filtered/MuonLike/Snowstorm/22018/15/PMTfied_17.parquet
2025-02-13 17:15:56 - INFO - Filtered PMTfied file saved to: /lustre/hpc/project/icecube/HE_Nu_Aske_Oct2024/PMTfied_filtered/MuonLike/Snowstorm/22018/15/PMTfied_13.parquet
2025-02-13 17:15:58 - INFO - Filtered PMTfied file saved to: /lustre/hpc/project/icecube/HE_Nu_Aske_Oct2024/PMTfied_filtered/MuonLike/Snowstorm/22018/15/PMTfied_8.parquet
2025-02-13 17:15:59 - INFO - Filtered PMTfied file saved to: /lustre/hpc/project/icecube/HE_Nu_Aske_Oct2024/PMTfied_filtered/MuonLike/Snowstorm/22018/15/PMTfied_4.parquet
2025-02-13 17:16:00 - INFO - Filtered PMTfied file saved to: /lustre/hpc/project/icecube/HE_Nu_Aske_Oct2024/PMTfied_filtered/MuonLike/Snowstorm/22018/15/PMTfied_1.parquet
2025-02-13 17:16:02 - INFO - Filtered PMTfied file saved to: /lustre/hpc/project/icecube/HE_Nu_Aske_Oct2024/PMTfied_filtered/MuonLike/Snowstorm/22018/15/PMTfied_5.parquet
2025-02-13 17:16:03 - INFO - Filtered PMTfied file saved to: /lustre/hpc/project/icecube/HE_Nu_Aske_Oct2024/PMTfied_filtered/MuonLike/Snowstorm/22018/15/PMTfied_9.parquet
2025-02-13 17:16:04 - INFO - Filtered PMTfied file saved to: /lustre/hpc/project/icecube/HE_Nu_Aske_Oct2024/PMTfied_filtered/MuonLike/Snowstorm/22018/15/PMTfied_16.parquet
2025-02-13 17:16:06 - INFO - Filtered PMTfied file saved to: /lustre/hpc/project/icecube/HE_Nu_Aske_Oct2024/PMTfied_filtered/MuonLike/Snowstorm/22018/15/PMTfied_12.parquet
2025-02-13 17:16:07 - INFO - Filtered PMTfied file saved to: /lustre/hpc/project/icecube/HE_Nu_Aske_Oct2024/PMTfied_filtered/MuonLike/Snowstorm/22018/15/PMTfied_3.parquet
2025-02-13 17:16:08 - INFO - Filtered PMTfied file saved to: /lustre/hpc/project/icecube/HE_Nu_Aske_Oct2024/PMTfied_filtered/MuonLike/Snowstorm/22018/15/PMTfied_7.parquet
2025-02-13 17:16:10 - INFO - Filtered PMTfied file saved to: /lustre/hpc/project/icecube/HE_Nu_Aske_Oct2024/PMTfied_filtered/MuonLike/Snowstorm/22018/15/PMTfied_14.parquet
2025-02-13 17:16:12 - INFO - Filtered PMTfied file saved to: /lustre/hpc/project/icecube/HE_Nu_Aske_Oct2024/PMTfied_filtered/MuonLike/Snowstorm/22018/15/PMTfied_10.parquet
2025-02-13 17:16:13 - INFO - Filtered PMTfied file saved to: /lustre/hpc/project/icecube/HE_Nu_Aske_Oct2024/PMTfied_filtered/MuonLike/Snowstorm/22018/15/PMTfied_15.parquet
2025-02-13 17:16:14 - INFO - Filtered PMTfied file saved to: /lustre/hpc/project/icecube/HE_Nu_Aske_Oct2024/PMTfied_filtered/MuonLike/Snowstorm/22018/15/PMTfied_11.parquet
2025-02-13 17:16:16 - INFO - Filtered PMTfied file saved to: /lustre/hpc/project/icecube/HE_Nu_Aske_Oct2024/PMTfied_filtered/MuonLike/Snowstorm/22018/15/PMTfied_2.parquet
2025-02-13 17:16:17 - INFO - Filtered PMTfied file saved to: /lustre/hpc/project/icecube/HE_Nu_Aske_Oct2024/PMTfied_filtered/MuonLike/Snowstorm/22018/15/PMTfied_6.parquet
2025-02-13 17:16:17 - INFO - Filtering process completed.
2025-02-13 17:16:17 - INFO - Filtering process completed for all selected filters.
2025-02-13 17:16:17 - INFO - Execution time: 25.42 seconds
2025-02-13 17:16:17 - INFO - Updated receipt with execution time: /lustre/hpc/project/icecube/HE_Nu_Aske_Oct2024/PMTfied_filtered/MuonLike/Snowstorm/22018/[Receipt]22018_15.json
Job completed at Thu Feb 13 05:16:17 PM CET 2025
