Starting job at Thu Feb 13 06:05:48 PM CET 2025
Running Filter_by_part.py for subdirectory 22018, part 7
2025-02-13 18:05:49 - INFO - Event filtering process starts...
2025-02-13 18:05:49 - INFO - Initialized PureNeutrinoEventFilter
2025-02-13 18:05:49 - INFO - Starting filtering process for 22018/7
2025-02-13 18:05:49 - INFO - Loaded 18 event specifier files from /lustre/hpc/project/icecube/HE_Nu_Aske_Oct2024/clean_events_dict/22018/22018/reduced
2025-02-13 18:05:49 - INFO - Selected 6 CSV files covering event range [4660, 9125]
2025-02-13 18:05:49 - ERROR - An error occurred: CSV parse error: Expected 5 columns, got 3: 2201804699,3,
Traceback (most recent call last):
  File "/lustre/hpc/icecube/cyan/factory/DOMification/Selection/Filter_by_part.py", line 85, in <module>
    main()
  File "/lustre/hpc/icecube/cyan/factory/DOMification/Selection/Filter_by_part.py", line 81, in main
    run()
  File "/lustre/hpc/icecube/cyan/factory/DOMification/Selection/Filter_by_part.py", line 72, in run
    event_filter()
  File "/lustre/hpc/icecube/cyan/factory/DOMification/Selection/PureNeutrinoEventFilter.py", line 23, in __call__
    self._filter_truth()
  File "/lustre/hpc/icecube/cyan/factory/DOMification/Selection/EventFilter.py", line 129, in wrapper
    return method(*args, **kwargs)
  File "/lustre/hpc/icecube/cyan/factory/DOMification/Selection/PureNeutrinoEventFilter.py", line 38, in _filter_truth
    pure_neutrino_events = self._load_pure_neutrino_events(relevant_csvs)
  File "/lustre/hpc/icecube/cyan/factory/DOMification/Selection/PureNeutrinoEventFilter.py", line 80, in _load_pure_neutrino_events
    table = pcsv.read_csv(csv_file)
  File "pyarrow/_csv.pyx", line 1261, in pyarrow._csv.read_csv
  File "pyarrow/_csv.pyx", line 1270, in pyarrow._csv.read_csv
  File "pyarrow/error.pxi", line 155, in pyarrow.lib.pyarrow_internal_check_status
  File "pyarrow/error.pxi", line 92, in pyarrow.lib.check_status
pyarrow.lib.ArrowInvalid: CSV parse error: Expected 5 columns, got 3: 2201804699,3,
Job completed at Thu Feb 13 06:05:49 PM CET 2025
