Starting job at Sat Feb 15 12:13:25 PM CET 2025
Running Filter_by_part.py for subdirectory 22018, part 13
2025-02-15 12:13:26 - INFO - Event filtering process starts...
2025-02-15 12:13:26 - INFO - Initialized PureNeutrinoEventFilter filter for 22018/13
2025-02-15 12:13:26 - INFO - Loaded 18 event specifier files from /lustre/hpc/project/icecube/HE_Nu_Aske_Oct2024/clean_events_dict/22018/22018/reduced
2025-02-15 12:13:26 - INFO - Selected 5 CSV files covering event range [9384, 13816]
2025-02-15 12:13:27 - INFO - Loaded 216677 valid (RunID, EventID) pairs from CSV files
2025-02-15 12:13:27 - INFO - Extracted 25267 valid events based on pure neutrino events.
2025-02-15 12:13:27 - INFO - Initialized CompositeEventFilter filter for 22018/13
2025-02-15 12:13:27 - INFO - Initialized (PureNu)
2025-02-15 12:13:27 - INFO - Starting filtering process for 22018/13
2025-02-15 12:13:27 - INFO - Starting filtering process for 22018/13
2025-02-15 12:13:28 - INFO - Recalculated 'offset' column based on filtered 'N_doms' values.
2025-02-15 12:13:28 - INFO - Filtered truth file saved to: /lustre/hpc/project/icecube/HE_Nu_Aske_Oct2024/PMTfied_filtered/Snowstorm/PureNu/22018/truth_13.parquet
2025-02-15 12:13:29 - INFO - Filtered PMTfied file saved to: /lustre/hpc/project/icecube/HE_Nu_Aske_Oct2024/PMTfied_filtered/Snowstorm/PureNu/22018/13/PMTfied_9.parquet
2025-02-15 12:13:30 - INFO - Filtered PMTfied file saved to: /lustre/hpc/project/icecube/HE_Nu_Aske_Oct2024/PMTfied_filtered/Snowstorm/PureNu/22018/13/PMTfied_1.parquet
2025-02-15 12:13:31 - INFO - Filtered PMTfied file saved to: /lustre/hpc/project/icecube/HE_Nu_Aske_Oct2024/PMTfied_filtered/Snowstorm/PureNu/22018/13/PMTfied_5.parquet
2025-02-15 12:13:32 - INFO - Filtered PMTfied file saved to: /lustre/hpc/project/icecube/HE_Nu_Aske_Oct2024/PMTfied_filtered/Snowstorm/PureNu/22018/13/PMTfied_14.parquet
2025-02-15 12:13:34 - INFO - Filtered PMTfied file saved to: /lustre/hpc/project/icecube/HE_Nu_Aske_Oct2024/PMTfied_filtered/Snowstorm/PureNu/22018/13/PMTfied_10.parquet
2025-02-15 12:13:35 - INFO - Filtered PMTfied file saved to: /lustre/hpc/project/icecube/HE_Nu_Aske_Oct2024/PMTfied_filtered/Snowstorm/PureNu/22018/13/PMTfied_4.parquet
2025-02-15 12:13:36 - INFO - Filtered PMTfied file saved to: /lustre/hpc/project/icecube/HE_Nu_Aske_Oct2024/PMTfied_filtered/Snowstorm/PureNu/22018/13/PMTfied_8.parquet
2025-02-15 12:13:38 - INFO - Filtered PMTfied file saved to: /lustre/hpc/project/icecube/HE_Nu_Aske_Oct2024/PMTfied_filtered/Snowstorm/PureNu/22018/13/PMTfied_15.parquet
2025-02-15 12:13:39 - INFO - Filtered PMTfied file saved to: /lustre/hpc/project/icecube/HE_Nu_Aske_Oct2024/PMTfied_filtered/Snowstorm/PureNu/22018/13/PMTfied_11.parquet
2025-02-15 12:13:40 - INFO - Filtered PMTfied file saved to: /lustre/hpc/project/icecube/HE_Nu_Aske_Oct2024/PMTfied_filtered/Snowstorm/PureNu/22018/13/PMTfied_2.parquet
2025-02-15 12:13:41 - INFO - Filtered PMTfied file saved to: /lustre/hpc/project/icecube/HE_Nu_Aske_Oct2024/PMTfied_filtered/Snowstorm/PureNu/22018/13/PMTfied_6.parquet
2025-02-15 12:13:42 - INFO - Filtered PMTfied file saved to: /lustre/hpc/project/icecube/HE_Nu_Aske_Oct2024/PMTfied_filtered/Snowstorm/PureNu/22018/13/PMTfied_17.parquet
2025-02-15 12:13:43 - INFO - Filtered PMTfied file saved to: /lustre/hpc/project/icecube/HE_Nu_Aske_Oct2024/PMTfied_filtered/Snowstorm/PureNu/22018/13/PMTfied_13.parquet
2025-02-15 12:13:44 - INFO - Filtered PMTfied file saved to: /lustre/hpc/project/icecube/HE_Nu_Aske_Oct2024/PMTfied_filtered/Snowstorm/PureNu/22018/13/PMTfied_3.parquet
2025-02-15 12:13:45 - INFO - Filtered PMTfied file saved to: /lustre/hpc/project/icecube/HE_Nu_Aske_Oct2024/PMTfied_filtered/Snowstorm/PureNu/22018/13/PMTfied_7.parquet
2025-02-15 12:13:47 - INFO - Filtered PMTfied file saved to: /lustre/hpc/project/icecube/HE_Nu_Aske_Oct2024/PMTfied_filtered/Snowstorm/PureNu/22018/13/PMTfied_16.parquet
2025-02-15 12:13:48 - INFO - Filtered PMTfied file saved to: /lustre/hpc/project/icecube/HE_Nu_Aske_Oct2024/PMTfied_filtered/Snowstorm/PureNu/22018/13/PMTfied_12.parquet
2025-02-15 12:13:48 - INFO - Filtering process completed.
2025-02-15 12:13:48 - INFO - Filtering process completed.
2025-02-15 12:13:48 - INFO - Unified receipt generated: /lustre/hpc/project/icecube/HE_Nu_Aske_Oct2024/PMTfied_filtered/Snowstorm/PureNu/22018/[Receipt]22018_13.json
2025-02-15 12:13:48 - INFO - Filtering process completed.
Job completed at Sat Feb 15 12:13:48 PM CET 2025
