Starting job at Thu Feb 13 06:33:07 PM CET 2025
Running Filter_by_part.py for subdirectory 22018, part 11
2025-02-13 18:33:07 - INFO - Event filtering process starts...
2025-02-13 18:33:07 - INFO - Initialized PureNeutrinoEventFilter
2025-02-13 18:33:07 - INFO - Starting filtering process for 22018/11
2025-02-13 18:33:08 - INFO - Loaded 18 event specifier files from /lustre/hpc/project/icecube/HE_Nu_Aske_Oct2024/clean_events_dict/22018/22018/reduced
2025-02-13 18:33:08 - INFO - Selected 10 CSV files covering event range [4849, 13764]
2025-02-13 18:33:08 - INFO - Loaded 433721 valid (RunID, EventID) pairs from CSV files
2025-02-13 18:33:09 - INFO - Recalculated 'offset' column based on filtered 'N_doms' values.
2025-02-13 18:33:10 - INFO - Filtered truth file saved to: /lustre/hpc/project/icecube/HE_Nu_Aske_Oct2024/PMTfied_filtered/PureNu/Snowstorm/22018/truth_11.parquet
2025-02-13 18:33:10 - INFO - Receipt file saved to: /lustre/hpc/project/icecube/HE_Nu_Aske_Oct2024/PMTfied_filtered/PureNu/Snowstorm/22018/[Receipt]22018_11.json
2025-02-13 18:33:11 - INFO - Filtered PMTfied file saved to: /lustre/hpc/project/icecube/HE_Nu_Aske_Oct2024/PMTfied_filtered/PureNu/Snowstorm/22018/11/PMTfied_2.parquet
2025-02-13 18:33:12 - INFO - Filtered PMTfied file saved to: /lustre/hpc/project/icecube/HE_Nu_Aske_Oct2024/PMTfied_filtered/PureNu/Snowstorm/22018/11/PMTfied_6.parquet
2025-02-13 18:33:13 - INFO - Filtered PMTfied file saved to: /lustre/hpc/project/icecube/HE_Nu_Aske_Oct2024/PMTfied_filtered/PureNu/Snowstorm/22018/11/PMTfied_16.parquet
2025-02-13 18:33:14 - INFO - Filtered PMTfied file saved to: /lustre/hpc/project/icecube/HE_Nu_Aske_Oct2024/PMTfied_filtered/PureNu/Snowstorm/22018/11/PMTfied_12.parquet
2025-02-13 18:33:15 - INFO - Filtered PMTfied file saved to: /lustre/hpc/project/icecube/HE_Nu_Aske_Oct2024/PMTfied_filtered/PureNu/Snowstorm/22018/11/PMTfied_3.parquet
2025-02-13 18:33:16 - INFO - Filtered PMTfied file saved to: /lustre/hpc/project/icecube/HE_Nu_Aske_Oct2024/PMTfied_filtered/PureNu/Snowstorm/22018/11/PMTfied_7.parquet
2025-02-13 18:33:17 - INFO - Filtered PMTfied file saved to: /lustre/hpc/project/icecube/HE_Nu_Aske_Oct2024/PMTfied_filtered/PureNu/Snowstorm/22018/11/PMTfied_17.parquet
2025-02-13 18:33:18 - INFO - Filtered PMTfied file saved to: /lustre/hpc/project/icecube/HE_Nu_Aske_Oct2024/PMTfied_filtered/PureNu/Snowstorm/22018/11/PMTfied_13.parquet
2025-02-13 18:33:19 - INFO - Filtered PMTfied file saved to: /lustre/hpc/project/icecube/HE_Nu_Aske_Oct2024/PMTfied_filtered/PureNu/Snowstorm/22018/11/PMTfied_1.parquet
2025-02-13 18:33:20 - INFO - Filtered PMTfied file saved to: /lustre/hpc/project/icecube/HE_Nu_Aske_Oct2024/PMTfied_filtered/PureNu/Snowstorm/22018/11/PMTfied_5.parquet
2025-02-13 18:33:21 - INFO - Filtered PMTfied file saved to: /lustre/hpc/project/icecube/HE_Nu_Aske_Oct2024/PMTfied_filtered/PureNu/Snowstorm/22018/11/PMTfied_9.parquet
2025-02-13 18:33:22 - INFO - Filtered PMTfied file saved to: /lustre/hpc/project/icecube/HE_Nu_Aske_Oct2024/PMTfied_filtered/PureNu/Snowstorm/22018/11/PMTfied_15.parquet
2025-02-13 18:33:23 - INFO - Filtered PMTfied file saved to: /lustre/hpc/project/icecube/HE_Nu_Aske_Oct2024/PMTfied_filtered/PureNu/Snowstorm/22018/11/PMTfied_11.parquet
2025-02-13 18:33:24 - INFO - Filtered PMTfied file saved to: /lustre/hpc/project/icecube/HE_Nu_Aske_Oct2024/PMTfied_filtered/PureNu/Snowstorm/22018/11/PMTfied_8.parquet
2025-02-13 18:33:25 - INFO - Filtered PMTfied file saved to: /lustre/hpc/project/icecube/HE_Nu_Aske_Oct2024/PMTfied_filtered/PureNu/Snowstorm/22018/11/PMTfied_4.parquet
2025-02-13 18:33:26 - INFO - Filtered PMTfied file saved to: /lustre/hpc/project/icecube/HE_Nu_Aske_Oct2024/PMTfied_filtered/PureNu/Snowstorm/22018/11/PMTfied_14.parquet
2025-02-13 18:33:27 - INFO - Filtered PMTfied file saved to: /lustre/hpc/project/icecube/HE_Nu_Aske_Oct2024/PMTfied_filtered/PureNu/Snowstorm/22018/11/PMTfied_10.parquet
2025-02-13 18:33:27 - INFO - Filtering process completed.
2025-02-13 18:33:27 - INFO - Filtering process completed for all selected filters.
2025-02-13 18:33:27 - INFO - Execution time: 19.11 seconds
2025-02-13 18:33:27 - INFO - Updated receipt with execution time: /lustre/hpc/project/icecube/HE_Nu_Aske_Oct2024/PMTfied_filtered/PureNu/Snowstorm/22018/[Receipt]22018_11.json
Job completed at Thu Feb 13 06:33:27 PM CET 2025
