Starting job at Thu Feb 13 05:14:24 PM CET 2025
Running Filter_by_part.py for subdirectory 22018, part 1
2025-02-13 17:14:25 - INFO - Event filtering process starts...
2025-02-13 17:14:25 - INFO - Initialized Muon13Filter
2025-02-13 17:14:25 - INFO - Starting filtering process for 22018/1
2025-02-13 17:14:27 - INFO - Recalculated 'offset' column based on filtered 'N_doms' values.
2025-02-13 17:14:27 - INFO - Filtered truth file saved to: /lustre/hpc/project/icecube/HE_Nu_Aske_Oct2024/PMTfied_filtered/MuonLike/Snowstorm/22018/truth_1.parquet
2025-02-13 17:14:27 - INFO - Receipt file saved to: /lustre/hpc/project/icecube/HE_Nu_Aske_Oct2024/PMTfied_filtered/MuonLike/Snowstorm/22018/[Receipt]22018_1.json
2025-02-13 17:14:29 - INFO - Filtered PMTfied file saved to: /lustre/hpc/project/icecube/HE_Nu_Aske_Oct2024/PMTfied_filtered/MuonLike/Snowstorm/22018/1/PMTfied_12.parquet
2025-02-13 17:14:30 - INFO - Filtered PMTfied file saved to: /lustre/hpc/project/icecube/HE_Nu_Aske_Oct2024/PMTfied_filtered/MuonLike/Snowstorm/22018/1/PMTfied_16.parquet
2025-02-13 17:14:32 - INFO - Filtered PMTfied file saved to: /lustre/hpc/project/icecube/HE_Nu_Aske_Oct2024/PMTfied_filtered/MuonLike/Snowstorm/22018/1/PMTfied_8.parquet
2025-02-13 17:14:33 - INFO - Filtered PMTfied file saved to: /lustre/hpc/project/icecube/HE_Nu_Aske_Oct2024/PMTfied_filtered/MuonLike/Snowstorm/22018/1/PMTfied_4.parquet
2025-02-13 17:14:34 - INFO - Filtered PMTfied file saved to: /lustre/hpc/project/icecube/HE_Nu_Aske_Oct2024/PMTfied_filtered/MuonLike/Snowstorm/22018/1/PMTfied_5.parquet
2025-02-13 17:14:36 - INFO - Filtered PMTfied file saved to: /lustre/hpc/project/icecube/HE_Nu_Aske_Oct2024/PMTfied_filtered/MuonLike/Snowstorm/22018/1/PMTfied_1.parquet
2025-02-13 17:14:37 - INFO - Filtered PMTfied file saved to: /lustre/hpc/project/icecube/HE_Nu_Aske_Oct2024/PMTfied_filtered/MuonLike/Snowstorm/22018/1/PMTfied_9.parquet
2025-02-13 17:14:38 - INFO - Filtered PMTfied file saved to: /lustre/hpc/project/icecube/HE_Nu_Aske_Oct2024/PMTfied_filtered/MuonLike/Snowstorm/22018/1/PMTfied_13.parquet
2025-02-13 17:14:40 - INFO - Filtered PMTfied file saved to: /lustre/hpc/project/icecube/HE_Nu_Aske_Oct2024/PMTfied_filtered/MuonLike/Snowstorm/22018/1/PMTfied_17.parquet
2025-02-13 17:14:41 - INFO - Filtered PMTfied file saved to: /lustre/hpc/project/icecube/HE_Nu_Aske_Oct2024/PMTfied_filtered/MuonLike/Snowstorm/22018/1/PMTfied_7.parquet
2025-02-13 17:14:42 - INFO - Filtered PMTfied file saved to: /lustre/hpc/project/icecube/HE_Nu_Aske_Oct2024/PMTfied_filtered/MuonLike/Snowstorm/22018/1/PMTfied_3.parquet
2025-02-13 17:14:44 - INFO - Filtered PMTfied file saved to: /lustre/hpc/project/icecube/HE_Nu_Aske_Oct2024/PMTfied_filtered/MuonLike/Snowstorm/22018/1/PMTfied_11.parquet
2025-02-13 17:14:45 - INFO - Filtered PMTfied file saved to: /lustre/hpc/project/icecube/HE_Nu_Aske_Oct2024/PMTfied_filtered/MuonLike/Snowstorm/22018/1/PMTfied_15.parquet
2025-02-13 17:14:47 - INFO - Filtered PMTfied file saved to: /lustre/hpc/project/icecube/HE_Nu_Aske_Oct2024/PMTfied_filtered/MuonLike/Snowstorm/22018/1/PMTfied_10.parquet
2025-02-13 17:14:48 - INFO - Filtered PMTfied file saved to: /lustre/hpc/project/icecube/HE_Nu_Aske_Oct2024/PMTfied_filtered/MuonLike/Snowstorm/22018/1/PMTfied_14.parquet
2025-02-13 17:14:48 - INFO - Filtered PMTfied file saved to: /lustre/hpc/project/icecube/HE_Nu_Aske_Oct2024/PMTfied_filtered/MuonLike/Snowstorm/22018/1/PMTfied_18.parquet
2025-02-13 17:14:50 - INFO - Filtered PMTfied file saved to: /lustre/hpc/project/icecube/HE_Nu_Aske_Oct2024/PMTfied_filtered/MuonLike/Snowstorm/22018/1/PMTfied_6.parquet
2025-02-13 17:14:51 - INFO - Filtered PMTfied file saved to: /lustre/hpc/project/icecube/HE_Nu_Aske_Oct2024/PMTfied_filtered/MuonLike/Snowstorm/22018/1/PMTfied_2.parquet
2025-02-13 17:14:51 - INFO - Filtering process completed.
2025-02-13 17:14:51 - INFO - Filtering process completed for all selected filters.
2025-02-13 17:14:51 - INFO - Execution time: 25.63 seconds
2025-02-13 17:14:51 - INFO - Updated receipt with execution time: /lustre/hpc/project/icecube/HE_Nu_Aske_Oct2024/PMTfied_filtered/MuonLike/Snowstorm/22018/[Receipt]22018_1.json
Job completed at Thu Feb 13 05:14:51 PM CET 2025
