Starting job at Mon Feb 24 01:53:33 PM CET 2025
Running Filter_by_part.py for subdirectory 22018, part 1
2025-02-24 13:53:33 - INFO - Event filtering process starts...
2025-02-24 13:53:33 - INFO - Initialized PureNeutrinoEventFilter filter for 22018/1
2025-02-24 13:53:33 - INFO - Loaded 18 event specifier files from /lustre/hpc/project/icecube/HE_Nu_Aske_Oct2024/clean_events_dict/22018/22018/reduced
2025-02-24 13:53:33 - INFO - Selected 5 CSV files covering event range [0, 4455]
2025-02-24 13:53:33 - INFO - Loaded 216772 valid (RunID, EventID) pairs from CSV files
2025-02-24 13:53:33 - INFO - Extracted 25673 valid events based on pure neutrino events.
2025-02-24 13:53:33 - INFO - Initialized CCFilter filter for 22018/1
2025-02-24 13:53:33 - INFO - Extracted 28547 valid events which are CC interactions.
2025-02-24 13:53:33 - INFO - Initialized ContainmentFilter filter for 22018/1
2025-02-24 13:53:33 - INFO - Extracted 5141 valid events within the specified containment region.
2025-02-24 13:53:33 - INFO - Initialized CompositeEventFilter filter for 22018/1
2025-02-24 13:53:33 - INFO - Initialized (CC_CRclean_Contained)
2025-02-24 13:53:33 - INFO - Starting filtering process for 22018/1
2025-02-24 13:53:33 - INFO - Starting filtering process for 22018/1
2025-02-24 13:53:33 - INFO - Recalculated 'offset' column based on 'N_doms' values within each 'shard_no' group.
2025-02-24 13:53:33 - INFO - Filtered truth file saved to: /lustre/hpc/project/icecube/HE_Nu_Aske_Oct2024/PMTfied_filtered/Snowstorm/CC_CRclean_Contained/22018/truth_1.parquet
2025-02-24 13:53:34 - INFO - Filtered PMTfied file saved to: /lustre/hpc/project/icecube/HE_Nu_Aske_Oct2024/PMTfied_filtered/Snowstorm/CC_CRclean_Contained/22018/1/PMTfied_12.parquet
2025-02-24 13:53:34 - INFO - Filtered PMTfied file saved to: /lustre/hpc/project/icecube/HE_Nu_Aske_Oct2024/PMTfied_filtered/Snowstorm/CC_CRclean_Contained/22018/1/PMTfied_16.parquet
2025-02-24 13:53:35 - INFO - Filtered PMTfied file saved to: /lustre/hpc/project/icecube/HE_Nu_Aske_Oct2024/PMTfied_filtered/Snowstorm/CC_CRclean_Contained/22018/1/PMTfied_8.parquet
2025-02-24 13:53:35 - INFO - Filtered PMTfied file saved to: /lustre/hpc/project/icecube/HE_Nu_Aske_Oct2024/PMTfied_filtered/Snowstorm/CC_CRclean_Contained/22018/1/PMTfied_4.parquet
2025-02-24 13:53:36 - INFO - Filtered PMTfied file saved to: /lustre/hpc/project/icecube/HE_Nu_Aske_Oct2024/PMTfied_filtered/Snowstorm/CC_CRclean_Contained/22018/1/PMTfied_5.parquet
2025-02-24 13:53:36 - INFO - Filtered PMTfied file saved to: /lustre/hpc/project/icecube/HE_Nu_Aske_Oct2024/PMTfied_filtered/Snowstorm/CC_CRclean_Contained/22018/1/PMTfied_1.parquet
2025-02-24 13:53:37 - INFO - Filtered PMTfied file saved to: /lustre/hpc/project/icecube/HE_Nu_Aske_Oct2024/PMTfied_filtered/Snowstorm/CC_CRclean_Contained/22018/1/PMTfied_9.parquet
2025-02-24 13:53:37 - INFO - Filtered PMTfied file saved to: /lustre/hpc/project/icecube/HE_Nu_Aske_Oct2024/PMTfied_filtered/Snowstorm/CC_CRclean_Contained/22018/1/PMTfied_13.parquet
2025-02-24 13:53:37 - INFO - Filtered PMTfied file saved to: /lustre/hpc/project/icecube/HE_Nu_Aske_Oct2024/PMTfied_filtered/Snowstorm/CC_CRclean_Contained/22018/1/PMTfied_17.parquet
2025-02-24 13:53:38 - INFO - Filtered PMTfied file saved to: /lustre/hpc/project/icecube/HE_Nu_Aske_Oct2024/PMTfied_filtered/Snowstorm/CC_CRclean_Contained/22018/1/PMTfied_7.parquet
2025-02-24 13:53:38 - INFO - Filtered PMTfied file saved to: /lustre/hpc/project/icecube/HE_Nu_Aske_Oct2024/PMTfied_filtered/Snowstorm/CC_CRclean_Contained/22018/1/PMTfied_3.parquet
2025-02-24 13:53:39 - INFO - Filtered PMTfied file saved to: /lustre/hpc/project/icecube/HE_Nu_Aske_Oct2024/PMTfied_filtered/Snowstorm/CC_CRclean_Contained/22018/1/PMTfied_11.parquet
2025-02-24 13:53:40 - INFO - Filtered PMTfied file saved to: /lustre/hpc/project/icecube/HE_Nu_Aske_Oct2024/PMTfied_filtered/Snowstorm/CC_CRclean_Contained/22018/1/PMTfied_15.parquet
2025-02-24 13:53:40 - INFO - Filtered PMTfied file saved to: /lustre/hpc/project/icecube/HE_Nu_Aske_Oct2024/PMTfied_filtered/Snowstorm/CC_CRclean_Contained/22018/1/PMTfied_10.parquet
2025-02-24 13:53:41 - INFO - Filtered PMTfied file saved to: /lustre/hpc/project/icecube/HE_Nu_Aske_Oct2024/PMTfied_filtered/Snowstorm/CC_CRclean_Contained/22018/1/PMTfied_14.parquet
2025-02-24 13:53:41 - INFO - Filtered PMTfied file saved to: /lustre/hpc/project/icecube/HE_Nu_Aske_Oct2024/PMTfied_filtered/Snowstorm/CC_CRclean_Contained/22018/1/PMTfied_18.parquet
2025-02-24 13:53:41 - INFO - Filtered PMTfied file saved to: /lustre/hpc/project/icecube/HE_Nu_Aske_Oct2024/PMTfied_filtered/Snowstorm/CC_CRclean_Contained/22018/1/PMTfied_6.parquet
2025-02-24 13:53:42 - INFO - Filtered PMTfied file saved to: /lustre/hpc/project/icecube/HE_Nu_Aske_Oct2024/PMTfied_filtered/Snowstorm/CC_CRclean_Contained/22018/1/PMTfied_2.parquet
2025-02-24 13:53:42 - INFO - Filtering process completed.
2025-02-24 13:53:42 - INFO - Filtering process completed.
2025-02-24 13:53:42 - INFO - Unified receipt generated: /lustre/hpc/project/icecube/HE_Nu_Aske_Oct2024/PMTfied_filtered/Snowstorm/CC_CRclean_Contained/22018/[Receipt]22018_1.json
2025-02-24 13:53:42 - INFO - Filtering process completed.
Job completed at Mon Feb 24 01:53:42 PM CET 2025
