Starting job at Mon Feb 17 04:11:38 PM CET 2025
Running Filter_by_part.py for subdirectory 22018, part 5
2025-02-17 16:11:39 - INFO - Event filtering process starts...
2025-02-17 16:11:39 - INFO - Initialized Muon13Filter filter for 22018/5
2025-02-17 16:11:39 - INFO - Extracted 28913 valid events where MuonFilter_13==True.
2025-02-17 16:11:39 - INFO - Initialized CompositeEventFilter filter for 22018/5
2025-02-17 16:11:39 - INFO - Initialized (MuonLike)
2025-02-17 16:11:39 - INFO - Starting filtering process for 22018/5
2025-02-17 16:11:39 - INFO - Starting filtering process for 22018/5
2025-02-17 16:11:40 - INFO - Recalculated 'offset' column based on 'N_doms' values within each 'shard_no' group.
2025-02-17 16:11:41 - INFO - Filtered truth file saved to: /lustre/hpc/project/icecube/HE_Nu_Aske_Oct2024/PMTfied_filtered/Snowstorm/MuonLike/22018/truth_5.parquet
2025-02-17 16:11:42 - INFO - Filtered PMTfied file saved to: /lustre/hpc/project/icecube/HE_Nu_Aske_Oct2024/PMTfied_filtered/Snowstorm/MuonLike/22018/5/PMTfied_1.parquet
2025-02-17 16:11:44 - INFO - Filtered PMTfied file saved to: /lustre/hpc/project/icecube/HE_Nu_Aske_Oct2024/PMTfied_filtered/Snowstorm/MuonLike/22018/5/PMTfied_5.parquet
2025-02-17 16:11:45 - INFO - Filtered PMTfied file saved to: /lustre/hpc/project/icecube/HE_Nu_Aske_Oct2024/PMTfied_filtered/Snowstorm/MuonLike/22018/5/PMTfied_9.parquet
2025-02-17 16:11:46 - INFO - Filtered PMTfied file saved to: /lustre/hpc/project/icecube/HE_Nu_Aske_Oct2024/PMTfied_filtered/Snowstorm/MuonLike/22018/5/PMTfied_17.parquet
2025-02-17 16:11:48 - INFO - Filtered PMTfied file saved to: /lustre/hpc/project/icecube/HE_Nu_Aske_Oct2024/PMTfied_filtered/Snowstorm/MuonLike/22018/5/PMTfied_13.parquet
2025-02-17 16:11:49 - INFO - Filtered PMTfied file saved to: /lustre/hpc/project/icecube/HE_Nu_Aske_Oct2024/PMTfied_filtered/Snowstorm/MuonLike/22018/5/PMTfied_16.parquet
2025-02-17 16:11:51 - INFO - Filtered PMTfied file saved to: /lustre/hpc/project/icecube/HE_Nu_Aske_Oct2024/PMTfied_filtered/Snowstorm/MuonLike/22018/5/PMTfied_12.parquet
2025-02-17 16:11:53 - INFO - Filtered PMTfied file saved to: /lustre/hpc/project/icecube/HE_Nu_Aske_Oct2024/PMTfied_filtered/Snowstorm/MuonLike/22018/5/PMTfied_8.parquet
2025-02-17 16:11:54 - INFO - Filtered PMTfied file saved to: /lustre/hpc/project/icecube/HE_Nu_Aske_Oct2024/PMTfied_filtered/Snowstorm/MuonLike/22018/5/PMTfied_4.parquet
2025-02-17 16:11:55 - INFO - Filtered PMTfied file saved to: /lustre/hpc/project/icecube/HE_Nu_Aske_Oct2024/PMTfied_filtered/Snowstorm/MuonLike/22018/5/PMTfied_14.parquet
2025-02-17 16:11:57 - INFO - Filtered PMTfied file saved to: /lustre/hpc/project/icecube/HE_Nu_Aske_Oct2024/PMTfied_filtered/Snowstorm/MuonLike/22018/5/PMTfied_10.parquet
2025-02-17 16:11:58 - INFO - Filtered PMTfied file saved to: /lustre/hpc/project/icecube/HE_Nu_Aske_Oct2024/PMTfied_filtered/Snowstorm/MuonLike/22018/5/PMTfied_2.parquet
2025-02-17 16:12:00 - INFO - Filtered PMTfied file saved to: /lustre/hpc/project/icecube/HE_Nu_Aske_Oct2024/PMTfied_filtered/Snowstorm/MuonLike/22018/5/PMTfied_6.parquet
2025-02-17 16:12:01 - INFO - Filtered PMTfied file saved to: /lustre/hpc/project/icecube/HE_Nu_Aske_Oct2024/PMTfied_filtered/Snowstorm/MuonLike/22018/5/PMTfied_3.parquet
2025-02-17 16:12:03 - INFO - Filtered PMTfied file saved to: /lustre/hpc/project/icecube/HE_Nu_Aske_Oct2024/PMTfied_filtered/Snowstorm/MuonLike/22018/5/PMTfied_7.parquet
2025-02-17 16:12:04 - INFO - Filtered PMTfied file saved to: /lustre/hpc/project/icecube/HE_Nu_Aske_Oct2024/PMTfied_filtered/Snowstorm/MuonLike/22018/5/PMTfied_15.parquet
2025-02-17 16:12:09 - INFO - Filtered PMTfied file saved to: /lustre/hpc/project/icecube/HE_Nu_Aske_Oct2024/PMTfied_filtered/Snowstorm/MuonLike/22018/5/PMTfied_11.parquet
2025-02-17 16:12:09 - INFO - Filtering process completed.
2025-02-17 16:12:09 - INFO - Filtering process completed.
2025-02-17 16:12:09 - INFO - Unified receipt generated: /lustre/hpc/project/icecube/HE_Nu_Aske_Oct2024/PMTfied_filtered/Snowstorm/MuonLike/22018/[Receipt]22018_5.json
2025-02-17 16:12:09 - INFO - Filtering process completed.
Job completed at Mon Feb 17 04:12:09 PM CET 2025
