Starting job at Sat Feb 15 12:07:55 PM CET 2025
Running Filter_by_part.py for subdirectory 22018, part 15
2025-02-15 12:07:55 - INFO - Event filtering process starts...
2025-02-15 12:07:55 - INFO - Initialized PureNeutrinoEventFilter filter for 22018/15
2025-02-15 12:07:55 - INFO - Loaded 18 event specifier files from /lustre/hpc/project/icecube/HE_Nu_Aske_Oct2024/clean_events_dict/22018/22018/reduced
2025-02-15 12:07:55 - INFO - Selected 6 CSV files covering event range [9476, 14394]
2025-02-15 12:07:56 - INFO - Loaded 260347 valid (RunID, EventID) pairs from CSV files
2025-02-15 12:07:56 - INFO - Extracted 25099 valid events based on pure neutrino events.
2025-02-15 12:07:56 - INFO - Initialized CompositeEventFilter filter for 22018/15
2025-02-15 12:07:56 - INFO - Initialized (PureNu)
2025-02-15 12:07:56 - INFO - Starting filtering process for 22018/15
2025-02-15 12:07:56 - INFO - Starting filtering process for 22018/15
2025-02-15 12:07:57 - INFO - Recalculated 'offset' column based on filtered 'N_doms' values.
2025-02-15 12:07:57 - INFO - Filtered truth file saved to: /lustre/hpc/project/icecube/HE_Nu_Aske_Oct2024/PMTfied_filtered/Snowstorm/PureNu/22018/truth_15.parquet
2025-02-15 12:07:58 - INFO - Filtered PMTfied file saved to: /lustre/hpc/project/icecube/HE_Nu_Aske_Oct2024/PMTfied_filtered/Snowstorm/PureNu/22018/15/PMTfied_17.parquet
2025-02-15 12:07:59 - INFO - Filtered PMTfied file saved to: /lustre/hpc/project/icecube/HE_Nu_Aske_Oct2024/PMTfied_filtered/Snowstorm/PureNu/22018/15/PMTfied_13.parquet
2025-02-15 12:08:00 - INFO - Filtered PMTfied file saved to: /lustre/hpc/project/icecube/HE_Nu_Aske_Oct2024/PMTfied_filtered/Snowstorm/PureNu/22018/15/PMTfied_8.parquet
2025-02-15 12:08:02 - INFO - Filtered PMTfied file saved to: /lustre/hpc/project/icecube/HE_Nu_Aske_Oct2024/PMTfied_filtered/Snowstorm/PureNu/22018/15/PMTfied_4.parquet
2025-02-15 12:08:03 - INFO - Filtered PMTfied file saved to: /lustre/hpc/project/icecube/HE_Nu_Aske_Oct2024/PMTfied_filtered/Snowstorm/PureNu/22018/15/PMTfied_1.parquet
2025-02-15 12:08:04 - INFO - Filtered PMTfied file saved to: /lustre/hpc/project/icecube/HE_Nu_Aske_Oct2024/PMTfied_filtered/Snowstorm/PureNu/22018/15/PMTfied_5.parquet
2025-02-15 12:08:05 - INFO - Filtered PMTfied file saved to: /lustre/hpc/project/icecube/HE_Nu_Aske_Oct2024/PMTfied_filtered/Snowstorm/PureNu/22018/15/PMTfied_9.parquet
2025-02-15 12:08:07 - INFO - Filtered PMTfied file saved to: /lustre/hpc/project/icecube/HE_Nu_Aske_Oct2024/PMTfied_filtered/Snowstorm/PureNu/22018/15/PMTfied_16.parquet
2025-02-15 12:08:08 - INFO - Filtered PMTfied file saved to: /lustre/hpc/project/icecube/HE_Nu_Aske_Oct2024/PMTfied_filtered/Snowstorm/PureNu/22018/15/PMTfied_12.parquet
2025-02-15 12:08:09 - INFO - Filtered PMTfied file saved to: /lustre/hpc/project/icecube/HE_Nu_Aske_Oct2024/PMTfied_filtered/Snowstorm/PureNu/22018/15/PMTfied_3.parquet
2025-02-15 12:08:11 - INFO - Filtered PMTfied file saved to: /lustre/hpc/project/icecube/HE_Nu_Aske_Oct2024/PMTfied_filtered/Snowstorm/PureNu/22018/15/PMTfied_7.parquet
2025-02-15 12:08:12 - INFO - Filtered PMTfied file saved to: /lustre/hpc/project/icecube/HE_Nu_Aske_Oct2024/PMTfied_filtered/Snowstorm/PureNu/22018/15/PMTfied_14.parquet
2025-02-15 12:08:14 - INFO - Filtered PMTfied file saved to: /lustre/hpc/project/icecube/HE_Nu_Aske_Oct2024/PMTfied_filtered/Snowstorm/PureNu/22018/15/PMTfied_10.parquet
2025-02-15 12:08:15 - INFO - Filtered PMTfied file saved to: /lustre/hpc/project/icecube/HE_Nu_Aske_Oct2024/PMTfied_filtered/Snowstorm/PureNu/22018/15/PMTfied_15.parquet
2025-02-15 12:08:16 - INFO - Filtered PMTfied file saved to: /lustre/hpc/project/icecube/HE_Nu_Aske_Oct2024/PMTfied_filtered/Snowstorm/PureNu/22018/15/PMTfied_11.parquet
2025-02-15 12:08:17 - INFO - Filtered PMTfied file saved to: /lustre/hpc/project/icecube/HE_Nu_Aske_Oct2024/PMTfied_filtered/Snowstorm/PureNu/22018/15/PMTfied_2.parquet
2025-02-15 12:08:19 - INFO - Filtered PMTfied file saved to: /lustre/hpc/project/icecube/HE_Nu_Aske_Oct2024/PMTfied_filtered/Snowstorm/PureNu/22018/15/PMTfied_6.parquet
2025-02-15 12:08:19 - INFO - Filtering process completed.
2025-02-15 12:08:19 - INFO - Filtering process completed.
2025-02-15 12:08:19 - INFO - Unified receipt generated: /lustre/hpc/project/icecube/HE_Nu_Aske_Oct2024/PMTfied_filtered/Snowstorm/PureNu/22018/[Receipt]22018_15.json
2025-02-15 12:08:19 - INFO - Filtering process completed.
Job completed at Sat Feb 15 12:08:19 PM CET 2025
