Starting job at Mon Feb 17 04:01:01 PM CET 2025
Running Filter_by_part.py for subdirectory 22018, part 16
2025-02-17 16:01:01 - INFO - Event filtering process starts...
2025-02-17 16:01:01 - INFO - Initialized PureNeutrinoEventFilter filter for 22018/16
2025-02-17 16:01:02 - INFO - Loaded 18 event specifier files from /lustre/hpc/project/icecube/HE_Nu_Aske_Oct2024/clean_events_dict/22018/22018/reduced
2025-02-17 16:01:02 - INFO - Selected 9 CSV files covering event range [9974, 18346]
2025-02-17 16:01:02 - INFO - Loaded 390935 valid (RunID, EventID) pairs from CSV files
2025-02-17 16:01:02 - INFO - Extracted 25207 valid events based on pure neutrino events.
2025-02-17 16:01:02 - INFO - Initialized CompositeEventFilter filter for 22018/16
2025-02-17 16:01:02 - INFO - Initialized (PureNu)
2025-02-17 16:01:02 - INFO - Starting filtering process for 22018/16
2025-02-17 16:01:02 - INFO - Starting filtering process for 22018/16
2025-02-17 16:01:03 - INFO - Recalculated 'offset' column based on 'N_doms' values within each 'shard_no' group.
2025-02-17 16:01:03 - INFO - Filtered truth file saved to: /lustre/hpc/project/icecube/HE_Nu_Aske_Oct2024/PMTfied_filtered/Snowstorm/PureNu/22018/truth_16.parquet
2025-02-17 16:01:04 - INFO - Filtered PMTfied file saved to: /lustre/hpc/project/icecube/HE_Nu_Aske_Oct2024/PMTfied_filtered/Snowstorm/PureNu/22018/16/PMTfied_8.parquet
2025-02-17 16:01:04 - INFO - Filtered PMTfied file saved to: /lustre/hpc/project/icecube/HE_Nu_Aske_Oct2024/PMTfied_filtered/Snowstorm/PureNu/22018/16/PMTfied_4.parquet
2025-02-17 16:01:05 - INFO - Filtered PMTfied file saved to: /lustre/hpc/project/icecube/HE_Nu_Aske_Oct2024/PMTfied_filtered/Snowstorm/PureNu/22018/16/PMTfied_11.parquet
2025-02-17 16:01:06 - INFO - Filtered PMTfied file saved to: /lustre/hpc/project/icecube/HE_Nu_Aske_Oct2024/PMTfied_filtered/Snowstorm/PureNu/22018/16/PMTfied_15.parquet
2025-02-17 16:01:06 - INFO - Filtered PMTfied file saved to: /lustre/hpc/project/icecube/HE_Nu_Aske_Oct2024/PMTfied_filtered/Snowstorm/PureNu/22018/16/PMTfied_10.parquet
2025-02-17 16:01:07 - INFO - Filtered PMTfied file saved to: /lustre/hpc/project/icecube/HE_Nu_Aske_Oct2024/PMTfied_filtered/Snowstorm/PureNu/22018/16/PMTfied_14.parquet
2025-02-17 16:01:07 - INFO - Filtered PMTfied file saved to: /lustre/hpc/project/icecube/HE_Nu_Aske_Oct2024/PMTfied_filtered/Snowstorm/PureNu/22018/16/PMTfied_18.parquet
2025-02-17 16:01:08 - INFO - Filtered PMTfied file saved to: /lustre/hpc/project/icecube/HE_Nu_Aske_Oct2024/PMTfied_filtered/Snowstorm/PureNu/22018/16/PMTfied_5.parquet
2025-02-17 16:01:09 - INFO - Filtered PMTfied file saved to: /lustre/hpc/project/icecube/HE_Nu_Aske_Oct2024/PMTfied_filtered/Snowstorm/PureNu/22018/16/PMTfied_1.parquet
2025-02-17 16:01:10 - INFO - Filtered PMTfied file saved to: /lustre/hpc/project/icecube/HE_Nu_Aske_Oct2024/PMTfied_filtered/Snowstorm/PureNu/22018/16/PMTfied_9.parquet
2025-02-17 16:01:10 - INFO - Filtered PMTfied file saved to: /lustre/hpc/project/icecube/HE_Nu_Aske_Oct2024/PMTfied_filtered/Snowstorm/PureNu/22018/16/PMTfied_12.parquet
2025-02-17 16:01:11 - INFO - Filtered PMTfied file saved to: /lustre/hpc/project/icecube/HE_Nu_Aske_Oct2024/PMTfied_filtered/Snowstorm/PureNu/22018/16/PMTfied_16.parquet
2025-02-17 16:01:12 - INFO - Filtered PMTfied file saved to: /lustre/hpc/project/icecube/HE_Nu_Aske_Oct2024/PMTfied_filtered/Snowstorm/PureNu/22018/16/PMTfied_7.parquet
2025-02-17 16:01:12 - INFO - Filtered PMTfied file saved to: /lustre/hpc/project/icecube/HE_Nu_Aske_Oct2024/PMTfied_filtered/Snowstorm/PureNu/22018/16/PMTfied_3.parquet
2025-02-17 16:01:13 - INFO - Filtered PMTfied file saved to: /lustre/hpc/project/icecube/HE_Nu_Aske_Oct2024/PMTfied_filtered/Snowstorm/PureNu/22018/16/PMTfied_6.parquet
2025-02-17 16:01:14 - INFO - Filtered PMTfied file saved to: /lustre/hpc/project/icecube/HE_Nu_Aske_Oct2024/PMTfied_filtered/Snowstorm/PureNu/22018/16/PMTfied_2.parquet
2025-02-17 16:01:14 - INFO - Filtered PMTfied file saved to: /lustre/hpc/project/icecube/HE_Nu_Aske_Oct2024/PMTfied_filtered/Snowstorm/PureNu/22018/16/PMTfied_13.parquet
2025-02-17 16:01:15 - INFO - Filtered PMTfied file saved to: /lustre/hpc/project/icecube/HE_Nu_Aske_Oct2024/PMTfied_filtered/Snowstorm/PureNu/22018/16/PMTfied_17.parquet
2025-02-17 16:01:15 - INFO - Filtering process completed.
2025-02-17 16:01:15 - INFO - Filtering process completed.
2025-02-17 16:01:15 - INFO - Unified receipt generated: /lustre/hpc/project/icecube/HE_Nu_Aske_Oct2024/PMTfied_filtered/Snowstorm/PureNu/22018/[Receipt]22018_16.json
2025-02-17 16:01:15 - INFO - Filtering process completed.
Job completed at Mon Feb 17 04:01:15 PM CET 2025
