Starting job at Sat Feb 15 12:13:50 PM CET 2025
Running Filter_by_part.py for subdirectory 22018, part 18
2025-02-15 12:13:50 - INFO - Event filtering process starts...
2025-02-15 12:13:50 - INFO - Initialized PureNeutrinoEventFilter filter for 22018/18
2025-02-15 12:13:51 - INFO - Loaded 18 event specifier files from /lustre/hpc/project/icecube/HE_Nu_Aske_Oct2024/clean_events_dict/22018/22018/reduced
2025-02-15 12:13:51 - INFO - Selected 4 CSV files covering event range [14014, 18434]
2025-02-15 12:13:51 - INFO - Loaded 174258 valid (RunID, EventID) pairs from CSV files
2025-02-15 12:13:51 - INFO - Extracted 23287 valid events based on pure neutrino events.
2025-02-15 12:13:51 - INFO - Initialized CompositeEventFilter filter for 22018/18
2025-02-15 12:13:51 - INFO - Initialized (PureNu)
2025-02-15 12:13:51 - INFO - Starting filtering process for 22018/18
2025-02-15 12:13:51 - INFO - Starting filtering process for 22018/18
2025-02-15 12:13:52 - INFO - Recalculated 'offset' column based on filtered 'N_doms' values.
2025-02-15 12:13:52 - INFO - Filtered truth file saved to: /lustre/hpc/project/icecube/HE_Nu_Aske_Oct2024/PMTfied_filtered/Snowstorm/PureNu/22018/truth_18.parquet
2025-02-15 12:13:54 - INFO - Filtered PMTfied file saved to: /lustre/hpc/project/icecube/HE_Nu_Aske_Oct2024/PMTfied_filtered/Snowstorm/PureNu/22018/18/PMTfied_9.parquet
2025-02-15 12:13:55 - INFO - Filtered PMTfied file saved to: /lustre/hpc/project/icecube/HE_Nu_Aske_Oct2024/PMTfied_filtered/Snowstorm/PureNu/22018/18/PMTfied_1.parquet
2025-02-15 12:13:56 - INFO - Filtered PMTfied file saved to: /lustre/hpc/project/icecube/HE_Nu_Aske_Oct2024/PMTfied_filtered/Snowstorm/PureNu/22018/18/PMTfied_5.parquet
2025-02-15 12:13:58 - INFO - Filtered PMTfied file saved to: /lustre/hpc/project/icecube/HE_Nu_Aske_Oct2024/PMTfied_filtered/Snowstorm/PureNu/22018/18/PMTfied_12.parquet
2025-02-15 12:13:59 - INFO - Filtered PMTfied file saved to: /lustre/hpc/project/icecube/HE_Nu_Aske_Oct2024/PMTfied_filtered/Snowstorm/PureNu/22018/18/PMTfied_16.parquet
2025-02-15 12:14:01 - INFO - Filtered PMTfied file saved to: /lustre/hpc/project/icecube/HE_Nu_Aske_Oct2024/PMTfied_filtered/Snowstorm/PureNu/22018/18/PMTfied_4.parquet
2025-02-15 12:14:02 - INFO - Filtered PMTfied file saved to: /lustre/hpc/project/icecube/HE_Nu_Aske_Oct2024/PMTfied_filtered/Snowstorm/PureNu/22018/18/PMTfied_8.parquet
2025-02-15 12:14:04 - INFO - Filtered PMTfied file saved to: /lustre/hpc/project/icecube/HE_Nu_Aske_Oct2024/PMTfied_filtered/Snowstorm/PureNu/22018/18/PMTfied_13.parquet
2025-02-15 12:14:05 - INFO - Filtered PMTfied file saved to: /lustre/hpc/project/icecube/HE_Nu_Aske_Oct2024/PMTfied_filtered/Snowstorm/PureNu/22018/18/PMTfied_17.parquet
2025-02-15 12:14:06 - INFO - Filtered PMTfied file saved to: /lustre/hpc/project/icecube/HE_Nu_Aske_Oct2024/PMTfied_filtered/Snowstorm/PureNu/22018/18/PMTfied_2.parquet
2025-02-15 12:14:07 - INFO - Filtered PMTfied file saved to: /lustre/hpc/project/icecube/HE_Nu_Aske_Oct2024/PMTfied_filtered/Snowstorm/PureNu/22018/18/PMTfied_6.parquet
2025-02-15 12:14:08 - INFO - Filtered PMTfied file saved to: /lustre/hpc/project/icecube/HE_Nu_Aske_Oct2024/PMTfied_filtered/Snowstorm/PureNu/22018/18/PMTfied_11.parquet
2025-02-15 12:14:10 - INFO - Filtered PMTfied file saved to: /lustre/hpc/project/icecube/HE_Nu_Aske_Oct2024/PMTfied_filtered/Snowstorm/PureNu/22018/18/PMTfied_15.parquet
2025-02-15 12:14:11 - INFO - Filtered PMTfied file saved to: /lustre/hpc/project/icecube/HE_Nu_Aske_Oct2024/PMTfied_filtered/Snowstorm/PureNu/22018/18/PMTfied_3.parquet
2025-02-15 12:14:12 - INFO - Filtered PMTfied file saved to: /lustre/hpc/project/icecube/HE_Nu_Aske_Oct2024/PMTfied_filtered/Snowstorm/PureNu/22018/18/PMTfied_7.parquet
2025-02-15 12:14:13 - INFO - Filtered PMTfied file saved to: /lustre/hpc/project/icecube/HE_Nu_Aske_Oct2024/PMTfied_filtered/Snowstorm/PureNu/22018/18/PMTfied_10.parquet
2025-02-15 12:14:14 - INFO - Filtered PMTfied file saved to: /lustre/hpc/project/icecube/HE_Nu_Aske_Oct2024/PMTfied_filtered/Snowstorm/PureNu/22018/18/PMTfied_14.parquet
2025-02-15 12:14:15 - INFO - Filtered PMTfied file saved to: /lustre/hpc/project/icecube/HE_Nu_Aske_Oct2024/PMTfied_filtered/Snowstorm/PureNu/22018/18/PMTfied_18.parquet
2025-02-15 12:14:15 - INFO - Filtering process completed.
2025-02-15 12:14:15 - INFO - Filtering process completed.
2025-02-15 12:14:15 - INFO - Unified receipt generated: /lustre/hpc/project/icecube/HE_Nu_Aske_Oct2024/PMTfied_filtered/Snowstorm/PureNu/22018/[Receipt]22018_18.json
2025-02-15 12:14:15 - INFO - Filtering process completed.
Job completed at Sat Feb 15 12:14:15 PM CET 2025
