Starting job at Thu Feb 13 06:33:05 PM CET 2025
Running Filter_by_part.py for subdirectory 22018, part 8
2025-02-13 18:33:05 - INFO - Event filtering process starts...
2025-02-13 18:33:05 - INFO - Initialized PureNeutrinoEventFilter
2025-02-13 18:33:05 - INFO - Starting filtering process for 22018/8
2025-02-13 18:33:05 - INFO - Loaded 18 event specifier files from /lustre/hpc/project/icecube/HE_Nu_Aske_Oct2024/clean_events_dict/22018/22018/reduced
2025-02-13 18:33:05 - INFO - Selected 6 CSV files covering event range [4717, 9170]
2025-02-13 18:33:06 - INFO - Loaded 260667 valid (RunID, EventID) pairs from CSV files
2025-02-13 18:33:07 - INFO - Recalculated 'offset' column based on filtered 'N_doms' values.
2025-02-13 18:33:07 - INFO - Filtered truth file saved to: /lustre/hpc/project/icecube/HE_Nu_Aske_Oct2024/PMTfied_filtered/PureNu/Snowstorm/22018/truth_8.parquet
2025-02-13 18:33:07 - INFO - Receipt file saved to: /lustre/hpc/project/icecube/HE_Nu_Aske_Oct2024/PMTfied_filtered/PureNu/Snowstorm/22018/[Receipt]22018_8.json
2025-02-13 18:33:09 - INFO - Filtered PMTfied file saved to: /lustre/hpc/project/icecube/HE_Nu_Aske_Oct2024/PMTfied_filtered/PureNu/Snowstorm/22018/8/PMTfied_4.parquet
2025-02-13 18:33:10 - INFO - Filtered PMTfied file saved to: /lustre/hpc/project/icecube/HE_Nu_Aske_Oct2024/PMTfied_filtered/PureNu/Snowstorm/22018/8/PMTfied_8.parquet
2025-02-13 18:33:12 - INFO - Filtered PMTfied file saved to: /lustre/hpc/project/icecube/HE_Nu_Aske_Oct2024/PMTfied_filtered/PureNu/Snowstorm/22018/8/PMTfied_12.parquet
2025-02-13 18:33:13 - INFO - Filtered PMTfied file saved to: /lustre/hpc/project/icecube/HE_Nu_Aske_Oct2024/PMTfied_filtered/PureNu/Snowstorm/22018/8/PMTfied_16.parquet
2025-02-13 18:33:14 - INFO - Filtered PMTfied file saved to: /lustre/hpc/project/icecube/HE_Nu_Aske_Oct2024/PMTfied_filtered/PureNu/Snowstorm/22018/8/PMTfied_9.parquet
2025-02-13 18:33:15 - INFO - Filtered PMTfied file saved to: /lustre/hpc/project/icecube/HE_Nu_Aske_Oct2024/PMTfied_filtered/PureNu/Snowstorm/22018/8/PMTfied_13.parquet
2025-02-13 18:33:16 - INFO - Filtered PMTfied file saved to: /lustre/hpc/project/icecube/HE_Nu_Aske_Oct2024/PMTfied_filtered/PureNu/Snowstorm/22018/8/PMTfied_17.parquet
2025-02-13 18:33:18 - INFO - Filtered PMTfied file saved to: /lustre/hpc/project/icecube/HE_Nu_Aske_Oct2024/PMTfied_filtered/PureNu/Snowstorm/22018/8/PMTfied_5.parquet
2025-02-13 18:33:19 - INFO - Filtered PMTfied file saved to: /lustre/hpc/project/icecube/HE_Nu_Aske_Oct2024/PMTfied_filtered/PureNu/Snowstorm/22018/8/PMTfied_1.parquet
2025-02-13 18:33:20 - INFO - Filtered PMTfied file saved to: /lustre/hpc/project/icecube/HE_Nu_Aske_Oct2024/PMTfied_filtered/PureNu/Snowstorm/22018/8/PMTfied_11.parquet
2025-02-13 18:33:21 - INFO - Filtered PMTfied file saved to: /lustre/hpc/project/icecube/HE_Nu_Aske_Oct2024/PMTfied_filtered/PureNu/Snowstorm/22018/8/PMTfied_15.parquet
2025-02-13 18:33:23 - INFO - Filtered PMTfied file saved to: /lustre/hpc/project/icecube/HE_Nu_Aske_Oct2024/PMTfied_filtered/PureNu/Snowstorm/22018/8/PMTfied_7.parquet
2025-02-13 18:33:24 - INFO - Filtered PMTfied file saved to: /lustre/hpc/project/icecube/HE_Nu_Aske_Oct2024/PMTfied_filtered/PureNu/Snowstorm/22018/8/PMTfied_3.parquet
2025-02-13 18:33:25 - INFO - Filtered PMTfied file saved to: /lustre/hpc/project/icecube/HE_Nu_Aske_Oct2024/PMTfied_filtered/PureNu/Snowstorm/22018/8/PMTfied_6.parquet
2025-02-13 18:33:26 - INFO - Filtered PMTfied file saved to: /lustre/hpc/project/icecube/HE_Nu_Aske_Oct2024/PMTfied_filtered/PureNu/Snowstorm/22018/8/PMTfied_2.parquet
2025-02-13 18:33:26 - INFO - Filtered PMTfied file saved to: /lustre/hpc/project/icecube/HE_Nu_Aske_Oct2024/PMTfied_filtered/PureNu/Snowstorm/22018/8/PMTfied_18.parquet
2025-02-13 18:33:28 - INFO - Filtered PMTfied file saved to: /lustre/hpc/project/icecube/HE_Nu_Aske_Oct2024/PMTfied_filtered/PureNu/Snowstorm/22018/8/PMTfied_10.parquet
2025-02-13 18:33:29 - INFO - Filtered PMTfied file saved to: /lustre/hpc/project/icecube/HE_Nu_Aske_Oct2024/PMTfied_filtered/PureNu/Snowstorm/22018/8/PMTfied_14.parquet
2025-02-13 18:33:29 - INFO - Filtering process completed.
2025-02-13 18:33:29 - INFO - Filtering process completed for all selected filters.
2025-02-13 18:33:29 - INFO - Execution time: 23.51 seconds
2025-02-13 18:33:29 - INFO - Updated receipt with execution time: /lustre/hpc/project/icecube/HE_Nu_Aske_Oct2024/PMTfied_filtered/PureNu/Snowstorm/22018/[Receipt]22018_8.json
Job completed at Thu Feb 13 06:33:29 PM CET 2025
