Starting job at Sat Feb 15 01:51:36 PM CET 2025
Running Filter_by_part.py for subdirectory 22018, part 13
2025-02-15 13:51:37 - INFO - Event filtering process starts...
2025-02-15 13:51:37 - INFO - Initialized PureNeutrinoEventFilter filter for 22018/13
2025-02-15 13:51:37 - INFO - Loaded 18 event specifier files from /lustre/hpc/project/icecube/HE_Nu_Aske_Oct2024/clean_events_dict/22018/22018/reduced
2025-02-15 13:51:37 - INFO - Selected 5 CSV files covering event range [9384, 13816]
2025-02-15 13:51:37 - INFO - Loaded 216677 valid (RunID, EventID) pairs from CSV files
2025-02-15 13:51:37 - INFO - Extracted 25267 valid events based on pure neutrino events.
2025-02-15 13:51:37 - INFO - Initialized Muon13Filter filter for 22018/13
2025-02-15 13:51:37 - INFO - Extracted 28954 valid events where MuonFilter_13==True.
2025-02-15 13:51:37 - INFO - Initialized CompositeEventFilter filter for 22018/13
2025-02-15 13:51:37 - INFO - Initialized (MuonLike_PureNu)
2025-02-15 13:51:37 - INFO - Starting filtering process for 22018/13
2025-02-15 13:51:37 - INFO - Starting filtering process for 22018/13
2025-02-15 13:51:38 - INFO - Recalculated 'offset' column based on filtered 'N_doms' values.
2025-02-15 13:51:39 - INFO - Filtered truth file saved to: /lustre/hpc/project/icecube/HE_Nu_Aske_Oct2024/PMTfied_filtered/Snowstorm/MuonLike_PureNu/22018/truth_13.parquet
2025-02-15 13:51:40 - INFO - Filtered PMTfied file saved to: /lustre/hpc/project/icecube/HE_Nu_Aske_Oct2024/PMTfied_filtered/Snowstorm/MuonLike_PureNu/22018/13/PMTfied_9.parquet
2025-02-15 13:51:41 - INFO - Filtered PMTfied file saved to: /lustre/hpc/project/icecube/HE_Nu_Aske_Oct2024/PMTfied_filtered/Snowstorm/MuonLike_PureNu/22018/13/PMTfied_1.parquet
2025-02-15 13:51:42 - INFO - Filtered PMTfied file saved to: /lustre/hpc/project/icecube/HE_Nu_Aske_Oct2024/PMTfied_filtered/Snowstorm/MuonLike_PureNu/22018/13/PMTfied_5.parquet
2025-02-15 13:51:43 - INFO - Filtered PMTfied file saved to: /lustre/hpc/project/icecube/HE_Nu_Aske_Oct2024/PMTfied_filtered/Snowstorm/MuonLike_PureNu/22018/13/PMTfied_14.parquet
2025-02-15 13:51:44 - INFO - Filtered PMTfied file saved to: /lustre/hpc/project/icecube/HE_Nu_Aske_Oct2024/PMTfied_filtered/Snowstorm/MuonLike_PureNu/22018/13/PMTfied_10.parquet
2025-02-15 13:51:45 - INFO - Filtered PMTfied file saved to: /lustre/hpc/project/icecube/HE_Nu_Aske_Oct2024/PMTfied_filtered/Snowstorm/MuonLike_PureNu/22018/13/PMTfied_4.parquet
2025-02-15 13:51:46 - INFO - Filtered PMTfied file saved to: /lustre/hpc/project/icecube/HE_Nu_Aske_Oct2024/PMTfied_filtered/Snowstorm/MuonLike_PureNu/22018/13/PMTfied_8.parquet
2025-02-15 13:51:48 - INFO - Filtered PMTfied file saved to: /lustre/hpc/project/icecube/HE_Nu_Aske_Oct2024/PMTfied_filtered/Snowstorm/MuonLike_PureNu/22018/13/PMTfied_15.parquet
2025-02-15 13:51:49 - INFO - Filtered PMTfied file saved to: /lustre/hpc/project/icecube/HE_Nu_Aske_Oct2024/PMTfied_filtered/Snowstorm/MuonLike_PureNu/22018/13/PMTfied_11.parquet
2025-02-15 13:51:50 - INFO - Filtered PMTfied file saved to: /lustre/hpc/project/icecube/HE_Nu_Aske_Oct2024/PMTfied_filtered/Snowstorm/MuonLike_PureNu/22018/13/PMTfied_2.parquet
2025-02-15 13:51:51 - INFO - Filtered PMTfied file saved to: /lustre/hpc/project/icecube/HE_Nu_Aske_Oct2024/PMTfied_filtered/Snowstorm/MuonLike_PureNu/22018/13/PMTfied_6.parquet
2025-02-15 13:51:52 - INFO - Filtered PMTfied file saved to: /lustre/hpc/project/icecube/HE_Nu_Aske_Oct2024/PMTfied_filtered/Snowstorm/MuonLike_PureNu/22018/13/PMTfied_17.parquet
2025-02-15 13:51:53 - INFO - Filtered PMTfied file saved to: /lustre/hpc/project/icecube/HE_Nu_Aske_Oct2024/PMTfied_filtered/Snowstorm/MuonLike_PureNu/22018/13/PMTfied_13.parquet
2025-02-15 13:51:54 - INFO - Filtered PMTfied file saved to: /lustre/hpc/project/icecube/HE_Nu_Aske_Oct2024/PMTfied_filtered/Snowstorm/MuonLike_PureNu/22018/13/PMTfied_3.parquet
2025-02-15 13:51:56 - INFO - Filtered PMTfied file saved to: /lustre/hpc/project/icecube/HE_Nu_Aske_Oct2024/PMTfied_filtered/Snowstorm/MuonLike_PureNu/22018/13/PMTfied_7.parquet
2025-02-15 13:51:57 - INFO - Filtered PMTfied file saved to: /lustre/hpc/project/icecube/HE_Nu_Aske_Oct2024/PMTfied_filtered/Snowstorm/MuonLike_PureNu/22018/13/PMTfied_16.parquet
2025-02-15 13:51:58 - INFO - Filtered PMTfied file saved to: /lustre/hpc/project/icecube/HE_Nu_Aske_Oct2024/PMTfied_filtered/Snowstorm/MuonLike_PureNu/22018/13/PMTfied_12.parquet
2025-02-15 13:51:58 - INFO - Filtering process completed.
2025-02-15 13:51:58 - INFO - Filtering process completed.
2025-02-15 13:51:58 - INFO - Unified receipt generated: /lustre/hpc/project/icecube/HE_Nu_Aske_Oct2024/PMTfied_filtered/Snowstorm/MuonLike_PureNu/22018/[Receipt]22018_13.json
2025-02-15 13:51:58 - INFO - Filtering process completed.
Job completed at Sat Feb 15 01:51:58 PM CET 2025
