2024-12-01 18:54:13 - INFO - PMTfication by part starts...
2024-12-01 18:54:13 - INFO - Processing file: merged_part_1.db
2024-12-01 18:54:13 - INFO - Using up to 48 workers.
2024-12-01 18:54:33 - INFO - Processing shard 1 of part 1 in subdirectory 22011.
2024-12-01 19:12:01 - INFO - Processing shard 2 of part 1 in subdirectory 22011.
2024-12-01 19:21:30 - INFO - Processing shard 3 of part 1 in subdirectory 22011.
2024-12-01 19:30:58 - INFO - Processing shard 4 of part 1 in subdirectory 22011.
2024-12-01 19:41:35 - INFO - Processing shard 5 of part 1 in subdirectory 22011.
2024-12-01 19:57:35 - INFO - Processing shard 6 of part 1 in subdirectory 22011.
2024-12-01 20:07:51 - INFO - Processing shard 7 of part 1 in subdirectory 22011.
2024-12-01 20:20:54 - INFO - Processing shard 8 of part 1 in subdirectory 22011.
2024-12-01 20:30:41 - INFO - Processing shard 9 of part 1 in subdirectory 22011.
2024-12-01 20:40:26 - INFO - Processing shard 10 of part 1 in subdirectory 22011.
2024-12-01 20:50:45 - INFO - Processing shard 11 of part 1 in subdirectory 22011.
2024-12-01 21:00:42 - INFO - Processing shard 12 of part 1 in subdirectory 22011.
2024-12-01 21:10:28 - INFO - Processing shard 13 of part 1 in subdirectory 22011.
2024-12-01 21:25:21 - INFO - Processing shard 14 of part 1 in subdirectory 22011.
2024-12-01 21:37:26 - INFO - Processing shard 15 of part 1 in subdirectory 22011.
2024-12-01 21:49:07 - INFO - Processing shard 16 of part 1 in subdirectory 22011.
2024-12-01 21:58:59 - INFO - Processing shard 17 of part 1 in subdirectory 22011.
2024-12-01 22:09:21 - INFO - Processing shard 18 of part 1 in subdirectory 22011.
2024-12-01 22:19:09 - INFO - Processing shard 19 of part 1 in subdirectory 22011.
2024-12-01 22:31:42 - INFO - Processing shard 20 of part 1 in subdirectory 22011.
2024-12-01 22:42:42 - INFO - Processing shard 21 of part 1 in subdirectory 22011.
2024-12-01 22:45:57 - INFO - PMTfication completed.
