2024-12-15 00:59:15 - INFO - PMTfication by part starts...
2024-12-15 00:59:15 - INFO - Processing file: merged_part_4.db
2024-12-15 00:59:15 - INFO - Using up to 32 workers.
2024-12-15 00:59:24 - INFO - Processing shard 1 of part 4 in subdirectory 22011.
2024-12-15 01:08:46 - INFO - Processing shard 2 of part 4 in subdirectory 22011.
2024-12-15 01:09:47 - INFO - Processing shard 3 of part 4 in subdirectory 22011.
2024-12-15 01:10:48 - INFO - Processing shard 4 of part 4 in subdirectory 22011.
2024-12-15 01:11:49 - INFO - Processing shard 5 of part 4 in subdirectory 22011.
2024-12-15 01:12:50 - INFO - Processing shard 6 of part 4 in subdirectory 22011.
2024-12-15 01:13:52 - INFO - Processing shard 7 of part 4 in subdirectory 22011.
2024-12-15 01:14:54 - INFO - Processing shard 8 of part 4 in subdirectory 22011.
2024-12-15 01:15:56 - INFO - Processing shard 9 of part 4 in subdirectory 22011.
2024-12-15 01:16:57 - INFO - Processing shard 10 of part 4 in subdirectory 22011.
2024-12-15 01:17:59 - INFO - Processing shard 11 of part 4 in subdirectory 22011.
2024-12-15 01:18:59 - INFO - Processing shard 12 of part 4 in subdirectory 22011.
2024-12-15 01:20:00 - INFO - Processing shard 13 of part 4 in subdirectory 22011.
2024-12-15 01:21:01 - INFO - Processing shard 14 of part 4 in subdirectory 22011.
2024-12-15 01:22:02 - INFO - Processing shard 15 of part 4 in subdirectory 22011.
2024-12-15 01:23:03 - INFO - Processing shard 16 of part 4 in subdirectory 22011.
2024-12-15 01:24:04 - INFO - Processing shard 17 of part 4 in subdirectory 22011.
2024-12-15 01:25:05 - INFO - Processing shard 18 of part 4 in subdirectory 22011.
2024-12-15 01:26:06 - INFO - Processing shard 19 of part 4 in subdirectory 22011.
2024-12-15 01:27:07 - INFO - Processing shard 20 of part 4 in subdirectory 22011.
2024-12-15 01:28:04 - INFO - Processing shard 21 of part 4 in subdirectory 22011.
2024-12-15 01:28:48 - INFO - PMTfication completed.
