2024-12-17 03:14:56 - INFO - PMTfication by part starts...
2024-12-17 03:14:56 - INFO - Processing file: merged_part_8.db
2024-12-17 03:14:56 - INFO - Using up to 40 workers.
2024-12-17 03:15:08 - INFO - Processing shard 1 of part 8 in subdirectory 22011.
2024-12-17 03:31:51 - INFO - Processing shard 2 of part 8 in subdirectory 22011.
2024-12-17 03:47:47 - INFO - Processing shard 3 of part 8 in subdirectory 22011.
2024-12-17 04:03:19 - INFO - Processing shard 4 of part 8 in subdirectory 22011.
2024-12-17 04:18:34 - INFO - Processing shard 5 of part 8 in subdirectory 22011.
2024-12-17 04:32:29 - INFO - Processing shard 6 of part 8 in subdirectory 22011.
2024-12-17 04:42:54 - INFO - Processing shard 7 of part 8 in subdirectory 22011.
2024-12-17 04:52:01 - INFO - Processing shard 8 of part 8 in subdirectory 22011.
2024-12-17 05:02:06 - INFO - Processing shard 9 of part 8 in subdirectory 22011.
2024-12-17 05:12:14 - INFO - Processing shard 10 of part 8 in subdirectory 22011.
2024-12-17 05:22:22 - INFO - Processing shard 11 of part 8 in subdirectory 22011.
2024-12-17 05:38:31 - INFO - Processing shard 12 of part 8 in subdirectory 22011.
2024-12-17 05:48:39 - INFO - Processing shard 13 of part 8 in subdirectory 22011.
2024-12-17 05:58:35 - INFO - Processing shard 14 of part 8 in subdirectory 22011.
2024-12-17 06:08:37 - INFO - Processing shard 15 of part 8 in subdirectory 22011.
2024-12-17 06:18:50 - INFO - Processing shard 16 of part 8 in subdirectory 22011.
2024-12-17 06:28:30 - INFO - Processing shard 17 of part 8 in subdirectory 22011.
2024-12-17 06:39:05 - INFO - Processing shard 18 of part 8 in subdirectory 22011.
2024-12-17 06:52:00 - INFO - Processing shard 19 of part 8 in subdirectory 22011.
2024-12-17 07:04:47 - INFO - Processing shard 20 of part 8 in subdirectory 22011.
2024-12-17 07:15:26 - INFO - Processing shard 21 of part 8 in subdirectory 22011.
2024-12-17 07:17:30 - INFO - PMTfication completed.
