2024-12-17 03:25:01 - INFO - PMTfication by part starts...
2024-12-17 03:25:01 - INFO - Processing file: merged_part_9.db
2024-12-17 03:25:01 - INFO - Using up to 40 workers.
2024-12-17 03:25:14 - INFO - Processing shard 1 of part 9 in subdirectory 22011.
2024-12-17 03:42:09 - INFO - Processing shard 2 of part 9 in subdirectory 22011.
2024-12-17 03:56:02 - INFO - Processing shard 3 of part 9 in subdirectory 22011.
2024-12-17 04:05:50 - INFO - Processing shard 4 of part 9 in subdirectory 22011.
2024-12-17 04:15:46 - INFO - Processing shard 5 of part 9 in subdirectory 22011.
2024-12-17 04:25:42 - INFO - Processing shard 6 of part 9 in subdirectory 22011.
2024-12-17 04:37:12 - INFO - Processing shard 7 of part 9 in subdirectory 22011.
2024-12-17 04:52:39 - INFO - Processing shard 8 of part 9 in subdirectory 22011.
2024-12-17 05:04:10 - INFO - Processing shard 9 of part 9 in subdirectory 22011.
2024-12-17 05:14:17 - INFO - Processing shard 10 of part 9 in subdirectory 22011.
2024-12-17 05:24:03 - INFO - Processing shard 11 of part 9 in subdirectory 22011.
2024-12-17 05:33:38 - INFO - Processing shard 12 of part 9 in subdirectory 22011.
2024-12-17 05:43:58 - INFO - Processing shard 13 of part 9 in subdirectory 22011.
2024-12-17 05:54:12 - INFO - Processing shard 14 of part 9 in subdirectory 22011.
2024-12-17 06:08:41 - INFO - Processing shard 15 of part 9 in subdirectory 22011.
2024-12-17 06:17:39 - INFO - Processing shard 16 of part 9 in subdirectory 22011.
2024-12-17 06:30:45 - INFO - Processing shard 17 of part 9 in subdirectory 22011.
2024-12-17 06:40:56 - INFO - Processing shard 18 of part 9 in subdirectory 22011.
2024-12-17 06:50:25 - INFO - Processing shard 19 of part 9 in subdirectory 22011.
2024-12-17 06:59:51 - INFO - Processing shard 20 of part 9 in subdirectory 22011.
2024-12-17 07:09:57 - INFO - Processing shard 21 of part 9 in subdirectory 22011.
2024-12-17 07:11:51 - INFO - PMTfication completed.
