Starting job at Thu Feb 13 04:47:11 PM CET 2025
Running Filter_by_part.py for subdirectory 22011, part 1
2025-02-13 16:47:11 - INFO - Event filtering process starts...
2025-02-13 16:47:11 - INFO - Initialized Muon13Filter
2025-02-13 16:47:11 - INFO - Starting filtering process for 22011/1
2025-02-13 16:47:26 - INFO - Recalculated 'offset' column based on filtered 'N_doms' values.
2025-02-13 16:47:29 - INFO - Filtered truth file saved to: /lustre/hpc/project/icecube/HE_Nu_Aske_Oct2024/PMTfied_filtered/MuonLike/Snowstorm/22011/truth_1.parquet
2025-02-13 16:47:29 - INFO - Receipt file saved to: /lustre/hpc/project/icecube/HE_Nu_Aske_Oct2024/PMTfied_filtered/MuonLike/Snowstorm/22011/[Receipt]22011_1.json
2025-02-13 16:47:33 - INFO - Filtered PMTfied file saved to: /lustre/hpc/project/icecube/HE_Nu_Aske_Oct2024/PMTfied_filtered/MuonLike/Snowstorm/22011/1/PMTfied_15.parquet
2025-02-13 16:47:37 - INFO - Filtered PMTfied file saved to: /lustre/hpc/project/icecube/HE_Nu_Aske_Oct2024/PMTfied_filtered/MuonLike/Snowstorm/22011/1/PMTfied_11.parquet
2025-02-13 16:47:41 - INFO - Filtered PMTfied file saved to: /lustre/hpc/project/icecube/HE_Nu_Aske_Oct2024/PMTfied_filtered/MuonLike/Snowstorm/22011/1/PMTfied_19.parquet
2025-02-13 16:47:45 - INFO - Filtered PMTfied file saved to: /lustre/hpc/project/icecube/HE_Nu_Aske_Oct2024/PMTfied_filtered/MuonLike/Snowstorm/22011/1/PMTfied_6.parquet
2025-02-13 16:47:49 - INFO - Filtered PMTfied file saved to: /lustre/hpc/project/icecube/HE_Nu_Aske_Oct2024/PMTfied_filtered/MuonLike/Snowstorm/22011/1/PMTfied_2.parquet
2025-02-13 16:47:53 - INFO - Filtered PMTfied file saved to: /lustre/hpc/project/icecube/HE_Nu_Aske_Oct2024/PMTfied_filtered/MuonLike/Snowstorm/22011/1/PMTfied_7.parquet
2025-02-13 16:47:57 - INFO - Filtered PMTfied file saved to: /lustre/hpc/project/icecube/HE_Nu_Aske_Oct2024/PMTfied_filtered/MuonLike/Snowstorm/22011/1/PMTfied_3.parquet
2025-02-13 16:48:04 - INFO - Filtered PMTfied file saved to: /lustre/hpc/project/icecube/HE_Nu_Aske_Oct2024/PMTfied_filtered/MuonLike/Snowstorm/22011/1/PMTfied_18.parquet
2025-02-13 16:48:08 - INFO - Filtered PMTfied file saved to: /lustre/hpc/project/icecube/HE_Nu_Aske_Oct2024/PMTfied_filtered/MuonLike/Snowstorm/22011/1/PMTfied_14.parquet
2025-02-13 16:48:12 - INFO - Filtered PMTfied file saved to: /lustre/hpc/project/icecube/HE_Nu_Aske_Oct2024/PMTfied_filtered/MuonLike/Snowstorm/22011/1/PMTfied_10.parquet
2025-02-13 16:48:16 - INFO - Filtered PMTfied file saved to: /lustre/hpc/project/icecube/HE_Nu_Aske_Oct2024/PMTfied_filtered/MuonLike/Snowstorm/22011/1/PMTfied_20.parquet
2025-02-13 16:48:20 - INFO - Filtered PMTfied file saved to: /lustre/hpc/project/icecube/HE_Nu_Aske_Oct2024/PMTfied_filtered/MuonLike/Snowstorm/22011/1/PMTfied_9.parquet
2025-02-13 16:48:24 - INFO - Filtered PMTfied file saved to: /lustre/hpc/project/icecube/HE_Nu_Aske_Oct2024/PMTfied_filtered/MuonLike/Snowstorm/22011/1/PMTfied_5.parquet
2025-02-13 16:48:28 - INFO - Filtered PMTfied file saved to: /lustre/hpc/project/icecube/HE_Nu_Aske_Oct2024/PMTfied_filtered/MuonLike/Snowstorm/22011/1/PMTfied_1.parquet
2025-02-13 16:48:32 - INFO - Filtered PMTfied file saved to: /lustre/hpc/project/icecube/HE_Nu_Aske_Oct2024/PMTfied_filtered/MuonLike/Snowstorm/22011/1/PMTfied_16.parquet
2025-02-13 16:48:36 - INFO - Filtered PMTfied file saved to: /lustre/hpc/project/icecube/HE_Nu_Aske_Oct2024/PMTfied_filtered/MuonLike/Snowstorm/22011/1/PMTfied_12.parquet
2025-02-13 16:48:40 - INFO - Filtered PMTfied file saved to: /lustre/hpc/project/icecube/HE_Nu_Aske_Oct2024/PMTfied_filtered/MuonLike/Snowstorm/22011/1/PMTfied_17.parquet
2025-02-13 16:48:44 - INFO - Filtered PMTfied file saved to: /lustre/hpc/project/icecube/HE_Nu_Aske_Oct2024/PMTfied_filtered/MuonLike/Snowstorm/22011/1/PMTfied_13.parquet
2025-02-13 16:48:44 - INFO - Filtered PMTfied file saved to: /lustre/hpc/project/icecube/HE_Nu_Aske_Oct2024/PMTfied_filtered/MuonLike/Snowstorm/22011/1/PMTfied_21.parquet
2025-02-13 16:48:48 - INFO - Filtered PMTfied file saved to: /lustre/hpc/project/icecube/HE_Nu_Aske_Oct2024/PMTfied_filtered/MuonLike/Snowstorm/22011/1/PMTfied_4.parquet
2025-02-13 16:48:52 - INFO - Filtered PMTfied file saved to: /lustre/hpc/project/icecube/HE_Nu_Aske_Oct2024/PMTfied_filtered/MuonLike/Snowstorm/22011/1/PMTfied_8.parquet
2025-02-13 16:48:52 - INFO - Filtering process completed.
2025-02-13 16:48:52 - INFO - Filtering process completed for all selected filters.
2025-02-13 16:48:52 - INFO - Execution time: 100.84 seconds
2025-02-13 16:48:52 - INFO - Updated receipt with execution time: /lustre/hpc/project/icecube/HE_Nu_Aske_Oct2024/PMTfied_filtered/MuonLike/Snowstorm/22011/[Receipt]22011_1.json
Job completed at Thu Feb 13 04:48:52 PM CET 2025
