Starting job at Sat Feb 15 12:08:46 PM CET 2025
Running Filter_by_part.py for subdirectory 22011, part 9
2025-02-15 12:08:48 - INFO - Event filtering process starts...
2025-02-15 12:08:48 - INFO - Initialized PureNeutrinoEventFilter filter for 22011/9
2025-02-15 12:08:51 - INFO - Loaded 5 event specifier files from /lustre/hpc/project/icecube/HE_Nu_Aske_Oct2024/clean_events_dict/22011/22011/reduced
2025-02-15 12:08:51 - INFO - Selected 2 CSV files covering event range [3449, 4497]
2025-02-15 12:08:54 - INFO - Loaded 1736211 valid (RunID, EventID) pairs from CSV files
2025-02-15 12:08:55 - INFO - Extracted 304069 valid events based on pure neutrino events.
2025-02-15 12:08:55 - INFO - Initialized CompositeEventFilter filter for 22011/9
2025-02-15 12:08:55 - INFO - Initialized (PureNu)
2025-02-15 12:08:55 - INFO - Starting filtering process for 22011/9
2025-02-15 12:08:55 - INFO - Starting filtering process for 22011/9
2025-02-15 12:09:07 - INFO - Recalculated 'offset' column based on filtered 'N_doms' values.
2025-02-15 12:09:10 - INFO - Filtered truth file saved to: /lustre/hpc/project/icecube/HE_Nu_Aske_Oct2024/PMTfied_filtered/Snowstorm/PureNu/22011/truth_9.parquet
2025-02-15 12:09:14 - INFO - Filtered PMTfied file saved to: /lustre/hpc/project/icecube/HE_Nu_Aske_Oct2024/PMTfied_filtered/Snowstorm/PureNu/22011/9/PMTfied_5.parquet
2025-02-15 12:09:18 - INFO - Filtered PMTfied file saved to: /lustre/hpc/project/icecube/HE_Nu_Aske_Oct2024/PMTfied_filtered/Snowstorm/PureNu/22011/9/PMTfied_1.parquet
2025-02-15 12:09:22 - INFO - Filtered PMTfied file saved to: /lustre/hpc/project/icecube/HE_Nu_Aske_Oct2024/PMTfied_filtered/Snowstorm/PureNu/22011/9/PMTfied_9.parquet
2025-02-15 12:09:26 - INFO - Filtered PMTfied file saved to: /lustre/hpc/project/icecube/HE_Nu_Aske_Oct2024/PMTfied_filtered/Snowstorm/PureNu/22011/9/PMTfied_18.parquet
2025-02-15 12:09:29 - INFO - Filtered PMTfied file saved to: /lustre/hpc/project/icecube/HE_Nu_Aske_Oct2024/PMTfied_filtered/Snowstorm/PureNu/22011/9/PMTfied_10.parquet
2025-02-15 12:09:33 - INFO - Filtered PMTfied file saved to: /lustre/hpc/project/icecube/HE_Nu_Aske_Oct2024/PMTfied_filtered/Snowstorm/PureNu/22011/9/PMTfied_14.parquet
2025-02-15 12:09:38 - INFO - Filtered PMTfied file saved to: /lustre/hpc/project/icecube/HE_Nu_Aske_Oct2024/PMTfied_filtered/Snowstorm/PureNu/22011/9/PMTfied_8.parquet
2025-02-15 12:09:42 - INFO - Filtered PMTfied file saved to: /lustre/hpc/project/icecube/HE_Nu_Aske_Oct2024/PMTfied_filtered/Snowstorm/PureNu/22011/9/PMTfied_4.parquet
2025-02-15 12:09:46 - INFO - Filtered PMTfied file saved to: /lustre/hpc/project/icecube/HE_Nu_Aske_Oct2024/PMTfied_filtered/Snowstorm/PureNu/22011/9/PMTfied_11.parquet
2025-02-15 12:09:50 - INFO - Filtered PMTfied file saved to: /lustre/hpc/project/icecube/HE_Nu_Aske_Oct2024/PMTfied_filtered/Snowstorm/PureNu/22011/9/PMTfied_15.parquet
2025-02-15 12:09:56 - INFO - Filtered PMTfied file saved to: /lustre/hpc/project/icecube/HE_Nu_Aske_Oct2024/PMTfied_filtered/Snowstorm/PureNu/22011/9/PMTfied_19.parquet
2025-02-15 12:09:57 - INFO - Filtered PMTfied file saved to: /lustre/hpc/project/icecube/HE_Nu_Aske_Oct2024/PMTfied_filtered/Snowstorm/PureNu/22011/9/PMTfied_21.parquet
2025-02-15 12:10:00 - INFO - Filtered PMTfied file saved to: /lustre/hpc/project/icecube/HE_Nu_Aske_Oct2024/PMTfied_filtered/Snowstorm/PureNu/22011/9/PMTfied_6.parquet
2025-02-15 12:10:04 - INFO - Filtered PMTfied file saved to: /lustre/hpc/project/icecube/HE_Nu_Aske_Oct2024/PMTfied_filtered/Snowstorm/PureNu/22011/9/PMTfied_2.parquet
2025-02-15 12:10:08 - INFO - Filtered PMTfied file saved to: /lustre/hpc/project/icecube/HE_Nu_Aske_Oct2024/PMTfied_filtered/Snowstorm/PureNu/22011/9/PMTfied_13.parquet
2025-02-15 12:10:12 - INFO - Filtered PMTfied file saved to: /lustre/hpc/project/icecube/HE_Nu_Aske_Oct2024/PMTfied_filtered/Snowstorm/PureNu/22011/9/PMTfied_17.parquet
2025-02-15 12:10:15 - INFO - Filtered PMTfied file saved to: /lustre/hpc/project/icecube/HE_Nu_Aske_Oct2024/PMTfied_filtered/Snowstorm/PureNu/22011/9/PMTfied_7.parquet
2025-02-15 12:10:19 - INFO - Filtered PMTfied file saved to: /lustre/hpc/project/icecube/HE_Nu_Aske_Oct2024/PMTfied_filtered/Snowstorm/PureNu/22011/9/PMTfied_3.parquet
2025-02-15 12:10:23 - INFO - Filtered PMTfied file saved to: /lustre/hpc/project/icecube/HE_Nu_Aske_Oct2024/PMTfied_filtered/Snowstorm/PureNu/22011/9/PMTfied_12.parquet
2025-02-15 12:10:27 - INFO - Filtered PMTfied file saved to: /lustre/hpc/project/icecube/HE_Nu_Aske_Oct2024/PMTfied_filtered/Snowstorm/PureNu/22011/9/PMTfied_16.parquet
2025-02-15 12:10:31 - INFO - Filtered PMTfied file saved to: /lustre/hpc/project/icecube/HE_Nu_Aske_Oct2024/PMTfied_filtered/Snowstorm/PureNu/22011/9/PMTfied_20.parquet
2025-02-15 12:10:31 - INFO - Filtering process completed.
2025-02-15 12:10:31 - INFO - Filtering process completed.
2025-02-15 12:10:31 - INFO - Unified receipt generated: /lustre/hpc/project/icecube/HE_Nu_Aske_Oct2024/PMTfied_filtered/Snowstorm/PureNu/22011/[Receipt]22011_9.json
2025-02-15 12:10:31 - INFO - Filtering process completed.
Job completed at Sat Feb 15 12:10:31 PM CET 2025
