Starting job at Mon Feb 17 04:15:01 PM CET 2025
Running Filter_by_part.py for subdirectory 22011, part 5
2025-02-17 16:15:02 - INFO - Event filtering process starts...
2025-02-17 16:15:02 - INFO - Initialized PureNeutrinoEventFilter filter for 22011/5
2025-02-17 16:15:02 - INFO - Loaded 5 event specifier files from /lustre/hpc/project/icecube/HE_Nu_Aske_Oct2024/clean_events_dict/22011/22011/reduced
2025-02-17 16:15:02 - INFO - Selected 3 CSV files covering event range [1184, 3369]
2025-02-17 16:15:07 - INFO - Loaded 3472876 valid (RunID, EventID) pairs from CSV files
2025-02-17 16:15:08 - INFO - Extracted 302972 valid events based on pure neutrino events.
2025-02-17 16:15:09 - INFO - Initialized Muon13Filter filter for 22011/5
2025-02-17 16:15:09 - INFO - Extracted 320113 valid events where MuonFilter_13==True.
2025-02-17 16:15:09 - INFO - Initialized CompositeEventFilter filter for 22011/5
2025-02-17 16:15:09 - INFO - Initialized (MuonLike_PureNu)
2025-02-17 16:15:09 - INFO - Starting filtering process for 22011/5
2025-02-17 16:15:09 - INFO - Starting filtering process for 22011/5
2025-02-17 16:15:19 - INFO - Recalculated 'offset' column based on 'N_doms' values within each 'shard_no' group.
2025-02-17 16:15:21 - INFO - Filtered truth file saved to: /lustre/hpc/project/icecube/HE_Nu_Aske_Oct2024/PMTfied_filtered/Snowstorm/MuonLike_PureNu/22011/truth_5.parquet
2025-02-17 16:15:24 - INFO - Filtered PMTfied file saved to: /lustre/hpc/project/icecube/HE_Nu_Aske_Oct2024/PMTfied_filtered/Snowstorm/MuonLike_PureNu/22011/5/PMTfied_7.parquet
2025-02-17 16:15:27 - INFO - Filtered PMTfied file saved to: /lustre/hpc/project/icecube/HE_Nu_Aske_Oct2024/PMTfied_filtered/Snowstorm/MuonLike_PureNu/22011/5/PMTfied_3.parquet
2025-02-17 16:15:30 - INFO - Filtered PMTfied file saved to: /lustre/hpc/project/icecube/HE_Nu_Aske_Oct2024/PMTfied_filtered/Snowstorm/MuonLike_PureNu/22011/5/PMTfied_18.parquet
2025-02-17 16:15:33 - INFO - Filtered PMTfied file saved to: /lustre/hpc/project/icecube/HE_Nu_Aske_Oct2024/PMTfied_filtered/Snowstorm/MuonLike_PureNu/22011/5/PMTfied_10.parquet
2025-02-17 16:15:36 - INFO - Filtered PMTfied file saved to: /lustre/hpc/project/icecube/HE_Nu_Aske_Oct2024/PMTfied_filtered/Snowstorm/MuonLike_PureNu/22011/5/PMTfied_14.parquet
2025-02-17 16:15:39 - INFO - Filtered PMTfied file saved to: /lustre/hpc/project/icecube/HE_Nu_Aske_Oct2024/PMTfied_filtered/Snowstorm/MuonLike_PureNu/22011/5/PMTfied_11.parquet
2025-02-17 16:15:42 - INFO - Filtered PMTfied file saved to: /lustre/hpc/project/icecube/HE_Nu_Aske_Oct2024/PMTfied_filtered/Snowstorm/MuonLike_PureNu/22011/5/PMTfied_15.parquet
2025-02-17 16:15:45 - INFO - Filtered PMTfied file saved to: /lustre/hpc/project/icecube/HE_Nu_Aske_Oct2024/PMTfied_filtered/Snowstorm/MuonLike_PureNu/22011/5/PMTfied_6.parquet
2025-02-17 16:15:48 - INFO - Filtered PMTfied file saved to: /lustre/hpc/project/icecube/HE_Nu_Aske_Oct2024/PMTfied_filtered/Snowstorm/MuonLike_PureNu/22011/5/PMTfied_2.parquet
2025-02-17 16:15:51 - INFO - Filtered PMTfied file saved to: /lustre/hpc/project/icecube/HE_Nu_Aske_Oct2024/PMTfied_filtered/Snowstorm/MuonLike_PureNu/22011/5/PMTfied_19.parquet
2025-02-17 16:15:52 - INFO - Filtered PMTfied file saved to: /lustre/hpc/project/icecube/HE_Nu_Aske_Oct2024/PMTfied_filtered/Snowstorm/MuonLike_PureNu/22011/5/PMTfied_21.parquet
2025-02-17 16:15:54 - INFO - Filtered PMTfied file saved to: /lustre/hpc/project/icecube/HE_Nu_Aske_Oct2024/PMTfied_filtered/Snowstorm/MuonLike_PureNu/22011/5/PMTfied_8.parquet
2025-02-17 16:15:57 - INFO - Filtered PMTfied file saved to: /lustre/hpc/project/icecube/HE_Nu_Aske_Oct2024/PMTfied_filtered/Snowstorm/MuonLike_PureNu/22011/5/PMTfied_13.parquet
2025-02-17 16:16:00 - INFO - Filtered PMTfied file saved to: /lustre/hpc/project/icecube/HE_Nu_Aske_Oct2024/PMTfied_filtered/Snowstorm/MuonLike_PureNu/22011/5/PMTfied_17.parquet
2025-02-17 16:16:03 - INFO - Filtered PMTfied file saved to: /lustre/hpc/project/icecube/HE_Nu_Aske_Oct2024/PMTfied_filtered/Snowstorm/MuonLike_PureNu/22011/5/PMTfied_4.parquet
2025-02-17 16:16:06 - INFO - Filtered PMTfied file saved to: /lustre/hpc/project/icecube/HE_Nu_Aske_Oct2024/PMTfied_filtered/Snowstorm/MuonLike_PureNu/22011/5/PMTfied_5.parquet
2025-02-17 16:16:09 - INFO - Filtered PMTfied file saved to: /lustre/hpc/project/icecube/HE_Nu_Aske_Oct2024/PMTfied_filtered/Snowstorm/MuonLike_PureNu/22011/5/PMTfied_1.parquet
2025-02-17 16:16:12 - INFO - Filtered PMTfied file saved to: /lustre/hpc/project/icecube/HE_Nu_Aske_Oct2024/PMTfied_filtered/Snowstorm/MuonLike_PureNu/22011/5/PMTfied_9.parquet
2025-02-17 16:16:15 - INFO - Filtered PMTfied file saved to: /lustre/hpc/project/icecube/HE_Nu_Aske_Oct2024/PMTfied_filtered/Snowstorm/MuonLike_PureNu/22011/5/PMTfied_12.parquet
2025-02-17 16:16:18 - INFO - Filtered PMTfied file saved to: /lustre/hpc/project/icecube/HE_Nu_Aske_Oct2024/PMTfied_filtered/Snowstorm/MuonLike_PureNu/22011/5/PMTfied_16.parquet
2025-02-17 16:16:21 - INFO - Filtered PMTfied file saved to: /lustre/hpc/project/icecube/HE_Nu_Aske_Oct2024/PMTfied_filtered/Snowstorm/MuonLike_PureNu/22011/5/PMTfied_20.parquet
2025-02-17 16:16:21 - INFO - Filtering process completed.
2025-02-17 16:16:21 - INFO - Filtering process completed.
2025-02-17 16:16:21 - INFO - Unified receipt generated: /lustre/hpc/project/icecube/HE_Nu_Aske_Oct2024/PMTfied_filtered/Snowstorm/MuonLike_PureNu/22011/[Receipt]22011_5.json
2025-02-17 16:16:21 - INFO - Filtering process completed.
Job completed at Mon Feb 17 04:16:22 PM CET 2025
