Starting job at Sat Feb 15 12:54:31 PM CET 2025
Running Filter_by_part.py for subdirectory 22011, part 2
2025-02-15 12:54:32 - INFO - Event filtering process starts...
2025-02-15 12:54:32 - INFO - Initialized Muon13Filter filter for 22011/2
2025-02-15 12:54:35 - INFO - Extracted 321550 valid events where MuonFilter_13==True.
2025-02-15 12:54:35 - INFO - Initialized CompositeEventFilter filter for 22011/2
2025-02-15 12:54:35 - INFO - Initialized (MuonLike)
2025-02-15 12:54:35 - INFO - Starting filtering process for 22011/2
2025-02-15 12:54:35 - INFO - Starting filtering process for 22011/2
2025-02-15 12:54:47 - INFO - Recalculated 'offset' column based on filtered 'N_doms' values.
2025-02-15 12:54:50 - INFO - Filtered truth file saved to: /lustre/hpc/project/icecube/HE_Nu_Aske_Oct2024/PMTfied_filtered/Snowstorm/MuonLike/22011/truth_2.parquet
2025-02-15 12:54:54 - INFO - Filtered PMTfied file saved to: /lustre/hpc/project/icecube/HE_Nu_Aske_Oct2024/PMTfied_filtered/Snowstorm/MuonLike/22011/2/PMTfied_19.parquet
2025-02-15 12:54:58 - INFO - Filtered PMTfied file saved to: /lustre/hpc/project/icecube/HE_Nu_Aske_Oct2024/PMTfied_filtered/Snowstorm/MuonLike/22011/2/PMTfied_15.parquet
2025-02-15 12:55:02 - INFO - Filtered PMTfied file saved to: /lustre/hpc/project/icecube/HE_Nu_Aske_Oct2024/PMTfied_filtered/Snowstorm/MuonLike/22011/2/PMTfied_11.parquet
2025-02-15 12:55:06 - INFO - Filtered PMTfied file saved to: /lustre/hpc/project/icecube/HE_Nu_Aske_Oct2024/PMTfied_filtered/Snowstorm/MuonLike/22011/2/PMTfied_9.parquet
2025-02-15 12:55:10 - INFO - Filtered PMTfied file saved to: /lustre/hpc/project/icecube/HE_Nu_Aske_Oct2024/PMTfied_filtered/Snowstorm/MuonLike/22011/2/PMTfied_1.parquet
2025-02-15 12:55:14 - INFO - Filtered PMTfied file saved to: /lustre/hpc/project/icecube/HE_Nu_Aske_Oct2024/PMTfied_filtered/Snowstorm/MuonLike/22011/2/PMTfied_5.parquet
2025-02-15 12:55:18 - INFO - Filtered PMTfied file saved to: /lustre/hpc/project/icecube/HE_Nu_Aske_Oct2024/PMTfied_filtered/Snowstorm/MuonLike/22011/2/PMTfied_14.parquet
2025-02-15 12:55:22 - INFO - Filtered PMTfied file saved to: /lustre/hpc/project/icecube/HE_Nu_Aske_Oct2024/PMTfied_filtered/Snowstorm/MuonLike/22011/2/PMTfied_10.parquet
2025-02-15 12:55:26 - INFO - Filtered PMTfied file saved to: /lustre/hpc/project/icecube/HE_Nu_Aske_Oct2024/PMTfied_filtered/Snowstorm/MuonLike/22011/2/PMTfied_18.parquet
2025-02-15 12:55:31 - INFO - Filtered PMTfied file saved to: /lustre/hpc/project/icecube/HE_Nu_Aske_Oct2024/PMTfied_filtered/Snowstorm/MuonLike/22011/2/PMTfied_4.parquet
2025-02-15 12:55:35 - INFO - Filtered PMTfied file saved to: /lustre/hpc/project/icecube/HE_Nu_Aske_Oct2024/PMTfied_filtered/Snowstorm/MuonLike/22011/2/PMTfied_8.parquet
2025-02-15 12:55:41 - INFO - Filtered PMTfied file saved to: /lustre/hpc/project/icecube/HE_Nu_Aske_Oct2024/PMTfied_filtered/Snowstorm/MuonLike/22011/2/PMTfied_2.parquet
2025-02-15 12:55:45 - INFO - Filtered PMTfied file saved to: /lustre/hpc/project/icecube/HE_Nu_Aske_Oct2024/PMTfied_filtered/Snowstorm/MuonLike/22011/2/PMTfied_6.parquet
2025-02-15 12:55:49 - INFO - Filtered PMTfied file saved to: /lustre/hpc/project/icecube/HE_Nu_Aske_Oct2024/PMTfied_filtered/Snowstorm/MuonLike/22011/2/PMTfied_16.parquet
2025-02-15 12:55:53 - INFO - Filtered PMTfied file saved to: /lustre/hpc/project/icecube/HE_Nu_Aske_Oct2024/PMTfied_filtered/Snowstorm/MuonLike/22011/2/PMTfied_12.parquet
2025-02-15 12:56:02 - INFO - Filtered PMTfied file saved to: /lustre/hpc/project/icecube/HE_Nu_Aske_Oct2024/PMTfied_filtered/Snowstorm/MuonLike/22011/2/PMTfied_20.parquet
2025-02-15 12:56:02 - INFO - Filtered PMTfied file saved to: /lustre/hpc/project/icecube/HE_Nu_Aske_Oct2024/PMTfied_filtered/Snowstorm/MuonLike/22011/2/PMTfied_21.parquet
2025-02-15 12:56:07 - INFO - Filtered PMTfied file saved to: /lustre/hpc/project/icecube/HE_Nu_Aske_Oct2024/PMTfied_filtered/Snowstorm/MuonLike/22011/2/PMTfied_3.parquet
2025-02-15 12:56:11 - INFO - Filtered PMTfied file saved to: /lustre/hpc/project/icecube/HE_Nu_Aske_Oct2024/PMTfied_filtered/Snowstorm/MuonLike/22011/2/PMTfied_7.parquet
2025-02-15 12:56:15 - INFO - Filtered PMTfied file saved to: /lustre/hpc/project/icecube/HE_Nu_Aske_Oct2024/PMTfied_filtered/Snowstorm/MuonLike/22011/2/PMTfied_17.parquet
2025-02-15 12:56:21 - INFO - Filtered PMTfied file saved to: /lustre/hpc/project/icecube/HE_Nu_Aske_Oct2024/PMTfied_filtered/Snowstorm/MuonLike/22011/2/PMTfied_13.parquet
2025-02-15 12:56:21 - INFO - Filtering process completed.
2025-02-15 12:56:21 - INFO - Filtering process completed.
2025-02-15 12:56:21 - INFO - Unified receipt generated: /lustre/hpc/project/icecube/HE_Nu_Aske_Oct2024/PMTfied_filtered/Snowstorm/MuonLike/22011/[Receipt]22011_2.json
2025-02-15 12:56:21 - INFO - Filtering process completed.
Job completed at Sat Feb 15 12:56:21 PM CET 2025
