Starting job at Sat Feb 15 12:00:21 PM CET 2025
Running Filter_by_part.py for subdirectory 22011, part 5
2025-02-15 12:00:27 - INFO - Event filtering process starts...
2025-02-15 12:00:27 - INFO - Initialized PureNeutrinoEventFilter filter for 22011/5
2025-02-15 12:00:36 - INFO - Loaded 5 event specifier files from /lustre/hpc/project/icecube/HE_Nu_Aske_Oct2024/clean_events_dict/22011/22011/reduced
2025-02-15 12:00:36 - INFO - Selected 3 CSV files covering event range [1184, 3369]
2025-02-15 12:00:42 - INFO - Loaded 3472876 valid (RunID, EventID) pairs from CSV files
2025-02-15 12:00:43 - INFO - Extracted 302972 valid events based on pure neutrino events.
2025-02-15 12:00:44 - INFO - Initialized CompositeEventFilter filter for 22011/5
2025-02-15 12:00:44 - INFO - Initialized (PureNu)
2025-02-15 12:00:44 - INFO - Starting filtering process for 22011/5
2025-02-15 12:00:44 - INFO - Starting filtering process for 22011/5
2025-02-15 12:00:56 - INFO - Recalculated 'offset' column based on filtered 'N_doms' values.
2025-02-15 12:00:58 - INFO - Filtered truth file saved to: /lustre/hpc/project/icecube/HE_Nu_Aske_Oct2024/PMTfied_filtered/Snowstorm/PureNu/22011/truth_5.parquet
2025-02-15 12:01:02 - INFO - Filtered PMTfied file saved to: /lustre/hpc/project/icecube/HE_Nu_Aske_Oct2024/PMTfied_filtered/Snowstorm/PureNu/22011/5/PMTfied_7.parquet
2025-02-15 12:01:06 - INFO - Filtered PMTfied file saved to: /lustre/hpc/project/icecube/HE_Nu_Aske_Oct2024/PMTfied_filtered/Snowstorm/PureNu/22011/5/PMTfied_3.parquet
2025-02-15 12:01:10 - INFO - Filtered PMTfied file saved to: /lustre/hpc/project/icecube/HE_Nu_Aske_Oct2024/PMTfied_filtered/Snowstorm/PureNu/22011/5/PMTfied_18.parquet
2025-02-15 12:01:14 - INFO - Filtered PMTfied file saved to: /lustre/hpc/project/icecube/HE_Nu_Aske_Oct2024/PMTfied_filtered/Snowstorm/PureNu/22011/5/PMTfied_10.parquet
2025-02-15 12:01:18 - INFO - Filtered PMTfied file saved to: /lustre/hpc/project/icecube/HE_Nu_Aske_Oct2024/PMTfied_filtered/Snowstorm/PureNu/22011/5/PMTfied_14.parquet
2025-02-15 12:01:22 - INFO - Filtered PMTfied file saved to: /lustre/hpc/project/icecube/HE_Nu_Aske_Oct2024/PMTfied_filtered/Snowstorm/PureNu/22011/5/PMTfied_11.parquet
2025-02-15 12:01:26 - INFO - Filtered PMTfied file saved to: /lustre/hpc/project/icecube/HE_Nu_Aske_Oct2024/PMTfied_filtered/Snowstorm/PureNu/22011/5/PMTfied_15.parquet
2025-02-15 12:01:29 - INFO - Filtered PMTfied file saved to: /lustre/hpc/project/icecube/HE_Nu_Aske_Oct2024/PMTfied_filtered/Snowstorm/PureNu/22011/5/PMTfied_6.parquet
2025-02-15 12:01:33 - INFO - Filtered PMTfied file saved to: /lustre/hpc/project/icecube/HE_Nu_Aske_Oct2024/PMTfied_filtered/Snowstorm/PureNu/22011/5/PMTfied_2.parquet
2025-02-15 12:01:37 - INFO - Filtered PMTfied file saved to: /lustre/hpc/project/icecube/HE_Nu_Aske_Oct2024/PMTfied_filtered/Snowstorm/PureNu/22011/5/PMTfied_19.parquet
2025-02-15 12:01:37 - INFO - Filtered PMTfied file saved to: /lustre/hpc/project/icecube/HE_Nu_Aske_Oct2024/PMTfied_filtered/Snowstorm/PureNu/22011/5/PMTfied_21.parquet
2025-02-15 12:01:45 - INFO - Filtered PMTfied file saved to: /lustre/hpc/project/icecube/HE_Nu_Aske_Oct2024/PMTfied_filtered/Snowstorm/PureNu/22011/5/PMTfied_8.parquet
2025-02-15 12:01:49 - INFO - Filtered PMTfied file saved to: /lustre/hpc/project/icecube/HE_Nu_Aske_Oct2024/PMTfied_filtered/Snowstorm/PureNu/22011/5/PMTfied_13.parquet
2025-02-15 12:01:52 - INFO - Filtered PMTfied file saved to: /lustre/hpc/project/icecube/HE_Nu_Aske_Oct2024/PMTfied_filtered/Snowstorm/PureNu/22011/5/PMTfied_17.parquet
2025-02-15 12:01:59 - INFO - Filtered PMTfied file saved to: /lustre/hpc/project/icecube/HE_Nu_Aske_Oct2024/PMTfied_filtered/Snowstorm/PureNu/22011/5/PMTfied_4.parquet
2025-02-15 12:02:04 - INFO - Filtered PMTfied file saved to: /lustre/hpc/project/icecube/HE_Nu_Aske_Oct2024/PMTfied_filtered/Snowstorm/PureNu/22011/5/PMTfied_5.parquet
2025-02-15 12:02:11 - INFO - Filtered PMTfied file saved to: /lustre/hpc/project/icecube/HE_Nu_Aske_Oct2024/PMTfied_filtered/Snowstorm/PureNu/22011/5/PMTfied_1.parquet
2025-02-15 12:02:15 - INFO - Filtered PMTfied file saved to: /lustre/hpc/project/icecube/HE_Nu_Aske_Oct2024/PMTfied_filtered/Snowstorm/PureNu/22011/5/PMTfied_9.parquet
2025-02-15 12:02:19 - INFO - Filtered PMTfied file saved to: /lustre/hpc/project/icecube/HE_Nu_Aske_Oct2024/PMTfied_filtered/Snowstorm/PureNu/22011/5/PMTfied_12.parquet
2025-02-15 12:02:23 - INFO - Filtered PMTfied file saved to: /lustre/hpc/project/icecube/HE_Nu_Aske_Oct2024/PMTfied_filtered/Snowstorm/PureNu/22011/5/PMTfied_16.parquet
2025-02-15 12:02:27 - INFO - Filtered PMTfied file saved to: /lustre/hpc/project/icecube/HE_Nu_Aske_Oct2024/PMTfied_filtered/Snowstorm/PureNu/22011/5/PMTfied_20.parquet
2025-02-15 12:02:27 - INFO - Filtering process completed.
2025-02-15 12:02:27 - INFO - Filtering process completed.
2025-02-15 12:02:27 - INFO - Unified receipt generated: /lustre/hpc/project/icecube/HE_Nu_Aske_Oct2024/PMTfied_filtered/Snowstorm/PureNu/22011/[Receipt]22011_5.json
2025-02-15 12:02:27 - INFO - Filtering process completed.
Job completed at Sat Feb 15 12:02:27 PM CET 2025
