Starting job at Mon Feb 24 01:06:37 PM CET 2025
Running Filter_by_part.py for subdirectory 22011, part 6
2025-02-24 13:06:39 - INFO - Event filtering process starts...
2025-02-24 13:06:39 - INFO - Initialized PureNeutrinoEventFilter filter for 22011/6
2025-02-24 13:06:44 - INFO - Loaded 5 event specifier files from /lustre/hpc/project/icecube/HE_Nu_Aske_Oct2024/clean_events_dict/22011/22011/reduced
2025-02-24 13:06:44 - INFO - Selected 2 CSV files covering event range [2294, 3394]
2025-02-24 13:06:48 - INFO - Loaded 2315044 valid (RunID, EventID) pairs from CSV files
2025-02-24 13:06:49 - INFO - Extracted 303156 valid events based on pure neutrino events.
2025-02-24 13:06:50 - INFO - Initialized Muon13Filter filter for 22011/6
2025-02-24 13:06:50 - INFO - Extracted 319871 valid events where MuonFilter_13==True.
2025-02-24 13:06:50 - INFO - Initialized CCFilter filter for 22011/6
2025-02-24 13:06:50 - INFO - Extracted 361314 valid events which are CC interactions.
2025-02-24 13:06:50 - INFO - Initialized CompositeEventFilter filter for 22011/6
2025-02-24 13:06:50 - INFO - Initialized (CC_CRclean_MuonLike)
2025-02-24 13:06:50 - INFO - Starting filtering process for 22011/6
2025-02-24 13:06:50 - INFO - Starting filtering process for 22011/6
2025-02-24 13:07:06 - INFO - Recalculated 'offset' column based on 'N_doms' values within each 'shard_no' group.
2025-02-24 13:07:09 - INFO - Filtered truth file saved to: /lustre/hpc/project/icecube/HE_Nu_Aske_Oct2024/PMTfied_filtered/Snowstorm/CC_CRclean_MuonLike/22011/truth_6.parquet
2025-02-24 13:07:13 - INFO - Filtered PMTfied file saved to: /lustre/hpc/project/icecube/HE_Nu_Aske_Oct2024/PMTfied_filtered/Snowstorm/CC_CRclean_MuonLike/22011/6/PMTfied_10.parquet
2025-02-24 13:07:17 - INFO - Filtered PMTfied file saved to: /lustre/hpc/project/icecube/HE_Nu_Aske_Oct2024/PMTfied_filtered/Snowstorm/CC_CRclean_MuonLike/22011/6/PMTfied_14.parquet
2025-02-24 13:07:21 - INFO - Filtered PMTfied file saved to: /lustre/hpc/project/icecube/HE_Nu_Aske_Oct2024/PMTfied_filtered/Snowstorm/CC_CRclean_MuonLike/22011/6/PMTfied_18.parquet
2025-02-24 13:07:24 - INFO - Filtered PMTfied file saved to: /lustre/hpc/project/icecube/HE_Nu_Aske_Oct2024/PMTfied_filtered/Snowstorm/CC_CRclean_MuonLike/22011/6/PMTfied_9.parquet
2025-02-24 13:07:28 - INFO - Filtered PMTfied file saved to: /lustre/hpc/project/icecube/HE_Nu_Aske_Oct2024/PMTfied_filtered/Snowstorm/CC_CRclean_MuonLike/22011/6/PMTfied_1.parquet
2025-02-24 13:07:32 - INFO - Filtered PMTfied file saved to: /lustre/hpc/project/icecube/HE_Nu_Aske_Oct2024/PMTfied_filtered/Snowstorm/CC_CRclean_MuonLike/22011/6/PMTfied_5.parquet
2025-02-24 13:07:36 - INFO - Filtered PMTfied file saved to: /lustre/hpc/project/icecube/HE_Nu_Aske_Oct2024/PMTfied_filtered/Snowstorm/CC_CRclean_MuonLike/22011/6/PMTfied_4.parquet
2025-02-24 13:07:40 - INFO - Filtered PMTfied file saved to: /lustre/hpc/project/icecube/HE_Nu_Aske_Oct2024/PMTfied_filtered/Snowstorm/CC_CRclean_MuonLike/22011/6/PMTfied_8.parquet
2025-02-24 13:07:45 - INFO - Filtered PMTfied file saved to: /lustre/hpc/project/icecube/HE_Nu_Aske_Oct2024/PMTfied_filtered/Snowstorm/CC_CRclean_MuonLike/22011/6/PMTfied_19.parquet
2025-02-24 13:07:49 - INFO - Filtered PMTfied file saved to: /lustre/hpc/project/icecube/HE_Nu_Aske_Oct2024/PMTfied_filtered/Snowstorm/CC_CRclean_MuonLike/22011/6/PMTfied_11.parquet
2025-02-24 13:07:53 - INFO - Filtered PMTfied file saved to: /lustre/hpc/project/icecube/HE_Nu_Aske_Oct2024/PMTfied_filtered/Snowstorm/CC_CRclean_MuonLike/22011/6/PMTfied_15.parquet
2025-02-24 13:07:56 - INFO - Filtered PMTfied file saved to: /lustre/hpc/project/icecube/HE_Nu_Aske_Oct2024/PMTfied_filtered/Snowstorm/CC_CRclean_MuonLike/22011/6/PMTfied_2.parquet
2025-02-24 13:08:02 - INFO - Filtered PMTfied file saved to: /lustre/hpc/project/icecube/HE_Nu_Aske_Oct2024/PMTfied_filtered/Snowstorm/CC_CRclean_MuonLike/22011/6/PMTfied_6.parquet
2025-02-24 13:08:02 - INFO - Filtered PMTfied file saved to: /lustre/hpc/project/icecube/HE_Nu_Aske_Oct2024/PMTfied_filtered/Snowstorm/CC_CRclean_MuonLike/22011/6/PMTfied_21.parquet
2025-02-24 13:08:06 - INFO - Filtered PMTfied file saved to: /lustre/hpc/project/icecube/HE_Nu_Aske_Oct2024/PMTfied_filtered/Snowstorm/CC_CRclean_MuonLike/22011/6/PMTfied_13.parquet
2025-02-24 13:08:10 - INFO - Filtered PMTfied file saved to: /lustre/hpc/project/icecube/HE_Nu_Aske_Oct2024/PMTfied_filtered/Snowstorm/CC_CRclean_MuonLike/22011/6/PMTfied_17.parquet
2025-02-24 13:08:14 - INFO - Filtered PMTfied file saved to: /lustre/hpc/project/icecube/HE_Nu_Aske_Oct2024/PMTfied_filtered/Snowstorm/CC_CRclean_MuonLike/22011/6/PMTfied_12.parquet
2025-02-24 13:08:18 - INFO - Filtered PMTfied file saved to: /lustre/hpc/project/icecube/HE_Nu_Aske_Oct2024/PMTfied_filtered/Snowstorm/CC_CRclean_MuonLike/22011/6/PMTfied_16.parquet
2025-02-24 13:08:22 - INFO - Filtered PMTfied file saved to: /lustre/hpc/project/icecube/HE_Nu_Aske_Oct2024/PMTfied_filtered/Snowstorm/CC_CRclean_MuonLike/22011/6/PMTfied_3.parquet
2025-02-24 13:08:26 - INFO - Filtered PMTfied file saved to: /lustre/hpc/project/icecube/HE_Nu_Aske_Oct2024/PMTfied_filtered/Snowstorm/CC_CRclean_MuonLike/22011/6/PMTfied_7.parquet
2025-02-24 13:08:29 - INFO - Filtered PMTfied file saved to: /lustre/hpc/project/icecube/HE_Nu_Aske_Oct2024/PMTfied_filtered/Snowstorm/CC_CRclean_MuonLike/22011/6/PMTfied_20.parquet
2025-02-24 13:08:29 - INFO - Filtering process completed.
2025-02-24 13:08:29 - INFO - Filtering process completed.
2025-02-24 13:08:30 - INFO - Unified receipt generated: /lustre/hpc/project/icecube/HE_Nu_Aske_Oct2024/PMTfied_filtered/Snowstorm/CC_CRclean_MuonLike/22011/[Receipt]22011_6.json
2025-02-24 13:08:30 - INFO - Filtering process completed.
Job completed at Mon Feb 24 01:08:30 PM CET 2025
