Starting job at Sat Feb 15 01:47:46 PM CET 2025
Running Filter_by_part.py for subdirectory 22011, part 9
2025-02-15 13:47:47 - INFO - Event filtering process starts...
2025-02-15 13:47:47 - INFO - Initialized PureNeutrinoEventFilter filter for 22011/9
2025-02-15 13:47:47 - INFO - Loaded 5 event specifier files from /lustre/hpc/project/icecube/HE_Nu_Aske_Oct2024/clean_events_dict/22011/22011/reduced
2025-02-15 13:47:48 - INFO - Selected 2 CSV files covering event range [3449, 4497]
2025-02-15 13:47:50 - INFO - Loaded 1736211 valid (RunID, EventID) pairs from CSV files
2025-02-15 13:47:51 - INFO - Extracted 304069 valid events based on pure neutrino events.
2025-02-15 13:47:52 - INFO - Initialized Muon13Filter filter for 22011/9
2025-02-15 13:47:52 - INFO - Extracted 320625 valid events where MuonFilter_13==True.
2025-02-15 13:47:52 - INFO - Initialized CompositeEventFilter filter for 22011/9
2025-02-15 13:47:52 - INFO - Initialized (MuonLike_PureNu)
2025-02-15 13:47:52 - INFO - Starting filtering process for 22011/9
2025-02-15 13:47:52 - INFO - Starting filtering process for 22011/9
2025-02-15 13:48:04 - INFO - Recalculated 'offset' column based on filtered 'N_doms' values.
2025-02-15 13:48:06 - INFO - Filtered truth file saved to: /lustre/hpc/project/icecube/HE_Nu_Aske_Oct2024/PMTfied_filtered/Snowstorm/MuonLike_PureNu/22011/truth_9.parquet
2025-02-15 13:48:10 - INFO - Filtered PMTfied file saved to: /lustre/hpc/project/icecube/HE_Nu_Aske_Oct2024/PMTfied_filtered/Snowstorm/MuonLike_PureNu/22011/9/PMTfied_5.parquet
2025-02-15 13:48:13 - INFO - Filtered PMTfied file saved to: /lustre/hpc/project/icecube/HE_Nu_Aske_Oct2024/PMTfied_filtered/Snowstorm/MuonLike_PureNu/22011/9/PMTfied_1.parquet
2025-02-15 13:48:17 - INFO - Filtered PMTfied file saved to: /lustre/hpc/project/icecube/HE_Nu_Aske_Oct2024/PMTfied_filtered/Snowstorm/MuonLike_PureNu/22011/9/PMTfied_9.parquet
2025-02-15 13:48:20 - INFO - Filtered PMTfied file saved to: /lustre/hpc/project/icecube/HE_Nu_Aske_Oct2024/PMTfied_filtered/Snowstorm/MuonLike_PureNu/22011/9/PMTfied_18.parquet
2025-02-15 13:48:23 - INFO - Filtered PMTfied file saved to: /lustre/hpc/project/icecube/HE_Nu_Aske_Oct2024/PMTfied_filtered/Snowstorm/MuonLike_PureNu/22011/9/PMTfied_10.parquet
2025-02-15 13:48:26 - INFO - Filtered PMTfied file saved to: /lustre/hpc/project/icecube/HE_Nu_Aske_Oct2024/PMTfied_filtered/Snowstorm/MuonLike_PureNu/22011/9/PMTfied_14.parquet
2025-02-15 13:48:29 - INFO - Filtered PMTfied file saved to: /lustre/hpc/project/icecube/HE_Nu_Aske_Oct2024/PMTfied_filtered/Snowstorm/MuonLike_PureNu/22011/9/PMTfied_8.parquet
2025-02-15 13:48:33 - INFO - Filtered PMTfied file saved to: /lustre/hpc/project/icecube/HE_Nu_Aske_Oct2024/PMTfied_filtered/Snowstorm/MuonLike_PureNu/22011/9/PMTfied_4.parquet
2025-02-15 13:48:36 - INFO - Filtered PMTfied file saved to: /lustre/hpc/project/icecube/HE_Nu_Aske_Oct2024/PMTfied_filtered/Snowstorm/MuonLike_PureNu/22011/9/PMTfied_11.parquet
2025-02-15 13:48:38 - INFO - Filtered PMTfied file saved to: /lustre/hpc/project/icecube/HE_Nu_Aske_Oct2024/PMTfied_filtered/Snowstorm/MuonLike_PureNu/22011/9/PMTfied_15.parquet
2025-02-15 13:48:42 - INFO - Filtered PMTfied file saved to: /lustre/hpc/project/icecube/HE_Nu_Aske_Oct2024/PMTfied_filtered/Snowstorm/MuonLike_PureNu/22011/9/PMTfied_19.parquet
2025-02-15 13:48:42 - INFO - Filtered PMTfied file saved to: /lustre/hpc/project/icecube/HE_Nu_Aske_Oct2024/PMTfied_filtered/Snowstorm/MuonLike_PureNu/22011/9/PMTfied_21.parquet
2025-02-15 13:48:45 - INFO - Filtered PMTfied file saved to: /lustre/hpc/project/icecube/HE_Nu_Aske_Oct2024/PMTfied_filtered/Snowstorm/MuonLike_PureNu/22011/9/PMTfied_6.parquet
2025-02-15 13:48:48 - INFO - Filtered PMTfied file saved to: /lustre/hpc/project/icecube/HE_Nu_Aske_Oct2024/PMTfied_filtered/Snowstorm/MuonLike_PureNu/22011/9/PMTfied_2.parquet
2025-02-15 13:48:51 - INFO - Filtered PMTfied file saved to: /lustre/hpc/project/icecube/HE_Nu_Aske_Oct2024/PMTfied_filtered/Snowstorm/MuonLike_PureNu/22011/9/PMTfied_13.parquet
2025-02-15 13:48:54 - INFO - Filtered PMTfied file saved to: /lustre/hpc/project/icecube/HE_Nu_Aske_Oct2024/PMTfied_filtered/Snowstorm/MuonLike_PureNu/22011/9/PMTfied_17.parquet
2025-02-15 13:48:57 - INFO - Filtered PMTfied file saved to: /lustre/hpc/project/icecube/HE_Nu_Aske_Oct2024/PMTfied_filtered/Snowstorm/MuonLike_PureNu/22011/9/PMTfied_7.parquet
2025-02-15 13:49:00 - INFO - Filtered PMTfied file saved to: /lustre/hpc/project/icecube/HE_Nu_Aske_Oct2024/PMTfied_filtered/Snowstorm/MuonLike_PureNu/22011/9/PMTfied_3.parquet
2025-02-15 13:49:03 - INFO - Filtered PMTfied file saved to: /lustre/hpc/project/icecube/HE_Nu_Aske_Oct2024/PMTfied_filtered/Snowstorm/MuonLike_PureNu/22011/9/PMTfied_12.parquet
2025-02-15 13:49:06 - INFO - Filtered PMTfied file saved to: /lustre/hpc/project/icecube/HE_Nu_Aske_Oct2024/PMTfied_filtered/Snowstorm/MuonLike_PureNu/22011/9/PMTfied_16.parquet
2025-02-15 13:49:09 - INFO - Filtered PMTfied file saved to: /lustre/hpc/project/icecube/HE_Nu_Aske_Oct2024/PMTfied_filtered/Snowstorm/MuonLike_PureNu/22011/9/PMTfied_20.parquet
2025-02-15 13:49:09 - INFO - Filtering process completed.
2025-02-15 13:49:09 - INFO - Filtering process completed.
2025-02-15 13:49:09 - INFO - Unified receipt generated: /lustre/hpc/project/icecube/HE_Nu_Aske_Oct2024/PMTfied_filtered/Snowstorm/MuonLike_PureNu/22011/[Receipt]22011_9.json
2025-02-15 13:49:09 - INFO - Filtering process completed.
Job completed at Sat Feb 15 01:49:10 PM CET 2025
