Starting job at Sat Feb 15 12:00:22 PM CET 2025
Running Filter_by_part.py for subdirectory 22011, part 4
2025-02-15 12:00:27 - INFO - Event filtering process starts...
2025-02-15 12:00:27 - INFO - Initialized PureNeutrinoEventFilter filter for 22011/4
2025-02-15 12:00:36 - INFO - Loaded 5 event specifier files from /lustre/hpc/project/icecube/HE_Nu_Aske_Oct2024/clean_events_dict/22011/22011/reduced
2025-02-15 12:00:36 - INFO - Selected 2 CSV files covering event range [1158, 2260]
2025-02-15 12:00:40 - INFO - Loaded 2315142 valid (RunID, EventID) pairs from CSV files
2025-02-15 12:00:41 - INFO - Extracted 305543 valid events based on pure neutrino events.
2025-02-15 12:00:41 - INFO - Initialized CompositeEventFilter filter for 22011/4
2025-02-15 12:00:41 - INFO - Initialized (PureNu)
2025-02-15 12:00:41 - INFO - Starting filtering process for 22011/4
2025-02-15 12:00:41 - INFO - Starting filtering process for 22011/4
2025-02-15 12:00:54 - INFO - Recalculated 'offset' column based on filtered 'N_doms' values.
2025-02-15 12:00:56 - INFO - Filtered truth file saved to: /lustre/hpc/project/icecube/HE_Nu_Aske_Oct2024/PMTfied_filtered/Snowstorm/PureNu/22011/truth_4.parquet
2025-02-15 12:01:00 - INFO - Filtered PMTfied file saved to: /lustre/hpc/project/icecube/HE_Nu_Aske_Oct2024/PMTfied_filtered/Snowstorm/PureNu/22011/4/PMTfied_7.parquet
2025-02-15 12:01:03 - INFO - Filtered PMTfied file saved to: /lustre/hpc/project/icecube/HE_Nu_Aske_Oct2024/PMTfied_filtered/Snowstorm/PureNu/22011/4/PMTfied_3.parquet
2025-02-15 12:01:07 - INFO - Filtered PMTfied file saved to: /lustre/hpc/project/icecube/HE_Nu_Aske_Oct2024/PMTfied_filtered/Snowstorm/PureNu/22011/4/PMTfied_20.parquet
2025-02-15 12:01:11 - INFO - Filtered PMTfied file saved to: /lustre/hpc/project/icecube/HE_Nu_Aske_Oct2024/PMTfied_filtered/Snowstorm/PureNu/22011/4/PMTfied_16.parquet
2025-02-15 12:01:15 - INFO - Filtered PMTfied file saved to: /lustre/hpc/project/icecube/HE_Nu_Aske_Oct2024/PMTfied_filtered/Snowstorm/PureNu/22011/4/PMTfied_12.parquet
2025-02-15 12:01:20 - INFO - Filtered PMTfied file saved to: /lustre/hpc/project/icecube/HE_Nu_Aske_Oct2024/PMTfied_filtered/Snowstorm/PureNu/22011/4/PMTfied_17.parquet
2025-02-15 12:01:23 - INFO - Filtered PMTfied file saved to: /lustre/hpc/project/icecube/HE_Nu_Aske_Oct2024/PMTfied_filtered/Snowstorm/PureNu/22011/4/PMTfied_13.parquet
2025-02-15 12:01:27 - INFO - Filtered PMTfied file saved to: /lustre/hpc/project/icecube/HE_Nu_Aske_Oct2024/PMTfied_filtered/Snowstorm/PureNu/22011/4/PMTfied_6.parquet
2025-02-15 12:01:31 - INFO - Filtered PMTfied file saved to: /lustre/hpc/project/icecube/HE_Nu_Aske_Oct2024/PMTfied_filtered/Snowstorm/PureNu/22011/4/PMTfied_2.parquet
2025-02-15 12:01:32 - INFO - Filtered PMTfied file saved to: /lustre/hpc/project/icecube/HE_Nu_Aske_Oct2024/PMTfied_filtered/Snowstorm/PureNu/22011/4/PMTfied_21.parquet
2025-02-15 12:01:36 - INFO - Filtered PMTfied file saved to: /lustre/hpc/project/icecube/HE_Nu_Aske_Oct2024/PMTfied_filtered/Snowstorm/PureNu/22011/4/PMTfied_15.parquet
2025-02-15 12:01:40 - INFO - Filtered PMTfied file saved to: /lustre/hpc/project/icecube/HE_Nu_Aske_Oct2024/PMTfied_filtered/Snowstorm/PureNu/22011/4/PMTfied_11.parquet
2025-02-15 12:01:43 - INFO - Filtered PMTfied file saved to: /lustre/hpc/project/icecube/HE_Nu_Aske_Oct2024/PMTfied_filtered/Snowstorm/PureNu/22011/4/PMTfied_19.parquet
2025-02-15 12:01:48 - INFO - Filtered PMTfied file saved to: /lustre/hpc/project/icecube/HE_Nu_Aske_Oct2024/PMTfied_filtered/Snowstorm/PureNu/22011/4/PMTfied_4.parquet
2025-02-15 12:01:51 - INFO - Filtered PMTfied file saved to: /lustre/hpc/project/icecube/HE_Nu_Aske_Oct2024/PMTfied_filtered/Snowstorm/PureNu/22011/4/PMTfied_8.parquet
2025-02-15 12:01:55 - INFO - Filtered PMTfied file saved to: /lustre/hpc/project/icecube/HE_Nu_Aske_Oct2024/PMTfied_filtered/Snowstorm/PureNu/22011/4/PMTfied_9.parquet
2025-02-15 12:01:59 - INFO - Filtered PMTfied file saved to: /lustre/hpc/project/icecube/HE_Nu_Aske_Oct2024/PMTfied_filtered/Snowstorm/PureNu/22011/4/PMTfied_5.parquet
2025-02-15 12:02:03 - INFO - Filtered PMTfied file saved to: /lustre/hpc/project/icecube/HE_Nu_Aske_Oct2024/PMTfied_filtered/Snowstorm/PureNu/22011/4/PMTfied_1.parquet
2025-02-15 12:02:10 - INFO - Filtered PMTfied file saved to: /lustre/hpc/project/icecube/HE_Nu_Aske_Oct2024/PMTfied_filtered/Snowstorm/PureNu/22011/4/PMTfied_18.parquet
2025-02-15 12:02:14 - INFO - Filtered PMTfied file saved to: /lustre/hpc/project/icecube/HE_Nu_Aske_Oct2024/PMTfied_filtered/Snowstorm/PureNu/22011/4/PMTfied_14.parquet
2025-02-15 12:02:18 - INFO - Filtered PMTfied file saved to: /lustre/hpc/project/icecube/HE_Nu_Aske_Oct2024/PMTfied_filtered/Snowstorm/PureNu/22011/4/PMTfied_10.parquet
2025-02-15 12:02:18 - INFO - Filtering process completed.
2025-02-15 12:02:18 - INFO - Filtering process completed.
2025-02-15 12:02:18 - INFO - Unified receipt generated: /lustre/hpc/project/icecube/HE_Nu_Aske_Oct2024/PMTfied_filtered/Snowstorm/PureNu/22011/[Receipt]22011_4.json
2025-02-15 12:02:18 - INFO - Filtering process completed.
Job completed at Sat Feb 15 12:02:18 PM CET 2025
