Starting job at Sat Feb 15 01:47:45 PM CET 2025
Running Filter_by_part.py for subdirectory 22011, part 1
2025-02-15 13:47:47 - INFO - Event filtering process starts...
2025-02-15 13:47:47 - INFO - Initialized PureNeutrinoEventFilter filter for 22011/1
2025-02-15 13:47:49 - INFO - Loaded 5 event specifier files from /lustre/hpc/project/icecube/HE_Nu_Aske_Oct2024/clean_events_dict/22011/22011/reduced
2025-02-15 13:47:49 - INFO - Selected 2 CSV files covering event range [0, 1107]
2025-02-15 13:47:53 - INFO - Loaded 2316378 valid (RunID, EventID) pairs from CSV files
2025-02-15 13:47:53 - INFO - Extracted 304081 valid events based on pure neutrino events.
2025-02-15 13:47:54 - INFO - Initialized Muon13Filter filter for 22011/1
2025-02-15 13:47:54 - INFO - Extracted 320504 valid events where MuonFilter_13==True.
2025-02-15 13:47:54 - INFO - Initialized CompositeEventFilter filter for 22011/1
2025-02-15 13:47:54 - INFO - Initialized (MuonLike_PureNu)
2025-02-15 13:47:54 - INFO - Starting filtering process for 22011/1
2025-02-15 13:47:54 - INFO - Starting filtering process for 22011/1
2025-02-15 13:48:05 - INFO - Recalculated 'offset' column based on filtered 'N_doms' values.
2025-02-15 13:48:07 - INFO - Filtered truth file saved to: /lustre/hpc/project/icecube/HE_Nu_Aske_Oct2024/PMTfied_filtered/Snowstorm/MuonLike_PureNu/22011/truth_1.parquet
2025-02-15 13:48:11 - INFO - Filtered PMTfied file saved to: /lustre/hpc/project/icecube/HE_Nu_Aske_Oct2024/PMTfied_filtered/Snowstorm/MuonLike_PureNu/22011/1/PMTfied_15.parquet
2025-02-15 13:48:14 - INFO - Filtered PMTfied file saved to: /lustre/hpc/project/icecube/HE_Nu_Aske_Oct2024/PMTfied_filtered/Snowstorm/MuonLike_PureNu/22011/1/PMTfied_11.parquet
2025-02-15 13:48:18 - INFO - Filtered PMTfied file saved to: /lustre/hpc/project/icecube/HE_Nu_Aske_Oct2024/PMTfied_filtered/Snowstorm/MuonLike_PureNu/22011/1/PMTfied_19.parquet
2025-02-15 13:48:22 - INFO - Filtered PMTfied file saved to: /lustre/hpc/project/icecube/HE_Nu_Aske_Oct2024/PMTfied_filtered/Snowstorm/MuonLike_PureNu/22011/1/PMTfied_6.parquet
2025-02-15 13:48:25 - INFO - Filtered PMTfied file saved to: /lustre/hpc/project/icecube/HE_Nu_Aske_Oct2024/PMTfied_filtered/Snowstorm/MuonLike_PureNu/22011/1/PMTfied_2.parquet
2025-02-15 13:48:29 - INFO - Filtered PMTfied file saved to: /lustre/hpc/project/icecube/HE_Nu_Aske_Oct2024/PMTfied_filtered/Snowstorm/MuonLike_PureNu/22011/1/PMTfied_7.parquet
2025-02-15 13:48:32 - INFO - Filtered PMTfied file saved to: /lustre/hpc/project/icecube/HE_Nu_Aske_Oct2024/PMTfied_filtered/Snowstorm/MuonLike_PureNu/22011/1/PMTfied_3.parquet
2025-02-15 13:48:36 - INFO - Filtered PMTfied file saved to: /lustre/hpc/project/icecube/HE_Nu_Aske_Oct2024/PMTfied_filtered/Snowstorm/MuonLike_PureNu/22011/1/PMTfied_18.parquet
2025-02-15 13:48:40 - INFO - Filtered PMTfied file saved to: /lustre/hpc/project/icecube/HE_Nu_Aske_Oct2024/PMTfied_filtered/Snowstorm/MuonLike_PureNu/22011/1/PMTfied_14.parquet
2025-02-15 13:48:43 - INFO - Filtered PMTfied file saved to: /lustre/hpc/project/icecube/HE_Nu_Aske_Oct2024/PMTfied_filtered/Snowstorm/MuonLike_PureNu/22011/1/PMTfied_10.parquet
2025-02-15 13:48:47 - INFO - Filtered PMTfied file saved to: /lustre/hpc/project/icecube/HE_Nu_Aske_Oct2024/PMTfied_filtered/Snowstorm/MuonLike_PureNu/22011/1/PMTfied_20.parquet
2025-02-15 13:48:50 - INFO - Filtered PMTfied file saved to: /lustre/hpc/project/icecube/HE_Nu_Aske_Oct2024/PMTfied_filtered/Snowstorm/MuonLike_PureNu/22011/1/PMTfied_9.parquet
2025-02-15 13:48:54 - INFO - Filtered PMTfied file saved to: /lustre/hpc/project/icecube/HE_Nu_Aske_Oct2024/PMTfied_filtered/Snowstorm/MuonLike_PureNu/22011/1/PMTfied_5.parquet
2025-02-15 13:48:58 - INFO - Filtered PMTfied file saved to: /lustre/hpc/project/icecube/HE_Nu_Aske_Oct2024/PMTfied_filtered/Snowstorm/MuonLike_PureNu/22011/1/PMTfied_1.parquet
2025-02-15 13:49:01 - INFO - Filtered PMTfied file saved to: /lustre/hpc/project/icecube/HE_Nu_Aske_Oct2024/PMTfied_filtered/Snowstorm/MuonLike_PureNu/22011/1/PMTfied_16.parquet
2025-02-15 13:49:05 - INFO - Filtered PMTfied file saved to: /lustre/hpc/project/icecube/HE_Nu_Aske_Oct2024/PMTfied_filtered/Snowstorm/MuonLike_PureNu/22011/1/PMTfied_12.parquet
2025-02-15 13:49:08 - INFO - Filtered PMTfied file saved to: /lustre/hpc/project/icecube/HE_Nu_Aske_Oct2024/PMTfied_filtered/Snowstorm/MuonLike_PureNu/22011/1/PMTfied_17.parquet
2025-02-15 13:49:12 - INFO - Filtered PMTfied file saved to: /lustre/hpc/project/icecube/HE_Nu_Aske_Oct2024/PMTfied_filtered/Snowstorm/MuonLike_PureNu/22011/1/PMTfied_13.parquet
2025-02-15 13:49:12 - INFO - Filtered PMTfied file saved to: /lustre/hpc/project/icecube/HE_Nu_Aske_Oct2024/PMTfied_filtered/Snowstorm/MuonLike_PureNu/22011/1/PMTfied_21.parquet
2025-02-15 13:49:16 - INFO - Filtered PMTfied file saved to: /lustre/hpc/project/icecube/HE_Nu_Aske_Oct2024/PMTfied_filtered/Snowstorm/MuonLike_PureNu/22011/1/PMTfied_4.parquet
2025-02-15 13:49:19 - INFO - Filtered PMTfied file saved to: /lustre/hpc/project/icecube/HE_Nu_Aske_Oct2024/PMTfied_filtered/Snowstorm/MuonLike_PureNu/22011/1/PMTfied_8.parquet
2025-02-15 13:49:19 - INFO - Filtering process completed.
2025-02-15 13:49:19 - INFO - Filtering process completed.
2025-02-15 13:49:19 - INFO - Unified receipt generated: /lustre/hpc/project/icecube/HE_Nu_Aske_Oct2024/PMTfied_filtered/Snowstorm/MuonLike_PureNu/22011/[Receipt]22011_1.json
2025-02-15 13:49:19 - INFO - Filtering process completed.
Job completed at Sat Feb 15 01:49:19 PM CET 2025
