Starting job at Mon Feb 24 01:51:02 PM CET 2025
Running Filter_by_part.py for subdirectory 22011, part 7
2025-02-24 13:51:03 - INFO - Event filtering process starts...
2025-02-24 13:51:03 - INFO - Initialized PureNeutrinoEventFilter filter for 22011/7
2025-02-24 13:51:04 - INFO - Loaded 5 event specifier files from /lustre/hpc/project/icecube/HE_Nu_Aske_Oct2024/clean_events_dict/22011/22011/reduced
2025-02-24 13:51:04 - INFO - Selected 3 CSV files covering event range [2315, 4389]
2025-02-24 13:51:08 - INFO - Loaded 2893521 valid (RunID, EventID) pairs from CSV files
2025-02-24 13:51:09 - INFO - Extracted 304485 valid events based on pure neutrino events.
2025-02-24 13:51:10 - INFO - Initialized CCFilter filter for 22011/7
2025-02-24 13:51:10 - INFO - Extracted 363457 valid events which are CC interactions.
2025-02-24 13:51:10 - INFO - Initialized ContainmentFilter filter for 22011/7
2025-02-24 13:51:10 - INFO - Extracted 61092 valid events within the specified containment region.
2025-02-24 13:51:10 - INFO - Initialized CompositeEventFilter filter for 22011/7
2025-02-24 13:51:10 - INFO - Initialized (CC_CRclean_Contained)
2025-02-24 13:51:10 - INFO - Starting filtering process for 22011/7
2025-02-24 13:51:10 - INFO - Starting filtering process for 22011/7
2025-02-24 13:51:13 - INFO - Recalculated 'offset' column based on 'N_doms' values within each 'shard_no' group.
2025-02-24 13:51:14 - INFO - Filtered truth file saved to: /lustre/hpc/project/icecube/HE_Nu_Aske_Oct2024/PMTfied_filtered/Snowstorm/CC_CRclean_Contained/22011/truth_7.parquet
2025-02-24 13:51:16 - INFO - Filtered PMTfied file saved to: /lustre/hpc/project/icecube/HE_Nu_Aske_Oct2024/PMTfied_filtered/Snowstorm/CC_CRclean_Contained/22011/7/PMTfied_17.parquet
2025-02-24 13:51:17 - INFO - Filtered PMTfied file saved to: /lustre/hpc/project/icecube/HE_Nu_Aske_Oct2024/PMTfied_filtered/Snowstorm/CC_CRclean_Contained/22011/7/PMTfied_13.parquet
2025-02-24 13:51:19 - INFO - Filtered PMTfied file saved to: /lustre/hpc/project/icecube/HE_Nu_Aske_Oct2024/PMTfied_filtered/Snowstorm/CC_CRclean_Contained/22011/7/PMTfied_2.parquet
2025-02-24 13:51:21 - INFO - Filtered PMTfied file saved to: /lustre/hpc/project/icecube/HE_Nu_Aske_Oct2024/PMTfied_filtered/Snowstorm/CC_CRclean_Contained/22011/7/PMTfied_6.parquet
2025-02-24 13:51:21 - INFO - Filtered PMTfied file saved to: /lustre/hpc/project/icecube/HE_Nu_Aske_Oct2024/PMTfied_filtered/Snowstorm/CC_CRclean_Contained/22011/7/PMTfied_21.parquet
2025-02-24 13:51:23 - INFO - Filtered PMTfied file saved to: /lustre/hpc/project/icecube/HE_Nu_Aske_Oct2024/PMTfied_filtered/Snowstorm/CC_CRclean_Contained/22011/7/PMTfied_3.parquet
2025-02-24 13:51:25 - INFO - Filtered PMTfied file saved to: /lustre/hpc/project/icecube/HE_Nu_Aske_Oct2024/PMTfied_filtered/Snowstorm/CC_CRclean_Contained/22011/7/PMTfied_7.parquet
2025-02-24 13:51:26 - INFO - Filtered PMTfied file saved to: /lustre/hpc/project/icecube/HE_Nu_Aske_Oct2024/PMTfied_filtered/Snowstorm/CC_CRclean_Contained/22011/7/PMTfied_20.parquet
2025-02-24 13:51:28 - INFO - Filtered PMTfied file saved to: /lustre/hpc/project/icecube/HE_Nu_Aske_Oct2024/PMTfied_filtered/Snowstorm/CC_CRclean_Contained/22011/7/PMTfied_16.parquet
2025-02-24 13:51:30 - INFO - Filtered PMTfied file saved to: /lustre/hpc/project/icecube/HE_Nu_Aske_Oct2024/PMTfied_filtered/Snowstorm/CC_CRclean_Contained/22011/7/PMTfied_12.parquet
2025-02-24 13:51:32 - INFO - Filtered PMTfied file saved to: /lustre/hpc/project/icecube/HE_Nu_Aske_Oct2024/PMTfied_filtered/Snowstorm/CC_CRclean_Contained/22011/7/PMTfied_9.parquet
2025-02-24 13:51:34 - INFO - Filtered PMTfied file saved to: /lustre/hpc/project/icecube/HE_Nu_Aske_Oct2024/PMTfied_filtered/Snowstorm/CC_CRclean_Contained/22011/7/PMTfied_1.parquet
2025-02-24 13:51:35 - INFO - Filtered PMTfied file saved to: /lustre/hpc/project/icecube/HE_Nu_Aske_Oct2024/PMTfied_filtered/Snowstorm/CC_CRclean_Contained/22011/7/PMTfied_5.parquet
2025-02-24 13:51:37 - INFO - Filtered PMTfied file saved to: /lustre/hpc/project/icecube/HE_Nu_Aske_Oct2024/PMTfied_filtered/Snowstorm/CC_CRclean_Contained/22011/7/PMTfied_18.parquet
2025-02-24 13:51:39 - INFO - Filtered PMTfied file saved to: /lustre/hpc/project/icecube/HE_Nu_Aske_Oct2024/PMTfied_filtered/Snowstorm/CC_CRclean_Contained/22011/7/PMTfied_14.parquet
2025-02-24 13:51:41 - INFO - Filtered PMTfied file saved to: /lustre/hpc/project/icecube/HE_Nu_Aske_Oct2024/PMTfied_filtered/Snowstorm/CC_CRclean_Contained/22011/7/PMTfied_10.parquet
2025-02-24 13:51:43 - INFO - Filtered PMTfied file saved to: /lustre/hpc/project/icecube/HE_Nu_Aske_Oct2024/PMTfied_filtered/Snowstorm/CC_CRclean_Contained/22011/7/PMTfied_15.parquet
2025-02-24 13:51:45 - INFO - Filtered PMTfied file saved to: /lustre/hpc/project/icecube/HE_Nu_Aske_Oct2024/PMTfied_filtered/Snowstorm/CC_CRclean_Contained/22011/7/PMTfied_11.parquet
2025-02-24 13:51:46 - INFO - Filtered PMTfied file saved to: /lustre/hpc/project/icecube/HE_Nu_Aske_Oct2024/PMTfied_filtered/Snowstorm/CC_CRclean_Contained/22011/7/PMTfied_19.parquet
2025-02-24 13:51:48 - INFO - Filtered PMTfied file saved to: /lustre/hpc/project/icecube/HE_Nu_Aske_Oct2024/PMTfied_filtered/Snowstorm/CC_CRclean_Contained/22011/7/PMTfied_4.parquet
2025-02-24 13:51:50 - INFO - Filtered PMTfied file saved to: /lustre/hpc/project/icecube/HE_Nu_Aske_Oct2024/PMTfied_filtered/Snowstorm/CC_CRclean_Contained/22011/7/PMTfied_8.parquet
2025-02-24 13:51:50 - INFO - Filtering process completed.
2025-02-24 13:51:50 - INFO - Filtering process completed.
2025-02-24 13:51:50 - INFO - Unified receipt generated: /lustre/hpc/project/icecube/HE_Nu_Aske_Oct2024/PMTfied_filtered/Snowstorm/CC_CRclean_Contained/22011/[Receipt]22011_7.json
2025-02-24 13:51:50 - INFO - Filtering process completed.
Job completed at Mon Feb 24 01:51:50 PM CET 2025
