Starting job at Sat Feb 15 12:08:21 PM CET 2025
Running Filter_by_part.py for subdirectory 22011, part 2
2025-02-15 12:08:21 - INFO - Event filtering process starts...
2025-02-15 12:08:21 - INFO - Initialized PureNeutrinoEventFilter filter for 22011/2
2025-02-15 12:08:23 - INFO - Loaded 5 event specifier files from /lustre/hpc/project/icecube/HE_Nu_Aske_Oct2024/clean_events_dict/22011/22011/reduced
2025-02-15 12:08:23 - INFO - Selected 2 CSV files covering event range [14, 1130]
2025-02-15 12:08:26 - INFO - Loaded 2316378 valid (RunID, EventID) pairs from CSV files
2025-02-15 12:08:27 - INFO - Extracted 304646 valid events based on pure neutrino events.
2025-02-15 12:08:27 - INFO - Initialized CompositeEventFilter filter for 22011/2
2025-02-15 12:08:27 - INFO - Initialized (PureNu)
2025-02-15 12:08:27 - INFO - Starting filtering process for 22011/2
2025-02-15 12:08:27 - INFO - Starting filtering process for 22011/2
2025-02-15 12:08:39 - INFO - Recalculated 'offset' column based on filtered 'N_doms' values.
2025-02-15 12:08:42 - INFO - Filtered truth file saved to: /lustre/hpc/project/icecube/HE_Nu_Aske_Oct2024/PMTfied_filtered/Snowstorm/PureNu/22011/truth_2.parquet
2025-02-15 12:08:46 - INFO - Filtered PMTfied file saved to: /lustre/hpc/project/icecube/HE_Nu_Aske_Oct2024/PMTfied_filtered/Snowstorm/PureNu/22011/2/PMTfied_19.parquet
2025-02-15 12:08:50 - INFO - Filtered PMTfied file saved to: /lustre/hpc/project/icecube/HE_Nu_Aske_Oct2024/PMTfied_filtered/Snowstorm/PureNu/22011/2/PMTfied_15.parquet
2025-02-15 12:08:54 - INFO - Filtered PMTfied file saved to: /lustre/hpc/project/icecube/HE_Nu_Aske_Oct2024/PMTfied_filtered/Snowstorm/PureNu/22011/2/PMTfied_11.parquet
2025-02-15 12:08:58 - INFO - Filtered PMTfied file saved to: /lustre/hpc/project/icecube/HE_Nu_Aske_Oct2024/PMTfied_filtered/Snowstorm/PureNu/22011/2/PMTfied_9.parquet
2025-02-15 12:09:01 - INFO - Filtered PMTfied file saved to: /lustre/hpc/project/icecube/HE_Nu_Aske_Oct2024/PMTfied_filtered/Snowstorm/PureNu/22011/2/PMTfied_1.parquet
2025-02-15 12:09:05 - INFO - Filtered PMTfied file saved to: /lustre/hpc/project/icecube/HE_Nu_Aske_Oct2024/PMTfied_filtered/Snowstorm/PureNu/22011/2/PMTfied_5.parquet
2025-02-15 12:09:09 - INFO - Filtered PMTfied file saved to: /lustre/hpc/project/icecube/HE_Nu_Aske_Oct2024/PMTfied_filtered/Snowstorm/PureNu/22011/2/PMTfied_14.parquet
2025-02-15 12:09:13 - INFO - Filtered PMTfied file saved to: /lustre/hpc/project/icecube/HE_Nu_Aske_Oct2024/PMTfied_filtered/Snowstorm/PureNu/22011/2/PMTfied_10.parquet
2025-02-15 12:09:17 - INFO - Filtered PMTfied file saved to: /lustre/hpc/project/icecube/HE_Nu_Aske_Oct2024/PMTfied_filtered/Snowstorm/PureNu/22011/2/PMTfied_18.parquet
2025-02-15 12:09:21 - INFO - Filtered PMTfied file saved to: /lustre/hpc/project/icecube/HE_Nu_Aske_Oct2024/PMTfied_filtered/Snowstorm/PureNu/22011/2/PMTfied_4.parquet
2025-02-15 12:09:25 - INFO - Filtered PMTfied file saved to: /lustre/hpc/project/icecube/HE_Nu_Aske_Oct2024/PMTfied_filtered/Snowstorm/PureNu/22011/2/PMTfied_8.parquet
2025-02-15 12:09:32 - INFO - Filtered PMTfied file saved to: /lustre/hpc/project/icecube/HE_Nu_Aske_Oct2024/PMTfied_filtered/Snowstorm/PureNu/22011/2/PMTfied_2.parquet
2025-02-15 12:09:35 - INFO - Filtered PMTfied file saved to: /lustre/hpc/project/icecube/HE_Nu_Aske_Oct2024/PMTfied_filtered/Snowstorm/PureNu/22011/2/PMTfied_6.parquet
2025-02-15 12:09:39 - INFO - Filtered PMTfied file saved to: /lustre/hpc/project/icecube/HE_Nu_Aske_Oct2024/PMTfied_filtered/Snowstorm/PureNu/22011/2/PMTfied_16.parquet
2025-02-15 12:09:43 - INFO - Filtered PMTfied file saved to: /lustre/hpc/project/icecube/HE_Nu_Aske_Oct2024/PMTfied_filtered/Snowstorm/PureNu/22011/2/PMTfied_12.parquet
2025-02-15 12:09:47 - INFO - Filtered PMTfied file saved to: /lustre/hpc/project/icecube/HE_Nu_Aske_Oct2024/PMTfied_filtered/Snowstorm/PureNu/22011/2/PMTfied_20.parquet
2025-02-15 12:09:48 - INFO - Filtered PMTfied file saved to: /lustre/hpc/project/icecube/HE_Nu_Aske_Oct2024/PMTfied_filtered/Snowstorm/PureNu/22011/2/PMTfied_21.parquet
2025-02-15 12:09:51 - INFO - Filtered PMTfied file saved to: /lustre/hpc/project/icecube/HE_Nu_Aske_Oct2024/PMTfied_filtered/Snowstorm/PureNu/22011/2/PMTfied_3.parquet
2025-02-15 12:09:55 - INFO - Filtered PMTfied file saved to: /lustre/hpc/project/icecube/HE_Nu_Aske_Oct2024/PMTfied_filtered/Snowstorm/PureNu/22011/2/PMTfied_7.parquet
2025-02-15 12:09:59 - INFO - Filtered PMTfied file saved to: /lustre/hpc/project/icecube/HE_Nu_Aske_Oct2024/PMTfied_filtered/Snowstorm/PureNu/22011/2/PMTfied_17.parquet
2025-02-15 12:10:03 - INFO - Filtered PMTfied file saved to: /lustre/hpc/project/icecube/HE_Nu_Aske_Oct2024/PMTfied_filtered/Snowstorm/PureNu/22011/2/PMTfied_13.parquet
2025-02-15 12:10:03 - INFO - Filtering process completed.
2025-02-15 12:10:03 - INFO - Filtering process completed.
2025-02-15 12:10:03 - INFO - Unified receipt generated: /lustre/hpc/project/icecube/HE_Nu_Aske_Oct2024/PMTfied_filtered/Snowstorm/PureNu/22011/[Receipt]22011_2.json
2025-02-15 12:10:03 - INFO - Filtering process completed.
Job completed at Sat Feb 15 12:10:03 PM CET 2025
