Starting job at Mon Feb 17 03:58:02 PM CET 2025
Running Filter_by_part.py for subdirectory 22011, part 10
2025-02-17 15:58:03 - INFO - Event filtering process starts...
2025-02-17 15:58:03 - INFO - Initialized PureNeutrinoEventFilter filter for 22011/10
2025-02-17 15:58:03 - INFO - Loaded 5 event specifier files from /lustre/hpc/project/icecube/HE_Nu_Aske_Oct2024/clean_events_dict/22011/22011/reduced
2025-02-17 15:58:03 - INFO - Selected 5 CSV files covering event range [25, 4499]
2025-02-17 15:58:11 - INFO - Loaded 5209899 valid (RunID, EventID) pairs from CSV files
2025-02-17 15:58:11 - INFO - Extracted 59144 valid events based on pure neutrino events.
2025-02-17 15:58:13 - INFO - Initialized CompositeEventFilter filter for 22011/10
2025-02-17 15:58:13 - INFO - Initialized (PureNu)
2025-02-17 15:58:13 - INFO - Starting filtering process for 22011/10
2025-02-17 15:58:13 - INFO - Starting filtering process for 22011/10
2025-02-17 15:58:15 - INFO - Recalculated 'offset' column based on 'N_doms' values within each 'shard_no' group.
2025-02-17 15:58:15 - INFO - Filtered truth file saved to: /lustre/hpc/project/icecube/HE_Nu_Aske_Oct2024/PMTfied_filtered/Snowstorm/PureNu/22011/truth_10.parquet
2025-02-17 15:58:19 - INFO - Filtered PMTfied file saved to: /lustre/hpc/project/icecube/HE_Nu_Aske_Oct2024/PMTfied_filtered/Snowstorm/PureNu/22011/10/PMTfied_2.parquet
2025-02-17 15:58:23 - INFO - Filtered PMTfied file saved to: /lustre/hpc/project/icecube/HE_Nu_Aske_Oct2024/PMTfied_filtered/Snowstorm/PureNu/22011/10/PMTfied_3.parquet
2025-02-17 15:58:27 - INFO - Filtered PMTfied file saved to: /lustre/hpc/project/icecube/HE_Nu_Aske_Oct2024/PMTfied_filtered/Snowstorm/PureNu/22011/10/PMTfied_1.parquet
2025-02-17 15:58:30 - INFO - Filtered PMTfied file saved to: /lustre/hpc/project/icecube/HE_Nu_Aske_Oct2024/PMTfied_filtered/Snowstorm/PureNu/22011/10/PMTfied_4.parquet
2025-02-17 15:58:30 - INFO - Filtering process completed.
2025-02-17 15:58:30 - INFO - Filtering process completed.
2025-02-17 15:58:31 - INFO - Unified receipt generated: /lustre/hpc/project/icecube/HE_Nu_Aske_Oct2024/PMTfied_filtered/Snowstorm/PureNu/22011/[Receipt]22011_10.json
2025-02-17 15:58:31 - INFO - Filtering process completed.
Job completed at Mon Feb 17 03:58:31 PM CET 2025
