Starting job at Thu Feb 13 05:06:59 PM CET 2025
Running Filter_by_part.py for subdirectory 22011, part 9
2025-02-13 17:06:59 - INFO - Event filtering process starts...
2025-02-13 17:06:59 - INFO - Initialized Muon13Filter
2025-02-13 17:06:59 - INFO - Starting filtering process for 22011/9
2025-02-13 17:07:03 - INFO - Recalculated 'offset' column based on filtered 'N_doms' values.
2025-02-13 17:07:04 - INFO - Filtered truth file saved to: /lustre/hpc/project/icecube/HE_Nu_Aske_Oct2024/PMTfied_filtered/MuonLike/Snowstorm/22011/truth_9.parquet
2025-02-13 17:07:04 - INFO - Receipt file saved to: /lustre/hpc/project/icecube/HE_Nu_Aske_Oct2024/PMTfied_filtered/MuonLike/Snowstorm/22011/[Receipt]22011_9.json
2025-02-13 17:07:08 - INFO - Filtered PMTfied file saved to: /lustre/hpc/project/icecube/HE_Nu_Aske_Oct2024/PMTfied_filtered/MuonLike/Snowstorm/22011/9/PMTfied_5.parquet
2025-02-13 17:07:12 - INFO - Filtered PMTfied file saved to: /lustre/hpc/project/icecube/HE_Nu_Aske_Oct2024/PMTfied_filtered/MuonLike/Snowstorm/22011/9/PMTfied_1.parquet
2025-02-13 17:07:18 - INFO - Filtered PMTfied file saved to: /lustre/hpc/project/icecube/HE_Nu_Aske_Oct2024/PMTfied_filtered/MuonLike/Snowstorm/22011/9/PMTfied_9.parquet
2025-02-13 17:07:24 - INFO - Filtered PMTfied file saved to: /lustre/hpc/project/icecube/HE_Nu_Aske_Oct2024/PMTfied_filtered/MuonLike/Snowstorm/22011/9/PMTfied_18.parquet
2025-02-13 17:07:30 - INFO - Filtered PMTfied file saved to: /lustre/hpc/project/icecube/HE_Nu_Aske_Oct2024/PMTfied_filtered/MuonLike/Snowstorm/22011/9/PMTfied_10.parquet
2025-02-13 17:07:34 - INFO - Filtered PMTfied file saved to: /lustre/hpc/project/icecube/HE_Nu_Aske_Oct2024/PMTfied_filtered/MuonLike/Snowstorm/22011/9/PMTfied_14.parquet
2025-02-13 17:07:39 - INFO - Filtered PMTfied file saved to: /lustre/hpc/project/icecube/HE_Nu_Aske_Oct2024/PMTfied_filtered/MuonLike/Snowstorm/22011/9/PMTfied_8.parquet
2025-02-13 17:07:44 - INFO - Filtered PMTfied file saved to: /lustre/hpc/project/icecube/HE_Nu_Aske_Oct2024/PMTfied_filtered/MuonLike/Snowstorm/22011/9/PMTfied_4.parquet
2025-02-13 17:07:48 - INFO - Filtered PMTfied file saved to: /lustre/hpc/project/icecube/HE_Nu_Aske_Oct2024/PMTfied_filtered/MuonLike/Snowstorm/22011/9/PMTfied_11.parquet
2025-02-13 17:07:52 - INFO - Filtered PMTfied file saved to: /lustre/hpc/project/icecube/HE_Nu_Aske_Oct2024/PMTfied_filtered/MuonLike/Snowstorm/22011/9/PMTfied_15.parquet
2025-02-13 17:07:57 - INFO - Filtered PMTfied file saved to: /lustre/hpc/project/icecube/HE_Nu_Aske_Oct2024/PMTfied_filtered/MuonLike/Snowstorm/22011/9/PMTfied_19.parquet
2025-02-13 17:07:58 - INFO - Filtered PMTfied file saved to: /lustre/hpc/project/icecube/HE_Nu_Aske_Oct2024/PMTfied_filtered/MuonLike/Snowstorm/22011/9/PMTfied_21.parquet
2025-02-13 17:08:02 - INFO - Filtered PMTfied file saved to: /lustre/hpc/project/icecube/HE_Nu_Aske_Oct2024/PMTfied_filtered/MuonLike/Snowstorm/22011/9/PMTfied_6.parquet
2025-02-13 17:08:06 - INFO - Filtered PMTfied file saved to: /lustre/hpc/project/icecube/HE_Nu_Aske_Oct2024/PMTfied_filtered/MuonLike/Snowstorm/22011/9/PMTfied_2.parquet
2025-02-13 17:08:10 - INFO - Filtered PMTfied file saved to: /lustre/hpc/project/icecube/HE_Nu_Aske_Oct2024/PMTfied_filtered/MuonLike/Snowstorm/22011/9/PMTfied_13.parquet
2025-02-13 17:08:14 - INFO - Filtered PMTfied file saved to: /lustre/hpc/project/icecube/HE_Nu_Aske_Oct2024/PMTfied_filtered/MuonLike/Snowstorm/22011/9/PMTfied_17.parquet
2025-02-13 17:08:20 - INFO - Filtered PMTfied file saved to: /lustre/hpc/project/icecube/HE_Nu_Aske_Oct2024/PMTfied_filtered/MuonLike/Snowstorm/22011/9/PMTfied_7.parquet
2025-02-13 17:08:32 - INFO - Filtered PMTfied file saved to: /lustre/hpc/project/icecube/HE_Nu_Aske_Oct2024/PMTfied_filtered/MuonLike/Snowstorm/22011/9/PMTfied_3.parquet
2025-02-13 17:08:36 - INFO - Filtered PMTfied file saved to: /lustre/hpc/project/icecube/HE_Nu_Aske_Oct2024/PMTfied_filtered/MuonLike/Snowstorm/22011/9/PMTfied_12.parquet
2025-02-13 17:08:40 - INFO - Filtered PMTfied file saved to: /lustre/hpc/project/icecube/HE_Nu_Aske_Oct2024/PMTfied_filtered/MuonLike/Snowstorm/22011/9/PMTfied_16.parquet
2025-02-13 17:08:46 - INFO - Filtered PMTfied file saved to: /lustre/hpc/project/icecube/HE_Nu_Aske_Oct2024/PMTfied_filtered/MuonLike/Snowstorm/22011/9/PMTfied_20.parquet
2025-02-13 17:08:46 - INFO - Filtering process completed.
2025-02-13 17:08:46 - INFO - Filtering process completed for all selected filters.
2025-02-13 17:08:46 - INFO - Execution time: 107.18 seconds
2025-02-13 17:08:46 - INFO - Updated receipt with execution time: /lustre/hpc/project/icecube/HE_Nu_Aske_Oct2024/PMTfied_filtered/MuonLike/Snowstorm/22011/[Receipt]22011_9.json
Job completed at Thu Feb 13 05:08:46 PM CET 2025
