Starting job at Mon Feb 17 03:56:27 PM CET 2025
Running Filter_by_part.py for subdirectory 22011, part 7
2025-02-17 15:56:27 - INFO - Event filtering process starts...
2025-02-17 15:56:27 - INFO - Initialized PureNeutrinoEventFilter filter for 22011/7
2025-02-17 15:56:28 - INFO - Loaded 5 event specifier files from /lustre/hpc/project/icecube/HE_Nu_Aske_Oct2024/clean_events_dict/22011/22011/reduced
2025-02-17 15:56:29 - INFO - Selected 3 CSV files covering event range [2315, 4389]
2025-02-17 15:56:33 - INFO - Loaded 2893521 valid (RunID, EventID) pairs from CSV files
2025-02-17 15:56:34 - INFO - Extracted 304485 valid events based on pure neutrino events.
2025-02-17 15:56:35 - INFO - Initialized CompositeEventFilter filter for 22011/7
2025-02-17 15:56:35 - INFO - Initialized (PureNu)
2025-02-17 15:56:35 - INFO - Starting filtering process for 22011/7
2025-02-17 15:56:35 - INFO - Starting filtering process for 22011/7
2025-02-17 15:56:47 - INFO - Recalculated 'offset' column based on 'N_doms' values within each 'shard_no' group.
2025-02-17 15:56:49 - INFO - Filtered truth file saved to: /lustre/hpc/project/icecube/HE_Nu_Aske_Oct2024/PMTfied_filtered/Snowstorm/PureNu/22011/truth_7.parquet
2025-02-17 15:56:56 - INFO - Filtered PMTfied file saved to: /lustre/hpc/project/icecube/HE_Nu_Aske_Oct2024/PMTfied_filtered/Snowstorm/PureNu/22011/7/PMTfied_17.parquet
2025-02-17 15:57:00 - INFO - Filtered PMTfied file saved to: /lustre/hpc/project/icecube/HE_Nu_Aske_Oct2024/PMTfied_filtered/Snowstorm/PureNu/22011/7/PMTfied_13.parquet
2025-02-17 15:57:04 - INFO - Filtered PMTfied file saved to: /lustre/hpc/project/icecube/HE_Nu_Aske_Oct2024/PMTfied_filtered/Snowstorm/PureNu/22011/7/PMTfied_2.parquet
2025-02-17 15:57:10 - INFO - Filtered PMTfied file saved to: /lustre/hpc/project/icecube/HE_Nu_Aske_Oct2024/PMTfied_filtered/Snowstorm/PureNu/22011/7/PMTfied_6.parquet
2025-02-17 15:57:11 - INFO - Filtered PMTfied file saved to: /lustre/hpc/project/icecube/HE_Nu_Aske_Oct2024/PMTfied_filtered/Snowstorm/PureNu/22011/7/PMTfied_21.parquet
2025-02-17 15:57:15 - INFO - Filtered PMTfied file saved to: /lustre/hpc/project/icecube/HE_Nu_Aske_Oct2024/PMTfied_filtered/Snowstorm/PureNu/22011/7/PMTfied_3.parquet
2025-02-17 15:57:19 - INFO - Filtered PMTfied file saved to: /lustre/hpc/project/icecube/HE_Nu_Aske_Oct2024/PMTfied_filtered/Snowstorm/PureNu/22011/7/PMTfied_7.parquet
2025-02-17 15:57:22 - INFO - Filtered PMTfied file saved to: /lustre/hpc/project/icecube/HE_Nu_Aske_Oct2024/PMTfied_filtered/Snowstorm/PureNu/22011/7/PMTfied_20.parquet
2025-02-17 15:57:26 - INFO - Filtered PMTfied file saved to: /lustre/hpc/project/icecube/HE_Nu_Aske_Oct2024/PMTfied_filtered/Snowstorm/PureNu/22011/7/PMTfied_16.parquet
2025-02-17 15:57:30 - INFO - Filtered PMTfied file saved to: /lustre/hpc/project/icecube/HE_Nu_Aske_Oct2024/PMTfied_filtered/Snowstorm/PureNu/22011/7/PMTfied_12.parquet
2025-02-17 15:57:34 - INFO - Filtered PMTfied file saved to: /lustre/hpc/project/icecube/HE_Nu_Aske_Oct2024/PMTfied_filtered/Snowstorm/PureNu/22011/7/PMTfied_9.parquet
2025-02-17 15:57:38 - INFO - Filtered PMTfied file saved to: /lustre/hpc/project/icecube/HE_Nu_Aske_Oct2024/PMTfied_filtered/Snowstorm/PureNu/22011/7/PMTfied_1.parquet
2025-02-17 15:57:41 - INFO - Filtered PMTfied file saved to: /lustre/hpc/project/icecube/HE_Nu_Aske_Oct2024/PMTfied_filtered/Snowstorm/PureNu/22011/7/PMTfied_5.parquet
2025-02-17 15:57:49 - INFO - Filtered PMTfied file saved to: /lustre/hpc/project/icecube/HE_Nu_Aske_Oct2024/PMTfied_filtered/Snowstorm/PureNu/22011/7/PMTfied_18.parquet
2025-02-17 15:57:53 - INFO - Filtered PMTfied file saved to: /lustre/hpc/project/icecube/HE_Nu_Aske_Oct2024/PMTfied_filtered/Snowstorm/PureNu/22011/7/PMTfied_14.parquet
2025-02-17 15:57:57 - INFO - Filtered PMTfied file saved to: /lustre/hpc/project/icecube/HE_Nu_Aske_Oct2024/PMTfied_filtered/Snowstorm/PureNu/22011/7/PMTfied_10.parquet
2025-02-17 15:58:01 - INFO - Filtered PMTfied file saved to: /lustre/hpc/project/icecube/HE_Nu_Aske_Oct2024/PMTfied_filtered/Snowstorm/PureNu/22011/7/PMTfied_15.parquet
2025-02-17 15:58:05 - INFO - Filtered PMTfied file saved to: /lustre/hpc/project/icecube/HE_Nu_Aske_Oct2024/PMTfied_filtered/Snowstorm/PureNu/22011/7/PMTfied_11.parquet
2025-02-17 15:58:08 - INFO - Filtered PMTfied file saved to: /lustre/hpc/project/icecube/HE_Nu_Aske_Oct2024/PMTfied_filtered/Snowstorm/PureNu/22011/7/PMTfied_19.parquet
2025-02-17 15:58:14 - INFO - Filtered PMTfied file saved to: /lustre/hpc/project/icecube/HE_Nu_Aske_Oct2024/PMTfied_filtered/Snowstorm/PureNu/22011/7/PMTfied_4.parquet
2025-02-17 15:58:18 - INFO - Filtered PMTfied file saved to: /lustre/hpc/project/icecube/HE_Nu_Aske_Oct2024/PMTfied_filtered/Snowstorm/PureNu/22011/7/PMTfied_8.parquet
2025-02-17 15:58:18 - INFO - Filtering process completed.
2025-02-17 15:58:18 - INFO - Filtering process completed.
2025-02-17 15:58:18 - INFO - Unified receipt generated: /lustre/hpc/project/icecube/HE_Nu_Aske_Oct2024/PMTfied_filtered/Snowstorm/PureNu/22011/[Receipt]22011_7.json
2025-02-17 15:58:18 - INFO - Filtering process completed.
Job completed at Mon Feb 17 03:58:19 PM CET 2025
