Starting job at Thu Feb 13 05:54:32 PM CET 2025
Running Filter_by_part.py for subdirectory 22011, part 6
2025-02-13 17:54:32 - INFO - Event filtering process starts...
2025-02-13 17:54:32 - INFO - Initialized PureNeutrinoEventFilter
2025-02-13 17:54:32 - INFO - Starting filtering process for 22011/6
2025-02-13 17:54:33 - INFO - Loaded 5 event specifier files from /lustre/hpc/project/icecube/HE_Nu_Aske_Oct2024/clean_events_dict/22011/22011/reduced
2025-02-13 17:54:34 - INFO - Selected 2 CSV files covering event range [2294, 3394]
2025-02-13 17:54:38 - INFO - Loaded 2315044 valid (RunID, EventID) pairs from CSV files
2025-02-13 17:54:52 - INFO - Recalculated 'offset' column based on filtered 'N_doms' values.
2025-02-13 17:54:55 - INFO - Filtered truth file saved to: /lustre/hpc/project/icecube/HE_Nu_Aske_Oct2024/PMTfied_filtered/PureNu/Snowstorm/22011/truth_6.parquet
2025-02-13 17:54:55 - INFO - Receipt file saved to: /lustre/hpc/project/icecube/HE_Nu_Aske_Oct2024/PMTfied_filtered/PureNu/Snowstorm/22011/[Receipt]22011_6.json
2025-02-13 17:54:59 - INFO - Filtered PMTfied file saved to: /lustre/hpc/project/icecube/HE_Nu_Aske_Oct2024/PMTfied_filtered/PureNu/Snowstorm/22011/6/PMTfied_10.parquet
2025-02-13 17:55:04 - INFO - Filtered PMTfied file saved to: /lustre/hpc/project/icecube/HE_Nu_Aske_Oct2024/PMTfied_filtered/PureNu/Snowstorm/22011/6/PMTfied_14.parquet
2025-02-13 17:55:08 - INFO - Filtered PMTfied file saved to: /lustre/hpc/project/icecube/HE_Nu_Aske_Oct2024/PMTfied_filtered/PureNu/Snowstorm/22011/6/PMTfied_18.parquet
2025-02-13 17:55:12 - INFO - Filtered PMTfied file saved to: /lustre/hpc/project/icecube/HE_Nu_Aske_Oct2024/PMTfied_filtered/PureNu/Snowstorm/22011/6/PMTfied_9.parquet
2025-02-13 17:55:16 - INFO - Filtered PMTfied file saved to: /lustre/hpc/project/icecube/HE_Nu_Aske_Oct2024/PMTfied_filtered/PureNu/Snowstorm/22011/6/PMTfied_1.parquet
2025-02-13 17:55:20 - INFO - Filtered PMTfied file saved to: /lustre/hpc/project/icecube/HE_Nu_Aske_Oct2024/PMTfied_filtered/PureNu/Snowstorm/22011/6/PMTfied_5.parquet
2025-02-13 17:55:25 - INFO - Filtered PMTfied file saved to: /lustre/hpc/project/icecube/HE_Nu_Aske_Oct2024/PMTfied_filtered/PureNu/Snowstorm/22011/6/PMTfied_4.parquet
2025-02-13 17:55:29 - INFO - Filtered PMTfied file saved to: /lustre/hpc/project/icecube/HE_Nu_Aske_Oct2024/PMTfied_filtered/PureNu/Snowstorm/22011/6/PMTfied_8.parquet
2025-02-13 17:55:34 - INFO - Filtered PMTfied file saved to: /lustre/hpc/project/icecube/HE_Nu_Aske_Oct2024/PMTfied_filtered/PureNu/Snowstorm/22011/6/PMTfied_19.parquet
2025-02-13 17:55:38 - INFO - Filtered PMTfied file saved to: /lustre/hpc/project/icecube/HE_Nu_Aske_Oct2024/PMTfied_filtered/PureNu/Snowstorm/22011/6/PMTfied_11.parquet
2025-02-13 17:55:43 - INFO - Filtered PMTfied file saved to: /lustre/hpc/project/icecube/HE_Nu_Aske_Oct2024/PMTfied_filtered/PureNu/Snowstorm/22011/6/PMTfied_15.parquet
2025-02-13 17:55:47 - INFO - Filtered PMTfied file saved to: /lustre/hpc/project/icecube/HE_Nu_Aske_Oct2024/PMTfied_filtered/PureNu/Snowstorm/22011/6/PMTfied_2.parquet
2025-02-13 17:55:51 - INFO - Filtered PMTfied file saved to: /lustre/hpc/project/icecube/HE_Nu_Aske_Oct2024/PMTfied_filtered/PureNu/Snowstorm/22011/6/PMTfied_6.parquet
2025-02-13 17:55:51 - INFO - Filtered PMTfied file saved to: /lustre/hpc/project/icecube/HE_Nu_Aske_Oct2024/PMTfied_filtered/PureNu/Snowstorm/22011/6/PMTfied_21.parquet
2025-02-13 17:55:55 - INFO - Filtered PMTfied file saved to: /lustre/hpc/project/icecube/HE_Nu_Aske_Oct2024/PMTfied_filtered/PureNu/Snowstorm/22011/6/PMTfied_13.parquet
2025-02-13 17:55:59 - INFO - Filtered PMTfied file saved to: /lustre/hpc/project/icecube/HE_Nu_Aske_Oct2024/PMTfied_filtered/PureNu/Snowstorm/22011/6/PMTfied_17.parquet
2025-02-13 17:56:04 - INFO - Filtered PMTfied file saved to: /lustre/hpc/project/icecube/HE_Nu_Aske_Oct2024/PMTfied_filtered/PureNu/Snowstorm/22011/6/PMTfied_12.parquet
2025-02-13 17:56:09 - INFO - Filtered PMTfied file saved to: /lustre/hpc/project/icecube/HE_Nu_Aske_Oct2024/PMTfied_filtered/PureNu/Snowstorm/22011/6/PMTfied_16.parquet
2025-02-13 17:56:13 - INFO - Filtered PMTfied file saved to: /lustre/hpc/project/icecube/HE_Nu_Aske_Oct2024/PMTfied_filtered/PureNu/Snowstorm/22011/6/PMTfied_3.parquet
2025-02-13 17:56:17 - INFO - Filtered PMTfied file saved to: /lustre/hpc/project/icecube/HE_Nu_Aske_Oct2024/PMTfied_filtered/PureNu/Snowstorm/22011/6/PMTfied_7.parquet
2025-02-13 17:56:21 - INFO - Filtered PMTfied file saved to: /lustre/hpc/project/icecube/HE_Nu_Aske_Oct2024/PMTfied_filtered/PureNu/Snowstorm/22011/6/PMTfied_20.parquet
2025-02-13 17:56:21 - INFO - Filtering process completed.
2025-02-13 17:56:21 - INFO - Filtering process completed for all selected filters.
2025-02-13 17:56:21 - INFO - Execution time: 108.87 seconds
2025-02-13 17:56:21 - INFO - Updated receipt with execution time: /lustre/hpc/project/icecube/HE_Nu_Aske_Oct2024/PMTfied_filtered/PureNu/Snowstorm/22011/[Receipt]22011_6.json
Job completed at Thu Feb 13 05:56:21 PM CET 2025
