Starting job at Thu Feb 13 05:54:33 PM CET 2025
Running Filter_by_part.py for subdirectory 22011, part 10
2025-02-13 17:54:33 - INFO - Event filtering process starts...
2025-02-13 17:54:33 - INFO - Initialized PureNeutrinoEventFilter
2025-02-13 17:54:33 - INFO - Starting filtering process for 22011/10
2025-02-13 17:54:34 - INFO - Loaded 5 event specifier files from /lustre/hpc/project/icecube/HE_Nu_Aske_Oct2024/clean_events_dict/22011/22011/reduced
2025-02-13 17:54:34 - INFO - Selected 5 CSV files covering event range [25, 4499]
2025-02-13 17:54:42 - INFO - Loaded 5209899 valid (RunID, EventID) pairs from CSV files
2025-02-13 17:54:44 - INFO - Recalculated 'offset' column based on filtered 'N_doms' values.
2025-02-13 17:54:45 - INFO - Filtered truth file saved to: /lustre/hpc/project/icecube/HE_Nu_Aske_Oct2024/PMTfied_filtered/PureNu/Snowstorm/22011/truth_10.parquet
2025-02-13 17:54:45 - INFO - Receipt file saved to: /lustre/hpc/project/icecube/HE_Nu_Aske_Oct2024/PMTfied_filtered/PureNu/Snowstorm/22011/[Receipt]22011_10.json
2025-02-13 17:54:50 - INFO - Filtered PMTfied file saved to: /lustre/hpc/project/icecube/HE_Nu_Aske_Oct2024/PMTfied_filtered/PureNu/Snowstorm/22011/10/PMTfied_2.parquet
2025-02-13 17:54:54 - INFO - Filtered PMTfied file saved to: /lustre/hpc/project/icecube/HE_Nu_Aske_Oct2024/PMTfied_filtered/PureNu/Snowstorm/22011/10/PMTfied_3.parquet
2025-02-13 17:54:58 - INFO - Filtered PMTfied file saved to: /lustre/hpc/project/icecube/HE_Nu_Aske_Oct2024/PMTfied_filtered/PureNu/Snowstorm/22011/10/PMTfied_1.parquet
2025-02-13 17:55:01 - INFO - Filtered PMTfied file saved to: /lustre/hpc/project/icecube/HE_Nu_Aske_Oct2024/PMTfied_filtered/PureNu/Snowstorm/22011/10/PMTfied_4.parquet
2025-02-13 17:55:02 - INFO - Filtering process completed.
2025-02-13 17:55:02 - INFO - Filtering process completed for all selected filters.
2025-02-13 17:55:02 - INFO - Execution time: 28.35 seconds
2025-02-13 17:55:02 - INFO - Updated receipt with execution time: /lustre/hpc/project/icecube/HE_Nu_Aske_Oct2024/PMTfied_filtered/PureNu/Snowstorm/22011/[Receipt]22011_10.json
Job completed at Thu Feb 13 05:55:02 PM CET 2025
