Starting job at Thu Feb 13 05:06:32 PM CET 2025
Running Filter_by_part.py for subdirectory 22011, part 8
2025-02-13 17:06:33 - INFO - Event filtering process starts...
2025-02-13 17:06:33 - INFO - Initialized Muon13Filter
2025-02-13 17:06:33 - INFO - Starting filtering process for 22011/8
2025-02-13 17:06:47 - INFO - Recalculated 'offset' column based on filtered 'N_doms' values.
2025-02-13 17:06:49 - INFO - Filtered truth file saved to: /lustre/hpc/project/icecube/HE_Nu_Aske_Oct2024/PMTfied_filtered/MuonLike/Snowstorm/22011/truth_8.parquet
2025-02-13 17:06:49 - INFO - Receipt file saved to: /lustre/hpc/project/icecube/HE_Nu_Aske_Oct2024/PMTfied_filtered/MuonLike/Snowstorm/22011/[Receipt]22011_8.json
2025-02-13 17:06:53 - INFO - Filtered PMTfied file saved to: /lustre/hpc/project/icecube/HE_Nu_Aske_Oct2024/PMTfied_filtered/MuonLike/Snowstorm/22011/8/PMTfied_4.parquet
2025-02-13 17:06:58 - INFO - Filtered PMTfied file saved to: /lustre/hpc/project/icecube/HE_Nu_Aske_Oct2024/PMTfied_filtered/MuonLike/Snowstorm/22011/8/PMTfied_8.parquet
2025-02-13 17:07:02 - INFO - Filtered PMTfied file saved to: /lustre/hpc/project/icecube/HE_Nu_Aske_Oct2024/PMTfied_filtered/MuonLike/Snowstorm/22011/8/PMTfied_20.parquet
2025-02-13 17:07:06 - INFO - Filtered PMTfied file saved to: /lustre/hpc/project/icecube/HE_Nu_Aske_Oct2024/PMTfied_filtered/MuonLike/Snowstorm/22011/8/PMTfied_12.parquet
2025-02-13 17:07:10 - INFO - Filtered PMTfied file saved to: /lustre/hpc/project/icecube/HE_Nu_Aske_Oct2024/PMTfied_filtered/MuonLike/Snowstorm/22011/8/PMTfied_16.parquet
2025-02-13 17:07:14 - INFO - Filtered PMTfied file saved to: /lustre/hpc/project/icecube/HE_Nu_Aske_Oct2024/PMTfied_filtered/MuonLike/Snowstorm/22011/8/PMTfied_13.parquet
2025-02-13 17:07:18 - INFO - Filtered PMTfied file saved to: /lustre/hpc/project/icecube/HE_Nu_Aske_Oct2024/PMTfied_filtered/MuonLike/Snowstorm/22011/8/PMTfied_17.parquet
2025-02-13 17:07:23 - INFO - Filtered PMTfied file saved to: /lustre/hpc/project/icecube/HE_Nu_Aske_Oct2024/PMTfied_filtered/MuonLike/Snowstorm/22011/8/PMTfied_9.parquet
2025-02-13 17:07:23 - INFO - Filtered PMTfied file saved to: /lustre/hpc/project/icecube/HE_Nu_Aske_Oct2024/PMTfied_filtered/MuonLike/Snowstorm/22011/8/PMTfied_21.parquet
2025-02-13 17:07:31 - INFO - Filtered PMTfied file saved to: /lustre/hpc/project/icecube/HE_Nu_Aske_Oct2024/PMTfied_filtered/MuonLike/Snowstorm/22011/8/PMTfied_5.parquet
2025-02-13 17:07:35 - INFO - Filtered PMTfied file saved to: /lustre/hpc/project/icecube/HE_Nu_Aske_Oct2024/PMTfied_filtered/MuonLike/Snowstorm/22011/8/PMTfied_1.parquet
2025-02-13 17:07:39 - INFO - Filtered PMTfied file saved to: /lustre/hpc/project/icecube/HE_Nu_Aske_Oct2024/PMTfied_filtered/MuonLike/Snowstorm/22011/8/PMTfied_19.parquet
2025-02-13 17:07:43 - INFO - Filtered PMTfied file saved to: /lustre/hpc/project/icecube/HE_Nu_Aske_Oct2024/PMTfied_filtered/MuonLike/Snowstorm/22011/8/PMTfied_11.parquet
2025-02-13 17:07:47 - INFO - Filtered PMTfied file saved to: /lustre/hpc/project/icecube/HE_Nu_Aske_Oct2024/PMTfied_filtered/MuonLike/Snowstorm/22011/8/PMTfied_15.parquet
2025-02-13 17:07:52 - INFO - Filtered PMTfied file saved to: /lustre/hpc/project/icecube/HE_Nu_Aske_Oct2024/PMTfied_filtered/MuonLike/Snowstorm/22011/8/PMTfied_7.parquet
2025-02-13 17:07:56 - INFO - Filtered PMTfied file saved to: /lustre/hpc/project/icecube/HE_Nu_Aske_Oct2024/PMTfied_filtered/MuonLike/Snowstorm/22011/8/PMTfied_3.parquet
2025-02-13 17:08:00 - INFO - Filtered PMTfied file saved to: /lustre/hpc/project/icecube/HE_Nu_Aske_Oct2024/PMTfied_filtered/MuonLike/Snowstorm/22011/8/PMTfied_6.parquet
2025-02-13 17:08:04 - INFO - Filtered PMTfied file saved to: /lustre/hpc/project/icecube/HE_Nu_Aske_Oct2024/PMTfied_filtered/MuonLike/Snowstorm/22011/8/PMTfied_2.parquet
2025-02-13 17:08:08 - INFO - Filtered PMTfied file saved to: /lustre/hpc/project/icecube/HE_Nu_Aske_Oct2024/PMTfied_filtered/MuonLike/Snowstorm/22011/8/PMTfied_10.parquet
2025-02-13 17:08:12 - INFO - Filtered PMTfied file saved to: /lustre/hpc/project/icecube/HE_Nu_Aske_Oct2024/PMTfied_filtered/MuonLike/Snowstorm/22011/8/PMTfied_14.parquet
2025-02-13 17:08:16 - INFO - Filtered PMTfied file saved to: /lustre/hpc/project/icecube/HE_Nu_Aske_Oct2024/PMTfied_filtered/MuonLike/Snowstorm/22011/8/PMTfied_18.parquet
2025-02-13 17:08:16 - INFO - Filtering process completed.
2025-02-13 17:08:16 - INFO - Filtering process completed for all selected filters.
2025-02-13 17:08:16 - INFO - Execution time: 103.56 seconds
2025-02-13 17:08:16 - INFO - Updated receipt with execution time: /lustre/hpc/project/icecube/HE_Nu_Aske_Oct2024/PMTfied_filtered/MuonLike/Snowstorm/22011/[Receipt]22011_8.json
Job completed at Thu Feb 13 05:08:16 PM CET 2025
