Starting job at Mon Feb 17 03:56:22 PM CET 2025
Running Filter_by_part.py for subdirectory 22011, part 1
2025-02-17 15:56:22 - INFO - Event filtering process starts...
2025-02-17 15:56:22 - INFO - Initialized PureNeutrinoEventFilter filter for 22011/1
2025-02-17 15:56:23 - INFO - Loaded 5 event specifier files from /lustre/hpc/project/icecube/HE_Nu_Aske_Oct2024/clean_events_dict/22011/22011/reduced
2025-02-17 15:56:24 - INFO - Selected 2 CSV files covering event range [0, 1107]
2025-02-17 15:56:27 - INFO - Loaded 2316378 valid (RunID, EventID) pairs from CSV files
2025-02-17 15:56:28 - INFO - Extracted 304081 valid events based on pure neutrino events.
2025-02-17 15:56:29 - INFO - Initialized CompositeEventFilter filter for 22011/1
2025-02-17 15:56:29 - INFO - Initialized (PureNu)
2025-02-17 15:56:29 - INFO - Starting filtering process for 22011/1
2025-02-17 15:56:29 - INFO - Starting filtering process for 22011/1
2025-02-17 15:56:41 - INFO - Recalculated 'offset' column based on 'N_doms' values within each 'shard_no' group.
2025-02-17 15:56:43 - INFO - Filtered truth file saved to: /lustre/hpc/project/icecube/HE_Nu_Aske_Oct2024/PMTfied_filtered/Snowstorm/PureNu/22011/truth_1.parquet
2025-02-17 15:56:47 - INFO - Filtered PMTfied file saved to: /lustre/hpc/project/icecube/HE_Nu_Aske_Oct2024/PMTfied_filtered/Snowstorm/PureNu/22011/1/PMTfied_15.parquet
2025-02-17 15:56:51 - INFO - Filtered PMTfied file saved to: /lustre/hpc/project/icecube/HE_Nu_Aske_Oct2024/PMTfied_filtered/Snowstorm/PureNu/22011/1/PMTfied_11.parquet
2025-02-17 15:56:55 - INFO - Filtered PMTfied file saved to: /lustre/hpc/project/icecube/HE_Nu_Aske_Oct2024/PMTfied_filtered/Snowstorm/PureNu/22011/1/PMTfied_19.parquet
2025-02-17 15:56:58 - INFO - Filtered PMTfied file saved to: /lustre/hpc/project/icecube/HE_Nu_Aske_Oct2024/PMTfied_filtered/Snowstorm/PureNu/22011/1/PMTfied_6.parquet
2025-02-17 15:57:02 - INFO - Filtered PMTfied file saved to: /lustre/hpc/project/icecube/HE_Nu_Aske_Oct2024/PMTfied_filtered/Snowstorm/PureNu/22011/1/PMTfied_2.parquet
2025-02-17 15:57:06 - INFO - Filtered PMTfied file saved to: /lustre/hpc/project/icecube/HE_Nu_Aske_Oct2024/PMTfied_filtered/Snowstorm/PureNu/22011/1/PMTfied_7.parquet
2025-02-17 15:57:09 - INFO - Filtered PMTfied file saved to: /lustre/hpc/project/icecube/HE_Nu_Aske_Oct2024/PMTfied_filtered/Snowstorm/PureNu/22011/1/PMTfied_3.parquet
2025-02-17 15:57:13 - INFO - Filtered PMTfied file saved to: /lustre/hpc/project/icecube/HE_Nu_Aske_Oct2024/PMTfied_filtered/Snowstorm/PureNu/22011/1/PMTfied_18.parquet
2025-02-17 15:57:17 - INFO - Filtered PMTfied file saved to: /lustre/hpc/project/icecube/HE_Nu_Aske_Oct2024/PMTfied_filtered/Snowstorm/PureNu/22011/1/PMTfied_14.parquet
2025-02-17 15:57:20 - INFO - Filtered PMTfied file saved to: /lustre/hpc/project/icecube/HE_Nu_Aske_Oct2024/PMTfied_filtered/Snowstorm/PureNu/22011/1/PMTfied_10.parquet
2025-02-17 15:57:24 - INFO - Filtered PMTfied file saved to: /lustre/hpc/project/icecube/HE_Nu_Aske_Oct2024/PMTfied_filtered/Snowstorm/PureNu/22011/1/PMTfied_20.parquet
2025-02-17 15:57:28 - INFO - Filtered PMTfied file saved to: /lustre/hpc/project/icecube/HE_Nu_Aske_Oct2024/PMTfied_filtered/Snowstorm/PureNu/22011/1/PMTfied_9.parquet
2025-02-17 15:57:32 - INFO - Filtered PMTfied file saved to: /lustre/hpc/project/icecube/HE_Nu_Aske_Oct2024/PMTfied_filtered/Snowstorm/PureNu/22011/1/PMTfied_5.parquet
2025-02-17 15:57:35 - INFO - Filtered PMTfied file saved to: /lustre/hpc/project/icecube/HE_Nu_Aske_Oct2024/PMTfied_filtered/Snowstorm/PureNu/22011/1/PMTfied_1.parquet
2025-02-17 15:57:39 - INFO - Filtered PMTfied file saved to: /lustre/hpc/project/icecube/HE_Nu_Aske_Oct2024/PMTfied_filtered/Snowstorm/PureNu/22011/1/PMTfied_16.parquet
2025-02-17 15:57:43 - INFO - Filtered PMTfied file saved to: /lustre/hpc/project/icecube/HE_Nu_Aske_Oct2024/PMTfied_filtered/Snowstorm/PureNu/22011/1/PMTfied_12.parquet
2025-02-17 15:57:48 - INFO - Filtered PMTfied file saved to: /lustre/hpc/project/icecube/HE_Nu_Aske_Oct2024/PMTfied_filtered/Snowstorm/PureNu/22011/1/PMTfied_17.parquet
2025-02-17 15:57:51 - INFO - Filtered PMTfied file saved to: /lustre/hpc/project/icecube/HE_Nu_Aske_Oct2024/PMTfied_filtered/Snowstorm/PureNu/22011/1/PMTfied_13.parquet
2025-02-17 15:57:52 - INFO - Filtered PMTfied file saved to: /lustre/hpc/project/icecube/HE_Nu_Aske_Oct2024/PMTfied_filtered/Snowstorm/PureNu/22011/1/PMTfied_21.parquet
2025-02-17 15:57:55 - INFO - Filtered PMTfied file saved to: /lustre/hpc/project/icecube/HE_Nu_Aske_Oct2024/PMTfied_filtered/Snowstorm/PureNu/22011/1/PMTfied_4.parquet
2025-02-17 15:57:59 - INFO - Filtered PMTfied file saved to: /lustre/hpc/project/icecube/HE_Nu_Aske_Oct2024/PMTfied_filtered/Snowstorm/PureNu/22011/1/PMTfied_8.parquet
2025-02-17 15:57:59 - INFO - Filtering process completed.
2025-02-17 15:57:59 - INFO - Filtering process completed.
2025-02-17 15:57:59 - INFO - Unified receipt generated: /lustre/hpc/project/icecube/HE_Nu_Aske_Oct2024/PMTfied_filtered/Snowstorm/PureNu/22011/[Receipt]22011_1.json
2025-02-17 15:57:59 - INFO - Filtering process completed.
Job completed at Mon Feb 17 03:57:59 PM CET 2025
