Starting job at Mon Feb 17 04:16:24 PM CET 2025
Running Filter_by_part.py for subdirectory 22011, part 10
2025-02-17 16:16:24 - INFO - Event filtering process starts...
2025-02-17 16:16:24 - INFO - Initialized PureNeutrinoEventFilter filter for 22011/10
2025-02-17 16:16:25 - INFO - Loaded 5 event specifier files from /lustre/hpc/project/icecube/HE_Nu_Aske_Oct2024/clean_events_dict/22011/22011/reduced
2025-02-17 16:16:25 - INFO - Selected 5 CSV files covering event range [25, 4499]
2025-02-17 16:16:32 - INFO - Loaded 5209899 valid (RunID, EventID) pairs from CSV files
2025-02-17 16:16:33 - INFO - Extracted 59144 valid events based on pure neutrino events.
2025-02-17 16:16:34 - INFO - Initialized Muon13Filter filter for 22011/10
2025-02-17 16:16:34 - INFO - Extracted 62438 valid events where MuonFilter_13==True.
2025-02-17 16:16:34 - INFO - Initialized CompositeEventFilter filter for 22011/10
2025-02-17 16:16:34 - INFO - Initialized (MuonLike_PureNu)
2025-02-17 16:16:34 - INFO - Starting filtering process for 22011/10
2025-02-17 16:16:34 - INFO - Starting filtering process for 22011/10
2025-02-17 16:16:37 - INFO - Recalculated 'offset' column based on 'N_doms' values within each 'shard_no' group.
2025-02-17 16:16:37 - INFO - Filtered truth file saved to: /lustre/hpc/project/icecube/HE_Nu_Aske_Oct2024/PMTfied_filtered/Snowstorm/MuonLike_PureNu/22011/truth_10.parquet
2025-02-17 16:16:41 - INFO - Filtered PMTfied file saved to: /lustre/hpc/project/icecube/HE_Nu_Aske_Oct2024/PMTfied_filtered/Snowstorm/MuonLike_PureNu/22011/10/PMTfied_2.parquet
2025-02-17 16:16:44 - INFO - Filtered PMTfied file saved to: /lustre/hpc/project/icecube/HE_Nu_Aske_Oct2024/PMTfied_filtered/Snowstorm/MuonLike_PureNu/22011/10/PMTfied_3.parquet
2025-02-17 16:16:48 - INFO - Filtered PMTfied file saved to: /lustre/hpc/project/icecube/HE_Nu_Aske_Oct2024/PMTfied_filtered/Snowstorm/MuonLike_PureNu/22011/10/PMTfied_1.parquet
2025-02-17 16:16:51 - INFO - Filtered PMTfied file saved to: /lustre/hpc/project/icecube/HE_Nu_Aske_Oct2024/PMTfied_filtered/Snowstorm/MuonLike_PureNu/22011/10/PMTfied_4.parquet
2025-02-17 16:16:51 - INFO - Filtering process completed.
2025-02-17 16:16:51 - INFO - Filtering process completed.
2025-02-17 16:16:51 - INFO - Unified receipt generated: /lustre/hpc/project/icecube/HE_Nu_Aske_Oct2024/PMTfied_filtered/Snowstorm/MuonLike_PureNu/22011/[Receipt]22011_10.json
2025-02-17 16:16:51 - INFO - Filtering process completed.
Job completed at Mon Feb 17 04:16:51 PM CET 2025
