Starting job at Mon Feb 17 04:06:43 PM CET 2025
Running Filter_by_part.py for subdirectory 22011, part 2
2025-02-17 16:06:43 - INFO - Event filtering process starts...
2025-02-17 16:06:43 - INFO - Initialized Muon13Filter filter for 22011/2
2025-02-17 16:06:43 - INFO - Extracted 321550 valid events where MuonFilter_13==True.
2025-02-17 16:06:43 - INFO - Initialized CompositeEventFilter filter for 22011/2
2025-02-17 16:06:43 - INFO - Initialized (MuonLike)
2025-02-17 16:06:43 - INFO - Starting filtering process for 22011/2
2025-02-17 16:06:43 - INFO - Starting filtering process for 22011/2
2025-02-17 16:06:49 - INFO - Recalculated 'offset' column based on 'N_doms' values within each 'shard_no' group.
2025-02-17 16:06:51 - INFO - Filtered truth file saved to: /lustre/hpc/project/icecube/HE_Nu_Aske_Oct2024/PMTfied_filtered/Snowstorm/MuonLike/22011/truth_2.parquet
2025-02-17 16:06:53 - INFO - Filtered PMTfied file saved to: /lustre/hpc/project/icecube/HE_Nu_Aske_Oct2024/PMTfied_filtered/Snowstorm/MuonLike/22011/2/PMTfied_19.parquet
2025-02-17 16:06:55 - INFO - Filtered PMTfied file saved to: /lustre/hpc/project/icecube/HE_Nu_Aske_Oct2024/PMTfied_filtered/Snowstorm/MuonLike/22011/2/PMTfied_15.parquet
2025-02-17 16:06:56 - INFO - Filtered PMTfied file saved to: /lustre/hpc/project/icecube/HE_Nu_Aske_Oct2024/PMTfied_filtered/Snowstorm/MuonLike/22011/2/PMTfied_11.parquet
2025-02-17 16:06:58 - INFO - Filtered PMTfied file saved to: /lustre/hpc/project/icecube/HE_Nu_Aske_Oct2024/PMTfied_filtered/Snowstorm/MuonLike/22011/2/PMTfied_9.parquet
2025-02-17 16:07:00 - INFO - Filtered PMTfied file saved to: /lustre/hpc/project/icecube/HE_Nu_Aske_Oct2024/PMTfied_filtered/Snowstorm/MuonLike/22011/2/PMTfied_1.parquet
2025-02-17 16:07:02 - INFO - Filtered PMTfied file saved to: /lustre/hpc/project/icecube/HE_Nu_Aske_Oct2024/PMTfied_filtered/Snowstorm/MuonLike/22011/2/PMTfied_5.parquet
2025-02-17 16:07:04 - INFO - Filtered PMTfied file saved to: /lustre/hpc/project/icecube/HE_Nu_Aske_Oct2024/PMTfied_filtered/Snowstorm/MuonLike/22011/2/PMTfied_14.parquet
2025-02-17 16:07:06 - INFO - Filtered PMTfied file saved to: /lustre/hpc/project/icecube/HE_Nu_Aske_Oct2024/PMTfied_filtered/Snowstorm/MuonLike/22011/2/PMTfied_10.parquet
2025-02-17 16:07:09 - INFO - Filtered PMTfied file saved to: /lustre/hpc/project/icecube/HE_Nu_Aske_Oct2024/PMTfied_filtered/Snowstorm/MuonLike/22011/2/PMTfied_18.parquet
2025-02-17 16:07:11 - INFO - Filtered PMTfied file saved to: /lustre/hpc/project/icecube/HE_Nu_Aske_Oct2024/PMTfied_filtered/Snowstorm/MuonLike/22011/2/PMTfied_4.parquet
2025-02-17 16:07:13 - INFO - Filtered PMTfied file saved to: /lustre/hpc/project/icecube/HE_Nu_Aske_Oct2024/PMTfied_filtered/Snowstorm/MuonLike/22011/2/PMTfied_8.parquet
2025-02-17 16:07:16 - INFO - Filtered PMTfied file saved to: /lustre/hpc/project/icecube/HE_Nu_Aske_Oct2024/PMTfied_filtered/Snowstorm/MuonLike/22011/2/PMTfied_2.parquet
2025-02-17 16:07:18 - INFO - Filtered PMTfied file saved to: /lustre/hpc/project/icecube/HE_Nu_Aske_Oct2024/PMTfied_filtered/Snowstorm/MuonLike/22011/2/PMTfied_6.parquet
2025-02-17 16:07:21 - INFO - Filtered PMTfied file saved to: /lustre/hpc/project/icecube/HE_Nu_Aske_Oct2024/PMTfied_filtered/Snowstorm/MuonLike/22011/2/PMTfied_16.parquet
2025-02-17 16:07:23 - INFO - Filtered PMTfied file saved to: /lustre/hpc/project/icecube/HE_Nu_Aske_Oct2024/PMTfied_filtered/Snowstorm/MuonLike/22011/2/PMTfied_12.parquet
2025-02-17 16:07:26 - INFO - Filtered PMTfied file saved to: /lustre/hpc/project/icecube/HE_Nu_Aske_Oct2024/PMTfied_filtered/Snowstorm/MuonLike/22011/2/PMTfied_20.parquet
2025-02-17 16:07:27 - INFO - Filtered PMTfied file saved to: /lustre/hpc/project/icecube/HE_Nu_Aske_Oct2024/PMTfied_filtered/Snowstorm/MuonLike/22011/2/PMTfied_21.parquet
2025-02-17 16:07:28 - INFO - Filtered PMTfied file saved to: /lustre/hpc/project/icecube/HE_Nu_Aske_Oct2024/PMTfied_filtered/Snowstorm/MuonLike/22011/2/PMTfied_3.parquet
2025-02-17 16:07:30 - INFO - Filtered PMTfied file saved to: /lustre/hpc/project/icecube/HE_Nu_Aske_Oct2024/PMTfied_filtered/Snowstorm/MuonLike/22011/2/PMTfied_7.parquet
2025-02-17 16:07:32 - INFO - Filtered PMTfied file saved to: /lustre/hpc/project/icecube/HE_Nu_Aske_Oct2024/PMTfied_filtered/Snowstorm/MuonLike/22011/2/PMTfied_17.parquet
2025-02-17 16:07:35 - INFO - Filtered PMTfied file saved to: /lustre/hpc/project/icecube/HE_Nu_Aske_Oct2024/PMTfied_filtered/Snowstorm/MuonLike/22011/2/PMTfied_13.parquet
2025-02-17 16:07:35 - INFO - Filtering process completed.
2025-02-17 16:07:35 - INFO - Filtering process completed.
2025-02-17 16:07:35 - INFO - Unified receipt generated: /lustre/hpc/project/icecube/HE_Nu_Aske_Oct2024/PMTfied_filtered/Snowstorm/MuonLike/22011/[Receipt]22011_2.json
2025-02-17 16:07:35 - INFO - Filtering process completed.
Job completed at Mon Feb 17 04:07:35 PM CET 2025
