Starting job at Mon Feb 24 01:06:37 PM CET 2025
Running Filter_by_part.py for subdirectory 22011, part 1
2025-02-24 13:06:39 - INFO - Event filtering process starts...
2025-02-24 13:06:39 - INFO - Initialized PureNeutrinoEventFilter filter for 22011/1
2025-02-24 13:06:46 - INFO - Loaded 5 event specifier files from /lustre/hpc/project/icecube/HE_Nu_Aske_Oct2024/clean_events_dict/22011/22011/reduced
2025-02-24 13:06:46 - INFO - Selected 2 CSV files covering event range [0, 1107]
2025-02-24 13:06:50 - INFO - Loaded 2316378 valid (RunID, EventID) pairs from CSV files
2025-02-24 13:06:51 - INFO - Extracted 304081 valid events based on pure neutrino events.
2025-02-24 13:06:51 - INFO - Initialized Muon13Filter filter for 22011/1
2025-02-24 13:06:52 - INFO - Extracted 320504 valid events where MuonFilter_13==True.
2025-02-24 13:06:52 - INFO - Initialized CCFilter filter for 22011/1
2025-02-24 13:06:52 - INFO - Extracted 362118 valid events which are CC interactions.
2025-02-24 13:06:52 - INFO - Initialized CompositeEventFilter filter for 22011/1
2025-02-24 13:06:52 - INFO - Initialized (CC_CRclean_MuonLike)
2025-02-24 13:06:52 - INFO - Starting filtering process for 22011/1
2025-02-24 13:06:52 - INFO - Starting filtering process for 22011/1
2025-02-24 13:07:08 - INFO - Recalculated 'offset' column based on 'N_doms' values within each 'shard_no' group.
2025-02-24 13:07:11 - INFO - Filtered truth file saved to: /lustre/hpc/project/icecube/HE_Nu_Aske_Oct2024/PMTfied_filtered/Snowstorm/CC_CRclean_MuonLike/22011/truth_1.parquet
2025-02-24 13:07:15 - INFO - Filtered PMTfied file saved to: /lustre/hpc/project/icecube/HE_Nu_Aske_Oct2024/PMTfied_filtered/Snowstorm/CC_CRclean_MuonLike/22011/1/PMTfied_15.parquet
2025-02-24 13:07:18 - INFO - Filtered PMTfied file saved to: /lustre/hpc/project/icecube/HE_Nu_Aske_Oct2024/PMTfied_filtered/Snowstorm/CC_CRclean_MuonLike/22011/1/PMTfied_11.parquet
2025-02-24 13:07:22 - INFO - Filtered PMTfied file saved to: /lustre/hpc/project/icecube/HE_Nu_Aske_Oct2024/PMTfied_filtered/Snowstorm/CC_CRclean_MuonLike/22011/1/PMTfied_19.parquet
2025-02-24 13:07:26 - INFO - Filtered PMTfied file saved to: /lustre/hpc/project/icecube/HE_Nu_Aske_Oct2024/PMTfied_filtered/Snowstorm/CC_CRclean_MuonLike/22011/1/PMTfied_6.parquet
2025-02-24 13:07:30 - INFO - Filtered PMTfied file saved to: /lustre/hpc/project/icecube/HE_Nu_Aske_Oct2024/PMTfied_filtered/Snowstorm/CC_CRclean_MuonLike/22011/1/PMTfied_2.parquet
2025-02-24 13:07:36 - INFO - Filtered PMTfied file saved to: /lustre/hpc/project/icecube/HE_Nu_Aske_Oct2024/PMTfied_filtered/Snowstorm/CC_CRclean_MuonLike/22011/1/PMTfied_7.parquet
2025-02-24 13:07:39 - INFO - Filtered PMTfied file saved to: /lustre/hpc/project/icecube/HE_Nu_Aske_Oct2024/PMTfied_filtered/Snowstorm/CC_CRclean_MuonLike/22011/1/PMTfied_3.parquet
2025-02-24 13:07:46 - INFO - Filtered PMTfied file saved to: /lustre/hpc/project/icecube/HE_Nu_Aske_Oct2024/PMTfied_filtered/Snowstorm/CC_CRclean_MuonLike/22011/1/PMTfied_18.parquet
2025-02-24 13:07:49 - INFO - Filtered PMTfied file saved to: /lustre/hpc/project/icecube/HE_Nu_Aske_Oct2024/PMTfied_filtered/Snowstorm/CC_CRclean_MuonLike/22011/1/PMTfied_14.parquet
2025-02-24 13:07:53 - INFO - Filtered PMTfied file saved to: /lustre/hpc/project/icecube/HE_Nu_Aske_Oct2024/PMTfied_filtered/Snowstorm/CC_CRclean_MuonLike/22011/1/PMTfied_10.parquet
2025-02-24 13:07:57 - INFO - Filtered PMTfied file saved to: /lustre/hpc/project/icecube/HE_Nu_Aske_Oct2024/PMTfied_filtered/Snowstorm/CC_CRclean_MuonLike/22011/1/PMTfied_20.parquet
2025-02-24 13:08:00 - INFO - Filtered PMTfied file saved to: /lustre/hpc/project/icecube/HE_Nu_Aske_Oct2024/PMTfied_filtered/Snowstorm/CC_CRclean_MuonLike/22011/1/PMTfied_9.parquet
2025-02-24 13:08:04 - INFO - Filtered PMTfied file saved to: /lustre/hpc/project/icecube/HE_Nu_Aske_Oct2024/PMTfied_filtered/Snowstorm/CC_CRclean_MuonLike/22011/1/PMTfied_5.parquet
2025-02-24 13:08:07 - INFO - Filtered PMTfied file saved to: /lustre/hpc/project/icecube/HE_Nu_Aske_Oct2024/PMTfied_filtered/Snowstorm/CC_CRclean_MuonLike/22011/1/PMTfied_1.parquet
2025-02-24 13:08:11 - INFO - Filtered PMTfied file saved to: /lustre/hpc/project/icecube/HE_Nu_Aske_Oct2024/PMTfied_filtered/Snowstorm/CC_CRclean_MuonLike/22011/1/PMTfied_16.parquet
2025-02-24 13:08:15 - INFO - Filtered PMTfied file saved to: /lustre/hpc/project/icecube/HE_Nu_Aske_Oct2024/PMTfied_filtered/Snowstorm/CC_CRclean_MuonLike/22011/1/PMTfied_12.parquet
2025-02-24 13:08:21 - INFO - Filtered PMTfied file saved to: /lustre/hpc/project/icecube/HE_Nu_Aske_Oct2024/PMTfied_filtered/Snowstorm/CC_CRclean_MuonLike/22011/1/PMTfied_17.parquet
2025-02-24 13:08:24 - INFO - Filtered PMTfied file saved to: /lustre/hpc/project/icecube/HE_Nu_Aske_Oct2024/PMTfied_filtered/Snowstorm/CC_CRclean_MuonLike/22011/1/PMTfied_13.parquet
2025-02-24 13:08:25 - INFO - Filtered PMTfied file saved to: /lustre/hpc/project/icecube/HE_Nu_Aske_Oct2024/PMTfied_filtered/Snowstorm/CC_CRclean_MuonLike/22011/1/PMTfied_21.parquet
2025-02-24 13:08:28 - INFO - Filtered PMTfied file saved to: /lustre/hpc/project/icecube/HE_Nu_Aske_Oct2024/PMTfied_filtered/Snowstorm/CC_CRclean_MuonLike/22011/1/PMTfied_4.parquet
2025-02-24 13:08:32 - INFO - Filtered PMTfied file saved to: /lustre/hpc/project/icecube/HE_Nu_Aske_Oct2024/PMTfied_filtered/Snowstorm/CC_CRclean_MuonLike/22011/1/PMTfied_8.parquet
2025-02-24 13:08:32 - INFO - Filtering process completed.
2025-02-24 13:08:32 - INFO - Filtering process completed.
2025-02-24 13:08:32 - INFO - Unified receipt generated: /lustre/hpc/project/icecube/HE_Nu_Aske_Oct2024/PMTfied_filtered/Snowstorm/CC_CRclean_MuonLike/22011/[Receipt]22011_1.json
2025-02-24 13:08:32 - INFO - Filtering process completed.
Job completed at Mon Feb 24 01:08:32 PM CET 2025
