Starting job at Mon Feb 17 04:15:22 PM CET 2025
Running Filter_by_part.py for subdirectory 22011, part 8
2025-02-17 16:15:22 - INFO - Event filtering process starts...
2025-02-17 16:15:22 - INFO - Initialized PureNeutrinoEventFilter filter for 22011/8
2025-02-17 16:15:22 - INFO - Loaded 5 event specifier files from /lustre/hpc/project/icecube/HE_Nu_Aske_Oct2024/clean_events_dict/22011/22011/reduced
2025-02-17 16:15:22 - INFO - Selected 2 CSV files covering event range [3424, 4470]
2025-02-17 16:15:24 - INFO - Loaded 1736211 valid (RunID, EventID) pairs from CSV files
2025-02-17 16:15:24 - INFO - Extracted 304929 valid events based on pure neutrino events.
2025-02-17 16:15:24 - INFO - Initialized Muon13Filter filter for 22011/8
2025-02-17 16:15:24 - INFO - Extracted 321541 valid events where MuonFilter_13==True.
2025-02-17 16:15:24 - INFO - Initialized CompositeEventFilter filter for 22011/8
2025-02-17 16:15:24 - INFO - Initialized (MuonLike_PureNu)
2025-02-17 16:15:24 - INFO - Starting filtering process for 22011/8
2025-02-17 16:15:24 - INFO - Starting filtering process for 22011/8
2025-02-17 16:15:29 - INFO - Recalculated 'offset' column based on 'N_doms' values within each 'shard_no' group.
2025-02-17 16:15:30 - INFO - Filtered truth file saved to: /lustre/hpc/project/icecube/HE_Nu_Aske_Oct2024/PMTfied_filtered/Snowstorm/MuonLike_PureNu/22011/truth_8.parquet
2025-02-17 16:15:32 - INFO - Filtered PMTfied file saved to: /lustre/hpc/project/icecube/HE_Nu_Aske_Oct2024/PMTfied_filtered/Snowstorm/MuonLike_PureNu/22011/8/PMTfied_4.parquet
2025-02-17 16:15:34 - INFO - Filtered PMTfied file saved to: /lustre/hpc/project/icecube/HE_Nu_Aske_Oct2024/PMTfied_filtered/Snowstorm/MuonLike_PureNu/22011/8/PMTfied_8.parquet
2025-02-17 16:15:35 - INFO - Filtered PMTfied file saved to: /lustre/hpc/project/icecube/HE_Nu_Aske_Oct2024/PMTfied_filtered/Snowstorm/MuonLike_PureNu/22011/8/PMTfied_20.parquet
2025-02-17 16:15:37 - INFO - Filtered PMTfied file saved to: /lustre/hpc/project/icecube/HE_Nu_Aske_Oct2024/PMTfied_filtered/Snowstorm/MuonLike_PureNu/22011/8/PMTfied_12.parquet
2025-02-17 16:15:38 - INFO - Filtered PMTfied file saved to: /lustre/hpc/project/icecube/HE_Nu_Aske_Oct2024/PMTfied_filtered/Snowstorm/MuonLike_PureNu/22011/8/PMTfied_16.parquet
2025-02-17 16:15:40 - INFO - Filtered PMTfied file saved to: /lustre/hpc/project/icecube/HE_Nu_Aske_Oct2024/PMTfied_filtered/Snowstorm/MuonLike_PureNu/22011/8/PMTfied_13.parquet
2025-02-17 16:15:41 - INFO - Filtered PMTfied file saved to: /lustre/hpc/project/icecube/HE_Nu_Aske_Oct2024/PMTfied_filtered/Snowstorm/MuonLike_PureNu/22011/8/PMTfied_17.parquet
2025-02-17 16:15:43 - INFO - Filtered PMTfied file saved to: /lustre/hpc/project/icecube/HE_Nu_Aske_Oct2024/PMTfied_filtered/Snowstorm/MuonLike_PureNu/22011/8/PMTfied_9.parquet
2025-02-17 16:15:43 - INFO - Filtered PMTfied file saved to: /lustre/hpc/project/icecube/HE_Nu_Aske_Oct2024/PMTfied_filtered/Snowstorm/MuonLike_PureNu/22011/8/PMTfied_21.parquet
2025-02-17 16:15:44 - INFO - Filtered PMTfied file saved to: /lustre/hpc/project/icecube/HE_Nu_Aske_Oct2024/PMTfied_filtered/Snowstorm/MuonLike_PureNu/22011/8/PMTfied_5.parquet
2025-02-17 16:15:46 - INFO - Filtered PMTfied file saved to: /lustre/hpc/project/icecube/HE_Nu_Aske_Oct2024/PMTfied_filtered/Snowstorm/MuonLike_PureNu/22011/8/PMTfied_1.parquet
2025-02-17 16:15:47 - INFO - Filtered PMTfied file saved to: /lustre/hpc/project/icecube/HE_Nu_Aske_Oct2024/PMTfied_filtered/Snowstorm/MuonLike_PureNu/22011/8/PMTfied_19.parquet
2025-02-17 16:15:49 - INFO - Filtered PMTfied file saved to: /lustre/hpc/project/icecube/HE_Nu_Aske_Oct2024/PMTfied_filtered/Snowstorm/MuonLike_PureNu/22011/8/PMTfied_11.parquet
2025-02-17 16:15:50 - INFO - Filtered PMTfied file saved to: /lustre/hpc/project/icecube/HE_Nu_Aske_Oct2024/PMTfied_filtered/Snowstorm/MuonLike_PureNu/22011/8/PMTfied_15.parquet
2025-02-17 16:15:52 - INFO - Filtered PMTfied file saved to: /lustre/hpc/project/icecube/HE_Nu_Aske_Oct2024/PMTfied_filtered/Snowstorm/MuonLike_PureNu/22011/8/PMTfied_7.parquet
2025-02-17 16:15:53 - INFO - Filtered PMTfied file saved to: /lustre/hpc/project/icecube/HE_Nu_Aske_Oct2024/PMTfied_filtered/Snowstorm/MuonLike_PureNu/22011/8/PMTfied_3.parquet
2025-02-17 16:15:55 - INFO - Filtered PMTfied file saved to: /lustre/hpc/project/icecube/HE_Nu_Aske_Oct2024/PMTfied_filtered/Snowstorm/MuonLike_PureNu/22011/8/PMTfied_6.parquet
2025-02-17 16:15:57 - INFO - Filtered PMTfied file saved to: /lustre/hpc/project/icecube/HE_Nu_Aske_Oct2024/PMTfied_filtered/Snowstorm/MuonLike_PureNu/22011/8/PMTfied_2.parquet
2025-02-17 16:15:58 - INFO - Filtered PMTfied file saved to: /lustre/hpc/project/icecube/HE_Nu_Aske_Oct2024/PMTfied_filtered/Snowstorm/MuonLike_PureNu/22011/8/PMTfied_10.parquet
2025-02-17 16:16:00 - INFO - Filtered PMTfied file saved to: /lustre/hpc/project/icecube/HE_Nu_Aske_Oct2024/PMTfied_filtered/Snowstorm/MuonLike_PureNu/22011/8/PMTfied_14.parquet
2025-02-17 16:16:01 - INFO - Filtered PMTfied file saved to: /lustre/hpc/project/icecube/HE_Nu_Aske_Oct2024/PMTfied_filtered/Snowstorm/MuonLike_PureNu/22011/8/PMTfied_18.parquet
2025-02-17 16:16:01 - INFO - Filtering process completed.
2025-02-17 16:16:01 - INFO - Filtering process completed.
2025-02-17 16:16:01 - INFO - Unified receipt generated: /lustre/hpc/project/icecube/HE_Nu_Aske_Oct2024/PMTfied_filtered/Snowstorm/MuonLike_PureNu/22011/[Receipt]22011_8.json
2025-02-17 16:16:01 - INFO - Filtering process completed.
Job completed at Mon Feb 17 04:16:01 PM CET 2025
