Starting job at Mon Feb 17 04:15:07 PM CET 2025
Running Filter_by_part.py for subdirectory 22011, part 7
2025-02-17 16:15:07 - INFO - Event filtering process starts...
2025-02-17 16:15:07 - INFO - Initialized PureNeutrinoEventFilter filter for 22011/7
2025-02-17 16:15:08 - INFO - Loaded 5 event specifier files from /lustre/hpc/project/icecube/HE_Nu_Aske_Oct2024/clean_events_dict/22011/22011/reduced
2025-02-17 16:15:09 - INFO - Selected 3 CSV files covering event range [2315, 4389]
2025-02-17 16:15:13 - INFO - Loaded 2893521 valid (RunID, EventID) pairs from CSV files
2025-02-17 16:15:13 - INFO - Extracted 304485 valid events based on pure neutrino events.
2025-02-17 16:15:14 - INFO - Initialized Muon13Filter filter for 22011/7
2025-02-17 16:15:15 - INFO - Extracted 321079 valid events where MuonFilter_13==True.
2025-02-17 16:15:15 - INFO - Initialized CompositeEventFilter filter for 22011/7
2025-02-17 16:15:15 - INFO - Initialized (MuonLike_PureNu)
2025-02-17 16:15:15 - INFO - Starting filtering process for 22011/7
2025-02-17 16:15:15 - INFO - Starting filtering process for 22011/7
2025-02-17 16:15:25 - INFO - Recalculated 'offset' column based on 'N_doms' values within each 'shard_no' group.
2025-02-17 16:15:27 - INFO - Filtered truth file saved to: /lustre/hpc/project/icecube/HE_Nu_Aske_Oct2024/PMTfied_filtered/Snowstorm/MuonLike_PureNu/22011/truth_7.parquet
2025-02-17 16:15:31 - INFO - Filtered PMTfied file saved to: /lustre/hpc/project/icecube/HE_Nu_Aske_Oct2024/PMTfied_filtered/Snowstorm/MuonLike_PureNu/22011/7/PMTfied_17.parquet
2025-02-17 16:15:36 - INFO - Filtered PMTfied file saved to: /lustre/hpc/project/icecube/HE_Nu_Aske_Oct2024/PMTfied_filtered/Snowstorm/MuonLike_PureNu/22011/7/PMTfied_13.parquet
2025-02-17 16:15:39 - INFO - Filtered PMTfied file saved to: /lustre/hpc/project/icecube/HE_Nu_Aske_Oct2024/PMTfied_filtered/Snowstorm/MuonLike_PureNu/22011/7/PMTfied_2.parquet
2025-02-17 16:15:44 - INFO - Filtered PMTfied file saved to: /lustre/hpc/project/icecube/HE_Nu_Aske_Oct2024/PMTfied_filtered/Snowstorm/MuonLike_PureNu/22011/7/PMTfied_6.parquet
2025-02-17 16:15:45 - INFO - Filtered PMTfied file saved to: /lustre/hpc/project/icecube/HE_Nu_Aske_Oct2024/PMTfied_filtered/Snowstorm/MuonLike_PureNu/22011/7/PMTfied_21.parquet
2025-02-17 16:15:48 - INFO - Filtered PMTfied file saved to: /lustre/hpc/project/icecube/HE_Nu_Aske_Oct2024/PMTfied_filtered/Snowstorm/MuonLike_PureNu/22011/7/PMTfied_3.parquet
2025-02-17 16:15:52 - INFO - Filtered PMTfied file saved to: /lustre/hpc/project/icecube/HE_Nu_Aske_Oct2024/PMTfied_filtered/Snowstorm/MuonLike_PureNu/22011/7/PMTfied_7.parquet
2025-02-17 16:15:55 - INFO - Filtered PMTfied file saved to: /lustre/hpc/project/icecube/HE_Nu_Aske_Oct2024/PMTfied_filtered/Snowstorm/MuonLike_PureNu/22011/7/PMTfied_20.parquet
2025-02-17 16:15:59 - INFO - Filtered PMTfied file saved to: /lustre/hpc/project/icecube/HE_Nu_Aske_Oct2024/PMTfied_filtered/Snowstorm/MuonLike_PureNu/22011/7/PMTfied_16.parquet
2025-02-17 16:16:02 - INFO - Filtered PMTfied file saved to: /lustre/hpc/project/icecube/HE_Nu_Aske_Oct2024/PMTfied_filtered/Snowstorm/MuonLike_PureNu/22011/7/PMTfied_12.parquet
2025-02-17 16:16:06 - INFO - Filtered PMTfied file saved to: /lustre/hpc/project/icecube/HE_Nu_Aske_Oct2024/PMTfied_filtered/Snowstorm/MuonLike_PureNu/22011/7/PMTfied_9.parquet
2025-02-17 16:16:10 - INFO - Filtered PMTfied file saved to: /lustre/hpc/project/icecube/HE_Nu_Aske_Oct2024/PMTfied_filtered/Snowstorm/MuonLike_PureNu/22011/7/PMTfied_1.parquet
2025-02-17 16:16:13 - INFO - Filtered PMTfied file saved to: /lustre/hpc/project/icecube/HE_Nu_Aske_Oct2024/PMTfied_filtered/Snowstorm/MuonLike_PureNu/22011/7/PMTfied_5.parquet
2025-02-17 16:16:17 - INFO - Filtered PMTfied file saved to: /lustre/hpc/project/icecube/HE_Nu_Aske_Oct2024/PMTfied_filtered/Snowstorm/MuonLike_PureNu/22011/7/PMTfied_18.parquet
2025-02-17 16:16:20 - INFO - Filtered PMTfied file saved to: /lustre/hpc/project/icecube/HE_Nu_Aske_Oct2024/PMTfied_filtered/Snowstorm/MuonLike_PureNu/22011/7/PMTfied_14.parquet
2025-02-17 16:16:24 - INFO - Filtered PMTfied file saved to: /lustre/hpc/project/icecube/HE_Nu_Aske_Oct2024/PMTfied_filtered/Snowstorm/MuonLike_PureNu/22011/7/PMTfied_10.parquet
2025-02-17 16:16:27 - INFO - Filtered PMTfied file saved to: /lustre/hpc/project/icecube/HE_Nu_Aske_Oct2024/PMTfied_filtered/Snowstorm/MuonLike_PureNu/22011/7/PMTfied_15.parquet
2025-02-17 16:16:31 - INFO - Filtered PMTfied file saved to: /lustre/hpc/project/icecube/HE_Nu_Aske_Oct2024/PMTfied_filtered/Snowstorm/MuonLike_PureNu/22011/7/PMTfied_11.parquet
2025-02-17 16:16:34 - INFO - Filtered PMTfied file saved to: /lustre/hpc/project/icecube/HE_Nu_Aske_Oct2024/PMTfied_filtered/Snowstorm/MuonLike_PureNu/22011/7/PMTfied_19.parquet
2025-02-17 16:16:38 - INFO - Filtered PMTfied file saved to: /lustre/hpc/project/icecube/HE_Nu_Aske_Oct2024/PMTfied_filtered/Snowstorm/MuonLike_PureNu/22011/7/PMTfied_4.parquet
2025-02-17 16:16:41 - INFO - Filtered PMTfied file saved to: /lustre/hpc/project/icecube/HE_Nu_Aske_Oct2024/PMTfied_filtered/Snowstorm/MuonLike_PureNu/22011/7/PMTfied_8.parquet
2025-02-17 16:16:41 - INFO - Filtering process completed.
2025-02-17 16:16:41 - INFO - Filtering process completed.
2025-02-17 16:16:42 - INFO - Unified receipt generated: /lustre/hpc/project/icecube/HE_Nu_Aske_Oct2024/PMTfied_filtered/Snowstorm/MuonLike_PureNu/22011/[Receipt]22011_7.json
2025-02-17 16:16:42 - INFO - Filtering process completed.
Job completed at Mon Feb 17 04:16:42 PM CET 2025
