Starting job at Thu Feb 13 04:28:59 PM CET 2025
Running Filter_by_part.py for subdirectory 22011, part 1
2025-02-13 16:28:59 - INFO - Event filtering process starts...
2025-02-13 16:28:59 - INFO - Initialized Muon13Filter
2025-02-13 16:28:59 - INFO - Starting filtering process for 22011/1
2025-02-13 16:29:02 - ERROR - An error occurred: Function 'equal' has no kernel matching input types (int32, bool)
Traceback (most recent call last):
  File "/lustre/hpc/icecube/cyan/factory/DOMification/Selection/Filter_by_part.py", line 79, in <module>
    main()
  File "/lustre/hpc/icecube/cyan/factory/DOMification/Selection/Filter_by_part.py", line 75, in main
    run()
  File "/lustre/hpc/icecube/cyan/factory/DOMification/Selection/Filter_by_part.py", line 70, in run
    event_filter()
  File "/lustre/hpc/icecube/cyan/factory/DOMification/Selection/Muon13Filter.py", line 21, in __call__
    self._filter_truth()
  File "/lustre/hpc/icecube/cyan/factory/DOMification/Selection/EventFilter.py", line 100, in wrapper
    return method(*args, **kwargs)
  File "/lustre/hpc/icecube/cyan/factory/DOMification/Selection/Muon13Filter.py", line 34, in _filter_truth
    filtered_truth_table = self._apply_event_filter(truth_table)
  File "/lustre/hpc/icecube/cyan/factory/DOMification/Selection/Muon13Filter.py", line 55, in _apply_event_filter
    valid_indices = pc.equal(muon_filter, True).to_numpy().nonzero()[0]
  File "/groups/icecube/cyan/.local/lib/python3.9/site-packages/pyarrow/compute.py", line 247, in wrapper
    return func.call(args, None, memory_pool)
  File "pyarrow/_compute.pyx", line 393, in pyarrow._compute.Function.call
  File "pyarrow/error.pxi", line 155, in pyarrow.lib.pyarrow_internal_check_status
  File "pyarrow/error.pxi", line 92, in pyarrow.lib.check_status
pyarrow.lib.ArrowNotImplementedError: Function 'equal' has no kernel matching input types (int32, bool)
Job completed at Thu Feb 13 04:29:02 PM CET 2025
