Starting job at Sat Feb 15 12:54:34 PM CET 2025
Running Filter_by_part.py for subdirectory 22011, part 5
2025-02-15 12:54:35 - INFO - Event filtering process starts...
2025-02-15 12:54:35 - INFO - Initialized Muon13Filter filter for 22011/5
2025-02-15 12:54:38 - INFO - Extracted 320113 valid events where MuonFilter_13==True.
2025-02-15 12:54:38 - INFO - Initialized CompositeEventFilter filter for 22011/5
2025-02-15 12:54:38 - INFO - Initialized (MuonLike)
2025-02-15 12:54:38 - INFO - Starting filtering process for 22011/5
2025-02-15 12:54:38 - INFO - Starting filtering process for 22011/5
2025-02-15 12:54:50 - INFO - Recalculated 'offset' column based on filtered 'N_doms' values.
2025-02-15 12:54:53 - INFO - Filtered truth file saved to: /lustre/hpc/project/icecube/HE_Nu_Aske_Oct2024/PMTfied_filtered/Snowstorm/MuonLike/22011/truth_5.parquet
2025-02-15 12:54:57 - INFO - Filtered PMTfied file saved to: /lustre/hpc/project/icecube/HE_Nu_Aske_Oct2024/PMTfied_filtered/Snowstorm/MuonLike/22011/5/PMTfied_7.parquet
2025-02-15 12:55:01 - INFO - Filtered PMTfied file saved to: /lustre/hpc/project/icecube/HE_Nu_Aske_Oct2024/PMTfied_filtered/Snowstorm/MuonLike/22011/5/PMTfied_3.parquet
2025-02-15 12:55:05 - INFO - Filtered PMTfied file saved to: /lustre/hpc/project/icecube/HE_Nu_Aske_Oct2024/PMTfied_filtered/Snowstorm/MuonLike/22011/5/PMTfied_18.parquet
2025-02-15 12:55:09 - INFO - Filtered PMTfied file saved to: /lustre/hpc/project/icecube/HE_Nu_Aske_Oct2024/PMTfied_filtered/Snowstorm/MuonLike/22011/5/PMTfied_10.parquet
2025-02-15 12:55:13 - INFO - Filtered PMTfied file saved to: /lustre/hpc/project/icecube/HE_Nu_Aske_Oct2024/PMTfied_filtered/Snowstorm/MuonLike/22011/5/PMTfied_14.parquet
2025-02-15 12:55:17 - INFO - Filtered PMTfied file saved to: /lustre/hpc/project/icecube/HE_Nu_Aske_Oct2024/PMTfied_filtered/Snowstorm/MuonLike/22011/5/PMTfied_11.parquet
2025-02-15 12:55:22 - INFO - Filtered PMTfied file saved to: /lustre/hpc/project/icecube/HE_Nu_Aske_Oct2024/PMTfied_filtered/Snowstorm/MuonLike/22011/5/PMTfied_15.parquet
2025-02-15 12:55:26 - INFO - Filtered PMTfied file saved to: /lustre/hpc/project/icecube/HE_Nu_Aske_Oct2024/PMTfied_filtered/Snowstorm/MuonLike/22011/5/PMTfied_6.parquet
2025-02-15 12:55:30 - INFO - Filtered PMTfied file saved to: /lustre/hpc/project/icecube/HE_Nu_Aske_Oct2024/PMTfied_filtered/Snowstorm/MuonLike/22011/5/PMTfied_2.parquet
2025-02-15 12:55:34 - INFO - Filtered PMTfied file saved to: /lustre/hpc/project/icecube/HE_Nu_Aske_Oct2024/PMTfied_filtered/Snowstorm/MuonLike/22011/5/PMTfied_19.parquet
2025-02-15 12:55:34 - INFO - Filtered PMTfied file saved to: /lustre/hpc/project/icecube/HE_Nu_Aske_Oct2024/PMTfied_filtered/Snowstorm/MuonLike/22011/5/PMTfied_21.parquet
2025-02-15 12:55:38 - INFO - Filtered PMTfied file saved to: /lustre/hpc/project/icecube/HE_Nu_Aske_Oct2024/PMTfied_filtered/Snowstorm/MuonLike/22011/5/PMTfied_8.parquet
2025-02-15 12:55:43 - INFO - Filtered PMTfied file saved to: /lustre/hpc/project/icecube/HE_Nu_Aske_Oct2024/PMTfied_filtered/Snowstorm/MuonLike/22011/5/PMTfied_13.parquet
2025-02-15 12:55:47 - INFO - Filtered PMTfied file saved to: /lustre/hpc/project/icecube/HE_Nu_Aske_Oct2024/PMTfied_filtered/Snowstorm/MuonLike/22011/5/PMTfied_17.parquet
2025-02-15 12:55:51 - INFO - Filtered PMTfied file saved to: /lustre/hpc/project/icecube/HE_Nu_Aske_Oct2024/PMTfied_filtered/Snowstorm/MuonLike/22011/5/PMTfied_4.parquet
2025-02-15 12:55:56 - INFO - Filtered PMTfied file saved to: /lustre/hpc/project/icecube/HE_Nu_Aske_Oct2024/PMTfied_filtered/Snowstorm/MuonLike/22011/5/PMTfied_5.parquet
2025-02-15 12:56:05 - INFO - Filtered PMTfied file saved to: /lustre/hpc/project/icecube/HE_Nu_Aske_Oct2024/PMTfied_filtered/Snowstorm/MuonLike/22011/5/PMTfied_1.parquet
2025-02-15 12:56:10 - INFO - Filtered PMTfied file saved to: /lustre/hpc/project/icecube/HE_Nu_Aske_Oct2024/PMTfied_filtered/Snowstorm/MuonLike/22011/5/PMTfied_9.parquet
2025-02-15 12:56:13 - INFO - Filtered PMTfied file saved to: /lustre/hpc/project/icecube/HE_Nu_Aske_Oct2024/PMTfied_filtered/Snowstorm/MuonLike/22011/5/PMTfied_12.parquet
2025-02-15 12:56:17 - INFO - Filtered PMTfied file saved to: /lustre/hpc/project/icecube/HE_Nu_Aske_Oct2024/PMTfied_filtered/Snowstorm/MuonLike/22011/5/PMTfied_16.parquet
2025-02-15 12:56:21 - INFO - Filtered PMTfied file saved to: /lustre/hpc/project/icecube/HE_Nu_Aske_Oct2024/PMTfied_filtered/Snowstorm/MuonLike/22011/5/PMTfied_20.parquet
2025-02-15 12:56:21 - INFO - Filtering process completed.
2025-02-15 12:56:21 - INFO - Filtering process completed.
2025-02-15 12:56:21 - INFO - Unified receipt generated: /lustre/hpc/project/icecube/HE_Nu_Aske_Oct2024/PMTfied_filtered/Snowstorm/MuonLike/22011/[Receipt]22011_5.json
2025-02-15 12:56:21 - INFO - Filtering process completed.
Job completed at Sat Feb 15 12:56:21 PM CET 2025
