Starting job at Sat Feb 15 01:47:47 PM CET 2025
Running Filter_by_part.py for subdirectory 22011, part 3
2025-02-15 13:47:47 - INFO - Event filtering process starts...
2025-02-15 13:47:47 - INFO - Initialized PureNeutrinoEventFilter filter for 22011/3
2025-02-15 13:47:49 - INFO - Loaded 5 event specifier files from /lustre/hpc/project/icecube/HE_Nu_Aske_Oct2024/clean_events_dict/22011/22011/reduced
2025-02-15 13:47:49 - INFO - Selected 3 CSV files covering event range [26, 2237]
2025-02-15 13:47:54 - INFO - Loaded 3473688 valid (RunID, EventID) pairs from CSV files
2025-02-15 13:47:55 - INFO - Extracted 304433 valid events based on pure neutrino events.
2025-02-15 13:47:56 - INFO - Initialized Muon13Filter filter for 22011/3
2025-02-15 13:47:56 - INFO - Extracted 320782 valid events where MuonFilter_13==True.
2025-02-15 13:47:56 - INFO - Initialized CompositeEventFilter filter for 22011/3
2025-02-15 13:47:56 - INFO - Initialized (MuonLike_PureNu)
2025-02-15 13:47:56 - INFO - Starting filtering process for 22011/3
2025-02-15 13:47:56 - INFO - Starting filtering process for 22011/3
2025-02-15 13:48:07 - INFO - Recalculated 'offset' column based on filtered 'N_doms' values.
2025-02-15 13:48:09 - INFO - Filtered truth file saved to: /lustre/hpc/project/icecube/HE_Nu_Aske_Oct2024/PMTfied_filtered/Snowstorm/MuonLike_PureNu/22011/truth_3.parquet
2025-02-15 13:48:12 - INFO - Filtered PMTfied file saved to: /lustre/hpc/project/icecube/HE_Nu_Aske_Oct2024/PMTfied_filtered/Snowstorm/MuonLike_PureNu/22011/3/PMTfied_5.parquet
2025-02-15 13:48:16 - INFO - Filtered PMTfied file saved to: /lustre/hpc/project/icecube/HE_Nu_Aske_Oct2024/PMTfied_filtered/Snowstorm/MuonLike_PureNu/22011/3/PMTfied_1.parquet
2025-02-15 13:48:19 - INFO - Filtered PMTfied file saved to: /lustre/hpc/project/icecube/HE_Nu_Aske_Oct2024/PMTfied_filtered/Snowstorm/MuonLike_PureNu/22011/3/PMTfied_9.parquet
2025-02-15 13:48:23 - INFO - Filtered PMTfied file saved to: /lustre/hpc/project/icecube/HE_Nu_Aske_Oct2024/PMTfied_filtered/Snowstorm/MuonLike_PureNu/22011/3/PMTfied_19.parquet
2025-02-15 13:48:27 - INFO - Filtered PMTfied file saved to: /lustre/hpc/project/icecube/HE_Nu_Aske_Oct2024/PMTfied_filtered/Snowstorm/MuonLike_PureNu/22011/3/PMTfied_11.parquet
2025-02-15 13:48:30 - INFO - Filtered PMTfied file saved to: /lustre/hpc/project/icecube/HE_Nu_Aske_Oct2024/PMTfied_filtered/Snowstorm/MuonLike_PureNu/22011/3/PMTfied_15.parquet
2025-02-15 13:48:34 - INFO - Filtered PMTfied file saved to: /lustre/hpc/project/icecube/HE_Nu_Aske_Oct2024/PMTfied_filtered/Snowstorm/MuonLike_PureNu/22011/3/PMTfied_10.parquet
2025-02-15 13:48:38 - INFO - Filtered PMTfied file saved to: /lustre/hpc/project/icecube/HE_Nu_Aske_Oct2024/PMTfied_filtered/Snowstorm/MuonLike_PureNu/22011/3/PMTfied_14.parquet
2025-02-15 13:48:41 - INFO - Filtered PMTfied file saved to: /lustre/hpc/project/icecube/HE_Nu_Aske_Oct2024/PMTfied_filtered/Snowstorm/MuonLike_PureNu/22011/3/PMTfied_18.parquet
2025-02-15 13:48:47 - INFO - Filtered PMTfied file saved to: /lustre/hpc/project/icecube/HE_Nu_Aske_Oct2024/PMTfied_filtered/Snowstorm/MuonLike_PureNu/22011/3/PMTfied_8.parquet
2025-02-15 13:48:51 - INFO - Filtered PMTfied file saved to: /lustre/hpc/project/icecube/HE_Nu_Aske_Oct2024/PMTfied_filtered/Snowstorm/MuonLike_PureNu/22011/3/PMTfied_4.parquet
2025-02-15 13:48:54 - INFO - Filtered PMTfied file saved to: /lustre/hpc/project/icecube/HE_Nu_Aske_Oct2024/PMTfied_filtered/Snowstorm/MuonLike_PureNu/22011/3/PMTfied_12.parquet
2025-02-15 13:48:58 - INFO - Filtered PMTfied file saved to: /lustre/hpc/project/icecube/HE_Nu_Aske_Oct2024/PMTfied_filtered/Snowstorm/MuonLike_PureNu/22011/3/PMTfied_16.parquet
2025-02-15 13:49:03 - INFO - Filtered PMTfied file saved to: /lustre/hpc/project/icecube/HE_Nu_Aske_Oct2024/PMTfied_filtered/Snowstorm/MuonLike_PureNu/22011/3/PMTfied_6.parquet
2025-02-15 13:49:07 - INFO - Filtered PMTfied file saved to: /lustre/hpc/project/icecube/HE_Nu_Aske_Oct2024/PMTfied_filtered/Snowstorm/MuonLike_PureNu/22011/3/PMTfied_20.parquet
2025-02-15 13:49:10 - INFO - Filtered PMTfied file saved to: /lustre/hpc/project/icecube/HE_Nu_Aske_Oct2024/PMTfied_filtered/Snowstorm/MuonLike_PureNu/22011/3/PMTfied_2.parquet
2025-02-15 13:49:11 - INFO - Filtered PMTfied file saved to: /lustre/hpc/project/icecube/HE_Nu_Aske_Oct2024/PMTfied_filtered/Snowstorm/MuonLike_PureNu/22011/3/PMTfied_21.parquet
2025-02-15 13:49:14 - INFO - Filtered PMTfied file saved to: /lustre/hpc/project/icecube/HE_Nu_Aske_Oct2024/PMTfied_filtered/Snowstorm/MuonLike_PureNu/22011/3/PMTfied_7.parquet
2025-02-15 13:49:18 - INFO - Filtered PMTfied file saved to: /lustre/hpc/project/icecube/HE_Nu_Aske_Oct2024/PMTfied_filtered/Snowstorm/MuonLike_PureNu/22011/3/PMTfied_3.parquet
2025-02-15 13:49:21 - INFO - Filtered PMTfied file saved to: /lustre/hpc/project/icecube/HE_Nu_Aske_Oct2024/PMTfied_filtered/Snowstorm/MuonLike_PureNu/22011/3/PMTfied_13.parquet
2025-02-15 13:49:25 - INFO - Filtered PMTfied file saved to: /lustre/hpc/project/icecube/HE_Nu_Aske_Oct2024/PMTfied_filtered/Snowstorm/MuonLike_PureNu/22011/3/PMTfied_17.parquet
2025-02-15 13:49:25 - INFO - Filtering process completed.
2025-02-15 13:49:25 - INFO - Filtering process completed.
2025-02-15 13:49:25 - INFO - Unified receipt generated: /lustre/hpc/project/icecube/HE_Nu_Aske_Oct2024/PMTfied_filtered/Snowstorm/MuonLike_PureNu/22011/[Receipt]22011_3.json
2025-02-15 13:49:25 - INFO - Filtering process completed.
Job completed at Sat Feb 15 01:49:25 PM CET 2025
