Starting job at Thu Feb 13 05:50:29 PM CET 2025
Running Filter_by_part.py for subdirectory 22011, part 1
2025-02-13 17:50:30 - INFO - Event filtering process starts...
2025-02-13 17:50:30 - INFO - Initialized PureNeutrinoEventFilter
2025-02-13 17:50:30 - INFO - Starting filtering process for 22011/1
2025-02-13 17:50:31 - INFO - Loaded 5 event specifier files from /lustre/hpc/project/icecube/HE_Nu_Aske_Oct2024/clean_events_dict/22011/22011/reduced
2025-02-13 17:50:32 - INFO - Selected 2 CSV files covering event range [0, 1107]
2025-02-13 17:50:36 - INFO - Loaded 2316378 valid (RunID, EventID) pairs from CSV files
2025-02-13 17:50:50 - INFO - Recalculated 'offset' column based on filtered 'N_doms' values.
2025-02-13 17:50:53 - INFO - Filtered truth file saved to: /lustre/hpc/project/icecube/HE_Nu_Aske_Oct2024/PMTfied_filtered/PureNu/Snowstorm/22011/truth_1.parquet
2025-02-13 17:50:53 - INFO - Receipt file saved to: /lustre/hpc/project/icecube/HE_Nu_Aske_Oct2024/PMTfied_filtered/PureNu/Snowstorm/22011/[Receipt]22011_1.json
2025-02-13 17:50:57 - INFO - Filtered PMTfied file saved to: /lustre/hpc/project/icecube/HE_Nu_Aske_Oct2024/PMTfied_filtered/PureNu/Snowstorm/22011/1/PMTfied_15.parquet
2025-02-13 17:51:00 - INFO - Filtered PMTfied file saved to: /lustre/hpc/project/icecube/HE_Nu_Aske_Oct2024/PMTfied_filtered/PureNu/Snowstorm/22011/1/PMTfied_11.parquet
2025-02-13 17:51:04 - INFO - Filtered PMTfied file saved to: /lustre/hpc/project/icecube/HE_Nu_Aske_Oct2024/PMTfied_filtered/PureNu/Snowstorm/22011/1/PMTfied_19.parquet
2025-02-13 17:51:08 - INFO - Filtered PMTfied file saved to: /lustre/hpc/project/icecube/HE_Nu_Aske_Oct2024/PMTfied_filtered/PureNu/Snowstorm/22011/1/PMTfied_6.parquet
2025-02-13 17:51:12 - INFO - Filtered PMTfied file saved to: /lustre/hpc/project/icecube/HE_Nu_Aske_Oct2024/PMTfied_filtered/PureNu/Snowstorm/22011/1/PMTfied_2.parquet
2025-02-13 17:51:17 - INFO - Filtered PMTfied file saved to: /lustre/hpc/project/icecube/HE_Nu_Aske_Oct2024/PMTfied_filtered/PureNu/Snowstorm/22011/1/PMTfied_7.parquet
2025-02-13 17:51:21 - INFO - Filtered PMTfied file saved to: /lustre/hpc/project/icecube/HE_Nu_Aske_Oct2024/PMTfied_filtered/PureNu/Snowstorm/22011/1/PMTfied_3.parquet
2025-02-13 17:51:25 - INFO - Filtered PMTfied file saved to: /lustre/hpc/project/icecube/HE_Nu_Aske_Oct2024/PMTfied_filtered/PureNu/Snowstorm/22011/1/PMTfied_18.parquet
2025-02-13 17:51:29 - INFO - Filtered PMTfied file saved to: /lustre/hpc/project/icecube/HE_Nu_Aske_Oct2024/PMTfied_filtered/PureNu/Snowstorm/22011/1/PMTfied_14.parquet
2025-02-13 17:51:32 - INFO - Filtered PMTfied file saved to: /lustre/hpc/project/icecube/HE_Nu_Aske_Oct2024/PMTfied_filtered/PureNu/Snowstorm/22011/1/PMTfied_10.parquet
2025-02-13 17:51:36 - INFO - Filtered PMTfied file saved to: /lustre/hpc/project/icecube/HE_Nu_Aske_Oct2024/PMTfied_filtered/PureNu/Snowstorm/22011/1/PMTfied_20.parquet
2025-02-13 17:51:39 - INFO - Filtered PMTfied file saved to: /lustre/hpc/project/icecube/HE_Nu_Aske_Oct2024/PMTfied_filtered/PureNu/Snowstorm/22011/1/PMTfied_9.parquet
2025-02-13 17:51:43 - INFO - Filtered PMTfied file saved to: /lustre/hpc/project/icecube/HE_Nu_Aske_Oct2024/PMTfied_filtered/PureNu/Snowstorm/22011/1/PMTfied_5.parquet
2025-02-13 17:51:46 - INFO - Filtered PMTfied file saved to: /lustre/hpc/project/icecube/HE_Nu_Aske_Oct2024/PMTfied_filtered/PureNu/Snowstorm/22011/1/PMTfied_1.parquet
2025-02-13 17:51:50 - INFO - Filtered PMTfied file saved to: /lustre/hpc/project/icecube/HE_Nu_Aske_Oct2024/PMTfied_filtered/PureNu/Snowstorm/22011/1/PMTfied_16.parquet
2025-02-13 17:51:54 - INFO - Filtered PMTfied file saved to: /lustre/hpc/project/icecube/HE_Nu_Aske_Oct2024/PMTfied_filtered/PureNu/Snowstorm/22011/1/PMTfied_12.parquet
2025-02-13 17:51:58 - INFO - Filtered PMTfied file saved to: /lustre/hpc/project/icecube/HE_Nu_Aske_Oct2024/PMTfied_filtered/PureNu/Snowstorm/22011/1/PMTfied_17.parquet
2025-02-13 17:52:02 - INFO - Filtered PMTfied file saved to: /lustre/hpc/project/icecube/HE_Nu_Aske_Oct2024/PMTfied_filtered/PureNu/Snowstorm/22011/1/PMTfied_13.parquet
2025-02-13 17:52:02 - INFO - Filtered PMTfied file saved to: /lustre/hpc/project/icecube/HE_Nu_Aske_Oct2024/PMTfied_filtered/PureNu/Snowstorm/22011/1/PMTfied_21.parquet
2025-02-13 17:52:05 - INFO - Filtered PMTfied file saved to: /lustre/hpc/project/icecube/HE_Nu_Aske_Oct2024/PMTfied_filtered/PureNu/Snowstorm/22011/1/PMTfied_4.parquet
2025-02-13 17:52:09 - INFO - Filtered PMTfied file saved to: /lustre/hpc/project/icecube/HE_Nu_Aske_Oct2024/PMTfied_filtered/PureNu/Snowstorm/22011/1/PMTfied_8.parquet
2025-02-13 17:52:09 - INFO - Filtering process completed.
2025-02-13 17:52:09 - INFO - Filtering process completed for all selected filters.
2025-02-13 17:52:09 - INFO - Execution time: 98.78 seconds
2025-02-13 17:52:09 - INFO - Updated receipt with execution time: /lustre/hpc/project/icecube/HE_Nu_Aske_Oct2024/PMTfied_filtered/PureNu/Snowstorm/22011/[Receipt]22011_1.json
Job completed at Thu Feb 13 05:52:09 PM CET 2025
