Starting job at Mon Feb 17 04:06:40 PM CET 2025
Running Filter_by_part.py for subdirectory 22011, part 1
2025-02-17 16:06:41 - INFO - Event filtering process starts...
2025-02-17 16:06:41 - INFO - Initialized Muon13Filter filter for 22011/1
2025-02-17 16:06:41 - INFO - Extracted 320504 valid events where MuonFilter_13==True.
2025-02-17 16:06:41 - INFO - Initialized CompositeEventFilter filter for 22011/1
2025-02-17 16:06:41 - INFO - Initialized (MuonLike)
2025-02-17 16:06:41 - INFO - Starting filtering process for 22011/1
2025-02-17 16:06:41 - INFO - Starting filtering process for 22011/1
2025-02-17 16:06:47 - INFO - Recalculated 'offset' column based on 'N_doms' values within each 'shard_no' group.
2025-02-17 16:06:49 - INFO - Filtered truth file saved to: /lustre/hpc/project/icecube/HE_Nu_Aske_Oct2024/PMTfied_filtered/Snowstorm/MuonLike/22011/truth_1.parquet
2025-02-17 16:06:50 - INFO - Filtered PMTfied file saved to: /lustre/hpc/project/icecube/HE_Nu_Aske_Oct2024/PMTfied_filtered/Snowstorm/MuonLike/22011/1/PMTfied_15.parquet
2025-02-17 16:06:52 - INFO - Filtered PMTfied file saved to: /lustre/hpc/project/icecube/HE_Nu_Aske_Oct2024/PMTfied_filtered/Snowstorm/MuonLike/22011/1/PMTfied_11.parquet
2025-02-17 16:06:54 - INFO - Filtered PMTfied file saved to: /lustre/hpc/project/icecube/HE_Nu_Aske_Oct2024/PMTfied_filtered/Snowstorm/MuonLike/22011/1/PMTfied_19.parquet
2025-02-17 16:06:56 - INFO - Filtered PMTfied file saved to: /lustre/hpc/project/icecube/HE_Nu_Aske_Oct2024/PMTfied_filtered/Snowstorm/MuonLike/22011/1/PMTfied_6.parquet
2025-02-17 16:06:58 - INFO - Filtered PMTfied file saved to: /lustre/hpc/project/icecube/HE_Nu_Aske_Oct2024/PMTfied_filtered/Snowstorm/MuonLike/22011/1/PMTfied_2.parquet
2025-02-17 16:07:01 - INFO - Filtered PMTfied file saved to: /lustre/hpc/project/icecube/HE_Nu_Aske_Oct2024/PMTfied_filtered/Snowstorm/MuonLike/22011/1/PMTfied_7.parquet
2025-02-17 16:07:03 - INFO - Filtered PMTfied file saved to: /lustre/hpc/project/icecube/HE_Nu_Aske_Oct2024/PMTfied_filtered/Snowstorm/MuonLike/22011/1/PMTfied_3.parquet
2025-02-17 16:07:07 - INFO - Filtered PMTfied file saved to: /lustre/hpc/project/icecube/HE_Nu_Aske_Oct2024/PMTfied_filtered/Snowstorm/MuonLike/22011/1/PMTfied_18.parquet
2025-02-17 16:07:09 - INFO - Filtered PMTfied file saved to: /lustre/hpc/project/icecube/HE_Nu_Aske_Oct2024/PMTfied_filtered/Snowstorm/MuonLike/22011/1/PMTfied_14.parquet
2025-02-17 16:07:11 - INFO - Filtered PMTfied file saved to: /lustre/hpc/project/icecube/HE_Nu_Aske_Oct2024/PMTfied_filtered/Snowstorm/MuonLike/22011/1/PMTfied_10.parquet
2025-02-17 16:07:13 - INFO - Filtered PMTfied file saved to: /lustre/hpc/project/icecube/HE_Nu_Aske_Oct2024/PMTfied_filtered/Snowstorm/MuonLike/22011/1/PMTfied_20.parquet
2025-02-17 16:07:15 - INFO - Filtered PMTfied file saved to: /lustre/hpc/project/icecube/HE_Nu_Aske_Oct2024/PMTfied_filtered/Snowstorm/MuonLike/22011/1/PMTfied_9.parquet
2025-02-17 16:07:17 - INFO - Filtered PMTfied file saved to: /lustre/hpc/project/icecube/HE_Nu_Aske_Oct2024/PMTfied_filtered/Snowstorm/MuonLike/22011/1/PMTfied_5.parquet
2025-02-17 16:07:19 - INFO - Filtered PMTfied file saved to: /lustre/hpc/project/icecube/HE_Nu_Aske_Oct2024/PMTfied_filtered/Snowstorm/MuonLike/22011/1/PMTfied_1.parquet
2025-02-17 16:07:21 - INFO - Filtered PMTfied file saved to: /lustre/hpc/project/icecube/HE_Nu_Aske_Oct2024/PMTfied_filtered/Snowstorm/MuonLike/22011/1/PMTfied_16.parquet
2025-02-17 16:07:22 - INFO - Filtered PMTfied file saved to: /lustre/hpc/project/icecube/HE_Nu_Aske_Oct2024/PMTfied_filtered/Snowstorm/MuonLike/22011/1/PMTfied_12.parquet
2025-02-17 16:07:26 - INFO - Filtered PMTfied file saved to: /lustre/hpc/project/icecube/HE_Nu_Aske_Oct2024/PMTfied_filtered/Snowstorm/MuonLike/22011/1/PMTfied_17.parquet
2025-02-17 16:07:28 - INFO - Filtered PMTfied file saved to: /lustre/hpc/project/icecube/HE_Nu_Aske_Oct2024/PMTfied_filtered/Snowstorm/MuonLike/22011/1/PMTfied_13.parquet
2025-02-17 16:07:28 - INFO - Filtered PMTfied file saved to: /lustre/hpc/project/icecube/HE_Nu_Aske_Oct2024/PMTfied_filtered/Snowstorm/MuonLike/22011/1/PMTfied_21.parquet
2025-02-17 16:07:30 - INFO - Filtered PMTfied file saved to: /lustre/hpc/project/icecube/HE_Nu_Aske_Oct2024/PMTfied_filtered/Snowstorm/MuonLike/22011/1/PMTfied_4.parquet
2025-02-17 16:07:32 - INFO - Filtered PMTfied file saved to: /lustre/hpc/project/icecube/HE_Nu_Aske_Oct2024/PMTfied_filtered/Snowstorm/MuonLike/22011/1/PMTfied_8.parquet
2025-02-17 16:07:32 - INFO - Filtering process completed.
2025-02-17 16:07:32 - INFO - Filtering process completed.
2025-02-17 16:07:32 - INFO - Unified receipt generated: /lustre/hpc/project/icecube/HE_Nu_Aske_Oct2024/PMTfied_filtered/Snowstorm/MuonLike/22011/[Receipt]22011_1.json
2025-02-17 16:07:32 - INFO - Filtering process completed.
Job completed at Mon Feb 17 04:07:32 PM CET 2025
