Starting job at Sat Feb 15 12:09:16 PM CET 2025
Running Filter_by_part.py for subdirectory 22011, part 10
2025-02-15 12:09:16 - INFO - Event filtering process starts...
2025-02-15 12:09:16 - INFO - Initialized PureNeutrinoEventFilter filter for 22011/10
2025-02-15 12:09:17 - INFO - Loaded 5 event specifier files from /lustre/hpc/project/icecube/HE_Nu_Aske_Oct2024/clean_events_dict/22011/22011/reduced
2025-02-15 12:09:17 - INFO - Selected 5 CSV files covering event range [25, 4499]
2025-02-15 12:09:26 - INFO - Loaded 5209899 valid (RunID, EventID) pairs from CSV files
2025-02-15 12:09:26 - INFO - Extracted 59144 valid events based on pure neutrino events.
2025-02-15 12:09:27 - INFO - Initialized CompositeEventFilter filter for 22011/10
2025-02-15 12:09:27 - INFO - Initialized (PureNu)
2025-02-15 12:09:27 - INFO - Starting filtering process for 22011/10
2025-02-15 12:09:27 - INFO - Starting filtering process for 22011/10
2025-02-15 12:09:30 - INFO - Recalculated 'offset' column based on filtered 'N_doms' values.
2025-02-15 12:09:30 - INFO - Filtered truth file saved to: /lustre/hpc/project/icecube/HE_Nu_Aske_Oct2024/PMTfied_filtered/Snowstorm/PureNu/22011/truth_10.parquet
2025-02-15 12:09:34 - INFO - Filtered PMTfied file saved to: /lustre/hpc/project/icecube/HE_Nu_Aske_Oct2024/PMTfied_filtered/Snowstorm/PureNu/22011/10/PMTfied_2.parquet
2025-02-15 12:09:38 - INFO - Filtered PMTfied file saved to: /lustre/hpc/project/icecube/HE_Nu_Aske_Oct2024/PMTfied_filtered/Snowstorm/PureNu/22011/10/PMTfied_3.parquet
2025-02-15 12:09:42 - INFO - Filtered PMTfied file saved to: /lustre/hpc/project/icecube/HE_Nu_Aske_Oct2024/PMTfied_filtered/Snowstorm/PureNu/22011/10/PMTfied_1.parquet
2025-02-15 12:09:45 - INFO - Filtered PMTfied file saved to: /lustre/hpc/project/icecube/HE_Nu_Aske_Oct2024/PMTfied_filtered/Snowstorm/PureNu/22011/10/PMTfied_4.parquet
2025-02-15 12:09:45 - INFO - Filtering process completed.
2025-02-15 12:09:45 - INFO - Filtering process completed.
2025-02-15 12:09:45 - INFO - Unified receipt generated: /lustre/hpc/project/icecube/HE_Nu_Aske_Oct2024/PMTfied_filtered/Snowstorm/PureNu/22011/[Receipt]22011_10.json
2025-02-15 12:09:45 - INFO - Filtering process completed.
Job completed at Sat Feb 15 12:09:46 PM CET 2025
