Starting job at Mon Feb 24 01:06:37 PM CET 2025
Running Filter_by_part.py for subdirectory 22011, part 9
2025-02-24 13:06:39 - INFO - Event filtering process starts...
2025-02-24 13:06:39 - INFO - Initialized PureNeutrinoEventFilter filter for 22011/9
2025-02-24 13:06:44 - INFO - Loaded 5 event specifier files from /lustre/hpc/project/icecube/HE_Nu_Aske_Oct2024/clean_events_dict/22011/22011/reduced
2025-02-24 13:06:44 - INFO - Selected 2 CSV files covering event range [3449, 4497]
2025-02-24 13:06:47 - INFO - Loaded 1736211 valid (RunID, EventID) pairs from CSV files
2025-02-24 13:06:48 - INFO - Extracted 304069 valid events based on pure neutrino events.
2025-02-24 13:06:48 - INFO - Initialized Muon13Filter filter for 22011/9
2025-02-24 13:06:49 - INFO - Extracted 320625 valid events where MuonFilter_13==True.
2025-02-24 13:06:49 - INFO - Initialized CCFilter filter for 22011/9
2025-02-24 13:06:49 - INFO - Extracted 363267 valid events which are CC interactions.
2025-02-24 13:06:49 - INFO - Initialized CompositeEventFilter filter for 22011/9
2025-02-24 13:06:49 - INFO - Initialized (CC_CRclean_MuonLike)
2025-02-24 13:06:49 - INFO - Starting filtering process for 22011/9
2025-02-24 13:06:49 - INFO - Starting filtering process for 22011/9
2025-02-24 13:07:05 - INFO - Recalculated 'offset' column based on 'N_doms' values within each 'shard_no' group.
2025-02-24 13:07:08 - INFO - Filtered truth file saved to: /lustre/hpc/project/icecube/HE_Nu_Aske_Oct2024/PMTfied_filtered/Snowstorm/CC_CRclean_MuonLike/22011/truth_9.parquet
2025-02-24 13:07:12 - INFO - Filtered PMTfied file saved to: /lustre/hpc/project/icecube/HE_Nu_Aske_Oct2024/PMTfied_filtered/Snowstorm/CC_CRclean_MuonLike/22011/9/PMTfied_5.parquet
2025-02-24 13:07:15 - INFO - Filtered PMTfied file saved to: /lustre/hpc/project/icecube/HE_Nu_Aske_Oct2024/PMTfied_filtered/Snowstorm/CC_CRclean_MuonLike/22011/9/PMTfied_1.parquet
2025-02-24 13:07:19 - INFO - Filtered PMTfied file saved to: /lustre/hpc/project/icecube/HE_Nu_Aske_Oct2024/PMTfied_filtered/Snowstorm/CC_CRclean_MuonLike/22011/9/PMTfied_9.parquet
2025-02-24 13:07:23 - INFO - Filtered PMTfied file saved to: /lustre/hpc/project/icecube/HE_Nu_Aske_Oct2024/PMTfied_filtered/Snowstorm/CC_CRclean_MuonLike/22011/9/PMTfied_18.parquet
2025-02-24 13:07:26 - INFO - Filtered PMTfied file saved to: /lustre/hpc/project/icecube/HE_Nu_Aske_Oct2024/PMTfied_filtered/Snowstorm/CC_CRclean_MuonLike/22011/9/PMTfied_10.parquet
2025-02-24 13:07:32 - INFO - Filtered PMTfied file saved to: /lustre/hpc/project/icecube/HE_Nu_Aske_Oct2024/PMTfied_filtered/Snowstorm/CC_CRclean_MuonLike/22011/9/PMTfied_14.parquet
2025-02-24 13:07:35 - INFO - Filtered PMTfied file saved to: /lustre/hpc/project/icecube/HE_Nu_Aske_Oct2024/PMTfied_filtered/Snowstorm/CC_CRclean_MuonLike/22011/9/PMTfied_8.parquet
2025-02-24 13:07:39 - INFO - Filtered PMTfied file saved to: /lustre/hpc/project/icecube/HE_Nu_Aske_Oct2024/PMTfied_filtered/Snowstorm/CC_CRclean_MuonLike/22011/9/PMTfied_4.parquet
2025-02-24 13:07:43 - INFO - Filtered PMTfied file saved to: /lustre/hpc/project/icecube/HE_Nu_Aske_Oct2024/PMTfied_filtered/Snowstorm/CC_CRclean_MuonLike/22011/9/PMTfied_11.parquet
2025-02-24 13:07:48 - INFO - Filtered PMTfied file saved to: /lustre/hpc/project/icecube/HE_Nu_Aske_Oct2024/PMTfied_filtered/Snowstorm/CC_CRclean_MuonLike/22011/9/PMTfied_15.parquet
2025-02-24 13:07:53 - INFO - Filtered PMTfied file saved to: /lustre/hpc/project/icecube/HE_Nu_Aske_Oct2024/PMTfied_filtered/Snowstorm/CC_CRclean_MuonLike/22011/9/PMTfied_19.parquet
2025-02-24 13:07:54 - INFO - Filtered PMTfied file saved to: /lustre/hpc/project/icecube/HE_Nu_Aske_Oct2024/PMTfied_filtered/Snowstorm/CC_CRclean_MuonLike/22011/9/PMTfied_21.parquet
2025-02-24 13:07:57 - INFO - Filtered PMTfied file saved to: /lustre/hpc/project/icecube/HE_Nu_Aske_Oct2024/PMTfied_filtered/Snowstorm/CC_CRclean_MuonLike/22011/9/PMTfied_6.parquet
2025-02-24 13:08:01 - INFO - Filtered PMTfied file saved to: /lustre/hpc/project/icecube/HE_Nu_Aske_Oct2024/PMTfied_filtered/Snowstorm/CC_CRclean_MuonLike/22011/9/PMTfied_2.parquet
2025-02-24 13:08:04 - INFO - Filtered PMTfied file saved to: /lustre/hpc/project/icecube/HE_Nu_Aske_Oct2024/PMTfied_filtered/Snowstorm/CC_CRclean_MuonLike/22011/9/PMTfied_13.parquet
2025-02-24 13:08:08 - INFO - Filtered PMTfied file saved to: /lustre/hpc/project/icecube/HE_Nu_Aske_Oct2024/PMTfied_filtered/Snowstorm/CC_CRclean_MuonLike/22011/9/PMTfied_17.parquet
2025-02-24 13:08:12 - INFO - Filtered PMTfied file saved to: /lustre/hpc/project/icecube/HE_Nu_Aske_Oct2024/PMTfied_filtered/Snowstorm/CC_CRclean_MuonLike/22011/9/PMTfied_7.parquet
2025-02-24 13:08:18 - INFO - Filtered PMTfied file saved to: /lustre/hpc/project/icecube/HE_Nu_Aske_Oct2024/PMTfied_filtered/Snowstorm/CC_CRclean_MuonLike/22011/9/PMTfied_3.parquet
2025-02-24 13:08:21 - INFO - Filtered PMTfied file saved to: /lustre/hpc/project/icecube/HE_Nu_Aske_Oct2024/PMTfied_filtered/Snowstorm/CC_CRclean_MuonLike/22011/9/PMTfied_12.parquet
2025-02-24 13:08:25 - INFO - Filtered PMTfied file saved to: /lustre/hpc/project/icecube/HE_Nu_Aske_Oct2024/PMTfied_filtered/Snowstorm/CC_CRclean_MuonLike/22011/9/PMTfied_16.parquet
2025-02-24 13:08:30 - INFO - Filtered PMTfied file saved to: /lustre/hpc/project/icecube/HE_Nu_Aske_Oct2024/PMTfied_filtered/Snowstorm/CC_CRclean_MuonLike/22011/9/PMTfied_20.parquet
2025-02-24 13:08:30 - INFO - Filtering process completed.
2025-02-24 13:08:30 - INFO - Filtering process completed.
2025-02-24 13:08:30 - INFO - Unified receipt generated: /lustre/hpc/project/icecube/HE_Nu_Aske_Oct2024/PMTfied_filtered/Snowstorm/CC_CRclean_MuonLike/22011/[Receipt]22011_9.json
2025-02-24 13:08:30 - INFO - Filtering process completed.
Job completed at Mon Feb 24 01:08:30 PM CET 2025
