Starting job at Sat Feb 15 01:47:47 PM CET 2025
Running Filter_by_part.py for subdirectory 22011, part 8
2025-02-15 13:47:48 - INFO - Event filtering process starts...
2025-02-15 13:47:48 - INFO - Initialized PureNeutrinoEventFilter filter for 22011/8
2025-02-15 13:47:48 - INFO - Loaded 5 event specifier files from /lustre/hpc/project/icecube/HE_Nu_Aske_Oct2024/clean_events_dict/22011/22011/reduced
2025-02-15 13:47:48 - INFO - Selected 2 CSV files covering event range [3424, 4470]
2025-02-15 13:47:51 - INFO - Loaded 1736211 valid (RunID, EventID) pairs from CSV files
2025-02-15 13:47:51 - INFO - Extracted 304929 valid events based on pure neutrino events.
2025-02-15 13:47:52 - INFO - Initialized Muon13Filter filter for 22011/8
2025-02-15 13:47:52 - INFO - Extracted 321541 valid events where MuonFilter_13==True.
2025-02-15 13:47:52 - INFO - Initialized CompositeEventFilter filter for 22011/8
2025-02-15 13:47:52 - INFO - Initialized (MuonLike_PureNu)
2025-02-15 13:47:52 - INFO - Starting filtering process for 22011/8
2025-02-15 13:47:52 - INFO - Starting filtering process for 22011/8
2025-02-15 13:48:02 - INFO - Recalculated 'offset' column based on filtered 'N_doms' values.
2025-02-15 13:48:04 - INFO - Filtered truth file saved to: /lustre/hpc/project/icecube/HE_Nu_Aske_Oct2024/PMTfied_filtered/Snowstorm/MuonLike_PureNu/22011/truth_8.parquet
2025-02-15 13:48:08 - INFO - Filtered PMTfied file saved to: /lustre/hpc/project/icecube/HE_Nu_Aske_Oct2024/PMTfied_filtered/Snowstorm/MuonLike_PureNu/22011/8/PMTfied_4.parquet
2025-02-15 13:48:11 - INFO - Filtered PMTfied file saved to: /lustre/hpc/project/icecube/HE_Nu_Aske_Oct2024/PMTfied_filtered/Snowstorm/MuonLike_PureNu/22011/8/PMTfied_8.parquet
2025-02-15 13:48:14 - INFO - Filtered PMTfied file saved to: /lustre/hpc/project/icecube/HE_Nu_Aske_Oct2024/PMTfied_filtered/Snowstorm/MuonLike_PureNu/22011/8/PMTfied_20.parquet
2025-02-15 13:48:17 - INFO - Filtered PMTfied file saved to: /lustre/hpc/project/icecube/HE_Nu_Aske_Oct2024/PMTfied_filtered/Snowstorm/MuonLike_PureNu/22011/8/PMTfied_12.parquet
2025-02-15 13:48:20 - INFO - Filtered PMTfied file saved to: /lustre/hpc/project/icecube/HE_Nu_Aske_Oct2024/PMTfied_filtered/Snowstorm/MuonLike_PureNu/22011/8/PMTfied_16.parquet
2025-02-15 13:48:23 - INFO - Filtered PMTfied file saved to: /lustre/hpc/project/icecube/HE_Nu_Aske_Oct2024/PMTfied_filtered/Snowstorm/MuonLike_PureNu/22011/8/PMTfied_13.parquet
2025-02-15 13:48:26 - INFO - Filtered PMTfied file saved to: /lustre/hpc/project/icecube/HE_Nu_Aske_Oct2024/PMTfied_filtered/Snowstorm/MuonLike_PureNu/22011/8/PMTfied_17.parquet
2025-02-15 13:48:29 - INFO - Filtered PMTfied file saved to: /lustre/hpc/project/icecube/HE_Nu_Aske_Oct2024/PMTfied_filtered/Snowstorm/MuonLike_PureNu/22011/8/PMTfied_9.parquet
2025-02-15 13:48:30 - INFO - Filtered PMTfied file saved to: /lustre/hpc/project/icecube/HE_Nu_Aske_Oct2024/PMTfied_filtered/Snowstorm/MuonLike_PureNu/22011/8/PMTfied_21.parquet
2025-02-15 13:48:33 - INFO - Filtered PMTfied file saved to: /lustre/hpc/project/icecube/HE_Nu_Aske_Oct2024/PMTfied_filtered/Snowstorm/MuonLike_PureNu/22011/8/PMTfied_5.parquet
2025-02-15 13:48:36 - INFO - Filtered PMTfied file saved to: /lustre/hpc/project/icecube/HE_Nu_Aske_Oct2024/PMTfied_filtered/Snowstorm/MuonLike_PureNu/22011/8/PMTfied_1.parquet
2025-02-15 13:48:39 - INFO - Filtered PMTfied file saved to: /lustre/hpc/project/icecube/HE_Nu_Aske_Oct2024/PMTfied_filtered/Snowstorm/MuonLike_PureNu/22011/8/PMTfied_19.parquet
2025-02-15 13:48:42 - INFO - Filtered PMTfied file saved to: /lustre/hpc/project/icecube/HE_Nu_Aske_Oct2024/PMTfied_filtered/Snowstorm/MuonLike_PureNu/22011/8/PMTfied_11.parquet
2025-02-15 13:48:45 - INFO - Filtered PMTfied file saved to: /lustre/hpc/project/icecube/HE_Nu_Aske_Oct2024/PMTfied_filtered/Snowstorm/MuonLike_PureNu/22011/8/PMTfied_15.parquet
2025-02-15 13:48:48 - INFO - Filtered PMTfied file saved to: /lustre/hpc/project/icecube/HE_Nu_Aske_Oct2024/PMTfied_filtered/Snowstorm/MuonLike_PureNu/22011/8/PMTfied_7.parquet
2025-02-15 13:48:51 - INFO - Filtered PMTfied file saved to: /lustre/hpc/project/icecube/HE_Nu_Aske_Oct2024/PMTfied_filtered/Snowstorm/MuonLike_PureNu/22011/8/PMTfied_3.parquet
2025-02-15 13:48:54 - INFO - Filtered PMTfied file saved to: /lustre/hpc/project/icecube/HE_Nu_Aske_Oct2024/PMTfied_filtered/Snowstorm/MuonLike_PureNu/22011/8/PMTfied_6.parquet
2025-02-15 13:48:57 - INFO - Filtered PMTfied file saved to: /lustre/hpc/project/icecube/HE_Nu_Aske_Oct2024/PMTfied_filtered/Snowstorm/MuonLike_PureNu/22011/8/PMTfied_2.parquet
2025-02-15 13:49:00 - INFO - Filtered PMTfied file saved to: /lustre/hpc/project/icecube/HE_Nu_Aske_Oct2024/PMTfied_filtered/Snowstorm/MuonLike_PureNu/22011/8/PMTfied_10.parquet
2025-02-15 13:49:03 - INFO - Filtered PMTfied file saved to: /lustre/hpc/project/icecube/HE_Nu_Aske_Oct2024/PMTfied_filtered/Snowstorm/MuonLike_PureNu/22011/8/PMTfied_14.parquet
2025-02-15 13:49:06 - INFO - Filtered PMTfied file saved to: /lustre/hpc/project/icecube/HE_Nu_Aske_Oct2024/PMTfied_filtered/Snowstorm/MuonLike_PureNu/22011/8/PMTfied_18.parquet
2025-02-15 13:49:06 - INFO - Filtering process completed.
2025-02-15 13:49:06 - INFO - Filtering process completed.
2025-02-15 13:49:06 - INFO - Unified receipt generated: /lustre/hpc/project/icecube/HE_Nu_Aske_Oct2024/PMTfied_filtered/Snowstorm/MuonLike_PureNu/22011/[Receipt]22011_8.json
2025-02-15 13:49:06 - INFO - Filtering process completed.
Job completed at Sat Feb 15 01:49:06 PM CET 2025
