Starting job at Mon Feb 17 04:07:26 PM CET 2025
Running Filter_by_part.py for subdirectory 22011, part 4
2025-02-17 16:07:26 - INFO - Event filtering process starts...
2025-02-17 16:07:26 - INFO - Initialized Muon13Filter filter for 22011/4
2025-02-17 16:07:26 - INFO - Extracted 322664 valid events where MuonFilter_13==True.
2025-02-17 16:07:26 - INFO - Initialized CompositeEventFilter filter for 22011/4
2025-02-17 16:07:26 - INFO - Initialized (MuonLike)
2025-02-17 16:07:26 - INFO - Starting filtering process for 22011/4
2025-02-17 16:07:26 - INFO - Starting filtering process for 22011/4
2025-02-17 16:07:32 - INFO - Recalculated 'offset' column based on 'N_doms' values within each 'shard_no' group.
2025-02-17 16:07:33 - INFO - Filtered truth file saved to: /lustre/hpc/project/icecube/HE_Nu_Aske_Oct2024/PMTfied_filtered/Snowstorm/MuonLike/22011/truth_4.parquet
2025-02-17 16:07:36 - INFO - Filtered PMTfied file saved to: /lustre/hpc/project/icecube/HE_Nu_Aske_Oct2024/PMTfied_filtered/Snowstorm/MuonLike/22011/4/PMTfied_7.parquet
2025-02-17 16:07:40 - INFO - Filtered PMTfied file saved to: /lustre/hpc/project/icecube/HE_Nu_Aske_Oct2024/PMTfied_filtered/Snowstorm/MuonLike/22011/4/PMTfied_3.parquet
2025-02-17 16:07:42 - INFO - Filtered PMTfied file saved to: /lustre/hpc/project/icecube/HE_Nu_Aske_Oct2024/PMTfied_filtered/Snowstorm/MuonLike/22011/4/PMTfied_20.parquet
2025-02-17 16:07:44 - INFO - Filtered PMTfied file saved to: /lustre/hpc/project/icecube/HE_Nu_Aske_Oct2024/PMTfied_filtered/Snowstorm/MuonLike/22011/4/PMTfied_16.parquet
2025-02-17 16:07:47 - INFO - Filtered PMTfied file saved to: /lustre/hpc/project/icecube/HE_Nu_Aske_Oct2024/PMTfied_filtered/Snowstorm/MuonLike/22011/4/PMTfied_12.parquet
2025-02-17 16:07:49 - INFO - Filtered PMTfied file saved to: /lustre/hpc/project/icecube/HE_Nu_Aske_Oct2024/PMTfied_filtered/Snowstorm/MuonLike/22011/4/PMTfied_17.parquet
2025-02-17 16:07:51 - INFO - Filtered PMTfied file saved to: /lustre/hpc/project/icecube/HE_Nu_Aske_Oct2024/PMTfied_filtered/Snowstorm/MuonLike/22011/4/PMTfied_13.parquet
2025-02-17 16:07:53 - INFO - Filtered PMTfied file saved to: /lustre/hpc/project/icecube/HE_Nu_Aske_Oct2024/PMTfied_filtered/Snowstorm/MuonLike/22011/4/PMTfied_6.parquet
2025-02-17 16:07:55 - INFO - Filtered PMTfied file saved to: /lustre/hpc/project/icecube/HE_Nu_Aske_Oct2024/PMTfied_filtered/Snowstorm/MuonLike/22011/4/PMTfied_2.parquet
2025-02-17 16:07:55 - INFO - Filtered PMTfied file saved to: /lustre/hpc/project/icecube/HE_Nu_Aske_Oct2024/PMTfied_filtered/Snowstorm/MuonLike/22011/4/PMTfied_21.parquet
2025-02-17 16:07:57 - INFO - Filtered PMTfied file saved to: /lustre/hpc/project/icecube/HE_Nu_Aske_Oct2024/PMTfied_filtered/Snowstorm/MuonLike/22011/4/PMTfied_15.parquet
2025-02-17 16:08:01 - INFO - Filtered PMTfied file saved to: /lustre/hpc/project/icecube/HE_Nu_Aske_Oct2024/PMTfied_filtered/Snowstorm/MuonLike/22011/4/PMTfied_11.parquet
2025-02-17 16:08:03 - INFO - Filtered PMTfied file saved to: /lustre/hpc/project/icecube/HE_Nu_Aske_Oct2024/PMTfied_filtered/Snowstorm/MuonLike/22011/4/PMTfied_19.parquet
2025-02-17 16:08:05 - INFO - Filtered PMTfied file saved to: /lustre/hpc/project/icecube/HE_Nu_Aske_Oct2024/PMTfied_filtered/Snowstorm/MuonLike/22011/4/PMTfied_4.parquet
2025-02-17 16:08:07 - INFO - Filtered PMTfied file saved to: /lustre/hpc/project/icecube/HE_Nu_Aske_Oct2024/PMTfied_filtered/Snowstorm/MuonLike/22011/4/PMTfied_8.parquet
2025-02-17 16:08:09 - INFO - Filtered PMTfied file saved to: /lustre/hpc/project/icecube/HE_Nu_Aske_Oct2024/PMTfied_filtered/Snowstorm/MuonLike/22011/4/PMTfied_9.parquet
2025-02-17 16:08:11 - INFO - Filtered PMTfied file saved to: /lustre/hpc/project/icecube/HE_Nu_Aske_Oct2024/PMTfied_filtered/Snowstorm/MuonLike/22011/4/PMTfied_5.parquet
2025-02-17 16:08:14 - INFO - Filtered PMTfied file saved to: /lustre/hpc/project/icecube/HE_Nu_Aske_Oct2024/PMTfied_filtered/Snowstorm/MuonLike/22011/4/PMTfied_1.parquet
2025-02-17 16:08:17 - INFO - Filtered PMTfied file saved to: /lustre/hpc/project/icecube/HE_Nu_Aske_Oct2024/PMTfied_filtered/Snowstorm/MuonLike/22011/4/PMTfied_18.parquet
2025-02-17 16:08:19 - INFO - Filtered PMTfied file saved to: /lustre/hpc/project/icecube/HE_Nu_Aske_Oct2024/PMTfied_filtered/Snowstorm/MuonLike/22011/4/PMTfied_14.parquet
2025-02-17 16:08:21 - INFO - Filtered PMTfied file saved to: /lustre/hpc/project/icecube/HE_Nu_Aske_Oct2024/PMTfied_filtered/Snowstorm/MuonLike/22011/4/PMTfied_10.parquet
2025-02-17 16:08:21 - INFO - Filtering process completed.
2025-02-17 16:08:21 - INFO - Filtering process completed.
2025-02-17 16:08:21 - INFO - Unified receipt generated: /lustre/hpc/project/icecube/HE_Nu_Aske_Oct2024/PMTfied_filtered/Snowstorm/MuonLike/22011/[Receipt]22011_4.json
2025-02-17 16:08:21 - INFO - Filtering process completed.
Job completed at Mon Feb 17 04:08:21 PM CET 2025
