Starting job at Sat Feb 15 01:47:49 PM CET 2025
Running Filter_by_part.py for subdirectory 22011, part 5
2025-02-15 13:47:51 - INFO - Event filtering process starts...
2025-02-15 13:47:51 - INFO - Initialized PureNeutrinoEventFilter filter for 22011/5
2025-02-15 13:47:53 - INFO - Loaded 5 event specifier files from /lustre/hpc/project/icecube/HE_Nu_Aske_Oct2024/clean_events_dict/22011/22011/reduced
2025-02-15 13:47:53 - INFO - Selected 3 CSV files covering event range [1184, 3369]
2025-02-15 13:47:59 - INFO - Loaded 3472876 valid (RunID, EventID) pairs from CSV files
2025-02-15 13:47:59 - INFO - Extracted 302972 valid events based on pure neutrino events.
2025-02-15 13:48:00 - INFO - Initialized Muon13Filter filter for 22011/5
2025-02-15 13:48:01 - INFO - Extracted 320113 valid events where MuonFilter_13==True.
2025-02-15 13:48:01 - INFO - Initialized CompositeEventFilter filter for 22011/5
2025-02-15 13:48:01 - INFO - Initialized (MuonLike_PureNu)
2025-02-15 13:48:01 - INFO - Starting filtering process for 22011/5
2025-02-15 13:48:01 - INFO - Starting filtering process for 22011/5
2025-02-15 13:48:11 - INFO - Recalculated 'offset' column based on filtered 'N_doms' values.
2025-02-15 13:48:13 - INFO - Filtered truth file saved to: /lustre/hpc/project/icecube/HE_Nu_Aske_Oct2024/PMTfied_filtered/Snowstorm/MuonLike_PureNu/22011/truth_5.parquet
2025-02-15 13:48:17 - INFO - Filtered PMTfied file saved to: /lustre/hpc/project/icecube/HE_Nu_Aske_Oct2024/PMTfied_filtered/Snowstorm/MuonLike_PureNu/22011/5/PMTfied_7.parquet
2025-02-15 13:48:20 - INFO - Filtered PMTfied file saved to: /lustre/hpc/project/icecube/HE_Nu_Aske_Oct2024/PMTfied_filtered/Snowstorm/MuonLike_PureNu/22011/5/PMTfied_3.parquet
2025-02-15 13:48:24 - INFO - Filtered PMTfied file saved to: /lustre/hpc/project/icecube/HE_Nu_Aske_Oct2024/PMTfied_filtered/Snowstorm/MuonLike_PureNu/22011/5/PMTfied_18.parquet
2025-02-15 13:48:27 - INFO - Filtered PMTfied file saved to: /lustre/hpc/project/icecube/HE_Nu_Aske_Oct2024/PMTfied_filtered/Snowstorm/MuonLike_PureNu/22011/5/PMTfied_10.parquet
2025-02-15 13:48:31 - INFO - Filtered PMTfied file saved to: /lustre/hpc/project/icecube/HE_Nu_Aske_Oct2024/PMTfied_filtered/Snowstorm/MuonLike_PureNu/22011/5/PMTfied_14.parquet
2025-02-15 13:48:34 - INFO - Filtered PMTfied file saved to: /lustre/hpc/project/icecube/HE_Nu_Aske_Oct2024/PMTfied_filtered/Snowstorm/MuonLike_PureNu/22011/5/PMTfied_11.parquet
2025-02-15 13:48:38 - INFO - Filtered PMTfied file saved to: /lustre/hpc/project/icecube/HE_Nu_Aske_Oct2024/PMTfied_filtered/Snowstorm/MuonLike_PureNu/22011/5/PMTfied_15.parquet
2025-02-15 13:48:42 - INFO - Filtered PMTfied file saved to: /lustre/hpc/project/icecube/HE_Nu_Aske_Oct2024/PMTfied_filtered/Snowstorm/MuonLike_PureNu/22011/5/PMTfied_6.parquet
2025-02-15 13:48:45 - INFO - Filtered PMTfied file saved to: /lustre/hpc/project/icecube/HE_Nu_Aske_Oct2024/PMTfied_filtered/Snowstorm/MuonLike_PureNu/22011/5/PMTfied_2.parquet
2025-02-15 13:48:49 - INFO - Filtered PMTfied file saved to: /lustre/hpc/project/icecube/HE_Nu_Aske_Oct2024/PMTfied_filtered/Snowstorm/MuonLike_PureNu/22011/5/PMTfied_19.parquet
2025-02-15 13:48:49 - INFO - Filtered PMTfied file saved to: /lustre/hpc/project/icecube/HE_Nu_Aske_Oct2024/PMTfied_filtered/Snowstorm/MuonLike_PureNu/22011/5/PMTfied_21.parquet
2025-02-15 13:48:58 - INFO - Filtered PMTfied file saved to: /lustre/hpc/project/icecube/HE_Nu_Aske_Oct2024/PMTfied_filtered/Snowstorm/MuonLike_PureNu/22011/5/PMTfied_8.parquet
2025-02-15 13:49:02 - INFO - Filtered PMTfied file saved to: /lustre/hpc/project/icecube/HE_Nu_Aske_Oct2024/PMTfied_filtered/Snowstorm/MuonLike_PureNu/22011/5/PMTfied_13.parquet
2025-02-15 13:49:06 - INFO - Filtered PMTfied file saved to: /lustre/hpc/project/icecube/HE_Nu_Aske_Oct2024/PMTfied_filtered/Snowstorm/MuonLike_PureNu/22011/5/PMTfied_17.parquet
2025-02-15 13:49:11 - INFO - Filtered PMTfied file saved to: /lustre/hpc/project/icecube/HE_Nu_Aske_Oct2024/PMTfied_filtered/Snowstorm/MuonLike_PureNu/22011/5/PMTfied_4.parquet
2025-02-15 13:49:15 - INFO - Filtered PMTfied file saved to: /lustre/hpc/project/icecube/HE_Nu_Aske_Oct2024/PMTfied_filtered/Snowstorm/MuonLike_PureNu/22011/5/PMTfied_5.parquet
2025-02-15 13:49:23 - INFO - Filtered PMTfied file saved to: /lustre/hpc/project/icecube/HE_Nu_Aske_Oct2024/PMTfied_filtered/Snowstorm/MuonLike_PureNu/22011/5/PMTfied_1.parquet
2025-02-15 13:49:27 - INFO - Filtered PMTfied file saved to: /lustre/hpc/project/icecube/HE_Nu_Aske_Oct2024/PMTfied_filtered/Snowstorm/MuonLike_PureNu/22011/5/PMTfied_9.parquet
2025-02-15 13:49:30 - INFO - Filtered PMTfied file saved to: /lustre/hpc/project/icecube/HE_Nu_Aske_Oct2024/PMTfied_filtered/Snowstorm/MuonLike_PureNu/22011/5/PMTfied_12.parquet
2025-02-15 13:49:34 - INFO - Filtered PMTfied file saved to: /lustre/hpc/project/icecube/HE_Nu_Aske_Oct2024/PMTfied_filtered/Snowstorm/MuonLike_PureNu/22011/5/PMTfied_16.parquet
2025-02-15 13:49:37 - INFO - Filtered PMTfied file saved to: /lustre/hpc/project/icecube/HE_Nu_Aske_Oct2024/PMTfied_filtered/Snowstorm/MuonLike_PureNu/22011/5/PMTfied_20.parquet
2025-02-15 13:49:37 - INFO - Filtering process completed.
2025-02-15 13:49:37 - INFO - Filtering process completed.
2025-02-15 13:49:37 - INFO - Unified receipt generated: /lustre/hpc/project/icecube/HE_Nu_Aske_Oct2024/PMTfied_filtered/Snowstorm/MuonLike_PureNu/22011/[Receipt]22011_5.json
2025-02-15 13:49:37 - INFO - Filtering process completed.
Job completed at Sat Feb 15 01:49:38 PM CET 2025
