Starting job at Mon Feb 24 01:06:37 PM CET 2025
Running Filter_by_part.py for subdirectory 22011, part 3
2025-02-24 13:06:39 - INFO - Event filtering process starts...
2025-02-24 13:06:39 - INFO - Initialized PureNeutrinoEventFilter filter for 22011/3
2025-02-24 13:06:45 - INFO - Loaded 5 event specifier files from /lustre/hpc/project/icecube/HE_Nu_Aske_Oct2024/clean_events_dict/22011/22011/reduced
2025-02-24 13:06:45 - INFO - Selected 3 CSV files covering event range [26, 2237]
2025-02-24 13:06:51 - INFO - Loaded 3473688 valid (RunID, EventID) pairs from CSV files
2025-02-24 13:06:52 - INFO - Extracted 304433 valid events based on pure neutrino events.
2025-02-24 13:06:53 - INFO - Initialized Muon13Filter filter for 22011/3
2025-02-24 13:06:54 - INFO - Extracted 320782 valid events where MuonFilter_13==True.
2025-02-24 13:06:54 - INFO - Initialized CCFilter filter for 22011/3
2025-02-24 13:06:54 - INFO - Extracted 363014 valid events which are CC interactions.
2025-02-24 13:06:54 - INFO - Initialized CompositeEventFilter filter for 22011/3
2025-02-24 13:06:54 - INFO - Initialized (CC_CRclean_MuonLike)
2025-02-24 13:06:54 - INFO - Starting filtering process for 22011/3
2025-02-24 13:06:54 - INFO - Starting filtering process for 22011/3
2025-02-24 13:07:12 - INFO - Recalculated 'offset' column based on 'N_doms' values within each 'shard_no' group.
2025-02-24 13:07:16 - INFO - Filtered truth file saved to: /lustre/hpc/project/icecube/HE_Nu_Aske_Oct2024/PMTfied_filtered/Snowstorm/CC_CRclean_MuonLike/22011/truth_3.parquet
2025-02-24 13:07:23 - INFO - Filtered PMTfied file saved to: /lustre/hpc/project/icecube/HE_Nu_Aske_Oct2024/PMTfied_filtered/Snowstorm/CC_CRclean_MuonLike/22011/3/PMTfied_5.parquet
2025-02-24 13:07:27 - INFO - Filtered PMTfied file saved to: /lustre/hpc/project/icecube/HE_Nu_Aske_Oct2024/PMTfied_filtered/Snowstorm/CC_CRclean_MuonLike/22011/3/PMTfied_1.parquet
2025-02-24 13:07:31 - INFO - Filtered PMTfied file saved to: /lustre/hpc/project/icecube/HE_Nu_Aske_Oct2024/PMTfied_filtered/Snowstorm/CC_CRclean_MuonLike/22011/3/PMTfied_9.parquet
2025-02-24 13:07:35 - INFO - Filtered PMTfied file saved to: /lustre/hpc/project/icecube/HE_Nu_Aske_Oct2024/PMTfied_filtered/Snowstorm/CC_CRclean_MuonLike/22011/3/PMTfied_19.parquet
2025-02-24 13:07:39 - INFO - Filtered PMTfied file saved to: /lustre/hpc/project/icecube/HE_Nu_Aske_Oct2024/PMTfied_filtered/Snowstorm/CC_CRclean_MuonLike/22011/3/PMTfied_11.parquet
2025-02-24 13:07:43 - INFO - Filtered PMTfied file saved to: /lustre/hpc/project/icecube/HE_Nu_Aske_Oct2024/PMTfied_filtered/Snowstorm/CC_CRclean_MuonLike/22011/3/PMTfied_15.parquet
2025-02-24 13:07:47 - INFO - Filtered PMTfied file saved to: /lustre/hpc/project/icecube/HE_Nu_Aske_Oct2024/PMTfied_filtered/Snowstorm/CC_CRclean_MuonLike/22011/3/PMTfied_10.parquet
2025-02-24 13:07:51 - INFO - Filtered PMTfied file saved to: /lustre/hpc/project/icecube/HE_Nu_Aske_Oct2024/PMTfied_filtered/Snowstorm/CC_CRclean_MuonLike/22011/3/PMTfied_14.parquet
2025-02-24 13:07:55 - INFO - Filtered PMTfied file saved to: /lustre/hpc/project/icecube/HE_Nu_Aske_Oct2024/PMTfied_filtered/Snowstorm/CC_CRclean_MuonLike/22011/3/PMTfied_18.parquet
2025-02-24 13:07:59 - INFO - Filtered PMTfied file saved to: /lustre/hpc/project/icecube/HE_Nu_Aske_Oct2024/PMTfied_filtered/Snowstorm/CC_CRclean_MuonLike/22011/3/PMTfied_8.parquet
2025-02-24 13:08:03 - INFO - Filtered PMTfied file saved to: /lustre/hpc/project/icecube/HE_Nu_Aske_Oct2024/PMTfied_filtered/Snowstorm/CC_CRclean_MuonLike/22011/3/PMTfied_4.parquet
2025-02-24 13:08:07 - INFO - Filtered PMTfied file saved to: /lustre/hpc/project/icecube/HE_Nu_Aske_Oct2024/PMTfied_filtered/Snowstorm/CC_CRclean_MuonLike/22011/3/PMTfied_12.parquet
2025-02-24 13:08:13 - INFO - Filtered PMTfied file saved to: /lustre/hpc/project/icecube/HE_Nu_Aske_Oct2024/PMTfied_filtered/Snowstorm/CC_CRclean_MuonLike/22011/3/PMTfied_16.parquet
2025-02-24 13:08:20 - INFO - Filtered PMTfied file saved to: /lustre/hpc/project/icecube/HE_Nu_Aske_Oct2024/PMTfied_filtered/Snowstorm/CC_CRclean_MuonLike/22011/3/PMTfied_6.parquet
2025-02-24 13:08:24 - INFO - Filtered PMTfied file saved to: /lustre/hpc/project/icecube/HE_Nu_Aske_Oct2024/PMTfied_filtered/Snowstorm/CC_CRclean_MuonLike/22011/3/PMTfied_20.parquet
2025-02-24 13:08:28 - INFO - Filtered PMTfied file saved to: /lustre/hpc/project/icecube/HE_Nu_Aske_Oct2024/PMTfied_filtered/Snowstorm/CC_CRclean_MuonLike/22011/3/PMTfied_2.parquet
2025-02-24 13:08:28 - INFO - Filtered PMTfied file saved to: /lustre/hpc/project/icecube/HE_Nu_Aske_Oct2024/PMTfied_filtered/Snowstorm/CC_CRclean_MuonLike/22011/3/PMTfied_21.parquet
2025-02-24 13:08:32 - INFO - Filtered PMTfied file saved to: /lustre/hpc/project/icecube/HE_Nu_Aske_Oct2024/PMTfied_filtered/Snowstorm/CC_CRclean_MuonLike/22011/3/PMTfied_7.parquet
2025-02-24 13:08:36 - INFO - Filtered PMTfied file saved to: /lustre/hpc/project/icecube/HE_Nu_Aske_Oct2024/PMTfied_filtered/Snowstorm/CC_CRclean_MuonLike/22011/3/PMTfied_3.parquet
2025-02-24 13:08:40 - INFO - Filtered PMTfied file saved to: /lustre/hpc/project/icecube/HE_Nu_Aske_Oct2024/PMTfied_filtered/Snowstorm/CC_CRclean_MuonLike/22011/3/PMTfied_13.parquet
2025-02-24 13:08:44 - INFO - Filtered PMTfied file saved to: /lustre/hpc/project/icecube/HE_Nu_Aske_Oct2024/PMTfied_filtered/Snowstorm/CC_CRclean_MuonLike/22011/3/PMTfied_17.parquet
2025-02-24 13:08:44 - INFO - Filtering process completed.
2025-02-24 13:08:44 - INFO - Filtering process completed.
2025-02-24 13:08:44 - INFO - Unified receipt generated: /lustre/hpc/project/icecube/HE_Nu_Aske_Oct2024/PMTfied_filtered/Snowstorm/CC_CRclean_MuonLike/22011/[Receipt]22011_3.json
2025-02-24 13:08:44 - INFO - Filtering process completed.
Job completed at Mon Feb 24 01:08:45 PM CET 2025
