Starting job at Thu Feb 13 05:04:06 PM CET 2025
Running Filter_by_part.py for subdirectory 22011, part 2
2025-02-13 17:04:06 - INFO - Event filtering process starts...
2025-02-13 17:04:06 - INFO - Initialized Muon13Filter
2025-02-13 17:04:06 - INFO - Starting filtering process for 22011/2
2025-02-13 17:04:22 - INFO - Recalculated 'offset' column based on filtered 'N_doms' values.
2025-02-13 17:04:25 - INFO - Filtered truth file saved to: /lustre/hpc/project/icecube/HE_Nu_Aske_Oct2024/PMTfied_filtered/MuonLike/Snowstorm/22011/truth_2.parquet
2025-02-13 17:04:25 - INFO - Receipt file saved to: /lustre/hpc/project/icecube/HE_Nu_Aske_Oct2024/PMTfied_filtered/MuonLike/Snowstorm/22011/[Receipt]22011_2.json
2025-02-13 17:04:33 - INFO - Filtered PMTfied file saved to: /lustre/hpc/project/icecube/HE_Nu_Aske_Oct2024/PMTfied_filtered/MuonLike/Snowstorm/22011/2/PMTfied_19.parquet
2025-02-13 17:04:38 - INFO - Filtered PMTfied file saved to: /lustre/hpc/project/icecube/HE_Nu_Aske_Oct2024/PMTfied_filtered/MuonLike/Snowstorm/22011/2/PMTfied_15.parquet
2025-02-13 17:04:43 - INFO - Filtered PMTfied file saved to: /lustre/hpc/project/icecube/HE_Nu_Aske_Oct2024/PMTfied_filtered/MuonLike/Snowstorm/22011/2/PMTfied_11.parquet
2025-02-13 17:04:47 - INFO - Filtered PMTfied file saved to: /lustre/hpc/project/icecube/HE_Nu_Aske_Oct2024/PMTfied_filtered/MuonLike/Snowstorm/22011/2/PMTfied_9.parquet
2025-02-13 17:04:52 - INFO - Filtered PMTfied file saved to: /lustre/hpc/project/icecube/HE_Nu_Aske_Oct2024/PMTfied_filtered/MuonLike/Snowstorm/22011/2/PMTfied_1.parquet
2025-02-13 17:04:57 - INFO - Filtered PMTfied file saved to: /lustre/hpc/project/icecube/HE_Nu_Aske_Oct2024/PMTfied_filtered/MuonLike/Snowstorm/22011/2/PMTfied_5.parquet
2025-02-13 17:05:01 - INFO - Filtered PMTfied file saved to: /lustre/hpc/project/icecube/HE_Nu_Aske_Oct2024/PMTfied_filtered/MuonLike/Snowstorm/22011/2/PMTfied_14.parquet
2025-02-13 17:05:06 - INFO - Filtered PMTfied file saved to: /lustre/hpc/project/icecube/HE_Nu_Aske_Oct2024/PMTfied_filtered/MuonLike/Snowstorm/22011/2/PMTfied_10.parquet
2025-02-13 17:05:12 - INFO - Filtered PMTfied file saved to: /lustre/hpc/project/icecube/HE_Nu_Aske_Oct2024/PMTfied_filtered/MuonLike/Snowstorm/22011/2/PMTfied_18.parquet
2025-02-13 17:05:16 - INFO - Filtered PMTfied file saved to: /lustre/hpc/project/icecube/HE_Nu_Aske_Oct2024/PMTfied_filtered/MuonLike/Snowstorm/22011/2/PMTfied_4.parquet
2025-02-13 17:05:21 - INFO - Filtered PMTfied file saved to: /lustre/hpc/project/icecube/HE_Nu_Aske_Oct2024/PMTfied_filtered/MuonLike/Snowstorm/22011/2/PMTfied_8.parquet
2025-02-13 17:05:27 - INFO - Filtered PMTfied file saved to: /lustre/hpc/project/icecube/HE_Nu_Aske_Oct2024/PMTfied_filtered/MuonLike/Snowstorm/22011/2/PMTfied_2.parquet
2025-02-13 17:05:32 - INFO - Filtered PMTfied file saved to: /lustre/hpc/project/icecube/HE_Nu_Aske_Oct2024/PMTfied_filtered/MuonLike/Snowstorm/22011/2/PMTfied_6.parquet
2025-02-13 17:05:36 - INFO - Filtered PMTfied file saved to: /lustre/hpc/project/icecube/HE_Nu_Aske_Oct2024/PMTfied_filtered/MuonLike/Snowstorm/22011/2/PMTfied_16.parquet
2025-02-13 17:05:41 - INFO - Filtered PMTfied file saved to: /lustre/hpc/project/icecube/HE_Nu_Aske_Oct2024/PMTfied_filtered/MuonLike/Snowstorm/22011/2/PMTfied_12.parquet
2025-02-13 17:05:47 - INFO - Filtered PMTfied file saved to: /lustre/hpc/project/icecube/HE_Nu_Aske_Oct2024/PMTfied_filtered/MuonLike/Snowstorm/22011/2/PMTfied_20.parquet
2025-02-13 17:05:48 - INFO - Filtered PMTfied file saved to: /lustre/hpc/project/icecube/HE_Nu_Aske_Oct2024/PMTfied_filtered/MuonLike/Snowstorm/22011/2/PMTfied_21.parquet
2025-02-13 17:05:52 - INFO - Filtered PMTfied file saved to: /lustre/hpc/project/icecube/HE_Nu_Aske_Oct2024/PMTfied_filtered/MuonLike/Snowstorm/22011/2/PMTfied_3.parquet
2025-02-13 17:05:57 - INFO - Filtered PMTfied file saved to: /lustre/hpc/project/icecube/HE_Nu_Aske_Oct2024/PMTfied_filtered/MuonLike/Snowstorm/22011/2/PMTfied_7.parquet
2025-02-13 17:06:01 - INFO - Filtered PMTfied file saved to: /lustre/hpc/project/icecube/HE_Nu_Aske_Oct2024/PMTfied_filtered/MuonLike/Snowstorm/22011/2/PMTfied_17.parquet
2025-02-13 17:06:06 - INFO - Filtered PMTfied file saved to: /lustre/hpc/project/icecube/HE_Nu_Aske_Oct2024/PMTfied_filtered/MuonLike/Snowstorm/22011/2/PMTfied_13.parquet
2025-02-13 17:06:06 - INFO - Filtering process completed.
2025-02-13 17:06:06 - INFO - Filtering process completed for all selected filters.
2025-02-13 17:06:06 - INFO - Execution time: 119.78 seconds
2025-02-13 17:06:06 - INFO - Updated receipt with execution time: /lustre/hpc/project/icecube/HE_Nu_Aske_Oct2024/PMTfied_filtered/MuonLike/Snowstorm/22011/[Receipt]22011_2.json
Job completed at Thu Feb 13 05:06:06 PM CET 2025
