Starting job at Sat Feb 15 12:08:22 PM CET 2025
Running Filter_by_part.py for subdirectory 22011, part 3
2025-02-15 12:08:23 - INFO - Event filtering process starts...
2025-02-15 12:08:23 - INFO - Initialized PureNeutrinoEventFilter filter for 22011/3
2025-02-15 12:08:24 - INFO - Loaded 5 event specifier files from /lustre/hpc/project/icecube/HE_Nu_Aske_Oct2024/clean_events_dict/22011/22011/reduced
2025-02-15 12:08:24 - INFO - Selected 3 CSV files covering event range [26, 2237]
2025-02-15 12:08:29 - INFO - Loaded 3473688 valid (RunID, EventID) pairs from CSV files
2025-02-15 12:08:30 - INFO - Extracted 304433 valid events based on pure neutrino events.
2025-02-15 12:08:31 - INFO - Initialized CompositeEventFilter filter for 22011/3
2025-02-15 12:08:31 - INFO - Initialized (PureNu)
2025-02-15 12:08:31 - INFO - Starting filtering process for 22011/3
2025-02-15 12:08:31 - INFO - Starting filtering process for 22011/3
2025-02-15 12:08:43 - INFO - Recalculated 'offset' column based on filtered 'N_doms' values.
2025-02-15 12:08:45 - INFO - Filtered truth file saved to: /lustre/hpc/project/icecube/HE_Nu_Aske_Oct2024/PMTfied_filtered/Snowstorm/PureNu/22011/truth_3.parquet
2025-02-15 12:08:51 - INFO - Filtered PMTfied file saved to: /lustre/hpc/project/icecube/HE_Nu_Aske_Oct2024/PMTfied_filtered/Snowstorm/PureNu/22011/3/PMTfied_5.parquet
2025-02-15 12:08:55 - INFO - Filtered PMTfied file saved to: /lustre/hpc/project/icecube/HE_Nu_Aske_Oct2024/PMTfied_filtered/Snowstorm/PureNu/22011/3/PMTfied_1.parquet
2025-02-15 12:08:59 - INFO - Filtered PMTfied file saved to: /lustre/hpc/project/icecube/HE_Nu_Aske_Oct2024/PMTfied_filtered/Snowstorm/PureNu/22011/3/PMTfied_9.parquet
2025-02-15 12:09:03 - INFO - Filtered PMTfied file saved to: /lustre/hpc/project/icecube/HE_Nu_Aske_Oct2024/PMTfied_filtered/Snowstorm/PureNu/22011/3/PMTfied_19.parquet
2025-02-15 12:09:07 - INFO - Filtered PMTfied file saved to: /lustre/hpc/project/icecube/HE_Nu_Aske_Oct2024/PMTfied_filtered/Snowstorm/PureNu/22011/3/PMTfied_11.parquet
2025-02-15 12:09:10 - INFO - Filtered PMTfied file saved to: /lustre/hpc/project/icecube/HE_Nu_Aske_Oct2024/PMTfied_filtered/Snowstorm/PureNu/22011/3/PMTfied_15.parquet
2025-02-15 12:09:14 - INFO - Filtered PMTfied file saved to: /lustre/hpc/project/icecube/HE_Nu_Aske_Oct2024/PMTfied_filtered/Snowstorm/PureNu/22011/3/PMTfied_10.parquet
2025-02-15 12:09:18 - INFO - Filtered PMTfied file saved to: /lustre/hpc/project/icecube/HE_Nu_Aske_Oct2024/PMTfied_filtered/Snowstorm/PureNu/22011/3/PMTfied_14.parquet
2025-02-15 12:09:22 - INFO - Filtered PMTfied file saved to: /lustre/hpc/project/icecube/HE_Nu_Aske_Oct2024/PMTfied_filtered/Snowstorm/PureNu/22011/3/PMTfied_18.parquet
2025-02-15 12:09:26 - INFO - Filtered PMTfied file saved to: /lustre/hpc/project/icecube/HE_Nu_Aske_Oct2024/PMTfied_filtered/Snowstorm/PureNu/22011/3/PMTfied_8.parquet
2025-02-15 12:09:29 - INFO - Filtered PMTfied file saved to: /lustre/hpc/project/icecube/HE_Nu_Aske_Oct2024/PMTfied_filtered/Snowstorm/PureNu/22011/3/PMTfied_4.parquet
2025-02-15 12:09:33 - INFO - Filtered PMTfied file saved to: /lustre/hpc/project/icecube/HE_Nu_Aske_Oct2024/PMTfied_filtered/Snowstorm/PureNu/22011/3/PMTfied_12.parquet
2025-02-15 12:09:37 - INFO - Filtered PMTfied file saved to: /lustre/hpc/project/icecube/HE_Nu_Aske_Oct2024/PMTfied_filtered/Snowstorm/PureNu/22011/3/PMTfied_16.parquet
2025-02-15 12:09:41 - INFO - Filtered PMTfied file saved to: /lustre/hpc/project/icecube/HE_Nu_Aske_Oct2024/PMTfied_filtered/Snowstorm/PureNu/22011/3/PMTfied_6.parquet
2025-02-15 12:09:46 - INFO - Filtered PMTfied file saved to: /lustre/hpc/project/icecube/HE_Nu_Aske_Oct2024/PMTfied_filtered/Snowstorm/PureNu/22011/3/PMTfied_20.parquet
2025-02-15 12:09:50 - INFO - Filtered PMTfied file saved to: /lustre/hpc/project/icecube/HE_Nu_Aske_Oct2024/PMTfied_filtered/Snowstorm/PureNu/22011/3/PMTfied_2.parquet
2025-02-15 12:09:51 - INFO - Filtered PMTfied file saved to: /lustre/hpc/project/icecube/HE_Nu_Aske_Oct2024/PMTfied_filtered/Snowstorm/PureNu/22011/3/PMTfied_21.parquet
2025-02-15 12:09:55 - INFO - Filtered PMTfied file saved to: /lustre/hpc/project/icecube/HE_Nu_Aske_Oct2024/PMTfied_filtered/Snowstorm/PureNu/22011/3/PMTfied_7.parquet
2025-02-15 12:09:59 - INFO - Filtered PMTfied file saved to: /lustre/hpc/project/icecube/HE_Nu_Aske_Oct2024/PMTfied_filtered/Snowstorm/PureNu/22011/3/PMTfied_3.parquet
2025-02-15 12:10:02 - INFO - Filtered PMTfied file saved to: /lustre/hpc/project/icecube/HE_Nu_Aske_Oct2024/PMTfied_filtered/Snowstorm/PureNu/22011/3/PMTfied_13.parquet
2025-02-15 12:10:06 - INFO - Filtered PMTfied file saved to: /lustre/hpc/project/icecube/HE_Nu_Aske_Oct2024/PMTfied_filtered/Snowstorm/PureNu/22011/3/PMTfied_17.parquet
2025-02-15 12:10:06 - INFO - Filtering process completed.
2025-02-15 12:10:06 - INFO - Filtering process completed.
2025-02-15 12:10:06 - INFO - Unified receipt generated: /lustre/hpc/project/icecube/HE_Nu_Aske_Oct2024/PMTfied_filtered/Snowstorm/PureNu/22011/[Receipt]22011_3.json
2025-02-15 12:10:06 - INFO - Filtering process completed.
Job completed at Sat Feb 15 12:10:06 PM CET 2025
