Starting job at Mon Feb 24 01:06:36 PM CET 2025
Running Filter_by_part.py for subdirectory 22011, part 5
2025-02-24 13:06:38 - INFO - Event filtering process starts...
2025-02-24 13:06:38 - INFO - Initialized PureNeutrinoEventFilter filter for 22011/5
2025-02-24 13:06:45 - INFO - Loaded 5 event specifier files from /lustre/hpc/project/icecube/HE_Nu_Aske_Oct2024/clean_events_dict/22011/22011/reduced
2025-02-24 13:06:45 - INFO - Selected 3 CSV files covering event range [1184, 3369]
2025-02-24 13:06:51 - INFO - Loaded 3472876 valid (RunID, EventID) pairs from CSV files
2025-02-24 13:06:52 - INFO - Extracted 302972 valid events based on pure neutrino events.
2025-02-24 13:06:53 - INFO - Initialized Muon13Filter filter for 22011/5
2025-02-24 13:06:53 - INFO - Extracted 320113 valid events where MuonFilter_13==True.
2025-02-24 13:06:53 - INFO - Initialized CCFilter filter for 22011/5
2025-02-24 13:06:53 - INFO - Extracted 362091 valid events which are CC interactions.
2025-02-24 13:06:53 - INFO - Initialized CompositeEventFilter filter for 22011/5
2025-02-24 13:06:53 - INFO - Initialized (CC_CRclean_MuonLike)
2025-02-24 13:06:53 - INFO - Starting filtering process for 22011/5
2025-02-24 13:06:53 - INFO - Starting filtering process for 22011/5
2025-02-24 13:07:09 - INFO - Recalculated 'offset' column based on 'N_doms' values within each 'shard_no' group.
2025-02-24 13:07:12 - INFO - Filtered truth file saved to: /lustre/hpc/project/icecube/HE_Nu_Aske_Oct2024/PMTfied_filtered/Snowstorm/CC_CRclean_MuonLike/22011/truth_5.parquet
2025-02-24 13:07:16 - INFO - Filtered PMTfied file saved to: /lustre/hpc/project/icecube/HE_Nu_Aske_Oct2024/PMTfied_filtered/Snowstorm/CC_CRclean_MuonLike/22011/5/PMTfied_7.parquet
2025-02-24 13:07:20 - INFO - Filtered PMTfied file saved to: /lustre/hpc/project/icecube/HE_Nu_Aske_Oct2024/PMTfied_filtered/Snowstorm/CC_CRclean_MuonLike/22011/5/PMTfied_3.parquet
2025-02-24 13:07:24 - INFO - Filtered PMTfied file saved to: /lustre/hpc/project/icecube/HE_Nu_Aske_Oct2024/PMTfied_filtered/Snowstorm/CC_CRclean_MuonLike/22011/5/PMTfied_18.parquet
2025-02-24 13:07:28 - INFO - Filtered PMTfied file saved to: /lustre/hpc/project/icecube/HE_Nu_Aske_Oct2024/PMTfied_filtered/Snowstorm/CC_CRclean_MuonLike/22011/5/PMTfied_10.parquet
2025-02-24 13:07:31 - INFO - Filtered PMTfied file saved to: /lustre/hpc/project/icecube/HE_Nu_Aske_Oct2024/PMTfied_filtered/Snowstorm/CC_CRclean_MuonLike/22011/5/PMTfied_14.parquet
2025-02-24 13:07:39 - INFO - Filtered PMTfied file saved to: /lustre/hpc/project/icecube/HE_Nu_Aske_Oct2024/PMTfied_filtered/Snowstorm/CC_CRclean_MuonLike/22011/5/PMTfied_11.parquet
2025-02-24 13:07:43 - INFO - Filtered PMTfied file saved to: /lustre/hpc/project/icecube/HE_Nu_Aske_Oct2024/PMTfied_filtered/Snowstorm/CC_CRclean_MuonLike/22011/5/PMTfied_15.parquet
2025-02-24 13:07:46 - INFO - Filtered PMTfied file saved to: /lustre/hpc/project/icecube/HE_Nu_Aske_Oct2024/PMTfied_filtered/Snowstorm/CC_CRclean_MuonLike/22011/5/PMTfied_6.parquet
2025-02-24 13:07:50 - INFO - Filtered PMTfied file saved to: /lustre/hpc/project/icecube/HE_Nu_Aske_Oct2024/PMTfied_filtered/Snowstorm/CC_CRclean_MuonLike/22011/5/PMTfied_2.parquet
2025-02-24 13:07:54 - INFO - Filtered PMTfied file saved to: /lustre/hpc/project/icecube/HE_Nu_Aske_Oct2024/PMTfied_filtered/Snowstorm/CC_CRclean_MuonLike/22011/5/PMTfied_19.parquet
2025-02-24 13:07:54 - INFO - Filtered PMTfied file saved to: /lustre/hpc/project/icecube/HE_Nu_Aske_Oct2024/PMTfied_filtered/Snowstorm/CC_CRclean_MuonLike/22011/5/PMTfied_21.parquet
2025-02-24 13:07:58 - INFO - Filtered PMTfied file saved to: /lustre/hpc/project/icecube/HE_Nu_Aske_Oct2024/PMTfied_filtered/Snowstorm/CC_CRclean_MuonLike/22011/5/PMTfied_8.parquet
2025-02-24 13:08:01 - INFO - Filtered PMTfied file saved to: /lustre/hpc/project/icecube/HE_Nu_Aske_Oct2024/PMTfied_filtered/Snowstorm/CC_CRclean_MuonLike/22011/5/PMTfied_13.parquet
2025-02-24 13:08:05 - INFO - Filtered PMTfied file saved to: /lustre/hpc/project/icecube/HE_Nu_Aske_Oct2024/PMTfied_filtered/Snowstorm/CC_CRclean_MuonLike/22011/5/PMTfied_17.parquet
2025-02-24 13:08:11 - INFO - Filtered PMTfied file saved to: /lustre/hpc/project/icecube/HE_Nu_Aske_Oct2024/PMTfied_filtered/Snowstorm/CC_CRclean_MuonLike/22011/5/PMTfied_4.parquet
2025-02-24 13:08:15 - INFO - Filtered PMTfied file saved to: /lustre/hpc/project/icecube/HE_Nu_Aske_Oct2024/PMTfied_filtered/Snowstorm/CC_CRclean_MuonLike/22011/5/PMTfied_5.parquet
2025-02-24 13:08:21 - INFO - Filtered PMTfied file saved to: /lustre/hpc/project/icecube/HE_Nu_Aske_Oct2024/PMTfied_filtered/Snowstorm/CC_CRclean_MuonLike/22011/5/PMTfied_1.parquet
2025-02-24 13:08:25 - INFO - Filtered PMTfied file saved to: /lustre/hpc/project/icecube/HE_Nu_Aske_Oct2024/PMTfied_filtered/Snowstorm/CC_CRclean_MuonLike/22011/5/PMTfied_9.parquet
2025-02-24 13:08:29 - INFO - Filtered PMTfied file saved to: /lustre/hpc/project/icecube/HE_Nu_Aske_Oct2024/PMTfied_filtered/Snowstorm/CC_CRclean_MuonLike/22011/5/PMTfied_12.parquet
2025-02-24 13:08:33 - INFO - Filtered PMTfied file saved to: /lustre/hpc/project/icecube/HE_Nu_Aske_Oct2024/PMTfied_filtered/Snowstorm/CC_CRclean_MuonLike/22011/5/PMTfied_16.parquet
2025-02-24 13:08:36 - INFO - Filtered PMTfied file saved to: /lustre/hpc/project/icecube/HE_Nu_Aske_Oct2024/PMTfied_filtered/Snowstorm/CC_CRclean_MuonLike/22011/5/PMTfied_20.parquet
2025-02-24 13:08:36 - INFO - Filtering process completed.
2025-02-24 13:08:36 - INFO - Filtering process completed.
2025-02-24 13:08:36 - INFO - Unified receipt generated: /lustre/hpc/project/icecube/HE_Nu_Aske_Oct2024/PMTfied_filtered/Snowstorm/CC_CRclean_MuonLike/22011/[Receipt]22011_5.json
2025-02-24 13:08:36 - INFO - Filtering process completed.
Job completed at Mon Feb 24 01:08:37 PM CET 2025
