Starting job at Sat Feb 15 12:54:33 PM CET 2025
Running Filter_by_part.py for subdirectory 22011, part 6
2025-02-15 12:54:35 - INFO - Event filtering process starts...
2025-02-15 12:54:35 - INFO - Initialized Muon13Filter filter for 22011/6
2025-02-15 12:54:37 - INFO - Extracted 319871 valid events where MuonFilter_13==True.
2025-02-15 12:54:37 - INFO - Initialized CompositeEventFilter filter for 22011/6
2025-02-15 12:54:37 - INFO - Initialized (MuonLike)
2025-02-15 12:54:37 - INFO - Starting filtering process for 22011/6
2025-02-15 12:54:37 - INFO - Starting filtering process for 22011/6
2025-02-15 12:54:50 - INFO - Recalculated 'offset' column based on filtered 'N_doms' values.
2025-02-15 12:54:52 - INFO - Filtered truth file saved to: /lustre/hpc/project/icecube/HE_Nu_Aske_Oct2024/PMTfied_filtered/Snowstorm/MuonLike/22011/truth_6.parquet
2025-02-15 12:54:57 - INFO - Filtered PMTfied file saved to: /lustre/hpc/project/icecube/HE_Nu_Aske_Oct2024/PMTfied_filtered/Snowstorm/MuonLike/22011/6/PMTfied_10.parquet
2025-02-15 12:55:01 - INFO - Filtered PMTfied file saved to: /lustre/hpc/project/icecube/HE_Nu_Aske_Oct2024/PMTfied_filtered/Snowstorm/MuonLike/22011/6/PMTfied_14.parquet
2025-02-15 12:55:06 - INFO - Filtered PMTfied file saved to: /lustre/hpc/project/icecube/HE_Nu_Aske_Oct2024/PMTfied_filtered/Snowstorm/MuonLike/22011/6/PMTfied_18.parquet
2025-02-15 12:55:11 - INFO - Filtered PMTfied file saved to: /lustre/hpc/project/icecube/HE_Nu_Aske_Oct2024/PMTfied_filtered/Snowstorm/MuonLike/22011/6/PMTfied_9.parquet
2025-02-15 12:55:16 - INFO - Filtered PMTfied file saved to: /lustre/hpc/project/icecube/HE_Nu_Aske_Oct2024/PMTfied_filtered/Snowstorm/MuonLike/22011/6/PMTfied_1.parquet
2025-02-15 12:55:20 - INFO - Filtered PMTfied file saved to: /lustre/hpc/project/icecube/HE_Nu_Aske_Oct2024/PMTfied_filtered/Snowstorm/MuonLike/22011/6/PMTfied_5.parquet
2025-02-15 12:55:24 - INFO - Filtered PMTfied file saved to: /lustre/hpc/project/icecube/HE_Nu_Aske_Oct2024/PMTfied_filtered/Snowstorm/MuonLike/22011/6/PMTfied_4.parquet
2025-02-15 12:55:28 - INFO - Filtered PMTfied file saved to: /lustre/hpc/project/icecube/HE_Nu_Aske_Oct2024/PMTfied_filtered/Snowstorm/MuonLike/22011/6/PMTfied_8.parquet
2025-02-15 12:55:34 - INFO - Filtered PMTfied file saved to: /lustre/hpc/project/icecube/HE_Nu_Aske_Oct2024/PMTfied_filtered/Snowstorm/MuonLike/22011/6/PMTfied_19.parquet
2025-02-15 12:55:38 - INFO - Filtered PMTfied file saved to: /lustre/hpc/project/icecube/HE_Nu_Aske_Oct2024/PMTfied_filtered/Snowstorm/MuonLike/22011/6/PMTfied_11.parquet
2025-02-15 12:55:42 - INFO - Filtered PMTfied file saved to: /lustre/hpc/project/icecube/HE_Nu_Aske_Oct2024/PMTfied_filtered/Snowstorm/MuonLike/22011/6/PMTfied_15.parquet
2025-02-15 12:55:46 - INFO - Filtered PMTfied file saved to: /lustre/hpc/project/icecube/HE_Nu_Aske_Oct2024/PMTfied_filtered/Snowstorm/MuonLike/22011/6/PMTfied_2.parquet
2025-02-15 12:55:52 - INFO - Filtered PMTfied file saved to: /lustre/hpc/project/icecube/HE_Nu_Aske_Oct2024/PMTfied_filtered/Snowstorm/MuonLike/22011/6/PMTfied_6.parquet
2025-02-15 12:55:52 - INFO - Filtered PMTfied file saved to: /lustre/hpc/project/icecube/HE_Nu_Aske_Oct2024/PMTfied_filtered/Snowstorm/MuonLike/22011/6/PMTfied_21.parquet
2025-02-15 12:55:56 - INFO - Filtered PMTfied file saved to: /lustre/hpc/project/icecube/HE_Nu_Aske_Oct2024/PMTfied_filtered/Snowstorm/MuonLike/22011/6/PMTfied_13.parquet
2025-02-15 12:56:00 - INFO - Filtered PMTfied file saved to: /lustre/hpc/project/icecube/HE_Nu_Aske_Oct2024/PMTfied_filtered/Snowstorm/MuonLike/22011/6/PMTfied_17.parquet
2025-02-15 12:56:04 - INFO - Filtered PMTfied file saved to: /lustre/hpc/project/icecube/HE_Nu_Aske_Oct2024/PMTfied_filtered/Snowstorm/MuonLike/22011/6/PMTfied_12.parquet
2025-02-15 12:56:08 - INFO - Filtered PMTfied file saved to: /lustre/hpc/project/icecube/HE_Nu_Aske_Oct2024/PMTfied_filtered/Snowstorm/MuonLike/22011/6/PMTfied_16.parquet
2025-02-15 12:56:12 - INFO - Filtered PMTfied file saved to: /lustre/hpc/project/icecube/HE_Nu_Aske_Oct2024/PMTfied_filtered/Snowstorm/MuonLike/22011/6/PMTfied_3.parquet
2025-02-15 12:56:17 - INFO - Filtered PMTfied file saved to: /lustre/hpc/project/icecube/HE_Nu_Aske_Oct2024/PMTfied_filtered/Snowstorm/MuonLike/22011/6/PMTfied_7.parquet
2025-02-15 12:56:21 - INFO - Filtered PMTfied file saved to: /lustre/hpc/project/icecube/HE_Nu_Aske_Oct2024/PMTfied_filtered/Snowstorm/MuonLike/22011/6/PMTfied_20.parquet
2025-02-15 12:56:21 - INFO - Filtering process completed.
2025-02-15 12:56:21 - INFO - Filtering process completed.
2025-02-15 12:56:21 - INFO - Unified receipt generated: /lustre/hpc/project/icecube/HE_Nu_Aske_Oct2024/PMTfied_filtered/Snowstorm/MuonLike/22011/[Receipt]22011_6.json
2025-02-15 12:56:21 - INFO - Filtering process completed.
Job completed at Sat Feb 15 12:56:21 PM CET 2025
