Starting job at Mon Feb 17 03:56:24 PM CET 2025
Running Filter_by_part.py for subdirectory 22011, part 5
2025-02-17 15:56:25 - INFO - Event filtering process starts...
2025-02-17 15:56:25 - INFO - Initialized PureNeutrinoEventFilter filter for 22011/5
2025-02-17 15:56:26 - INFO - Loaded 5 event specifier files from /lustre/hpc/project/icecube/HE_Nu_Aske_Oct2024/clean_events_dict/22011/22011/reduced
2025-02-17 15:56:26 - INFO - Selected 3 CSV files covering event range [1184, 3369]
2025-02-17 15:56:31 - INFO - Loaded 3472876 valid (RunID, EventID) pairs from CSV files
2025-02-17 15:56:32 - INFO - Extracted 302972 valid events based on pure neutrino events.
2025-02-17 15:56:33 - INFO - Initialized CompositeEventFilter filter for 22011/5
2025-02-17 15:56:33 - INFO - Initialized (PureNu)
2025-02-17 15:56:33 - INFO - Starting filtering process for 22011/5
2025-02-17 15:56:33 - INFO - Starting filtering process for 22011/5
2025-02-17 15:56:45 - INFO - Recalculated 'offset' column based on 'N_doms' values within each 'shard_no' group.
2025-02-17 15:56:48 - INFO - Filtered truth file saved to: /lustre/hpc/project/icecube/HE_Nu_Aske_Oct2024/PMTfied_filtered/Snowstorm/PureNu/22011/truth_5.parquet
2025-02-17 15:56:51 - INFO - Filtered PMTfied file saved to: /lustre/hpc/project/icecube/HE_Nu_Aske_Oct2024/PMTfied_filtered/Snowstorm/PureNu/22011/5/PMTfied_7.parquet
2025-02-17 15:56:55 - INFO - Filtered PMTfied file saved to: /lustre/hpc/project/icecube/HE_Nu_Aske_Oct2024/PMTfied_filtered/Snowstorm/PureNu/22011/5/PMTfied_3.parquet
2025-02-17 15:56:59 - INFO - Filtered PMTfied file saved to: /lustre/hpc/project/icecube/HE_Nu_Aske_Oct2024/PMTfied_filtered/Snowstorm/PureNu/22011/5/PMTfied_18.parquet
2025-02-17 15:57:03 - INFO - Filtered PMTfied file saved to: /lustre/hpc/project/icecube/HE_Nu_Aske_Oct2024/PMTfied_filtered/Snowstorm/PureNu/22011/5/PMTfied_10.parquet
2025-02-17 15:57:07 - INFO - Filtered PMTfied file saved to: /lustre/hpc/project/icecube/HE_Nu_Aske_Oct2024/PMTfied_filtered/Snowstorm/PureNu/22011/5/PMTfied_14.parquet
2025-02-17 15:57:11 - INFO - Filtered PMTfied file saved to: /lustre/hpc/project/icecube/HE_Nu_Aske_Oct2024/PMTfied_filtered/Snowstorm/PureNu/22011/5/PMTfied_11.parquet
2025-02-17 15:57:15 - INFO - Filtered PMTfied file saved to: /lustre/hpc/project/icecube/HE_Nu_Aske_Oct2024/PMTfied_filtered/Snowstorm/PureNu/22011/5/PMTfied_15.parquet
2025-02-17 15:57:18 - INFO - Filtered PMTfied file saved to: /lustre/hpc/project/icecube/HE_Nu_Aske_Oct2024/PMTfied_filtered/Snowstorm/PureNu/22011/5/PMTfied_6.parquet
2025-02-17 15:57:22 - INFO - Filtered PMTfied file saved to: /lustre/hpc/project/icecube/HE_Nu_Aske_Oct2024/PMTfied_filtered/Snowstorm/PureNu/22011/5/PMTfied_2.parquet
2025-02-17 15:57:26 - INFO - Filtered PMTfied file saved to: /lustre/hpc/project/icecube/HE_Nu_Aske_Oct2024/PMTfied_filtered/Snowstorm/PureNu/22011/5/PMTfied_19.parquet
2025-02-17 15:57:27 - INFO - Filtered PMTfied file saved to: /lustre/hpc/project/icecube/HE_Nu_Aske_Oct2024/PMTfied_filtered/Snowstorm/PureNu/22011/5/PMTfied_21.parquet
2025-02-17 15:57:30 - INFO - Filtered PMTfied file saved to: /lustre/hpc/project/icecube/HE_Nu_Aske_Oct2024/PMTfied_filtered/Snowstorm/PureNu/22011/5/PMTfied_8.parquet
2025-02-17 15:57:34 - INFO - Filtered PMTfied file saved to: /lustre/hpc/project/icecube/HE_Nu_Aske_Oct2024/PMTfied_filtered/Snowstorm/PureNu/22011/5/PMTfied_13.parquet
2025-02-17 15:57:38 - INFO - Filtered PMTfied file saved to: /lustre/hpc/project/icecube/HE_Nu_Aske_Oct2024/PMTfied_filtered/Snowstorm/PureNu/22011/5/PMTfied_17.parquet
2025-02-17 15:57:42 - INFO - Filtered PMTfied file saved to: /lustre/hpc/project/icecube/HE_Nu_Aske_Oct2024/PMTfied_filtered/Snowstorm/PureNu/22011/5/PMTfied_4.parquet
2025-02-17 15:57:46 - INFO - Filtered PMTfied file saved to: /lustre/hpc/project/icecube/HE_Nu_Aske_Oct2024/PMTfied_filtered/Snowstorm/PureNu/22011/5/PMTfied_5.parquet
2025-02-17 15:57:55 - INFO - Filtered PMTfied file saved to: /lustre/hpc/project/icecube/HE_Nu_Aske_Oct2024/PMTfied_filtered/Snowstorm/PureNu/22011/5/PMTfied_1.parquet
2025-02-17 15:57:58 - INFO - Filtered PMTfied file saved to: /lustre/hpc/project/icecube/HE_Nu_Aske_Oct2024/PMTfied_filtered/Snowstorm/PureNu/22011/5/PMTfied_9.parquet
2025-02-17 15:58:02 - INFO - Filtered PMTfied file saved to: /lustre/hpc/project/icecube/HE_Nu_Aske_Oct2024/PMTfied_filtered/Snowstorm/PureNu/22011/5/PMTfied_12.parquet
2025-02-17 15:58:06 - INFO - Filtered PMTfied file saved to: /lustre/hpc/project/icecube/HE_Nu_Aske_Oct2024/PMTfied_filtered/Snowstorm/PureNu/22011/5/PMTfied_16.parquet
2025-02-17 15:58:10 - INFO - Filtered PMTfied file saved to: /lustre/hpc/project/icecube/HE_Nu_Aske_Oct2024/PMTfied_filtered/Snowstorm/PureNu/22011/5/PMTfied_20.parquet
2025-02-17 15:58:10 - INFO - Filtering process completed.
2025-02-17 15:58:10 - INFO - Filtering process completed.
2025-02-17 15:58:10 - INFO - Unified receipt generated: /lustre/hpc/project/icecube/HE_Nu_Aske_Oct2024/PMTfied_filtered/Snowstorm/PureNu/22011/[Receipt]22011_5.json
2025-02-17 15:58:10 - INFO - Filtering process completed.
Job completed at Mon Feb 17 03:58:10 PM CET 2025
