Starting job at Mon Feb 17 04:08:05 PM CET 2025
Running Filter_by_part.py for subdirectory 22011, part 7
2025-02-17 16:08:05 - INFO - Event filtering process starts...
2025-02-17 16:08:05 - INFO - Initialized Muon13Filter filter for 22011/7
2025-02-17 16:08:06 - INFO - Extracted 321079 valid events where MuonFilter_13==True.
2025-02-17 16:08:06 - INFO - Initialized CompositeEventFilter filter for 22011/7
2025-02-17 16:08:06 - INFO - Initialized (MuonLike)
2025-02-17 16:08:06 - INFO - Starting filtering process for 22011/7
2025-02-17 16:08:06 - INFO - Starting filtering process for 22011/7
2025-02-17 16:08:12 - INFO - Recalculated 'offset' column based on 'N_doms' values within each 'shard_no' group.
2025-02-17 16:08:13 - INFO - Filtered truth file saved to: /lustre/hpc/project/icecube/HE_Nu_Aske_Oct2024/PMTfied_filtered/Snowstorm/MuonLike/22011/truth_7.parquet
2025-02-17 16:08:15 - INFO - Filtered PMTfied file saved to: /lustre/hpc/project/icecube/HE_Nu_Aske_Oct2024/PMTfied_filtered/Snowstorm/MuonLike/22011/7/PMTfied_17.parquet
2025-02-17 16:08:18 - INFO - Filtered PMTfied file saved to: /lustre/hpc/project/icecube/HE_Nu_Aske_Oct2024/PMTfied_filtered/Snowstorm/MuonLike/22011/7/PMTfied_13.parquet
2025-02-17 16:08:20 - INFO - Filtered PMTfied file saved to: /lustre/hpc/project/icecube/HE_Nu_Aske_Oct2024/PMTfied_filtered/Snowstorm/MuonLike/22011/7/PMTfied_2.parquet
2025-02-17 16:08:24 - INFO - Filtered PMTfied file saved to: /lustre/hpc/project/icecube/HE_Nu_Aske_Oct2024/PMTfied_filtered/Snowstorm/MuonLike/22011/7/PMTfied_6.parquet
2025-02-17 16:08:24 - INFO - Filtered PMTfied file saved to: /lustre/hpc/project/icecube/HE_Nu_Aske_Oct2024/PMTfied_filtered/Snowstorm/MuonLike/22011/7/PMTfied_21.parquet
2025-02-17 16:08:26 - INFO - Filtered PMTfied file saved to: /lustre/hpc/project/icecube/HE_Nu_Aske_Oct2024/PMTfied_filtered/Snowstorm/MuonLike/22011/7/PMTfied_3.parquet
2025-02-17 16:08:29 - INFO - Filtered PMTfied file saved to: /lustre/hpc/project/icecube/HE_Nu_Aske_Oct2024/PMTfied_filtered/Snowstorm/MuonLike/22011/7/PMTfied_7.parquet
2025-02-17 16:08:31 - INFO - Filtered PMTfied file saved to: /lustre/hpc/project/icecube/HE_Nu_Aske_Oct2024/PMTfied_filtered/Snowstorm/MuonLike/22011/7/PMTfied_20.parquet
2025-02-17 16:08:33 - INFO - Filtered PMTfied file saved to: /lustre/hpc/project/icecube/HE_Nu_Aske_Oct2024/PMTfied_filtered/Snowstorm/MuonLike/22011/7/PMTfied_16.parquet
2025-02-17 16:08:35 - INFO - Filtered PMTfied file saved to: /lustre/hpc/project/icecube/HE_Nu_Aske_Oct2024/PMTfied_filtered/Snowstorm/MuonLike/22011/7/PMTfied_12.parquet
2025-02-17 16:08:37 - INFO - Filtered PMTfied file saved to: /lustre/hpc/project/icecube/HE_Nu_Aske_Oct2024/PMTfied_filtered/Snowstorm/MuonLike/22011/7/PMTfied_9.parquet
2025-02-17 16:08:39 - INFO - Filtered PMTfied file saved to: /lustre/hpc/project/icecube/HE_Nu_Aske_Oct2024/PMTfied_filtered/Snowstorm/MuonLike/22011/7/PMTfied_1.parquet
2025-02-17 16:08:41 - INFO - Filtered PMTfied file saved to: /lustre/hpc/project/icecube/HE_Nu_Aske_Oct2024/PMTfied_filtered/Snowstorm/MuonLike/22011/7/PMTfied_5.parquet
2025-02-17 16:08:43 - INFO - Filtered PMTfied file saved to: /lustre/hpc/project/icecube/HE_Nu_Aske_Oct2024/PMTfied_filtered/Snowstorm/MuonLike/22011/7/PMTfied_18.parquet
2025-02-17 16:08:45 - INFO - Filtered PMTfied file saved to: /lustre/hpc/project/icecube/HE_Nu_Aske_Oct2024/PMTfied_filtered/Snowstorm/MuonLike/22011/7/PMTfied_14.parquet
2025-02-17 16:08:47 - INFO - Filtered PMTfied file saved to: /lustre/hpc/project/icecube/HE_Nu_Aske_Oct2024/PMTfied_filtered/Snowstorm/MuonLike/22011/7/PMTfied_10.parquet
2025-02-17 16:08:49 - INFO - Filtered PMTfied file saved to: /lustre/hpc/project/icecube/HE_Nu_Aske_Oct2024/PMTfied_filtered/Snowstorm/MuonLike/22011/7/PMTfied_15.parquet
2025-02-17 16:08:51 - INFO - Filtered PMTfied file saved to: /lustre/hpc/project/icecube/HE_Nu_Aske_Oct2024/PMTfied_filtered/Snowstorm/MuonLike/22011/7/PMTfied_11.parquet
2025-02-17 16:08:54 - INFO - Filtered PMTfied file saved to: /lustre/hpc/project/icecube/HE_Nu_Aske_Oct2024/PMTfied_filtered/Snowstorm/MuonLike/22011/7/PMTfied_19.parquet
2025-02-17 16:08:57 - INFO - Filtered PMTfied file saved to: /lustre/hpc/project/icecube/HE_Nu_Aske_Oct2024/PMTfied_filtered/Snowstorm/MuonLike/22011/7/PMTfied_4.parquet
2025-02-17 16:09:00 - INFO - Filtered PMTfied file saved to: /lustre/hpc/project/icecube/HE_Nu_Aske_Oct2024/PMTfied_filtered/Snowstorm/MuonLike/22011/7/PMTfied_8.parquet
2025-02-17 16:09:00 - INFO - Filtering process completed.
2025-02-17 16:09:00 - INFO - Filtering process completed.
2025-02-17 16:09:00 - INFO - Unified receipt generated: /lustre/hpc/project/icecube/HE_Nu_Aske_Oct2024/PMTfied_filtered/Snowstorm/MuonLike/22011/[Receipt]22011_7.json
2025-02-17 16:09:00 - INFO - Filtering process completed.
Job completed at Mon Feb 17 04:09:00 PM CET 2025
