Starting job at Mon Feb 17 04:15:01 PM CET 2025
Running Filter_by_part.py for subdirectory 22011, part 3
2025-02-17 16:15:01 - INFO - Event filtering process starts...
2025-02-17 16:15:01 - INFO - Initialized PureNeutrinoEventFilter filter for 22011/3
2025-02-17 16:15:02 - INFO - Loaded 5 event specifier files from /lustre/hpc/project/icecube/HE_Nu_Aske_Oct2024/clean_events_dict/22011/22011/reduced
2025-02-17 16:15:02 - INFO - Selected 3 CSV files covering event range [26, 2237]
2025-02-17 16:15:07 - INFO - Loaded 3473688 valid (RunID, EventID) pairs from CSV files
2025-02-17 16:15:08 - INFO - Extracted 304433 valid events based on pure neutrino events.
2025-02-17 16:15:09 - INFO - Initialized Muon13Filter filter for 22011/3
2025-02-17 16:15:10 - INFO - Extracted 320782 valid events where MuonFilter_13==True.
2025-02-17 16:15:10 - INFO - Initialized CompositeEventFilter filter for 22011/3
2025-02-17 16:15:10 - INFO - Initialized (MuonLike_PureNu)
2025-02-17 16:15:10 - INFO - Starting filtering process for 22011/3
2025-02-17 16:15:10 - INFO - Starting filtering process for 22011/3
2025-02-17 16:15:20 - INFO - Recalculated 'offset' column based on 'N_doms' values within each 'shard_no' group.
2025-02-17 16:15:22 - INFO - Filtered truth file saved to: /lustre/hpc/project/icecube/HE_Nu_Aske_Oct2024/PMTfied_filtered/Snowstorm/MuonLike_PureNu/22011/truth_3.parquet
2025-02-17 16:15:27 - INFO - Filtered PMTfied file saved to: /lustre/hpc/project/icecube/HE_Nu_Aske_Oct2024/PMTfied_filtered/Snowstorm/MuonLike_PureNu/22011/3/PMTfied_5.parquet
2025-02-17 16:15:31 - INFO - Filtered PMTfied file saved to: /lustre/hpc/project/icecube/HE_Nu_Aske_Oct2024/PMTfied_filtered/Snowstorm/MuonLike_PureNu/22011/3/PMTfied_1.parquet
2025-02-17 16:15:34 - INFO - Filtered PMTfied file saved to: /lustre/hpc/project/icecube/HE_Nu_Aske_Oct2024/PMTfied_filtered/Snowstorm/MuonLike_PureNu/22011/3/PMTfied_9.parquet
2025-02-17 16:15:38 - INFO - Filtered PMTfied file saved to: /lustre/hpc/project/icecube/HE_Nu_Aske_Oct2024/PMTfied_filtered/Snowstorm/MuonLike_PureNu/22011/3/PMTfied_19.parquet
2025-02-17 16:15:41 - INFO - Filtered PMTfied file saved to: /lustre/hpc/project/icecube/HE_Nu_Aske_Oct2024/PMTfied_filtered/Snowstorm/MuonLike_PureNu/22011/3/PMTfied_11.parquet
2025-02-17 16:15:45 - INFO - Filtered PMTfied file saved to: /lustre/hpc/project/icecube/HE_Nu_Aske_Oct2024/PMTfied_filtered/Snowstorm/MuonLike_PureNu/22011/3/PMTfied_15.parquet
2025-02-17 16:15:48 - INFO - Filtered PMTfied file saved to: /lustre/hpc/project/icecube/HE_Nu_Aske_Oct2024/PMTfied_filtered/Snowstorm/MuonLike_PureNu/22011/3/PMTfied_10.parquet
2025-02-17 16:15:52 - INFO - Filtered PMTfied file saved to: /lustre/hpc/project/icecube/HE_Nu_Aske_Oct2024/PMTfied_filtered/Snowstorm/MuonLike_PureNu/22011/3/PMTfied_14.parquet
2025-02-17 16:15:55 - INFO - Filtered PMTfied file saved to: /lustre/hpc/project/icecube/HE_Nu_Aske_Oct2024/PMTfied_filtered/Snowstorm/MuonLike_PureNu/22011/3/PMTfied_18.parquet
2025-02-17 16:16:01 - INFO - Filtered PMTfied file saved to: /lustre/hpc/project/icecube/HE_Nu_Aske_Oct2024/PMTfied_filtered/Snowstorm/MuonLike_PureNu/22011/3/PMTfied_8.parquet
2025-02-17 16:16:04 - INFO - Filtered PMTfied file saved to: /lustre/hpc/project/icecube/HE_Nu_Aske_Oct2024/PMTfied_filtered/Snowstorm/MuonLike_PureNu/22011/3/PMTfied_4.parquet
2025-02-17 16:16:08 - INFO - Filtered PMTfied file saved to: /lustre/hpc/project/icecube/HE_Nu_Aske_Oct2024/PMTfied_filtered/Snowstorm/MuonLike_PureNu/22011/3/PMTfied_12.parquet
2025-02-17 16:16:11 - INFO - Filtered PMTfied file saved to: /lustre/hpc/project/icecube/HE_Nu_Aske_Oct2024/PMTfied_filtered/Snowstorm/MuonLike_PureNu/22011/3/PMTfied_16.parquet
2025-02-17 16:16:15 - INFO - Filtered PMTfied file saved to: /lustre/hpc/project/icecube/HE_Nu_Aske_Oct2024/PMTfied_filtered/Snowstorm/MuonLike_PureNu/22011/3/PMTfied_6.parquet
2025-02-17 16:16:18 - INFO - Filtered PMTfied file saved to: /lustre/hpc/project/icecube/HE_Nu_Aske_Oct2024/PMTfied_filtered/Snowstorm/MuonLike_PureNu/22011/3/PMTfied_20.parquet
2025-02-17 16:16:22 - INFO - Filtered PMTfied file saved to: /lustre/hpc/project/icecube/HE_Nu_Aske_Oct2024/PMTfied_filtered/Snowstorm/MuonLike_PureNu/22011/3/PMTfied_2.parquet
2025-02-17 16:16:22 - INFO - Filtered PMTfied file saved to: /lustre/hpc/project/icecube/HE_Nu_Aske_Oct2024/PMTfied_filtered/Snowstorm/MuonLike_PureNu/22011/3/PMTfied_21.parquet
2025-02-17 16:16:26 - INFO - Filtered PMTfied file saved to: /lustre/hpc/project/icecube/HE_Nu_Aske_Oct2024/PMTfied_filtered/Snowstorm/MuonLike_PureNu/22011/3/PMTfied_7.parquet
2025-02-17 16:16:29 - INFO - Filtered PMTfied file saved to: /lustre/hpc/project/icecube/HE_Nu_Aske_Oct2024/PMTfied_filtered/Snowstorm/MuonLike_PureNu/22011/3/PMTfied_3.parquet
2025-02-17 16:16:33 - INFO - Filtered PMTfied file saved to: /lustre/hpc/project/icecube/HE_Nu_Aske_Oct2024/PMTfied_filtered/Snowstorm/MuonLike_PureNu/22011/3/PMTfied_13.parquet
2025-02-17 16:16:36 - INFO - Filtered PMTfied file saved to: /lustre/hpc/project/icecube/HE_Nu_Aske_Oct2024/PMTfied_filtered/Snowstorm/MuonLike_PureNu/22011/3/PMTfied_17.parquet
2025-02-17 16:16:36 - INFO - Filtering process completed.
2025-02-17 16:16:36 - INFO - Filtering process completed.
2025-02-17 16:16:36 - INFO - Unified receipt generated: /lustre/hpc/project/icecube/HE_Nu_Aske_Oct2024/PMTfied_filtered/Snowstorm/MuonLike_PureNu/22011/[Receipt]22011_3.json
2025-02-17 16:16:36 - INFO - Filtering process completed.
Job completed at Mon Feb 17 04:16:37 PM CET 2025
