Starting job at Thu Feb 13 05:42:10 PM CET 2025
Running Filter_by_part.py for subdirectory 22011, part 1
2025-02-13 17:42:12 - INFO - Event filtering process starts...
2025-02-13 17:42:12 - INFO - Initialized PureNeutrinoEventFilter
2025-02-13 17:42:12 - INFO - Starting filtering process for 22011/1
2025-02-13 17:42:14 - INFO - Loaded 5 event specifier files from /lustre/hpc/project/icecube/HE_Nu_Aske_Oct2024/clean_events_dict/22011/22011/reduced
2025-02-13 17:42:15 - INFO - Selected 2 CSV files covering event range [0, 1107]
2025-02-13 17:42:15 - ERROR - An error occurred: 'Field "RunID" does not exist in schema'
Traceback (most recent call last):
  File "/lustre/hpc/icecube/cyan/factory/DOMification/Selection/Filter_by_part.py", line 85, in <module>
    main()
  File "/lustre/hpc/icecube/cyan/factory/DOMification/Selection/Filter_by_part.py", line 81, in main
    run()
  File "/lustre/hpc/icecube/cyan/factory/DOMification/Selection/Filter_by_part.py", line 72, in run
    event_filter()
  File "/lustre/hpc/icecube/cyan/factory/DOMification/Selection/PureNeutrinoEventFilter.py", line 23, in __call__
    self._filter_truth()
  File "/lustre/hpc/icecube/cyan/factory/DOMification/Selection/EventFilter.py", line 129, in wrapper
    return method(*args, **kwargs)
  File "/lustre/hpc/icecube/cyan/factory/DOMification/Selection/PureNeutrinoEventFilter.py", line 38, in _filter_truth
    pure_neutrino_events = self._load_pure_neutrino_events(relevant_csvs)
  File "/lustre/hpc/icecube/cyan/factory/DOMification/Selection/PureNeutrinoEventFilter.py", line 81, in _load_pure_neutrino_events
    run_ids = table.column("RunID").to_pylist()
  File "pyarrow/table.pxi", line 1779, in pyarrow.lib._Tabular.column
  File "pyarrow/table.pxi", line 1715, in pyarrow.lib._Tabular._ensure_integer_index
KeyError: 'Field "RunID" does not exist in schema'
Job completed at Thu Feb 13 05:42:15 PM CET 2025
