Starting job at Thu Feb 13 04:07:57 PM CET 2025
Running Filter_by_part.py for subdirectory 22011, part 1
2025-02-13 16:07:57 - INFO - Event filtering process starts...
2025-02-13 16:07:57 - INFO - Applying MuonLike on subdirectory: 22011, part: 1
2025-02-13 16:07:57 - INFO - Initialized Muon13Filter
2025-02-13 16:07:57 - INFO - Starting filtering process for 22011/1
2025-02-13 16:07:57 - ERROR - Truth file not found: /lustre/hpc/project/icecube/HE_Nu_Aske_Oct2024/PMTfied/Snowstorm/22011/22011/truth_1.parquet
2025-02-13 16:07:57 - ERROR - An error occurred: [Errno 2] No such file or directory: '/lustre/hpc/project/icecube/HE_Nu_Aske_Oct2024/PMTfied/Snowstorm/22011/22011/1'
Traceback (most recent call last):
  File "/lustre/hpc/icecube/cyan/factory/DOMification/Selection/Filter_by_part.py", line 88, in <module>
    main()
  File "/lustre/hpc/icecube/cyan/factory/DOMification/Selection/Filter_by_part.py", line 84, in main
    run()
  File "/lustre/hpc/icecube/cyan/factory/DOMification/Selection/Filter_by_part.py", line 79, in run
    event_filter()
  File "/lustre/hpc/icecube/cyan/factory/DOMification/Selection/Muon13Filter.py", line 22, in __call__
    self._filter_shards()
  File "/lustre/hpc/icecube/cyan/factory/DOMification/Selection/EventFilter.py", line 56, in _filter_shards
    for file in os.listdir(source_pmtfied_dir):
FileNotFoundError: [Errno 2] No such file or directory: '/lustre/hpc/project/icecube/HE_Nu_Aske_Oct2024/PMTfied/Snowstorm/22011/22011/1'
Job completed at Thu Feb 13 04:07:57 PM CET 2025
