Starting job at Sat Feb 15 12:54:35 PM CET 2025
Running Filter_by_part.py for subdirectory 22011, part 4
2025-02-15 12:54:35 - INFO - Event filtering process starts...
2025-02-15 12:54:35 - INFO - Initialized Muon13Filter filter for 22011/4
2025-02-15 12:54:38 - INFO - Extracted 322664 valid events where MuonFilter_13==True.
2025-02-15 12:54:38 - INFO - Initialized CompositeEventFilter filter for 22011/4
2025-02-15 12:54:38 - INFO - Initialized (MuonLike)
2025-02-15 12:54:38 - INFO - Starting filtering process for 22011/4
2025-02-15 12:54:38 - INFO - Starting filtering process for 22011/4
2025-02-15 12:54:51 - INFO - Recalculated 'offset' column based on filtered 'N_doms' values.
2025-02-15 12:54:54 - INFO - Filtered truth file saved to: /lustre/hpc/project/icecube/HE_Nu_Aske_Oct2024/PMTfied_filtered/Snowstorm/MuonLike/22011/truth_4.parquet
2025-02-15 12:54:58 - INFO - Filtered PMTfied file saved to: /lustre/hpc/project/icecube/HE_Nu_Aske_Oct2024/PMTfied_filtered/Snowstorm/MuonLike/22011/4/PMTfied_7.parquet
2025-02-15 12:55:02 - INFO - Filtered PMTfied file saved to: /lustre/hpc/project/icecube/HE_Nu_Aske_Oct2024/PMTfied_filtered/Snowstorm/MuonLike/22011/4/PMTfied_3.parquet
2025-02-15 12:55:06 - INFO - Filtered PMTfied file saved to: /lustre/hpc/project/icecube/HE_Nu_Aske_Oct2024/PMTfied_filtered/Snowstorm/MuonLike/22011/4/PMTfied_20.parquet
2025-02-15 12:55:11 - INFO - Filtered PMTfied file saved to: /lustre/hpc/project/icecube/HE_Nu_Aske_Oct2024/PMTfied_filtered/Snowstorm/MuonLike/22011/4/PMTfied_16.parquet
2025-02-15 12:55:15 - INFO - Filtered PMTfied file saved to: /lustre/hpc/project/icecube/HE_Nu_Aske_Oct2024/PMTfied_filtered/Snowstorm/MuonLike/22011/4/PMTfied_12.parquet
2025-02-15 12:55:20 - INFO - Filtered PMTfied file saved to: /lustre/hpc/project/icecube/HE_Nu_Aske_Oct2024/PMTfied_filtered/Snowstorm/MuonLike/22011/4/PMTfied_17.parquet
2025-02-15 12:55:24 - INFO - Filtered PMTfied file saved to: /lustre/hpc/project/icecube/HE_Nu_Aske_Oct2024/PMTfied_filtered/Snowstorm/MuonLike/22011/4/PMTfied_13.parquet
2025-02-15 12:55:28 - INFO - Filtered PMTfied file saved to: /lustre/hpc/project/icecube/HE_Nu_Aske_Oct2024/PMTfied_filtered/Snowstorm/MuonLike/22011/4/PMTfied_6.parquet
2025-02-15 12:55:32 - INFO - Filtered PMTfied file saved to: /lustre/hpc/project/icecube/HE_Nu_Aske_Oct2024/PMTfied_filtered/Snowstorm/MuonLike/22011/4/PMTfied_2.parquet
2025-02-15 12:55:34 - INFO - Filtered PMTfied file saved to: /lustre/hpc/project/icecube/HE_Nu_Aske_Oct2024/PMTfied_filtered/Snowstorm/MuonLike/22011/4/PMTfied_21.parquet
2025-02-15 12:55:38 - INFO - Filtered PMTfied file saved to: /lustre/hpc/project/icecube/HE_Nu_Aske_Oct2024/PMTfied_filtered/Snowstorm/MuonLike/22011/4/PMTfied_15.parquet
2025-02-15 12:55:42 - INFO - Filtered PMTfied file saved to: /lustre/hpc/project/icecube/HE_Nu_Aske_Oct2024/PMTfied_filtered/Snowstorm/MuonLike/22011/4/PMTfied_11.parquet
2025-02-15 12:55:46 - INFO - Filtered PMTfied file saved to: /lustre/hpc/project/icecube/HE_Nu_Aske_Oct2024/PMTfied_filtered/Snowstorm/MuonLike/22011/4/PMTfied_19.parquet
2025-02-15 12:55:51 - INFO - Filtered PMTfied file saved to: /lustre/hpc/project/icecube/HE_Nu_Aske_Oct2024/PMTfied_filtered/Snowstorm/MuonLike/22011/4/PMTfied_4.parquet
2025-02-15 12:55:56 - INFO - Filtered PMTfied file saved to: /lustre/hpc/project/icecube/HE_Nu_Aske_Oct2024/PMTfied_filtered/Snowstorm/MuonLike/22011/4/PMTfied_8.parquet
2025-02-15 12:56:00 - INFO - Filtered PMTfied file saved to: /lustre/hpc/project/icecube/HE_Nu_Aske_Oct2024/PMTfied_filtered/Snowstorm/MuonLike/22011/4/PMTfied_9.parquet
2025-02-15 12:56:04 - INFO - Filtered PMTfied file saved to: /lustre/hpc/project/icecube/HE_Nu_Aske_Oct2024/PMTfied_filtered/Snowstorm/MuonLike/22011/4/PMTfied_5.parquet
2025-02-15 12:56:11 - INFO - Filtered PMTfied file saved to: /lustre/hpc/project/icecube/HE_Nu_Aske_Oct2024/PMTfied_filtered/Snowstorm/MuonLike/22011/4/PMTfied_1.parquet
2025-02-15 12:56:17 - INFO - Filtered PMTfied file saved to: /lustre/hpc/project/icecube/HE_Nu_Aske_Oct2024/PMTfied_filtered/Snowstorm/MuonLike/22011/4/PMTfied_18.parquet
2025-02-15 12:56:22 - INFO - Filtered PMTfied file saved to: /lustre/hpc/project/icecube/HE_Nu_Aske_Oct2024/PMTfied_filtered/Snowstorm/MuonLike/22011/4/PMTfied_14.parquet
2025-02-15 12:56:26 - INFO - Filtered PMTfied file saved to: /lustre/hpc/project/icecube/HE_Nu_Aske_Oct2024/PMTfied_filtered/Snowstorm/MuonLike/22011/4/PMTfied_10.parquet
2025-02-15 12:56:26 - INFO - Filtering process completed.
2025-02-15 12:56:26 - INFO - Filtering process completed.
2025-02-15 12:56:26 - INFO - Unified receipt generated: /lustre/hpc/project/icecube/HE_Nu_Aske_Oct2024/PMTfied_filtered/Snowstorm/MuonLike/22011/[Receipt]22011_4.json
2025-02-15 12:56:26 - INFO - Filtering process completed.
Job completed at Sat Feb 15 12:56:26 PM CET 2025
