Starting job at Mon Feb 24 01:06:37 PM CET 2025
Running Filter_by_part.py for subdirectory 22011, part 4
2025-02-24 13:06:40 - INFO - Event filtering process starts...
2025-02-24 13:06:40 - INFO - Initialized PureNeutrinoEventFilter filter for 22011/4
2025-02-24 13:06:45 - INFO - Loaded 5 event specifier files from /lustre/hpc/project/icecube/HE_Nu_Aske_Oct2024/clean_events_dict/22011/22011/reduced
2025-02-24 13:06:45 - INFO - Selected 2 CSV files covering event range [1158, 2260]
2025-02-24 13:06:49 - INFO - Loaded 2315142 valid (RunID, EventID) pairs from CSV files
2025-02-24 13:06:50 - INFO - Extracted 305543 valid events based on pure neutrino events.
2025-02-24 13:06:50 - INFO - Initialized Muon13Filter filter for 22011/4
2025-02-24 13:06:51 - INFO - Extracted 322664 valid events where MuonFilter_13==True.
2025-02-24 13:06:51 - INFO - Initialized CCFilter filter for 22011/4
2025-02-24 13:06:51 - INFO - Extracted 364822 valid events which are CC interactions.
2025-02-24 13:06:51 - INFO - Initialized CompositeEventFilter filter for 22011/4
2025-02-24 13:06:51 - INFO - Initialized (CC_CRclean_MuonLike)
2025-02-24 13:06:51 - INFO - Starting filtering process for 22011/4
2025-02-24 13:06:51 - INFO - Starting filtering process for 22011/4
2025-02-24 13:07:07 - INFO - Recalculated 'offset' column based on 'N_doms' values within each 'shard_no' group.
2025-02-24 13:07:10 - INFO - Filtered truth file saved to: /lustre/hpc/project/icecube/HE_Nu_Aske_Oct2024/PMTfied_filtered/Snowstorm/CC_CRclean_MuonLike/22011/truth_4.parquet
2025-02-24 13:07:14 - INFO - Filtered PMTfied file saved to: /lustre/hpc/project/icecube/HE_Nu_Aske_Oct2024/PMTfied_filtered/Snowstorm/CC_CRclean_MuonLike/22011/4/PMTfied_7.parquet
2025-02-24 13:07:17 - INFO - Filtered PMTfied file saved to: /lustre/hpc/project/icecube/HE_Nu_Aske_Oct2024/PMTfied_filtered/Snowstorm/CC_CRclean_MuonLike/22011/4/PMTfied_3.parquet
2025-02-24 13:07:21 - INFO - Filtered PMTfied file saved to: /lustre/hpc/project/icecube/HE_Nu_Aske_Oct2024/PMTfied_filtered/Snowstorm/CC_CRclean_MuonLike/22011/4/PMTfied_20.parquet
2025-02-24 13:07:25 - INFO - Filtered PMTfied file saved to: /lustre/hpc/project/icecube/HE_Nu_Aske_Oct2024/PMTfied_filtered/Snowstorm/CC_CRclean_MuonLike/22011/4/PMTfied_16.parquet
2025-02-24 13:07:28 - INFO - Filtered PMTfied file saved to: /lustre/hpc/project/icecube/HE_Nu_Aske_Oct2024/PMTfied_filtered/Snowstorm/CC_CRclean_MuonLike/22011/4/PMTfied_12.parquet
2025-02-24 13:07:32 - INFO - Filtered PMTfied file saved to: /lustre/hpc/project/icecube/HE_Nu_Aske_Oct2024/PMTfied_filtered/Snowstorm/CC_CRclean_MuonLike/22011/4/PMTfied_17.parquet
2025-02-24 13:07:36 - INFO - Filtered PMTfied file saved to: /lustre/hpc/project/icecube/HE_Nu_Aske_Oct2024/PMTfied_filtered/Snowstorm/CC_CRclean_MuonLike/22011/4/PMTfied_13.parquet
2025-02-24 13:07:39 - INFO - Filtered PMTfied file saved to: /lustre/hpc/project/icecube/HE_Nu_Aske_Oct2024/PMTfied_filtered/Snowstorm/CC_CRclean_MuonLike/22011/4/PMTfied_6.parquet
2025-02-24 13:07:44 - INFO - Filtered PMTfied file saved to: /lustre/hpc/project/icecube/HE_Nu_Aske_Oct2024/PMTfied_filtered/Snowstorm/CC_CRclean_MuonLike/22011/4/PMTfied_2.parquet
2025-02-24 13:07:44 - INFO - Filtered PMTfied file saved to: /lustre/hpc/project/icecube/HE_Nu_Aske_Oct2024/PMTfied_filtered/Snowstorm/CC_CRclean_MuonLike/22011/4/PMTfied_21.parquet
2025-02-24 13:07:48 - INFO - Filtered PMTfied file saved to: /lustre/hpc/project/icecube/HE_Nu_Aske_Oct2024/PMTfied_filtered/Snowstorm/CC_CRclean_MuonLike/22011/4/PMTfied_15.parquet
2025-02-24 13:07:53 - INFO - Filtered PMTfied file saved to: /lustre/hpc/project/icecube/HE_Nu_Aske_Oct2024/PMTfied_filtered/Snowstorm/CC_CRclean_MuonLike/22011/4/PMTfied_11.parquet
2025-02-24 13:07:57 - INFO - Filtered PMTfied file saved to: /lustre/hpc/project/icecube/HE_Nu_Aske_Oct2024/PMTfied_filtered/Snowstorm/CC_CRclean_MuonLike/22011/4/PMTfied_19.parquet
2025-02-24 13:08:00 - INFO - Filtered PMTfied file saved to: /lustre/hpc/project/icecube/HE_Nu_Aske_Oct2024/PMTfied_filtered/Snowstorm/CC_CRclean_MuonLike/22011/4/PMTfied_4.parquet
2025-02-24 13:08:04 - INFO - Filtered PMTfied file saved to: /lustre/hpc/project/icecube/HE_Nu_Aske_Oct2024/PMTfied_filtered/Snowstorm/CC_CRclean_MuonLike/22011/4/PMTfied_8.parquet
2025-02-24 13:08:08 - INFO - Filtered PMTfied file saved to: /lustre/hpc/project/icecube/HE_Nu_Aske_Oct2024/PMTfied_filtered/Snowstorm/CC_CRclean_MuonLike/22011/4/PMTfied_9.parquet
2025-02-24 13:08:12 - INFO - Filtered PMTfied file saved to: /lustre/hpc/project/icecube/HE_Nu_Aske_Oct2024/PMTfied_filtered/Snowstorm/CC_CRclean_MuonLike/22011/4/PMTfied_5.parquet
2025-02-24 13:08:15 - INFO - Filtered PMTfied file saved to: /lustre/hpc/project/icecube/HE_Nu_Aske_Oct2024/PMTfied_filtered/Snowstorm/CC_CRclean_MuonLike/22011/4/PMTfied_1.parquet
2025-02-24 13:08:21 - INFO - Filtered PMTfied file saved to: /lustre/hpc/project/icecube/HE_Nu_Aske_Oct2024/PMTfied_filtered/Snowstorm/CC_CRclean_MuonLike/22011/4/PMTfied_18.parquet
2025-02-24 13:08:25 - INFO - Filtered PMTfied file saved to: /lustre/hpc/project/icecube/HE_Nu_Aske_Oct2024/PMTfied_filtered/Snowstorm/CC_CRclean_MuonLike/22011/4/PMTfied_14.parquet
2025-02-24 13:08:28 - INFO - Filtered PMTfied file saved to: /lustre/hpc/project/icecube/HE_Nu_Aske_Oct2024/PMTfied_filtered/Snowstorm/CC_CRclean_MuonLike/22011/4/PMTfied_10.parquet
2025-02-24 13:08:28 - INFO - Filtering process completed.
2025-02-24 13:08:28 - INFO - Filtering process completed.
2025-02-24 13:08:29 - INFO - Unified receipt generated: /lustre/hpc/project/icecube/HE_Nu_Aske_Oct2024/PMTfied_filtered/Snowstorm/CC_CRclean_MuonLike/22011/[Receipt]22011_4.json
2025-02-24 13:08:29 - INFO - Filtering process completed.
Job completed at Mon Feb 24 01:08:29 PM CET 2025
