Starting job at Mon Feb 24 01:51:02 PM CET 2025
Running Filter_by_part.py for subdirectory 22011, part 8
2025-02-24 13:51:03 - INFO - Event filtering process starts...
2025-02-24 13:51:03 - INFO - Initialized PureNeutrinoEventFilter filter for 22011/8
2025-02-24 13:51:04 - INFO - Loaded 5 event specifier files from /lustre/hpc/project/icecube/HE_Nu_Aske_Oct2024/clean_events_dict/22011/22011/reduced
2025-02-24 13:51:04 - INFO - Selected 2 CSV files covering event range [3424, 4470]
2025-02-24 13:51:06 - INFO - Loaded 1736211 valid (RunID, EventID) pairs from CSV files
2025-02-24 13:51:07 - INFO - Extracted 304929 valid events based on pure neutrino events.
2025-02-24 13:51:08 - INFO - Initialized CCFilter filter for 22011/8
2025-02-24 13:51:08 - INFO - Extracted 363418 valid events which are CC interactions.
2025-02-24 13:51:08 - INFO - Initialized ContainmentFilter filter for 22011/8
2025-02-24 13:51:08 - INFO - Extracted 61619 valid events within the specified containment region.
2025-02-24 13:51:08 - INFO - Initialized CompositeEventFilter filter for 22011/8
2025-02-24 13:51:08 - INFO - Initialized (CC_CRclean_Contained)
2025-02-24 13:51:08 - INFO - Starting filtering process for 22011/8
2025-02-24 13:51:08 - INFO - Starting filtering process for 22011/8
2025-02-24 13:51:11 - INFO - Recalculated 'offset' column based on 'N_doms' values within each 'shard_no' group.
2025-02-24 13:51:11 - INFO - Filtered truth file saved to: /lustre/hpc/project/icecube/HE_Nu_Aske_Oct2024/PMTfied_filtered/Snowstorm/CC_CRclean_Contained/22011/truth_8.parquet
2025-02-24 13:51:13 - INFO - Filtered PMTfied file saved to: /lustre/hpc/project/icecube/HE_Nu_Aske_Oct2024/PMTfied_filtered/Snowstorm/CC_CRclean_Contained/22011/8/PMTfied_4.parquet
2025-02-24 13:51:15 - INFO - Filtered PMTfied file saved to: /lustre/hpc/project/icecube/HE_Nu_Aske_Oct2024/PMTfied_filtered/Snowstorm/CC_CRclean_Contained/22011/8/PMTfied_8.parquet
2025-02-24 13:51:17 - INFO - Filtered PMTfied file saved to: /lustre/hpc/project/icecube/HE_Nu_Aske_Oct2024/PMTfied_filtered/Snowstorm/CC_CRclean_Contained/22011/8/PMTfied_20.parquet
2025-02-24 13:51:18 - INFO - Filtered PMTfied file saved to: /lustre/hpc/project/icecube/HE_Nu_Aske_Oct2024/PMTfied_filtered/Snowstorm/CC_CRclean_Contained/22011/8/PMTfied_12.parquet
2025-02-24 13:51:20 - INFO - Filtered PMTfied file saved to: /lustre/hpc/project/icecube/HE_Nu_Aske_Oct2024/PMTfied_filtered/Snowstorm/CC_CRclean_Contained/22011/8/PMTfied_16.parquet
2025-02-24 13:51:22 - INFO - Filtered PMTfied file saved to: /lustre/hpc/project/icecube/HE_Nu_Aske_Oct2024/PMTfied_filtered/Snowstorm/CC_CRclean_Contained/22011/8/PMTfied_13.parquet
2025-02-24 13:51:24 - INFO - Filtered PMTfied file saved to: /lustre/hpc/project/icecube/HE_Nu_Aske_Oct2024/PMTfied_filtered/Snowstorm/CC_CRclean_Contained/22011/8/PMTfied_17.parquet
2025-02-24 13:51:25 - INFO - Filtered PMTfied file saved to: /lustre/hpc/project/icecube/HE_Nu_Aske_Oct2024/PMTfied_filtered/Snowstorm/CC_CRclean_Contained/22011/8/PMTfied_9.parquet
2025-02-24 13:51:26 - INFO - Filtered PMTfied file saved to: /lustre/hpc/project/icecube/HE_Nu_Aske_Oct2024/PMTfied_filtered/Snowstorm/CC_CRclean_Contained/22011/8/PMTfied_21.parquet
2025-02-24 13:51:27 - INFO - Filtered PMTfied file saved to: /lustre/hpc/project/icecube/HE_Nu_Aske_Oct2024/PMTfied_filtered/Snowstorm/CC_CRclean_Contained/22011/8/PMTfied_5.parquet
2025-02-24 13:51:29 - INFO - Filtered PMTfied file saved to: /lustre/hpc/project/icecube/HE_Nu_Aske_Oct2024/PMTfied_filtered/Snowstorm/CC_CRclean_Contained/22011/8/PMTfied_1.parquet
2025-02-24 13:51:31 - INFO - Filtered PMTfied file saved to: /lustre/hpc/project/icecube/HE_Nu_Aske_Oct2024/PMTfied_filtered/Snowstorm/CC_CRclean_Contained/22011/8/PMTfied_19.parquet
2025-02-24 13:51:33 - INFO - Filtered PMTfied file saved to: /lustre/hpc/project/icecube/HE_Nu_Aske_Oct2024/PMTfied_filtered/Snowstorm/CC_CRclean_Contained/22011/8/PMTfied_11.parquet
2025-02-24 13:51:34 - INFO - Filtered PMTfied file saved to: /lustre/hpc/project/icecube/HE_Nu_Aske_Oct2024/PMTfied_filtered/Snowstorm/CC_CRclean_Contained/22011/8/PMTfied_15.parquet
2025-02-24 13:51:36 - INFO - Filtered PMTfied file saved to: /lustre/hpc/project/icecube/HE_Nu_Aske_Oct2024/PMTfied_filtered/Snowstorm/CC_CRclean_Contained/22011/8/PMTfied_7.parquet
2025-02-24 13:51:38 - INFO - Filtered PMTfied file saved to: /lustre/hpc/project/icecube/HE_Nu_Aske_Oct2024/PMTfied_filtered/Snowstorm/CC_CRclean_Contained/22011/8/PMTfied_3.parquet
2025-02-24 13:51:39 - INFO - Filtered PMTfied file saved to: /lustre/hpc/project/icecube/HE_Nu_Aske_Oct2024/PMTfied_filtered/Snowstorm/CC_CRclean_Contained/22011/8/PMTfied_6.parquet
2025-02-24 13:51:41 - INFO - Filtered PMTfied file saved to: /lustre/hpc/project/icecube/HE_Nu_Aske_Oct2024/PMTfied_filtered/Snowstorm/CC_CRclean_Contained/22011/8/PMTfied_2.parquet
2025-02-24 13:51:43 - INFO - Filtered PMTfied file saved to: /lustre/hpc/project/icecube/HE_Nu_Aske_Oct2024/PMTfied_filtered/Snowstorm/CC_CRclean_Contained/22011/8/PMTfied_10.parquet
2025-02-24 13:51:45 - INFO - Filtered PMTfied file saved to: /lustre/hpc/project/icecube/HE_Nu_Aske_Oct2024/PMTfied_filtered/Snowstorm/CC_CRclean_Contained/22011/8/PMTfied_14.parquet
2025-02-24 13:51:46 - INFO - Filtered PMTfied file saved to: /lustre/hpc/project/icecube/HE_Nu_Aske_Oct2024/PMTfied_filtered/Snowstorm/CC_CRclean_Contained/22011/8/PMTfied_18.parquet
2025-02-24 13:51:46 - INFO - Filtering process completed.
2025-02-24 13:51:46 - INFO - Filtering process completed.
2025-02-24 13:51:47 - INFO - Unified receipt generated: /lustre/hpc/project/icecube/HE_Nu_Aske_Oct2024/PMTfied_filtered/Snowstorm/CC_CRclean_Contained/22011/[Receipt]22011_8.json
2025-02-24 13:51:47 - INFO - Filtering process completed.
Job completed at Mon Feb 24 01:51:47 PM CET 2025
