Starting job at Thu Feb 13 05:04:47 PM CET 2025
Running Filter_by_part.py for subdirectory 22011, part 3
2025-02-13 17:04:47 - INFO - Event filtering process starts...
2025-02-13 17:04:47 - INFO - Initialized Muon13Filter
2025-02-13 17:04:47 - INFO - Starting filtering process for 22011/3
2025-02-13 17:05:02 - INFO - Recalculated 'offset' column based on filtered 'N_doms' values.
2025-02-13 17:05:04 - INFO - Filtered truth file saved to: /lustre/hpc/project/icecube/HE_Nu_Aske_Oct2024/PMTfied_filtered/MuonLike/Snowstorm/22011/truth_3.parquet
2025-02-13 17:05:04 - INFO - Receipt file saved to: /lustre/hpc/project/icecube/HE_Nu_Aske_Oct2024/PMTfied_filtered/MuonLike/Snowstorm/22011/[Receipt]22011_3.json
2025-02-13 17:05:08 - INFO - Filtered PMTfied file saved to: /lustre/hpc/project/icecube/HE_Nu_Aske_Oct2024/PMTfied_filtered/MuonLike/Snowstorm/22011/3/PMTfied_5.parquet
2025-02-13 17:05:12 - INFO - Filtered PMTfied file saved to: /lustre/hpc/project/icecube/HE_Nu_Aske_Oct2024/PMTfied_filtered/MuonLike/Snowstorm/22011/3/PMTfied_1.parquet
2025-02-13 17:05:17 - INFO - Filtered PMTfied file saved to: /lustre/hpc/project/icecube/HE_Nu_Aske_Oct2024/PMTfied_filtered/MuonLike/Snowstorm/22011/3/PMTfied_9.parquet
2025-02-13 17:05:21 - INFO - Filtered PMTfied file saved to: /lustre/hpc/project/icecube/HE_Nu_Aske_Oct2024/PMTfied_filtered/MuonLike/Snowstorm/22011/3/PMTfied_19.parquet
2025-02-13 17:05:26 - INFO - Filtered PMTfied file saved to: /lustre/hpc/project/icecube/HE_Nu_Aske_Oct2024/PMTfied_filtered/MuonLike/Snowstorm/22011/3/PMTfied_11.parquet
2025-02-13 17:05:30 - INFO - Filtered PMTfied file saved to: /lustre/hpc/project/icecube/HE_Nu_Aske_Oct2024/PMTfied_filtered/MuonLike/Snowstorm/22011/3/PMTfied_15.parquet
2025-02-13 17:05:34 - INFO - Filtered PMTfied file saved to: /lustre/hpc/project/icecube/HE_Nu_Aske_Oct2024/PMTfied_filtered/MuonLike/Snowstorm/22011/3/PMTfied_10.parquet
2025-02-13 17:05:38 - INFO - Filtered PMTfied file saved to: /lustre/hpc/project/icecube/HE_Nu_Aske_Oct2024/PMTfied_filtered/MuonLike/Snowstorm/22011/3/PMTfied_14.parquet
2025-02-13 17:05:42 - INFO - Filtered PMTfied file saved to: /lustre/hpc/project/icecube/HE_Nu_Aske_Oct2024/PMTfied_filtered/MuonLike/Snowstorm/22011/3/PMTfied_18.parquet
2025-02-13 17:05:46 - INFO - Filtered PMTfied file saved to: /lustre/hpc/project/icecube/HE_Nu_Aske_Oct2024/PMTfied_filtered/MuonLike/Snowstorm/22011/3/PMTfied_8.parquet
2025-02-13 17:05:50 - INFO - Filtered PMTfied file saved to: /lustre/hpc/project/icecube/HE_Nu_Aske_Oct2024/PMTfied_filtered/MuonLike/Snowstorm/22011/3/PMTfied_4.parquet
2025-02-13 17:05:55 - INFO - Filtered PMTfied file saved to: /lustre/hpc/project/icecube/HE_Nu_Aske_Oct2024/PMTfied_filtered/MuonLike/Snowstorm/22011/3/PMTfied_12.parquet
2025-02-13 17:05:59 - INFO - Filtered PMTfied file saved to: /lustre/hpc/project/icecube/HE_Nu_Aske_Oct2024/PMTfied_filtered/MuonLike/Snowstorm/22011/3/PMTfied_16.parquet
2025-02-13 17:06:03 - INFO - Filtered PMTfied file saved to: /lustre/hpc/project/icecube/HE_Nu_Aske_Oct2024/PMTfied_filtered/MuonLike/Snowstorm/22011/3/PMTfied_6.parquet
2025-02-13 17:06:07 - INFO - Filtered PMTfied file saved to: /lustre/hpc/project/icecube/HE_Nu_Aske_Oct2024/PMTfied_filtered/MuonLike/Snowstorm/22011/3/PMTfied_20.parquet
2025-02-13 17:06:11 - INFO - Filtered PMTfied file saved to: /lustre/hpc/project/icecube/HE_Nu_Aske_Oct2024/PMTfied_filtered/MuonLike/Snowstorm/22011/3/PMTfied_2.parquet
2025-02-13 17:06:12 - INFO - Filtered PMTfied file saved to: /lustre/hpc/project/icecube/HE_Nu_Aske_Oct2024/PMTfied_filtered/MuonLike/Snowstorm/22011/3/PMTfied_21.parquet
2025-02-13 17:06:16 - INFO - Filtered PMTfied file saved to: /lustre/hpc/project/icecube/HE_Nu_Aske_Oct2024/PMTfied_filtered/MuonLike/Snowstorm/22011/3/PMTfied_7.parquet
2025-02-13 17:06:20 - INFO - Filtered PMTfied file saved to: /lustre/hpc/project/icecube/HE_Nu_Aske_Oct2024/PMTfied_filtered/MuonLike/Snowstorm/22011/3/PMTfied_3.parquet
2025-02-13 17:06:25 - INFO - Filtered PMTfied file saved to: /lustre/hpc/project/icecube/HE_Nu_Aske_Oct2024/PMTfied_filtered/MuonLike/Snowstorm/22011/3/PMTfied_13.parquet
2025-02-13 17:06:29 - INFO - Filtered PMTfied file saved to: /lustre/hpc/project/icecube/HE_Nu_Aske_Oct2024/PMTfied_filtered/MuonLike/Snowstorm/22011/3/PMTfied_17.parquet
2025-02-13 17:06:29 - INFO - Filtering process completed.
2025-02-13 17:06:29 - INFO - Filtering process completed for all selected filters.
2025-02-13 17:06:29 - INFO - Execution time: 101.79 seconds
2025-02-13 17:06:29 - INFO - Updated receipt with execution time: /lustre/hpc/project/icecube/HE_Nu_Aske_Oct2024/PMTfied_filtered/MuonLike/Snowstorm/22011/[Receipt]22011_3.json
Job completed at Thu Feb 13 05:06:29 PM CET 2025
