Starting job at Thu Feb 13 05:02:55 PM CET 2025
Running Filter_by_part.py for subdirectory 22011, part 1
2025-02-13 17:02:55 - INFO - Event filtering process starts...
2025-02-13 17:02:55 - INFO - Initialized Muon13Filter
2025-02-13 17:02:55 - INFO - Starting filtering process for 22011/1
2025-02-13 17:03:09 - INFO - Recalculated 'offset' column based on filtered 'N_doms' values.
2025-02-13 17:03:12 - INFO - Filtered truth file saved to: /lustre/hpc/project/icecube/HE_Nu_Aske_Oct2024/PMTfied_filtered/MuonLike/Snowstorm/22011/truth_1.parquet
2025-02-13 17:03:12 - INFO - Receipt file saved to: /lustre/hpc/project/icecube/HE_Nu_Aske_Oct2024/PMTfied_filtered/MuonLike/Snowstorm/22011/[Receipt]22011_1.json
2025-02-13 17:03:16 - INFO - Filtered PMTfied file saved to: /lustre/hpc/project/icecube/HE_Nu_Aske_Oct2024/PMTfied_filtered/MuonLike/Snowstorm/22011/1/PMTfied_15.parquet
2025-02-13 17:03:20 - INFO - Filtered PMTfied file saved to: /lustre/hpc/project/icecube/HE_Nu_Aske_Oct2024/PMTfied_filtered/MuonLike/Snowstorm/22011/1/PMTfied_11.parquet
2025-02-13 17:03:24 - INFO - Filtered PMTfied file saved to: /lustre/hpc/project/icecube/HE_Nu_Aske_Oct2024/PMTfied_filtered/MuonLike/Snowstorm/22011/1/PMTfied_19.parquet
2025-02-13 17:03:29 - INFO - Filtered PMTfied file saved to: /lustre/hpc/project/icecube/HE_Nu_Aske_Oct2024/PMTfied_filtered/MuonLike/Snowstorm/22011/1/PMTfied_6.parquet
2025-02-13 17:03:33 - INFO - Filtered PMTfied file saved to: /lustre/hpc/project/icecube/HE_Nu_Aske_Oct2024/PMTfied_filtered/MuonLike/Snowstorm/22011/1/PMTfied_2.parquet
2025-02-13 17:03:37 - INFO - Filtered PMTfied file saved to: /lustre/hpc/project/icecube/HE_Nu_Aske_Oct2024/PMTfied_filtered/MuonLike/Snowstorm/22011/1/PMTfied_7.parquet
2025-02-13 17:03:41 - INFO - Filtered PMTfied file saved to: /lustre/hpc/project/icecube/HE_Nu_Aske_Oct2024/PMTfied_filtered/MuonLike/Snowstorm/22011/1/PMTfied_3.parquet
2025-02-13 17:03:49 - INFO - Filtered PMTfied file saved to: /lustre/hpc/project/icecube/HE_Nu_Aske_Oct2024/PMTfied_filtered/MuonLike/Snowstorm/22011/1/PMTfied_18.parquet
2025-02-13 17:03:54 - INFO - Filtered PMTfied file saved to: /lustre/hpc/project/icecube/HE_Nu_Aske_Oct2024/PMTfied_filtered/MuonLike/Snowstorm/22011/1/PMTfied_14.parquet
2025-02-13 17:03:58 - INFO - Filtered PMTfied file saved to: /lustre/hpc/project/icecube/HE_Nu_Aske_Oct2024/PMTfied_filtered/MuonLike/Snowstorm/22011/1/PMTfied_10.parquet
2025-02-13 17:04:02 - INFO - Filtered PMTfied file saved to: /lustre/hpc/project/icecube/HE_Nu_Aske_Oct2024/PMTfied_filtered/MuonLike/Snowstorm/22011/1/PMTfied_20.parquet
2025-02-13 17:04:06 - INFO - Filtered PMTfied file saved to: /lustre/hpc/project/icecube/HE_Nu_Aske_Oct2024/PMTfied_filtered/MuonLike/Snowstorm/22011/1/PMTfied_9.parquet
2025-02-13 17:04:10 - INFO - Filtered PMTfied file saved to: /lustre/hpc/project/icecube/HE_Nu_Aske_Oct2024/PMTfied_filtered/MuonLike/Snowstorm/22011/1/PMTfied_5.parquet
2025-02-13 17:04:14 - INFO - Filtered PMTfied file saved to: /lustre/hpc/project/icecube/HE_Nu_Aske_Oct2024/PMTfied_filtered/MuonLike/Snowstorm/22011/1/PMTfied_1.parquet
2025-02-13 17:04:18 - INFO - Filtered PMTfied file saved to: /lustre/hpc/project/icecube/HE_Nu_Aske_Oct2024/PMTfied_filtered/MuonLike/Snowstorm/22011/1/PMTfied_16.parquet
2025-02-13 17:04:23 - INFO - Filtered PMTfied file saved to: /lustre/hpc/project/icecube/HE_Nu_Aske_Oct2024/PMTfied_filtered/MuonLike/Snowstorm/22011/1/PMTfied_12.parquet
2025-02-13 17:04:28 - INFO - Filtered PMTfied file saved to: /lustre/hpc/project/icecube/HE_Nu_Aske_Oct2024/PMTfied_filtered/MuonLike/Snowstorm/22011/1/PMTfied_17.parquet
2025-02-13 17:04:33 - INFO - Filtered PMTfied file saved to: /lustre/hpc/project/icecube/HE_Nu_Aske_Oct2024/PMTfied_filtered/MuonLike/Snowstorm/22011/1/PMTfied_13.parquet
2025-02-13 17:04:34 - INFO - Filtered PMTfied file saved to: /lustre/hpc/project/icecube/HE_Nu_Aske_Oct2024/PMTfied_filtered/MuonLike/Snowstorm/22011/1/PMTfied_21.parquet
2025-02-13 17:04:38 - INFO - Filtered PMTfied file saved to: /lustre/hpc/project/icecube/HE_Nu_Aske_Oct2024/PMTfied_filtered/MuonLike/Snowstorm/22011/1/PMTfied_4.parquet
2025-02-13 17:04:42 - INFO - Filtered PMTfied file saved to: /lustre/hpc/project/icecube/HE_Nu_Aske_Oct2024/PMTfied_filtered/MuonLike/Snowstorm/22011/1/PMTfied_8.parquet
2025-02-13 17:04:42 - INFO - Filtering process completed.
2025-02-13 17:04:42 - INFO - Filtering process completed for all selected filters.
2025-02-13 17:04:42 - INFO - Execution time: 106.45 seconds
2025-02-13 17:04:42 - INFO - Updated receipt with execution time: /lustre/hpc/project/icecube/HE_Nu_Aske_Oct2024/PMTfied_filtered/MuonLike/Snowstorm/22011/[Receipt]22011_1.json
Job completed at Thu Feb 13 05:04:42 PM CET 2025
