Starting job at Mon Feb 17 04:15:00 PM CET 2025
Running Filter_by_part.py for subdirectory 22011, part 1
2025-02-17 16:15:01 - INFO - Event filtering process starts...
2025-02-17 16:15:01 - INFO - Initialized PureNeutrinoEventFilter filter for 22011/1
2025-02-17 16:15:02 - INFO - Loaded 5 event specifier files from /lustre/hpc/project/icecube/HE_Nu_Aske_Oct2024/clean_events_dict/22011/22011/reduced
2025-02-17 16:15:02 - INFO - Selected 2 CSV files covering event range [0, 1107]
2025-02-17 16:15:05 - INFO - Loaded 2316378 valid (RunID, EventID) pairs from CSV files
2025-02-17 16:15:06 - INFO - Extracted 304081 valid events based on pure neutrino events.
2025-02-17 16:15:07 - INFO - Initialized Muon13Filter filter for 22011/1
2025-02-17 16:15:07 - INFO - Extracted 320504 valid events where MuonFilter_13==True.
2025-02-17 16:15:07 - INFO - Initialized CompositeEventFilter filter for 22011/1
2025-02-17 16:15:07 - INFO - Initialized (MuonLike_PureNu)
2025-02-17 16:15:07 - INFO - Starting filtering process for 22011/1
2025-02-17 16:15:07 - INFO - Starting filtering process for 22011/1
2025-02-17 16:15:17 - INFO - Recalculated 'offset' column based on 'N_doms' values within each 'shard_no' group.
2025-02-17 16:15:19 - INFO - Filtered truth file saved to: /lustre/hpc/project/icecube/HE_Nu_Aske_Oct2024/PMTfied_filtered/Snowstorm/MuonLike_PureNu/22011/truth_1.parquet
2025-02-17 16:15:23 - INFO - Filtered PMTfied file saved to: /lustre/hpc/project/icecube/HE_Nu_Aske_Oct2024/PMTfied_filtered/Snowstorm/MuonLike_PureNu/22011/1/PMTfied_15.parquet
2025-02-17 16:15:27 - INFO - Filtered PMTfied file saved to: /lustre/hpc/project/icecube/HE_Nu_Aske_Oct2024/PMTfied_filtered/Snowstorm/MuonLike_PureNu/22011/1/PMTfied_11.parquet
2025-02-17 16:15:30 - INFO - Filtered PMTfied file saved to: /lustre/hpc/project/icecube/HE_Nu_Aske_Oct2024/PMTfied_filtered/Snowstorm/MuonLike_PureNu/22011/1/PMTfied_19.parquet
2025-02-17 16:15:34 - INFO - Filtered PMTfied file saved to: /lustre/hpc/project/icecube/HE_Nu_Aske_Oct2024/PMTfied_filtered/Snowstorm/MuonLike_PureNu/22011/1/PMTfied_6.parquet
2025-02-17 16:15:38 - INFO - Filtered PMTfied file saved to: /lustre/hpc/project/icecube/HE_Nu_Aske_Oct2024/PMTfied_filtered/Snowstorm/MuonLike_PureNu/22011/1/PMTfied_2.parquet
2025-02-17 16:15:41 - INFO - Filtered PMTfied file saved to: /lustre/hpc/project/icecube/HE_Nu_Aske_Oct2024/PMTfied_filtered/Snowstorm/MuonLike_PureNu/22011/1/PMTfied_7.parquet
2025-02-17 16:15:45 - INFO - Filtered PMTfied file saved to: /lustre/hpc/project/icecube/HE_Nu_Aske_Oct2024/PMTfied_filtered/Snowstorm/MuonLike_PureNu/22011/1/PMTfied_3.parquet
2025-02-17 16:15:50 - INFO - Filtered PMTfied file saved to: /lustre/hpc/project/icecube/HE_Nu_Aske_Oct2024/PMTfied_filtered/Snowstorm/MuonLike_PureNu/22011/1/PMTfied_18.parquet
2025-02-17 16:15:54 - INFO - Filtered PMTfied file saved to: /lustre/hpc/project/icecube/HE_Nu_Aske_Oct2024/PMTfied_filtered/Snowstorm/MuonLike_PureNu/22011/1/PMTfied_14.parquet
2025-02-17 16:15:57 - INFO - Filtered PMTfied file saved to: /lustre/hpc/project/icecube/HE_Nu_Aske_Oct2024/PMTfied_filtered/Snowstorm/MuonLike_PureNu/22011/1/PMTfied_10.parquet
2025-02-17 16:16:01 - INFO - Filtered PMTfied file saved to: /lustre/hpc/project/icecube/HE_Nu_Aske_Oct2024/PMTfied_filtered/Snowstorm/MuonLike_PureNu/22011/1/PMTfied_20.parquet
2025-02-17 16:16:04 - INFO - Filtered PMTfied file saved to: /lustre/hpc/project/icecube/HE_Nu_Aske_Oct2024/PMTfied_filtered/Snowstorm/MuonLike_PureNu/22011/1/PMTfied_9.parquet
2025-02-17 16:16:08 - INFO - Filtered PMTfied file saved to: /lustre/hpc/project/icecube/HE_Nu_Aske_Oct2024/PMTfied_filtered/Snowstorm/MuonLike_PureNu/22011/1/PMTfied_5.parquet
2025-02-17 16:16:12 - INFO - Filtered PMTfied file saved to: /lustre/hpc/project/icecube/HE_Nu_Aske_Oct2024/PMTfied_filtered/Snowstorm/MuonLike_PureNu/22011/1/PMTfied_1.parquet
2025-02-17 16:16:15 - INFO - Filtered PMTfied file saved to: /lustre/hpc/project/icecube/HE_Nu_Aske_Oct2024/PMTfied_filtered/Snowstorm/MuonLike_PureNu/22011/1/PMTfied_16.parquet
2025-02-17 16:16:19 - INFO - Filtered PMTfied file saved to: /lustre/hpc/project/icecube/HE_Nu_Aske_Oct2024/PMTfied_filtered/Snowstorm/MuonLike_PureNu/22011/1/PMTfied_12.parquet
2025-02-17 16:16:24 - INFO - Filtered PMTfied file saved to: /lustre/hpc/project/icecube/HE_Nu_Aske_Oct2024/PMTfied_filtered/Snowstorm/MuonLike_PureNu/22011/1/PMTfied_17.parquet
2025-02-17 16:16:28 - INFO - Filtered PMTfied file saved to: /lustre/hpc/project/icecube/HE_Nu_Aske_Oct2024/PMTfied_filtered/Snowstorm/MuonLike_PureNu/22011/1/PMTfied_13.parquet
2025-02-17 16:16:28 - INFO - Filtered PMTfied file saved to: /lustre/hpc/project/icecube/HE_Nu_Aske_Oct2024/PMTfied_filtered/Snowstorm/MuonLike_PureNu/22011/1/PMTfied_21.parquet
2025-02-17 16:16:32 - INFO - Filtered PMTfied file saved to: /lustre/hpc/project/icecube/HE_Nu_Aske_Oct2024/PMTfied_filtered/Snowstorm/MuonLike_PureNu/22011/1/PMTfied_4.parquet
2025-02-17 16:16:35 - INFO - Filtered PMTfied file saved to: /lustre/hpc/project/icecube/HE_Nu_Aske_Oct2024/PMTfied_filtered/Snowstorm/MuonLike_PureNu/22011/1/PMTfied_8.parquet
2025-02-17 16:16:35 - INFO - Filtering process completed.
2025-02-17 16:16:35 - INFO - Filtering process completed.
2025-02-17 16:16:35 - INFO - Unified receipt generated: /lustre/hpc/project/icecube/HE_Nu_Aske_Oct2024/PMTfied_filtered/Snowstorm/MuonLike_PureNu/22011/[Receipt]22011_1.json
2025-02-17 16:16:35 - INFO - Filtering process completed.
Job completed at Mon Feb 17 04:16:35 PM CET 2025
