Starting job at Sat Feb 15 01:47:45 PM CET 2025
Running Filter_by_part.py for subdirectory 22011, part 2
2025-02-15 13:47:47 - INFO - Event filtering process starts...
2025-02-15 13:47:47 - INFO - Initialized PureNeutrinoEventFilter filter for 22011/2
2025-02-15 13:47:49 - INFO - Loaded 5 event specifier files from /lustre/hpc/project/icecube/HE_Nu_Aske_Oct2024/clean_events_dict/22011/22011/reduced
2025-02-15 13:47:49 - INFO - Selected 2 CSV files covering event range [14, 1130]
2025-02-15 13:47:53 - INFO - Loaded 2316378 valid (RunID, EventID) pairs from CSV files
2025-02-15 13:47:53 - INFO - Extracted 304646 valid events based on pure neutrino events.
2025-02-15 13:47:54 - INFO - Initialized Muon13Filter filter for 22011/2
2025-02-15 13:47:54 - INFO - Extracted 321550 valid events where MuonFilter_13==True.
2025-02-15 13:47:54 - INFO - Initialized CompositeEventFilter filter for 22011/2
2025-02-15 13:47:54 - INFO - Initialized (MuonLike_PureNu)
2025-02-15 13:47:54 - INFO - Starting filtering process for 22011/2
2025-02-15 13:47:54 - INFO - Starting filtering process for 22011/2
2025-02-15 13:48:05 - INFO - Recalculated 'offset' column based on filtered 'N_doms' values.
2025-02-15 13:48:07 - INFO - Filtered truth file saved to: /lustre/hpc/project/icecube/HE_Nu_Aske_Oct2024/PMTfied_filtered/Snowstorm/MuonLike_PureNu/22011/truth_2.parquet
2025-02-15 13:48:10 - INFO - Filtered PMTfied file saved to: /lustre/hpc/project/icecube/HE_Nu_Aske_Oct2024/PMTfied_filtered/Snowstorm/MuonLike_PureNu/22011/2/PMTfied_19.parquet
2025-02-15 13:48:14 - INFO - Filtered PMTfied file saved to: /lustre/hpc/project/icecube/HE_Nu_Aske_Oct2024/PMTfied_filtered/Snowstorm/MuonLike_PureNu/22011/2/PMTfied_15.parquet
2025-02-15 13:48:18 - INFO - Filtered PMTfied file saved to: /lustre/hpc/project/icecube/HE_Nu_Aske_Oct2024/PMTfied_filtered/Snowstorm/MuonLike_PureNu/22011/2/PMTfied_11.parquet
2025-02-15 13:48:21 - INFO - Filtered PMTfied file saved to: /lustre/hpc/project/icecube/HE_Nu_Aske_Oct2024/PMTfied_filtered/Snowstorm/MuonLike_PureNu/22011/2/PMTfied_9.parquet
2025-02-15 13:48:25 - INFO - Filtered PMTfied file saved to: /lustre/hpc/project/icecube/HE_Nu_Aske_Oct2024/PMTfied_filtered/Snowstorm/MuonLike_PureNu/22011/2/PMTfied_1.parquet
2025-02-15 13:48:28 - INFO - Filtered PMTfied file saved to: /lustre/hpc/project/icecube/HE_Nu_Aske_Oct2024/PMTfied_filtered/Snowstorm/MuonLike_PureNu/22011/2/PMTfied_5.parquet
2025-02-15 13:48:32 - INFO - Filtered PMTfied file saved to: /lustre/hpc/project/icecube/HE_Nu_Aske_Oct2024/PMTfied_filtered/Snowstorm/MuonLike_PureNu/22011/2/PMTfied_14.parquet
2025-02-15 13:48:36 - INFO - Filtered PMTfied file saved to: /lustre/hpc/project/icecube/HE_Nu_Aske_Oct2024/PMTfied_filtered/Snowstorm/MuonLike_PureNu/22011/2/PMTfied_10.parquet
2025-02-15 13:48:43 - INFO - Filtered PMTfied file saved to: /lustre/hpc/project/icecube/HE_Nu_Aske_Oct2024/PMTfied_filtered/Snowstorm/MuonLike_PureNu/22011/2/PMTfied_18.parquet
2025-02-15 13:48:46 - INFO - Filtered PMTfied file saved to: /lustre/hpc/project/icecube/HE_Nu_Aske_Oct2024/PMTfied_filtered/Snowstorm/MuonLike_PureNu/22011/2/PMTfied_4.parquet
2025-02-15 13:48:50 - INFO - Filtered PMTfied file saved to: /lustre/hpc/project/icecube/HE_Nu_Aske_Oct2024/PMTfied_filtered/Snowstorm/MuonLike_PureNu/22011/2/PMTfied_8.parquet
2025-02-15 13:48:56 - INFO - Filtered PMTfied file saved to: /lustre/hpc/project/icecube/HE_Nu_Aske_Oct2024/PMTfied_filtered/Snowstorm/MuonLike_PureNu/22011/2/PMTfied_2.parquet
2025-02-15 13:48:59 - INFO - Filtered PMTfied file saved to: /lustre/hpc/project/icecube/HE_Nu_Aske_Oct2024/PMTfied_filtered/Snowstorm/MuonLike_PureNu/22011/2/PMTfied_6.parquet
2025-02-15 13:49:03 - INFO - Filtered PMTfied file saved to: /lustre/hpc/project/icecube/HE_Nu_Aske_Oct2024/PMTfied_filtered/Snowstorm/MuonLike_PureNu/22011/2/PMTfied_16.parquet
2025-02-15 13:49:06 - INFO - Filtered PMTfied file saved to: /lustre/hpc/project/icecube/HE_Nu_Aske_Oct2024/PMTfied_filtered/Snowstorm/MuonLike_PureNu/22011/2/PMTfied_12.parquet
2025-02-15 13:49:13 - INFO - Filtered PMTfied file saved to: /lustre/hpc/project/icecube/HE_Nu_Aske_Oct2024/PMTfied_filtered/Snowstorm/MuonLike_PureNu/22011/2/PMTfied_20.parquet
2025-02-15 13:49:13 - INFO - Filtered PMTfied file saved to: /lustre/hpc/project/icecube/HE_Nu_Aske_Oct2024/PMTfied_filtered/Snowstorm/MuonLike_PureNu/22011/2/PMTfied_21.parquet
2025-02-15 13:49:17 - INFO - Filtered PMTfied file saved to: /lustre/hpc/project/icecube/HE_Nu_Aske_Oct2024/PMTfied_filtered/Snowstorm/MuonLike_PureNu/22011/2/PMTfied_3.parquet
2025-02-15 13:49:20 - INFO - Filtered PMTfied file saved to: /lustre/hpc/project/icecube/HE_Nu_Aske_Oct2024/PMTfied_filtered/Snowstorm/MuonLike_PureNu/22011/2/PMTfied_7.parquet
2025-02-15 13:49:24 - INFO - Filtered PMTfied file saved to: /lustre/hpc/project/icecube/HE_Nu_Aske_Oct2024/PMTfied_filtered/Snowstorm/MuonLike_PureNu/22011/2/PMTfied_17.parquet
2025-02-15 13:49:29 - INFO - Filtered PMTfied file saved to: /lustre/hpc/project/icecube/HE_Nu_Aske_Oct2024/PMTfied_filtered/Snowstorm/MuonLike_PureNu/22011/2/PMTfied_13.parquet
2025-02-15 13:49:29 - INFO - Filtering process completed.
2025-02-15 13:49:29 - INFO - Filtering process completed.
2025-02-15 13:49:29 - INFO - Unified receipt generated: /lustre/hpc/project/icecube/HE_Nu_Aske_Oct2024/PMTfied_filtered/Snowstorm/MuonLike_PureNu/22011/[Receipt]22011_2.json
2025-02-15 13:49:29 - INFO - Filtering process completed.
Job completed at Sat Feb 15 01:49:29 PM CET 2025
