nohup: ignoring input
2025-02-24 12:41:11 - INFO - Event filtering process starts...
2025-02-24 12:41:11 - INFO - Initialized PureNeutrinoEventFilter filter for 22011/1
2025-02-24 12:41:19 - ERROR - An error occurred: [Errno 2] No such file or directory: '/lustre/hpc/project/icecube/HE_Nu_Aske_Oct2024/clean_events_dict/22011/22011/reduced'
Traceback (most recent call last):
  File "/lustre/hpc/icecube/cyan/factory/DOMification/Selection/Filter_by_part.py", line 67, in <module>
    main()
  File "/lustre/hpc/icecube/cyan/factory/DOMification/Selection/Filter_by_part.py", line 63, in main
    run()
  File "/lustre/hpc/icecube/cyan/factory/DOMification/Selection/Filter_by_part.py", line 50, in run
    filter_manager = EventFilterManager(
  File "/lustre/hpc/icecube/cyan/factory/DOMification/Selection/EventFilterManager.py", line 18, in __init__
    self.filter_instances = self._instantiate_filters() # dict[str, EventFilter]
  File "/lustre/hpc/icecube/cyan/factory/DOMification/Selection/EventFilterManager.py", line 69, in _instantiate_filters
    filter_instances[alias] = filter_class(
  File "/lustre/hpc/icecube/cyan/factory/DOMification/Selection/PureNeutrinoEventFilter.py", line 15, in __init__
    super().__init__(source_subdir=source_subdir,
  File "/lustre/hpc/icecube/cyan/factory/DOMification/Selection/EventFilter.py", line 27, in __init__
    self._set_valid_event_nos()
  File "/lustre/hpc/icecube/cyan/factory/DOMification/Selection/EventFilter.py", line 146, in wrapper
    return method(*args, **kwargs)
  File "/lustre/hpc/icecube/cyan/factory/DOMification/Selection/PureNeutrinoEventFilter.py", line 23, in _set_valid_event_nos
    relevant_csvs = self._get_relevant_csv_files(truth_table)
  File "/lustre/hpc/icecube/cyan/factory/DOMification/Selection/PureNeutrinoEventFilter.py", line 47, in _get_relevant_csv_files
    file_ranges = self._get_event_specifier_files()
  File "/lustre/hpc/icecube/cyan/factory/DOMification/Selection/PureNeutrinoEventFilter.py", line 62, in _get_event_specifier_files
    files = os.listdir(csv_path)
FileNotFoundError: [Errno 2] No such file or directory: '/lustre/hpc/project/icecube/HE_Nu_Aske_Oct2024/clean_events_dict/22011/22011/reduced'
