Starting job at Sat Feb 15 01:47:49 PM CET 2025
Running Filter_by_part.py for subdirectory 22011, part 4
2025-02-15 13:47:51 - INFO - Event filtering process starts...
2025-02-15 13:47:51 - INFO - Initialized PureNeutrinoEventFilter filter for 22011/4
2025-02-15 13:47:53 - INFO - Loaded 5 event specifier files from /lustre/hpc/project/icecube/HE_Nu_Aske_Oct2024/clean_events_dict/22011/22011/reduced
2025-02-15 13:47:53 - INFO - Selected 2 CSV files covering event range [1158, 2260]
2025-02-15 13:47:57 - INFO - Loaded 2315142 valid (RunID, EventID) pairs from CSV files
2025-02-15 13:47:58 - INFO - Extracted 305543 valid events based on pure neutrino events.
2025-02-15 13:47:58 - INFO - Initialized Muon13Filter filter for 22011/4
2025-02-15 13:47:59 - INFO - Extracted 322664 valid events where MuonFilter_13==True.
2025-02-15 13:47:59 - INFO - Initialized CompositeEventFilter filter for 22011/4
2025-02-15 13:47:59 - INFO - Initialized (MuonLike_PureNu)
2025-02-15 13:47:59 - INFO - Starting filtering process for 22011/4
2025-02-15 13:47:59 - INFO - Starting filtering process for 22011/4
2025-02-15 13:48:09 - INFO - Recalculated 'offset' column based on filtered 'N_doms' values.
2025-02-15 13:48:11 - INFO - Filtered truth file saved to: /lustre/hpc/project/icecube/HE_Nu_Aske_Oct2024/PMTfied_filtered/Snowstorm/MuonLike_PureNu/22011/truth_4.parquet
2025-02-15 13:48:15 - INFO - Filtered PMTfied file saved to: /lustre/hpc/project/icecube/HE_Nu_Aske_Oct2024/PMTfied_filtered/Snowstorm/MuonLike_PureNu/22011/4/PMTfied_7.parquet
2025-02-15 13:48:24 - INFO - Filtered PMTfied file saved to: /lustre/hpc/project/icecube/HE_Nu_Aske_Oct2024/PMTfied_filtered/Snowstorm/MuonLike_PureNu/22011/4/PMTfied_3.parquet
2025-02-15 13:48:28 - INFO - Filtered PMTfied file saved to: /lustre/hpc/project/icecube/HE_Nu_Aske_Oct2024/PMTfied_filtered/Snowstorm/MuonLike_PureNu/22011/4/PMTfied_20.parquet
2025-02-15 13:48:32 - INFO - Filtered PMTfied file saved to: /lustre/hpc/project/icecube/HE_Nu_Aske_Oct2024/PMTfied_filtered/Snowstorm/MuonLike_PureNu/22011/4/PMTfied_16.parquet
2025-02-15 13:48:35 - INFO - Filtered PMTfied file saved to: /lustre/hpc/project/icecube/HE_Nu_Aske_Oct2024/PMTfied_filtered/Snowstorm/MuonLike_PureNu/22011/4/PMTfied_12.parquet
2025-02-15 13:48:39 - INFO - Filtered PMTfied file saved to: /lustre/hpc/project/icecube/HE_Nu_Aske_Oct2024/PMTfied_filtered/Snowstorm/MuonLike_PureNu/22011/4/PMTfied_17.parquet
2025-02-15 13:48:43 - INFO - Filtered PMTfied file saved to: /lustre/hpc/project/icecube/HE_Nu_Aske_Oct2024/PMTfied_filtered/Snowstorm/MuonLike_PureNu/22011/4/PMTfied_13.parquet
2025-02-15 13:48:46 - INFO - Filtered PMTfied file saved to: /lustre/hpc/project/icecube/HE_Nu_Aske_Oct2024/PMTfied_filtered/Snowstorm/MuonLike_PureNu/22011/4/PMTfied_6.parquet
2025-02-15 13:48:50 - INFO - Filtered PMTfied file saved to: /lustre/hpc/project/icecube/HE_Nu_Aske_Oct2024/PMTfied_filtered/Snowstorm/MuonLike_PureNu/22011/4/PMTfied_2.parquet
2025-02-15 13:48:51 - INFO - Filtered PMTfied file saved to: /lustre/hpc/project/icecube/HE_Nu_Aske_Oct2024/PMTfied_filtered/Snowstorm/MuonLike_PureNu/22011/4/PMTfied_21.parquet
2025-02-15 13:48:54 - INFO - Filtered PMTfied file saved to: /lustre/hpc/project/icecube/HE_Nu_Aske_Oct2024/PMTfied_filtered/Snowstorm/MuonLike_PureNu/22011/4/PMTfied_15.parquet
2025-02-15 13:48:58 - INFO - Filtered PMTfied file saved to: /lustre/hpc/project/icecube/HE_Nu_Aske_Oct2024/PMTfied_filtered/Snowstorm/MuonLike_PureNu/22011/4/PMTfied_11.parquet
2025-02-15 13:49:01 - INFO - Filtered PMTfied file saved to: /lustre/hpc/project/icecube/HE_Nu_Aske_Oct2024/PMTfied_filtered/Snowstorm/MuonLike_PureNu/22011/4/PMTfied_19.parquet
2025-02-15 13:49:05 - INFO - Filtered PMTfied file saved to: /lustre/hpc/project/icecube/HE_Nu_Aske_Oct2024/PMTfied_filtered/Snowstorm/MuonLike_PureNu/22011/4/PMTfied_4.parquet
2025-02-15 13:49:09 - INFO - Filtered PMTfied file saved to: /lustre/hpc/project/icecube/HE_Nu_Aske_Oct2024/PMTfied_filtered/Snowstorm/MuonLike_PureNu/22011/4/PMTfied_8.parquet
2025-02-15 13:49:12 - INFO - Filtered PMTfied file saved to: /lustre/hpc/project/icecube/HE_Nu_Aske_Oct2024/PMTfied_filtered/Snowstorm/MuonLike_PureNu/22011/4/PMTfied_9.parquet
2025-02-15 13:49:16 - INFO - Filtered PMTfied file saved to: /lustre/hpc/project/icecube/HE_Nu_Aske_Oct2024/PMTfied_filtered/Snowstorm/MuonLike_PureNu/22011/4/PMTfied_5.parquet
2025-02-15 13:49:21 - INFO - Filtered PMTfied file saved to: /lustre/hpc/project/icecube/HE_Nu_Aske_Oct2024/PMTfied_filtered/Snowstorm/MuonLike_PureNu/22011/4/PMTfied_1.parquet
2025-02-15 13:49:25 - INFO - Filtered PMTfied file saved to: /lustre/hpc/project/icecube/HE_Nu_Aske_Oct2024/PMTfied_filtered/Snowstorm/MuonLike_PureNu/22011/4/PMTfied_18.parquet
2025-02-15 13:49:28 - INFO - Filtered PMTfied file saved to: /lustre/hpc/project/icecube/HE_Nu_Aske_Oct2024/PMTfied_filtered/Snowstorm/MuonLike_PureNu/22011/4/PMTfied_14.parquet
2025-02-15 13:49:32 - INFO - Filtered PMTfied file saved to: /lustre/hpc/project/icecube/HE_Nu_Aske_Oct2024/PMTfied_filtered/Snowstorm/MuonLike_PureNu/22011/4/PMTfied_10.parquet
2025-02-15 13:49:32 - INFO - Filtering process completed.
2025-02-15 13:49:32 - INFO - Filtering process completed.
2025-02-15 13:49:32 - INFO - Unified receipt generated: /lustre/hpc/project/icecube/HE_Nu_Aske_Oct2024/PMTfied_filtered/Snowstorm/MuonLike_PureNu/22011/[Receipt]22011_4.json
2025-02-15 13:49:32 - INFO - Filtering process completed.
Job completed at Sat Feb 15 01:49:32 PM CET 2025
