Starting job at Sat Feb 15 01:47:49 PM CET 2025
Running Filter_by_part.py for subdirectory 22011, part 6
2025-02-15 13:47:51 - INFO - Event filtering process starts...
2025-02-15 13:47:51 - INFO - Initialized PureNeutrinoEventFilter filter for 22011/6
2025-02-15 13:47:53 - INFO - Loaded 5 event specifier files from /lustre/hpc/project/icecube/HE_Nu_Aske_Oct2024/clean_events_dict/22011/22011/reduced
2025-02-15 13:47:53 - INFO - Selected 2 CSV files covering event range [2294, 3394]
2025-02-15 13:47:56 - INFO - Loaded 2315044 valid (RunID, EventID) pairs from CSV files
2025-02-15 13:47:57 - INFO - Extracted 303156 valid events based on pure neutrino events.
2025-02-15 13:47:58 - INFO - Initialized Muon13Filter filter for 22011/6
2025-02-15 13:47:58 - INFO - Extracted 319871 valid events where MuonFilter_13==True.
2025-02-15 13:47:58 - INFO - Initialized CompositeEventFilter filter for 22011/6
2025-02-15 13:47:58 - INFO - Initialized (MuonLike_PureNu)
2025-02-15 13:47:58 - INFO - Starting filtering process for 22011/6
2025-02-15 13:47:58 - INFO - Starting filtering process for 22011/6
2025-02-15 13:48:09 - INFO - Recalculated 'offset' column based on filtered 'N_doms' values.
2025-02-15 13:48:11 - INFO - Filtered truth file saved to: /lustre/hpc/project/icecube/HE_Nu_Aske_Oct2024/PMTfied_filtered/Snowstorm/MuonLike_PureNu/22011/truth_6.parquet
2025-02-15 13:48:14 - INFO - Filtered PMTfied file saved to: /lustre/hpc/project/icecube/HE_Nu_Aske_Oct2024/PMTfied_filtered/Snowstorm/MuonLike_PureNu/22011/6/PMTfied_10.parquet
2025-02-15 13:48:18 - INFO - Filtered PMTfied file saved to: /lustre/hpc/project/icecube/HE_Nu_Aske_Oct2024/PMTfied_filtered/Snowstorm/MuonLike_PureNu/22011/6/PMTfied_14.parquet
2025-02-15 13:48:21 - INFO - Filtered PMTfied file saved to: /lustre/hpc/project/icecube/HE_Nu_Aske_Oct2024/PMTfied_filtered/Snowstorm/MuonLike_PureNu/22011/6/PMTfied_18.parquet
2025-02-15 13:48:25 - INFO - Filtered PMTfied file saved to: /lustre/hpc/project/icecube/HE_Nu_Aske_Oct2024/PMTfied_filtered/Snowstorm/MuonLike_PureNu/22011/6/PMTfied_9.parquet
2025-02-15 13:48:29 - INFO - Filtered PMTfied file saved to: /lustre/hpc/project/icecube/HE_Nu_Aske_Oct2024/PMTfied_filtered/Snowstorm/MuonLike_PureNu/22011/6/PMTfied_1.parquet
2025-02-15 13:48:32 - INFO - Filtered PMTfied file saved to: /lustre/hpc/project/icecube/HE_Nu_Aske_Oct2024/PMTfied_filtered/Snowstorm/MuonLike_PureNu/22011/6/PMTfied_5.parquet
2025-02-15 13:48:36 - INFO - Filtered PMTfied file saved to: /lustre/hpc/project/icecube/HE_Nu_Aske_Oct2024/PMTfied_filtered/Snowstorm/MuonLike_PureNu/22011/6/PMTfied_4.parquet
2025-02-15 13:48:39 - INFO - Filtered PMTfied file saved to: /lustre/hpc/project/icecube/HE_Nu_Aske_Oct2024/PMTfied_filtered/Snowstorm/MuonLike_PureNu/22011/6/PMTfied_8.parquet
2025-02-15 13:48:45 - INFO - Filtered PMTfied file saved to: /lustre/hpc/project/icecube/HE_Nu_Aske_Oct2024/PMTfied_filtered/Snowstorm/MuonLike_PureNu/22011/6/PMTfied_19.parquet
2025-02-15 13:48:49 - INFO - Filtered PMTfied file saved to: /lustre/hpc/project/icecube/HE_Nu_Aske_Oct2024/PMTfied_filtered/Snowstorm/MuonLike_PureNu/22011/6/PMTfied_11.parquet
2025-02-15 13:48:52 - INFO - Filtered PMTfied file saved to: /lustre/hpc/project/icecube/HE_Nu_Aske_Oct2024/PMTfied_filtered/Snowstorm/MuonLike_PureNu/22011/6/PMTfied_15.parquet
2025-02-15 13:48:56 - INFO - Filtered PMTfied file saved to: /lustre/hpc/project/icecube/HE_Nu_Aske_Oct2024/PMTfied_filtered/Snowstorm/MuonLike_PureNu/22011/6/PMTfied_2.parquet
2025-02-15 13:48:59 - INFO - Filtered PMTfied file saved to: /lustre/hpc/project/icecube/HE_Nu_Aske_Oct2024/PMTfied_filtered/Snowstorm/MuonLike_PureNu/22011/6/PMTfied_6.parquet
2025-02-15 13:49:00 - INFO - Filtered PMTfied file saved to: /lustre/hpc/project/icecube/HE_Nu_Aske_Oct2024/PMTfied_filtered/Snowstorm/MuonLike_PureNu/22011/6/PMTfied_21.parquet
2025-02-15 13:49:03 - INFO - Filtered PMTfied file saved to: /lustre/hpc/project/icecube/HE_Nu_Aske_Oct2024/PMTfied_filtered/Snowstorm/MuonLike_PureNu/22011/6/PMTfied_13.parquet
2025-02-15 13:49:07 - INFO - Filtered PMTfied file saved to: /lustre/hpc/project/icecube/HE_Nu_Aske_Oct2024/PMTfied_filtered/Snowstorm/MuonLike_PureNu/22011/6/PMTfied_17.parquet
2025-02-15 13:49:10 - INFO - Filtered PMTfied file saved to: /lustre/hpc/project/icecube/HE_Nu_Aske_Oct2024/PMTfied_filtered/Snowstorm/MuonLike_PureNu/22011/6/PMTfied_12.parquet
2025-02-15 13:49:14 - INFO - Filtered PMTfied file saved to: /lustre/hpc/project/icecube/HE_Nu_Aske_Oct2024/PMTfied_filtered/Snowstorm/MuonLike_PureNu/22011/6/PMTfied_16.parquet
2025-02-15 13:49:17 - INFO - Filtered PMTfied file saved to: /lustre/hpc/project/icecube/HE_Nu_Aske_Oct2024/PMTfied_filtered/Snowstorm/MuonLike_PureNu/22011/6/PMTfied_3.parquet
2025-02-15 13:49:21 - INFO - Filtered PMTfied file saved to: /lustre/hpc/project/icecube/HE_Nu_Aske_Oct2024/PMTfied_filtered/Snowstorm/MuonLike_PureNu/22011/6/PMTfied_7.parquet
2025-02-15 13:49:25 - INFO - Filtered PMTfied file saved to: /lustre/hpc/project/icecube/HE_Nu_Aske_Oct2024/PMTfied_filtered/Snowstorm/MuonLike_PureNu/22011/6/PMTfied_20.parquet
2025-02-15 13:49:25 - INFO - Filtering process completed.
2025-02-15 13:49:25 - INFO - Filtering process completed.
2025-02-15 13:49:25 - INFO - Unified receipt generated: /lustre/hpc/project/icecube/HE_Nu_Aske_Oct2024/PMTfied_filtered/Snowstorm/MuonLike_PureNu/22011/[Receipt]22011_6.json
2025-02-15 13:49:25 - INFO - Filtering process completed.
Job completed at Sat Feb 15 01:49:25 PM CET 2025
