Starting job at Sat Feb 15 12:00:22 PM CET 2025
Running Filter_by_part.py for subdirectory 22011, part 2
2025-02-15 12:00:27 - INFO - Event filtering process starts...
2025-02-15 12:00:27 - INFO - Initialized PureNeutrinoEventFilter filter for 22011/2
2025-02-15 12:00:35 - INFO - Loaded 5 event specifier files from /lustre/hpc/project/icecube/HE_Nu_Aske_Oct2024/clean_events_dict/22011/22011/reduced
2025-02-15 12:00:36 - INFO - Selected 2 CSV files covering event range [14, 1130]
2025-02-15 12:00:40 - INFO - Loaded 2316378 valid (RunID, EventID) pairs from CSV files
2025-02-15 12:00:41 - INFO - Extracted 304646 valid events based on pure neutrino events.
2025-02-15 12:00:42 - INFO - Initialized CompositeEventFilter filter for 22011/2
2025-02-15 12:00:42 - INFO - Initialized (PureNu)
2025-02-15 12:00:42 - INFO - Starting filtering process for 22011/2
2025-02-15 12:00:42 - INFO - Starting filtering process for 22011/2
2025-02-15 12:00:54 - INFO - Recalculated 'offset' column based on filtered 'N_doms' values.
2025-02-15 12:00:56 - INFO - Filtered truth file saved to: /lustre/hpc/project/icecube/HE_Nu_Aske_Oct2024/PMTfied_filtered/Snowstorm/PureNu/22011/truth_2.parquet
2025-02-15 12:01:10 - INFO - Filtered PMTfied file saved to: /lustre/hpc/project/icecube/HE_Nu_Aske_Oct2024/PMTfied_filtered/Snowstorm/PureNu/22011/2/PMTfied_19.parquet
2025-02-15 12:01:14 - INFO - Filtered PMTfied file saved to: /lustre/hpc/project/icecube/HE_Nu_Aske_Oct2024/PMTfied_filtered/Snowstorm/PureNu/22011/2/PMTfied_15.parquet
2025-02-15 12:01:18 - INFO - Filtered PMTfied file saved to: /lustre/hpc/project/icecube/HE_Nu_Aske_Oct2024/PMTfied_filtered/Snowstorm/PureNu/22011/2/PMTfied_11.parquet
2025-02-15 12:01:21 - INFO - Filtered PMTfied file saved to: /lustre/hpc/project/icecube/HE_Nu_Aske_Oct2024/PMTfied_filtered/Snowstorm/PureNu/22011/2/PMTfied_9.parquet
2025-02-15 12:01:25 - INFO - Filtered PMTfied file saved to: /lustre/hpc/project/icecube/HE_Nu_Aske_Oct2024/PMTfied_filtered/Snowstorm/PureNu/22011/2/PMTfied_1.parquet
2025-02-15 12:01:29 - INFO - Filtered PMTfied file saved to: /lustre/hpc/project/icecube/HE_Nu_Aske_Oct2024/PMTfied_filtered/Snowstorm/PureNu/22011/2/PMTfied_5.parquet
2025-02-15 12:01:35 - INFO - Filtered PMTfied file saved to: /lustre/hpc/project/icecube/HE_Nu_Aske_Oct2024/PMTfied_filtered/Snowstorm/PureNu/22011/2/PMTfied_14.parquet
2025-02-15 12:01:39 - INFO - Filtered PMTfied file saved to: /lustre/hpc/project/icecube/HE_Nu_Aske_Oct2024/PMTfied_filtered/Snowstorm/PureNu/22011/2/PMTfied_10.parquet
2025-02-15 12:01:43 - INFO - Filtered PMTfied file saved to: /lustre/hpc/project/icecube/HE_Nu_Aske_Oct2024/PMTfied_filtered/Snowstorm/PureNu/22011/2/PMTfied_18.parquet
2025-02-15 12:01:47 - INFO - Filtered PMTfied file saved to: /lustre/hpc/project/icecube/HE_Nu_Aske_Oct2024/PMTfied_filtered/Snowstorm/PureNu/22011/2/PMTfied_4.parquet
2025-02-15 12:01:51 - INFO - Filtered PMTfied file saved to: /lustre/hpc/project/icecube/HE_Nu_Aske_Oct2024/PMTfied_filtered/Snowstorm/PureNu/22011/2/PMTfied_8.parquet
2025-02-15 12:01:58 - INFO - Filtered PMTfied file saved to: /lustre/hpc/project/icecube/HE_Nu_Aske_Oct2024/PMTfied_filtered/Snowstorm/PureNu/22011/2/PMTfied_2.parquet
2025-02-15 12:02:02 - INFO - Filtered PMTfied file saved to: /lustre/hpc/project/icecube/HE_Nu_Aske_Oct2024/PMTfied_filtered/Snowstorm/PureNu/22011/2/PMTfied_6.parquet
2025-02-15 12:02:05 - INFO - Filtered PMTfied file saved to: /lustre/hpc/project/icecube/HE_Nu_Aske_Oct2024/PMTfied_filtered/Snowstorm/PureNu/22011/2/PMTfied_16.parquet
2025-02-15 12:02:11 - INFO - Filtered PMTfied file saved to: /lustre/hpc/project/icecube/HE_Nu_Aske_Oct2024/PMTfied_filtered/Snowstorm/PureNu/22011/2/PMTfied_12.parquet
2025-02-15 12:02:17 - INFO - Filtered PMTfied file saved to: /lustre/hpc/project/icecube/HE_Nu_Aske_Oct2024/PMTfied_filtered/Snowstorm/PureNu/22011/2/PMTfied_20.parquet
2025-02-15 12:02:17 - INFO - Filtered PMTfied file saved to: /lustre/hpc/project/icecube/HE_Nu_Aske_Oct2024/PMTfied_filtered/Snowstorm/PureNu/22011/2/PMTfied_21.parquet
2025-02-15 12:02:21 - INFO - Filtered PMTfied file saved to: /lustre/hpc/project/icecube/HE_Nu_Aske_Oct2024/PMTfied_filtered/Snowstorm/PureNu/22011/2/PMTfied_3.parquet
2025-02-15 12:02:25 - INFO - Filtered PMTfied file saved to: /lustre/hpc/project/icecube/HE_Nu_Aske_Oct2024/PMTfied_filtered/Snowstorm/PureNu/22011/2/PMTfied_7.parquet
2025-02-15 12:02:31 - INFO - Filtered PMTfied file saved to: /lustre/hpc/project/icecube/HE_Nu_Aske_Oct2024/PMTfied_filtered/Snowstorm/PureNu/22011/2/PMTfied_17.parquet
2025-02-15 12:02:36 - INFO - Filtered PMTfied file saved to: /lustre/hpc/project/icecube/HE_Nu_Aske_Oct2024/PMTfied_filtered/Snowstorm/PureNu/22011/2/PMTfied_13.parquet
2025-02-15 12:02:36 - INFO - Filtering process completed.
2025-02-15 12:02:36 - INFO - Filtering process completed.
2025-02-15 12:02:37 - INFO - Unified receipt generated: /lustre/hpc/project/icecube/HE_Nu_Aske_Oct2024/PMTfied_filtered/Snowstorm/PureNu/22011/[Receipt]22011_2.json
2025-02-15 12:02:37 - INFO - Filtering process completed.
Job completed at Sat Feb 15 12:02:37 PM CET 2025
