Starting job at Thu Feb 13 04:33:45 PM CET 2025
Running Filter_by_part.py for subdirectory 22011, part 1
2025-02-13 16:33:45 - INFO - Event filtering process starts...
2025-02-13 16:33:45 - INFO - Initialized Muon13Filter
2025-02-13 16:33:45 - INFO - Starting filtering process for 22011/1
2025-02-13 16:34:00 - INFO - Recalculated 'offset' column based on filtered 'N_doms' values.
2025-02-13 16:34:03 - INFO - Filtered truth file saved to: /lustre/hpc/project/icecube/HE_Nu_Aske_Oct2024/PMTfied_filtered/MuonLike/Snowstorm/22011/truth_1.parquet
2025-02-13 16:34:03 - INFO - Receipt file saved to: /lustre/hpc/project/icecube/HE_Nu_Aske_Oct2024/PMTfied_filtered/MuonLike/Snowstorm/22011/[Receipt]22011_1.json
2025-02-13 16:34:07 - INFO - Filtered PMTfied file saved to: /lustre/hpc/project/icecube/HE_Nu_Aske_Oct2024/PMTfied_filtered/MuonLike/Snowstorm/22011/1/PMTfied_15.parquet
2025-02-13 16:34:12 - INFO - Filtered PMTfied file saved to: /lustre/hpc/project/icecube/HE_Nu_Aske_Oct2024/PMTfied_filtered/MuonLike/Snowstorm/22011/1/PMTfied_11.parquet
2025-02-13 16:34:17 - INFO - Filtered PMTfied file saved to: /lustre/hpc/project/icecube/HE_Nu_Aske_Oct2024/PMTfied_filtered/MuonLike/Snowstorm/22011/1/PMTfied_19.parquet
2025-02-13 16:34:22 - INFO - Filtered PMTfied file saved to: /lustre/hpc/project/icecube/HE_Nu_Aske_Oct2024/PMTfied_filtered/MuonLike/Snowstorm/22011/1/PMTfied_6.parquet
2025-02-13 16:34:26 - INFO - Filtered PMTfied file saved to: /lustre/hpc/project/icecube/HE_Nu_Aske_Oct2024/PMTfied_filtered/MuonLike/Snowstorm/22011/1/PMTfied_2.parquet
2025-02-13 16:34:32 - INFO - Filtered PMTfied file saved to: /lustre/hpc/project/icecube/HE_Nu_Aske_Oct2024/PMTfied_filtered/MuonLike/Snowstorm/22011/1/PMTfied_7.parquet
2025-02-13 16:34:37 - INFO - Filtered PMTfied file saved to: /lustre/hpc/project/icecube/HE_Nu_Aske_Oct2024/PMTfied_filtered/MuonLike/Snowstorm/22011/1/PMTfied_3.parquet
2025-02-13 16:34:42 - INFO - Filtered PMTfied file saved to: /lustre/hpc/project/icecube/HE_Nu_Aske_Oct2024/PMTfied_filtered/MuonLike/Snowstorm/22011/1/PMTfied_18.parquet
2025-02-13 16:34:47 - INFO - Filtered PMTfied file saved to: /lustre/hpc/project/icecube/HE_Nu_Aske_Oct2024/PMTfied_filtered/MuonLike/Snowstorm/22011/1/PMTfied_14.parquet
2025-02-13 16:34:52 - INFO - Filtered PMTfied file saved to: /lustre/hpc/project/icecube/HE_Nu_Aske_Oct2024/PMTfied_filtered/MuonLike/Snowstorm/22011/1/PMTfied_10.parquet
2025-02-13 16:34:56 - INFO - Filtered PMTfied file saved to: /lustre/hpc/project/icecube/HE_Nu_Aske_Oct2024/PMTfied_filtered/MuonLike/Snowstorm/22011/1/PMTfied_20.parquet
2025-02-13 16:35:01 - INFO - Filtered PMTfied file saved to: /lustre/hpc/project/icecube/HE_Nu_Aske_Oct2024/PMTfied_filtered/MuonLike/Snowstorm/22011/1/PMTfied_9.parquet
2025-02-13 16:35:06 - INFO - Filtered PMTfied file saved to: /lustre/hpc/project/icecube/HE_Nu_Aske_Oct2024/PMTfied_filtered/MuonLike/Snowstorm/22011/1/PMTfied_5.parquet
2025-02-13 16:35:10 - INFO - Filtered PMTfied file saved to: /lustre/hpc/project/icecube/HE_Nu_Aske_Oct2024/PMTfied_filtered/MuonLike/Snowstorm/22011/1/PMTfied_1.parquet
2025-02-13 16:35:15 - INFO - Filtered PMTfied file saved to: /lustre/hpc/project/icecube/HE_Nu_Aske_Oct2024/PMTfied_filtered/MuonLike/Snowstorm/22011/1/PMTfied_16.parquet
2025-02-13 16:35:19 - INFO - Filtered PMTfied file saved to: /lustre/hpc/project/icecube/HE_Nu_Aske_Oct2024/PMTfied_filtered/MuonLike/Snowstorm/22011/1/PMTfied_12.parquet
2025-02-13 16:35:25 - INFO - Filtered PMTfied file saved to: /lustre/hpc/project/icecube/HE_Nu_Aske_Oct2024/PMTfied_filtered/MuonLike/Snowstorm/22011/1/PMTfied_17.parquet
2025-02-13 16:35:30 - INFO - Filtered PMTfied file saved to: /lustre/hpc/project/icecube/HE_Nu_Aske_Oct2024/PMTfied_filtered/MuonLike/Snowstorm/22011/1/PMTfied_13.parquet
2025-02-13 16:35:30 - INFO - Filtered PMTfied file saved to: /lustre/hpc/project/icecube/HE_Nu_Aske_Oct2024/PMTfied_filtered/MuonLike/Snowstorm/22011/1/PMTfied_21.parquet
2025-02-13 16:35:35 - INFO - Filtered PMTfied file saved to: /lustre/hpc/project/icecube/HE_Nu_Aske_Oct2024/PMTfied_filtered/MuonLike/Snowstorm/22011/1/PMTfied_4.parquet
2025-02-13 16:35:39 - INFO - Filtered PMTfied file saved to: /lustre/hpc/project/icecube/HE_Nu_Aske_Oct2024/PMTfied_filtered/MuonLike/Snowstorm/22011/1/PMTfied_8.parquet
2025-02-13 16:35:39 - INFO - Filtering process completed.
2025-02-13 16:35:39 - INFO - Filtering process completed for all selected filters.
Job completed at Thu Feb 13 04:35:40 PM CET 2025
