Starting job at Sat Feb 15 12:54:36 PM CET 2025
Running Filter_by_part.py for subdirectory 22011, part 8
2025-02-15 12:54:38 - INFO - Event filtering process starts...
2025-02-15 12:54:38 - INFO - Initialized Muon13Filter filter for 22011/8
2025-02-15 12:54:41 - INFO - Extracted 321541 valid events where MuonFilter_13==True.
2025-02-15 12:54:41 - INFO - Initialized CompositeEventFilter filter for 22011/8
2025-02-15 12:54:41 - INFO - Initialized (MuonLike)
2025-02-15 12:54:41 - INFO - Starting filtering process for 22011/8
2025-02-15 12:54:41 - INFO - Starting filtering process for 22011/8
2025-02-15 12:54:54 - INFO - Recalculated 'offset' column based on filtered 'N_doms' values.
2025-02-15 12:55:09 - INFO - Filtered truth file saved to: /lustre/hpc/project/icecube/HE_Nu_Aske_Oct2024/PMTfied_filtered/Snowstorm/MuonLike/22011/truth_8.parquet
2025-02-15 12:55:13 - INFO - Filtered PMTfied file saved to: /lustre/hpc/project/icecube/HE_Nu_Aske_Oct2024/PMTfied_filtered/Snowstorm/MuonLike/22011/8/PMTfied_4.parquet
2025-02-15 12:55:21 - INFO - Filtered PMTfied file saved to: /lustre/hpc/project/icecube/HE_Nu_Aske_Oct2024/PMTfied_filtered/Snowstorm/MuonLike/22011/8/PMTfied_8.parquet
2025-02-15 12:55:25 - INFO - Filtered PMTfied file saved to: /lustre/hpc/project/icecube/HE_Nu_Aske_Oct2024/PMTfied_filtered/Snowstorm/MuonLike/22011/8/PMTfied_20.parquet
2025-02-15 12:55:30 - INFO - Filtered PMTfied file saved to: /lustre/hpc/project/icecube/HE_Nu_Aske_Oct2024/PMTfied_filtered/Snowstorm/MuonLike/22011/8/PMTfied_12.parquet
2025-02-15 12:55:34 - INFO - Filtered PMTfied file saved to: /lustre/hpc/project/icecube/HE_Nu_Aske_Oct2024/PMTfied_filtered/Snowstorm/MuonLike/22011/8/PMTfied_16.parquet
2025-02-15 12:55:38 - INFO - Filtered PMTfied file saved to: /lustre/hpc/project/icecube/HE_Nu_Aske_Oct2024/PMTfied_filtered/Snowstorm/MuonLike/22011/8/PMTfied_13.parquet
2025-02-15 12:55:42 - INFO - Filtered PMTfied file saved to: /lustre/hpc/project/icecube/HE_Nu_Aske_Oct2024/PMTfied_filtered/Snowstorm/MuonLike/22011/8/PMTfied_17.parquet
2025-02-15 12:55:46 - INFO - Filtered PMTfied file saved to: /lustre/hpc/project/icecube/HE_Nu_Aske_Oct2024/PMTfied_filtered/Snowstorm/MuonLike/22011/8/PMTfied_9.parquet
2025-02-15 12:55:47 - INFO - Filtered PMTfied file saved to: /lustre/hpc/project/icecube/HE_Nu_Aske_Oct2024/PMTfied_filtered/Snowstorm/MuonLike/22011/8/PMTfied_21.parquet
2025-02-15 12:55:51 - INFO - Filtered PMTfied file saved to: /lustre/hpc/project/icecube/HE_Nu_Aske_Oct2024/PMTfied_filtered/Snowstorm/MuonLike/22011/8/PMTfied_5.parquet
2025-02-15 12:55:55 - INFO - Filtered PMTfied file saved to: /lustre/hpc/project/icecube/HE_Nu_Aske_Oct2024/PMTfied_filtered/Snowstorm/MuonLike/22011/8/PMTfied_1.parquet
2025-02-15 12:55:59 - INFO - Filtered PMTfied file saved to: /lustre/hpc/project/icecube/HE_Nu_Aske_Oct2024/PMTfied_filtered/Snowstorm/MuonLike/22011/8/PMTfied_19.parquet
2025-02-15 12:56:03 - INFO - Filtered PMTfied file saved to: /lustre/hpc/project/icecube/HE_Nu_Aske_Oct2024/PMTfied_filtered/Snowstorm/MuonLike/22011/8/PMTfied_11.parquet
2025-02-15 12:56:08 - INFO - Filtered PMTfied file saved to: /lustre/hpc/project/icecube/HE_Nu_Aske_Oct2024/PMTfied_filtered/Snowstorm/MuonLike/22011/8/PMTfied_15.parquet
2025-02-15 12:56:12 - INFO - Filtered PMTfied file saved to: /lustre/hpc/project/icecube/HE_Nu_Aske_Oct2024/PMTfied_filtered/Snowstorm/MuonLike/22011/8/PMTfied_7.parquet
2025-02-15 12:56:16 - INFO - Filtered PMTfied file saved to: /lustre/hpc/project/icecube/HE_Nu_Aske_Oct2024/PMTfied_filtered/Snowstorm/MuonLike/22011/8/PMTfied_3.parquet
2025-02-15 12:56:20 - INFO - Filtered PMTfied file saved to: /lustre/hpc/project/icecube/HE_Nu_Aske_Oct2024/PMTfied_filtered/Snowstorm/MuonLike/22011/8/PMTfied_6.parquet
2025-02-15 12:56:24 - INFO - Filtered PMTfied file saved to: /lustre/hpc/project/icecube/HE_Nu_Aske_Oct2024/PMTfied_filtered/Snowstorm/MuonLike/22011/8/PMTfied_2.parquet
2025-02-15 12:56:28 - INFO - Filtered PMTfied file saved to: /lustre/hpc/project/icecube/HE_Nu_Aske_Oct2024/PMTfied_filtered/Snowstorm/MuonLike/22011/8/PMTfied_10.parquet
2025-02-15 12:56:32 - INFO - Filtered PMTfied file saved to: /lustre/hpc/project/icecube/HE_Nu_Aske_Oct2024/PMTfied_filtered/Snowstorm/MuonLike/22011/8/PMTfied_14.parquet
2025-02-15 12:56:36 - INFO - Filtered PMTfied file saved to: /lustre/hpc/project/icecube/HE_Nu_Aske_Oct2024/PMTfied_filtered/Snowstorm/MuonLike/22011/8/PMTfied_18.parquet
2025-02-15 12:56:36 - INFO - Filtering process completed.
2025-02-15 12:56:36 - INFO - Filtering process completed.
2025-02-15 12:56:38 - INFO - Unified receipt generated: /lustre/hpc/project/icecube/HE_Nu_Aske_Oct2024/PMTfied_filtered/Snowstorm/MuonLike/22011/[Receipt]22011_8.json
2025-02-15 12:56:38 - INFO - Filtering process completed.
Job completed at Sat Feb 15 12:56:38 PM CET 2025
