Starting job at Mon Feb 17 04:08:30 PM CET 2025
Running Filter_by_part.py for subdirectory 22011, part 9
2025-02-17 16:08:30 - INFO - Event filtering process starts...
2025-02-17 16:08:30 - INFO - Initialized Muon13Filter filter for 22011/9
2025-02-17 16:08:31 - INFO - Extracted 320625 valid events where MuonFilter_13==True.
2025-02-17 16:08:31 - INFO - Initialized CompositeEventFilter filter for 22011/9
2025-02-17 16:08:31 - INFO - Initialized (MuonLike)
2025-02-17 16:08:31 - INFO - Starting filtering process for 22011/9
2025-02-17 16:08:31 - INFO - Starting filtering process for 22011/9
2025-02-17 16:08:37 - INFO - Recalculated 'offset' column based on 'N_doms' values within each 'shard_no' group.
2025-02-17 16:08:39 - INFO - Filtered truth file saved to: /lustre/hpc/project/icecube/HE_Nu_Aske_Oct2024/PMTfied_filtered/Snowstorm/MuonLike/22011/truth_9.parquet
2025-02-17 16:08:41 - INFO - Filtered PMTfied file saved to: /lustre/hpc/project/icecube/HE_Nu_Aske_Oct2024/PMTfied_filtered/Snowstorm/MuonLike/22011/9/PMTfied_5.parquet
2025-02-17 16:08:43 - INFO - Filtered PMTfied file saved to: /lustre/hpc/project/icecube/HE_Nu_Aske_Oct2024/PMTfied_filtered/Snowstorm/MuonLike/22011/9/PMTfied_1.parquet
2025-02-17 16:08:45 - INFO - Filtered PMTfied file saved to: /lustre/hpc/project/icecube/HE_Nu_Aske_Oct2024/PMTfied_filtered/Snowstorm/MuonLike/22011/9/PMTfied_9.parquet
2025-02-17 16:08:49 - INFO - Filtered PMTfied file saved to: /lustre/hpc/project/icecube/HE_Nu_Aske_Oct2024/PMTfied_filtered/Snowstorm/MuonLike/22011/9/PMTfied_18.parquet
2025-02-17 16:08:51 - INFO - Filtered PMTfied file saved to: /lustre/hpc/project/icecube/HE_Nu_Aske_Oct2024/PMTfied_filtered/Snowstorm/MuonLike/22011/9/PMTfied_10.parquet
2025-02-17 16:08:56 - INFO - Filtered PMTfied file saved to: /lustre/hpc/project/icecube/HE_Nu_Aske_Oct2024/PMTfied_filtered/Snowstorm/MuonLike/22011/9/PMTfied_14.parquet
2025-02-17 16:08:58 - INFO - Filtered PMTfied file saved to: /lustre/hpc/project/icecube/HE_Nu_Aske_Oct2024/PMTfied_filtered/Snowstorm/MuonLike/22011/9/PMTfied_8.parquet
2025-02-17 16:09:00 - INFO - Filtered PMTfied file saved to: /lustre/hpc/project/icecube/HE_Nu_Aske_Oct2024/PMTfied_filtered/Snowstorm/MuonLike/22011/9/PMTfied_4.parquet
2025-02-17 16:09:02 - INFO - Filtered PMTfied file saved to: /lustre/hpc/project/icecube/HE_Nu_Aske_Oct2024/PMTfied_filtered/Snowstorm/MuonLike/22011/9/PMTfied_11.parquet
2025-02-17 16:09:06 - INFO - Filtered PMTfied file saved to: /lustre/hpc/project/icecube/HE_Nu_Aske_Oct2024/PMTfied_filtered/Snowstorm/MuonLike/22011/9/PMTfied_15.parquet
2025-02-17 16:09:09 - INFO - Filtered PMTfied file saved to: /lustre/hpc/project/icecube/HE_Nu_Aske_Oct2024/PMTfied_filtered/Snowstorm/MuonLike/22011/9/PMTfied_19.parquet
2025-02-17 16:09:09 - INFO - Filtered PMTfied file saved to: /lustre/hpc/project/icecube/HE_Nu_Aske_Oct2024/PMTfied_filtered/Snowstorm/MuonLike/22011/9/PMTfied_21.parquet
2025-02-17 16:09:11 - INFO - Filtered PMTfied file saved to: /lustre/hpc/project/icecube/HE_Nu_Aske_Oct2024/PMTfied_filtered/Snowstorm/MuonLike/22011/9/PMTfied_6.parquet
2025-02-17 16:09:13 - INFO - Filtered PMTfied file saved to: /lustre/hpc/project/icecube/HE_Nu_Aske_Oct2024/PMTfied_filtered/Snowstorm/MuonLike/22011/9/PMTfied_2.parquet
2025-02-17 16:09:15 - INFO - Filtered PMTfied file saved to: /lustre/hpc/project/icecube/HE_Nu_Aske_Oct2024/PMTfied_filtered/Snowstorm/MuonLike/22011/9/PMTfied_13.parquet
2025-02-17 16:09:17 - INFO - Filtered PMTfied file saved to: /lustre/hpc/project/icecube/HE_Nu_Aske_Oct2024/PMTfied_filtered/Snowstorm/MuonLike/22011/9/PMTfied_17.parquet
2025-02-17 16:09:20 - INFO - Filtered PMTfied file saved to: /lustre/hpc/project/icecube/HE_Nu_Aske_Oct2024/PMTfied_filtered/Snowstorm/MuonLike/22011/9/PMTfied_7.parquet
2025-02-17 16:09:24 - INFO - Filtered PMTfied file saved to: /lustre/hpc/project/icecube/HE_Nu_Aske_Oct2024/PMTfied_filtered/Snowstorm/MuonLike/22011/9/PMTfied_3.parquet
2025-02-17 16:09:26 - INFO - Filtered PMTfied file saved to: /lustre/hpc/project/icecube/HE_Nu_Aske_Oct2024/PMTfied_filtered/Snowstorm/MuonLike/22011/9/PMTfied_12.parquet
2025-02-17 16:09:28 - INFO - Filtered PMTfied file saved to: /lustre/hpc/project/icecube/HE_Nu_Aske_Oct2024/PMTfied_filtered/Snowstorm/MuonLike/22011/9/PMTfied_16.parquet
2025-02-17 16:09:31 - INFO - Filtered PMTfied file saved to: /lustre/hpc/project/icecube/HE_Nu_Aske_Oct2024/PMTfied_filtered/Snowstorm/MuonLike/22011/9/PMTfied_20.parquet
2025-02-17 16:09:31 - INFO - Filtering process completed.
2025-02-17 16:09:31 - INFO - Filtering process completed.
2025-02-17 16:09:31 - INFO - Unified receipt generated: /lustre/hpc/project/icecube/HE_Nu_Aske_Oct2024/PMTfied_filtered/Snowstorm/MuonLike/22011/[Receipt]22011_9.json
2025-02-17 16:09:31 - INFO - Filtering process completed.
Job completed at Mon Feb 17 04:09:31 PM CET 2025
