Starting job at Sat Feb 15 01:47:49 PM CET 2025
Running Filter_by_part.py for subdirectory 22011, part 7
2025-02-15 13:47:51 - INFO - Event filtering process starts...
2025-02-15 13:47:51 - INFO - Initialized PureNeutrinoEventFilter filter for 22011/7
2025-02-15 13:47:53 - INFO - Loaded 5 event specifier files from /lustre/hpc/project/icecube/HE_Nu_Aske_Oct2024/clean_events_dict/22011/22011/reduced
2025-02-15 13:47:53 - INFO - Selected 3 CSV files covering event range [2315, 4389]
2025-02-15 13:47:57 - INFO - Loaded 2893521 valid (RunID, EventID) pairs from CSV files
2025-02-15 13:47:58 - INFO - Extracted 304485 valid events based on pure neutrino events.
2025-02-15 13:47:59 - INFO - Initialized Muon13Filter filter for 22011/7
2025-02-15 13:47:59 - INFO - Extracted 321079 valid events where MuonFilter_13==True.
2025-02-15 13:47:59 - INFO - Initialized CompositeEventFilter filter for 22011/7
2025-02-15 13:47:59 - INFO - Initialized (MuonLike_PureNu)
2025-02-15 13:47:59 - INFO - Starting filtering process for 22011/7
2025-02-15 13:47:59 - INFO - Starting filtering process for 22011/7
2025-02-15 13:48:10 - INFO - Recalculated 'offset' column based on filtered 'N_doms' values.
2025-02-15 13:48:12 - INFO - Filtered truth file saved to: /lustre/hpc/project/icecube/HE_Nu_Aske_Oct2024/PMTfied_filtered/Snowstorm/MuonLike_PureNu/22011/truth_7.parquet
2025-02-15 13:48:17 - INFO - Filtered PMTfied file saved to: /lustre/hpc/project/icecube/HE_Nu_Aske_Oct2024/PMTfied_filtered/Snowstorm/MuonLike_PureNu/22011/7/PMTfied_17.parquet
2025-02-15 13:48:21 - INFO - Filtered PMTfied file saved to: /lustre/hpc/project/icecube/HE_Nu_Aske_Oct2024/PMTfied_filtered/Snowstorm/MuonLike_PureNu/22011/7/PMTfied_13.parquet
2025-02-15 13:48:24 - INFO - Filtered PMTfied file saved to: /lustre/hpc/project/icecube/HE_Nu_Aske_Oct2024/PMTfied_filtered/Snowstorm/MuonLike_PureNu/22011/7/PMTfied_2.parquet
2025-02-15 13:48:30 - INFO - Filtered PMTfied file saved to: /lustre/hpc/project/icecube/HE_Nu_Aske_Oct2024/PMTfied_filtered/Snowstorm/MuonLike_PureNu/22011/7/PMTfied_6.parquet
2025-02-15 13:48:30 - INFO - Filtered PMTfied file saved to: /lustre/hpc/project/icecube/HE_Nu_Aske_Oct2024/PMTfied_filtered/Snowstorm/MuonLike_PureNu/22011/7/PMTfied_21.parquet
2025-02-15 13:48:34 - INFO - Filtered PMTfied file saved to: /lustre/hpc/project/icecube/HE_Nu_Aske_Oct2024/PMTfied_filtered/Snowstorm/MuonLike_PureNu/22011/7/PMTfied_3.parquet
2025-02-15 13:48:37 - INFO - Filtered PMTfied file saved to: /lustre/hpc/project/icecube/HE_Nu_Aske_Oct2024/PMTfied_filtered/Snowstorm/MuonLike_PureNu/22011/7/PMTfied_7.parquet
2025-02-15 13:48:41 - INFO - Filtered PMTfied file saved to: /lustre/hpc/project/icecube/HE_Nu_Aske_Oct2024/PMTfied_filtered/Snowstorm/MuonLike_PureNu/22011/7/PMTfied_20.parquet
2025-02-15 13:48:45 - INFO - Filtered PMTfied file saved to: /lustre/hpc/project/icecube/HE_Nu_Aske_Oct2024/PMTfied_filtered/Snowstorm/MuonLike_PureNu/22011/7/PMTfied_16.parquet
2025-02-15 13:48:48 - INFO - Filtered PMTfied file saved to: /lustre/hpc/project/icecube/HE_Nu_Aske_Oct2024/PMTfied_filtered/Snowstorm/MuonLike_PureNu/22011/7/PMTfied_12.parquet
2025-02-15 13:48:52 - INFO - Filtered PMTfied file saved to: /lustre/hpc/project/icecube/HE_Nu_Aske_Oct2024/PMTfied_filtered/Snowstorm/MuonLike_PureNu/22011/7/PMTfied_9.parquet
2025-02-15 13:48:55 - INFO - Filtered PMTfied file saved to: /lustre/hpc/project/icecube/HE_Nu_Aske_Oct2024/PMTfied_filtered/Snowstorm/MuonLike_PureNu/22011/7/PMTfied_1.parquet
2025-02-15 13:48:59 - INFO - Filtered PMTfied file saved to: /lustre/hpc/project/icecube/HE_Nu_Aske_Oct2024/PMTfied_filtered/Snowstorm/MuonLike_PureNu/22011/7/PMTfied_5.parquet
2025-02-15 13:49:02 - INFO - Filtered PMTfied file saved to: /lustre/hpc/project/icecube/HE_Nu_Aske_Oct2024/PMTfied_filtered/Snowstorm/MuonLike_PureNu/22011/7/PMTfied_18.parquet
2025-02-15 13:49:06 - INFO - Filtered PMTfied file saved to: /lustre/hpc/project/icecube/HE_Nu_Aske_Oct2024/PMTfied_filtered/Snowstorm/MuonLike_PureNu/22011/7/PMTfied_14.parquet
2025-02-15 13:49:10 - INFO - Filtered PMTfied file saved to: /lustre/hpc/project/icecube/HE_Nu_Aske_Oct2024/PMTfied_filtered/Snowstorm/MuonLike_PureNu/22011/7/PMTfied_10.parquet
2025-02-15 13:49:13 - INFO - Filtered PMTfied file saved to: /lustre/hpc/project/icecube/HE_Nu_Aske_Oct2024/PMTfied_filtered/Snowstorm/MuonLike_PureNu/22011/7/PMTfied_15.parquet
2025-02-15 13:49:17 - INFO - Filtered PMTfied file saved to: /lustre/hpc/project/icecube/HE_Nu_Aske_Oct2024/PMTfied_filtered/Snowstorm/MuonLike_PureNu/22011/7/PMTfied_11.parquet
2025-02-15 13:49:20 - INFO - Filtered PMTfied file saved to: /lustre/hpc/project/icecube/HE_Nu_Aske_Oct2024/PMTfied_filtered/Snowstorm/MuonLike_PureNu/22011/7/PMTfied_19.parquet
2025-02-15 13:49:24 - INFO - Filtered PMTfied file saved to: /lustre/hpc/project/icecube/HE_Nu_Aske_Oct2024/PMTfied_filtered/Snowstorm/MuonLike_PureNu/22011/7/PMTfied_4.parquet
2025-02-15 13:49:27 - INFO - Filtered PMTfied file saved to: /lustre/hpc/project/icecube/HE_Nu_Aske_Oct2024/PMTfied_filtered/Snowstorm/MuonLike_PureNu/22011/7/PMTfied_8.parquet
2025-02-15 13:49:27 - INFO - Filtering process completed.
2025-02-15 13:49:27 - INFO - Filtering process completed.
2025-02-15 13:49:28 - INFO - Unified receipt generated: /lustre/hpc/project/icecube/HE_Nu_Aske_Oct2024/PMTfied_filtered/Snowstorm/MuonLike_PureNu/22011/[Receipt]22011_7.json
2025-02-15 13:49:28 - INFO - Filtering process completed.
Job completed at Sat Feb 15 01:49:28 PM CET 2025
