Starting job at Thu Feb 13 05:54:26 PM CET 2025
Running Filter_by_part.py for subdirectory 22011, part 2
2025-02-13 17:54:26 - INFO - Event filtering process starts...
2025-02-13 17:54:26 - INFO - Initialized PureNeutrinoEventFilter
2025-02-13 17:54:26 - INFO - Starting filtering process for 22011/2
2025-02-13 17:54:28 - INFO - Loaded 5 event specifier files from /lustre/hpc/project/icecube/HE_Nu_Aske_Oct2024/clean_events_dict/22011/22011/reduced
2025-02-13 17:54:28 - INFO - Selected 2 CSV files covering event range [14, 1130]
2025-02-13 17:54:32 - INFO - Loaded 2316378 valid (RunID, EventID) pairs from CSV files
2025-02-13 17:54:45 - INFO - Recalculated 'offset' column based on filtered 'N_doms' values.
2025-02-13 17:54:48 - INFO - Filtered truth file saved to: /lustre/hpc/project/icecube/HE_Nu_Aske_Oct2024/PMTfied_filtered/PureNu/Snowstorm/22011/truth_2.parquet
2025-02-13 17:54:48 - INFO - Receipt file saved to: /lustre/hpc/project/icecube/HE_Nu_Aske_Oct2024/PMTfied_filtered/PureNu/Snowstorm/22011/[Receipt]22011_2.json
2025-02-13 17:55:01 - INFO - Filtered PMTfied file saved to: /lustre/hpc/project/icecube/HE_Nu_Aske_Oct2024/PMTfied_filtered/PureNu/Snowstorm/22011/2/PMTfied_19.parquet
2025-02-13 17:55:05 - INFO - Filtered PMTfied file saved to: /lustre/hpc/project/icecube/HE_Nu_Aske_Oct2024/PMTfied_filtered/PureNu/Snowstorm/22011/2/PMTfied_15.parquet
2025-02-13 17:55:09 - INFO - Filtered PMTfied file saved to: /lustre/hpc/project/icecube/HE_Nu_Aske_Oct2024/PMTfied_filtered/PureNu/Snowstorm/22011/2/PMTfied_11.parquet
2025-02-13 17:55:12 - INFO - Filtered PMTfied file saved to: /lustre/hpc/project/icecube/HE_Nu_Aske_Oct2024/PMTfied_filtered/PureNu/Snowstorm/22011/2/PMTfied_9.parquet
2025-02-13 17:55:16 - INFO - Filtered PMTfied file saved to: /lustre/hpc/project/icecube/HE_Nu_Aske_Oct2024/PMTfied_filtered/PureNu/Snowstorm/22011/2/PMTfied_1.parquet
2025-02-13 17:55:20 - INFO - Filtered PMTfied file saved to: /lustre/hpc/project/icecube/HE_Nu_Aske_Oct2024/PMTfied_filtered/PureNu/Snowstorm/22011/2/PMTfied_5.parquet
2025-02-13 17:55:25 - INFO - Filtered PMTfied file saved to: /lustre/hpc/project/icecube/HE_Nu_Aske_Oct2024/PMTfied_filtered/PureNu/Snowstorm/22011/2/PMTfied_14.parquet
2025-02-13 17:55:29 - INFO - Filtered PMTfied file saved to: /lustre/hpc/project/icecube/HE_Nu_Aske_Oct2024/PMTfied_filtered/PureNu/Snowstorm/22011/2/PMTfied_10.parquet
2025-02-13 17:55:35 - INFO - Filtered PMTfied file saved to: /lustre/hpc/project/icecube/HE_Nu_Aske_Oct2024/PMTfied_filtered/PureNu/Snowstorm/22011/2/PMTfied_18.parquet
2025-02-13 17:55:39 - INFO - Filtered PMTfied file saved to: /lustre/hpc/project/icecube/HE_Nu_Aske_Oct2024/PMTfied_filtered/PureNu/Snowstorm/22011/2/PMTfied_4.parquet
2025-02-13 17:55:43 - INFO - Filtered PMTfied file saved to: /lustre/hpc/project/icecube/HE_Nu_Aske_Oct2024/PMTfied_filtered/PureNu/Snowstorm/22011/2/PMTfied_8.parquet
2025-02-13 17:55:46 - INFO - Filtered PMTfied file saved to: /lustre/hpc/project/icecube/HE_Nu_Aske_Oct2024/PMTfied_filtered/PureNu/Snowstorm/22011/2/PMTfied_2.parquet
2025-02-13 17:55:50 - INFO - Filtered PMTfied file saved to: /lustre/hpc/project/icecube/HE_Nu_Aske_Oct2024/PMTfied_filtered/PureNu/Snowstorm/22011/2/PMTfied_6.parquet
2025-02-13 17:55:54 - INFO - Filtered PMTfied file saved to: /lustre/hpc/project/icecube/HE_Nu_Aske_Oct2024/PMTfied_filtered/PureNu/Snowstorm/22011/2/PMTfied_16.parquet
2025-02-13 17:56:00 - INFO - Filtered PMTfied file saved to: /lustre/hpc/project/icecube/HE_Nu_Aske_Oct2024/PMTfied_filtered/PureNu/Snowstorm/22011/2/PMTfied_12.parquet
2025-02-13 17:56:05 - INFO - Filtered PMTfied file saved to: /lustre/hpc/project/icecube/HE_Nu_Aske_Oct2024/PMTfied_filtered/PureNu/Snowstorm/22011/2/PMTfied_20.parquet
2025-02-13 17:56:06 - INFO - Filtered PMTfied file saved to: /lustre/hpc/project/icecube/HE_Nu_Aske_Oct2024/PMTfied_filtered/PureNu/Snowstorm/22011/2/PMTfied_21.parquet
2025-02-13 17:56:10 - INFO - Filtered PMTfied file saved to: /lustre/hpc/project/icecube/HE_Nu_Aske_Oct2024/PMTfied_filtered/PureNu/Snowstorm/22011/2/PMTfied_3.parquet
2025-02-13 17:56:13 - INFO - Filtered PMTfied file saved to: /lustre/hpc/project/icecube/HE_Nu_Aske_Oct2024/PMTfied_filtered/PureNu/Snowstorm/22011/2/PMTfied_7.parquet
2025-02-13 17:56:18 - INFO - Filtered PMTfied file saved to: /lustre/hpc/project/icecube/HE_Nu_Aske_Oct2024/PMTfied_filtered/PureNu/Snowstorm/22011/2/PMTfied_17.parquet
2025-02-13 17:56:25 - INFO - Filtered PMTfied file saved to: /lustre/hpc/project/icecube/HE_Nu_Aske_Oct2024/PMTfied_filtered/PureNu/Snowstorm/22011/2/PMTfied_13.parquet
2025-02-13 17:56:25 - INFO - Filtering process completed.
2025-02-13 17:56:25 - INFO - Filtering process completed for all selected filters.
2025-02-13 17:56:25 - INFO - Execution time: 118.57 seconds
2025-02-13 17:56:25 - INFO - Updated receipt with execution time: /lustre/hpc/project/icecube/HE_Nu_Aske_Oct2024/PMTfied_filtered/PureNu/Snowstorm/22011/[Receipt]22011_2.json
Job completed at Thu Feb 13 05:56:25 PM CET 2025
