Starting job at Mon Feb 17 03:56:25 PM CET 2025
Running Filter_by_part.py for subdirectory 22011, part 6
2025-02-17 15:56:25 - INFO - Event filtering process starts...
2025-02-17 15:56:25 - INFO - Initialized PureNeutrinoEventFilter filter for 22011/6
2025-02-17 15:56:26 - INFO - Loaded 5 event specifier files from /lustre/hpc/project/icecube/HE_Nu_Aske_Oct2024/clean_events_dict/22011/22011/reduced
2025-02-17 15:56:27 - INFO - Selected 2 CSV files covering event range [2294, 3394]
2025-02-17 15:56:31 - INFO - Loaded 2315044 valid (RunID, EventID) pairs from CSV files
2025-02-17 15:56:31 - INFO - Extracted 303156 valid events based on pure neutrino events.
2025-02-17 15:56:32 - INFO - Initialized CompositeEventFilter filter for 22011/6
2025-02-17 15:56:32 - INFO - Initialized (PureNu)
2025-02-17 15:56:32 - INFO - Starting filtering process for 22011/6
2025-02-17 15:56:32 - INFO - Starting filtering process for 22011/6
2025-02-17 15:56:46 - INFO - Recalculated 'offset' column based on 'N_doms' values within each 'shard_no' group.
2025-02-17 15:56:48 - INFO - Filtered truth file saved to: /lustre/hpc/project/icecube/HE_Nu_Aske_Oct2024/PMTfied_filtered/Snowstorm/PureNu/22011/truth_6.parquet
2025-02-17 15:56:52 - INFO - Filtered PMTfied file saved to: /lustre/hpc/project/icecube/HE_Nu_Aske_Oct2024/PMTfied_filtered/Snowstorm/PureNu/22011/6/PMTfied_10.parquet
2025-02-17 15:56:57 - INFO - Filtered PMTfied file saved to: /lustre/hpc/project/icecube/HE_Nu_Aske_Oct2024/PMTfied_filtered/Snowstorm/PureNu/22011/6/PMTfied_14.parquet
2025-02-17 15:57:01 - INFO - Filtered PMTfied file saved to: /lustre/hpc/project/icecube/HE_Nu_Aske_Oct2024/PMTfied_filtered/Snowstorm/PureNu/22011/6/PMTfied_18.parquet
2025-02-17 15:57:05 - INFO - Filtered PMTfied file saved to: /lustre/hpc/project/icecube/HE_Nu_Aske_Oct2024/PMTfied_filtered/Snowstorm/PureNu/22011/6/PMTfied_9.parquet
2025-02-17 15:57:09 - INFO - Filtered PMTfied file saved to: /lustre/hpc/project/icecube/HE_Nu_Aske_Oct2024/PMTfied_filtered/Snowstorm/PureNu/22011/6/PMTfied_1.parquet
2025-02-17 15:57:14 - INFO - Filtered PMTfied file saved to: /lustre/hpc/project/icecube/HE_Nu_Aske_Oct2024/PMTfied_filtered/Snowstorm/PureNu/22011/6/PMTfied_5.parquet
2025-02-17 15:57:18 - INFO - Filtered PMTfied file saved to: /lustre/hpc/project/icecube/HE_Nu_Aske_Oct2024/PMTfied_filtered/Snowstorm/PureNu/22011/6/PMTfied_4.parquet
2025-02-17 15:57:22 - INFO - Filtered PMTfied file saved to: /lustre/hpc/project/icecube/HE_Nu_Aske_Oct2024/PMTfied_filtered/Snowstorm/PureNu/22011/6/PMTfied_8.parquet
2025-02-17 15:57:27 - INFO - Filtered PMTfied file saved to: /lustre/hpc/project/icecube/HE_Nu_Aske_Oct2024/PMTfied_filtered/Snowstorm/PureNu/22011/6/PMTfied_19.parquet
2025-02-17 15:57:32 - INFO - Filtered PMTfied file saved to: /lustre/hpc/project/icecube/HE_Nu_Aske_Oct2024/PMTfied_filtered/Snowstorm/PureNu/22011/6/PMTfied_11.parquet
2025-02-17 15:57:36 - INFO - Filtered PMTfied file saved to: /lustre/hpc/project/icecube/HE_Nu_Aske_Oct2024/PMTfied_filtered/Snowstorm/PureNu/22011/6/PMTfied_15.parquet
2025-02-17 15:57:41 - INFO - Filtered PMTfied file saved to: /lustre/hpc/project/icecube/HE_Nu_Aske_Oct2024/PMTfied_filtered/Snowstorm/PureNu/22011/6/PMTfied_2.parquet
2025-02-17 15:57:47 - INFO - Filtered PMTfied file saved to: /lustre/hpc/project/icecube/HE_Nu_Aske_Oct2024/PMTfied_filtered/Snowstorm/PureNu/22011/6/PMTfied_6.parquet
2025-02-17 15:57:47 - INFO - Filtered PMTfied file saved to: /lustre/hpc/project/icecube/HE_Nu_Aske_Oct2024/PMTfied_filtered/Snowstorm/PureNu/22011/6/PMTfied_21.parquet
2025-02-17 15:57:51 - INFO - Filtered PMTfied file saved to: /lustre/hpc/project/icecube/HE_Nu_Aske_Oct2024/PMTfied_filtered/Snowstorm/PureNu/22011/6/PMTfied_13.parquet
2025-02-17 15:57:56 - INFO - Filtered PMTfied file saved to: /lustre/hpc/project/icecube/HE_Nu_Aske_Oct2024/PMTfied_filtered/Snowstorm/PureNu/22011/6/PMTfied_17.parquet
2025-02-17 15:58:00 - INFO - Filtered PMTfied file saved to: /lustre/hpc/project/icecube/HE_Nu_Aske_Oct2024/PMTfied_filtered/Snowstorm/PureNu/22011/6/PMTfied_12.parquet
2025-02-17 15:58:04 - INFO - Filtered PMTfied file saved to: /lustre/hpc/project/icecube/HE_Nu_Aske_Oct2024/PMTfied_filtered/Snowstorm/PureNu/22011/6/PMTfied_16.parquet
2025-02-17 15:58:08 - INFO - Filtered PMTfied file saved to: /lustre/hpc/project/icecube/HE_Nu_Aske_Oct2024/PMTfied_filtered/Snowstorm/PureNu/22011/6/PMTfied_3.parquet
2025-02-17 15:58:12 - INFO - Filtered PMTfied file saved to: /lustre/hpc/project/icecube/HE_Nu_Aske_Oct2024/PMTfied_filtered/Snowstorm/PureNu/22011/6/PMTfied_7.parquet
2025-02-17 15:58:17 - INFO - Filtered PMTfied file saved to: /lustre/hpc/project/icecube/HE_Nu_Aske_Oct2024/PMTfied_filtered/Snowstorm/PureNu/22011/6/PMTfied_20.parquet
2025-02-17 15:58:17 - INFO - Filtering process completed.
2025-02-17 15:58:17 - INFO - Filtering process completed.
2025-02-17 15:58:17 - INFO - Unified receipt generated: /lustre/hpc/project/icecube/HE_Nu_Aske_Oct2024/PMTfied_filtered/Snowstorm/PureNu/22011/[Receipt]22011_6.json
2025-02-17 15:58:17 - INFO - Filtering process completed.
Job completed at Mon Feb 17 03:58:17 PM CET 2025
