Starting job at Sat Feb 15 12:02:25 PM CET 2025
Running Filter_by_part.py for subdirectory 22011, part 10
2025-02-15 12:02:26 - INFO - Event filtering process starts...
2025-02-15 12:02:26 - INFO - Initialized Muon13Filter filter for 22011/10
2025-02-15 12:02:26 - INFO - Extracted 62438 valid events where MuonFilter_13==True.
2025-02-15 12:02:26 - INFO - Initialized CompositeEventFilter filter for 22011/10
2025-02-15 12:02:26 - INFO - Initialized (MuonLike)
2025-02-15 12:02:26 - INFO - Starting filtering process for 22011/10
2025-02-15 12:02:26 - INFO - Starting filtering process for 22011/10
2025-02-15 12:02:29 - INFO - Recalculated 'offset' column based on filtered 'N_doms' values.
2025-02-15 12:02:30 - INFO - Filtered truth file saved to: /lustre/hpc/project/icecube/HE_Nu_Aske_Oct2024/PMTfied_filtered/Snowstorm/MuonLike/22011/truth_10.parquet
2025-02-15 12:02:34 - INFO - Filtered PMTfied file saved to: /lustre/hpc/project/icecube/HE_Nu_Aske_Oct2024/PMTfied_filtered/Snowstorm/MuonLike/22011/10/PMTfied_2.parquet
2025-02-15 12:02:38 - INFO - Filtered PMTfied file saved to: /lustre/hpc/project/icecube/HE_Nu_Aske_Oct2024/PMTfied_filtered/Snowstorm/MuonLike/22011/10/PMTfied_3.parquet
2025-02-15 12:02:42 - INFO - Filtered PMTfied file saved to: /lustre/hpc/project/icecube/HE_Nu_Aske_Oct2024/PMTfied_filtered/Snowstorm/MuonLike/22011/10/PMTfied_1.parquet
2025-02-15 12:02:46 - INFO - Filtered PMTfied file saved to: /lustre/hpc/project/icecube/HE_Nu_Aske_Oct2024/PMTfied_filtered/Snowstorm/MuonLike/22011/10/PMTfied_4.parquet
2025-02-15 12:02:46 - INFO - Filtering process completed.
2025-02-15 12:02:46 - INFO - Filtering process completed.
2025-02-15 12:02:46 - INFO - Unified receipt generated: /lustre/hpc/project/icecube/HE_Nu_Aske_Oct2024/PMTfied_filtered/Snowstorm/MuonLike/22011/[Receipt]22011_10.json
2025-02-15 12:02:46 - INFO - Filtering process completed.
Job completed at Sat Feb 15 12:02:47 PM CET 2025
