Starting job at Thu Feb 13 05:06:26 PM CET 2025
Running Filter_by_part.py for subdirectory 22011, part 5
2025-02-13 17:06:26 - INFO - Event filtering process starts...
2025-02-13 17:06:26 - INFO - Initialized Muon13Filter
2025-02-13 17:06:26 - INFO - Starting filtering process for 22011/5
2025-02-13 17:06:40 - INFO - Recalculated 'offset' column based on filtered 'N_doms' values.
2025-02-13 17:06:42 - INFO - Filtered truth file saved to: /lustre/hpc/project/icecube/HE_Nu_Aske_Oct2024/PMTfied_filtered/MuonLike/Snowstorm/22011/truth_5.parquet
2025-02-13 17:06:43 - INFO - Receipt file saved to: /lustre/hpc/project/icecube/HE_Nu_Aske_Oct2024/PMTfied_filtered/MuonLike/Snowstorm/22011/[Receipt]22011_5.json
2025-02-13 17:06:47 - INFO - Filtered PMTfied file saved to: /lustre/hpc/project/icecube/HE_Nu_Aske_Oct2024/PMTfied_filtered/MuonLike/Snowstorm/22011/5/PMTfied_7.parquet
2025-02-13 17:06:51 - INFO - Filtered PMTfied file saved to: /lustre/hpc/project/icecube/HE_Nu_Aske_Oct2024/PMTfied_filtered/MuonLike/Snowstorm/22011/5/PMTfied_3.parquet
2025-02-13 17:06:55 - INFO - Filtered PMTfied file saved to: /lustre/hpc/project/icecube/HE_Nu_Aske_Oct2024/PMTfied_filtered/MuonLike/Snowstorm/22011/5/PMTfied_18.parquet
2025-02-13 17:06:59 - INFO - Filtered PMTfied file saved to: /lustre/hpc/project/icecube/HE_Nu_Aske_Oct2024/PMTfied_filtered/MuonLike/Snowstorm/22011/5/PMTfied_10.parquet
2025-02-13 17:07:03 - INFO - Filtered PMTfied file saved to: /lustre/hpc/project/icecube/HE_Nu_Aske_Oct2024/PMTfied_filtered/MuonLike/Snowstorm/22011/5/PMTfied_14.parquet
2025-02-13 17:07:07 - INFO - Filtered PMTfied file saved to: /lustre/hpc/project/icecube/HE_Nu_Aske_Oct2024/PMTfied_filtered/MuonLike/Snowstorm/22011/5/PMTfied_11.parquet
2025-02-13 17:07:11 - INFO - Filtered PMTfied file saved to: /lustre/hpc/project/icecube/HE_Nu_Aske_Oct2024/PMTfied_filtered/MuonLike/Snowstorm/22011/5/PMTfied_15.parquet
2025-02-13 17:07:16 - INFO - Filtered PMTfied file saved to: /lustre/hpc/project/icecube/HE_Nu_Aske_Oct2024/PMTfied_filtered/MuonLike/Snowstorm/22011/5/PMTfied_6.parquet
2025-02-13 17:07:20 - INFO - Filtered PMTfied file saved to: /lustre/hpc/project/icecube/HE_Nu_Aske_Oct2024/PMTfied_filtered/MuonLike/Snowstorm/22011/5/PMTfied_2.parquet
2025-02-13 17:07:24 - INFO - Filtered PMTfied file saved to: /lustre/hpc/project/icecube/HE_Nu_Aske_Oct2024/PMTfied_filtered/MuonLike/Snowstorm/22011/5/PMTfied_19.parquet
2025-02-13 17:07:24 - INFO - Filtered PMTfied file saved to: /lustre/hpc/project/icecube/HE_Nu_Aske_Oct2024/PMTfied_filtered/MuonLike/Snowstorm/22011/5/PMTfied_21.parquet
2025-02-13 17:07:28 - INFO - Filtered PMTfied file saved to: /lustre/hpc/project/icecube/HE_Nu_Aske_Oct2024/PMTfied_filtered/MuonLike/Snowstorm/22011/5/PMTfied_8.parquet
2025-02-13 17:07:33 - INFO - Filtered PMTfied file saved to: /lustre/hpc/project/icecube/HE_Nu_Aske_Oct2024/PMTfied_filtered/MuonLike/Snowstorm/22011/5/PMTfied_13.parquet
2025-02-13 17:07:37 - INFO - Filtered PMTfied file saved to: /lustre/hpc/project/icecube/HE_Nu_Aske_Oct2024/PMTfied_filtered/MuonLike/Snowstorm/22011/5/PMTfied_17.parquet
2025-02-13 17:07:43 - INFO - Filtered PMTfied file saved to: /lustre/hpc/project/icecube/HE_Nu_Aske_Oct2024/PMTfied_filtered/MuonLike/Snowstorm/22011/5/PMTfied_4.parquet
2025-02-13 17:07:47 - INFO - Filtered PMTfied file saved to: /lustre/hpc/project/icecube/HE_Nu_Aske_Oct2024/PMTfied_filtered/MuonLike/Snowstorm/22011/5/PMTfied_5.parquet
2025-02-13 17:07:51 - INFO - Filtered PMTfied file saved to: /lustre/hpc/project/icecube/HE_Nu_Aske_Oct2024/PMTfied_filtered/MuonLike/Snowstorm/22011/5/PMTfied_1.parquet
2025-02-13 17:07:55 - INFO - Filtered PMTfied file saved to: /lustre/hpc/project/icecube/HE_Nu_Aske_Oct2024/PMTfied_filtered/MuonLike/Snowstorm/22011/5/PMTfied_9.parquet
2025-02-13 17:07:59 - INFO - Filtered PMTfied file saved to: /lustre/hpc/project/icecube/HE_Nu_Aske_Oct2024/PMTfied_filtered/MuonLike/Snowstorm/22011/5/PMTfied_12.parquet
2025-02-13 17:08:03 - INFO - Filtered PMTfied file saved to: /lustre/hpc/project/icecube/HE_Nu_Aske_Oct2024/PMTfied_filtered/MuonLike/Snowstorm/22011/5/PMTfied_16.parquet
2025-02-13 17:08:07 - INFO - Filtered PMTfied file saved to: /lustre/hpc/project/icecube/HE_Nu_Aske_Oct2024/PMTfied_filtered/MuonLike/Snowstorm/22011/5/PMTfied_20.parquet
2025-02-13 17:08:07 - INFO - Filtering process completed.
2025-02-13 17:08:07 - INFO - Filtering process completed for all selected filters.
2025-02-13 17:08:07 - INFO - Execution time: 101.43 seconds
2025-02-13 17:08:08 - INFO - Updated receipt with execution time: /lustre/hpc/project/icecube/HE_Nu_Aske_Oct2024/PMTfied_filtered/MuonLike/Snowstorm/22011/[Receipt]22011_5.json
Job completed at Thu Feb 13 05:08:08 PM CET 2025
