Starting job at Mon Feb 17 04:07:38 PM CET 2025
Running Filter_by_part.py for subdirectory 22011, part 6
2025-02-17 16:07:38 - INFO - Event filtering process starts...
2025-02-17 16:07:38 - INFO - Initialized Muon13Filter filter for 22011/6
2025-02-17 16:07:38 - INFO - Extracted 319871 valid events where MuonFilter_13==True.
2025-02-17 16:07:38 - INFO - Initialized CompositeEventFilter filter for 22011/6
2025-02-17 16:07:38 - INFO - Initialized (MuonLike)
2025-02-17 16:07:38 - INFO - Starting filtering process for 22011/6
2025-02-17 16:07:38 - INFO - Starting filtering process for 22011/6
2025-02-17 16:07:44 - INFO - Recalculated 'offset' column based on 'N_doms' values within each 'shard_no' group.
2025-02-17 16:07:45 - INFO - Filtered truth file saved to: /lustre/hpc/project/icecube/HE_Nu_Aske_Oct2024/PMTfied_filtered/Snowstorm/MuonLike/22011/truth_6.parquet
2025-02-17 16:07:47 - INFO - Filtered PMTfied file saved to: /lustre/hpc/project/icecube/HE_Nu_Aske_Oct2024/PMTfied_filtered/Snowstorm/MuonLike/22011/6/PMTfied_10.parquet
2025-02-17 16:07:50 - INFO - Filtered PMTfied file saved to: /lustre/hpc/project/icecube/HE_Nu_Aske_Oct2024/PMTfied_filtered/Snowstorm/MuonLike/22011/6/PMTfied_14.parquet
2025-02-17 16:07:52 - INFO - Filtered PMTfied file saved to: /lustre/hpc/project/icecube/HE_Nu_Aske_Oct2024/PMTfied_filtered/Snowstorm/MuonLike/22011/6/PMTfied_18.parquet
2025-02-17 16:07:56 - INFO - Filtered PMTfied file saved to: /lustre/hpc/project/icecube/HE_Nu_Aske_Oct2024/PMTfied_filtered/Snowstorm/MuonLike/22011/6/PMTfied_9.parquet
2025-02-17 16:07:58 - INFO - Filtered PMTfied file saved to: /lustre/hpc/project/icecube/HE_Nu_Aske_Oct2024/PMTfied_filtered/Snowstorm/MuonLike/22011/6/PMTfied_1.parquet
2025-02-17 16:08:00 - INFO - Filtered PMTfied file saved to: /lustre/hpc/project/icecube/HE_Nu_Aske_Oct2024/PMTfied_filtered/Snowstorm/MuonLike/22011/6/PMTfied_5.parquet
2025-02-17 16:08:02 - INFO - Filtered PMTfied file saved to: /lustre/hpc/project/icecube/HE_Nu_Aske_Oct2024/PMTfied_filtered/Snowstorm/MuonLike/22011/6/PMTfied_4.parquet
2025-02-17 16:08:04 - INFO - Filtered PMTfied file saved to: /lustre/hpc/project/icecube/HE_Nu_Aske_Oct2024/PMTfied_filtered/Snowstorm/MuonLike/22011/6/PMTfied_8.parquet
2025-02-17 16:08:07 - INFO - Filtered PMTfied file saved to: /lustre/hpc/project/icecube/HE_Nu_Aske_Oct2024/PMTfied_filtered/Snowstorm/MuonLike/22011/6/PMTfied_19.parquet
2025-02-17 16:08:09 - INFO - Filtered PMTfied file saved to: /lustre/hpc/project/icecube/HE_Nu_Aske_Oct2024/PMTfied_filtered/Snowstorm/MuonLike/22011/6/PMTfied_11.parquet
2025-02-17 16:08:12 - INFO - Filtered PMTfied file saved to: /lustre/hpc/project/icecube/HE_Nu_Aske_Oct2024/PMTfied_filtered/Snowstorm/MuonLike/22011/6/PMTfied_15.parquet
2025-02-17 16:08:14 - INFO - Filtered PMTfied file saved to: /lustre/hpc/project/icecube/HE_Nu_Aske_Oct2024/PMTfied_filtered/Snowstorm/MuonLike/22011/6/PMTfied_2.parquet
2025-02-17 16:08:16 - INFO - Filtered PMTfied file saved to: /lustre/hpc/project/icecube/HE_Nu_Aske_Oct2024/PMTfied_filtered/Snowstorm/MuonLike/22011/6/PMTfied_6.parquet
2025-02-17 16:08:16 - INFO - Filtered PMTfied file saved to: /lustre/hpc/project/icecube/HE_Nu_Aske_Oct2024/PMTfied_filtered/Snowstorm/MuonLike/22011/6/PMTfied_21.parquet
2025-02-17 16:08:18 - INFO - Filtered PMTfied file saved to: /lustre/hpc/project/icecube/HE_Nu_Aske_Oct2024/PMTfied_filtered/Snowstorm/MuonLike/22011/6/PMTfied_13.parquet
2025-02-17 16:08:20 - INFO - Filtered PMTfied file saved to: /lustre/hpc/project/icecube/HE_Nu_Aske_Oct2024/PMTfied_filtered/Snowstorm/MuonLike/22011/6/PMTfied_17.parquet
2025-02-17 16:08:22 - INFO - Filtered PMTfied file saved to: /lustre/hpc/project/icecube/HE_Nu_Aske_Oct2024/PMTfied_filtered/Snowstorm/MuonLike/22011/6/PMTfied_12.parquet
2025-02-17 16:08:24 - INFO - Filtered PMTfied file saved to: /lustre/hpc/project/icecube/HE_Nu_Aske_Oct2024/PMTfied_filtered/Snowstorm/MuonLike/22011/6/PMTfied_16.parquet
2025-02-17 16:08:26 - INFO - Filtered PMTfied file saved to: /lustre/hpc/project/icecube/HE_Nu_Aske_Oct2024/PMTfied_filtered/Snowstorm/MuonLike/22011/6/PMTfied_3.parquet
2025-02-17 16:08:28 - INFO - Filtered PMTfied file saved to: /lustre/hpc/project/icecube/HE_Nu_Aske_Oct2024/PMTfied_filtered/Snowstorm/MuonLike/22011/6/PMTfied_7.parquet
2025-02-17 16:08:30 - INFO - Filtered PMTfied file saved to: /lustre/hpc/project/icecube/HE_Nu_Aske_Oct2024/PMTfied_filtered/Snowstorm/MuonLike/22011/6/PMTfied_20.parquet
2025-02-17 16:08:30 - INFO - Filtering process completed.
2025-02-17 16:08:30 - INFO - Filtering process completed.
2025-02-17 16:08:30 - INFO - Unified receipt generated: /lustre/hpc/project/icecube/HE_Nu_Aske_Oct2024/PMTfied_filtered/Snowstorm/MuonLike/22011/[Receipt]22011_6.json
2025-02-17 16:08:30 - INFO - Filtering process completed.
Job completed at Mon Feb 17 04:08:30 PM CET 2025
