Starting job at Sat Feb 15 12:08:33 PM CET 2025
Running Filter_by_part.py for subdirectory 22011, part 4
2025-02-15 12:08:34 - INFO - Event filtering process starts...
2025-02-15 12:08:34 - INFO - Initialized PureNeutrinoEventFilter filter for 22011/4
2025-02-15 12:08:34 - INFO - Loaded 5 event specifier files from /lustre/hpc/project/icecube/HE_Nu_Aske_Oct2024/clean_events_dict/22011/22011/reduced
2025-02-15 12:08:34 - INFO - Selected 2 CSV files covering event range [1158, 2260]
2025-02-15 12:08:37 - INFO - Loaded 2315142 valid (RunID, EventID) pairs from CSV files
2025-02-15 12:08:38 - INFO - Extracted 305543 valid events based on pure neutrino events.
2025-02-15 12:08:39 - INFO - Initialized CompositeEventFilter filter for 22011/4
2025-02-15 12:08:39 - INFO - Initialized (PureNu)
2025-02-15 12:08:39 - INFO - Starting filtering process for 22011/4
2025-02-15 12:08:39 - INFO - Starting filtering process for 22011/4
2025-02-15 12:08:51 - INFO - Recalculated 'offset' column based on filtered 'N_doms' values.
2025-02-15 12:08:53 - INFO - Filtered truth file saved to: /lustre/hpc/project/icecube/HE_Nu_Aske_Oct2024/PMTfied_filtered/Snowstorm/PureNu/22011/truth_4.parquet
2025-02-15 12:08:57 - INFO - Filtered PMTfied file saved to: /lustre/hpc/project/icecube/HE_Nu_Aske_Oct2024/PMTfied_filtered/Snowstorm/PureNu/22011/4/PMTfied_7.parquet
2025-02-15 12:09:00 - INFO - Filtered PMTfied file saved to: /lustre/hpc/project/icecube/HE_Nu_Aske_Oct2024/PMTfied_filtered/Snowstorm/PureNu/22011/4/PMTfied_3.parquet
2025-02-15 12:09:03 - INFO - Filtered PMTfied file saved to: /lustre/hpc/project/icecube/HE_Nu_Aske_Oct2024/PMTfied_filtered/Snowstorm/PureNu/22011/4/PMTfied_20.parquet
2025-02-15 12:09:06 - INFO - Filtered PMTfied file saved to: /lustre/hpc/project/icecube/HE_Nu_Aske_Oct2024/PMTfied_filtered/Snowstorm/PureNu/22011/4/PMTfied_16.parquet
2025-02-15 12:09:09 - INFO - Filtered PMTfied file saved to: /lustre/hpc/project/icecube/HE_Nu_Aske_Oct2024/PMTfied_filtered/Snowstorm/PureNu/22011/4/PMTfied_12.parquet
2025-02-15 12:09:13 - INFO - Filtered PMTfied file saved to: /lustre/hpc/project/icecube/HE_Nu_Aske_Oct2024/PMTfied_filtered/Snowstorm/PureNu/22011/4/PMTfied_17.parquet
2025-02-15 12:09:16 - INFO - Filtered PMTfied file saved to: /lustre/hpc/project/icecube/HE_Nu_Aske_Oct2024/PMTfied_filtered/Snowstorm/PureNu/22011/4/PMTfied_13.parquet
2025-02-15 12:09:19 - INFO - Filtered PMTfied file saved to: /lustre/hpc/project/icecube/HE_Nu_Aske_Oct2024/PMTfied_filtered/Snowstorm/PureNu/22011/4/PMTfied_6.parquet
2025-02-15 12:09:22 - INFO - Filtered PMTfied file saved to: /lustre/hpc/project/icecube/HE_Nu_Aske_Oct2024/PMTfied_filtered/Snowstorm/PureNu/22011/4/PMTfied_2.parquet
2025-02-15 12:09:23 - INFO - Filtered PMTfied file saved to: /lustre/hpc/project/icecube/HE_Nu_Aske_Oct2024/PMTfied_filtered/Snowstorm/PureNu/22011/4/PMTfied_21.parquet
2025-02-15 12:09:26 - INFO - Filtered PMTfied file saved to: /lustre/hpc/project/icecube/HE_Nu_Aske_Oct2024/PMTfied_filtered/Snowstorm/PureNu/22011/4/PMTfied_15.parquet
2025-02-15 12:09:29 - INFO - Filtered PMTfied file saved to: /lustre/hpc/project/icecube/HE_Nu_Aske_Oct2024/PMTfied_filtered/Snowstorm/PureNu/22011/4/PMTfied_11.parquet
2025-02-15 12:09:32 - INFO - Filtered PMTfied file saved to: /lustre/hpc/project/icecube/HE_Nu_Aske_Oct2024/PMTfied_filtered/Snowstorm/PureNu/22011/4/PMTfied_19.parquet
2025-02-15 12:09:35 - INFO - Filtered PMTfied file saved to: /lustre/hpc/project/icecube/HE_Nu_Aske_Oct2024/PMTfied_filtered/Snowstorm/PureNu/22011/4/PMTfied_4.parquet
2025-02-15 12:09:38 - INFO - Filtered PMTfied file saved to: /lustre/hpc/project/icecube/HE_Nu_Aske_Oct2024/PMTfied_filtered/Snowstorm/PureNu/22011/4/PMTfied_8.parquet
2025-02-15 12:09:42 - INFO - Filtered PMTfied file saved to: /lustre/hpc/project/icecube/HE_Nu_Aske_Oct2024/PMTfied_filtered/Snowstorm/PureNu/22011/4/PMTfied_9.parquet
2025-02-15 12:09:45 - INFO - Filtered PMTfied file saved to: /lustre/hpc/project/icecube/HE_Nu_Aske_Oct2024/PMTfied_filtered/Snowstorm/PureNu/22011/4/PMTfied_5.parquet
2025-02-15 12:09:48 - INFO - Filtered PMTfied file saved to: /lustre/hpc/project/icecube/HE_Nu_Aske_Oct2024/PMTfied_filtered/Snowstorm/PureNu/22011/4/PMTfied_1.parquet
2025-02-15 12:09:51 - INFO - Filtered PMTfied file saved to: /lustre/hpc/project/icecube/HE_Nu_Aske_Oct2024/PMTfied_filtered/Snowstorm/PureNu/22011/4/PMTfied_18.parquet
2025-02-15 12:09:54 - INFO - Filtered PMTfied file saved to: /lustre/hpc/project/icecube/HE_Nu_Aske_Oct2024/PMTfied_filtered/Snowstorm/PureNu/22011/4/PMTfied_14.parquet
2025-02-15 12:09:57 - INFO - Filtered PMTfied file saved to: /lustre/hpc/project/icecube/HE_Nu_Aske_Oct2024/PMTfied_filtered/Snowstorm/PureNu/22011/4/PMTfied_10.parquet
2025-02-15 12:09:57 - INFO - Filtering process completed.
2025-02-15 12:09:57 - INFO - Filtering process completed.
2025-02-15 12:09:57 - INFO - Unified receipt generated: /lustre/hpc/project/icecube/HE_Nu_Aske_Oct2024/PMTfied_filtered/Snowstorm/PureNu/22011/[Receipt]22011_4.json
2025-02-15 12:09:57 - INFO - Filtering process completed.
Job completed at Sat Feb 15 12:09:58 PM CET 2025
