Starting job at Sat Feb 15 12:00:22 PM CET 2025
Running Filter_by_part.py for subdirectory 22011, part 3
2025-02-15 12:00:27 - INFO - Event filtering process starts...
2025-02-15 12:00:27 - INFO - Initialized PureNeutrinoEventFilter filter for 22011/3
2025-02-15 12:00:36 - INFO - Loaded 5 event specifier files from /lustre/hpc/project/icecube/HE_Nu_Aske_Oct2024/clean_events_dict/22011/22011/reduced
2025-02-15 12:00:36 - INFO - Selected 3 CSV files covering event range [26, 2237]
2025-02-15 12:00:42 - INFO - Loaded 3473688 valid (RunID, EventID) pairs from CSV files
2025-02-15 12:00:43 - INFO - Extracted 304433 valid events based on pure neutrino events.
2025-02-15 12:00:44 - INFO - Initialized CompositeEventFilter filter for 22011/3
2025-02-15 12:00:44 - INFO - Initialized (PureNu)
2025-02-15 12:00:44 - INFO - Starting filtering process for 22011/3
2025-02-15 12:00:44 - INFO - Starting filtering process for 22011/3
2025-02-15 12:00:57 - INFO - Recalculated 'offset' column based on filtered 'N_doms' values.
2025-02-15 12:00:59 - INFO - Filtered truth file saved to: /lustre/hpc/project/icecube/HE_Nu_Aske_Oct2024/PMTfied_filtered/Snowstorm/PureNu/22011/truth_3.parquet
2025-02-15 12:01:05 - INFO - Filtered PMTfied file saved to: /lustre/hpc/project/icecube/HE_Nu_Aske_Oct2024/PMTfied_filtered/Snowstorm/PureNu/22011/3/PMTfied_5.parquet
2025-02-15 12:01:09 - INFO - Filtered PMTfied file saved to: /lustre/hpc/project/icecube/HE_Nu_Aske_Oct2024/PMTfied_filtered/Snowstorm/PureNu/22011/3/PMTfied_1.parquet
2025-02-15 12:01:13 - INFO - Filtered PMTfied file saved to: /lustre/hpc/project/icecube/HE_Nu_Aske_Oct2024/PMTfied_filtered/Snowstorm/PureNu/22011/3/PMTfied_9.parquet
2025-02-15 12:01:19 - INFO - Filtered PMTfied file saved to: /lustre/hpc/project/icecube/HE_Nu_Aske_Oct2024/PMTfied_filtered/Snowstorm/PureNu/22011/3/PMTfied_19.parquet
2025-02-15 12:01:25 - INFO - Filtered PMTfied file saved to: /lustre/hpc/project/icecube/HE_Nu_Aske_Oct2024/PMTfied_filtered/Snowstorm/PureNu/22011/3/PMTfied_11.parquet
2025-02-15 12:01:31 - INFO - Filtered PMTfied file saved to: /lustre/hpc/project/icecube/HE_Nu_Aske_Oct2024/PMTfied_filtered/Snowstorm/PureNu/22011/3/PMTfied_15.parquet
2025-02-15 12:01:35 - INFO - Filtered PMTfied file saved to: /lustre/hpc/project/icecube/HE_Nu_Aske_Oct2024/PMTfied_filtered/Snowstorm/PureNu/22011/3/PMTfied_10.parquet
2025-02-15 12:01:41 - INFO - Filtered PMTfied file saved to: /lustre/hpc/project/icecube/HE_Nu_Aske_Oct2024/PMTfied_filtered/Snowstorm/PureNu/22011/3/PMTfied_14.parquet
2025-02-15 12:01:47 - INFO - Filtered PMTfied file saved to: /lustre/hpc/project/icecube/HE_Nu_Aske_Oct2024/PMTfied_filtered/Snowstorm/PureNu/22011/3/PMTfied_18.parquet
2025-02-15 12:01:53 - INFO - Filtered PMTfied file saved to: /lustre/hpc/project/icecube/HE_Nu_Aske_Oct2024/PMTfied_filtered/Snowstorm/PureNu/22011/3/PMTfied_8.parquet
2025-02-15 12:01:56 - INFO - Filtered PMTfied file saved to: /lustre/hpc/project/icecube/HE_Nu_Aske_Oct2024/PMTfied_filtered/Snowstorm/PureNu/22011/3/PMTfied_4.parquet
2025-02-15 12:02:00 - INFO - Filtered PMTfied file saved to: /lustre/hpc/project/icecube/HE_Nu_Aske_Oct2024/PMTfied_filtered/Snowstorm/PureNu/22011/3/PMTfied_12.parquet
2025-02-15 12:02:04 - INFO - Filtered PMTfied file saved to: /lustre/hpc/project/icecube/HE_Nu_Aske_Oct2024/PMTfied_filtered/Snowstorm/PureNu/22011/3/PMTfied_16.parquet
2025-02-15 12:02:08 - INFO - Filtered PMTfied file saved to: /lustre/hpc/project/icecube/HE_Nu_Aske_Oct2024/PMTfied_filtered/Snowstorm/PureNu/22011/3/PMTfied_6.parquet
2025-02-15 12:02:14 - INFO - Filtered PMTfied file saved to: /lustre/hpc/project/icecube/HE_Nu_Aske_Oct2024/PMTfied_filtered/Snowstorm/PureNu/22011/3/PMTfied_20.parquet
2025-02-15 12:02:20 - INFO - Filtered PMTfied file saved to: /lustre/hpc/project/icecube/HE_Nu_Aske_Oct2024/PMTfied_filtered/Snowstorm/PureNu/22011/3/PMTfied_2.parquet
2025-02-15 12:02:21 - INFO - Filtered PMTfied file saved to: /lustre/hpc/project/icecube/HE_Nu_Aske_Oct2024/PMTfied_filtered/Snowstorm/PureNu/22011/3/PMTfied_21.parquet
2025-02-15 12:02:24 - INFO - Filtered PMTfied file saved to: /lustre/hpc/project/icecube/HE_Nu_Aske_Oct2024/PMTfied_filtered/Snowstorm/PureNu/22011/3/PMTfied_7.parquet
2025-02-15 12:02:28 - INFO - Filtered PMTfied file saved to: /lustre/hpc/project/icecube/HE_Nu_Aske_Oct2024/PMTfied_filtered/Snowstorm/PureNu/22011/3/PMTfied_3.parquet
2025-02-15 12:02:32 - INFO - Filtered PMTfied file saved to: /lustre/hpc/project/icecube/HE_Nu_Aske_Oct2024/PMTfied_filtered/Snowstorm/PureNu/22011/3/PMTfied_13.parquet
2025-02-15 12:02:38 - INFO - Filtered PMTfied file saved to: /lustre/hpc/project/icecube/HE_Nu_Aske_Oct2024/PMTfied_filtered/Snowstorm/PureNu/22011/3/PMTfied_17.parquet
2025-02-15 12:02:38 - INFO - Filtering process completed.
2025-02-15 12:02:38 - INFO - Filtering process completed.
2025-02-15 12:02:38 - INFO - Unified receipt generated: /lustre/hpc/project/icecube/HE_Nu_Aske_Oct2024/PMTfied_filtered/Snowstorm/PureNu/22011/[Receipt]22011_3.json
2025-02-15 12:02:38 - INFO - Filtering process completed.
Job completed at Sat Feb 15 12:02:38 PM CET 2025
