Starting job at Sat Feb 15 12:54:36 PM CET 2025
Running Filter_by_part.py for subdirectory 22011, part 9
2025-02-15 12:54:38 - INFO - Event filtering process starts...
2025-02-15 12:54:38 - INFO - Initialized Muon13Filter filter for 22011/9
2025-02-15 12:54:41 - INFO - Extracted 320625 valid events where MuonFilter_13==True.
2025-02-15 12:54:41 - INFO - Initialized CompositeEventFilter filter for 22011/9
2025-02-15 12:54:41 - INFO - Initialized (MuonLike)
2025-02-15 12:54:41 - INFO - Starting filtering process for 22011/9
2025-02-15 12:54:41 - INFO - Starting filtering process for 22011/9
2025-02-15 12:54:54 - INFO - Recalculated 'offset' column based on filtered 'N_doms' values.
2025-02-15 12:54:56 - INFO - Filtered truth file saved to: /lustre/hpc/project/icecube/HE_Nu_Aske_Oct2024/PMTfied_filtered/Snowstorm/MuonLike/22011/truth_9.parquet
2025-02-15 12:55:10 - INFO - Filtered PMTfied file saved to: /lustre/hpc/project/icecube/HE_Nu_Aske_Oct2024/PMTfied_filtered/Snowstorm/MuonLike/22011/9/PMTfied_5.parquet
2025-02-15 12:55:14 - INFO - Filtered PMTfied file saved to: /lustre/hpc/project/icecube/HE_Nu_Aske_Oct2024/PMTfied_filtered/Snowstorm/MuonLike/22011/9/PMTfied_1.parquet
2025-02-15 12:55:19 - INFO - Filtered PMTfied file saved to: /lustre/hpc/project/icecube/HE_Nu_Aske_Oct2024/PMTfied_filtered/Snowstorm/MuonLike/22011/9/PMTfied_9.parquet
2025-02-15 12:55:25 - INFO - Filtered PMTfied file saved to: /lustre/hpc/project/icecube/HE_Nu_Aske_Oct2024/PMTfied_filtered/Snowstorm/MuonLike/22011/9/PMTfied_18.parquet
2025-02-15 12:55:30 - INFO - Filtered PMTfied file saved to: /lustre/hpc/project/icecube/HE_Nu_Aske_Oct2024/PMTfied_filtered/Snowstorm/MuonLike/22011/9/PMTfied_10.parquet
2025-02-15 12:55:36 - INFO - Filtered PMTfied file saved to: /lustre/hpc/project/icecube/HE_Nu_Aske_Oct2024/PMTfied_filtered/Snowstorm/MuonLike/22011/9/PMTfied_14.parquet
2025-02-15 12:55:40 - INFO - Filtered PMTfied file saved to: /lustre/hpc/project/icecube/HE_Nu_Aske_Oct2024/PMTfied_filtered/Snowstorm/MuonLike/22011/9/PMTfied_8.parquet
2025-02-15 12:55:44 - INFO - Filtered PMTfied file saved to: /lustre/hpc/project/icecube/HE_Nu_Aske_Oct2024/PMTfied_filtered/Snowstorm/MuonLike/22011/9/PMTfied_4.parquet
2025-02-15 12:55:48 - INFO - Filtered PMTfied file saved to: /lustre/hpc/project/icecube/HE_Nu_Aske_Oct2024/PMTfied_filtered/Snowstorm/MuonLike/22011/9/PMTfied_11.parquet
2025-02-15 12:55:53 - INFO - Filtered PMTfied file saved to: /lustre/hpc/project/icecube/HE_Nu_Aske_Oct2024/PMTfied_filtered/Snowstorm/MuonLike/22011/9/PMTfied_15.parquet
2025-02-15 12:56:00 - INFO - Filtered PMTfied file saved to: /lustre/hpc/project/icecube/HE_Nu_Aske_Oct2024/PMTfied_filtered/Snowstorm/MuonLike/22011/9/PMTfied_19.parquet
2025-02-15 12:56:01 - INFO - Filtered PMTfied file saved to: /lustre/hpc/project/icecube/HE_Nu_Aske_Oct2024/PMTfied_filtered/Snowstorm/MuonLike/22011/9/PMTfied_21.parquet
2025-02-15 12:56:05 - INFO - Filtered PMTfied file saved to: /lustre/hpc/project/icecube/HE_Nu_Aske_Oct2024/PMTfied_filtered/Snowstorm/MuonLike/22011/9/PMTfied_6.parquet
2025-02-15 12:56:09 - INFO - Filtered PMTfied file saved to: /lustre/hpc/project/icecube/HE_Nu_Aske_Oct2024/PMTfied_filtered/Snowstorm/MuonLike/22011/9/PMTfied_2.parquet
2025-02-15 12:56:13 - INFO - Filtered PMTfied file saved to: /lustre/hpc/project/icecube/HE_Nu_Aske_Oct2024/PMTfied_filtered/Snowstorm/MuonLike/22011/9/PMTfied_13.parquet
2025-02-15 12:56:17 - INFO - Filtered PMTfied file saved to: /lustre/hpc/project/icecube/HE_Nu_Aske_Oct2024/PMTfied_filtered/Snowstorm/MuonLike/22011/9/PMTfied_17.parquet
2025-02-15 12:56:21 - INFO - Filtered PMTfied file saved to: /lustre/hpc/project/icecube/HE_Nu_Aske_Oct2024/PMTfied_filtered/Snowstorm/MuonLike/22011/9/PMTfied_7.parquet
2025-02-15 12:56:30 - INFO - Filtered PMTfied file saved to: /lustre/hpc/project/icecube/HE_Nu_Aske_Oct2024/PMTfied_filtered/Snowstorm/MuonLike/22011/9/PMTfied_3.parquet
2025-02-15 12:56:34 - INFO - Filtered PMTfied file saved to: /lustre/hpc/project/icecube/HE_Nu_Aske_Oct2024/PMTfied_filtered/Snowstorm/MuonLike/22011/9/PMTfied_12.parquet
2025-02-15 12:56:38 - INFO - Filtered PMTfied file saved to: /lustre/hpc/project/icecube/HE_Nu_Aske_Oct2024/PMTfied_filtered/Snowstorm/MuonLike/22011/9/PMTfied_16.parquet
2025-02-15 12:56:45 - INFO - Filtered PMTfied file saved to: /lustre/hpc/project/icecube/HE_Nu_Aske_Oct2024/PMTfied_filtered/Snowstorm/MuonLike/22011/9/PMTfied_20.parquet
2025-02-15 12:56:45 - INFO - Filtering process completed.
2025-02-15 12:56:45 - INFO - Filtering process completed.
2025-02-15 12:56:46 - INFO - Unified receipt generated: /lustre/hpc/project/icecube/HE_Nu_Aske_Oct2024/PMTfied_filtered/Snowstorm/MuonLike/22011/[Receipt]22011_9.json
2025-02-15 12:56:46 - INFO - Filtering process completed.
Job completed at Sat Feb 15 12:56:47 PM CET 2025
