Starting job at Thu Feb 13 05:44:00 PM CET 2025
Running Filter_by_part.py for subdirectory 22011, part 1
2025-02-13 17:44:00 - INFO - Event filtering process starts...
2025-02-13 17:44:00 - INFO - Initialized PureNeutrinoEventFilter
2025-02-13 17:44:00 - INFO - Starting filtering process for 22011/1
2025-02-13 17:44:01 - INFO - Loaded 5 event specifier files from /lustre/hpc/project/icecube/HE_Nu_Aske_Oct2024/clean_events_dict/22011/22011/reduced
2025-02-13 17:44:01 - INFO - Selected 2 CSV files covering event range [0, 1107]
2025-02-13 17:44:05 - INFO - Loaded 2316378 valid (RunID, EventID) pairs from CSV files
2025-02-13 17:44:17 - INFO - Recalculated 'offset' column based on filtered 'N_doms' values.
2025-02-13 17:44:20 - INFO - Filtered truth file saved to: /lustre/hpc/project/icecube/HE_Nu_Aske_Oct2024/PMTfied_filtered/PureNu/Snowstorm/22011/truth_1.parquet
2025-02-13 17:44:20 - INFO - Receipt file saved to: /lustre/hpc/project/icecube/HE_Nu_Aske_Oct2024/PMTfied_filtered/PureNu/Snowstorm/22011/[Receipt]22011_1.json
2025-02-13 17:44:24 - INFO - Filtered PMTfied file saved to: /lustre/hpc/project/icecube/HE_Nu_Aske_Oct2024/PMTfied_filtered/PureNu/Snowstorm/22011/1/PMTfied_15.parquet
2025-02-13 17:44:28 - INFO - Filtered PMTfied file saved to: /lustre/hpc/project/icecube/HE_Nu_Aske_Oct2024/PMTfied_filtered/PureNu/Snowstorm/22011/1/PMTfied_11.parquet
2025-02-13 17:44:32 - INFO - Filtered PMTfied file saved to: /lustre/hpc/project/icecube/HE_Nu_Aske_Oct2024/PMTfied_filtered/PureNu/Snowstorm/22011/1/PMTfied_19.parquet
2025-02-13 17:44:36 - INFO - Filtered PMTfied file saved to: /lustre/hpc/project/icecube/HE_Nu_Aske_Oct2024/PMTfied_filtered/PureNu/Snowstorm/22011/1/PMTfied_6.parquet
2025-02-13 17:44:39 - INFO - Filtered PMTfied file saved to: /lustre/hpc/project/icecube/HE_Nu_Aske_Oct2024/PMTfied_filtered/PureNu/Snowstorm/22011/1/PMTfied_2.parquet
2025-02-13 17:44:45 - INFO - Filtered PMTfied file saved to: /lustre/hpc/project/icecube/HE_Nu_Aske_Oct2024/PMTfied_filtered/PureNu/Snowstorm/22011/1/PMTfied_7.parquet
2025-02-13 17:44:48 - INFO - Filtered PMTfied file saved to: /lustre/hpc/project/icecube/HE_Nu_Aske_Oct2024/PMTfied_filtered/PureNu/Snowstorm/22011/1/PMTfied_3.parquet
2025-02-13 17:44:55 - INFO - Filtered PMTfied file saved to: /lustre/hpc/project/icecube/HE_Nu_Aske_Oct2024/PMTfied_filtered/PureNu/Snowstorm/22011/1/PMTfied_18.parquet
2025-02-13 17:44:59 - INFO - Filtered PMTfied file saved to: /lustre/hpc/project/icecube/HE_Nu_Aske_Oct2024/PMTfied_filtered/PureNu/Snowstorm/22011/1/PMTfied_14.parquet
2025-02-13 17:45:02 - INFO - Filtered PMTfied file saved to: /lustre/hpc/project/icecube/HE_Nu_Aske_Oct2024/PMTfied_filtered/PureNu/Snowstorm/22011/1/PMTfied_10.parquet
2025-02-13 17:45:06 - INFO - Filtered PMTfied file saved to: /lustre/hpc/project/icecube/HE_Nu_Aske_Oct2024/PMTfied_filtered/PureNu/Snowstorm/22011/1/PMTfied_20.parquet
2025-02-13 17:45:10 - INFO - Filtered PMTfied file saved to: /lustre/hpc/project/icecube/HE_Nu_Aske_Oct2024/PMTfied_filtered/PureNu/Snowstorm/22011/1/PMTfied_9.parquet
2025-02-13 17:45:14 - INFO - Filtered PMTfied file saved to: /lustre/hpc/project/icecube/HE_Nu_Aske_Oct2024/PMTfied_filtered/PureNu/Snowstorm/22011/1/PMTfied_5.parquet
2025-02-13 17:45:17 - INFO - Filtered PMTfied file saved to: /lustre/hpc/project/icecube/HE_Nu_Aske_Oct2024/PMTfied_filtered/PureNu/Snowstorm/22011/1/PMTfied_1.parquet
2025-02-13 17:45:21 - INFO - Filtered PMTfied file saved to: /lustre/hpc/project/icecube/HE_Nu_Aske_Oct2024/PMTfied_filtered/PureNu/Snowstorm/22011/1/PMTfied_16.parquet
2025-02-13 17:45:25 - INFO - Filtered PMTfied file saved to: /lustre/hpc/project/icecube/HE_Nu_Aske_Oct2024/PMTfied_filtered/PureNu/Snowstorm/22011/1/PMTfied_12.parquet
2025-02-13 17:45:30 - INFO - Filtered PMTfied file saved to: /lustre/hpc/project/icecube/HE_Nu_Aske_Oct2024/PMTfied_filtered/PureNu/Snowstorm/22011/1/PMTfied_17.parquet
2025-02-13 17:45:34 - INFO - Filtered PMTfied file saved to: /lustre/hpc/project/icecube/HE_Nu_Aske_Oct2024/PMTfied_filtered/PureNu/Snowstorm/22011/1/PMTfied_13.parquet
2025-02-13 17:45:34 - INFO - Filtered PMTfied file saved to: /lustre/hpc/project/icecube/HE_Nu_Aske_Oct2024/PMTfied_filtered/PureNu/Snowstorm/22011/1/PMTfied_21.parquet
2025-02-13 17:45:38 - INFO - Filtered PMTfied file saved to: /lustre/hpc/project/icecube/HE_Nu_Aske_Oct2024/PMTfied_filtered/PureNu/Snowstorm/22011/1/PMTfied_4.parquet
2025-02-13 17:45:41 - INFO - Filtered PMTfied file saved to: /lustre/hpc/project/icecube/HE_Nu_Aske_Oct2024/PMTfied_filtered/PureNu/Snowstorm/22011/1/PMTfied_8.parquet
2025-02-13 17:45:42 - INFO - Filtering process completed.
2025-02-13 17:45:42 - INFO - Initialized Muon13Filter
2025-02-13 17:45:42 - INFO - Starting filtering process for 22011/1
2025-02-13 17:45:54 - INFO - Recalculated 'offset' column based on filtered 'N_doms' values.
2025-02-13 17:45:57 - INFO - Filtered truth file saved to: /lustre/hpc/project/icecube/HE_Nu_Aske_Oct2024/PMTfied_filtered/MuonLike/Snowstorm/22011/truth_1.parquet
2025-02-13 17:45:57 - INFO - Receipt file saved to: /lustre/hpc/project/icecube/HE_Nu_Aske_Oct2024/PMTfied_filtered/MuonLike/Snowstorm/22011/[Receipt]22011_1.json
2025-02-13 17:46:00 - INFO - Filtered PMTfied file saved to: /lustre/hpc/project/icecube/HE_Nu_Aske_Oct2024/PMTfied_filtered/MuonLike/Snowstorm/22011/1/PMTfied_15.parquet
2025-02-13 17:46:04 - INFO - Filtered PMTfied file saved to: /lustre/hpc/project/icecube/HE_Nu_Aske_Oct2024/PMTfied_filtered/MuonLike/Snowstorm/22011/1/PMTfied_11.parquet
2025-02-13 17:46:07 - INFO - Filtered PMTfied file saved to: /lustre/hpc/project/icecube/HE_Nu_Aske_Oct2024/PMTfied_filtered/MuonLike/Snowstorm/22011/1/PMTfied_19.parquet
2025-02-13 17:46:11 - INFO - Filtered PMTfied file saved to: /lustre/hpc/project/icecube/HE_Nu_Aske_Oct2024/PMTfied_filtered/MuonLike/Snowstorm/22011/1/PMTfied_6.parquet
2025-02-13 17:46:14 - INFO - Filtered PMTfied file saved to: /lustre/hpc/project/icecube/HE_Nu_Aske_Oct2024/PMTfied_filtered/MuonLike/Snowstorm/22011/1/PMTfied_2.parquet
2025-02-13 17:46:18 - INFO - Filtered PMTfied file saved to: /lustre/hpc/project/icecube/HE_Nu_Aske_Oct2024/PMTfied_filtered/MuonLike/Snowstorm/22011/1/PMTfied_7.parquet
2025-02-13 17:46:21 - INFO - Filtered PMTfied file saved to: /lustre/hpc/project/icecube/HE_Nu_Aske_Oct2024/PMTfied_filtered/MuonLike/Snowstorm/22011/1/PMTfied_3.parquet
2025-02-13 17:46:25 - INFO - Filtered PMTfied file saved to: /lustre/hpc/project/icecube/HE_Nu_Aske_Oct2024/PMTfied_filtered/MuonLike/Snowstorm/22011/1/PMTfied_18.parquet
2025-02-13 17:46:28 - INFO - Filtered PMTfied file saved to: /lustre/hpc/project/icecube/HE_Nu_Aske_Oct2024/PMTfied_filtered/MuonLike/Snowstorm/22011/1/PMTfied_14.parquet
2025-02-13 17:46:32 - INFO - Filtered PMTfied file saved to: /lustre/hpc/project/icecube/HE_Nu_Aske_Oct2024/PMTfied_filtered/MuonLike/Snowstorm/22011/1/PMTfied_10.parquet
2025-02-13 17:46:36 - INFO - Filtered PMTfied file saved to: /lustre/hpc/project/icecube/HE_Nu_Aske_Oct2024/PMTfied_filtered/MuonLike/Snowstorm/22011/1/PMTfied_20.parquet
2025-02-13 17:46:39 - INFO - Filtered PMTfied file saved to: /lustre/hpc/project/icecube/HE_Nu_Aske_Oct2024/PMTfied_filtered/MuonLike/Snowstorm/22011/1/PMTfied_9.parquet
2025-02-13 17:46:43 - INFO - Filtered PMTfied file saved to: /lustre/hpc/project/icecube/HE_Nu_Aske_Oct2024/PMTfied_filtered/MuonLike/Snowstorm/22011/1/PMTfied_5.parquet
2025-02-13 17:46:46 - INFO - Filtered PMTfied file saved to: /lustre/hpc/project/icecube/HE_Nu_Aske_Oct2024/PMTfied_filtered/MuonLike/Snowstorm/22011/1/PMTfied_1.parquet
2025-02-13 17:46:50 - INFO - Filtered PMTfied file saved to: /lustre/hpc/project/icecube/HE_Nu_Aske_Oct2024/PMTfied_filtered/MuonLike/Snowstorm/22011/1/PMTfied_16.parquet
2025-02-13 17:46:53 - INFO - Filtered PMTfied file saved to: /lustre/hpc/project/icecube/HE_Nu_Aske_Oct2024/PMTfied_filtered/MuonLike/Snowstorm/22011/1/PMTfied_12.parquet
2025-02-13 17:46:57 - INFO - Filtered PMTfied file saved to: /lustre/hpc/project/icecube/HE_Nu_Aske_Oct2024/PMTfied_filtered/MuonLike/Snowstorm/22011/1/PMTfied_17.parquet
2025-02-13 17:47:00 - INFO - Filtered PMTfied file saved to: /lustre/hpc/project/icecube/HE_Nu_Aske_Oct2024/PMTfied_filtered/MuonLike/Snowstorm/22011/1/PMTfied_13.parquet
2025-02-13 17:47:00 - INFO - Filtered PMTfied file saved to: /lustre/hpc/project/icecube/HE_Nu_Aske_Oct2024/PMTfied_filtered/MuonLike/Snowstorm/22011/1/PMTfied_21.parquet
2025-02-13 17:47:04 - INFO - Filtered PMTfied file saved to: /lustre/hpc/project/icecube/HE_Nu_Aske_Oct2024/PMTfied_filtered/MuonLike/Snowstorm/22011/1/PMTfied_4.parquet
2025-02-13 17:47:07 - INFO - Filtered PMTfied file saved to: /lustre/hpc/project/icecube/HE_Nu_Aske_Oct2024/PMTfied_filtered/MuonLike/Snowstorm/22011/1/PMTfied_8.parquet
2025-02-13 17:47:07 - INFO - Filtering process completed.
2025-02-13 17:47:07 - INFO - Filtering process completed for all selected filters.
2025-02-13 17:47:07 - INFO - Execution time: 187.05 seconds
2025-02-13 17:47:07 - INFO - Updated receipt with execution time: /lustre/hpc/project/icecube/HE_Nu_Aske_Oct2024/PMTfied_filtered/MuonLike/Snowstorm/22011/[Receipt]22011_1.json
Job completed at Thu Feb 13 05:47:08 PM CET 2025
