Starting job at Mon Feb 24 01:51:08 PM CET 2025
Running Filter_by_part.py for subdirectory 22011, part 6
2025-02-24 13:51:11 - INFO - Event filtering process starts...
2025-02-24 13:51:11 - INFO - Initialized PureNeutrinoEventFilter filter for 22011/6
2025-02-24 13:51:14 - INFO - Loaded 5 event specifier files from /lustre/hpc/project/icecube/HE_Nu_Aske_Oct2024/clean_events_dict/22011/22011/reduced
2025-02-24 13:51:14 - INFO - Selected 2 CSV files covering event range [2294, 3394]
2025-02-24 13:51:18 - INFO - Loaded 2315044 valid (RunID, EventID) pairs from CSV files
2025-02-24 13:51:19 - INFO - Extracted 303156 valid events based on pure neutrino events.
2025-02-24 13:51:20 - INFO - Initialized CCFilter filter for 22011/6
2025-02-24 13:51:20 - INFO - Extracted 361314 valid events which are CC interactions.
2025-02-24 13:51:20 - INFO - Initialized ContainmentFilter filter for 22011/6
2025-02-24 13:51:20 - INFO - Extracted 61329 valid events within the specified containment region.
2025-02-24 13:51:20 - INFO - Initialized CompositeEventFilter filter for 22011/6
2025-02-24 13:51:20 - INFO - Initialized (CC_CRclean_Contained)
2025-02-24 13:51:20 - INFO - Starting filtering process for 22011/6
2025-02-24 13:51:20 - INFO - Starting filtering process for 22011/6
2025-02-24 13:51:23 - INFO - Recalculated 'offset' column based on 'N_doms' values within each 'shard_no' group.
2025-02-24 13:51:23 - INFO - Filtered truth file saved to: /lustre/hpc/project/icecube/HE_Nu_Aske_Oct2024/PMTfied_filtered/Snowstorm/CC_CRclean_Contained/22011/truth_6.parquet
2025-02-24 13:51:26 - INFO - Filtered PMTfied file saved to: /lustre/hpc/project/icecube/HE_Nu_Aske_Oct2024/PMTfied_filtered/Snowstorm/CC_CRclean_Contained/22011/6/PMTfied_10.parquet
2025-02-24 13:51:28 - INFO - Filtered PMTfied file saved to: /lustre/hpc/project/icecube/HE_Nu_Aske_Oct2024/PMTfied_filtered/Snowstorm/CC_CRclean_Contained/22011/6/PMTfied_14.parquet
2025-02-24 13:51:31 - INFO - Filtered PMTfied file saved to: /lustre/hpc/project/icecube/HE_Nu_Aske_Oct2024/PMTfied_filtered/Snowstorm/CC_CRclean_Contained/22011/6/PMTfied_18.parquet
2025-02-24 13:51:34 - INFO - Filtered PMTfied file saved to: /lustre/hpc/project/icecube/HE_Nu_Aske_Oct2024/PMTfied_filtered/Snowstorm/CC_CRclean_Contained/22011/6/PMTfied_9.parquet
2025-02-24 13:51:36 - INFO - Filtered PMTfied file saved to: /lustre/hpc/project/icecube/HE_Nu_Aske_Oct2024/PMTfied_filtered/Snowstorm/CC_CRclean_Contained/22011/6/PMTfied_1.parquet
2025-02-24 13:51:39 - INFO - Filtered PMTfied file saved to: /lustre/hpc/project/icecube/HE_Nu_Aske_Oct2024/PMTfied_filtered/Snowstorm/CC_CRclean_Contained/22011/6/PMTfied_5.parquet
2025-02-24 13:51:41 - INFO - Filtered PMTfied file saved to: /lustre/hpc/project/icecube/HE_Nu_Aske_Oct2024/PMTfied_filtered/Snowstorm/CC_CRclean_Contained/22011/6/PMTfied_4.parquet
2025-02-24 13:51:44 - INFO - Filtered PMTfied file saved to: /lustre/hpc/project/icecube/HE_Nu_Aske_Oct2024/PMTfied_filtered/Snowstorm/CC_CRclean_Contained/22011/6/PMTfied_8.parquet
2025-02-24 13:51:46 - INFO - Filtered PMTfied file saved to: /lustre/hpc/project/icecube/HE_Nu_Aske_Oct2024/PMTfied_filtered/Snowstorm/CC_CRclean_Contained/22011/6/PMTfied_19.parquet
2025-02-24 13:51:48 - INFO - Filtered PMTfied file saved to: /lustre/hpc/project/icecube/HE_Nu_Aske_Oct2024/PMTfied_filtered/Snowstorm/CC_CRclean_Contained/22011/6/PMTfied_11.parquet
2025-02-24 13:51:51 - INFO - Filtered PMTfied file saved to: /lustre/hpc/project/icecube/HE_Nu_Aske_Oct2024/PMTfied_filtered/Snowstorm/CC_CRclean_Contained/22011/6/PMTfied_15.parquet
2025-02-24 13:51:54 - INFO - Filtered PMTfied file saved to: /lustre/hpc/project/icecube/HE_Nu_Aske_Oct2024/PMTfied_filtered/Snowstorm/CC_CRclean_Contained/22011/6/PMTfied_2.parquet
2025-02-24 13:51:56 - INFO - Filtered PMTfied file saved to: /lustre/hpc/project/icecube/HE_Nu_Aske_Oct2024/PMTfied_filtered/Snowstorm/CC_CRclean_Contained/22011/6/PMTfied_6.parquet
2025-02-24 13:51:56 - INFO - Filtered PMTfied file saved to: /lustre/hpc/project/icecube/HE_Nu_Aske_Oct2024/PMTfied_filtered/Snowstorm/CC_CRclean_Contained/22011/6/PMTfied_21.parquet
2025-02-24 13:51:58 - INFO - Filtered PMTfied file saved to: /lustre/hpc/project/icecube/HE_Nu_Aske_Oct2024/PMTfied_filtered/Snowstorm/CC_CRclean_Contained/22011/6/PMTfied_13.parquet
2025-02-24 13:52:01 - INFO - Filtered PMTfied file saved to: /lustre/hpc/project/icecube/HE_Nu_Aske_Oct2024/PMTfied_filtered/Snowstorm/CC_CRclean_Contained/22011/6/PMTfied_17.parquet
2025-02-24 13:52:03 - INFO - Filtered PMTfied file saved to: /lustre/hpc/project/icecube/HE_Nu_Aske_Oct2024/PMTfied_filtered/Snowstorm/CC_CRclean_Contained/22011/6/PMTfied_12.parquet
2025-02-24 13:52:06 - INFO - Filtered PMTfied file saved to: /lustre/hpc/project/icecube/HE_Nu_Aske_Oct2024/PMTfied_filtered/Snowstorm/CC_CRclean_Contained/22011/6/PMTfied_16.parquet
2025-02-24 13:52:08 - INFO - Filtered PMTfied file saved to: /lustre/hpc/project/icecube/HE_Nu_Aske_Oct2024/PMTfied_filtered/Snowstorm/CC_CRclean_Contained/22011/6/PMTfied_3.parquet
2025-02-24 13:52:11 - INFO - Filtered PMTfied file saved to: /lustre/hpc/project/icecube/HE_Nu_Aske_Oct2024/PMTfied_filtered/Snowstorm/CC_CRclean_Contained/22011/6/PMTfied_7.parquet
2025-02-24 13:52:14 - INFO - Filtered PMTfied file saved to: /lustre/hpc/project/icecube/HE_Nu_Aske_Oct2024/PMTfied_filtered/Snowstorm/CC_CRclean_Contained/22011/6/PMTfied_20.parquet
2025-02-24 13:52:14 - INFO - Filtering process completed.
2025-02-24 13:52:14 - INFO - Filtering process completed.
2025-02-24 13:52:14 - INFO - Unified receipt generated: /lustre/hpc/project/icecube/HE_Nu_Aske_Oct2024/PMTfied_filtered/Snowstorm/CC_CRclean_Contained/22011/[Receipt]22011_6.json
2025-02-24 13:52:14 - INFO - Filtering process completed.
Job completed at Mon Feb 24 01:52:14 PM CET 2025
