Starting job at Sat Feb 15 12:08:46 PM CET 2025
Running Filter_by_part.py for subdirectory 22011, part 8
2025-02-15 12:08:48 - INFO - Event filtering process starts...
2025-02-15 12:08:48 - INFO - Initialized PureNeutrinoEventFilter filter for 22011/8
2025-02-15 12:08:51 - INFO - Loaded 5 event specifier files from /lustre/hpc/project/icecube/HE_Nu_Aske_Oct2024/clean_events_dict/22011/22011/reduced
2025-02-15 12:08:51 - INFO - Selected 2 CSV files covering event range [3424, 4470]
2025-02-15 12:08:54 - INFO - Loaded 1736211 valid (RunID, EventID) pairs from CSV files
2025-02-15 12:08:55 - INFO - Extracted 304929 valid events based on pure neutrino events.
2025-02-15 12:08:55 - INFO - Initialized CompositeEventFilter filter for 22011/8
2025-02-15 12:08:55 - INFO - Initialized (PureNu)
2025-02-15 12:08:55 - INFO - Starting filtering process for 22011/8
2025-02-15 12:08:55 - INFO - Starting filtering process for 22011/8
2025-02-15 12:09:07 - INFO - Recalculated 'offset' column based on filtered 'N_doms' values.
2025-02-15 12:09:10 - INFO - Filtered truth file saved to: /lustre/hpc/project/icecube/HE_Nu_Aske_Oct2024/PMTfied_filtered/Snowstorm/PureNu/22011/truth_8.parquet
2025-02-15 12:09:14 - INFO - Filtered PMTfied file saved to: /lustre/hpc/project/icecube/HE_Nu_Aske_Oct2024/PMTfied_filtered/Snowstorm/PureNu/22011/8/PMTfied_4.parquet
2025-02-15 12:09:17 - INFO - Filtered PMTfied file saved to: /lustre/hpc/project/icecube/HE_Nu_Aske_Oct2024/PMTfied_filtered/Snowstorm/PureNu/22011/8/PMTfied_8.parquet
2025-02-15 12:09:21 - INFO - Filtered PMTfied file saved to: /lustre/hpc/project/icecube/HE_Nu_Aske_Oct2024/PMTfied_filtered/Snowstorm/PureNu/22011/8/PMTfied_20.parquet
2025-02-15 12:09:25 - INFO - Filtered PMTfied file saved to: /lustre/hpc/project/icecube/HE_Nu_Aske_Oct2024/PMTfied_filtered/Snowstorm/PureNu/22011/8/PMTfied_12.parquet
2025-02-15 12:09:29 - INFO - Filtered PMTfied file saved to: /lustre/hpc/project/icecube/HE_Nu_Aske_Oct2024/PMTfied_filtered/Snowstorm/PureNu/22011/8/PMTfied_16.parquet
2025-02-15 12:09:33 - INFO - Filtered PMTfied file saved to: /lustre/hpc/project/icecube/HE_Nu_Aske_Oct2024/PMTfied_filtered/Snowstorm/PureNu/22011/8/PMTfied_13.parquet
2025-02-15 12:09:37 - INFO - Filtered PMTfied file saved to: /lustre/hpc/project/icecube/HE_Nu_Aske_Oct2024/PMTfied_filtered/Snowstorm/PureNu/22011/8/PMTfied_17.parquet
2025-02-15 12:09:41 - INFO - Filtered PMTfied file saved to: /lustre/hpc/project/icecube/HE_Nu_Aske_Oct2024/PMTfied_filtered/Snowstorm/PureNu/22011/8/PMTfied_9.parquet
2025-02-15 12:09:42 - INFO - Filtered PMTfied file saved to: /lustre/hpc/project/icecube/HE_Nu_Aske_Oct2024/PMTfied_filtered/Snowstorm/PureNu/22011/8/PMTfied_21.parquet
2025-02-15 12:09:46 - INFO - Filtered PMTfied file saved to: /lustre/hpc/project/icecube/HE_Nu_Aske_Oct2024/PMTfied_filtered/Snowstorm/PureNu/22011/8/PMTfied_5.parquet
2025-02-15 12:09:50 - INFO - Filtered PMTfied file saved to: /lustre/hpc/project/icecube/HE_Nu_Aske_Oct2024/PMTfied_filtered/Snowstorm/PureNu/22011/8/PMTfied_1.parquet
2025-02-15 12:09:54 - INFO - Filtered PMTfied file saved to: /lustre/hpc/project/icecube/HE_Nu_Aske_Oct2024/PMTfied_filtered/Snowstorm/PureNu/22011/8/PMTfied_19.parquet
2025-02-15 12:09:58 - INFO - Filtered PMTfied file saved to: /lustre/hpc/project/icecube/HE_Nu_Aske_Oct2024/PMTfied_filtered/Snowstorm/PureNu/22011/8/PMTfied_11.parquet
2025-02-15 12:10:02 - INFO - Filtered PMTfied file saved to: /lustre/hpc/project/icecube/HE_Nu_Aske_Oct2024/PMTfied_filtered/Snowstorm/PureNu/22011/8/PMTfied_15.parquet
2025-02-15 12:10:05 - INFO - Filtered PMTfied file saved to: /lustre/hpc/project/icecube/HE_Nu_Aske_Oct2024/PMTfied_filtered/Snowstorm/PureNu/22011/8/PMTfied_7.parquet
2025-02-15 12:10:09 - INFO - Filtered PMTfied file saved to: /lustre/hpc/project/icecube/HE_Nu_Aske_Oct2024/PMTfied_filtered/Snowstorm/PureNu/22011/8/PMTfied_3.parquet
2025-02-15 12:10:13 - INFO - Filtered PMTfied file saved to: /lustre/hpc/project/icecube/HE_Nu_Aske_Oct2024/PMTfied_filtered/Snowstorm/PureNu/22011/8/PMTfied_6.parquet
2025-02-15 12:10:17 - INFO - Filtered PMTfied file saved to: /lustre/hpc/project/icecube/HE_Nu_Aske_Oct2024/PMTfied_filtered/Snowstorm/PureNu/22011/8/PMTfied_2.parquet
2025-02-15 12:10:21 - INFO - Filtered PMTfied file saved to: /lustre/hpc/project/icecube/HE_Nu_Aske_Oct2024/PMTfied_filtered/Snowstorm/PureNu/22011/8/PMTfied_10.parquet
2025-02-15 12:10:25 - INFO - Filtered PMTfied file saved to: /lustre/hpc/project/icecube/HE_Nu_Aske_Oct2024/PMTfied_filtered/Snowstorm/PureNu/22011/8/PMTfied_14.parquet
2025-02-15 12:10:28 - INFO - Filtered PMTfied file saved to: /lustre/hpc/project/icecube/HE_Nu_Aske_Oct2024/PMTfied_filtered/Snowstorm/PureNu/22011/8/PMTfied_18.parquet
2025-02-15 12:10:28 - INFO - Filtering process completed.
2025-02-15 12:10:28 - INFO - Filtering process completed.
2025-02-15 12:10:28 - INFO - Unified receipt generated: /lustre/hpc/project/icecube/HE_Nu_Aske_Oct2024/PMTfied_filtered/Snowstorm/PureNu/22011/[Receipt]22011_8.json
2025-02-15 12:10:28 - INFO - Filtering process completed.
Job completed at Sat Feb 15 12:10:29 PM CET 2025
