Starting job at Thu Feb 13 05:06:29 PM CET 2025
Running Filter_by_part.py for subdirectory 22011, part 7
2025-02-13 17:06:29 - INFO - Event filtering process starts...
2025-02-13 17:06:29 - INFO - Initialized Muon13Filter
2025-02-13 17:06:29 - INFO - Starting filtering process for 22011/7
2025-02-13 17:06:43 - INFO - Recalculated 'offset' column based on filtered 'N_doms' values.
2025-02-13 17:06:46 - INFO - Filtered truth file saved to: /lustre/hpc/project/icecube/HE_Nu_Aske_Oct2024/PMTfied_filtered/MuonLike/Snowstorm/22011/truth_7.parquet
2025-02-13 17:06:46 - INFO - Receipt file saved to: /lustre/hpc/project/icecube/HE_Nu_Aske_Oct2024/PMTfied_filtered/MuonLike/Snowstorm/22011/[Receipt]22011_7.json
2025-02-13 17:06:52 - INFO - Filtered PMTfied file saved to: /lustre/hpc/project/icecube/HE_Nu_Aske_Oct2024/PMTfied_filtered/MuonLike/Snowstorm/22011/7/PMTfied_17.parquet
2025-02-13 17:06:57 - INFO - Filtered PMTfied file saved to: /lustre/hpc/project/icecube/HE_Nu_Aske_Oct2024/PMTfied_filtered/MuonLike/Snowstorm/22011/7/PMTfied_13.parquet
2025-02-13 17:07:01 - INFO - Filtered PMTfied file saved to: /lustre/hpc/project/icecube/HE_Nu_Aske_Oct2024/PMTfied_filtered/MuonLike/Snowstorm/22011/7/PMTfied_2.parquet
2025-02-13 17:07:07 - INFO - Filtered PMTfied file saved to: /lustre/hpc/project/icecube/HE_Nu_Aske_Oct2024/PMTfied_filtered/MuonLike/Snowstorm/22011/7/PMTfied_6.parquet
2025-02-13 17:07:08 - INFO - Filtered PMTfied file saved to: /lustre/hpc/project/icecube/HE_Nu_Aske_Oct2024/PMTfied_filtered/MuonLike/Snowstorm/22011/7/PMTfied_21.parquet
2025-02-13 17:07:12 - INFO - Filtered PMTfied file saved to: /lustre/hpc/project/icecube/HE_Nu_Aske_Oct2024/PMTfied_filtered/MuonLike/Snowstorm/22011/7/PMTfied_3.parquet
2025-02-13 17:07:16 - INFO - Filtered PMTfied file saved to: /lustre/hpc/project/icecube/HE_Nu_Aske_Oct2024/PMTfied_filtered/MuonLike/Snowstorm/22011/7/PMTfied_7.parquet
2025-02-13 17:07:20 - INFO - Filtered PMTfied file saved to: /lustre/hpc/project/icecube/HE_Nu_Aske_Oct2024/PMTfied_filtered/MuonLike/Snowstorm/22011/7/PMTfied_20.parquet
2025-02-13 17:07:24 - INFO - Filtered PMTfied file saved to: /lustre/hpc/project/icecube/HE_Nu_Aske_Oct2024/PMTfied_filtered/MuonLike/Snowstorm/22011/7/PMTfied_16.parquet
2025-02-13 17:07:28 - INFO - Filtered PMTfied file saved to: /lustre/hpc/project/icecube/HE_Nu_Aske_Oct2024/PMTfied_filtered/MuonLike/Snowstorm/22011/7/PMTfied_12.parquet
2025-02-13 17:07:33 - INFO - Filtered PMTfied file saved to: /lustre/hpc/project/icecube/HE_Nu_Aske_Oct2024/PMTfied_filtered/MuonLike/Snowstorm/22011/7/PMTfied_9.parquet
2025-02-13 17:07:37 - INFO - Filtered PMTfied file saved to: /lustre/hpc/project/icecube/HE_Nu_Aske_Oct2024/PMTfied_filtered/MuonLike/Snowstorm/22011/7/PMTfied_1.parquet
2025-02-13 17:07:41 - INFO - Filtered PMTfied file saved to: /lustre/hpc/project/icecube/HE_Nu_Aske_Oct2024/PMTfied_filtered/MuonLike/Snowstorm/22011/7/PMTfied_5.parquet
2025-02-13 17:07:45 - INFO - Filtered PMTfied file saved to: /lustre/hpc/project/icecube/HE_Nu_Aske_Oct2024/PMTfied_filtered/MuonLike/Snowstorm/22011/7/PMTfied_18.parquet
2025-02-13 17:07:49 - INFO - Filtered PMTfied file saved to: /lustre/hpc/project/icecube/HE_Nu_Aske_Oct2024/PMTfied_filtered/MuonLike/Snowstorm/22011/7/PMTfied_14.parquet
2025-02-13 17:07:53 - INFO - Filtered PMTfied file saved to: /lustre/hpc/project/icecube/HE_Nu_Aske_Oct2024/PMTfied_filtered/MuonLike/Snowstorm/22011/7/PMTfied_10.parquet
2025-02-13 17:07:57 - INFO - Filtered PMTfied file saved to: /lustre/hpc/project/icecube/HE_Nu_Aske_Oct2024/PMTfied_filtered/MuonLike/Snowstorm/22011/7/PMTfied_15.parquet
2025-02-13 17:08:02 - INFO - Filtered PMTfied file saved to: /lustre/hpc/project/icecube/HE_Nu_Aske_Oct2024/PMTfied_filtered/MuonLike/Snowstorm/22011/7/PMTfied_11.parquet
2025-02-13 17:08:06 - INFO - Filtered PMTfied file saved to: /lustre/hpc/project/icecube/HE_Nu_Aske_Oct2024/PMTfied_filtered/MuonLike/Snowstorm/22011/7/PMTfied_19.parquet
2025-02-13 17:08:10 - INFO - Filtered PMTfied file saved to: /lustre/hpc/project/icecube/HE_Nu_Aske_Oct2024/PMTfied_filtered/MuonLike/Snowstorm/22011/7/PMTfied_4.parquet
2025-02-13 17:08:14 - INFO - Filtered PMTfied file saved to: /lustre/hpc/project/icecube/HE_Nu_Aske_Oct2024/PMTfied_filtered/MuonLike/Snowstorm/22011/7/PMTfied_8.parquet
2025-02-13 17:08:14 - INFO - Filtering process completed.
2025-02-13 17:08:14 - INFO - Filtering process completed for all selected filters.
2025-02-13 17:08:14 - INFO - Execution time: 104.57 seconds
2025-02-13 17:08:14 - INFO - Updated receipt with execution time: /lustre/hpc/project/icecube/HE_Nu_Aske_Oct2024/PMTfied_filtered/MuonLike/Snowstorm/22011/[Receipt]22011_7.json
Job completed at Thu Feb 13 05:08:14 PM CET 2025
