Starting job at Thu Feb 13 05:06:10 PM CET 2025
Running Filter_by_part.py for subdirectory 22011, part 4
2025-02-13 17:06:10 - INFO - Event filtering process starts...
2025-02-13 17:06:10 - INFO - Initialized Muon13Filter
2025-02-13 17:06:10 - INFO - Starting filtering process for 22011/4
2025-02-13 17:06:26 - INFO - Recalculated 'offset' column based on filtered 'N_doms' values.
2025-02-13 17:06:29 - INFO - Filtered truth file saved to: /lustre/hpc/project/icecube/HE_Nu_Aske_Oct2024/PMTfied_filtered/MuonLike/Snowstorm/22011/truth_4.parquet
2025-02-13 17:06:29 - INFO - Receipt file saved to: /lustre/hpc/project/icecube/HE_Nu_Aske_Oct2024/PMTfied_filtered/MuonLike/Snowstorm/22011/[Receipt]22011_4.json
2025-02-13 17:06:33 - INFO - Filtered PMTfied file saved to: /lustre/hpc/project/icecube/HE_Nu_Aske_Oct2024/PMTfied_filtered/MuonLike/Snowstorm/22011/4/PMTfied_7.parquet
2025-02-13 17:06:38 - INFO - Filtered PMTfied file saved to: /lustre/hpc/project/icecube/HE_Nu_Aske_Oct2024/PMTfied_filtered/MuonLike/Snowstorm/22011/4/PMTfied_3.parquet
2025-02-13 17:06:43 - INFO - Filtered PMTfied file saved to: /lustre/hpc/project/icecube/HE_Nu_Aske_Oct2024/PMTfied_filtered/MuonLike/Snowstorm/22011/4/PMTfied_20.parquet
2025-02-13 17:06:48 - INFO - Filtered PMTfied file saved to: /lustre/hpc/project/icecube/HE_Nu_Aske_Oct2024/PMTfied_filtered/MuonLike/Snowstorm/22011/4/PMTfied_16.parquet
2025-02-13 17:06:52 - INFO - Filtered PMTfied file saved to: /lustre/hpc/project/icecube/HE_Nu_Aske_Oct2024/PMTfied_filtered/MuonLike/Snowstorm/22011/4/PMTfied_12.parquet
2025-02-13 17:06:57 - INFO - Filtered PMTfied file saved to: /lustre/hpc/project/icecube/HE_Nu_Aske_Oct2024/PMTfied_filtered/MuonLike/Snowstorm/22011/4/PMTfied_17.parquet
2025-02-13 17:07:02 - INFO - Filtered PMTfied file saved to: /lustre/hpc/project/icecube/HE_Nu_Aske_Oct2024/PMTfied_filtered/MuonLike/Snowstorm/22011/4/PMTfied_13.parquet
2025-02-13 17:07:07 - INFO - Filtered PMTfied file saved to: /lustre/hpc/project/icecube/HE_Nu_Aske_Oct2024/PMTfied_filtered/MuonLike/Snowstorm/22011/4/PMTfied_6.parquet
2025-02-13 17:07:11 - INFO - Filtered PMTfied file saved to: /lustre/hpc/project/icecube/HE_Nu_Aske_Oct2024/PMTfied_filtered/MuonLike/Snowstorm/22011/4/PMTfied_2.parquet
2025-02-13 17:07:12 - INFO - Filtered PMTfied file saved to: /lustre/hpc/project/icecube/HE_Nu_Aske_Oct2024/PMTfied_filtered/MuonLike/Snowstorm/22011/4/PMTfied_21.parquet
2025-02-13 17:07:17 - INFO - Filtered PMTfied file saved to: /lustre/hpc/project/icecube/HE_Nu_Aske_Oct2024/PMTfied_filtered/MuonLike/Snowstorm/22011/4/PMTfied_15.parquet
2025-02-13 17:07:23 - INFO - Filtered PMTfied file saved to: /lustre/hpc/project/icecube/HE_Nu_Aske_Oct2024/PMTfied_filtered/MuonLike/Snowstorm/22011/4/PMTfied_11.parquet
2025-02-13 17:07:28 - INFO - Filtered PMTfied file saved to: /lustre/hpc/project/icecube/HE_Nu_Aske_Oct2024/PMTfied_filtered/MuonLike/Snowstorm/22011/4/PMTfied_19.parquet
2025-02-13 17:07:32 - INFO - Filtered PMTfied file saved to: /lustre/hpc/project/icecube/HE_Nu_Aske_Oct2024/PMTfied_filtered/MuonLike/Snowstorm/22011/4/PMTfied_4.parquet
2025-02-13 17:07:37 - INFO - Filtered PMTfied file saved to: /lustre/hpc/project/icecube/HE_Nu_Aske_Oct2024/PMTfied_filtered/MuonLike/Snowstorm/22011/4/PMTfied_8.parquet
2025-02-13 17:07:42 - INFO - Filtered PMTfied file saved to: /lustre/hpc/project/icecube/HE_Nu_Aske_Oct2024/PMTfied_filtered/MuonLike/Snowstorm/22011/4/PMTfied_9.parquet
2025-02-13 17:07:46 - INFO - Filtered PMTfied file saved to: /lustre/hpc/project/icecube/HE_Nu_Aske_Oct2024/PMTfied_filtered/MuonLike/Snowstorm/22011/4/PMTfied_5.parquet
2025-02-13 17:07:51 - INFO - Filtered PMTfied file saved to: /lustre/hpc/project/icecube/HE_Nu_Aske_Oct2024/PMTfied_filtered/MuonLike/Snowstorm/22011/4/PMTfied_1.parquet
2025-02-13 17:07:57 - INFO - Filtered PMTfied file saved to: /lustre/hpc/project/icecube/HE_Nu_Aske_Oct2024/PMTfied_filtered/MuonLike/Snowstorm/22011/4/PMTfied_18.parquet
2025-02-13 17:08:02 - INFO - Filtered PMTfied file saved to: /lustre/hpc/project/icecube/HE_Nu_Aske_Oct2024/PMTfied_filtered/MuonLike/Snowstorm/22011/4/PMTfied_14.parquet
2025-02-13 17:08:06 - INFO - Filtered PMTfied file saved to: /lustre/hpc/project/icecube/HE_Nu_Aske_Oct2024/PMTfied_filtered/MuonLike/Snowstorm/22011/4/PMTfied_10.parquet
2025-02-13 17:08:06 - INFO - Filtering process completed.
2025-02-13 17:08:06 - INFO - Filtering process completed for all selected filters.
2025-02-13 17:08:06 - INFO - Execution time: 116.35 seconds
2025-02-13 17:08:06 - INFO - Updated receipt with execution time: /lustre/hpc/project/icecube/HE_Nu_Aske_Oct2024/PMTfied_filtered/MuonLike/Snowstorm/22011/[Receipt]22011_4.json
Job completed at Thu Feb 13 05:08:06 PM CET 2025
