Starting job at Sat Feb 15 12:08:40 PM CET 2025
Running Filter_by_part.py for subdirectory 22011, part 6
2025-02-15 12:08:41 - INFO - Event filtering process starts...
2025-02-15 12:08:41 - INFO - Initialized PureNeutrinoEventFilter filter for 22011/6
2025-02-15 12:08:42 - INFO - Loaded 5 event specifier files from /lustre/hpc/project/icecube/HE_Nu_Aske_Oct2024/clean_events_dict/22011/22011/reduced
2025-02-15 12:08:42 - INFO - Selected 2 CSV files covering event range [2294, 3394]
2025-02-15 12:08:45 - INFO - Loaded 2315044 valid (RunID, EventID) pairs from CSV files
2025-02-15 12:08:46 - INFO - Extracted 303156 valid events based on pure neutrino events.
2025-02-15 12:08:47 - INFO - Initialized CompositeEventFilter filter for 22011/6
2025-02-15 12:08:47 - INFO - Initialized (PureNu)
2025-02-15 12:08:47 - INFO - Starting filtering process for 22011/6
2025-02-15 12:08:47 - INFO - Starting filtering process for 22011/6
2025-02-15 12:08:59 - INFO - Recalculated 'offset' column based on filtered 'N_doms' values.
2025-02-15 12:09:02 - INFO - Filtered truth file saved to: /lustre/hpc/project/icecube/HE_Nu_Aske_Oct2024/PMTfied_filtered/Snowstorm/PureNu/22011/truth_6.parquet
2025-02-15 12:09:06 - INFO - Filtered PMTfied file saved to: /lustre/hpc/project/icecube/HE_Nu_Aske_Oct2024/PMTfied_filtered/Snowstorm/PureNu/22011/6/PMTfied_10.parquet
2025-02-15 12:09:12 - INFO - Filtered PMTfied file saved to: /lustre/hpc/project/icecube/HE_Nu_Aske_Oct2024/PMTfied_filtered/Snowstorm/PureNu/22011/6/PMTfied_14.parquet
2025-02-15 12:09:18 - INFO - Filtered PMTfied file saved to: /lustre/hpc/project/icecube/HE_Nu_Aske_Oct2024/PMTfied_filtered/Snowstorm/PureNu/22011/6/PMTfied_18.parquet
2025-02-15 12:09:21 - INFO - Filtered PMTfied file saved to: /lustre/hpc/project/icecube/HE_Nu_Aske_Oct2024/PMTfied_filtered/Snowstorm/PureNu/22011/6/PMTfied_9.parquet
2025-02-15 12:09:25 - INFO - Filtered PMTfied file saved to: /lustre/hpc/project/icecube/HE_Nu_Aske_Oct2024/PMTfied_filtered/Snowstorm/PureNu/22011/6/PMTfied_1.parquet
2025-02-15 12:09:29 - INFO - Filtered PMTfied file saved to: /lustre/hpc/project/icecube/HE_Nu_Aske_Oct2024/PMTfied_filtered/Snowstorm/PureNu/22011/6/PMTfied_5.parquet
2025-02-15 12:09:33 - INFO - Filtered PMTfied file saved to: /lustre/hpc/project/icecube/HE_Nu_Aske_Oct2024/PMTfied_filtered/Snowstorm/PureNu/22011/6/PMTfied_4.parquet
2025-02-15 12:09:37 - INFO - Filtered PMTfied file saved to: /lustre/hpc/project/icecube/HE_Nu_Aske_Oct2024/PMTfied_filtered/Snowstorm/PureNu/22011/6/PMTfied_8.parquet
2025-02-15 12:09:43 - INFO - Filtered PMTfied file saved to: /lustre/hpc/project/icecube/HE_Nu_Aske_Oct2024/PMTfied_filtered/Snowstorm/PureNu/22011/6/PMTfied_19.parquet
2025-02-15 12:09:47 - INFO - Filtered PMTfied file saved to: /lustre/hpc/project/icecube/HE_Nu_Aske_Oct2024/PMTfied_filtered/Snowstorm/PureNu/22011/6/PMTfied_11.parquet
2025-02-15 12:09:54 - INFO - Filtered PMTfied file saved to: /lustre/hpc/project/icecube/HE_Nu_Aske_Oct2024/PMTfied_filtered/Snowstorm/PureNu/22011/6/PMTfied_15.parquet
2025-02-15 12:09:57 - INFO - Filtered PMTfied file saved to: /lustre/hpc/project/icecube/HE_Nu_Aske_Oct2024/PMTfied_filtered/Snowstorm/PureNu/22011/6/PMTfied_2.parquet
2025-02-15 12:10:01 - INFO - Filtered PMTfied file saved to: /lustre/hpc/project/icecube/HE_Nu_Aske_Oct2024/PMTfied_filtered/Snowstorm/PureNu/22011/6/PMTfied_6.parquet
2025-02-15 12:10:01 - INFO - Filtered PMTfied file saved to: /lustre/hpc/project/icecube/HE_Nu_Aske_Oct2024/PMTfied_filtered/Snowstorm/PureNu/22011/6/PMTfied_21.parquet
2025-02-15 12:10:06 - INFO - Filtered PMTfied file saved to: /lustre/hpc/project/icecube/HE_Nu_Aske_Oct2024/PMTfied_filtered/Snowstorm/PureNu/22011/6/PMTfied_13.parquet
2025-02-15 12:10:12 - INFO - Filtered PMTfied file saved to: /lustre/hpc/project/icecube/HE_Nu_Aske_Oct2024/PMTfied_filtered/Snowstorm/PureNu/22011/6/PMTfied_17.parquet
2025-02-15 12:10:16 - INFO - Filtered PMTfied file saved to: /lustre/hpc/project/icecube/HE_Nu_Aske_Oct2024/PMTfied_filtered/Snowstorm/PureNu/22011/6/PMTfied_12.parquet
2025-02-15 12:10:22 - INFO - Filtered PMTfied file saved to: /lustre/hpc/project/icecube/HE_Nu_Aske_Oct2024/PMTfied_filtered/Snowstorm/PureNu/22011/6/PMTfied_16.parquet
2025-02-15 12:10:26 - INFO - Filtered PMTfied file saved to: /lustre/hpc/project/icecube/HE_Nu_Aske_Oct2024/PMTfied_filtered/Snowstorm/PureNu/22011/6/PMTfied_3.parquet
2025-02-15 12:10:32 - INFO - Filtered PMTfied file saved to: /lustre/hpc/project/icecube/HE_Nu_Aske_Oct2024/PMTfied_filtered/Snowstorm/PureNu/22011/6/PMTfied_7.parquet
2025-02-15 12:10:36 - INFO - Filtered PMTfied file saved to: /lustre/hpc/project/icecube/HE_Nu_Aske_Oct2024/PMTfied_filtered/Snowstorm/PureNu/22011/6/PMTfied_20.parquet
2025-02-15 12:10:36 - INFO - Filtering process completed.
2025-02-15 12:10:36 - INFO - Filtering process completed.
2025-02-15 12:10:36 - INFO - Unified receipt generated: /lustre/hpc/project/icecube/HE_Nu_Aske_Oct2024/PMTfied_filtered/Snowstorm/PureNu/22011/[Receipt]22011_6.json
2025-02-15 12:10:36 - INFO - Filtering process completed.
Job completed at Sat Feb 15 12:10:36 PM CET 2025
