Starting job at Mon Feb 17 03:56:47 PM CET 2025
Running Filter_by_part.py for subdirectory 22011, part 8
2025-02-17 15:56:47 - INFO - Event filtering process starts...
2025-02-17 15:56:47 - INFO - Initialized PureNeutrinoEventFilter filter for 22011/8
2025-02-17 15:56:48 - INFO - Loaded 5 event specifier files from /lustre/hpc/project/icecube/HE_Nu_Aske_Oct2024/clean_events_dict/22011/22011/reduced
2025-02-17 15:56:48 - INFO - Selected 2 CSV files covering event range [3424, 4470]
2025-02-17 15:56:49 - INFO - Loaded 1736211 valid (RunID, EventID) pairs from CSV files
2025-02-17 15:56:50 - INFO - Extracted 304929 valid events based on pure neutrino events.
2025-02-17 15:56:50 - INFO - Initialized CompositeEventFilter filter for 22011/8
2025-02-17 15:56:50 - INFO - Initialized (PureNu)
2025-02-17 15:56:50 - INFO - Starting filtering process for 22011/8
2025-02-17 15:56:50 - INFO - Starting filtering process for 22011/8
2025-02-17 15:56:56 - INFO - Recalculated 'offset' column based on 'N_doms' values within each 'shard_no' group.
2025-02-17 15:56:57 - INFO - Filtered truth file saved to: /lustre/hpc/project/icecube/HE_Nu_Aske_Oct2024/PMTfied_filtered/Snowstorm/PureNu/22011/truth_8.parquet
2025-02-17 15:56:59 - INFO - Filtered PMTfied file saved to: /lustre/hpc/project/icecube/HE_Nu_Aske_Oct2024/PMTfied_filtered/Snowstorm/PureNu/22011/8/PMTfied_4.parquet
2025-02-17 15:57:01 - INFO - Filtered PMTfied file saved to: /lustre/hpc/project/icecube/HE_Nu_Aske_Oct2024/PMTfied_filtered/Snowstorm/PureNu/22011/8/PMTfied_8.parquet
2025-02-17 15:57:03 - INFO - Filtered PMTfied file saved to: /lustre/hpc/project/icecube/HE_Nu_Aske_Oct2024/PMTfied_filtered/Snowstorm/PureNu/22011/8/PMTfied_20.parquet
2025-02-17 15:57:05 - INFO - Filtered PMTfied file saved to: /lustre/hpc/project/icecube/HE_Nu_Aske_Oct2024/PMTfied_filtered/Snowstorm/PureNu/22011/8/PMTfied_12.parquet
2025-02-17 15:57:07 - INFO - Filtered PMTfied file saved to: /lustre/hpc/project/icecube/HE_Nu_Aske_Oct2024/PMTfied_filtered/Snowstorm/PureNu/22011/8/PMTfied_16.parquet
2025-02-17 15:57:08 - INFO - Filtered PMTfied file saved to: /lustre/hpc/project/icecube/HE_Nu_Aske_Oct2024/PMTfied_filtered/Snowstorm/PureNu/22011/8/PMTfied_13.parquet
2025-02-17 15:57:11 - INFO - Filtered PMTfied file saved to: /lustre/hpc/project/icecube/HE_Nu_Aske_Oct2024/PMTfied_filtered/Snowstorm/PureNu/22011/8/PMTfied_17.parquet
2025-02-17 15:57:13 - INFO - Filtered PMTfied file saved to: /lustre/hpc/project/icecube/HE_Nu_Aske_Oct2024/PMTfied_filtered/Snowstorm/PureNu/22011/8/PMTfied_9.parquet
2025-02-17 15:57:13 - INFO - Filtered PMTfied file saved to: /lustre/hpc/project/icecube/HE_Nu_Aske_Oct2024/PMTfied_filtered/Snowstorm/PureNu/22011/8/PMTfied_21.parquet
2025-02-17 15:57:17 - INFO - Filtered PMTfied file saved to: /lustre/hpc/project/icecube/HE_Nu_Aske_Oct2024/PMTfied_filtered/Snowstorm/PureNu/22011/8/PMTfied_5.parquet
2025-02-17 15:57:19 - INFO - Filtered PMTfied file saved to: /lustre/hpc/project/icecube/HE_Nu_Aske_Oct2024/PMTfied_filtered/Snowstorm/PureNu/22011/8/PMTfied_1.parquet
2025-02-17 15:57:21 - INFO - Filtered PMTfied file saved to: /lustre/hpc/project/icecube/HE_Nu_Aske_Oct2024/PMTfied_filtered/Snowstorm/PureNu/22011/8/PMTfied_19.parquet
2025-02-17 15:57:23 - INFO - Filtered PMTfied file saved to: /lustre/hpc/project/icecube/HE_Nu_Aske_Oct2024/PMTfied_filtered/Snowstorm/PureNu/22011/8/PMTfied_11.parquet
2025-02-17 15:57:24 - INFO - Filtered PMTfied file saved to: /lustre/hpc/project/icecube/HE_Nu_Aske_Oct2024/PMTfied_filtered/Snowstorm/PureNu/22011/8/PMTfied_15.parquet
2025-02-17 15:57:26 - INFO - Filtered PMTfied file saved to: /lustre/hpc/project/icecube/HE_Nu_Aske_Oct2024/PMTfied_filtered/Snowstorm/PureNu/22011/8/PMTfied_7.parquet
2025-02-17 15:57:28 - INFO - Filtered PMTfied file saved to: /lustre/hpc/project/icecube/HE_Nu_Aske_Oct2024/PMTfied_filtered/Snowstorm/PureNu/22011/8/PMTfied_3.parquet
2025-02-17 15:57:30 - INFO - Filtered PMTfied file saved to: /lustre/hpc/project/icecube/HE_Nu_Aske_Oct2024/PMTfied_filtered/Snowstorm/PureNu/22011/8/PMTfied_6.parquet
2025-02-17 15:57:32 - INFO - Filtered PMTfied file saved to: /lustre/hpc/project/icecube/HE_Nu_Aske_Oct2024/PMTfied_filtered/Snowstorm/PureNu/22011/8/PMTfied_2.parquet
2025-02-17 15:57:34 - INFO - Filtered PMTfied file saved to: /lustre/hpc/project/icecube/HE_Nu_Aske_Oct2024/PMTfied_filtered/Snowstorm/PureNu/22011/8/PMTfied_10.parquet
2025-02-17 15:57:35 - INFO - Filtered PMTfied file saved to: /lustre/hpc/project/icecube/HE_Nu_Aske_Oct2024/PMTfied_filtered/Snowstorm/PureNu/22011/8/PMTfied_14.parquet
2025-02-17 15:57:37 - INFO - Filtered PMTfied file saved to: /lustre/hpc/project/icecube/HE_Nu_Aske_Oct2024/PMTfied_filtered/Snowstorm/PureNu/22011/8/PMTfied_18.parquet
2025-02-17 15:57:37 - INFO - Filtering process completed.
2025-02-17 15:57:37 - INFO - Filtering process completed.
2025-02-17 15:57:37 - INFO - Unified receipt generated: /lustre/hpc/project/icecube/HE_Nu_Aske_Oct2024/PMTfied_filtered/Snowstorm/PureNu/22011/[Receipt]22011_8.json
2025-02-17 15:57:37 - INFO - Filtering process completed.
Job completed at Mon Feb 17 03:57:37 PM CET 2025
