Starting job at Sat Feb 15 12:08:43 PM CET 2025
Running Filter_by_part.py for subdirectory 22011, part 7
2025-02-15 12:08:43 - INFO - Event filtering process starts...
2025-02-15 12:08:43 - INFO - Initialized PureNeutrinoEventFilter filter for 22011/7
2025-02-15 12:08:44 - INFO - Loaded 5 event specifier files from /lustre/hpc/project/icecube/HE_Nu_Aske_Oct2024/clean_events_dict/22011/22011/reduced
2025-02-15 12:08:45 - INFO - Selected 3 CSV files covering event range [2315, 4389]
2025-02-15 12:08:49 - INFO - Loaded 2893521 valid (RunID, EventID) pairs from CSV files
2025-02-15 12:08:49 - INFO - Extracted 304485 valid events based on pure neutrino events.
2025-02-15 12:08:50 - INFO - Initialized CompositeEventFilter filter for 22011/7
2025-02-15 12:08:50 - INFO - Initialized (PureNu)
2025-02-15 12:08:50 - INFO - Starting filtering process for 22011/7
2025-02-15 12:08:50 - INFO - Starting filtering process for 22011/7
2025-02-15 12:09:02 - INFO - Recalculated 'offset' column based on filtered 'N_doms' values.
2025-02-15 12:09:05 - INFO - Filtered truth file saved to: /lustre/hpc/project/icecube/HE_Nu_Aske_Oct2024/PMTfied_filtered/Snowstorm/PureNu/22011/truth_7.parquet
2025-02-15 12:09:11 - INFO - Filtered PMTfied file saved to: /lustre/hpc/project/icecube/HE_Nu_Aske_Oct2024/PMTfied_filtered/Snowstorm/PureNu/22011/7/PMTfied_17.parquet
2025-02-15 12:09:15 - INFO - Filtered PMTfied file saved to: /lustre/hpc/project/icecube/HE_Nu_Aske_Oct2024/PMTfied_filtered/Snowstorm/PureNu/22011/7/PMTfied_13.parquet
2025-02-15 12:09:18 - INFO - Filtered PMTfied file saved to: /lustre/hpc/project/icecube/HE_Nu_Aske_Oct2024/PMTfied_filtered/Snowstorm/PureNu/22011/7/PMTfied_2.parquet
2025-02-15 12:09:25 - INFO - Filtered PMTfied file saved to: /lustre/hpc/project/icecube/HE_Nu_Aske_Oct2024/PMTfied_filtered/Snowstorm/PureNu/22011/7/PMTfied_6.parquet
2025-02-15 12:09:26 - INFO - Filtered PMTfied file saved to: /lustre/hpc/project/icecube/HE_Nu_Aske_Oct2024/PMTfied_filtered/Snowstorm/PureNu/22011/7/PMTfied_21.parquet
2025-02-15 12:09:30 - INFO - Filtered PMTfied file saved to: /lustre/hpc/project/icecube/HE_Nu_Aske_Oct2024/PMTfied_filtered/Snowstorm/PureNu/22011/7/PMTfied_3.parquet
2025-02-15 12:09:36 - INFO - Filtered PMTfied file saved to: /lustre/hpc/project/icecube/HE_Nu_Aske_Oct2024/PMTfied_filtered/Snowstorm/PureNu/22011/7/PMTfied_7.parquet
2025-02-15 12:09:40 - INFO - Filtered PMTfied file saved to: /lustre/hpc/project/icecube/HE_Nu_Aske_Oct2024/PMTfied_filtered/Snowstorm/PureNu/22011/7/PMTfied_20.parquet
2025-02-15 12:09:44 - INFO - Filtered PMTfied file saved to: /lustre/hpc/project/icecube/HE_Nu_Aske_Oct2024/PMTfied_filtered/Snowstorm/PureNu/22011/7/PMTfied_16.parquet
2025-02-15 12:09:48 - INFO - Filtered PMTfied file saved to: /lustre/hpc/project/icecube/HE_Nu_Aske_Oct2024/PMTfied_filtered/Snowstorm/PureNu/22011/7/PMTfied_12.parquet
2025-02-15 12:09:52 - INFO - Filtered PMTfied file saved to: /lustre/hpc/project/icecube/HE_Nu_Aske_Oct2024/PMTfied_filtered/Snowstorm/PureNu/22011/7/PMTfied_9.parquet
2025-02-15 12:09:55 - INFO - Filtered PMTfied file saved to: /lustre/hpc/project/icecube/HE_Nu_Aske_Oct2024/PMTfied_filtered/Snowstorm/PureNu/22011/7/PMTfied_1.parquet
2025-02-15 12:09:59 - INFO - Filtered PMTfied file saved to: /lustre/hpc/project/icecube/HE_Nu_Aske_Oct2024/PMTfied_filtered/Snowstorm/PureNu/22011/7/PMTfied_5.parquet
2025-02-15 12:10:03 - INFO - Filtered PMTfied file saved to: /lustre/hpc/project/icecube/HE_Nu_Aske_Oct2024/PMTfied_filtered/Snowstorm/PureNu/22011/7/PMTfied_18.parquet
2025-02-15 12:10:07 - INFO - Filtered PMTfied file saved to: /lustre/hpc/project/icecube/HE_Nu_Aske_Oct2024/PMTfied_filtered/Snowstorm/PureNu/22011/7/PMTfied_14.parquet
2025-02-15 12:10:11 - INFO - Filtered PMTfied file saved to: /lustre/hpc/project/icecube/HE_Nu_Aske_Oct2024/PMTfied_filtered/Snowstorm/PureNu/22011/7/PMTfied_10.parquet
2025-02-15 12:10:14 - INFO - Filtered PMTfied file saved to: /lustre/hpc/project/icecube/HE_Nu_Aske_Oct2024/PMTfied_filtered/Snowstorm/PureNu/22011/7/PMTfied_15.parquet
2025-02-15 12:10:18 - INFO - Filtered PMTfied file saved to: /lustre/hpc/project/icecube/HE_Nu_Aske_Oct2024/PMTfied_filtered/Snowstorm/PureNu/22011/7/PMTfied_11.parquet
2025-02-15 12:10:22 - INFO - Filtered PMTfied file saved to: /lustre/hpc/project/icecube/HE_Nu_Aske_Oct2024/PMTfied_filtered/Snowstorm/PureNu/22011/7/PMTfied_19.parquet
2025-02-15 12:10:28 - INFO - Filtered PMTfied file saved to: /lustre/hpc/project/icecube/HE_Nu_Aske_Oct2024/PMTfied_filtered/Snowstorm/PureNu/22011/7/PMTfied_4.parquet
2025-02-15 12:10:31 - INFO - Filtered PMTfied file saved to: /lustre/hpc/project/icecube/HE_Nu_Aske_Oct2024/PMTfied_filtered/Snowstorm/PureNu/22011/7/PMTfied_8.parquet
2025-02-15 12:10:31 - INFO - Filtering process completed.
2025-02-15 12:10:31 - INFO - Filtering process completed.
2025-02-15 12:10:32 - INFO - Unified receipt generated: /lustre/hpc/project/icecube/HE_Nu_Aske_Oct2024/PMTfied_filtered/Snowstorm/PureNu/22011/[Receipt]22011_7.json
2025-02-15 12:10:32 - INFO - Filtering process completed.
Job completed at Sat Feb 15 12:10:32 PM CET 2025
