Starting job at Sat Feb 15 12:54:35 PM CET 2025
Running Filter_by_part.py for subdirectory 22011, part 7
2025-02-15 12:54:35 - INFO - Event filtering process starts...
2025-02-15 12:54:35 - INFO - Initialized Muon13Filter filter for 22011/7
2025-02-15 12:54:37 - INFO - Extracted 321079 valid events where MuonFilter_13==True.
2025-02-15 12:54:37 - INFO - Initialized CompositeEventFilter filter for 22011/7
2025-02-15 12:54:37 - INFO - Initialized (MuonLike)
2025-02-15 12:54:37 - INFO - Starting filtering process for 22011/7
2025-02-15 12:54:37 - INFO - Starting filtering process for 22011/7
2025-02-15 12:54:50 - INFO - Recalculated 'offset' column based on filtered 'N_doms' values.
2025-02-15 12:54:52 - INFO - Filtered truth file saved to: /lustre/hpc/project/icecube/HE_Nu_Aske_Oct2024/PMTfied_filtered/Snowstorm/MuonLike/22011/truth_7.parquet
2025-02-15 12:54:59 - INFO - Filtered PMTfied file saved to: /lustre/hpc/project/icecube/HE_Nu_Aske_Oct2024/PMTfied_filtered/Snowstorm/MuonLike/22011/7/PMTfied_17.parquet
2025-02-15 12:55:04 - INFO - Filtered PMTfied file saved to: /lustre/hpc/project/icecube/HE_Nu_Aske_Oct2024/PMTfied_filtered/Snowstorm/MuonLike/22011/7/PMTfied_13.parquet
2025-02-15 12:55:08 - INFO - Filtered PMTfied file saved to: /lustre/hpc/project/icecube/HE_Nu_Aske_Oct2024/PMTfied_filtered/Snowstorm/MuonLike/22011/7/PMTfied_2.parquet
2025-02-15 12:55:12 - INFO - Filtered PMTfied file saved to: /lustre/hpc/project/icecube/HE_Nu_Aske_Oct2024/PMTfied_filtered/Snowstorm/MuonLike/22011/7/PMTfied_6.parquet
2025-02-15 12:55:13 - INFO - Filtered PMTfied file saved to: /lustre/hpc/project/icecube/HE_Nu_Aske_Oct2024/PMTfied_filtered/Snowstorm/MuonLike/22011/7/PMTfied_21.parquet
2025-02-15 12:55:17 - INFO - Filtered PMTfied file saved to: /lustre/hpc/project/icecube/HE_Nu_Aske_Oct2024/PMTfied_filtered/Snowstorm/MuonLike/22011/7/PMTfied_3.parquet
2025-02-15 12:55:21 - INFO - Filtered PMTfied file saved to: /lustre/hpc/project/icecube/HE_Nu_Aske_Oct2024/PMTfied_filtered/Snowstorm/MuonLike/22011/7/PMTfied_7.parquet
2025-02-15 12:55:25 - INFO - Filtered PMTfied file saved to: /lustre/hpc/project/icecube/HE_Nu_Aske_Oct2024/PMTfied_filtered/Snowstorm/MuonLike/22011/7/PMTfied_20.parquet
2025-02-15 12:55:29 - INFO - Filtered PMTfied file saved to: /lustre/hpc/project/icecube/HE_Nu_Aske_Oct2024/PMTfied_filtered/Snowstorm/MuonLike/22011/7/PMTfied_16.parquet
2025-02-15 12:55:33 - INFO - Filtered PMTfied file saved to: /lustre/hpc/project/icecube/HE_Nu_Aske_Oct2024/PMTfied_filtered/Snowstorm/MuonLike/22011/7/PMTfied_12.parquet
2025-02-15 12:55:37 - INFO - Filtered PMTfied file saved to: /lustre/hpc/project/icecube/HE_Nu_Aske_Oct2024/PMTfied_filtered/Snowstorm/MuonLike/22011/7/PMTfied_9.parquet
2025-02-15 12:55:41 - INFO - Filtered PMTfied file saved to: /lustre/hpc/project/icecube/HE_Nu_Aske_Oct2024/PMTfied_filtered/Snowstorm/MuonLike/22011/7/PMTfied_1.parquet
2025-02-15 12:55:45 - INFO - Filtered PMTfied file saved to: /lustre/hpc/project/icecube/HE_Nu_Aske_Oct2024/PMTfied_filtered/Snowstorm/MuonLike/22011/7/PMTfied_5.parquet
2025-02-15 12:55:49 - INFO - Filtered PMTfied file saved to: /lustre/hpc/project/icecube/HE_Nu_Aske_Oct2024/PMTfied_filtered/Snowstorm/MuonLike/22011/7/PMTfied_18.parquet
2025-02-15 12:55:53 - INFO - Filtered PMTfied file saved to: /lustre/hpc/project/icecube/HE_Nu_Aske_Oct2024/PMTfied_filtered/Snowstorm/MuonLike/22011/7/PMTfied_14.parquet
2025-02-15 12:55:57 - INFO - Filtered PMTfied file saved to: /lustre/hpc/project/icecube/HE_Nu_Aske_Oct2024/PMTfied_filtered/Snowstorm/MuonLike/22011/7/PMTfied_10.parquet
2025-02-15 12:56:01 - INFO - Filtered PMTfied file saved to: /lustre/hpc/project/icecube/HE_Nu_Aske_Oct2024/PMTfied_filtered/Snowstorm/MuonLike/22011/7/PMTfied_15.parquet
2025-02-15 12:56:05 - INFO - Filtered PMTfied file saved to: /lustre/hpc/project/icecube/HE_Nu_Aske_Oct2024/PMTfied_filtered/Snowstorm/MuonLike/22011/7/PMTfied_11.parquet
2025-02-15 12:56:09 - INFO - Filtered PMTfied file saved to: /lustre/hpc/project/icecube/HE_Nu_Aske_Oct2024/PMTfied_filtered/Snowstorm/MuonLike/22011/7/PMTfied_19.parquet
2025-02-15 12:56:15 - INFO - Filtered PMTfied file saved to: /lustre/hpc/project/icecube/HE_Nu_Aske_Oct2024/PMTfied_filtered/Snowstorm/MuonLike/22011/7/PMTfied_4.parquet
2025-02-15 12:56:19 - INFO - Filtered PMTfied file saved to: /lustre/hpc/project/icecube/HE_Nu_Aske_Oct2024/PMTfied_filtered/Snowstorm/MuonLike/22011/7/PMTfied_8.parquet
2025-02-15 12:56:19 - INFO - Filtering process completed.
2025-02-15 12:56:19 - INFO - Filtering process completed.
2025-02-15 12:56:19 - INFO - Unified receipt generated: /lustre/hpc/project/icecube/HE_Nu_Aske_Oct2024/PMTfied_filtered/Snowstorm/MuonLike/22011/[Receipt]22011_7.json
2025-02-15 12:56:19 - INFO - Filtering process completed.
Job completed at Sat Feb 15 12:56:19 PM CET 2025
