Starting job at Sat Feb 15 12:54:32 PM CET 2025
Running Filter_by_part.py for subdirectory 22011, part 1
2025-02-15 12:54:34 - INFO - Event filtering process starts...
2025-02-15 12:54:34 - INFO - Initialized Muon13Filter filter for 22011/1
2025-02-15 12:54:36 - INFO - Extracted 320504 valid events where MuonFilter_13==True.
2025-02-15 12:54:36 - INFO - Initialized CompositeEventFilter filter for 22011/1
2025-02-15 12:54:36 - INFO - Initialized (MuonLike)
2025-02-15 12:54:36 - INFO - Starting filtering process for 22011/1
2025-02-15 12:54:36 - INFO - Starting filtering process for 22011/1
2025-02-15 12:54:49 - INFO - Recalculated 'offset' column based on filtered 'N_doms' values.
2025-02-15 12:54:51 - INFO - Filtered truth file saved to: /lustre/hpc/project/icecube/HE_Nu_Aske_Oct2024/PMTfied_filtered/Snowstorm/MuonLike/22011/truth_1.parquet
2025-02-15 12:54:55 - INFO - Filtered PMTfied file saved to: /lustre/hpc/project/icecube/HE_Nu_Aske_Oct2024/PMTfied_filtered/Snowstorm/MuonLike/22011/1/PMTfied_15.parquet
2025-02-15 12:55:00 - INFO - Filtered PMTfied file saved to: /lustre/hpc/project/icecube/HE_Nu_Aske_Oct2024/PMTfied_filtered/Snowstorm/MuonLike/22011/1/PMTfied_11.parquet
2025-02-15 12:55:04 - INFO - Filtered PMTfied file saved to: /lustre/hpc/project/icecube/HE_Nu_Aske_Oct2024/PMTfied_filtered/Snowstorm/MuonLike/22011/1/PMTfied_19.parquet
2025-02-15 12:55:08 - INFO - Filtered PMTfied file saved to: /lustre/hpc/project/icecube/HE_Nu_Aske_Oct2024/PMTfied_filtered/Snowstorm/MuonLike/22011/1/PMTfied_6.parquet
2025-02-15 12:55:12 - INFO - Filtered PMTfied file saved to: /lustre/hpc/project/icecube/HE_Nu_Aske_Oct2024/PMTfied_filtered/Snowstorm/MuonLike/22011/1/PMTfied_2.parquet
2025-02-15 12:55:18 - INFO - Filtered PMTfied file saved to: /lustre/hpc/project/icecube/HE_Nu_Aske_Oct2024/PMTfied_filtered/Snowstorm/MuonLike/22011/1/PMTfied_7.parquet
2025-02-15 12:55:22 - INFO - Filtered PMTfied file saved to: /lustre/hpc/project/icecube/HE_Nu_Aske_Oct2024/PMTfied_filtered/Snowstorm/MuonLike/22011/1/PMTfied_3.parquet
2025-02-15 12:55:32 - INFO - Filtered PMTfied file saved to: /lustre/hpc/project/icecube/HE_Nu_Aske_Oct2024/PMTfied_filtered/Snowstorm/MuonLike/22011/1/PMTfied_18.parquet
2025-02-15 12:55:36 - INFO - Filtered PMTfied file saved to: /lustre/hpc/project/icecube/HE_Nu_Aske_Oct2024/PMTfied_filtered/Snowstorm/MuonLike/22011/1/PMTfied_14.parquet
2025-02-15 12:55:40 - INFO - Filtered PMTfied file saved to: /lustre/hpc/project/icecube/HE_Nu_Aske_Oct2024/PMTfied_filtered/Snowstorm/MuonLike/22011/1/PMTfied_10.parquet
2025-02-15 12:55:44 - INFO - Filtered PMTfied file saved to: /lustre/hpc/project/icecube/HE_Nu_Aske_Oct2024/PMTfied_filtered/Snowstorm/MuonLike/22011/1/PMTfied_20.parquet
2025-02-15 12:55:48 - INFO - Filtered PMTfied file saved to: /lustre/hpc/project/icecube/HE_Nu_Aske_Oct2024/PMTfied_filtered/Snowstorm/MuonLike/22011/1/PMTfied_9.parquet
2025-02-15 12:55:52 - INFO - Filtered PMTfied file saved to: /lustre/hpc/project/icecube/HE_Nu_Aske_Oct2024/PMTfied_filtered/Snowstorm/MuonLike/22011/1/PMTfied_5.parquet
2025-02-15 12:55:57 - INFO - Filtered PMTfied file saved to: /lustre/hpc/project/icecube/HE_Nu_Aske_Oct2024/PMTfied_filtered/Snowstorm/MuonLike/22011/1/PMTfied_1.parquet
2025-02-15 12:56:01 - INFO - Filtered PMTfied file saved to: /lustre/hpc/project/icecube/HE_Nu_Aske_Oct2024/PMTfied_filtered/Snowstorm/MuonLike/22011/1/PMTfied_16.parquet
2025-02-15 12:56:05 - INFO - Filtered PMTfied file saved to: /lustre/hpc/project/icecube/HE_Nu_Aske_Oct2024/PMTfied_filtered/Snowstorm/MuonLike/22011/1/PMTfied_12.parquet
2025-02-15 12:56:10 - INFO - Filtered PMTfied file saved to: /lustre/hpc/project/icecube/HE_Nu_Aske_Oct2024/PMTfied_filtered/Snowstorm/MuonLike/22011/1/PMTfied_17.parquet
2025-02-15 12:56:14 - INFO - Filtered PMTfied file saved to: /lustre/hpc/project/icecube/HE_Nu_Aske_Oct2024/PMTfied_filtered/Snowstorm/MuonLike/22011/1/PMTfied_13.parquet
2025-02-15 12:56:14 - INFO - Filtered PMTfied file saved to: /lustre/hpc/project/icecube/HE_Nu_Aske_Oct2024/PMTfied_filtered/Snowstorm/MuonLike/22011/1/PMTfied_21.parquet
2025-02-15 12:56:18 - INFO - Filtered PMTfied file saved to: /lustre/hpc/project/icecube/HE_Nu_Aske_Oct2024/PMTfied_filtered/Snowstorm/MuonLike/22011/1/PMTfied_4.parquet
2025-02-15 12:56:22 - INFO - Filtered PMTfied file saved to: /lustre/hpc/project/icecube/HE_Nu_Aske_Oct2024/PMTfied_filtered/Snowstorm/MuonLike/22011/1/PMTfied_8.parquet
2025-02-15 12:56:23 - INFO - Filtering process completed.
2025-02-15 12:56:23 - INFO - Filtering process completed.
2025-02-15 12:56:23 - INFO - Unified receipt generated: /lustre/hpc/project/icecube/HE_Nu_Aske_Oct2024/PMTfied_filtered/Snowstorm/MuonLike/22011/[Receipt]22011_1.json
2025-02-15 12:56:23 - INFO - Filtering process completed.
Job completed at Sat Feb 15 12:56:23 PM CET 2025
