Starting job at Mon Feb 17 03:56:21 PM CET 2025
Running Filter_by_part.py for subdirectory 22011, part 3
2025-02-17 15:56:21 - INFO - Event filtering process starts...
2025-02-17 15:56:21 - INFO - Initialized PureNeutrinoEventFilter filter for 22011/3
2025-02-17 15:56:23 - INFO - Loaded 5 event specifier files from /lustre/hpc/project/icecube/HE_Nu_Aske_Oct2024/clean_events_dict/22011/22011/reduced
2025-02-17 15:56:23 - INFO - Selected 3 CSV files covering event range [26, 2237]
2025-02-17 15:56:28 - INFO - Loaded 3473688 valid (RunID, EventID) pairs from CSV files
2025-02-17 15:56:29 - INFO - Extracted 304433 valid events based on pure neutrino events.
2025-02-17 15:56:30 - INFO - Initialized CompositeEventFilter filter for 22011/3
2025-02-17 15:56:30 - INFO - Initialized (PureNu)
2025-02-17 15:56:30 - INFO - Starting filtering process for 22011/3
2025-02-17 15:56:30 - INFO - Starting filtering process for 22011/3
2025-02-17 15:56:43 - INFO - Recalculated 'offset' column based on 'N_doms' values within each 'shard_no' group.
2025-02-17 15:56:45 - INFO - Filtered truth file saved to: /lustre/hpc/project/icecube/HE_Nu_Aske_Oct2024/PMTfied_filtered/Snowstorm/PureNu/22011/truth_3.parquet
2025-02-17 15:56:50 - INFO - Filtered PMTfied file saved to: /lustre/hpc/project/icecube/HE_Nu_Aske_Oct2024/PMTfied_filtered/Snowstorm/PureNu/22011/3/PMTfied_5.parquet
2025-02-17 15:56:54 - INFO - Filtered PMTfied file saved to: /lustre/hpc/project/icecube/HE_Nu_Aske_Oct2024/PMTfied_filtered/Snowstorm/PureNu/22011/3/PMTfied_1.parquet
2025-02-17 15:56:58 - INFO - Filtered PMTfied file saved to: /lustre/hpc/project/icecube/HE_Nu_Aske_Oct2024/PMTfied_filtered/Snowstorm/PureNu/22011/3/PMTfied_9.parquet
2025-02-17 15:57:02 - INFO - Filtered PMTfied file saved to: /lustre/hpc/project/icecube/HE_Nu_Aske_Oct2024/PMTfied_filtered/Snowstorm/PureNu/22011/3/PMTfied_19.parquet
2025-02-17 15:57:06 - INFO - Filtered PMTfied file saved to: /lustre/hpc/project/icecube/HE_Nu_Aske_Oct2024/PMTfied_filtered/Snowstorm/PureNu/22011/3/PMTfied_11.parquet
2025-02-17 15:57:10 - INFO - Filtered PMTfied file saved to: /lustre/hpc/project/icecube/HE_Nu_Aske_Oct2024/PMTfied_filtered/Snowstorm/PureNu/22011/3/PMTfied_15.parquet
2025-02-17 15:57:13 - INFO - Filtered PMTfied file saved to: /lustre/hpc/project/icecube/HE_Nu_Aske_Oct2024/PMTfied_filtered/Snowstorm/PureNu/22011/3/PMTfied_10.parquet
2025-02-17 15:57:17 - INFO - Filtered PMTfied file saved to: /lustre/hpc/project/icecube/HE_Nu_Aske_Oct2024/PMTfied_filtered/Snowstorm/PureNu/22011/3/PMTfied_14.parquet
2025-02-17 15:57:21 - INFO - Filtered PMTfied file saved to: /lustre/hpc/project/icecube/HE_Nu_Aske_Oct2024/PMTfied_filtered/Snowstorm/PureNu/22011/3/PMTfied_18.parquet
2025-02-17 15:57:25 - INFO - Filtered PMTfied file saved to: /lustre/hpc/project/icecube/HE_Nu_Aske_Oct2024/PMTfied_filtered/Snowstorm/PureNu/22011/3/PMTfied_8.parquet
2025-02-17 15:57:28 - INFO - Filtered PMTfied file saved to: /lustre/hpc/project/icecube/HE_Nu_Aske_Oct2024/PMTfied_filtered/Snowstorm/PureNu/22011/3/PMTfied_4.parquet
2025-02-17 15:57:32 - INFO - Filtered PMTfied file saved to: /lustre/hpc/project/icecube/HE_Nu_Aske_Oct2024/PMTfied_filtered/Snowstorm/PureNu/22011/3/PMTfied_12.parquet
2025-02-17 15:57:38 - INFO - Filtered PMTfied file saved to: /lustre/hpc/project/icecube/HE_Nu_Aske_Oct2024/PMTfied_filtered/Snowstorm/PureNu/22011/3/PMTfied_16.parquet
2025-02-17 15:57:41 - INFO - Filtered PMTfied file saved to: /lustre/hpc/project/icecube/HE_Nu_Aske_Oct2024/PMTfied_filtered/Snowstorm/PureNu/22011/3/PMTfied_6.parquet
2025-02-17 15:57:45 - INFO - Filtered PMTfied file saved to: /lustre/hpc/project/icecube/HE_Nu_Aske_Oct2024/PMTfied_filtered/Snowstorm/PureNu/22011/3/PMTfied_20.parquet
2025-02-17 15:57:49 - INFO - Filtered PMTfied file saved to: /lustre/hpc/project/icecube/HE_Nu_Aske_Oct2024/PMTfied_filtered/Snowstorm/PureNu/22011/3/PMTfied_2.parquet
2025-02-17 15:57:50 - INFO - Filtered PMTfied file saved to: /lustre/hpc/project/icecube/HE_Nu_Aske_Oct2024/PMTfied_filtered/Snowstorm/PureNu/22011/3/PMTfied_21.parquet
2025-02-17 15:57:53 - INFO - Filtered PMTfied file saved to: /lustre/hpc/project/icecube/HE_Nu_Aske_Oct2024/PMTfied_filtered/Snowstorm/PureNu/22011/3/PMTfied_7.parquet
2025-02-17 15:57:57 - INFO - Filtered PMTfied file saved to: /lustre/hpc/project/icecube/HE_Nu_Aske_Oct2024/PMTfied_filtered/Snowstorm/PureNu/22011/3/PMTfied_3.parquet
2025-02-17 15:58:01 - INFO - Filtered PMTfied file saved to: /lustre/hpc/project/icecube/HE_Nu_Aske_Oct2024/PMTfied_filtered/Snowstorm/PureNu/22011/3/PMTfied_13.parquet
2025-02-17 15:58:05 - INFO - Filtered PMTfied file saved to: /lustre/hpc/project/icecube/HE_Nu_Aske_Oct2024/PMTfied_filtered/Snowstorm/PureNu/22011/3/PMTfied_17.parquet
2025-02-17 15:58:05 - INFO - Filtering process completed.
2025-02-17 15:58:05 - INFO - Filtering process completed.
2025-02-17 15:58:05 - INFO - Unified receipt generated: /lustre/hpc/project/icecube/HE_Nu_Aske_Oct2024/PMTfied_filtered/Snowstorm/PureNu/22011/[Receipt]22011_3.json
2025-02-17 15:58:05 - INFO - Filtering process completed.
Job completed at Mon Feb 17 03:58:05 PM CET 2025
