Starting job at Thu Feb 13 05:54:31 PM CET 2025
Running Filter_by_part.py for subdirectory 22011, part 4
2025-02-13 17:54:31 - INFO - Event filtering process starts...
2025-02-13 17:54:31 - INFO - Initialized PureNeutrinoEventFilter
2025-02-13 17:54:31 - INFO - Starting filtering process for 22011/4
2025-02-13 17:54:32 - INFO - Loaded 5 event specifier files from /lustre/hpc/project/icecube/HE_Nu_Aske_Oct2024/clean_events_dict/22011/22011/reduced
2025-02-13 17:54:32 - INFO - Selected 2 CSV files covering event range [1158, 2260]
2025-02-13 17:54:36 - INFO - Loaded 2315142 valid (RunID, EventID) pairs from CSV files
2025-02-13 17:54:51 - INFO - Recalculated 'offset' column based on filtered 'N_doms' values.
2025-02-13 17:54:53 - INFO - Filtered truth file saved to: /lustre/hpc/project/icecube/HE_Nu_Aske_Oct2024/PMTfied_filtered/PureNu/Snowstorm/22011/truth_4.parquet
2025-02-13 17:54:53 - INFO - Receipt file saved to: /lustre/hpc/project/icecube/HE_Nu_Aske_Oct2024/PMTfied_filtered/PureNu/Snowstorm/22011/[Receipt]22011_4.json
2025-02-13 17:54:58 - INFO - Filtered PMTfied file saved to: /lustre/hpc/project/icecube/HE_Nu_Aske_Oct2024/PMTfied_filtered/PureNu/Snowstorm/22011/4/PMTfied_7.parquet
2025-02-13 17:55:03 - INFO - Filtered PMTfied file saved to: /lustre/hpc/project/icecube/HE_Nu_Aske_Oct2024/PMTfied_filtered/PureNu/Snowstorm/22011/4/PMTfied_3.parquet
2025-02-13 17:55:07 - INFO - Filtered PMTfied file saved to: /lustre/hpc/project/icecube/HE_Nu_Aske_Oct2024/PMTfied_filtered/PureNu/Snowstorm/22011/4/PMTfied_20.parquet
2025-02-13 17:55:11 - INFO - Filtered PMTfied file saved to: /lustre/hpc/project/icecube/HE_Nu_Aske_Oct2024/PMTfied_filtered/PureNu/Snowstorm/22011/4/PMTfied_16.parquet
2025-02-13 17:55:15 - INFO - Filtered PMTfied file saved to: /lustre/hpc/project/icecube/HE_Nu_Aske_Oct2024/PMTfied_filtered/PureNu/Snowstorm/22011/4/PMTfied_12.parquet
2025-02-13 17:55:19 - INFO - Filtered PMTfied file saved to: /lustre/hpc/project/icecube/HE_Nu_Aske_Oct2024/PMTfied_filtered/PureNu/Snowstorm/22011/4/PMTfied_17.parquet
2025-02-13 17:55:23 - INFO - Filtered PMTfied file saved to: /lustre/hpc/project/icecube/HE_Nu_Aske_Oct2024/PMTfied_filtered/PureNu/Snowstorm/22011/4/PMTfied_13.parquet
2025-02-13 17:55:27 - INFO - Filtered PMTfied file saved to: /lustre/hpc/project/icecube/HE_Nu_Aske_Oct2024/PMTfied_filtered/PureNu/Snowstorm/22011/4/PMTfied_6.parquet
2025-02-13 17:55:32 - INFO - Filtered PMTfied file saved to: /lustre/hpc/project/icecube/HE_Nu_Aske_Oct2024/PMTfied_filtered/PureNu/Snowstorm/22011/4/PMTfied_2.parquet
2025-02-13 17:55:33 - INFO - Filtered PMTfied file saved to: /lustre/hpc/project/icecube/HE_Nu_Aske_Oct2024/PMTfied_filtered/PureNu/Snowstorm/22011/4/PMTfied_21.parquet
2025-02-13 17:55:36 - INFO - Filtered PMTfied file saved to: /lustre/hpc/project/icecube/HE_Nu_Aske_Oct2024/PMTfied_filtered/PureNu/Snowstorm/22011/4/PMTfied_15.parquet
2025-02-13 17:55:40 - INFO - Filtered PMTfied file saved to: /lustre/hpc/project/icecube/HE_Nu_Aske_Oct2024/PMTfied_filtered/PureNu/Snowstorm/22011/4/PMTfied_11.parquet
2025-02-13 17:55:44 - INFO - Filtered PMTfied file saved to: /lustre/hpc/project/icecube/HE_Nu_Aske_Oct2024/PMTfied_filtered/PureNu/Snowstorm/22011/4/PMTfied_19.parquet
2025-02-13 17:55:48 - INFO - Filtered PMTfied file saved to: /lustre/hpc/project/icecube/HE_Nu_Aske_Oct2024/PMTfied_filtered/PureNu/Snowstorm/22011/4/PMTfied_4.parquet
2025-02-13 17:55:52 - INFO - Filtered PMTfied file saved to: /lustre/hpc/project/icecube/HE_Nu_Aske_Oct2024/PMTfied_filtered/PureNu/Snowstorm/22011/4/PMTfied_8.parquet
2025-02-13 17:55:56 - INFO - Filtered PMTfied file saved to: /lustre/hpc/project/icecube/HE_Nu_Aske_Oct2024/PMTfied_filtered/PureNu/Snowstorm/22011/4/PMTfied_9.parquet
2025-02-13 17:56:00 - INFO - Filtered PMTfied file saved to: /lustre/hpc/project/icecube/HE_Nu_Aske_Oct2024/PMTfied_filtered/PureNu/Snowstorm/22011/4/PMTfied_5.parquet
2025-02-13 17:56:04 - INFO - Filtered PMTfied file saved to: /lustre/hpc/project/icecube/HE_Nu_Aske_Oct2024/PMTfied_filtered/PureNu/Snowstorm/22011/4/PMTfied_1.parquet
2025-02-13 17:56:10 - INFO - Filtered PMTfied file saved to: /lustre/hpc/project/icecube/HE_Nu_Aske_Oct2024/PMTfied_filtered/PureNu/Snowstorm/22011/4/PMTfied_18.parquet
2025-02-13 17:56:14 - INFO - Filtered PMTfied file saved to: /lustre/hpc/project/icecube/HE_Nu_Aske_Oct2024/PMTfied_filtered/PureNu/Snowstorm/22011/4/PMTfied_14.parquet
2025-02-13 17:56:18 - INFO - Filtered PMTfied file saved to: /lustre/hpc/project/icecube/HE_Nu_Aske_Oct2024/PMTfied_filtered/PureNu/Snowstorm/22011/4/PMTfied_10.parquet
2025-02-13 17:56:18 - INFO - Filtering process completed.
2025-02-13 17:56:18 - INFO - Filtering process completed for all selected filters.
2025-02-13 17:56:18 - INFO - Execution time: 106.17 seconds
2025-02-13 17:56:18 - INFO - Updated receipt with execution time: /lustre/hpc/project/icecube/HE_Nu_Aske_Oct2024/PMTfied_filtered/PureNu/Snowstorm/22011/[Receipt]22011_4.json
Job completed at Thu Feb 13 05:56:18 PM CET 2025
