Starting job at Mon Feb 17 04:07:33 PM CET 2025
Running Filter_by_part.py for subdirectory 22011, part 5
2025-02-17 16:07:34 - INFO - Event filtering process starts...
2025-02-17 16:07:34 - INFO - Initialized Muon13Filter filter for 22011/5
2025-02-17 16:07:34 - INFO - Extracted 320113 valid events where MuonFilter_13==True.
2025-02-17 16:07:34 - INFO - Initialized CompositeEventFilter filter for 22011/5
2025-02-17 16:07:34 - INFO - Initialized (MuonLike)
2025-02-17 16:07:34 - INFO - Starting filtering process for 22011/5
2025-02-17 16:07:34 - INFO - Starting filtering process for 22011/5
2025-02-17 16:07:40 - INFO - Recalculated 'offset' column based on 'N_doms' values within each 'shard_no' group.
2025-02-17 16:07:42 - INFO - Filtered truth file saved to: /lustre/hpc/project/icecube/HE_Nu_Aske_Oct2024/PMTfied_filtered/Snowstorm/MuonLike/22011/truth_5.parquet
2025-02-17 16:07:44 - INFO - Filtered PMTfied file saved to: /lustre/hpc/project/icecube/HE_Nu_Aske_Oct2024/PMTfied_filtered/Snowstorm/MuonLike/22011/5/PMTfied_7.parquet
2025-02-17 16:07:46 - INFO - Filtered PMTfied file saved to: /lustre/hpc/project/icecube/HE_Nu_Aske_Oct2024/PMTfied_filtered/Snowstorm/MuonLike/22011/5/PMTfied_3.parquet
2025-02-17 16:07:48 - INFO - Filtered PMTfied file saved to: /lustre/hpc/project/icecube/HE_Nu_Aske_Oct2024/PMTfied_filtered/Snowstorm/MuonLike/22011/5/PMTfied_18.parquet
2025-02-17 16:07:50 - INFO - Filtered PMTfied file saved to: /lustre/hpc/project/icecube/HE_Nu_Aske_Oct2024/PMTfied_filtered/Snowstorm/MuonLike/22011/5/PMTfied_10.parquet
2025-02-17 16:07:52 - INFO - Filtered PMTfied file saved to: /lustre/hpc/project/icecube/HE_Nu_Aske_Oct2024/PMTfied_filtered/Snowstorm/MuonLike/22011/5/PMTfied_14.parquet
2025-02-17 16:07:54 - INFO - Filtered PMTfied file saved to: /lustre/hpc/project/icecube/HE_Nu_Aske_Oct2024/PMTfied_filtered/Snowstorm/MuonLike/22011/5/PMTfied_11.parquet
2025-02-17 16:07:57 - INFO - Filtered PMTfied file saved to: /lustre/hpc/project/icecube/HE_Nu_Aske_Oct2024/PMTfied_filtered/Snowstorm/MuonLike/22011/5/PMTfied_15.parquet
2025-02-17 16:07:59 - INFO - Filtered PMTfied file saved to: /lustre/hpc/project/icecube/HE_Nu_Aske_Oct2024/PMTfied_filtered/Snowstorm/MuonLike/22011/5/PMTfied_6.parquet
2025-02-17 16:08:01 - INFO - Filtered PMTfied file saved to: /lustre/hpc/project/icecube/HE_Nu_Aske_Oct2024/PMTfied_filtered/Snowstorm/MuonLike/22011/5/PMTfied_2.parquet
2025-02-17 16:08:03 - INFO - Filtered PMTfied file saved to: /lustre/hpc/project/icecube/HE_Nu_Aske_Oct2024/PMTfied_filtered/Snowstorm/MuonLike/22011/5/PMTfied_19.parquet
2025-02-17 16:08:03 - INFO - Filtered PMTfied file saved to: /lustre/hpc/project/icecube/HE_Nu_Aske_Oct2024/PMTfied_filtered/Snowstorm/MuonLike/22011/5/PMTfied_21.parquet
2025-02-17 16:08:08 - INFO - Filtered PMTfied file saved to: /lustre/hpc/project/icecube/HE_Nu_Aske_Oct2024/PMTfied_filtered/Snowstorm/MuonLike/22011/5/PMTfied_8.parquet
2025-02-17 16:08:10 - INFO - Filtered PMTfied file saved to: /lustre/hpc/project/icecube/HE_Nu_Aske_Oct2024/PMTfied_filtered/Snowstorm/MuonLike/22011/5/PMTfied_13.parquet
2025-02-17 16:08:12 - INFO - Filtered PMTfied file saved to: /lustre/hpc/project/icecube/HE_Nu_Aske_Oct2024/PMTfied_filtered/Snowstorm/MuonLike/22011/5/PMTfied_17.parquet
2025-02-17 16:08:16 - INFO - Filtered PMTfied file saved to: /lustre/hpc/project/icecube/HE_Nu_Aske_Oct2024/PMTfied_filtered/Snowstorm/MuonLike/22011/5/PMTfied_4.parquet
2025-02-17 16:08:18 - INFO - Filtered PMTfied file saved to: /lustre/hpc/project/icecube/HE_Nu_Aske_Oct2024/PMTfied_filtered/Snowstorm/MuonLike/22011/5/PMTfied_5.parquet
2025-02-17 16:08:20 - INFO - Filtered PMTfied file saved to: /lustre/hpc/project/icecube/HE_Nu_Aske_Oct2024/PMTfied_filtered/Snowstorm/MuonLike/22011/5/PMTfied_1.parquet
2025-02-17 16:08:22 - INFO - Filtered PMTfied file saved to: /lustre/hpc/project/icecube/HE_Nu_Aske_Oct2024/PMTfied_filtered/Snowstorm/MuonLike/22011/5/PMTfied_9.parquet
2025-02-17 16:08:25 - INFO - Filtered PMTfied file saved to: /lustre/hpc/project/icecube/HE_Nu_Aske_Oct2024/PMTfied_filtered/Snowstorm/MuonLike/22011/5/PMTfied_12.parquet
2025-02-17 16:08:27 - INFO - Filtered PMTfied file saved to: /lustre/hpc/project/icecube/HE_Nu_Aske_Oct2024/PMTfied_filtered/Snowstorm/MuonLike/22011/5/PMTfied_16.parquet
2025-02-17 16:08:29 - INFO - Filtered PMTfied file saved to: /lustre/hpc/project/icecube/HE_Nu_Aske_Oct2024/PMTfied_filtered/Snowstorm/MuonLike/22011/5/PMTfied_20.parquet
2025-02-17 16:08:29 - INFO - Filtering process completed.
2025-02-17 16:08:29 - INFO - Filtering process completed.
2025-02-17 16:08:29 - INFO - Unified receipt generated: /lustre/hpc/project/icecube/HE_Nu_Aske_Oct2024/PMTfied_filtered/Snowstorm/MuonLike/22011/[Receipt]22011_5.json
2025-02-17 16:08:29 - INFO - Filtering process completed.
Job completed at Mon Feb 17 04:08:29 PM CET 2025
