Starting job at Thu Feb 13 05:54:31 PM CET 2025
Running Filter_by_part.py for subdirectory 22011, part 3
2025-02-13 17:54:31 - INFO - Event filtering process starts...
2025-02-13 17:54:31 - INFO - Initialized PureNeutrinoEventFilter
2025-02-13 17:54:31 - INFO - Starting filtering process for 22011/3
2025-02-13 17:54:33 - INFO - Loaded 5 event specifier files from /lustre/hpc/project/icecube/HE_Nu_Aske_Oct2024/clean_events_dict/22011/22011/reduced
2025-02-13 17:54:33 - INFO - Selected 3 CSV files covering event range [26, 2237]
2025-02-13 17:54:39 - INFO - Loaded 3473688 valid (RunID, EventID) pairs from CSV files
2025-02-13 17:54:52 - INFO - Recalculated 'offset' column based on filtered 'N_doms' values.
2025-02-13 17:54:54 - INFO - Filtered truth file saved to: /lustre/hpc/project/icecube/HE_Nu_Aske_Oct2024/PMTfied_filtered/PureNu/Snowstorm/22011/truth_3.parquet
2025-02-13 17:54:54 - INFO - Receipt file saved to: /lustre/hpc/project/icecube/HE_Nu_Aske_Oct2024/PMTfied_filtered/PureNu/Snowstorm/22011/[Receipt]22011_3.json
2025-02-13 17:54:59 - INFO - Filtered PMTfied file saved to: /lustre/hpc/project/icecube/HE_Nu_Aske_Oct2024/PMTfied_filtered/PureNu/Snowstorm/22011/3/PMTfied_5.parquet
2025-02-13 17:55:03 - INFO - Filtered PMTfied file saved to: /lustre/hpc/project/icecube/HE_Nu_Aske_Oct2024/PMTfied_filtered/PureNu/Snowstorm/22011/3/PMTfied_1.parquet
2025-02-13 17:55:07 - INFO - Filtered PMTfied file saved to: /lustre/hpc/project/icecube/HE_Nu_Aske_Oct2024/PMTfied_filtered/PureNu/Snowstorm/22011/3/PMTfied_9.parquet
2025-02-13 17:55:13 - INFO - Filtered PMTfied file saved to: /lustre/hpc/project/icecube/HE_Nu_Aske_Oct2024/PMTfied_filtered/PureNu/Snowstorm/22011/3/PMTfied_19.parquet
2025-02-13 17:55:18 - INFO - Filtered PMTfied file saved to: /lustre/hpc/project/icecube/HE_Nu_Aske_Oct2024/PMTfied_filtered/PureNu/Snowstorm/22011/3/PMTfied_11.parquet
2025-02-13 17:55:24 - INFO - Filtered PMTfied file saved to: /lustre/hpc/project/icecube/HE_Nu_Aske_Oct2024/PMTfied_filtered/PureNu/Snowstorm/22011/3/PMTfied_15.parquet
2025-02-13 17:55:27 - INFO - Filtered PMTfied file saved to: /lustre/hpc/project/icecube/HE_Nu_Aske_Oct2024/PMTfied_filtered/PureNu/Snowstorm/22011/3/PMTfied_10.parquet
2025-02-13 17:55:33 - INFO - Filtered PMTfied file saved to: /lustre/hpc/project/icecube/HE_Nu_Aske_Oct2024/PMTfied_filtered/PureNu/Snowstorm/22011/3/PMTfied_14.parquet
2025-02-13 17:55:38 - INFO - Filtered PMTfied file saved to: /lustre/hpc/project/icecube/HE_Nu_Aske_Oct2024/PMTfied_filtered/PureNu/Snowstorm/22011/3/PMTfied_18.parquet
2025-02-13 17:55:42 - INFO - Filtered PMTfied file saved to: /lustre/hpc/project/icecube/HE_Nu_Aske_Oct2024/PMTfied_filtered/PureNu/Snowstorm/22011/3/PMTfied_8.parquet
2025-02-13 17:55:46 - INFO - Filtered PMTfied file saved to: /lustre/hpc/project/icecube/HE_Nu_Aske_Oct2024/PMTfied_filtered/PureNu/Snowstorm/22011/3/PMTfied_4.parquet
2025-02-13 17:55:50 - INFO - Filtered PMTfied file saved to: /lustre/hpc/project/icecube/HE_Nu_Aske_Oct2024/PMTfied_filtered/PureNu/Snowstorm/22011/3/PMTfied_12.parquet
2025-02-13 17:55:54 - INFO - Filtered PMTfied file saved to: /lustre/hpc/project/icecube/HE_Nu_Aske_Oct2024/PMTfied_filtered/PureNu/Snowstorm/22011/3/PMTfied_16.parquet
2025-02-13 17:56:04 - INFO - Filtered PMTfied file saved to: /lustre/hpc/project/icecube/HE_Nu_Aske_Oct2024/PMTfied_filtered/PureNu/Snowstorm/22011/3/PMTfied_6.parquet
2025-02-13 17:56:10 - INFO - Filtered PMTfied file saved to: /lustre/hpc/project/icecube/HE_Nu_Aske_Oct2024/PMTfied_filtered/PureNu/Snowstorm/22011/3/PMTfied_20.parquet
2025-02-13 17:56:15 - INFO - Filtered PMTfied file saved to: /lustre/hpc/project/icecube/HE_Nu_Aske_Oct2024/PMTfied_filtered/PureNu/Snowstorm/22011/3/PMTfied_2.parquet
2025-02-13 17:56:15 - INFO - Filtered PMTfied file saved to: /lustre/hpc/project/icecube/HE_Nu_Aske_Oct2024/PMTfied_filtered/PureNu/Snowstorm/22011/3/PMTfied_21.parquet
2025-02-13 17:56:19 - INFO - Filtered PMTfied file saved to: /lustre/hpc/project/icecube/HE_Nu_Aske_Oct2024/PMTfied_filtered/PureNu/Snowstorm/22011/3/PMTfied_7.parquet
2025-02-13 17:56:23 - INFO - Filtered PMTfied file saved to: /lustre/hpc/project/icecube/HE_Nu_Aske_Oct2024/PMTfied_filtered/PureNu/Snowstorm/22011/3/PMTfied_3.parquet
2025-02-13 17:56:27 - INFO - Filtered PMTfied file saved to: /lustre/hpc/project/icecube/HE_Nu_Aske_Oct2024/PMTfied_filtered/PureNu/Snowstorm/22011/3/PMTfied_13.parquet
2025-02-13 17:56:32 - INFO - Filtered PMTfied file saved to: /lustre/hpc/project/icecube/HE_Nu_Aske_Oct2024/PMTfied_filtered/PureNu/Snowstorm/22011/3/PMTfied_17.parquet
2025-02-13 17:56:32 - INFO - Filtering process completed.
2025-02-13 17:56:32 - INFO - Filtering process completed for all selected filters.
2025-02-13 17:56:32 - INFO - Execution time: 120.97 seconds
2025-02-13 17:56:32 - INFO - Updated receipt with execution time: /lustre/hpc/project/icecube/HE_Nu_Aske_Oct2024/PMTfied_filtered/PureNu/Snowstorm/22011/[Receipt]22011_3.json
Job completed at Thu Feb 13 05:56:32 PM CET 2025
