Starting job at Sat Feb 15 01:47:50 PM CET 2025
Running Filter_by_part.py for subdirectory 22011, part 10
2025-02-15 13:47:52 - INFO - Event filtering process starts...
2025-02-15 13:47:52 - INFO - Initialized PureNeutrinoEventFilter filter for 22011/10
2025-02-15 13:47:53 - INFO - Loaded 5 event specifier files from /lustre/hpc/project/icecube/HE_Nu_Aske_Oct2024/clean_events_dict/22011/22011/reduced
2025-02-15 13:47:54 - INFO - Selected 5 CSV files covering event range [25, 4499]
2025-02-15 13:48:03 - INFO - Loaded 5209899 valid (RunID, EventID) pairs from CSV files
2025-02-15 13:48:03 - INFO - Extracted 59144 valid events based on pure neutrino events.
2025-02-15 13:48:04 - INFO - Initialized Muon13Filter filter for 22011/10
2025-02-15 13:48:04 - INFO - Extracted 62438 valid events where MuonFilter_13==True.
2025-02-15 13:48:04 - INFO - Initialized CompositeEventFilter filter for 22011/10
2025-02-15 13:48:04 - INFO - Initialized (MuonLike_PureNu)
2025-02-15 13:48:04 - INFO - Starting filtering process for 22011/10
2025-02-15 13:48:04 - INFO - Starting filtering process for 22011/10
2025-02-15 13:48:06 - INFO - Recalculated 'offset' column based on filtered 'N_doms' values.
2025-02-15 13:48:07 - INFO - Filtered truth file saved to: /lustre/hpc/project/icecube/HE_Nu_Aske_Oct2024/PMTfied_filtered/Snowstorm/MuonLike_PureNu/22011/truth_10.parquet
2025-02-15 13:48:10 - INFO - Filtered PMTfied file saved to: /lustre/hpc/project/icecube/HE_Nu_Aske_Oct2024/PMTfied_filtered/Snowstorm/MuonLike_PureNu/22011/10/PMTfied_2.parquet
2025-02-15 13:48:14 - INFO - Filtered PMTfied file saved to: /lustre/hpc/project/icecube/HE_Nu_Aske_Oct2024/PMTfied_filtered/Snowstorm/MuonLike_PureNu/22011/10/PMTfied_3.parquet
2025-02-15 13:48:18 - INFO - Filtered PMTfied file saved to: /lustre/hpc/project/icecube/HE_Nu_Aske_Oct2024/PMTfied_filtered/Snowstorm/MuonLike_PureNu/22011/10/PMTfied_1.parquet
2025-02-15 13:48:21 - INFO - Filtered PMTfied file saved to: /lustre/hpc/project/icecube/HE_Nu_Aske_Oct2024/PMTfied_filtered/Snowstorm/MuonLike_PureNu/22011/10/PMTfied_4.parquet
2025-02-15 13:48:21 - INFO - Filtering process completed.
2025-02-15 13:48:21 - INFO - Filtering process completed.
2025-02-15 13:48:21 - INFO - Unified receipt generated: /lustre/hpc/project/icecube/HE_Nu_Aske_Oct2024/PMTfied_filtered/Snowstorm/MuonLike_PureNu/22011/[Receipt]22011_10.json
2025-02-15 13:48:21 - INFO - Filtering process completed.
Job completed at Sat Feb 15 01:48:21 PM CET 2025
