Starting job at Mon Feb 17 03:57:40 PM CET 2025
Running Filter_by_part.py for subdirectory 22011, part 9
2025-02-17 15:57:40 - INFO - Event filtering process starts...
2025-02-17 15:57:40 - INFO - Initialized PureNeutrinoEventFilter filter for 22011/9
2025-02-17 15:57:40 - INFO - Loaded 5 event specifier files from /lustre/hpc/project/icecube/HE_Nu_Aske_Oct2024/clean_events_dict/22011/22011/reduced
2025-02-17 15:57:41 - INFO - Selected 2 CSV files covering event range [3449, 4497]
2025-02-17 15:57:42 - INFO - Loaded 1736211 valid (RunID, EventID) pairs from CSV files
2025-02-17 15:57:42 - INFO - Extracted 304069 valid events based on pure neutrino events.
2025-02-17 15:57:42 - INFO - Initialized CompositeEventFilter filter for 22011/9
2025-02-17 15:57:42 - INFO - Initialized (PureNu)
2025-02-17 15:57:42 - INFO - Starting filtering process for 22011/9
2025-02-17 15:57:42 - INFO - Starting filtering process for 22011/9
2025-02-17 15:57:48 - INFO - Recalculated 'offset' column based on 'N_doms' values within each 'shard_no' group.
2025-02-17 15:57:49 - INFO - Filtered truth file saved to: /lustre/hpc/project/icecube/HE_Nu_Aske_Oct2024/PMTfied_filtered/Snowstorm/PureNu/22011/truth_9.parquet
2025-02-17 15:57:51 - INFO - Filtered PMTfied file saved to: /lustre/hpc/project/icecube/HE_Nu_Aske_Oct2024/PMTfied_filtered/Snowstorm/PureNu/22011/9/PMTfied_5.parquet
2025-02-17 15:57:53 - INFO - Filtered PMTfied file saved to: /lustre/hpc/project/icecube/HE_Nu_Aske_Oct2024/PMTfied_filtered/Snowstorm/PureNu/22011/9/PMTfied_1.parquet
2025-02-17 15:57:55 - INFO - Filtered PMTfied file saved to: /lustre/hpc/project/icecube/HE_Nu_Aske_Oct2024/PMTfied_filtered/Snowstorm/PureNu/22011/9/PMTfied_9.parquet
2025-02-17 15:57:57 - INFO - Filtered PMTfied file saved to: /lustre/hpc/project/icecube/HE_Nu_Aske_Oct2024/PMTfied_filtered/Snowstorm/PureNu/22011/9/PMTfied_18.parquet
2025-02-17 15:57:59 - INFO - Filtered PMTfied file saved to: /lustre/hpc/project/icecube/HE_Nu_Aske_Oct2024/PMTfied_filtered/Snowstorm/PureNu/22011/9/PMTfied_10.parquet
2025-02-17 15:58:02 - INFO - Filtered PMTfied file saved to: /lustre/hpc/project/icecube/HE_Nu_Aske_Oct2024/PMTfied_filtered/Snowstorm/PureNu/22011/9/PMTfied_14.parquet
2025-02-17 15:58:04 - INFO - Filtered PMTfied file saved to: /lustre/hpc/project/icecube/HE_Nu_Aske_Oct2024/PMTfied_filtered/Snowstorm/PureNu/22011/9/PMTfied_8.parquet
2025-02-17 15:58:06 - INFO - Filtered PMTfied file saved to: /lustre/hpc/project/icecube/HE_Nu_Aske_Oct2024/PMTfied_filtered/Snowstorm/PureNu/22011/9/PMTfied_4.parquet
2025-02-17 15:58:07 - INFO - Filtered PMTfied file saved to: /lustre/hpc/project/icecube/HE_Nu_Aske_Oct2024/PMTfied_filtered/Snowstorm/PureNu/22011/9/PMTfied_11.parquet
2025-02-17 15:58:12 - INFO - Filtered PMTfied file saved to: /lustre/hpc/project/icecube/HE_Nu_Aske_Oct2024/PMTfied_filtered/Snowstorm/PureNu/22011/9/PMTfied_15.parquet
2025-02-17 15:58:14 - INFO - Filtered PMTfied file saved to: /lustre/hpc/project/icecube/HE_Nu_Aske_Oct2024/PMTfied_filtered/Snowstorm/PureNu/22011/9/PMTfied_19.parquet
2025-02-17 15:58:15 - INFO - Filtered PMTfied file saved to: /lustre/hpc/project/icecube/HE_Nu_Aske_Oct2024/PMTfied_filtered/Snowstorm/PureNu/22011/9/PMTfied_21.parquet
2025-02-17 15:58:17 - INFO - Filtered PMTfied file saved to: /lustre/hpc/project/icecube/HE_Nu_Aske_Oct2024/PMTfied_filtered/Snowstorm/PureNu/22011/9/PMTfied_6.parquet
2025-02-17 15:58:18 - INFO - Filtered PMTfied file saved to: /lustre/hpc/project/icecube/HE_Nu_Aske_Oct2024/PMTfied_filtered/Snowstorm/PureNu/22011/9/PMTfied_2.parquet
2025-02-17 15:58:20 - INFO - Filtered PMTfied file saved to: /lustre/hpc/project/icecube/HE_Nu_Aske_Oct2024/PMTfied_filtered/Snowstorm/PureNu/22011/9/PMTfied_13.parquet
2025-02-17 15:58:22 - INFO - Filtered PMTfied file saved to: /lustre/hpc/project/icecube/HE_Nu_Aske_Oct2024/PMTfied_filtered/Snowstorm/PureNu/22011/9/PMTfied_17.parquet
2025-02-17 15:58:24 - INFO - Filtered PMTfied file saved to: /lustre/hpc/project/icecube/HE_Nu_Aske_Oct2024/PMTfied_filtered/Snowstorm/PureNu/22011/9/PMTfied_7.parquet
2025-02-17 15:58:29 - INFO - Filtered PMTfied file saved to: /lustre/hpc/project/icecube/HE_Nu_Aske_Oct2024/PMTfied_filtered/Snowstorm/PureNu/22011/9/PMTfied_3.parquet
2025-02-17 15:58:31 - INFO - Filtered PMTfied file saved to: /lustre/hpc/project/icecube/HE_Nu_Aske_Oct2024/PMTfied_filtered/Snowstorm/PureNu/22011/9/PMTfied_12.parquet
2025-02-17 15:58:33 - INFO - Filtered PMTfied file saved to: /lustre/hpc/project/icecube/HE_Nu_Aske_Oct2024/PMTfied_filtered/Snowstorm/PureNu/22011/9/PMTfied_16.parquet
2025-02-17 15:58:36 - INFO - Filtered PMTfied file saved to: /lustre/hpc/project/icecube/HE_Nu_Aske_Oct2024/PMTfied_filtered/Snowstorm/PureNu/22011/9/PMTfied_20.parquet
2025-02-17 15:58:36 - INFO - Filtering process completed.
2025-02-17 15:58:36 - INFO - Filtering process completed.
2025-02-17 15:58:36 - INFO - Unified receipt generated: /lustre/hpc/project/icecube/HE_Nu_Aske_Oct2024/PMTfied_filtered/Snowstorm/PureNu/22011/[Receipt]22011_9.json
2025-02-17 15:58:36 - INFO - Filtering process completed.
Job completed at Mon Feb 17 03:58:36 PM CET 2025
