Starting job at Thu Feb 13 05:54:33 PM CET 2025
Running Filter_by_part.py for subdirectory 22011, part 7
2025-02-13 17:54:33 - INFO - Event filtering process starts...
2025-02-13 17:54:33 - INFO - Initialized PureNeutrinoEventFilter
2025-02-13 17:54:33 - INFO - Starting filtering process for 22011/7
2025-02-13 17:54:33 - INFO - Loaded 5 event specifier files from /lustre/hpc/project/icecube/HE_Nu_Aske_Oct2024/clean_events_dict/22011/22011/reduced
2025-02-13 17:54:34 - INFO - Selected 3 CSV files covering event range [2315, 4389]
2025-02-13 17:54:38 - INFO - Loaded 2893521 valid (RunID, EventID) pairs from CSV files
2025-02-13 17:54:51 - INFO - Recalculated 'offset' column based on filtered 'N_doms' values.
2025-02-13 17:54:53 - INFO - Filtered truth file saved to: /lustre/hpc/project/icecube/HE_Nu_Aske_Oct2024/PMTfied_filtered/PureNu/Snowstorm/22011/truth_7.parquet
2025-02-13 17:54:54 - INFO - Receipt file saved to: /lustre/hpc/project/icecube/HE_Nu_Aske_Oct2024/PMTfied_filtered/PureNu/Snowstorm/22011/[Receipt]22011_7.json
2025-02-13 17:54:57 - INFO - Filtered PMTfied file saved to: /lustre/hpc/project/icecube/HE_Nu_Aske_Oct2024/PMTfied_filtered/PureNu/Snowstorm/22011/7/PMTfied_17.parquet
2025-02-13 17:55:01 - INFO - Filtered PMTfied file saved to: /lustre/hpc/project/icecube/HE_Nu_Aske_Oct2024/PMTfied_filtered/PureNu/Snowstorm/22011/7/PMTfied_13.parquet
2025-02-13 17:55:04 - INFO - Filtered PMTfied file saved to: /lustre/hpc/project/icecube/HE_Nu_Aske_Oct2024/PMTfied_filtered/PureNu/Snowstorm/22011/7/PMTfied_2.parquet
2025-02-13 17:55:07 - INFO - Filtered PMTfied file saved to: /lustre/hpc/project/icecube/HE_Nu_Aske_Oct2024/PMTfied_filtered/PureNu/Snowstorm/22011/7/PMTfied_6.parquet
2025-02-13 17:55:08 - INFO - Filtered PMTfied file saved to: /lustre/hpc/project/icecube/HE_Nu_Aske_Oct2024/PMTfied_filtered/PureNu/Snowstorm/22011/7/PMTfied_21.parquet
2025-02-13 17:55:11 - INFO - Filtered PMTfied file saved to: /lustre/hpc/project/icecube/HE_Nu_Aske_Oct2024/PMTfied_filtered/PureNu/Snowstorm/22011/7/PMTfied_3.parquet
2025-02-13 17:55:14 - INFO - Filtered PMTfied file saved to: /lustre/hpc/project/icecube/HE_Nu_Aske_Oct2024/PMTfied_filtered/PureNu/Snowstorm/22011/7/PMTfied_7.parquet
2025-02-13 17:55:17 - INFO - Filtered PMTfied file saved to: /lustre/hpc/project/icecube/HE_Nu_Aske_Oct2024/PMTfied_filtered/PureNu/Snowstorm/22011/7/PMTfied_20.parquet
2025-02-13 17:55:21 - INFO - Filtered PMTfied file saved to: /lustre/hpc/project/icecube/HE_Nu_Aske_Oct2024/PMTfied_filtered/PureNu/Snowstorm/22011/7/PMTfied_16.parquet
2025-02-13 17:55:24 - INFO - Filtered PMTfied file saved to: /lustre/hpc/project/icecube/HE_Nu_Aske_Oct2024/PMTfied_filtered/PureNu/Snowstorm/22011/7/PMTfied_12.parquet
2025-02-13 17:55:27 - INFO - Filtered PMTfied file saved to: /lustre/hpc/project/icecube/HE_Nu_Aske_Oct2024/PMTfied_filtered/PureNu/Snowstorm/22011/7/PMTfied_9.parquet
2025-02-13 17:55:30 - INFO - Filtered PMTfied file saved to: /lustre/hpc/project/icecube/HE_Nu_Aske_Oct2024/PMTfied_filtered/PureNu/Snowstorm/22011/7/PMTfied_1.parquet
2025-02-13 17:55:33 - INFO - Filtered PMTfied file saved to: /lustre/hpc/project/icecube/HE_Nu_Aske_Oct2024/PMTfied_filtered/PureNu/Snowstorm/22011/7/PMTfied_5.parquet
2025-02-13 17:55:37 - INFO - Filtered PMTfied file saved to: /lustre/hpc/project/icecube/HE_Nu_Aske_Oct2024/PMTfied_filtered/PureNu/Snowstorm/22011/7/PMTfied_18.parquet
2025-02-13 17:55:41 - INFO - Filtered PMTfied file saved to: /lustre/hpc/project/icecube/HE_Nu_Aske_Oct2024/PMTfied_filtered/PureNu/Snowstorm/22011/7/PMTfied_14.parquet
2025-02-13 17:55:44 - INFO - Filtered PMTfied file saved to: /lustre/hpc/project/icecube/HE_Nu_Aske_Oct2024/PMTfied_filtered/PureNu/Snowstorm/22011/7/PMTfied_10.parquet
2025-02-13 17:55:48 - INFO - Filtered PMTfied file saved to: /lustre/hpc/project/icecube/HE_Nu_Aske_Oct2024/PMTfied_filtered/PureNu/Snowstorm/22011/7/PMTfied_15.parquet
2025-02-13 17:55:51 - INFO - Filtered PMTfied file saved to: /lustre/hpc/project/icecube/HE_Nu_Aske_Oct2024/PMTfied_filtered/PureNu/Snowstorm/22011/7/PMTfied_11.parquet
2025-02-13 17:55:54 - INFO - Filtered PMTfied file saved to: /lustre/hpc/project/icecube/HE_Nu_Aske_Oct2024/PMTfied_filtered/PureNu/Snowstorm/22011/7/PMTfied_19.parquet
2025-02-13 17:55:57 - INFO - Filtered PMTfied file saved to: /lustre/hpc/project/icecube/HE_Nu_Aske_Oct2024/PMTfied_filtered/PureNu/Snowstorm/22011/7/PMTfied_4.parquet
2025-02-13 17:56:04 - INFO - Filtered PMTfied file saved to: /lustre/hpc/project/icecube/HE_Nu_Aske_Oct2024/PMTfied_filtered/PureNu/Snowstorm/22011/7/PMTfied_8.parquet
2025-02-13 17:56:04 - INFO - Filtering process completed.
2025-02-13 17:56:04 - INFO - Filtering process completed for all selected filters.
2025-02-13 17:56:04 - INFO - Execution time: 90.79 seconds
2025-02-13 17:56:04 - INFO - Updated receipt with execution time: /lustre/hpc/project/icecube/HE_Nu_Aske_Oct2024/PMTfied_filtered/PureNu/Snowstorm/22011/[Receipt]22011_7.json
Job completed at Thu Feb 13 05:56:04 PM CET 2025
