Starting job at Mon Feb 17 04:15:02 PM CET 2025
Running Filter_by_part.py for subdirectory 22011, part 6
2025-02-17 16:15:02 - INFO - Event filtering process starts...
2025-02-17 16:15:02 - INFO - Initialized PureNeutrinoEventFilter filter for 22011/6
2025-02-17 16:15:03 - INFO - Loaded 5 event specifier files from /lustre/hpc/project/icecube/HE_Nu_Aske_Oct2024/clean_events_dict/22011/22011/reduced
2025-02-17 16:15:03 - INFO - Selected 2 CSV files covering event range [2294, 3394]
2025-02-17 16:15:06 - INFO - Loaded 2315044 valid (RunID, EventID) pairs from CSV files
2025-02-17 16:15:07 - INFO - Extracted 303156 valid events based on pure neutrino events.
2025-02-17 16:15:08 - INFO - Initialized Muon13Filter filter for 22011/6
2025-02-17 16:15:08 - INFO - Extracted 319871 valid events where MuonFilter_13==True.
2025-02-17 16:15:08 - INFO - Initialized CompositeEventFilter filter for 22011/6
2025-02-17 16:15:08 - INFO - Initialized (MuonLike_PureNu)
2025-02-17 16:15:08 - INFO - Starting filtering process for 22011/6
2025-02-17 16:15:08 - INFO - Starting filtering process for 22011/6
2025-02-17 16:15:20 - INFO - Recalculated 'offset' column based on 'N_doms' values within each 'shard_no' group.
2025-02-17 16:15:22 - INFO - Filtered truth file saved to: /lustre/hpc/project/icecube/HE_Nu_Aske_Oct2024/PMTfied_filtered/Snowstorm/MuonLike_PureNu/22011/truth_6.parquet
2025-02-17 16:15:26 - INFO - Filtered PMTfied file saved to: /lustre/hpc/project/icecube/HE_Nu_Aske_Oct2024/PMTfied_filtered/Snowstorm/MuonLike_PureNu/22011/6/PMTfied_10.parquet
2025-02-17 16:15:29 - INFO - Filtered PMTfied file saved to: /lustre/hpc/project/icecube/HE_Nu_Aske_Oct2024/PMTfied_filtered/Snowstorm/MuonLike_PureNu/22011/6/PMTfied_14.parquet
2025-02-17 16:15:33 - INFO - Filtered PMTfied file saved to: /lustre/hpc/project/icecube/HE_Nu_Aske_Oct2024/PMTfied_filtered/Snowstorm/MuonLike_PureNu/22011/6/PMTfied_18.parquet
2025-02-17 16:15:36 - INFO - Filtered PMTfied file saved to: /lustre/hpc/project/icecube/HE_Nu_Aske_Oct2024/PMTfied_filtered/Snowstorm/MuonLike_PureNu/22011/6/PMTfied_9.parquet
2025-02-17 16:15:39 - INFO - Filtered PMTfied file saved to: /lustre/hpc/project/icecube/HE_Nu_Aske_Oct2024/PMTfied_filtered/Snowstorm/MuonLike_PureNu/22011/6/PMTfied_1.parquet
2025-02-17 16:15:43 - INFO - Filtered PMTfied file saved to: /lustre/hpc/project/icecube/HE_Nu_Aske_Oct2024/PMTfied_filtered/Snowstorm/MuonLike_PureNu/22011/6/PMTfied_5.parquet
2025-02-17 16:15:46 - INFO - Filtered PMTfied file saved to: /lustre/hpc/project/icecube/HE_Nu_Aske_Oct2024/PMTfied_filtered/Snowstorm/MuonLike_PureNu/22011/6/PMTfied_4.parquet
2025-02-17 16:15:50 - INFO - Filtered PMTfied file saved to: /lustre/hpc/project/icecube/HE_Nu_Aske_Oct2024/PMTfied_filtered/Snowstorm/MuonLike_PureNu/22011/6/PMTfied_8.parquet
2025-02-17 16:15:53 - INFO - Filtered PMTfied file saved to: /lustre/hpc/project/icecube/HE_Nu_Aske_Oct2024/PMTfied_filtered/Snowstorm/MuonLike_PureNu/22011/6/PMTfied_19.parquet
2025-02-17 16:15:56 - INFO - Filtered PMTfied file saved to: /lustre/hpc/project/icecube/HE_Nu_Aske_Oct2024/PMTfied_filtered/Snowstorm/MuonLike_PureNu/22011/6/PMTfied_11.parquet
2025-02-17 16:16:00 - INFO - Filtered PMTfied file saved to: /lustre/hpc/project/icecube/HE_Nu_Aske_Oct2024/PMTfied_filtered/Snowstorm/MuonLike_PureNu/22011/6/PMTfied_15.parquet
2025-02-17 16:16:03 - INFO - Filtered PMTfied file saved to: /lustre/hpc/project/icecube/HE_Nu_Aske_Oct2024/PMTfied_filtered/Snowstorm/MuonLike_PureNu/22011/6/PMTfied_2.parquet
2025-02-17 16:16:06 - INFO - Filtered PMTfied file saved to: /lustre/hpc/project/icecube/HE_Nu_Aske_Oct2024/PMTfied_filtered/Snowstorm/MuonLike_PureNu/22011/6/PMTfied_6.parquet
2025-02-17 16:16:07 - INFO - Filtered PMTfied file saved to: /lustre/hpc/project/icecube/HE_Nu_Aske_Oct2024/PMTfied_filtered/Snowstorm/MuonLike_PureNu/22011/6/PMTfied_21.parquet
2025-02-17 16:16:10 - INFO - Filtered PMTfied file saved to: /lustre/hpc/project/icecube/HE_Nu_Aske_Oct2024/PMTfied_filtered/Snowstorm/MuonLike_PureNu/22011/6/PMTfied_13.parquet
2025-02-17 16:16:13 - INFO - Filtered PMTfied file saved to: /lustre/hpc/project/icecube/HE_Nu_Aske_Oct2024/PMTfied_filtered/Snowstorm/MuonLike_PureNu/22011/6/PMTfied_17.parquet
2025-02-17 16:16:17 - INFO - Filtered PMTfied file saved to: /lustre/hpc/project/icecube/HE_Nu_Aske_Oct2024/PMTfied_filtered/Snowstorm/MuonLike_PureNu/22011/6/PMTfied_12.parquet
2025-02-17 16:16:20 - INFO - Filtered PMTfied file saved to: /lustre/hpc/project/icecube/HE_Nu_Aske_Oct2024/PMTfied_filtered/Snowstorm/MuonLike_PureNu/22011/6/PMTfied_16.parquet
2025-02-17 16:16:23 - INFO - Filtered PMTfied file saved to: /lustre/hpc/project/icecube/HE_Nu_Aske_Oct2024/PMTfied_filtered/Snowstorm/MuonLike_PureNu/22011/6/PMTfied_3.parquet
2025-02-17 16:16:27 - INFO - Filtered PMTfied file saved to: /lustre/hpc/project/icecube/HE_Nu_Aske_Oct2024/PMTfied_filtered/Snowstorm/MuonLike_PureNu/22011/6/PMTfied_7.parquet
2025-02-17 16:16:30 - INFO - Filtered PMTfied file saved to: /lustre/hpc/project/icecube/HE_Nu_Aske_Oct2024/PMTfied_filtered/Snowstorm/MuonLike_PureNu/22011/6/PMTfied_20.parquet
2025-02-17 16:16:30 - INFO - Filtering process completed.
2025-02-17 16:16:30 - INFO - Filtering process completed.
2025-02-17 16:16:30 - INFO - Unified receipt generated: /lustre/hpc/project/icecube/HE_Nu_Aske_Oct2024/PMTfied_filtered/Snowstorm/MuonLike_PureNu/22011/[Receipt]22011_6.json
2025-02-17 16:16:30 - INFO - Filtering process completed.
Job completed at Mon Feb 17 04:16:31 PM CET 2025
