Starting job at Mon Feb 17 04:09:41 PM CET 2025
Running Filter_by_part.py for subdirectory 22012, part 11
2025-02-17 16:09:41 - INFO - Event filtering process starts...
2025-02-17 16:09:41 - INFO - Initialized Muon13Filter filter for 22012/11
2025-02-17 16:09:42 - INFO - Extracted 25489 valid events where MuonFilter_13==True.
2025-02-17 16:09:42 - INFO - Initialized CompositeEventFilter filter for 22012/11
2025-02-17 16:09:42 - INFO - Initialized (MuonLike)
2025-02-17 16:09:42 - INFO - Starting filtering process for 22012/11
2025-02-17 16:09:42 - INFO - Starting filtering process for 22012/11
2025-02-17 16:09:43 - INFO - Recalculated 'offset' column based on 'N_doms' values within each 'shard_no' group.
2025-02-17 16:09:43 - INFO - Filtered truth file saved to: /lustre/hpc/project/icecube/HE_Nu_Aske_Oct2024/PMTfied_filtered/Snowstorm/MuonLike/22012/truth_11.parquet
2025-02-17 16:09:45 - INFO - Filtered PMTfied file saved to: /lustre/hpc/project/icecube/HE_Nu_Aske_Oct2024/PMTfied_filtered/Snowstorm/MuonLike/22012/11/PMTfied_12.parquet
2025-02-17 16:09:46 - INFO - Filtered PMTfied file saved to: /lustre/hpc/project/icecube/HE_Nu_Aske_Oct2024/PMTfied_filtered/Snowstorm/MuonLike/22012/11/PMTfied_8.parquet
2025-02-17 16:09:48 - INFO - Filtered PMTfied file saved to: /lustre/hpc/project/icecube/HE_Nu_Aske_Oct2024/PMTfied_filtered/Snowstorm/MuonLike/22012/11/PMTfied_4.parquet
2025-02-17 16:09:50 - INFO - Filtered PMTfied file saved to: /lustre/hpc/project/icecube/HE_Nu_Aske_Oct2024/PMTfied_filtered/Snowstorm/MuonLike/22012/11/PMTfied_13.parquet
2025-02-17 16:09:51 - INFO - Filtered PMTfied file saved to: /lustre/hpc/project/icecube/HE_Nu_Aske_Oct2024/PMTfied_filtered/Snowstorm/MuonLike/22012/11/PMTfied_1.parquet
2025-02-17 16:09:53 - INFO - Filtered PMTfied file saved to: /lustre/hpc/project/icecube/HE_Nu_Aske_Oct2024/PMTfied_filtered/Snowstorm/MuonLike/22012/11/PMTfied_5.parquet
2025-02-17 16:09:54 - INFO - Filtered PMTfied file saved to: /lustre/hpc/project/icecube/HE_Nu_Aske_Oct2024/PMTfied_filtered/Snowstorm/MuonLike/22012/11/PMTfied_9.parquet
2025-02-17 16:09:56 - INFO - Filtered PMTfied file saved to: /lustre/hpc/project/icecube/HE_Nu_Aske_Oct2024/PMTfied_filtered/Snowstorm/MuonLike/22012/11/PMTfied_11.parquet
2025-02-17 16:09:57 - INFO - Filtered PMTfied file saved to: /lustre/hpc/project/icecube/HE_Nu_Aske_Oct2024/PMTfied_filtered/Snowstorm/MuonLike/22012/11/PMTfied_15.parquet
2025-02-17 16:09:58 - INFO - Filtered PMTfied file saved to: /lustre/hpc/project/icecube/HE_Nu_Aske_Oct2024/PMTfied_filtered/Snowstorm/MuonLike/22012/11/PMTfied_3.parquet
2025-02-17 16:10:00 - INFO - Filtered PMTfied file saved to: /lustre/hpc/project/icecube/HE_Nu_Aske_Oct2024/PMTfied_filtered/Snowstorm/MuonLike/22012/11/PMTfied_7.parquet
2025-02-17 16:10:01 - INFO - Filtered PMTfied file saved to: /lustre/hpc/project/icecube/HE_Nu_Aske_Oct2024/PMTfied_filtered/Snowstorm/MuonLike/22012/11/PMTfied_10.parquet
2025-02-17 16:10:03 - INFO - Filtered PMTfied file saved to: /lustre/hpc/project/icecube/HE_Nu_Aske_Oct2024/PMTfied_filtered/Snowstorm/MuonLike/22012/11/PMTfied_14.parquet
2025-02-17 16:10:05 - INFO - Filtered PMTfied file saved to: /lustre/hpc/project/icecube/HE_Nu_Aske_Oct2024/PMTfied_filtered/Snowstorm/MuonLike/22012/11/PMTfied_2.parquet
2025-02-17 16:10:06 - INFO - Filtered PMTfied file saved to: /lustre/hpc/project/icecube/HE_Nu_Aske_Oct2024/PMTfied_filtered/Snowstorm/MuonLike/22012/11/PMTfied_6.parquet
2025-02-17 16:10:06 - INFO - Filtering process completed.
2025-02-17 16:10:06 - INFO - Filtering process completed.
2025-02-17 16:10:06 - INFO - Unified receipt generated: /lustre/hpc/project/icecube/HE_Nu_Aske_Oct2024/PMTfied_filtered/Snowstorm/MuonLike/22012/[Receipt]22012_11.json
2025-02-17 16:10:06 - INFO - Filtering process completed.
Job completed at Mon Feb 17 04:10:06 PM CET 2025
