Starting job at Sat Feb 15 12:56:30 PM CET 2025
Running Filter_by_part.py for subdirectory 22012, part 24
2025-02-15 12:56:31 - INFO - Event filtering process starts...
2025-02-15 12:56:31 - INFO - Initialized Muon13Filter filter for 22012/24
2025-02-15 12:56:31 - INFO - Extracted 26343 valid events where MuonFilter_13==True.
2025-02-15 12:56:31 - INFO - Initialized CompositeEventFilter filter for 22012/24
2025-02-15 12:56:31 - INFO - Initialized (MuonLike)
2025-02-15 12:56:31 - INFO - Starting filtering process for 22012/24
2025-02-15 12:56:31 - INFO - Starting filtering process for 22012/24
2025-02-15 12:56:32 - INFO - Recalculated 'offset' column based on filtered 'N_doms' values.
2025-02-15 12:56:32 - INFO - Filtered truth file saved to: /lustre/hpc/project/icecube/HE_Nu_Aske_Oct2024/PMTfied_filtered/Snowstorm/MuonLike/22012/truth_24.parquet
2025-02-15 12:56:34 - INFO - Filtered PMTfied file saved to: /lustre/hpc/project/icecube/HE_Nu_Aske_Oct2024/PMTfied_filtered/Snowstorm/MuonLike/22012/24/PMTfied_12.parquet
2025-02-15 12:56:36 - INFO - Filtered PMTfied file saved to: /lustre/hpc/project/icecube/HE_Nu_Aske_Oct2024/PMTfied_filtered/Snowstorm/MuonLike/22012/24/PMTfied_9.parquet
2025-02-15 12:56:37 - INFO - Filtered PMTfied file saved to: /lustre/hpc/project/icecube/HE_Nu_Aske_Oct2024/PMTfied_filtered/Snowstorm/MuonLike/22012/24/PMTfied_1.parquet
2025-02-15 12:56:38 - INFO - Filtered PMTfied file saved to: /lustre/hpc/project/icecube/HE_Nu_Aske_Oct2024/PMTfied_filtered/Snowstorm/MuonLike/22012/24/PMTfied_5.parquet
2025-02-15 12:56:40 - INFO - Filtered PMTfied file saved to: /lustre/hpc/project/icecube/HE_Nu_Aske_Oct2024/PMTfied_filtered/Snowstorm/MuonLike/22012/24/PMTfied_13.parquet
2025-02-15 12:56:41 - INFO - Filtered PMTfied file saved to: /lustre/hpc/project/icecube/HE_Nu_Aske_Oct2024/PMTfied_filtered/Snowstorm/MuonLike/22012/24/PMTfied_4.parquet
2025-02-15 12:56:43 - INFO - Filtered PMTfied file saved to: /lustre/hpc/project/icecube/HE_Nu_Aske_Oct2024/PMTfied_filtered/Snowstorm/MuonLike/22012/24/PMTfied_8.parquet
2025-02-15 12:56:44 - INFO - Filtered PMTfied file saved to: /lustre/hpc/project/icecube/HE_Nu_Aske_Oct2024/PMTfied_filtered/Snowstorm/MuonLike/22012/24/PMTfied_11.parquet
2025-02-15 12:56:45 - INFO - Filtered PMTfied file saved to: /lustre/hpc/project/icecube/HE_Nu_Aske_Oct2024/PMTfied_filtered/Snowstorm/MuonLike/22012/24/PMTfied_15.parquet
2025-02-15 12:56:47 - INFO - Filtered PMTfied file saved to: /lustre/hpc/project/icecube/HE_Nu_Aske_Oct2024/PMTfied_filtered/Snowstorm/MuonLike/22012/24/PMTfied_2.parquet
2025-02-15 12:56:48 - INFO - Filtered PMTfied file saved to: /lustre/hpc/project/icecube/HE_Nu_Aske_Oct2024/PMTfied_filtered/Snowstorm/MuonLike/22012/24/PMTfied_6.parquet
2025-02-15 12:56:50 - INFO - Filtered PMTfied file saved to: /lustre/hpc/project/icecube/HE_Nu_Aske_Oct2024/PMTfied_filtered/Snowstorm/MuonLike/22012/24/PMTfied_10.parquet
2025-02-15 12:56:51 - INFO - Filtered PMTfied file saved to: /lustre/hpc/project/icecube/HE_Nu_Aske_Oct2024/PMTfied_filtered/Snowstorm/MuonLike/22012/24/PMTfied_14.parquet
2025-02-15 12:56:53 - INFO - Filtered PMTfied file saved to: /lustre/hpc/project/icecube/HE_Nu_Aske_Oct2024/PMTfied_filtered/Snowstorm/MuonLike/22012/24/PMTfied_3.parquet
2025-02-15 12:56:55 - INFO - Filtered PMTfied file saved to: /lustre/hpc/project/icecube/HE_Nu_Aske_Oct2024/PMTfied_filtered/Snowstorm/MuonLike/22012/24/PMTfied_7.parquet
2025-02-15 12:56:55 - INFO - Filtering process completed.
2025-02-15 12:56:55 - INFO - Filtering process completed.
2025-02-15 12:56:55 - INFO - Unified receipt generated: /lustre/hpc/project/icecube/HE_Nu_Aske_Oct2024/PMTfied_filtered/Snowstorm/MuonLike/22012/[Receipt]22012_24.json
2025-02-15 12:56:55 - INFO - Filtering process completed.
Job completed at Sat Feb 15 12:56:55 PM CET 2025
