Starting job at Mon Feb 17 04:17:02 PM CET 2025
Running Filter_by_part.py for subdirectory 22012, part 21
2025-02-17 16:17:02 - INFO - Event filtering process starts...
2025-02-17 16:17:02 - INFO - Initialized PureNeutrinoEventFilter filter for 22012/21
2025-02-17 16:17:02 - INFO - Loaded 14 event specifier files from /lustre/hpc/project/icecube/HE_Nu_Aske_Oct2024/clean_events_dict/22012/22012/reduced
2025-02-17 16:17:02 - INFO - Selected 1 CSV files covering event range [11087, 11728]
2025-02-17 16:17:02 - INFO - Loaded 61772 valid (RunID, EventID) pairs from CSV files
2025-02-17 16:17:02 - INFO - Extracted 22669 valid events based on pure neutrino events.
2025-02-17 16:17:02 - INFO - Initialized Muon13Filter filter for 22012/21
2025-02-17 16:17:02 - INFO - Extracted 26385 valid events where MuonFilter_13==True.
2025-02-17 16:17:02 - INFO - Initialized CompositeEventFilter filter for 22012/21
2025-02-17 16:17:02 - INFO - Initialized (MuonLike_PureNu)
2025-02-17 16:17:02 - INFO - Starting filtering process for 22012/21
2025-02-17 16:17:02 - INFO - Starting filtering process for 22012/21
2025-02-17 16:17:03 - INFO - Recalculated 'offset' column based on 'N_doms' values within each 'shard_no' group.
2025-02-17 16:17:03 - INFO - Filtered truth file saved to: /lustre/hpc/project/icecube/HE_Nu_Aske_Oct2024/PMTfied_filtered/Snowstorm/MuonLike_PureNu/22012/truth_21.parquet
2025-02-17 16:17:04 - INFO - Filtered PMTfied file saved to: /lustre/hpc/project/icecube/HE_Nu_Aske_Oct2024/PMTfied_filtered/Snowstorm/MuonLike_PureNu/22012/21/PMTfied_1.parquet
2025-02-17 16:17:04 - INFO - Filtered PMTfied file saved to: /lustre/hpc/project/icecube/HE_Nu_Aske_Oct2024/PMTfied_filtered/Snowstorm/MuonLike_PureNu/22012/21/PMTfied_5.parquet
2025-02-17 16:17:05 - INFO - Filtered PMTfied file saved to: /lustre/hpc/project/icecube/HE_Nu_Aske_Oct2024/PMTfied_filtered/Snowstorm/MuonLike_PureNu/22012/21/PMTfied_9.parquet
2025-02-17 16:17:06 - INFO - Filtered PMTfied file saved to: /lustre/hpc/project/icecube/HE_Nu_Aske_Oct2024/PMTfied_filtered/Snowstorm/MuonLike_PureNu/22012/21/PMTfied_10.parquet
2025-02-17 16:17:06 - INFO - Filtered PMTfied file saved to: /lustre/hpc/project/icecube/HE_Nu_Aske_Oct2024/PMTfied_filtered/Snowstorm/MuonLike_PureNu/22012/21/PMTfied_14.parquet
2025-02-17 16:17:07 - INFO - Filtered PMTfied file saved to: /lustre/hpc/project/icecube/HE_Nu_Aske_Oct2024/PMTfied_filtered/Snowstorm/MuonLike_PureNu/22012/21/PMTfied_8.parquet
2025-02-17 16:17:08 - INFO - Filtered PMTfied file saved to: /lustre/hpc/project/icecube/HE_Nu_Aske_Oct2024/PMTfied_filtered/Snowstorm/MuonLike_PureNu/22012/21/PMTfied_4.parquet
2025-02-17 16:17:08 - INFO - Filtered PMTfied file saved to: /lustre/hpc/project/icecube/HE_Nu_Aske_Oct2024/PMTfied_filtered/Snowstorm/MuonLike_PureNu/22012/21/PMTfied_11.parquet
2025-02-17 16:17:09 - INFO - Filtered PMTfied file saved to: /lustre/hpc/project/icecube/HE_Nu_Aske_Oct2024/PMTfied_filtered/Snowstorm/MuonLike_PureNu/22012/21/PMTfied_15.parquet
2025-02-17 16:17:10 - INFO - Filtered PMTfied file saved to: /lustre/hpc/project/icecube/HE_Nu_Aske_Oct2024/PMTfied_filtered/Snowstorm/MuonLike_PureNu/22012/21/PMTfied_13.parquet
2025-02-17 16:17:10 - INFO - Filtered PMTfied file saved to: /lustre/hpc/project/icecube/HE_Nu_Aske_Oct2024/PMTfied_filtered/Snowstorm/MuonLike_PureNu/22012/21/PMTfied_2.parquet
2025-02-17 16:17:11 - INFO - Filtered PMTfied file saved to: /lustre/hpc/project/icecube/HE_Nu_Aske_Oct2024/PMTfied_filtered/Snowstorm/MuonLike_PureNu/22012/21/PMTfied_6.parquet
2025-02-17 16:17:12 - INFO - Filtered PMTfied file saved to: /lustre/hpc/project/icecube/HE_Nu_Aske_Oct2024/PMTfied_filtered/Snowstorm/MuonLike_PureNu/22012/21/PMTfied_12.parquet
2025-02-17 16:17:13 - INFO - Filtered PMTfied file saved to: /lustre/hpc/project/icecube/HE_Nu_Aske_Oct2024/PMTfied_filtered/Snowstorm/MuonLike_PureNu/22012/21/PMTfied_3.parquet
2025-02-17 16:17:13 - INFO - Filtered PMTfied file saved to: /lustre/hpc/project/icecube/HE_Nu_Aske_Oct2024/PMTfied_filtered/Snowstorm/MuonLike_PureNu/22012/21/PMTfied_7.parquet
2025-02-17 16:17:13 - INFO - Filtering process completed.
2025-02-17 16:17:13 - INFO - Filtering process completed.
2025-02-17 16:17:13 - INFO - Unified receipt generated: /lustre/hpc/project/icecube/HE_Nu_Aske_Oct2024/PMTfied_filtered/Snowstorm/MuonLike_PureNu/22012/[Receipt]22012_21.json
2025-02-17 16:17:13 - INFO - Filtering process completed.
Job completed at Mon Feb 17 04:17:13 PM CET 2025
