Starting job at Sat Feb 15 01:49:30 PM CET 2025
Running Filter_by_part.py for subdirectory 22012, part 21
2025-02-15 13:49:30 - INFO - Event filtering process starts...
2025-02-15 13:49:30 - INFO - Initialized PureNeutrinoEventFilter filter for 22012/21
2025-02-15 13:49:30 - INFO - Loaded 14 event specifier files from /lustre/hpc/project/icecube/HE_Nu_Aske_Oct2024/clean_events_dict/22012/22012/reduced
2025-02-15 13:49:30 - INFO - Selected 1 CSV files covering event range [11087, 11728]
2025-02-15 13:49:30 - INFO - Loaded 61772 valid (RunID, EventID) pairs from CSV files
2025-02-15 13:49:30 - INFO - Extracted 22669 valid events based on pure neutrino events.
2025-02-15 13:49:30 - INFO - Initialized Muon13Filter filter for 22012/21
2025-02-15 13:49:30 - INFO - Extracted 26385 valid events where MuonFilter_13==True.
2025-02-15 13:49:30 - INFO - Initialized CompositeEventFilter filter for 22012/21
2025-02-15 13:49:30 - INFO - Initialized (MuonLike_PureNu)
2025-02-15 13:49:30 - INFO - Starting filtering process for 22012/21
2025-02-15 13:49:30 - INFO - Starting filtering process for 22012/21
2025-02-15 13:49:31 - INFO - Recalculated 'offset' column based on filtered 'N_doms' values.
2025-02-15 13:49:31 - INFO - Filtered truth file saved to: /lustre/hpc/project/icecube/HE_Nu_Aske_Oct2024/PMTfied_filtered/Snowstorm/MuonLike_PureNu/22012/truth_21.parquet
2025-02-15 13:49:33 - INFO - Filtered PMTfied file saved to: /lustre/hpc/project/icecube/HE_Nu_Aske_Oct2024/PMTfied_filtered/Snowstorm/MuonLike_PureNu/22012/21/PMTfied_1.parquet
2025-02-15 13:49:34 - INFO - Filtered PMTfied file saved to: /lustre/hpc/project/icecube/HE_Nu_Aske_Oct2024/PMTfied_filtered/Snowstorm/MuonLike_PureNu/22012/21/PMTfied_5.parquet
2025-02-15 13:49:36 - INFO - Filtered PMTfied file saved to: /lustre/hpc/project/icecube/HE_Nu_Aske_Oct2024/PMTfied_filtered/Snowstorm/MuonLike_PureNu/22012/21/PMTfied_9.parquet
2025-02-15 13:49:37 - INFO - Filtered PMTfied file saved to: /lustre/hpc/project/icecube/HE_Nu_Aske_Oct2024/PMTfied_filtered/Snowstorm/MuonLike_PureNu/22012/21/PMTfied_10.parquet
2025-02-15 13:49:39 - INFO - Filtered PMTfied file saved to: /lustre/hpc/project/icecube/HE_Nu_Aske_Oct2024/PMTfied_filtered/Snowstorm/MuonLike_PureNu/22012/21/PMTfied_14.parquet
2025-02-15 13:49:40 - INFO - Filtered PMTfied file saved to: /lustre/hpc/project/icecube/HE_Nu_Aske_Oct2024/PMTfied_filtered/Snowstorm/MuonLike_PureNu/22012/21/PMTfied_8.parquet
2025-02-15 13:49:41 - INFO - Filtered PMTfied file saved to: /lustre/hpc/project/icecube/HE_Nu_Aske_Oct2024/PMTfied_filtered/Snowstorm/MuonLike_PureNu/22012/21/PMTfied_4.parquet
2025-02-15 13:49:43 - INFO - Filtered PMTfied file saved to: /lustre/hpc/project/icecube/HE_Nu_Aske_Oct2024/PMTfied_filtered/Snowstorm/MuonLike_PureNu/22012/21/PMTfied_11.parquet
2025-02-15 13:49:44 - INFO - Filtered PMTfied file saved to: /lustre/hpc/project/icecube/HE_Nu_Aske_Oct2024/PMTfied_filtered/Snowstorm/MuonLike_PureNu/22012/21/PMTfied_15.parquet
2025-02-15 13:49:45 - INFO - Filtered PMTfied file saved to: /lustre/hpc/project/icecube/HE_Nu_Aske_Oct2024/PMTfied_filtered/Snowstorm/MuonLike_PureNu/22012/21/PMTfied_13.parquet
2025-02-15 13:49:47 - INFO - Filtered PMTfied file saved to: /lustre/hpc/project/icecube/HE_Nu_Aske_Oct2024/PMTfied_filtered/Snowstorm/MuonLike_PureNu/22012/21/PMTfied_2.parquet
2025-02-15 13:49:48 - INFO - Filtered PMTfied file saved to: /lustre/hpc/project/icecube/HE_Nu_Aske_Oct2024/PMTfied_filtered/Snowstorm/MuonLike_PureNu/22012/21/PMTfied_6.parquet
2025-02-15 13:49:49 - INFO - Filtered PMTfied file saved to: /lustre/hpc/project/icecube/HE_Nu_Aske_Oct2024/PMTfied_filtered/Snowstorm/MuonLike_PureNu/22012/21/PMTfied_12.parquet
2025-02-15 13:49:51 - INFO - Filtered PMTfied file saved to: /lustre/hpc/project/icecube/HE_Nu_Aske_Oct2024/PMTfied_filtered/Snowstorm/MuonLike_PureNu/22012/21/PMTfied_3.parquet
2025-02-15 13:49:52 - INFO - Filtered PMTfied file saved to: /lustre/hpc/project/icecube/HE_Nu_Aske_Oct2024/PMTfied_filtered/Snowstorm/MuonLike_PureNu/22012/21/PMTfied_7.parquet
2025-02-15 13:49:52 - INFO - Filtering process completed.
2025-02-15 13:49:52 - INFO - Filtering process completed.
2025-02-15 13:49:56 - INFO - Unified receipt generated: /lustre/hpc/project/icecube/HE_Nu_Aske_Oct2024/PMTfied_filtered/Snowstorm/MuonLike_PureNu/22012/[Receipt]22012_21.json
2025-02-15 13:49:56 - INFO - Filtering process completed.
Job completed at Sat Feb 15 01:49:56 PM CET 2025
