Starting job at Mon Feb 24 01:08:41 PM CET 2025
Running Filter_by_part.py for subdirectory 22012, part 8
2025-02-24 13:08:42 - INFO - Event filtering process starts...
2025-02-24 13:08:42 - INFO - Initialized PureNeutrinoEventFilter filter for 22012/8
2025-02-24 13:08:42 - INFO - Loaded 14 event specifier files from /lustre/hpc/project/icecube/HE_Nu_Aske_Oct2024/clean_events_dict/22012/22012/reduced
2025-02-24 13:08:42 - INFO - Selected 2 CSV files covering event range [3879, 4540]
2025-02-24 13:08:43 - INFO - Loaded 123897 valid (RunID, EventID) pairs from CSV files
2025-02-24 13:08:43 - INFO - Extracted 22686 valid events based on pure neutrino events.
2025-02-24 13:08:43 - INFO - Initialized Muon13Filter filter for 22012/8
2025-02-24 13:08:43 - INFO - Extracted 26325 valid events where MuonFilter_13==True.
2025-02-24 13:08:43 - INFO - Initialized CCFilter filter for 22012/8
2025-02-24 13:08:43 - INFO - Extracted 26937 valid events which are CC interactions.
2025-02-24 13:08:43 - INFO - Initialized CompositeEventFilter filter for 22012/8
2025-02-24 13:08:43 - INFO - Initialized (CC_CRclean_MuonLike)
2025-02-24 13:08:43 - INFO - Starting filtering process for 22012/8
2025-02-24 13:08:43 - INFO - Starting filtering process for 22012/8
2025-02-24 13:08:44 - INFO - Recalculated 'offset' column based on 'N_doms' values within each 'shard_no' group.
2025-02-24 13:08:44 - INFO - Filtered truth file saved to: /lustre/hpc/project/icecube/HE_Nu_Aske_Oct2024/PMTfied_filtered/Snowstorm/CC_CRclean_MuonLike/22012/truth_8.parquet
2025-02-24 13:08:46 - INFO - Filtered PMTfied file saved to: /lustre/hpc/project/icecube/HE_Nu_Aske_Oct2024/PMTfied_filtered/Snowstorm/CC_CRclean_MuonLike/22012/8/PMTfied_6.parquet
2025-02-24 13:08:47 - INFO - Filtered PMTfied file saved to: /lustre/hpc/project/icecube/HE_Nu_Aske_Oct2024/PMTfied_filtered/Snowstorm/CC_CRclean_MuonLike/22012/8/PMTfied_2.parquet
2025-02-24 13:08:49 - INFO - Filtered PMTfied file saved to: /lustre/hpc/project/icecube/HE_Nu_Aske_Oct2024/PMTfied_filtered/Snowstorm/CC_CRclean_MuonLike/22012/8/PMTfied_13.parquet
2025-02-24 13:08:50 - INFO - Filtered PMTfied file saved to: /lustre/hpc/project/icecube/HE_Nu_Aske_Oct2024/PMTfied_filtered/Snowstorm/CC_CRclean_MuonLike/22012/8/PMTfied_7.parquet
2025-02-24 13:08:52 - INFO - Filtered PMTfied file saved to: /lustre/hpc/project/icecube/HE_Nu_Aske_Oct2024/PMTfied_filtered/Snowstorm/CC_CRclean_MuonLike/22012/8/PMTfied_3.parquet
2025-02-24 13:08:53 - INFO - Filtered PMTfied file saved to: /lustre/hpc/project/icecube/HE_Nu_Aske_Oct2024/PMTfied_filtered/Snowstorm/CC_CRclean_MuonLike/22012/8/PMTfied_12.parquet
2025-02-24 13:08:55 - INFO - Filtered PMTfied file saved to: /lustre/hpc/project/icecube/HE_Nu_Aske_Oct2024/PMTfied_filtered/Snowstorm/CC_CRclean_MuonLike/22012/8/PMTfied_5.parquet
2025-02-24 13:08:56 - INFO - Filtered PMTfied file saved to: /lustre/hpc/project/icecube/HE_Nu_Aske_Oct2024/PMTfied_filtered/Snowstorm/CC_CRclean_MuonLike/22012/8/PMTfied_1.parquet
2025-02-24 13:08:57 - INFO - Filtered PMTfied file saved to: /lustre/hpc/project/icecube/HE_Nu_Aske_Oct2024/PMTfied_filtered/Snowstorm/CC_CRclean_MuonLike/22012/8/PMTfied_9.parquet
2025-02-24 13:08:59 - INFO - Filtered PMTfied file saved to: /lustre/hpc/project/icecube/HE_Nu_Aske_Oct2024/PMTfied_filtered/Snowstorm/CC_CRclean_MuonLike/22012/8/PMTfied_10.parquet
2025-02-24 13:09:00 - INFO - Filtered PMTfied file saved to: /lustre/hpc/project/icecube/HE_Nu_Aske_Oct2024/PMTfied_filtered/Snowstorm/CC_CRclean_MuonLike/22012/8/PMTfied_14.parquet
2025-02-24 13:09:02 - INFO - Filtered PMTfied file saved to: /lustre/hpc/project/icecube/HE_Nu_Aske_Oct2024/PMTfied_filtered/Snowstorm/CC_CRclean_MuonLike/22012/8/PMTfied_8.parquet
2025-02-24 13:09:03 - INFO - Filtered PMTfied file saved to: /lustre/hpc/project/icecube/HE_Nu_Aske_Oct2024/PMTfied_filtered/Snowstorm/CC_CRclean_MuonLike/22012/8/PMTfied_4.parquet
2025-02-24 13:09:04 - INFO - Filtered PMTfied file saved to: /lustre/hpc/project/icecube/HE_Nu_Aske_Oct2024/PMTfied_filtered/Snowstorm/CC_CRclean_MuonLike/22012/8/PMTfied_11.parquet
2025-02-24 13:09:06 - INFO - Filtered PMTfied file saved to: /lustre/hpc/project/icecube/HE_Nu_Aske_Oct2024/PMTfied_filtered/Snowstorm/CC_CRclean_MuonLike/22012/8/PMTfied_15.parquet
2025-02-24 13:09:06 - INFO - Filtering process completed.
2025-02-24 13:09:06 - INFO - Filtering process completed.
2025-02-24 13:09:06 - INFO - Unified receipt generated: /lustre/hpc/project/icecube/HE_Nu_Aske_Oct2024/PMTfied_filtered/Snowstorm/CC_CRclean_MuonLike/22012/[Receipt]22012_8.json
2025-02-24 13:09:06 - INFO - Filtering process completed.
Job completed at Mon Feb 24 01:09:06 PM CET 2025
