Starting job at Thu Feb 13 05:09:08 PM CET 2025
Running Filter_by_part.py for subdirectory 22012, part 12
2025-02-13 17:09:09 - INFO - Event filtering process starts...
2025-02-13 17:09:09 - INFO - Initialized Muon13Filter
2025-02-13 17:09:09 - INFO - Starting filtering process for 22012/12
2025-02-13 17:09:10 - INFO - Recalculated 'offset' column based on filtered 'N_doms' values.
2025-02-13 17:09:10 - INFO - Filtered truth file saved to: /lustre/hpc/project/icecube/HE_Nu_Aske_Oct2024/PMTfied_filtered/MuonLike/Snowstorm/22012/truth_12.parquet
2025-02-13 17:09:10 - INFO - Receipt file saved to: /lustre/hpc/project/icecube/HE_Nu_Aske_Oct2024/PMTfied_filtered/MuonLike/Snowstorm/22012/[Receipt]22012_12.json
2025-02-13 17:09:12 - INFO - Filtered PMTfied file saved to: /lustre/hpc/project/icecube/HE_Nu_Aske_Oct2024/PMTfied_filtered/MuonLike/Snowstorm/22012/12/PMTfied_6.parquet
2025-02-13 17:09:14 - INFO - Filtered PMTfied file saved to: /lustre/hpc/project/icecube/HE_Nu_Aske_Oct2024/PMTfied_filtered/MuonLike/Snowstorm/22012/12/PMTfied_2.parquet
2025-02-13 17:09:15 - INFO - Filtered PMTfied file saved to: /lustre/hpc/project/icecube/HE_Nu_Aske_Oct2024/PMTfied_filtered/MuonLike/Snowstorm/22012/12/PMTfied_12.parquet
2025-02-13 17:09:17 - INFO - Filtered PMTfied file saved to: /lustre/hpc/project/icecube/HE_Nu_Aske_Oct2024/PMTfied_filtered/MuonLike/Snowstorm/22012/12/PMTfied_7.parquet
2025-02-13 17:09:19 - INFO - Filtered PMTfied file saved to: /lustre/hpc/project/icecube/HE_Nu_Aske_Oct2024/PMTfied_filtered/MuonLike/Snowstorm/22012/12/PMTfied_3.parquet
2025-02-13 17:09:21 - INFO - Filtered PMTfied file saved to: /lustre/hpc/project/icecube/HE_Nu_Aske_Oct2024/PMTfied_filtered/MuonLike/Snowstorm/22012/12/PMTfied_13.parquet
2025-02-13 17:09:21 - INFO - Filtered PMTfied file saved to: /lustre/hpc/project/icecube/HE_Nu_Aske_Oct2024/PMTfied_filtered/MuonLike/Snowstorm/22012/12/PMTfied_15.parquet
2025-02-13 17:09:23 - INFO - Filtered PMTfied file saved to: /lustre/hpc/project/icecube/HE_Nu_Aske_Oct2024/PMTfied_filtered/MuonLike/Snowstorm/22012/12/PMTfied_5.parquet
2025-02-13 17:09:25 - INFO - Filtered PMTfied file saved to: /lustre/hpc/project/icecube/HE_Nu_Aske_Oct2024/PMTfied_filtered/MuonLike/Snowstorm/22012/12/PMTfied_11.parquet
2025-02-13 17:09:26 - INFO - Filtered PMTfied file saved to: /lustre/hpc/project/icecube/HE_Nu_Aske_Oct2024/PMTfied_filtered/MuonLike/Snowstorm/22012/12/PMTfied_1.parquet
2025-02-13 17:09:28 - INFO - Filtered PMTfied file saved to: /lustre/hpc/project/icecube/HE_Nu_Aske_Oct2024/PMTfied_filtered/MuonLike/Snowstorm/22012/12/PMTfied_9.parquet
2025-02-13 17:09:29 - INFO - Filtered PMTfied file saved to: /lustre/hpc/project/icecube/HE_Nu_Aske_Oct2024/PMTfied_filtered/MuonLike/Snowstorm/22012/12/PMTfied_8.parquet
2025-02-13 17:09:31 - INFO - Filtered PMTfied file saved to: /lustre/hpc/project/icecube/HE_Nu_Aske_Oct2024/PMTfied_filtered/MuonLike/Snowstorm/22012/12/PMTfied_14.parquet
2025-02-13 17:09:32 - INFO - Filtered PMTfied file saved to: /lustre/hpc/project/icecube/HE_Nu_Aske_Oct2024/PMTfied_filtered/MuonLike/Snowstorm/22012/12/PMTfied_4.parquet
2025-02-13 17:09:34 - INFO - Filtered PMTfied file saved to: /lustre/hpc/project/icecube/HE_Nu_Aske_Oct2024/PMTfied_filtered/MuonLike/Snowstorm/22012/12/PMTfied_10.parquet
2025-02-13 17:09:34 - INFO - Filtering process completed.
2025-02-13 17:09:34 - INFO - Filtering process completed for all selected filters.
2025-02-13 17:09:34 - INFO - Execution time: 25.46 seconds
2025-02-13 17:09:34 - INFO - Updated receipt with execution time: /lustre/hpc/project/icecube/HE_Nu_Aske_Oct2024/PMTfied_filtered/MuonLike/Snowstorm/22012/[Receipt]22012_12.json
Job completed at Thu Feb 13 05:09:34 PM CET 2025
