Starting job at Thu Feb 13 06:47:33 PM CET 2025
Running Filter_by_part.py for subdirectory 22012, part 27
2025-02-13 18:47:34 - INFO - Event filtering process starts...
2025-02-13 18:47:34 - INFO - Initialized PureNeutrinoEventFilter
2025-02-13 18:47:34 - INFO - Starting filtering process for 22012/27
2025-02-13 18:47:34 - INFO - Loaded 14 event specifier files from /lustre/hpc/project/icecube/HE_Nu_Aske_Oct2024/clean_events_dict/22012/22012/reduced
2025-02-13 18:47:34 - INFO - Selected 0 CSV files covering event range [14444, 14999]
2025-02-13 18:47:34 - WARNING - No matching CSV files found for 22012/27
2025-02-13 18:47:34 - INFO - Loaded 0 valid (RunID, EventID) pairs from CSV files
2025-02-13 18:47:34 - WARNING - No valid events in 22012/27. Skipping filtering.
2025-02-13 18:47:34 - ERROR - An error occurred: 'NoneType' object has no attribute 'schema'
Traceback (most recent call last):
  File "/lustre/hpc/icecube/cyan/factory/DOMification/Selection/Filter_by_part.py", line 85, in <module>
    main()
  File "/lustre/hpc/icecube/cyan/factory/DOMification/Selection/Filter_by_part.py", line 81, in main
    run()
  File "/lustre/hpc/icecube/cyan/factory/DOMification/Selection/Filter_by_part.py", line 72, in run
    event_filter()
  File "/lustre/hpc/icecube/cyan/factory/DOMification/Selection/PureNeutrinoEventFilter.py", line 23, in __call__
    self._filter_truth()
  File "/lustre/hpc/icecube/cyan/factory/DOMification/Selection/EventFilter.py", line 129, in wrapper
    return method(*args, **kwargs)
  File "/lustre/hpc/icecube/cyan/factory/DOMification/Selection/PureNeutrinoEventFilter.py", line 43, in _filter_truth
    pq.write_table(filtered_truth_table, output_truth_file)
  File "/groups/icecube/cyan/.local/lib/python3.9/site-packages/pyarrow/parquet/core.py", line 1903, in write_table
    where, table.schema,
AttributeError: 'NoneType' object has no attribute 'schema'
Job completed at Thu Feb 13 06:47:34 PM CET 2025
