Starting job at Sat Feb 15 12:56:13 PM CET 2025
Running Filter_by_part.py for subdirectory 22012, part 15
2025-02-15 12:56:13 - INFO - Event filtering process starts...
2025-02-15 12:56:13 - INFO - Initialized Muon13Filter filter for 22012/15
2025-02-15 12:56:14 - INFO - Extracted 26092 valid events where MuonFilter_13==True.
2025-02-15 12:56:14 - INFO - Initialized CompositeEventFilter filter for 22012/15
2025-02-15 12:56:14 - INFO - Initialized (MuonLike)
2025-02-15 12:56:14 - INFO - Starting filtering process for 22012/15
2025-02-15 12:56:14 - INFO - Starting filtering process for 22012/15
2025-02-15 12:56:15 - INFO - Recalculated 'offset' column based on filtered 'N_doms' values.
2025-02-15 12:56:15 - INFO - Filtered truth file saved to: /lustre/hpc/project/icecube/HE_Nu_Aske_Oct2024/PMTfied_filtered/Snowstorm/MuonLike/22012/truth_15.parquet
2025-02-15 12:56:16 - INFO - Filtered PMTfied file saved to: /lustre/hpc/project/icecube/HE_Nu_Aske_Oct2024/PMTfied_filtered/Snowstorm/MuonLike/22012/15/PMTfied_9.parquet
2025-02-15 12:56:19 - INFO - Filtered PMTfied file saved to: /lustre/hpc/project/icecube/HE_Nu_Aske_Oct2024/PMTfied_filtered/Snowstorm/MuonLike/22012/15/PMTfied_5.parquet
2025-02-15 12:56:20 - INFO - Filtered PMTfied file saved to: /lustre/hpc/project/icecube/HE_Nu_Aske_Oct2024/PMTfied_filtered/Snowstorm/MuonLike/22012/15/PMTfied_1.parquet
2025-02-15 12:56:21 - INFO - Filtered PMTfied file saved to: /lustre/hpc/project/icecube/HE_Nu_Aske_Oct2024/PMTfied_filtered/Snowstorm/MuonLike/22012/15/PMTfied_11.parquet
2025-02-15 12:56:23 - INFO - Filtered PMTfied file saved to: /lustre/hpc/project/icecube/HE_Nu_Aske_Oct2024/PMTfied_filtered/Snowstorm/MuonLike/22012/15/PMTfied_15.parquet
2025-02-15 12:56:24 - INFO - Filtered PMTfied file saved to: /lustre/hpc/project/icecube/HE_Nu_Aske_Oct2024/PMTfied_filtered/Snowstorm/MuonLike/22012/15/PMTfied_10.parquet
2025-02-15 12:56:25 - INFO - Filtered PMTfied file saved to: /lustre/hpc/project/icecube/HE_Nu_Aske_Oct2024/PMTfied_filtered/Snowstorm/MuonLike/22012/15/PMTfied_14.parquet
2025-02-15 12:56:27 - INFO - Filtered PMTfied file saved to: /lustre/hpc/project/icecube/HE_Nu_Aske_Oct2024/PMTfied_filtered/Snowstorm/MuonLike/22012/15/PMTfied_4.parquet
2025-02-15 12:56:28 - INFO - Filtered PMTfied file saved to: /lustre/hpc/project/icecube/HE_Nu_Aske_Oct2024/PMTfied_filtered/Snowstorm/MuonLike/22012/15/PMTfied_8.parquet
2025-02-15 12:56:30 - INFO - Filtered PMTfied file saved to: /lustre/hpc/project/icecube/HE_Nu_Aske_Oct2024/PMTfied_filtered/Snowstorm/MuonLike/22012/15/PMTfied_12.parquet
2025-02-15 12:56:31 - INFO - Filtered PMTfied file saved to: /lustre/hpc/project/icecube/HE_Nu_Aske_Oct2024/PMTfied_filtered/Snowstorm/MuonLike/22012/15/PMTfied_6.parquet
2025-02-15 12:56:33 - INFO - Filtered PMTfied file saved to: /lustre/hpc/project/icecube/HE_Nu_Aske_Oct2024/PMTfied_filtered/Snowstorm/MuonLike/22012/15/PMTfied_2.parquet
2025-02-15 12:56:34 - INFO - Filtered PMTfied file saved to: /lustre/hpc/project/icecube/HE_Nu_Aske_Oct2024/PMTfied_filtered/Snowstorm/MuonLike/22012/15/PMTfied_7.parquet
2025-02-15 12:56:36 - INFO - Filtered PMTfied file saved to: /lustre/hpc/project/icecube/HE_Nu_Aske_Oct2024/PMTfied_filtered/Snowstorm/MuonLike/22012/15/PMTfied_3.parquet
2025-02-15 12:56:37 - INFO - Filtered PMTfied file saved to: /lustre/hpc/project/icecube/HE_Nu_Aske_Oct2024/PMTfied_filtered/Snowstorm/MuonLike/22012/15/PMTfied_13.parquet
2025-02-15 12:56:37 - INFO - Filtering process completed.
2025-02-15 12:56:37 - INFO - Filtering process completed.
2025-02-15 12:56:37 - INFO - Unified receipt generated: /lustre/hpc/project/icecube/HE_Nu_Aske_Oct2024/PMTfied_filtered/Snowstorm/MuonLike/22012/[Receipt]22012_15.json
2025-02-15 12:56:37 - INFO - Filtering process completed.
Job completed at Sat Feb 15 12:56:37 PM CET 2025
