Starting job at Thu Feb 13 05:10:12 PM CET 2025
Running Filter_by_part.py for subdirectory 22012, part 25
2025-02-13 17:10:12 - INFO - Event filtering process starts...
2025-02-13 17:10:12 - INFO - Initialized Muon13Filter
2025-02-13 17:10:12 - INFO - Starting filtering process for 22012/25
2025-02-13 17:10:14 - INFO - Recalculated 'offset' column based on filtered 'N_doms' values.
2025-02-13 17:10:14 - INFO - Filtered truth file saved to: /lustre/hpc/project/icecube/HE_Nu_Aske_Oct2024/PMTfied_filtered/MuonLike/Snowstorm/22012/truth_25.parquet
2025-02-13 17:10:14 - INFO - Receipt file saved to: /lustre/hpc/project/icecube/HE_Nu_Aske_Oct2024/PMTfied_filtered/MuonLike/Snowstorm/22012/[Receipt]22012_25.json
2025-02-13 17:10:16 - INFO - Filtered PMTfied file saved to: /lustre/hpc/project/icecube/HE_Nu_Aske_Oct2024/PMTfied_filtered/MuonLike/Snowstorm/22012/25/PMTfied_12.parquet
2025-02-13 17:10:17 - INFO - Filtered PMTfied file saved to: /lustre/hpc/project/icecube/HE_Nu_Aske_Oct2024/PMTfied_filtered/MuonLike/Snowstorm/22012/25/PMTfied_6.parquet
2025-02-13 17:10:19 - INFO - Filtered PMTfied file saved to: /lustre/hpc/project/icecube/HE_Nu_Aske_Oct2024/PMTfied_filtered/MuonLike/Snowstorm/22012/25/PMTfied_2.parquet
2025-02-13 17:10:20 - INFO - Filtered PMTfied file saved to: /lustre/hpc/project/icecube/HE_Nu_Aske_Oct2024/PMTfied_filtered/MuonLike/Snowstorm/22012/25/PMTfied_7.parquet
2025-02-13 17:10:22 - INFO - Filtered PMTfied file saved to: /lustre/hpc/project/icecube/HE_Nu_Aske_Oct2024/PMTfied_filtered/MuonLike/Snowstorm/22012/25/PMTfied_3.parquet
2025-02-13 17:10:24 - INFO - Filtered PMTfied file saved to: /lustre/hpc/project/icecube/HE_Nu_Aske_Oct2024/PMTfied_filtered/MuonLike/Snowstorm/22012/25/PMTfied_13.parquet
2025-02-13 17:10:25 - INFO - Filtered PMTfied file saved to: /lustre/hpc/project/icecube/HE_Nu_Aske_Oct2024/PMTfied_filtered/MuonLike/Snowstorm/22012/25/PMTfied_5.parquet
2025-02-13 17:10:27 - INFO - Filtered PMTfied file saved to: /lustre/hpc/project/icecube/HE_Nu_Aske_Oct2024/PMTfied_filtered/MuonLike/Snowstorm/22012/25/PMTfied_1.parquet
2025-02-13 17:10:28 - INFO - Filtered PMTfied file saved to: /lustre/hpc/project/icecube/HE_Nu_Aske_Oct2024/PMTfied_filtered/MuonLike/Snowstorm/22012/25/PMTfied_9.parquet
2025-02-13 17:10:30 - INFO - Filtered PMTfied file saved to: /lustre/hpc/project/icecube/HE_Nu_Aske_Oct2024/PMTfied_filtered/MuonLike/Snowstorm/22012/25/PMTfied_11.parquet
2025-02-13 17:10:31 - INFO - Filtered PMTfied file saved to: /lustre/hpc/project/icecube/HE_Nu_Aske_Oct2024/PMTfied_filtered/MuonLike/Snowstorm/22012/25/PMTfied_15.parquet
2025-02-13 17:10:32 - INFO - Filtered PMTfied file saved to: /lustre/hpc/project/icecube/HE_Nu_Aske_Oct2024/PMTfied_filtered/MuonLike/Snowstorm/22012/25/PMTfied_10.parquet
2025-02-13 17:10:34 - INFO - Filtered PMTfied file saved to: /lustre/hpc/project/icecube/HE_Nu_Aske_Oct2024/PMTfied_filtered/MuonLike/Snowstorm/22012/25/PMTfied_14.parquet
2025-02-13 17:10:36 - INFO - Filtered PMTfied file saved to: /lustre/hpc/project/icecube/HE_Nu_Aske_Oct2024/PMTfied_filtered/MuonLike/Snowstorm/22012/25/PMTfied_8.parquet
2025-02-13 17:10:37 - INFO - Filtered PMTfied file saved to: /lustre/hpc/project/icecube/HE_Nu_Aske_Oct2024/PMTfied_filtered/MuonLike/Snowstorm/22012/25/PMTfied_4.parquet
2025-02-13 17:10:37 - INFO - Filtering process completed.
2025-02-13 17:10:37 - INFO - Filtering process completed for all selected filters.
2025-02-13 17:10:37 - INFO - Execution time: 25.02 seconds
2025-02-13 17:10:37 - INFO - Updated receipt with execution time: /lustre/hpc/project/icecube/HE_Nu_Aske_Oct2024/PMTfied_filtered/MuonLike/Snowstorm/22012/[Receipt]22012_25.json
Job completed at Thu Feb 13 05:10:37 PM CET 2025
