Starting job at Thu Feb 13 05:56:11 PM CET 2025
Running Filter_by_part.py for subdirectory 22012, part 25
2025-02-13 17:56:11 - INFO - Event filtering process starts...
2025-02-13 17:56:11 - INFO - Initialized PureNeutrinoEventFilter
2025-02-13 17:56:11 - INFO - Starting filtering process for 22012/25
2025-02-13 17:56:11 - INFO - Loaded 14 event specifier files from /lustre/hpc/project/icecube/HE_Nu_Aske_Oct2024/clean_events_dict/22012/22012/reduced
2025-02-13 17:56:11 - INFO - Selected 1 CSV files covering event range [13307, 13934]
2025-02-13 17:56:11 - INFO - Loaded 61529 valid (RunID, EventID) pairs from CSV files
2025-02-13 17:56:12 - INFO - Recalculated 'offset' column based on filtered 'N_doms' values.
2025-02-13 17:56:12 - INFO - Filtered truth file saved to: /lustre/hpc/project/icecube/HE_Nu_Aske_Oct2024/PMTfied_filtered/PureNu/Snowstorm/22012/truth_25.parquet
2025-02-13 17:56:12 - INFO - Receipt file saved to: /lustre/hpc/project/icecube/HE_Nu_Aske_Oct2024/PMTfied_filtered/PureNu/Snowstorm/22012/[Receipt]22012_25.json
2025-02-13 17:56:14 - INFO - Filtered PMTfied file saved to: /lustre/hpc/project/icecube/HE_Nu_Aske_Oct2024/PMTfied_filtered/PureNu/Snowstorm/22012/25/PMTfied_12.parquet
2025-02-13 17:56:15 - INFO - Filtered PMTfied file saved to: /lustre/hpc/project/icecube/HE_Nu_Aske_Oct2024/PMTfied_filtered/PureNu/Snowstorm/22012/25/PMTfied_6.parquet
2025-02-13 17:56:16 - INFO - Filtered PMTfied file saved to: /lustre/hpc/project/icecube/HE_Nu_Aske_Oct2024/PMTfied_filtered/PureNu/Snowstorm/22012/25/PMTfied_2.parquet
2025-02-13 17:56:18 - INFO - Filtered PMTfied file saved to: /lustre/hpc/project/icecube/HE_Nu_Aske_Oct2024/PMTfied_filtered/PureNu/Snowstorm/22012/25/PMTfied_7.parquet
2025-02-13 17:56:19 - INFO - Filtered PMTfied file saved to: /lustre/hpc/project/icecube/HE_Nu_Aske_Oct2024/PMTfied_filtered/PureNu/Snowstorm/22012/25/PMTfied_3.parquet
2025-02-13 17:56:20 - INFO - Filtered PMTfied file saved to: /lustre/hpc/project/icecube/HE_Nu_Aske_Oct2024/PMTfied_filtered/PureNu/Snowstorm/22012/25/PMTfied_13.parquet
2025-02-13 17:56:22 - INFO - Filtered PMTfied file saved to: /lustre/hpc/project/icecube/HE_Nu_Aske_Oct2024/PMTfied_filtered/PureNu/Snowstorm/22012/25/PMTfied_5.parquet
2025-02-13 17:56:23 - INFO - Filtered PMTfied file saved to: /lustre/hpc/project/icecube/HE_Nu_Aske_Oct2024/PMTfied_filtered/PureNu/Snowstorm/22012/25/PMTfied_1.parquet
2025-02-13 17:56:24 - INFO - Filtered PMTfied file saved to: /lustre/hpc/project/icecube/HE_Nu_Aske_Oct2024/PMTfied_filtered/PureNu/Snowstorm/22012/25/PMTfied_9.parquet
2025-02-13 17:56:25 - INFO - Filtered PMTfied file saved to: /lustre/hpc/project/icecube/HE_Nu_Aske_Oct2024/PMTfied_filtered/PureNu/Snowstorm/22012/25/PMTfied_11.parquet
2025-02-13 17:56:26 - INFO - Filtered PMTfied file saved to: /lustre/hpc/project/icecube/HE_Nu_Aske_Oct2024/PMTfied_filtered/PureNu/Snowstorm/22012/25/PMTfied_15.parquet
2025-02-13 17:56:27 - INFO - Filtered PMTfied file saved to: /lustre/hpc/project/icecube/HE_Nu_Aske_Oct2024/PMTfied_filtered/PureNu/Snowstorm/22012/25/PMTfied_10.parquet
2025-02-13 17:56:28 - INFO - Filtered PMTfied file saved to: /lustre/hpc/project/icecube/HE_Nu_Aske_Oct2024/PMTfied_filtered/PureNu/Snowstorm/22012/25/PMTfied_14.parquet
2025-02-13 17:56:29 - INFO - Filtered PMTfied file saved to: /lustre/hpc/project/icecube/HE_Nu_Aske_Oct2024/PMTfied_filtered/PureNu/Snowstorm/22012/25/PMTfied_8.parquet
2025-02-13 17:56:31 - INFO - Filtered PMTfied file saved to: /lustre/hpc/project/icecube/HE_Nu_Aske_Oct2024/PMTfied_filtered/PureNu/Snowstorm/22012/25/PMTfied_4.parquet
2025-02-13 17:56:31 - INFO - Filtering process completed.
2025-02-13 17:56:31 - INFO - Filtering process completed for all selected filters.
2025-02-13 17:56:31 - INFO - Execution time: 19.69 seconds
2025-02-13 17:56:31 - INFO - Updated receipt with execution time: /lustre/hpc/project/icecube/HE_Nu_Aske_Oct2024/PMTfied_filtered/PureNu/Snowstorm/22012/[Receipt]22012_25.json
Job completed at Thu Feb 13 05:56:31 PM CET 2025
