Starting job at Sat Feb 15 12:02:39 PM CET 2025
Running Filter_by_part.py for subdirectory 22012, part 3
2025-02-15 12:02:39 - INFO - Event filtering process starts...
2025-02-15 12:02:39 - INFO - Initialized Muon13Filter filter for 22012/3
2025-02-15 12:02:40 - INFO - Extracted 25650 valid events where MuonFilter_13==True.
2025-02-15 12:02:40 - INFO - Initialized CompositeEventFilter filter for 22012/3
2025-02-15 12:02:40 - INFO - Initialized (MuonLike)
2025-02-15 12:02:40 - INFO - Starting filtering process for 22012/3
2025-02-15 12:02:40 - INFO - Starting filtering process for 22012/3
2025-02-15 12:02:41 - INFO - Recalculated 'offset' column based on filtered 'N_doms' values.
2025-02-15 12:02:41 - INFO - Filtered truth file saved to: /lustre/hpc/project/icecube/HE_Nu_Aske_Oct2024/PMTfied_filtered/Snowstorm/MuonLike/22012/truth_3.parquet
2025-02-15 12:02:43 - INFO - Filtered PMTfied file saved to: /lustre/hpc/project/icecube/HE_Nu_Aske_Oct2024/PMTfied_filtered/Snowstorm/MuonLike/22012/3/PMTfied_12.parquet
2025-02-15 12:02:44 - INFO - Filtered PMTfied file saved to: /lustre/hpc/project/icecube/HE_Nu_Aske_Oct2024/PMTfied_filtered/Snowstorm/MuonLike/22012/3/PMTfied_6.parquet
2025-02-15 12:02:46 - INFO - Filtered PMTfied file saved to: /lustre/hpc/project/icecube/HE_Nu_Aske_Oct2024/PMTfied_filtered/Snowstorm/MuonLike/22012/3/PMTfied_2.parquet
2025-02-15 12:02:48 - INFO - Filtered PMTfied file saved to: /lustre/hpc/project/icecube/HE_Nu_Aske_Oct2024/PMTfied_filtered/Snowstorm/MuonLike/22012/3/PMTfied_7.parquet
2025-02-15 12:02:49 - INFO - Filtered PMTfied file saved to: /lustre/hpc/project/icecube/HE_Nu_Aske_Oct2024/PMTfied_filtered/Snowstorm/MuonLike/22012/3/PMTfied_3.parquet
2025-02-15 12:02:51 - INFO - Filtered PMTfied file saved to: /lustre/hpc/project/icecube/HE_Nu_Aske_Oct2024/PMTfied_filtered/Snowstorm/MuonLike/22012/3/PMTfied_13.parquet
2025-02-15 12:02:53 - INFO - Filtered PMTfied file saved to: /lustre/hpc/project/icecube/HE_Nu_Aske_Oct2024/PMTfied_filtered/Snowstorm/MuonLike/22012/3/PMTfied_9.parquet
2025-02-15 12:02:55 - INFO - Filtered PMTfied file saved to: /lustre/hpc/project/icecube/HE_Nu_Aske_Oct2024/PMTfied_filtered/Snowstorm/MuonLike/22012/3/PMTfied_5.parquet
2025-02-15 12:02:56 - INFO - Filtered PMTfied file saved to: /lustre/hpc/project/icecube/HE_Nu_Aske_Oct2024/PMTfied_filtered/Snowstorm/MuonLike/22012/3/PMTfied_1.parquet
2025-02-15 12:02:58 - INFO - Filtered PMTfied file saved to: /lustre/hpc/project/icecube/HE_Nu_Aske_Oct2024/PMTfied_filtered/Snowstorm/MuonLike/22012/3/PMTfied_15.parquet
2025-02-15 12:02:59 - INFO - Filtered PMTfied file saved to: /lustre/hpc/project/icecube/HE_Nu_Aske_Oct2024/PMTfied_filtered/Snowstorm/MuonLike/22012/3/PMTfied_11.parquet
2025-02-15 12:03:01 - INFO - Filtered PMTfied file saved to: /lustre/hpc/project/icecube/HE_Nu_Aske_Oct2024/PMTfied_filtered/Snowstorm/MuonLike/22012/3/PMTfied_14.parquet
2025-02-15 12:03:03 - INFO - Filtered PMTfied file saved to: /lustre/hpc/project/icecube/HE_Nu_Aske_Oct2024/PMTfied_filtered/Snowstorm/MuonLike/22012/3/PMTfied_10.parquet
2025-02-15 12:03:05 - INFO - Filtered PMTfied file saved to: /lustre/hpc/project/icecube/HE_Nu_Aske_Oct2024/PMTfied_filtered/Snowstorm/MuonLike/22012/3/PMTfied_4.parquet
2025-02-15 12:03:06 - INFO - Filtered PMTfied file saved to: /lustre/hpc/project/icecube/HE_Nu_Aske_Oct2024/PMTfied_filtered/Snowstorm/MuonLike/22012/3/PMTfied_8.parquet
2025-02-15 12:03:06 - INFO - Filtering process completed.
2025-02-15 12:03:06 - INFO - Filtering process completed.
2025-02-15 12:03:06 - INFO - Unified receipt generated: /lustre/hpc/project/icecube/HE_Nu_Aske_Oct2024/PMTfied_filtered/Snowstorm/MuonLike/22012/[Receipt]22012_3.json
2025-02-15 12:03:06 - INFO - Filtering process completed.
Job completed at Sat Feb 15 12:03:07 PM CET 2025
