Starting job at Thu Feb 13 06:17:59 PM CET 2025
Running Filter_by_part.py for subdirectory 22012, part 26
2025-02-13 18:17:59 - INFO - Event filtering process starts...
2025-02-13 18:17:59 - INFO - Initialized PureNeutrinoEventFilter
2025-02-13 18:17:59 - INFO - Starting filtering process for 22012/26
2025-02-13 18:18:00 - INFO - Loaded 14 event specifier files from /lustre/hpc/project/icecube/HE_Nu_Aske_Oct2024/clean_events_dict/22012/22012/reduced
2025-02-13 18:18:00 - INFO - Selected 1 CSV files covering event range [13875, 14507]
2025-02-13 18:18:00 - INFO - Loaded 61529 valid (RunID, EventID) pairs from CSV files
2025-02-13 18:18:00 - INFO - Recalculated 'offset' column based on filtered 'N_doms' values.
2025-02-13 18:18:00 - INFO - Filtered truth file saved to: /lustre/hpc/project/icecube/HE_Nu_Aske_Oct2024/PMTfied_filtered/PureNu/Snowstorm/22012/truth_26.parquet
2025-02-13 18:18:00 - INFO - Receipt file saved to: /lustre/hpc/project/icecube/HE_Nu_Aske_Oct2024/PMTfied_filtered/PureNu/Snowstorm/22012/[Receipt]22012_26.json
2025-02-13 18:18:01 - WARNING - Skipping PMTfied_7.parquet: No valid events found in PMTfied file.
2025-02-13 18:18:02 - INFO - Filtered PMTfied file saved to: /lustre/hpc/project/icecube/HE_Nu_Aske_Oct2024/PMTfied_filtered/PureNu/Snowstorm/22012/26/PMTfied_3.parquet
2025-02-13 18:18:03 - WARNING - Skipping PMTfied_15.parquet: No valid events found in PMTfied file.
2025-02-13 18:18:04 - WARNING - Skipping PMTfied_11.parquet: No valid events found in PMTfied file.
2025-02-13 18:18:08 - WARNING - Skipping PMTfied_6.parquet: No valid events found in PMTfied file.
2025-02-13 18:18:10 - INFO - Filtered PMTfied file saved to: /lustre/hpc/project/icecube/HE_Nu_Aske_Oct2024/PMTfied_filtered/PureNu/Snowstorm/22012/26/PMTfied_2.parquet
2025-02-13 18:18:10 - WARNING - Skipping PMTfied_14.parquet: No valid events found in PMTfied file.
2025-02-13 18:18:11 - WARNING - Skipping PMTfied_10.parquet: No valid events found in PMTfied file.
2025-02-13 18:18:12 - WARNING - Skipping PMTfied_8.parquet: No valid events found in PMTfied file.
2025-02-13 18:18:13 - INFO - Filtered PMTfied file saved to: /lustre/hpc/project/icecube/HE_Nu_Aske_Oct2024/PMTfied_filtered/PureNu/Snowstorm/22012/26/PMTfied_4.parquet
2025-02-13 18:18:14 - WARNING - Skipping PMTfied_12.parquet: No valid events found in PMTfied file.
2025-02-13 18:18:15 - WARNING - Skipping PMTfied_5.parquet: No valid events found in PMTfied file.
2025-02-13 18:18:17 - INFO - Filtered PMTfied file saved to: /lustre/hpc/project/icecube/HE_Nu_Aske_Oct2024/PMTfied_filtered/PureNu/Snowstorm/22012/26/PMTfied_1.parquet
2025-02-13 18:18:18 - WARNING - Skipping PMTfied_9.parquet: No valid events found in PMTfied file.
2025-02-13 18:18:19 - WARNING - Skipping PMTfied_13.parquet: No valid events found in PMTfied file.
2025-02-13 18:18:19 - INFO - Filtering process completed.
2025-02-13 18:18:19 - INFO - Filtering process completed for all selected filters.
2025-02-13 18:18:19 - INFO - Execution time: 19.37 seconds
2025-02-13 18:18:19 - INFO - Updated receipt with execution time: /lustre/hpc/project/icecube/HE_Nu_Aske_Oct2024/PMTfied_filtered/PureNu/Snowstorm/22012/[Receipt]22012_26.json
Job completed at Thu Feb 13 06:18:19 PM CET 2025
