Starting job at Sat Feb 15 12:04:26 PM CET 2025
Running Filter_by_part.py for subdirectory 22012, part 26
2025-02-15 12:04:27 - INFO - Event filtering process starts...
2025-02-15 12:04:27 - INFO - Initialized Muon13Filter filter for 22012/26
2025-02-15 12:04:27 - INFO - Extracted 26349 valid events where MuonFilter_13==True.
2025-02-15 12:04:27 - INFO - Initialized CompositeEventFilter filter for 22012/26
2025-02-15 12:04:27 - INFO - Initialized (MuonLike)
2025-02-15 12:04:27 - INFO - Starting filtering process for 22012/26
2025-02-15 12:04:27 - INFO - Starting filtering process for 22012/26
2025-02-15 12:04:28 - INFO - Recalculated 'offset' column based on filtered 'N_doms' values.
2025-02-15 12:04:28 - INFO - Filtered truth file saved to: /lustre/hpc/project/icecube/HE_Nu_Aske_Oct2024/PMTfied_filtered/Snowstorm/MuonLike/22012/truth_26.parquet
2025-02-15 12:04:30 - INFO - Filtered PMTfied file saved to: /lustre/hpc/project/icecube/HE_Nu_Aske_Oct2024/PMTfied_filtered/Snowstorm/MuonLike/22012/26/PMTfied_7.parquet
2025-02-15 12:04:32 - INFO - Filtered PMTfied file saved to: /lustre/hpc/project/icecube/HE_Nu_Aske_Oct2024/PMTfied_filtered/Snowstorm/MuonLike/22012/26/PMTfied_3.parquet
2025-02-15 12:04:33 - INFO - Filtered PMTfied file saved to: /lustre/hpc/project/icecube/HE_Nu_Aske_Oct2024/PMTfied_filtered/Snowstorm/MuonLike/22012/26/PMTfied_15.parquet
2025-02-15 12:04:35 - INFO - Filtered PMTfied file saved to: /lustre/hpc/project/icecube/HE_Nu_Aske_Oct2024/PMTfied_filtered/Snowstorm/MuonLike/22012/26/PMTfied_11.parquet
2025-02-15 12:04:36 - INFO - Filtered PMTfied file saved to: /lustre/hpc/project/icecube/HE_Nu_Aske_Oct2024/PMTfied_filtered/Snowstorm/MuonLike/22012/26/PMTfied_6.parquet
2025-02-15 12:04:38 - INFO - Filtered PMTfied file saved to: /lustre/hpc/project/icecube/HE_Nu_Aske_Oct2024/PMTfied_filtered/Snowstorm/MuonLike/22012/26/PMTfied_2.parquet
2025-02-15 12:04:39 - INFO - Filtered PMTfied file saved to: /lustre/hpc/project/icecube/HE_Nu_Aske_Oct2024/PMTfied_filtered/Snowstorm/MuonLike/22012/26/PMTfied_14.parquet
2025-02-15 12:04:41 - INFO - Filtered PMTfied file saved to: /lustre/hpc/project/icecube/HE_Nu_Aske_Oct2024/PMTfied_filtered/Snowstorm/MuonLike/22012/26/PMTfied_10.parquet
2025-02-15 12:04:43 - INFO - Filtered PMTfied file saved to: /lustre/hpc/project/icecube/HE_Nu_Aske_Oct2024/PMTfied_filtered/Snowstorm/MuonLike/22012/26/PMTfied_8.parquet
2025-02-15 12:04:44 - INFO - Filtered PMTfied file saved to: /lustre/hpc/project/icecube/HE_Nu_Aske_Oct2024/PMTfied_filtered/Snowstorm/MuonLike/22012/26/PMTfied_4.parquet
2025-02-15 12:04:46 - INFO - Filtered PMTfied file saved to: /lustre/hpc/project/icecube/HE_Nu_Aske_Oct2024/PMTfied_filtered/Snowstorm/MuonLike/22012/26/PMTfied_12.parquet
2025-02-15 12:04:47 - INFO - Filtered PMTfied file saved to: /lustre/hpc/project/icecube/HE_Nu_Aske_Oct2024/PMTfied_filtered/Snowstorm/MuonLike/22012/26/PMTfied_5.parquet
2025-02-15 12:04:49 - INFO - Filtered PMTfied file saved to: /lustre/hpc/project/icecube/HE_Nu_Aske_Oct2024/PMTfied_filtered/Snowstorm/MuonLike/22012/26/PMTfied_1.parquet
2025-02-15 12:04:51 - INFO - Filtered PMTfied file saved to: /lustre/hpc/project/icecube/HE_Nu_Aske_Oct2024/PMTfied_filtered/Snowstorm/MuonLike/22012/26/PMTfied_9.parquet
2025-02-15 12:04:52 - INFO - Filtered PMTfied file saved to: /lustre/hpc/project/icecube/HE_Nu_Aske_Oct2024/PMTfied_filtered/Snowstorm/MuonLike/22012/26/PMTfied_13.parquet
2025-02-15 12:04:52 - INFO - Filtering process completed.
2025-02-15 12:04:52 - INFO - Filtering process completed.
2025-02-15 12:04:52 - INFO - Unified receipt generated: /lustre/hpc/project/icecube/HE_Nu_Aske_Oct2024/PMTfied_filtered/Snowstorm/MuonLike/22012/[Receipt]22012_26.json
2025-02-15 12:04:52 - INFO - Filtering process completed.
Job completed at Sat Feb 15 12:04:52 PM CET 2025
