Starting job at Mon Feb 24 01:08:33 PM CET 2025
Running Filter_by_part.py for subdirectory 22012, part 3
2025-02-24 13:08:33 - INFO - Event filtering process starts...
2025-02-24 13:08:33 - INFO - Initialized PureNeutrinoEventFilter filter for 22012/3
2025-02-24 13:08:34 - INFO - Loaded 14 event specifier files from /lustre/hpc/project/icecube/HE_Nu_Aske_Oct2024/clean_events_dict/22012/22012/reduced
2025-02-24 13:08:34 - INFO - Selected 1 CSV files covering event range [1105, 1667]
2025-02-24 13:08:34 - INFO - Loaded 62364 valid (RunID, EventID) pairs from CSV files
2025-02-24 13:08:34 - INFO - Extracted 22308 valid events based on pure neutrino events.
2025-02-24 13:08:34 - INFO - Initialized Muon13Filter filter for 22012/3
2025-02-24 13:08:34 - INFO - Extracted 25650 valid events where MuonFilter_13==True.
2025-02-24 13:08:34 - INFO - Initialized CCFilter filter for 22012/3
2025-02-24 13:08:34 - INFO - Extracted 26364 valid events which are CC interactions.
2025-02-24 13:08:34 - INFO - Initialized CompositeEventFilter filter for 22012/3
2025-02-24 13:08:34 - INFO - Initialized (CC_CRclean_MuonLike)
2025-02-24 13:08:34 - INFO - Starting filtering process for 22012/3
2025-02-24 13:08:34 - INFO - Starting filtering process for 22012/3
2025-02-24 13:08:36 - INFO - Recalculated 'offset' column based on 'N_doms' values within each 'shard_no' group.
2025-02-24 13:08:36 - INFO - Filtered truth file saved to: /lustre/hpc/project/icecube/HE_Nu_Aske_Oct2024/PMTfied_filtered/Snowstorm/CC_CRclean_MuonLike/22012/truth_3.parquet
2025-02-24 13:08:37 - INFO - Filtered PMTfied file saved to: /lustre/hpc/project/icecube/HE_Nu_Aske_Oct2024/PMTfied_filtered/Snowstorm/CC_CRclean_MuonLike/22012/3/PMTfied_12.parquet
2025-02-24 13:08:39 - INFO - Filtered PMTfied file saved to: /lustre/hpc/project/icecube/HE_Nu_Aske_Oct2024/PMTfied_filtered/Snowstorm/CC_CRclean_MuonLike/22012/3/PMTfied_6.parquet
2025-02-24 13:08:41 - INFO - Filtered PMTfied file saved to: /lustre/hpc/project/icecube/HE_Nu_Aske_Oct2024/PMTfied_filtered/Snowstorm/CC_CRclean_MuonLike/22012/3/PMTfied_2.parquet
2025-02-24 13:08:42 - INFO - Filtered PMTfied file saved to: /lustre/hpc/project/icecube/HE_Nu_Aske_Oct2024/PMTfied_filtered/Snowstorm/CC_CRclean_MuonLike/22012/3/PMTfied_7.parquet
2025-02-24 13:08:43 - INFO - Filtered PMTfied file saved to: /lustre/hpc/project/icecube/HE_Nu_Aske_Oct2024/PMTfied_filtered/Snowstorm/CC_CRclean_MuonLike/22012/3/PMTfied_3.parquet
2025-02-24 13:08:45 - INFO - Filtered PMTfied file saved to: /lustre/hpc/project/icecube/HE_Nu_Aske_Oct2024/PMTfied_filtered/Snowstorm/CC_CRclean_MuonLike/22012/3/PMTfied_13.parquet
2025-02-24 13:08:46 - INFO - Filtered PMTfied file saved to: /lustre/hpc/project/icecube/HE_Nu_Aske_Oct2024/PMTfied_filtered/Snowstorm/CC_CRclean_MuonLike/22012/3/PMTfied_9.parquet
2025-02-24 13:08:48 - INFO - Filtered PMTfied file saved to: /lustre/hpc/project/icecube/HE_Nu_Aske_Oct2024/PMTfied_filtered/Snowstorm/CC_CRclean_MuonLike/22012/3/PMTfied_5.parquet
2025-02-24 13:08:49 - INFO - Filtered PMTfied file saved to: /lustre/hpc/project/icecube/HE_Nu_Aske_Oct2024/PMTfied_filtered/Snowstorm/CC_CRclean_MuonLike/22012/3/PMTfied_1.parquet
2025-02-24 13:08:50 - INFO - Filtered PMTfied file saved to: /lustre/hpc/project/icecube/HE_Nu_Aske_Oct2024/PMTfied_filtered/Snowstorm/CC_CRclean_MuonLike/22012/3/PMTfied_15.parquet
2025-02-24 13:08:51 - INFO - Filtered PMTfied file saved to: /lustre/hpc/project/icecube/HE_Nu_Aske_Oct2024/PMTfied_filtered/Snowstorm/CC_CRclean_MuonLike/22012/3/PMTfied_11.parquet
2025-02-24 13:08:53 - INFO - Filtered PMTfied file saved to: /lustre/hpc/project/icecube/HE_Nu_Aske_Oct2024/PMTfied_filtered/Snowstorm/CC_CRclean_MuonLike/22012/3/PMTfied_14.parquet
2025-02-24 13:08:54 - INFO - Filtered PMTfied file saved to: /lustre/hpc/project/icecube/HE_Nu_Aske_Oct2024/PMTfied_filtered/Snowstorm/CC_CRclean_MuonLike/22012/3/PMTfied_10.parquet
2025-02-24 13:08:56 - INFO - Filtered PMTfied file saved to: /lustre/hpc/project/icecube/HE_Nu_Aske_Oct2024/PMTfied_filtered/Snowstorm/CC_CRclean_MuonLike/22012/3/PMTfied_4.parquet
2025-02-24 13:08:57 - INFO - Filtered PMTfied file saved to: /lustre/hpc/project/icecube/HE_Nu_Aske_Oct2024/PMTfied_filtered/Snowstorm/CC_CRclean_MuonLike/22012/3/PMTfied_8.parquet
2025-02-24 13:08:57 - INFO - Filtering process completed.
2025-02-24 13:08:57 - INFO - Filtering process completed.
2025-02-24 13:08:57 - INFO - Unified receipt generated: /lustre/hpc/project/icecube/HE_Nu_Aske_Oct2024/PMTfied_filtered/Snowstorm/CC_CRclean_MuonLike/22012/[Receipt]22012_3.json
2025-02-24 13:08:57 - INFO - Filtering process completed.
Job completed at Mon Feb 24 01:08:57 PM CET 2025
