Starting job at Sat Feb 15 12:10:25 PM CET 2025
Running Filter_by_part.py for subdirectory 22012, part 8
2025-02-15 12:10:25 - INFO - Event filtering process starts...
2025-02-15 12:10:25 - INFO - Initialized PureNeutrinoEventFilter filter for 22012/8
2025-02-15 12:10:26 - INFO - Loaded 14 event specifier files from /lustre/hpc/project/icecube/HE_Nu_Aske_Oct2024/clean_events_dict/22012/22012/reduced
2025-02-15 12:10:26 - INFO - Selected 2 CSV files covering event range [3879, 4540]
2025-02-15 12:10:26 - INFO - Loaded 123897 valid (RunID, EventID) pairs from CSV files
2025-02-15 12:10:26 - INFO - Extracted 22686 valid events based on pure neutrino events.
2025-02-15 12:10:26 - INFO - Initialized CompositeEventFilter filter for 22012/8
2025-02-15 12:10:26 - INFO - Initialized (PureNu)
2025-02-15 12:10:26 - INFO - Starting filtering process for 22012/8
2025-02-15 12:10:26 - INFO - Starting filtering process for 22012/8
2025-02-15 12:10:27 - INFO - Recalculated 'offset' column based on filtered 'N_doms' values.
2025-02-15 12:10:27 - INFO - Filtered truth file saved to: /lustre/hpc/project/icecube/HE_Nu_Aske_Oct2024/PMTfied_filtered/Snowstorm/PureNu/22012/truth_8.parquet
2025-02-15 12:10:28 - INFO - Filtered PMTfied file saved to: /lustre/hpc/project/icecube/HE_Nu_Aske_Oct2024/PMTfied_filtered/Snowstorm/PureNu/22012/8/PMTfied_6.parquet
2025-02-15 12:10:30 - INFO - Filtered PMTfied file saved to: /lustre/hpc/project/icecube/HE_Nu_Aske_Oct2024/PMTfied_filtered/Snowstorm/PureNu/22012/8/PMTfied_2.parquet
2025-02-15 12:10:31 - INFO - Filtered PMTfied file saved to: /lustre/hpc/project/icecube/HE_Nu_Aske_Oct2024/PMTfied_filtered/Snowstorm/PureNu/22012/8/PMTfied_13.parquet
2025-02-15 12:10:33 - INFO - Filtered PMTfied file saved to: /lustre/hpc/project/icecube/HE_Nu_Aske_Oct2024/PMTfied_filtered/Snowstorm/PureNu/22012/8/PMTfied_7.parquet
2025-02-15 12:10:35 - INFO - Filtered PMTfied file saved to: /lustre/hpc/project/icecube/HE_Nu_Aske_Oct2024/PMTfied_filtered/Snowstorm/PureNu/22012/8/PMTfied_3.parquet
2025-02-15 12:10:36 - INFO - Filtered PMTfied file saved to: /lustre/hpc/project/icecube/HE_Nu_Aske_Oct2024/PMTfied_filtered/Snowstorm/PureNu/22012/8/PMTfied_12.parquet
2025-02-15 12:10:37 - INFO - Filtered PMTfied file saved to: /lustre/hpc/project/icecube/HE_Nu_Aske_Oct2024/PMTfied_filtered/Snowstorm/PureNu/22012/8/PMTfied_5.parquet
2025-02-15 12:10:39 - INFO - Filtered PMTfied file saved to: /lustre/hpc/project/icecube/HE_Nu_Aske_Oct2024/PMTfied_filtered/Snowstorm/PureNu/22012/8/PMTfied_1.parquet
2025-02-15 12:10:40 - INFO - Filtered PMTfied file saved to: /lustre/hpc/project/icecube/HE_Nu_Aske_Oct2024/PMTfied_filtered/Snowstorm/PureNu/22012/8/PMTfied_9.parquet
2025-02-15 12:10:42 - INFO - Filtered PMTfied file saved to: /lustre/hpc/project/icecube/HE_Nu_Aske_Oct2024/PMTfied_filtered/Snowstorm/PureNu/22012/8/PMTfied_10.parquet
2025-02-15 12:10:43 - INFO - Filtered PMTfied file saved to: /lustre/hpc/project/icecube/HE_Nu_Aske_Oct2024/PMTfied_filtered/Snowstorm/PureNu/22012/8/PMTfied_14.parquet
2025-02-15 12:10:47 - INFO - Filtered PMTfied file saved to: /lustre/hpc/project/icecube/HE_Nu_Aske_Oct2024/PMTfied_filtered/Snowstorm/PureNu/22012/8/PMTfied_8.parquet
2025-02-15 12:10:49 - INFO - Filtered PMTfied file saved to: /lustre/hpc/project/icecube/HE_Nu_Aske_Oct2024/PMTfied_filtered/Snowstorm/PureNu/22012/8/PMTfied_4.parquet
2025-02-15 12:10:50 - INFO - Filtered PMTfied file saved to: /lustre/hpc/project/icecube/HE_Nu_Aske_Oct2024/PMTfied_filtered/Snowstorm/PureNu/22012/8/PMTfied_11.parquet
2025-02-15 12:10:51 - INFO - Filtered PMTfied file saved to: /lustre/hpc/project/icecube/HE_Nu_Aske_Oct2024/PMTfied_filtered/Snowstorm/PureNu/22012/8/PMTfied_15.parquet
2025-02-15 12:10:51 - INFO - Filtering process completed.
2025-02-15 12:10:51 - INFO - Filtering process completed.
2025-02-15 12:10:51 - INFO - Unified receipt generated: /lustre/hpc/project/icecube/HE_Nu_Aske_Oct2024/PMTfied_filtered/Snowstorm/PureNu/22012/[Receipt]22012_8.json
2025-02-15 12:10:51 - INFO - Filtering process completed.
Job completed at Sat Feb 15 12:10:51 PM CET 2025
