Starting job at Sat Feb 15 12:10:32 PM CET 2025
Running Filter_by_part.py for subdirectory 22012, part 9
2025-02-15 12:10:32 - INFO - Event filtering process starts...
2025-02-15 12:10:32 - INFO - Initialized PureNeutrinoEventFilter filter for 22012/9
2025-02-15 12:10:33 - INFO - Loaded 14 event specifier files from /lustre/hpc/project/icecube/HE_Nu_Aske_Oct2024/clean_events_dict/22012/22012/reduced
2025-02-15 12:10:33 - INFO - Selected 2 CSV files covering event range [4448, 5019]
2025-02-15 12:10:33 - INFO - Loaded 124239 valid (RunID, EventID) pairs from CSV files
2025-02-15 12:10:33 - INFO - Extracted 22275 valid events based on pure neutrino events.
2025-02-15 12:10:33 - INFO - Initialized CompositeEventFilter filter for 22012/9
2025-02-15 12:10:33 - INFO - Initialized (PureNu)
2025-02-15 12:10:33 - INFO - Starting filtering process for 22012/9
2025-02-15 12:10:33 - INFO - Starting filtering process for 22012/9
2025-02-15 12:10:34 - INFO - Recalculated 'offset' column based on filtered 'N_doms' values.
2025-02-15 12:10:34 - INFO - Filtered truth file saved to: /lustre/hpc/project/icecube/HE_Nu_Aske_Oct2024/PMTfied_filtered/Snowstorm/PureNu/22012/truth_9.parquet
2025-02-15 12:10:35 - INFO - Filtered PMTfied file saved to: /lustre/hpc/project/icecube/HE_Nu_Aske_Oct2024/PMTfied_filtered/Snowstorm/PureNu/22012/9/PMTfied_15.parquet
2025-02-15 12:10:37 - INFO - Filtered PMTfied file saved to: /lustre/hpc/project/icecube/HE_Nu_Aske_Oct2024/PMTfied_filtered/Snowstorm/PureNu/22012/9/PMTfied_11.parquet
2025-02-15 12:10:38 - INFO - Filtered PMTfied file saved to: /lustre/hpc/project/icecube/HE_Nu_Aske_Oct2024/PMTfied_filtered/Snowstorm/PureNu/22012/9/PMTfied_2.parquet
2025-02-15 12:10:39 - INFO - Filtered PMTfied file saved to: /lustre/hpc/project/icecube/HE_Nu_Aske_Oct2024/PMTfied_filtered/Snowstorm/PureNu/22012/9/PMTfied_6.parquet
2025-02-15 12:10:41 - INFO - Filtered PMTfied file saved to: /lustre/hpc/project/icecube/HE_Nu_Aske_Oct2024/PMTfied_filtered/Snowstorm/PureNu/22012/9/PMTfied_3.parquet
2025-02-15 12:10:43 - INFO - Filtered PMTfied file saved to: /lustre/hpc/project/icecube/HE_Nu_Aske_Oct2024/PMTfied_filtered/Snowstorm/PureNu/22012/9/PMTfied_7.parquet
2025-02-15 12:10:45 - INFO - Filtered PMTfied file saved to: /lustre/hpc/project/icecube/HE_Nu_Aske_Oct2024/PMTfied_filtered/Snowstorm/PureNu/22012/9/PMTfied_14.parquet
2025-02-15 12:10:46 - INFO - Filtered PMTfied file saved to: /lustre/hpc/project/icecube/HE_Nu_Aske_Oct2024/PMTfied_filtered/Snowstorm/PureNu/22012/9/PMTfied_10.parquet
2025-02-15 12:10:47 - INFO - Filtered PMTfied file saved to: /lustre/hpc/project/icecube/HE_Nu_Aske_Oct2024/PMTfied_filtered/Snowstorm/PureNu/22012/9/PMTfied_1.parquet
2025-02-15 12:10:49 - INFO - Filtered PMTfied file saved to: /lustre/hpc/project/icecube/HE_Nu_Aske_Oct2024/PMTfied_filtered/Snowstorm/PureNu/22012/9/PMTfied_5.parquet
2025-02-15 12:10:50 - INFO - Filtered PMTfied file saved to: /lustre/hpc/project/icecube/HE_Nu_Aske_Oct2024/PMTfied_filtered/Snowstorm/PureNu/22012/9/PMTfied_9.parquet
2025-02-15 12:10:52 - INFO - Filtered PMTfied file saved to: /lustre/hpc/project/icecube/HE_Nu_Aske_Oct2024/PMTfied_filtered/Snowstorm/PureNu/22012/9/PMTfied_12.parquet
2025-02-15 12:10:53 - INFO - Filtered PMTfied file saved to: /lustre/hpc/project/icecube/HE_Nu_Aske_Oct2024/PMTfied_filtered/Snowstorm/PureNu/22012/9/PMTfied_13.parquet
2025-02-15 12:10:55 - INFO - Filtered PMTfied file saved to: /lustre/hpc/project/icecube/HE_Nu_Aske_Oct2024/PMTfied_filtered/Snowstorm/PureNu/22012/9/PMTfied_8.parquet
2025-02-15 12:10:56 - INFO - Filtered PMTfied file saved to: /lustre/hpc/project/icecube/HE_Nu_Aske_Oct2024/PMTfied_filtered/Snowstorm/PureNu/22012/9/PMTfied_4.parquet
2025-02-15 12:10:56 - INFO - Filtering process completed.
2025-02-15 12:10:56 - INFO - Filtering process completed.
2025-02-15 12:10:56 - INFO - Unified receipt generated: /lustre/hpc/project/icecube/HE_Nu_Aske_Oct2024/PMTfied_filtered/Snowstorm/PureNu/22012/[Receipt]22012_9.json
2025-02-15 12:10:56 - INFO - Filtering process completed.
Job completed at Sat Feb 15 12:10:56 PM CET 2025
