Starting job at Sat Feb 15 12:02:57 PM CET 2025
Running Filter_by_part.py for subdirectory 22012, part 7
2025-02-15 12:02:57 - INFO - Event filtering process starts...
2025-02-15 12:02:57 - INFO - Initialized Muon13Filter filter for 22012/7
2025-02-15 12:02:58 - INFO - Extracted 25985 valid events where MuonFilter_13==True.
2025-02-15 12:02:58 - INFO - Initialized CompositeEventFilter filter for 22012/7
2025-02-15 12:02:58 - INFO - Initialized (MuonLike)
2025-02-15 12:02:58 - INFO - Starting filtering process for 22012/7
2025-02-15 12:02:58 - INFO - Starting filtering process for 22012/7
2025-02-15 12:02:59 - INFO - Recalculated 'offset' column based on filtered 'N_doms' values.
2025-02-15 12:02:59 - INFO - Filtered truth file saved to: /lustre/hpc/project/icecube/HE_Nu_Aske_Oct2024/PMTfied_filtered/Snowstorm/MuonLike/22012/truth_7.parquet
2025-02-15 12:03:00 - INFO - Filtered PMTfied file saved to: /lustre/hpc/project/icecube/HE_Nu_Aske_Oct2024/PMTfied_filtered/Snowstorm/MuonLike/22012/7/PMTfied_15.parquet
2025-02-15 12:03:02 - INFO - Filtered PMTfied file saved to: /lustre/hpc/project/icecube/HE_Nu_Aske_Oct2024/PMTfied_filtered/Snowstorm/MuonLike/22012/7/PMTfied_11.parquet
2025-02-15 12:03:04 - INFO - Filtered PMTfied file saved to: /lustre/hpc/project/icecube/HE_Nu_Aske_Oct2024/PMTfied_filtered/Snowstorm/MuonLike/22012/7/PMTfied_1.parquet
2025-02-15 12:03:05 - INFO - Filtered PMTfied file saved to: /lustre/hpc/project/icecube/HE_Nu_Aske_Oct2024/PMTfied_filtered/Snowstorm/MuonLike/22012/7/PMTfied_5.parquet
2025-02-15 12:03:07 - INFO - Filtered PMTfied file saved to: /lustre/hpc/project/icecube/HE_Nu_Aske_Oct2024/PMTfied_filtered/Snowstorm/MuonLike/22012/7/PMTfied_9.parquet
2025-02-15 12:03:09 - INFO - Filtered PMTfied file saved to: /lustre/hpc/project/icecube/HE_Nu_Aske_Oct2024/PMTfied_filtered/Snowstorm/MuonLike/22012/7/PMTfied_14.parquet
2025-02-15 12:03:10 - INFO - Filtered PMTfied file saved to: /lustre/hpc/project/icecube/HE_Nu_Aske_Oct2024/PMTfied_filtered/Snowstorm/MuonLike/22012/7/PMTfied_10.parquet
2025-02-15 12:03:12 - INFO - Filtered PMTfied file saved to: /lustre/hpc/project/icecube/HE_Nu_Aske_Oct2024/PMTfied_filtered/Snowstorm/MuonLike/22012/7/PMTfied_8.parquet
2025-02-15 12:03:14 - INFO - Filtered PMTfied file saved to: /lustre/hpc/project/icecube/HE_Nu_Aske_Oct2024/PMTfied_filtered/Snowstorm/MuonLike/22012/7/PMTfied_4.parquet
2025-02-15 12:03:15 - INFO - Filtered PMTfied file saved to: /lustre/hpc/project/icecube/HE_Nu_Aske_Oct2024/PMTfied_filtered/Snowstorm/MuonLike/22012/7/PMTfied_12.parquet
2025-02-15 12:03:17 - INFO - Filtered PMTfied file saved to: /lustre/hpc/project/icecube/HE_Nu_Aske_Oct2024/PMTfied_filtered/Snowstorm/MuonLike/22012/7/PMTfied_2.parquet
2025-02-15 12:03:19 - INFO - Filtered PMTfied file saved to: /lustre/hpc/project/icecube/HE_Nu_Aske_Oct2024/PMTfied_filtered/Snowstorm/MuonLike/22012/7/PMTfied_6.parquet
2025-02-15 12:03:20 - INFO - Filtered PMTfied file saved to: /lustre/hpc/project/icecube/HE_Nu_Aske_Oct2024/PMTfied_filtered/Snowstorm/MuonLike/22012/7/PMTfied_13.parquet
2025-02-15 12:03:22 - INFO - Filtered PMTfied file saved to: /lustre/hpc/project/icecube/HE_Nu_Aske_Oct2024/PMTfied_filtered/Snowstorm/MuonLike/22012/7/PMTfied_3.parquet
2025-02-15 12:03:24 - INFO - Filtered PMTfied file saved to: /lustre/hpc/project/icecube/HE_Nu_Aske_Oct2024/PMTfied_filtered/Snowstorm/MuonLike/22012/7/PMTfied_7.parquet
2025-02-15 12:03:24 - INFO - Filtering process completed.
2025-02-15 12:03:24 - INFO - Filtering process completed.
2025-02-15 12:03:24 - INFO - Unified receipt generated: /lustre/hpc/project/icecube/HE_Nu_Aske_Oct2024/PMTfied_filtered/Snowstorm/MuonLike/22012/[Receipt]22012_7.json
2025-02-15 12:03:24 - INFO - Filtering process completed.
Job completed at Sat Feb 15 12:03:24 PM CET 2025
