Starting job at Sat Feb 15 12:10:53 PM CET 2025
Running Filter_by_part.py for subdirectory 22012, part 19
2025-02-15 12:10:54 - INFO - Event filtering process starts...
2025-02-15 12:10:54 - INFO - Initialized PureNeutrinoEventFilter filter for 22012/19
2025-02-15 12:10:54 - INFO - Loaded 14 event specifier files from /lustre/hpc/project/icecube/HE_Nu_Aske_Oct2024/clean_events_dict/22012/22012/reduced
2025-02-15 12:10:54 - INFO - Selected 2 CSV files covering event range [9949, 10579]
2025-02-15 12:10:54 - INFO - Loaded 123625 valid (RunID, EventID) pairs from CSV files
2025-02-15 12:10:54 - INFO - Extracted 22667 valid events based on pure neutrino events.
2025-02-15 12:10:54 - INFO - Initialized CompositeEventFilter filter for 22012/19
2025-02-15 12:10:54 - INFO - Initialized (PureNu)
2025-02-15 12:10:54 - INFO - Starting filtering process for 22012/19
2025-02-15 12:10:54 - INFO - Starting filtering process for 22012/19
2025-02-15 12:10:55 - INFO - Recalculated 'offset' column based on filtered 'N_doms' values.
2025-02-15 12:10:55 - INFO - Filtered truth file saved to: /lustre/hpc/project/icecube/HE_Nu_Aske_Oct2024/PMTfied_filtered/Snowstorm/PureNu/22012/truth_19.parquet
2025-02-15 12:10:57 - INFO - Filtered PMTfied file saved to: /lustre/hpc/project/icecube/HE_Nu_Aske_Oct2024/PMTfied_filtered/Snowstorm/PureNu/22012/19/PMTfied_6.parquet
2025-02-15 12:10:58 - INFO - Filtered PMTfied file saved to: /lustre/hpc/project/icecube/HE_Nu_Aske_Oct2024/PMTfied_filtered/Snowstorm/PureNu/22012/19/PMTfied_2.parquet
2025-02-15 12:10:59 - INFO - Filtered PMTfied file saved to: /lustre/hpc/project/icecube/HE_Nu_Aske_Oct2024/PMTfied_filtered/Snowstorm/PureNu/22012/19/PMTfied_13.parquet
2025-02-15 12:11:01 - INFO - Filtered PMTfied file saved to: /lustre/hpc/project/icecube/HE_Nu_Aske_Oct2024/PMTfied_filtered/Snowstorm/PureNu/22012/19/PMTfied_12.parquet
2025-02-15 12:11:02 - INFO - Filtered PMTfied file saved to: /lustre/hpc/project/icecube/HE_Nu_Aske_Oct2024/PMTfied_filtered/Snowstorm/PureNu/22012/19/PMTfied_7.parquet
2025-02-15 12:11:03 - INFO - Filtered PMTfied file saved to: /lustre/hpc/project/icecube/HE_Nu_Aske_Oct2024/PMTfied_filtered/Snowstorm/PureNu/22012/19/PMTfied_3.parquet
2025-02-15 12:11:04 - INFO - Filtered PMTfied file saved to: /lustre/hpc/project/icecube/HE_Nu_Aske_Oct2024/PMTfied_filtered/Snowstorm/PureNu/22012/19/PMTfied_10.parquet
2025-02-15 12:11:05 - INFO - Filtered PMTfied file saved to: /lustre/hpc/project/icecube/HE_Nu_Aske_Oct2024/PMTfied_filtered/Snowstorm/PureNu/22012/19/PMTfied_14.parquet
2025-02-15 12:11:07 - INFO - Filtered PMTfied file saved to: /lustre/hpc/project/icecube/HE_Nu_Aske_Oct2024/PMTfied_filtered/Snowstorm/PureNu/22012/19/PMTfied_9.parquet
2025-02-15 12:11:08 - INFO - Filtered PMTfied file saved to: /lustre/hpc/project/icecube/HE_Nu_Aske_Oct2024/PMTfied_filtered/Snowstorm/PureNu/22012/19/PMTfied_5.parquet
2025-02-15 12:11:09 - INFO - Filtered PMTfied file saved to: /lustre/hpc/project/icecube/HE_Nu_Aske_Oct2024/PMTfied_filtered/Snowstorm/PureNu/22012/19/PMTfied_1.parquet
2025-02-15 12:11:10 - INFO - Filtered PMTfied file saved to: /lustre/hpc/project/icecube/HE_Nu_Aske_Oct2024/PMTfied_filtered/Snowstorm/PureNu/22012/19/PMTfied_4.parquet
2025-02-15 12:11:12 - INFO - Filtered PMTfied file saved to: /lustre/hpc/project/icecube/HE_Nu_Aske_Oct2024/PMTfied_filtered/Snowstorm/PureNu/22012/19/PMTfied_8.parquet
2025-02-15 12:11:14 - INFO - Filtered PMTfied file saved to: /lustre/hpc/project/icecube/HE_Nu_Aske_Oct2024/PMTfied_filtered/Snowstorm/PureNu/22012/19/PMTfied_11.parquet
2025-02-15 12:11:14 - INFO - Filtered PMTfied file saved to: /lustre/hpc/project/icecube/HE_Nu_Aske_Oct2024/PMTfied_filtered/Snowstorm/PureNu/22012/19/PMTfied_15.parquet
2025-02-15 12:11:14 - INFO - Filtering process completed.
2025-02-15 12:11:14 - INFO - Filtering process completed.
2025-02-15 12:11:15 - INFO - Unified receipt generated: /lustre/hpc/project/icecube/HE_Nu_Aske_Oct2024/PMTfied_filtered/Snowstorm/PureNu/22012/[Receipt]22012_19.json
2025-02-15 12:11:15 - INFO - Filtering process completed.
Job completed at Sat Feb 15 12:11:15 PM CET 2025
