Starting job at Thu Feb 13 05:08:22 PM CET 2025
Running Filter_by_part.py for subdirectory 22012, part 4
2025-02-13 17:08:22 - INFO - Event filtering process starts...
2025-02-13 17:08:22 - INFO - Initialized Muon13Filter
2025-02-13 17:08:22 - INFO - Starting filtering process for 22012/4
2025-02-13 17:08:24 - INFO - Recalculated 'offset' column based on filtered 'N_doms' values.
2025-02-13 17:08:24 - INFO - Filtered truth file saved to: /lustre/hpc/project/icecube/HE_Nu_Aske_Oct2024/PMTfied_filtered/MuonLike/Snowstorm/22012/truth_4.parquet
2025-02-13 17:08:24 - INFO - Receipt file saved to: /lustre/hpc/project/icecube/HE_Nu_Aske_Oct2024/PMTfied_filtered/MuonLike/Snowstorm/22012/[Receipt]22012_4.json
2025-02-13 17:08:25 - INFO - Filtered PMTfied file saved to: /lustre/hpc/project/icecube/HE_Nu_Aske_Oct2024/PMTfied_filtered/MuonLike/Snowstorm/22012/4/PMTfied_6.parquet
2025-02-13 17:08:27 - INFO - Filtered PMTfied file saved to: /lustre/hpc/project/icecube/HE_Nu_Aske_Oct2024/PMTfied_filtered/MuonLike/Snowstorm/22012/4/PMTfied_2.parquet
2025-02-13 17:08:29 - INFO - Filtered PMTfied file saved to: /lustre/hpc/project/icecube/HE_Nu_Aske_Oct2024/PMTfied_filtered/MuonLike/Snowstorm/22012/4/PMTfied_14.parquet
2025-02-13 17:08:30 - INFO - Filtered PMTfied file saved to: /lustre/hpc/project/icecube/HE_Nu_Aske_Oct2024/PMTfied_filtered/MuonLike/Snowstorm/22012/4/PMTfied_10.parquet
2025-02-13 17:08:32 - INFO - Filtered PMTfied file saved to: /lustre/hpc/project/icecube/HE_Nu_Aske_Oct2024/PMTfied_filtered/MuonLike/Snowstorm/22012/4/PMTfied_7.parquet
2025-02-13 17:08:33 - INFO - Filtered PMTfied file saved to: /lustre/hpc/project/icecube/HE_Nu_Aske_Oct2024/PMTfied_filtered/MuonLike/Snowstorm/22012/4/PMTfied_3.parquet
2025-02-13 17:08:34 - INFO - Filtered PMTfied file saved to: /lustre/hpc/project/icecube/HE_Nu_Aske_Oct2024/PMTfied_filtered/MuonLike/Snowstorm/22012/4/PMTfied_15.parquet
2025-02-13 17:08:36 - INFO - Filtered PMTfied file saved to: /lustre/hpc/project/icecube/HE_Nu_Aske_Oct2024/PMTfied_filtered/MuonLike/Snowstorm/22012/4/PMTfied_11.parquet
2025-02-13 17:08:38 - INFO - Filtered PMTfied file saved to: /lustre/hpc/project/icecube/HE_Nu_Aske_Oct2024/PMTfied_filtered/MuonLike/Snowstorm/22012/4/PMTfied_5.parquet
2025-02-13 17:08:39 - INFO - Filtered PMTfied file saved to: /lustre/hpc/project/icecube/HE_Nu_Aske_Oct2024/PMTfied_filtered/MuonLike/Snowstorm/22012/4/PMTfied_1.parquet
2025-02-13 17:08:41 - INFO - Filtered PMTfied file saved to: /lustre/hpc/project/icecube/HE_Nu_Aske_Oct2024/PMTfied_filtered/MuonLike/Snowstorm/22012/4/PMTfied_9.parquet
2025-02-13 17:08:42 - INFO - Filtered PMTfied file saved to: /lustre/hpc/project/icecube/HE_Nu_Aske_Oct2024/PMTfied_filtered/MuonLike/Snowstorm/22012/4/PMTfied_13.parquet
2025-02-13 17:08:44 - INFO - Filtered PMTfied file saved to: /lustre/hpc/project/icecube/HE_Nu_Aske_Oct2024/PMTfied_filtered/MuonLike/Snowstorm/22012/4/PMTfied_8.parquet
2025-02-13 17:08:45 - INFO - Filtered PMTfied file saved to: /lustre/hpc/project/icecube/HE_Nu_Aske_Oct2024/PMTfied_filtered/MuonLike/Snowstorm/22012/4/PMTfied_4.parquet
2025-02-13 17:08:47 - INFO - Filtered PMTfied file saved to: /lustre/hpc/project/icecube/HE_Nu_Aske_Oct2024/PMTfied_filtered/MuonLike/Snowstorm/22012/4/PMTfied_12.parquet
2025-02-13 17:08:47 - INFO - Filtering process completed.
2025-02-13 17:08:47 - INFO - Filtering process completed for all selected filters.
2025-02-13 17:08:47 - INFO - Execution time: 25.01 seconds
2025-02-13 17:08:47 - INFO - Updated receipt with execution time: /lustre/hpc/project/icecube/HE_Nu_Aske_Oct2024/PMTfied_filtered/MuonLike/Snowstorm/22012/[Receipt]22012_4.json
Job completed at Thu Feb 13 05:08:47 PM CET 2025
