Starting job at Sat Feb 15 12:10:09 PM CET 2025
Running Filter_by_part.py for subdirectory 22012, part 4
2025-02-15 12:10:09 - INFO - Event filtering process starts...
2025-02-15 12:10:09 - INFO - Initialized PureNeutrinoEventFilter filter for 22012/4
2025-02-15 12:10:10 - INFO - Loaded 14 event specifier files from /lustre/hpc/project/icecube/HE_Nu_Aske_Oct2024/clean_events_dict/22012/22012/reduced
2025-02-15 12:10:10 - INFO - Selected 2 CSV files covering event range [1615, 2240]
2025-02-15 12:10:10 - INFO - Loaded 123990 valid (RunID, EventID) pairs from CSV files
2025-02-15 12:10:10 - INFO - Extracted 22810 valid events based on pure neutrino events.
2025-02-15 12:10:10 - INFO - Initialized CompositeEventFilter filter for 22012/4
2025-02-15 12:10:10 - INFO - Initialized (PureNu)
2025-02-15 12:10:10 - INFO - Starting filtering process for 22012/4
2025-02-15 12:10:10 - INFO - Starting filtering process for 22012/4
2025-02-15 12:10:11 - INFO - Recalculated 'offset' column based on filtered 'N_doms' values.
2025-02-15 12:10:11 - INFO - Filtered truth file saved to: /lustre/hpc/project/icecube/HE_Nu_Aske_Oct2024/PMTfied_filtered/Snowstorm/PureNu/22012/truth_4.parquet
2025-02-15 12:10:13 - INFO - Filtered PMTfied file saved to: /lustre/hpc/project/icecube/HE_Nu_Aske_Oct2024/PMTfied_filtered/Snowstorm/PureNu/22012/4/PMTfied_6.parquet
2025-02-15 12:10:14 - INFO - Filtered PMTfied file saved to: /lustre/hpc/project/icecube/HE_Nu_Aske_Oct2024/PMTfied_filtered/Snowstorm/PureNu/22012/4/PMTfied_2.parquet
2025-02-15 12:10:16 - INFO - Filtered PMTfied file saved to: /lustre/hpc/project/icecube/HE_Nu_Aske_Oct2024/PMTfied_filtered/Snowstorm/PureNu/22012/4/PMTfied_14.parquet
2025-02-15 12:10:17 - INFO - Filtered PMTfied file saved to: /lustre/hpc/project/icecube/HE_Nu_Aske_Oct2024/PMTfied_filtered/Snowstorm/PureNu/22012/4/PMTfied_10.parquet
2025-02-15 12:10:19 - INFO - Filtered PMTfied file saved to: /lustre/hpc/project/icecube/HE_Nu_Aske_Oct2024/PMTfied_filtered/Snowstorm/PureNu/22012/4/PMTfied_7.parquet
2025-02-15 12:10:20 - INFO - Filtered PMTfied file saved to: /lustre/hpc/project/icecube/HE_Nu_Aske_Oct2024/PMTfied_filtered/Snowstorm/PureNu/22012/4/PMTfied_3.parquet
2025-02-15 12:10:21 - INFO - Filtered PMTfied file saved to: /lustre/hpc/project/icecube/HE_Nu_Aske_Oct2024/PMTfied_filtered/Snowstorm/PureNu/22012/4/PMTfied_15.parquet
2025-02-15 12:10:22 - INFO - Filtered PMTfied file saved to: /lustre/hpc/project/icecube/HE_Nu_Aske_Oct2024/PMTfied_filtered/Snowstorm/PureNu/22012/4/PMTfied_11.parquet
2025-02-15 12:10:24 - INFO - Filtered PMTfied file saved to: /lustre/hpc/project/icecube/HE_Nu_Aske_Oct2024/PMTfied_filtered/Snowstorm/PureNu/22012/4/PMTfied_5.parquet
2025-02-15 12:10:25 - INFO - Filtered PMTfied file saved to: /lustre/hpc/project/icecube/HE_Nu_Aske_Oct2024/PMTfied_filtered/Snowstorm/PureNu/22012/4/PMTfied_1.parquet
2025-02-15 12:10:27 - INFO - Filtered PMTfied file saved to: /lustre/hpc/project/icecube/HE_Nu_Aske_Oct2024/PMTfied_filtered/Snowstorm/PureNu/22012/4/PMTfied_9.parquet
2025-02-15 12:10:28 - INFO - Filtered PMTfied file saved to: /lustre/hpc/project/icecube/HE_Nu_Aske_Oct2024/PMTfied_filtered/Snowstorm/PureNu/22012/4/PMTfied_13.parquet
2025-02-15 12:10:29 - INFO - Filtered PMTfied file saved to: /lustre/hpc/project/icecube/HE_Nu_Aske_Oct2024/PMTfied_filtered/Snowstorm/PureNu/22012/4/PMTfied_8.parquet
2025-02-15 12:10:31 - INFO - Filtered PMTfied file saved to: /lustre/hpc/project/icecube/HE_Nu_Aske_Oct2024/PMTfied_filtered/Snowstorm/PureNu/22012/4/PMTfied_4.parquet
2025-02-15 12:10:32 - INFO - Filtered PMTfied file saved to: /lustre/hpc/project/icecube/HE_Nu_Aske_Oct2024/PMTfied_filtered/Snowstorm/PureNu/22012/4/PMTfied_12.parquet
2025-02-15 12:10:33 - INFO - Filtering process completed.
2025-02-15 12:10:33 - INFO - Filtering process completed.
2025-02-15 12:10:33 - INFO - Unified receipt generated: /lustre/hpc/project/icecube/HE_Nu_Aske_Oct2024/PMTfied_filtered/Snowstorm/PureNu/22012/[Receipt]22012_4.json
2025-02-15 12:10:33 - INFO - Filtering process completed.
Job completed at Sat Feb 15 12:10:33 PM CET 2025
