Starting job at Sat Feb 15 01:48:43 PM CET 2025
Running Filter_by_part.py for subdirectory 22012, part 9
2025-02-15 13:48:43 - INFO - Event filtering process starts...
2025-02-15 13:48:43 - INFO - Initialized PureNeutrinoEventFilter filter for 22012/9
2025-02-15 13:48:43 - INFO - Loaded 14 event specifier files from /lustre/hpc/project/icecube/HE_Nu_Aske_Oct2024/clean_events_dict/22012/22012/reduced
2025-02-15 13:48:43 - INFO - Selected 2 CSV files covering event range [4448, 5019]
2025-02-15 13:48:44 - INFO - Loaded 124239 valid (RunID, EventID) pairs from CSV files
2025-02-15 13:48:44 - INFO - Extracted 22275 valid events based on pure neutrino events.
2025-02-15 13:48:44 - INFO - Initialized Muon13Filter filter for 22012/9
2025-02-15 13:48:44 - INFO - Extracted 25626 valid events where MuonFilter_13==True.
2025-02-15 13:48:44 - INFO - Initialized CompositeEventFilter filter for 22012/9
2025-02-15 13:48:44 - INFO - Initialized (MuonLike_PureNu)
2025-02-15 13:48:44 - INFO - Starting filtering process for 22012/9
2025-02-15 13:48:44 - INFO - Starting filtering process for 22012/9
2025-02-15 13:48:45 - INFO - Recalculated 'offset' column based on filtered 'N_doms' values.
2025-02-15 13:48:45 - INFO - Filtered truth file saved to: /lustre/hpc/project/icecube/HE_Nu_Aske_Oct2024/PMTfied_filtered/Snowstorm/MuonLike_PureNu/22012/truth_9.parquet
2025-02-15 13:48:45 - INFO - Filtered PMTfied file saved to: /lustre/hpc/project/icecube/HE_Nu_Aske_Oct2024/PMTfied_filtered/Snowstorm/MuonLike_PureNu/22012/9/PMTfied_15.parquet
2025-02-15 13:48:47 - INFO - Filtered PMTfied file saved to: /lustre/hpc/project/icecube/HE_Nu_Aske_Oct2024/PMTfied_filtered/Snowstorm/MuonLike_PureNu/22012/9/PMTfied_11.parquet
2025-02-15 13:48:48 - INFO - Filtered PMTfied file saved to: /lustre/hpc/project/icecube/HE_Nu_Aske_Oct2024/PMTfied_filtered/Snowstorm/MuonLike_PureNu/22012/9/PMTfied_2.parquet
2025-02-15 13:48:50 - INFO - Filtered PMTfied file saved to: /lustre/hpc/project/icecube/HE_Nu_Aske_Oct2024/PMTfied_filtered/Snowstorm/MuonLike_PureNu/22012/9/PMTfied_6.parquet
2025-02-15 13:48:51 - INFO - Filtered PMTfied file saved to: /lustre/hpc/project/icecube/HE_Nu_Aske_Oct2024/PMTfied_filtered/Snowstorm/MuonLike_PureNu/22012/9/PMTfied_3.parquet
2025-02-15 13:48:52 - INFO - Filtered PMTfied file saved to: /lustre/hpc/project/icecube/HE_Nu_Aske_Oct2024/PMTfied_filtered/Snowstorm/MuonLike_PureNu/22012/9/PMTfied_7.parquet
2025-02-15 13:48:54 - INFO - Filtered PMTfied file saved to: /lustre/hpc/project/icecube/HE_Nu_Aske_Oct2024/PMTfied_filtered/Snowstorm/MuonLike_PureNu/22012/9/PMTfied_14.parquet
2025-02-15 13:48:55 - INFO - Filtered PMTfied file saved to: /lustre/hpc/project/icecube/HE_Nu_Aske_Oct2024/PMTfied_filtered/Snowstorm/MuonLike_PureNu/22012/9/PMTfied_10.parquet
2025-02-15 13:48:57 - INFO - Filtered PMTfied file saved to: /lustre/hpc/project/icecube/HE_Nu_Aske_Oct2024/PMTfied_filtered/Snowstorm/MuonLike_PureNu/22012/9/PMTfied_1.parquet
2025-02-15 13:48:58 - INFO - Filtered PMTfied file saved to: /lustre/hpc/project/icecube/HE_Nu_Aske_Oct2024/PMTfied_filtered/Snowstorm/MuonLike_PureNu/22012/9/PMTfied_5.parquet
2025-02-15 13:48:59 - INFO - Filtered PMTfied file saved to: /lustre/hpc/project/icecube/HE_Nu_Aske_Oct2024/PMTfied_filtered/Snowstorm/MuonLike_PureNu/22012/9/PMTfied_9.parquet
2025-02-15 13:49:01 - INFO - Filtered PMTfied file saved to: /lustre/hpc/project/icecube/HE_Nu_Aske_Oct2024/PMTfied_filtered/Snowstorm/MuonLike_PureNu/22012/9/PMTfied_12.parquet
2025-02-15 13:49:02 - INFO - Filtered PMTfied file saved to: /lustre/hpc/project/icecube/HE_Nu_Aske_Oct2024/PMTfied_filtered/Snowstorm/MuonLike_PureNu/22012/9/PMTfied_13.parquet
2025-02-15 13:49:04 - INFO - Filtered PMTfied file saved to: /lustre/hpc/project/icecube/HE_Nu_Aske_Oct2024/PMTfied_filtered/Snowstorm/MuonLike_PureNu/22012/9/PMTfied_8.parquet
2025-02-15 13:49:05 - INFO - Filtered PMTfied file saved to: /lustre/hpc/project/icecube/HE_Nu_Aske_Oct2024/PMTfied_filtered/Snowstorm/MuonLike_PureNu/22012/9/PMTfied_4.parquet
2025-02-15 13:49:05 - INFO - Filtering process completed.
2025-02-15 13:49:05 - INFO - Filtering process completed.
2025-02-15 13:49:05 - INFO - Unified receipt generated: /lustre/hpc/project/icecube/HE_Nu_Aske_Oct2024/PMTfied_filtered/Snowstorm/MuonLike_PureNu/22012/[Receipt]22012_9.json
2025-02-15 13:49:05 - INFO - Filtering process completed.
Job completed at Sat Feb 15 01:49:05 PM CET 2025
