Starting job at Thu Feb 13 05:09:45 PM CET 2025
Running Filter_by_part.py for subdirectory 22012, part 20
2025-02-13 17:09:45 - INFO - Event filtering process starts...
2025-02-13 17:09:45 - INFO - Initialized Muon13Filter
2025-02-13 17:09:45 - INFO - Starting filtering process for 22012/20
2025-02-13 17:09:47 - INFO - Recalculated 'offset' column based on filtered 'N_doms' values.
2025-02-13 17:09:47 - INFO - Filtered truth file saved to: /lustre/hpc/project/icecube/HE_Nu_Aske_Oct2024/PMTfied_filtered/MuonLike/Snowstorm/22012/truth_20.parquet
2025-02-13 17:09:47 - INFO - Receipt file saved to: /lustre/hpc/project/icecube/HE_Nu_Aske_Oct2024/PMTfied_filtered/MuonLike/Snowstorm/22012/[Receipt]22012_20.json
2025-02-13 17:09:49 - INFO - Filtered PMTfied file saved to: /lustre/hpc/project/icecube/HE_Nu_Aske_Oct2024/PMTfied_filtered/MuonLike/Snowstorm/22012/20/PMTfied_11.parquet
2025-02-13 17:09:50 - INFO - Filtered PMTfied file saved to: /lustre/hpc/project/icecube/HE_Nu_Aske_Oct2024/PMTfied_filtered/MuonLike/Snowstorm/22012/20/PMTfied_15.parquet
2025-02-13 17:09:52 - INFO - Filtered PMTfied file saved to: /lustre/hpc/project/icecube/HE_Nu_Aske_Oct2024/PMTfied_filtered/MuonLike/Snowstorm/22012/20/PMTfied_3.parquet
2025-02-13 17:09:53 - INFO - Filtered PMTfied file saved to: /lustre/hpc/project/icecube/HE_Nu_Aske_Oct2024/PMTfied_filtered/MuonLike/Snowstorm/22012/20/PMTfied_7.parquet
2025-02-13 17:09:55 - INFO - Filtered PMTfied file saved to: /lustre/hpc/project/icecube/HE_Nu_Aske_Oct2024/PMTfied_filtered/MuonLike/Snowstorm/22012/20/PMTfied_2.parquet
2025-02-13 17:09:57 - INFO - Filtered PMTfied file saved to: /lustre/hpc/project/icecube/HE_Nu_Aske_Oct2024/PMTfied_filtered/MuonLike/Snowstorm/22012/20/PMTfied_6.parquet
2025-02-13 17:09:58 - INFO - Filtered PMTfied file saved to: /lustre/hpc/project/icecube/HE_Nu_Aske_Oct2024/PMTfied_filtered/MuonLike/Snowstorm/22012/20/PMTfied_10.parquet
2025-02-13 17:10:00 - INFO - Filtered PMTfied file saved to: /lustre/hpc/project/icecube/HE_Nu_Aske_Oct2024/PMTfied_filtered/MuonLike/Snowstorm/22012/20/PMTfied_14.parquet
2025-02-13 17:10:01 - INFO - Filtered PMTfied file saved to: /lustre/hpc/project/icecube/HE_Nu_Aske_Oct2024/PMTfied_filtered/MuonLike/Snowstorm/22012/20/PMTfied_8.parquet
2025-02-13 17:10:03 - INFO - Filtered PMTfied file saved to: /lustre/hpc/project/icecube/HE_Nu_Aske_Oct2024/PMTfied_filtered/MuonLike/Snowstorm/22012/20/PMTfied_4.parquet
2025-02-13 17:10:04 - INFO - Filtered PMTfied file saved to: /lustre/hpc/project/icecube/HE_Nu_Aske_Oct2024/PMTfied_filtered/MuonLike/Snowstorm/22012/20/PMTfied_12.parquet
2025-02-13 17:10:06 - INFO - Filtered PMTfied file saved to: /lustre/hpc/project/icecube/HE_Nu_Aske_Oct2024/PMTfied_filtered/MuonLike/Snowstorm/22012/20/PMTfied_13.parquet
2025-02-13 17:10:07 - INFO - Filtered PMTfied file saved to: /lustre/hpc/project/icecube/HE_Nu_Aske_Oct2024/PMTfied_filtered/MuonLike/Snowstorm/22012/20/PMTfied_1.parquet
2025-02-13 17:10:09 - INFO - Filtered PMTfied file saved to: /lustre/hpc/project/icecube/HE_Nu_Aske_Oct2024/PMTfied_filtered/MuonLike/Snowstorm/22012/20/PMTfied_5.parquet
2025-02-13 17:10:10 - INFO - Filtered PMTfied file saved to: /lustre/hpc/project/icecube/HE_Nu_Aske_Oct2024/PMTfied_filtered/MuonLike/Snowstorm/22012/20/PMTfied_9.parquet
2025-02-13 17:10:10 - INFO - Filtering process completed.
2025-02-13 17:10:10 - INFO - Filtering process completed for all selected filters.
2025-02-13 17:10:10 - INFO - Execution time: 25.08 seconds
2025-02-13 17:10:10 - INFO - Updated receipt with execution time: /lustre/hpc/project/icecube/HE_Nu_Aske_Oct2024/PMTfied_filtered/MuonLike/Snowstorm/22012/[Receipt]22012_20.json
Job completed at Thu Feb 13 05:10:11 PM CET 2025
