Starting job at Mon Feb 24 01:52:16 PM CET 2025
Running Filter_by_part.py for subdirectory 22012, part 15
2025-02-24 13:52:17 - INFO - Event filtering process starts...
2025-02-24 13:52:17 - INFO - Initialized PureNeutrinoEventFilter filter for 22012/15
2025-02-24 13:52:17 - INFO - Loaded 14 event specifier files from /lustre/hpc/project/icecube/HE_Nu_Aske_Oct2024/clean_events_dict/22012/22012/reduced
2025-02-24 13:52:18 - INFO - Selected 2 CSV files covering event range [7735, 8376]
2025-02-24 13:52:18 - INFO - Loaded 123318 valid (RunID, EventID) pairs from CSV files
2025-02-24 13:52:18 - INFO - Extracted 22569 valid events based on pure neutrino events.
2025-02-24 13:52:18 - INFO - Initialized CCFilter filter for 22012/15
2025-02-24 13:52:18 - INFO - Extracted 26992 valid events which are CC interactions.
2025-02-24 13:52:18 - INFO - Initialized ContainmentFilter filter for 22012/15
2025-02-24 13:52:18 - INFO - Extracted 2384 valid events within the specified containment region.
2025-02-24 13:52:18 - INFO - Initialized CompositeEventFilter filter for 22012/15
2025-02-24 13:52:18 - INFO - Initialized (CC_CRclean_Contained)
2025-02-24 13:52:18 - INFO - Starting filtering process for 22012/15
2025-02-24 13:52:18 - INFO - Starting filtering process for 22012/15
2025-02-24 13:52:18 - INFO - Recalculated 'offset' column based on 'N_doms' values within each 'shard_no' group.
2025-02-24 13:52:18 - INFO - Filtered truth file saved to: /lustre/hpc/project/icecube/HE_Nu_Aske_Oct2024/PMTfied_filtered/Snowstorm/CC_CRclean_Contained/22012/truth_15.parquet
2025-02-24 13:52:19 - INFO - Filtered PMTfied file saved to: /lustre/hpc/project/icecube/HE_Nu_Aske_Oct2024/PMTfied_filtered/Snowstorm/CC_CRclean_Contained/22012/15/PMTfied_9.parquet
2025-02-24 13:52:20 - INFO - Filtered PMTfied file saved to: /lustre/hpc/project/icecube/HE_Nu_Aske_Oct2024/PMTfied_filtered/Snowstorm/CC_CRclean_Contained/22012/15/PMTfied_5.parquet
2025-02-24 13:52:21 - INFO - Filtered PMTfied file saved to: /lustre/hpc/project/icecube/HE_Nu_Aske_Oct2024/PMTfied_filtered/Snowstorm/CC_CRclean_Contained/22012/15/PMTfied_1.parquet
2025-02-24 13:52:22 - INFO - Filtered PMTfied file saved to: /lustre/hpc/project/icecube/HE_Nu_Aske_Oct2024/PMTfied_filtered/Snowstorm/CC_CRclean_Contained/22012/15/PMTfied_11.parquet
2025-02-24 13:52:22 - INFO - Filtered PMTfied file saved to: /lustre/hpc/project/icecube/HE_Nu_Aske_Oct2024/PMTfied_filtered/Snowstorm/CC_CRclean_Contained/22012/15/PMTfied_15.parquet
2025-02-24 13:52:23 - INFO - Filtered PMTfied file saved to: /lustre/hpc/project/icecube/HE_Nu_Aske_Oct2024/PMTfied_filtered/Snowstorm/CC_CRclean_Contained/22012/15/PMTfied_10.parquet
2025-02-24 13:52:24 - INFO - Filtered PMTfied file saved to: /lustre/hpc/project/icecube/HE_Nu_Aske_Oct2024/PMTfied_filtered/Snowstorm/CC_CRclean_Contained/22012/15/PMTfied_14.parquet
2025-02-24 13:52:25 - INFO - Filtered PMTfied file saved to: /lustre/hpc/project/icecube/HE_Nu_Aske_Oct2024/PMTfied_filtered/Snowstorm/CC_CRclean_Contained/22012/15/PMTfied_4.parquet
2025-02-24 13:52:26 - INFO - Filtered PMTfied file saved to: /lustre/hpc/project/icecube/HE_Nu_Aske_Oct2024/PMTfied_filtered/Snowstorm/CC_CRclean_Contained/22012/15/PMTfied_8.parquet
2025-02-24 13:52:27 - INFO - Filtered PMTfied file saved to: /lustre/hpc/project/icecube/HE_Nu_Aske_Oct2024/PMTfied_filtered/Snowstorm/CC_CRclean_Contained/22012/15/PMTfied_12.parquet
2025-02-24 13:52:28 - INFO - Filtered PMTfied file saved to: /lustre/hpc/project/icecube/HE_Nu_Aske_Oct2024/PMTfied_filtered/Snowstorm/CC_CRclean_Contained/22012/15/PMTfied_6.parquet
2025-02-24 13:52:29 - INFO - Filtered PMTfied file saved to: /lustre/hpc/project/icecube/HE_Nu_Aske_Oct2024/PMTfied_filtered/Snowstorm/CC_CRclean_Contained/22012/15/PMTfied_2.parquet
2025-02-24 13:52:30 - INFO - Filtered PMTfied file saved to: /lustre/hpc/project/icecube/HE_Nu_Aske_Oct2024/PMTfied_filtered/Snowstorm/CC_CRclean_Contained/22012/15/PMTfied_7.parquet
2025-02-24 13:52:31 - INFO - Filtered PMTfied file saved to: /lustre/hpc/project/icecube/HE_Nu_Aske_Oct2024/PMTfied_filtered/Snowstorm/CC_CRclean_Contained/22012/15/PMTfied_3.parquet
2025-02-24 13:52:32 - INFO - Filtered PMTfied file saved to: /lustre/hpc/project/icecube/HE_Nu_Aske_Oct2024/PMTfied_filtered/Snowstorm/CC_CRclean_Contained/22012/15/PMTfied_13.parquet
2025-02-24 13:52:32 - INFO - Filtering process completed.
2025-02-24 13:52:32 - INFO - Filtering process completed.
2025-02-24 13:52:32 - INFO - Unified receipt generated: /lustre/hpc/project/icecube/HE_Nu_Aske_Oct2024/PMTfied_filtered/Snowstorm/CC_CRclean_Contained/22012/[Receipt]22012_15.json
2025-02-24 13:52:32 - INFO - Filtering process completed.
Job completed at Mon Feb 24 01:52:32 PM CET 2025
