Starting job at Sat Feb 15 12:55:31 PM CET 2025
Running Filter_by_part.py for subdirectory 22012, part 9
2025-02-15 12:55:31 - INFO - Event filtering process starts...
2025-02-15 12:55:31 - INFO - Initialized Muon13Filter filter for 22012/9
2025-02-15 12:55:32 - INFO - Extracted 25626 valid events where MuonFilter_13==True.
2025-02-15 12:55:32 - INFO - Initialized CompositeEventFilter filter for 22012/9
2025-02-15 12:55:32 - INFO - Initialized (MuonLike)
2025-02-15 12:55:32 - INFO - Starting filtering process for 22012/9
2025-02-15 12:55:32 - INFO - Starting filtering process for 22012/9
2025-02-15 12:55:33 - INFO - Recalculated 'offset' column based on filtered 'N_doms' values.
2025-02-15 12:55:33 - INFO - Filtered truth file saved to: /lustre/hpc/project/icecube/HE_Nu_Aske_Oct2024/PMTfied_filtered/Snowstorm/MuonLike/22012/truth_9.parquet
2025-02-15 12:55:35 - INFO - Filtered PMTfied file saved to: /lustre/hpc/project/icecube/HE_Nu_Aske_Oct2024/PMTfied_filtered/Snowstorm/MuonLike/22012/9/PMTfied_15.parquet
2025-02-15 12:55:36 - INFO - Filtered PMTfied file saved to: /lustre/hpc/project/icecube/HE_Nu_Aske_Oct2024/PMTfied_filtered/Snowstorm/MuonLike/22012/9/PMTfied_11.parquet
2025-02-15 12:55:38 - INFO - Filtered PMTfied file saved to: /lustre/hpc/project/icecube/HE_Nu_Aske_Oct2024/PMTfied_filtered/Snowstorm/MuonLike/22012/9/PMTfied_2.parquet
2025-02-15 12:55:39 - INFO - Filtered PMTfied file saved to: /lustre/hpc/project/icecube/HE_Nu_Aske_Oct2024/PMTfied_filtered/Snowstorm/MuonLike/22012/9/PMTfied_6.parquet
2025-02-15 12:55:41 - INFO - Filtered PMTfied file saved to: /lustre/hpc/project/icecube/HE_Nu_Aske_Oct2024/PMTfied_filtered/Snowstorm/MuonLike/22012/9/PMTfied_3.parquet
2025-02-15 12:55:43 - INFO - Filtered PMTfied file saved to: /lustre/hpc/project/icecube/HE_Nu_Aske_Oct2024/PMTfied_filtered/Snowstorm/MuonLike/22012/9/PMTfied_7.parquet
2025-02-15 12:55:45 - INFO - Filtered PMTfied file saved to: /lustre/hpc/project/icecube/HE_Nu_Aske_Oct2024/PMTfied_filtered/Snowstorm/MuonLike/22012/9/PMTfied_14.parquet
2025-02-15 12:55:46 - INFO - Filtered PMTfied file saved to: /lustre/hpc/project/icecube/HE_Nu_Aske_Oct2024/PMTfied_filtered/Snowstorm/MuonLike/22012/9/PMTfied_10.parquet
2025-02-15 12:55:49 - INFO - Filtered PMTfied file saved to: /lustre/hpc/project/icecube/HE_Nu_Aske_Oct2024/PMTfied_filtered/Snowstorm/MuonLike/22012/9/PMTfied_1.parquet
2025-02-15 12:55:50 - INFO - Filtered PMTfied file saved to: /lustre/hpc/project/icecube/HE_Nu_Aske_Oct2024/PMTfied_filtered/Snowstorm/MuonLike/22012/9/PMTfied_5.parquet
2025-02-15 12:55:52 - INFO - Filtered PMTfied file saved to: /lustre/hpc/project/icecube/HE_Nu_Aske_Oct2024/PMTfied_filtered/Snowstorm/MuonLike/22012/9/PMTfied_9.parquet
2025-02-15 12:55:53 - INFO - Filtered PMTfied file saved to: /lustre/hpc/project/icecube/HE_Nu_Aske_Oct2024/PMTfied_filtered/Snowstorm/MuonLike/22012/9/PMTfied_12.parquet
2025-02-15 12:55:55 - INFO - Filtered PMTfied file saved to: /lustre/hpc/project/icecube/HE_Nu_Aske_Oct2024/PMTfied_filtered/Snowstorm/MuonLike/22012/9/PMTfied_13.parquet
2025-02-15 12:55:57 - INFO - Filtered PMTfied file saved to: /lustre/hpc/project/icecube/HE_Nu_Aske_Oct2024/PMTfied_filtered/Snowstorm/MuonLike/22012/9/PMTfied_8.parquet
2025-02-15 12:55:58 - INFO - Filtered PMTfied file saved to: /lustre/hpc/project/icecube/HE_Nu_Aske_Oct2024/PMTfied_filtered/Snowstorm/MuonLike/22012/9/PMTfied_4.parquet
2025-02-15 12:55:58 - INFO - Filtering process completed.
2025-02-15 12:55:58 - INFO - Filtering process completed.
2025-02-15 12:55:58 - INFO - Unified receipt generated: /lustre/hpc/project/icecube/HE_Nu_Aske_Oct2024/PMTfied_filtered/Snowstorm/MuonLike/22012/[Receipt]22012_9.json
2025-02-15 12:55:58 - INFO - Filtering process completed.
Job completed at Sat Feb 15 12:55:58 PM CET 2025
