Starting job at Mon Feb 24 01:08:32 PM CET 2025
Running Filter_by_part.py for subdirectory 22012, part 2
2025-02-24 13:08:32 - INFO - Event filtering process starts...
2025-02-24 13:08:32 - INFO - Initialized PureNeutrinoEventFilter filter for 22012/2
2025-02-24 13:08:33 - INFO - Loaded 14 event specifier files from /lustre/hpc/project/icecube/HE_Nu_Aske_Oct2024/clean_events_dict/22012/22012/reduced
2025-02-24 13:08:33 - INFO - Selected 2 CSV files covering event range [559, 1188]
2025-02-24 13:08:33 - INFO - Loaded 124584 valid (RunID, EventID) pairs from CSV files
2025-02-24 13:08:33 - INFO - Extracted 22417 valid events based on pure neutrino events.
2025-02-24 13:08:33 - INFO - Initialized Muon13Filter filter for 22012/2
2025-02-24 13:08:33 - INFO - Extracted 26203 valid events where MuonFilter_13==True.
2025-02-24 13:08:33 - INFO - Initialized CCFilter filter for 22012/2
2025-02-24 13:08:33 - INFO - Extracted 27044 valid events which are CC interactions.
2025-02-24 13:08:33 - INFO - Initialized CompositeEventFilter filter for 22012/2
2025-02-24 13:08:33 - INFO - Initialized (CC_CRclean_MuonLike)
2025-02-24 13:08:33 - INFO - Starting filtering process for 22012/2
2025-02-24 13:08:33 - INFO - Starting filtering process for 22012/2
2025-02-24 13:08:35 - INFO - Recalculated 'offset' column based on 'N_doms' values within each 'shard_no' group.
2025-02-24 13:08:35 - INFO - Filtered truth file saved to: /lustre/hpc/project/icecube/HE_Nu_Aske_Oct2024/PMTfied_filtered/Snowstorm/CC_CRclean_MuonLike/22012/truth_2.parquet
2025-02-24 13:08:36 - INFO - Filtered PMTfied file saved to: /lustre/hpc/project/icecube/HE_Nu_Aske_Oct2024/PMTfied_filtered/Snowstorm/CC_CRclean_MuonLike/22012/2/PMTfied_12.parquet
2025-02-24 13:08:38 - INFO - Filtered PMTfied file saved to: /lustre/hpc/project/icecube/HE_Nu_Aske_Oct2024/PMTfied_filtered/Snowstorm/CC_CRclean_MuonLike/22012/2/PMTfied_3.parquet
2025-02-24 13:08:39 - INFO - Filtered PMTfied file saved to: /lustre/hpc/project/icecube/HE_Nu_Aske_Oct2024/PMTfied_filtered/Snowstorm/CC_CRclean_MuonLike/22012/2/PMTfied_7.parquet
2025-02-24 13:08:41 - INFO - Filtered PMTfied file saved to: /lustre/hpc/project/icecube/HE_Nu_Aske_Oct2024/PMTfied_filtered/Snowstorm/CC_CRclean_MuonLike/22012/2/PMTfied_13.parquet
2025-02-24 13:08:42 - INFO - Filtered PMTfied file saved to: /lustre/hpc/project/icecube/HE_Nu_Aske_Oct2024/PMTfied_filtered/Snowstorm/CC_CRclean_MuonLike/22012/2/PMTfied_2.parquet
2025-02-24 13:08:44 - INFO - Filtered PMTfied file saved to: /lustre/hpc/project/icecube/HE_Nu_Aske_Oct2024/PMTfied_filtered/Snowstorm/CC_CRclean_MuonLike/22012/2/PMTfied_6.parquet
2025-02-24 13:08:45 - INFO - Filtered PMTfied file saved to: /lustre/hpc/project/icecube/HE_Nu_Aske_Oct2024/PMTfied_filtered/Snowstorm/CC_CRclean_MuonLike/22012/2/PMTfied_11.parquet
2025-02-24 13:08:46 - INFO - Filtered PMTfied file saved to: /lustre/hpc/project/icecube/HE_Nu_Aske_Oct2024/PMTfied_filtered/Snowstorm/CC_CRclean_MuonLike/22012/2/PMTfied_15.parquet
2025-02-24 13:08:47 - INFO - Filtered PMTfied file saved to: /lustre/hpc/project/icecube/HE_Nu_Aske_Oct2024/PMTfied_filtered/Snowstorm/CC_CRclean_MuonLike/22012/2/PMTfied_4.parquet
2025-02-24 13:08:49 - INFO - Filtered PMTfied file saved to: /lustre/hpc/project/icecube/HE_Nu_Aske_Oct2024/PMTfied_filtered/Snowstorm/CC_CRclean_MuonLike/22012/2/PMTfied_8.parquet
2025-02-24 13:08:50 - INFO - Filtered PMTfied file saved to: /lustre/hpc/project/icecube/HE_Nu_Aske_Oct2024/PMTfied_filtered/Snowstorm/CC_CRclean_MuonLike/22012/2/PMTfied_10.parquet
2025-02-24 13:08:52 - INFO - Filtered PMTfied file saved to: /lustre/hpc/project/icecube/HE_Nu_Aske_Oct2024/PMTfied_filtered/Snowstorm/CC_CRclean_MuonLike/22012/2/PMTfied_14.parquet
2025-02-24 13:08:53 - INFO - Filtered PMTfied file saved to: /lustre/hpc/project/icecube/HE_Nu_Aske_Oct2024/PMTfied_filtered/Snowstorm/CC_CRclean_MuonLike/22012/2/PMTfied_9.parquet
2025-02-24 13:08:54 - INFO - Filtered PMTfied file saved to: /lustre/hpc/project/icecube/HE_Nu_Aske_Oct2024/PMTfied_filtered/Snowstorm/CC_CRclean_MuonLike/22012/2/PMTfied_1.parquet
2025-02-24 13:08:56 - INFO - Filtered PMTfied file saved to: /lustre/hpc/project/icecube/HE_Nu_Aske_Oct2024/PMTfied_filtered/Snowstorm/CC_CRclean_MuonLike/22012/2/PMTfied_5.parquet
2025-02-24 13:08:56 - INFO - Filtering process completed.
2025-02-24 13:08:56 - INFO - Filtering process completed.
2025-02-24 13:08:56 - INFO - Unified receipt generated: /lustre/hpc/project/icecube/HE_Nu_Aske_Oct2024/PMTfied_filtered/Snowstorm/CC_CRclean_MuonLike/22012/[Receipt]22012_2.json
2025-02-24 13:08:56 - INFO - Filtering process completed.
Job completed at Mon Feb 24 01:08:56 PM CET 2025
