Starting job at Sat Feb 15 12:03:09 PM CET 2025
Running Filter_by_part.py for subdirectory 22012, part 8
2025-02-15 12:03:10 - INFO - Event filtering process starts...
2025-02-15 12:03:10 - INFO - Initialized Muon13Filter filter for 22012/8
2025-02-15 12:03:10 - INFO - Extracted 26325 valid events where MuonFilter_13==True.
2025-02-15 12:03:10 - INFO - Initialized CompositeEventFilter filter for 22012/8
2025-02-15 12:03:10 - INFO - Initialized (MuonLike)
2025-02-15 12:03:10 - INFO - Starting filtering process for 22012/8
2025-02-15 12:03:10 - INFO - Starting filtering process for 22012/8
2025-02-15 12:03:11 - INFO - Recalculated 'offset' column based on filtered 'N_doms' values.
2025-02-15 12:03:12 - INFO - Filtered truth file saved to: /lustre/hpc/project/icecube/HE_Nu_Aske_Oct2024/PMTfied_filtered/Snowstorm/MuonLike/22012/truth_8.parquet
2025-02-15 12:03:13 - INFO - Filtered PMTfied file saved to: /lustre/hpc/project/icecube/HE_Nu_Aske_Oct2024/PMTfied_filtered/Snowstorm/MuonLike/22012/8/PMTfied_6.parquet
2025-02-15 12:03:15 - INFO - Filtered PMTfied file saved to: /lustre/hpc/project/icecube/HE_Nu_Aske_Oct2024/PMTfied_filtered/Snowstorm/MuonLike/22012/8/PMTfied_2.parquet
2025-02-15 12:03:17 - INFO - Filtered PMTfied file saved to: /lustre/hpc/project/icecube/HE_Nu_Aske_Oct2024/PMTfied_filtered/Snowstorm/MuonLike/22012/8/PMTfied_13.parquet
2025-02-15 12:03:20 - INFO - Filtered PMTfied file saved to: /lustre/hpc/project/icecube/HE_Nu_Aske_Oct2024/PMTfied_filtered/Snowstorm/MuonLike/22012/8/PMTfied_7.parquet
2025-02-15 12:03:21 - INFO - Filtered PMTfied file saved to: /lustre/hpc/project/icecube/HE_Nu_Aske_Oct2024/PMTfied_filtered/Snowstorm/MuonLike/22012/8/PMTfied_3.parquet
2025-02-15 12:03:23 - INFO - Filtered PMTfied file saved to: /lustre/hpc/project/icecube/HE_Nu_Aske_Oct2024/PMTfied_filtered/Snowstorm/MuonLike/22012/8/PMTfied_12.parquet
2025-02-15 12:03:24 - INFO - Filtered PMTfied file saved to: /lustre/hpc/project/icecube/HE_Nu_Aske_Oct2024/PMTfied_filtered/Snowstorm/MuonLike/22012/8/PMTfied_5.parquet
2025-02-15 12:03:27 - INFO - Filtered PMTfied file saved to: /lustre/hpc/project/icecube/HE_Nu_Aske_Oct2024/PMTfied_filtered/Snowstorm/MuonLike/22012/8/PMTfied_1.parquet
2025-02-15 12:03:28 - INFO - Filtered PMTfied file saved to: /lustre/hpc/project/icecube/HE_Nu_Aske_Oct2024/PMTfied_filtered/Snowstorm/MuonLike/22012/8/PMTfied_9.parquet
2025-02-15 12:03:30 - INFO - Filtered PMTfied file saved to: /lustre/hpc/project/icecube/HE_Nu_Aske_Oct2024/PMTfied_filtered/Snowstorm/MuonLike/22012/8/PMTfied_10.parquet
2025-02-15 12:03:32 - INFO - Filtered PMTfied file saved to: /lustre/hpc/project/icecube/HE_Nu_Aske_Oct2024/PMTfied_filtered/Snowstorm/MuonLike/22012/8/PMTfied_14.parquet
2025-02-15 12:03:34 - INFO - Filtered PMTfied file saved to: /lustre/hpc/project/icecube/HE_Nu_Aske_Oct2024/PMTfied_filtered/Snowstorm/MuonLike/22012/8/PMTfied_8.parquet
2025-02-15 12:03:35 - INFO - Filtered PMTfied file saved to: /lustre/hpc/project/icecube/HE_Nu_Aske_Oct2024/PMTfied_filtered/Snowstorm/MuonLike/22012/8/PMTfied_4.parquet
2025-02-15 12:03:37 - INFO - Filtered PMTfied file saved to: /lustre/hpc/project/icecube/HE_Nu_Aske_Oct2024/PMTfied_filtered/Snowstorm/MuonLike/22012/8/PMTfied_11.parquet
2025-02-15 12:03:38 - INFO - Filtered PMTfied file saved to: /lustre/hpc/project/icecube/HE_Nu_Aske_Oct2024/PMTfied_filtered/Snowstorm/MuonLike/22012/8/PMTfied_15.parquet
2025-02-15 12:03:38 - INFO - Filtering process completed.
2025-02-15 12:03:38 - INFO - Filtering process completed.
2025-02-15 12:03:38 - INFO - Unified receipt generated: /lustre/hpc/project/icecube/HE_Nu_Aske_Oct2024/PMTfied_filtered/Snowstorm/MuonLike/22012/[Receipt]22012_8.json
2025-02-15 12:03:38 - INFO - Filtering process completed.
Job completed at Sat Feb 15 12:03:38 PM CET 2025
