Starting job at Mon Feb 17 03:58:08 PM CET 2025
Running Filter_by_part.py for subdirectory 22012, part 3
2025-02-17 15:58:09 - INFO - Event filtering process starts...
2025-02-17 15:58:09 - INFO - Initialized PureNeutrinoEventFilter filter for 22012/3
2025-02-17 15:58:09 - INFO - Loaded 14 event specifier files from /lustre/hpc/project/icecube/HE_Nu_Aske_Oct2024/clean_events_dict/22012/22012/reduced
2025-02-17 15:58:09 - INFO - Selected 1 CSV files covering event range [1105, 1667]
2025-02-17 15:58:09 - INFO - Loaded 62364 valid (RunID, EventID) pairs from CSV files
2025-02-17 15:58:09 - INFO - Extracted 22308 valid events based on pure neutrino events.
2025-02-17 15:58:10 - INFO - Initialized CompositeEventFilter filter for 22012/3
2025-02-17 15:58:10 - INFO - Initialized (PureNu)
2025-02-17 15:58:10 - INFO - Starting filtering process for 22012/3
2025-02-17 15:58:10 - INFO - Starting filtering process for 22012/3
2025-02-17 15:58:10 - INFO - Recalculated 'offset' column based on 'N_doms' values within each 'shard_no' group.
2025-02-17 15:58:11 - INFO - Filtered truth file saved to: /lustre/hpc/project/icecube/HE_Nu_Aske_Oct2024/PMTfied_filtered/Snowstorm/PureNu/22012/truth_3.parquet
2025-02-17 15:58:12 - INFO - Filtered PMTfied file saved to: /lustre/hpc/project/icecube/HE_Nu_Aske_Oct2024/PMTfied_filtered/Snowstorm/PureNu/22012/3/PMTfied_12.parquet
2025-02-17 15:58:13 - INFO - Filtered PMTfied file saved to: /lustre/hpc/project/icecube/HE_Nu_Aske_Oct2024/PMTfied_filtered/Snowstorm/PureNu/22012/3/PMTfied_6.parquet
2025-02-17 15:58:15 - INFO - Filtered PMTfied file saved to: /lustre/hpc/project/icecube/HE_Nu_Aske_Oct2024/PMTfied_filtered/Snowstorm/PureNu/22012/3/PMTfied_2.parquet
2025-02-17 15:58:16 - INFO - Filtered PMTfied file saved to: /lustre/hpc/project/icecube/HE_Nu_Aske_Oct2024/PMTfied_filtered/Snowstorm/PureNu/22012/3/PMTfied_7.parquet
2025-02-17 15:58:18 - INFO - Filtered PMTfied file saved to: /lustre/hpc/project/icecube/HE_Nu_Aske_Oct2024/PMTfied_filtered/Snowstorm/PureNu/22012/3/PMTfied_3.parquet
2025-02-17 15:58:19 - INFO - Filtered PMTfied file saved to: /lustre/hpc/project/icecube/HE_Nu_Aske_Oct2024/PMTfied_filtered/Snowstorm/PureNu/22012/3/PMTfied_13.parquet
2025-02-17 15:58:20 - INFO - Filtered PMTfied file saved to: /lustre/hpc/project/icecube/HE_Nu_Aske_Oct2024/PMTfied_filtered/Snowstorm/PureNu/22012/3/PMTfied_9.parquet
2025-02-17 15:58:22 - INFO - Filtered PMTfied file saved to: /lustre/hpc/project/icecube/HE_Nu_Aske_Oct2024/PMTfied_filtered/Snowstorm/PureNu/22012/3/PMTfied_5.parquet
2025-02-17 15:58:23 - INFO - Filtered PMTfied file saved to: /lustre/hpc/project/icecube/HE_Nu_Aske_Oct2024/PMTfied_filtered/Snowstorm/PureNu/22012/3/PMTfied_1.parquet
2025-02-17 15:58:24 - INFO - Filtered PMTfied file saved to: /lustre/hpc/project/icecube/HE_Nu_Aske_Oct2024/PMTfied_filtered/Snowstorm/PureNu/22012/3/PMTfied_15.parquet
2025-02-17 15:58:25 - INFO - Filtered PMTfied file saved to: /lustre/hpc/project/icecube/HE_Nu_Aske_Oct2024/PMTfied_filtered/Snowstorm/PureNu/22012/3/PMTfied_11.parquet
2025-02-17 15:58:27 - INFO - Filtered PMTfied file saved to: /lustre/hpc/project/icecube/HE_Nu_Aske_Oct2024/PMTfied_filtered/Snowstorm/PureNu/22012/3/PMTfied_14.parquet
2025-02-17 15:58:28 - INFO - Filtered PMTfied file saved to: /lustre/hpc/project/icecube/HE_Nu_Aske_Oct2024/PMTfied_filtered/Snowstorm/PureNu/22012/3/PMTfied_10.parquet
2025-02-17 15:58:29 - INFO - Filtered PMTfied file saved to: /lustre/hpc/project/icecube/HE_Nu_Aske_Oct2024/PMTfied_filtered/Snowstorm/PureNu/22012/3/PMTfied_4.parquet
2025-02-17 15:58:31 - INFO - Filtered PMTfied file saved to: /lustre/hpc/project/icecube/HE_Nu_Aske_Oct2024/PMTfied_filtered/Snowstorm/PureNu/22012/3/PMTfied_8.parquet
2025-02-17 15:58:31 - INFO - Filtering process completed.
2025-02-17 15:58:31 - INFO - Filtering process completed.
2025-02-17 15:58:31 - INFO - Unified receipt generated: /lustre/hpc/project/icecube/HE_Nu_Aske_Oct2024/PMTfied_filtered/Snowstorm/PureNu/22012/[Receipt]22012_3.json
2025-02-17 15:58:31 - INFO - Filtering process completed.
Job completed at Mon Feb 17 03:58:31 PM CET 2025
