Starting job at Sat Feb 15 12:04:24 PM CET 2025
Running Filter_by_part.py for subdirectory 22012, part 25
2025-02-15 12:04:25 - INFO - Event filtering process starts...
2025-02-15 12:04:25 - INFO - Initialized Muon13Filter filter for 22012/25
2025-02-15 12:04:25 - INFO - Extracted 26040 valid events where MuonFilter_13==True.
2025-02-15 12:04:25 - INFO - Initialized CompositeEventFilter filter for 22012/25
2025-02-15 12:04:25 - INFO - Initialized (MuonLike)
2025-02-15 12:04:25 - INFO - Starting filtering process for 22012/25
2025-02-15 12:04:25 - INFO - Starting filtering process for 22012/25
2025-02-15 12:04:26 - INFO - Recalculated 'offset' column based on filtered 'N_doms' values.
2025-02-15 12:04:26 - INFO - Filtered truth file saved to: /lustre/hpc/project/icecube/HE_Nu_Aske_Oct2024/PMTfied_filtered/Snowstorm/MuonLike/22012/truth_25.parquet
2025-02-15 12:04:28 - INFO - Filtered PMTfied file saved to: /lustre/hpc/project/icecube/HE_Nu_Aske_Oct2024/PMTfied_filtered/Snowstorm/MuonLike/22012/25/PMTfied_12.parquet
2025-02-15 12:04:30 - INFO - Filtered PMTfied file saved to: /lustre/hpc/project/icecube/HE_Nu_Aske_Oct2024/PMTfied_filtered/Snowstorm/MuonLike/22012/25/PMTfied_6.parquet
2025-02-15 12:04:31 - INFO - Filtered PMTfied file saved to: /lustre/hpc/project/icecube/HE_Nu_Aske_Oct2024/PMTfied_filtered/Snowstorm/MuonLike/22012/25/PMTfied_2.parquet
2025-02-15 12:04:33 - INFO - Filtered PMTfied file saved to: /lustre/hpc/project/icecube/HE_Nu_Aske_Oct2024/PMTfied_filtered/Snowstorm/MuonLike/22012/25/PMTfied_7.parquet
2025-02-15 12:04:34 - INFO - Filtered PMTfied file saved to: /lustre/hpc/project/icecube/HE_Nu_Aske_Oct2024/PMTfied_filtered/Snowstorm/MuonLike/22012/25/PMTfied_3.parquet
2025-02-15 12:04:36 - INFO - Filtered PMTfied file saved to: /lustre/hpc/project/icecube/HE_Nu_Aske_Oct2024/PMTfied_filtered/Snowstorm/MuonLike/22012/25/PMTfied_13.parquet
2025-02-15 12:04:37 - INFO - Filtered PMTfied file saved to: /lustre/hpc/project/icecube/HE_Nu_Aske_Oct2024/PMTfied_filtered/Snowstorm/MuonLike/22012/25/PMTfied_5.parquet
2025-02-15 12:04:39 - INFO - Filtered PMTfied file saved to: /lustre/hpc/project/icecube/HE_Nu_Aske_Oct2024/PMTfied_filtered/Snowstorm/MuonLike/22012/25/PMTfied_1.parquet
2025-02-15 12:04:41 - INFO - Filtered PMTfied file saved to: /lustre/hpc/project/icecube/HE_Nu_Aske_Oct2024/PMTfied_filtered/Snowstorm/MuonLike/22012/25/PMTfied_9.parquet
2025-02-15 12:04:42 - INFO - Filtered PMTfied file saved to: /lustre/hpc/project/icecube/HE_Nu_Aske_Oct2024/PMTfied_filtered/Snowstorm/MuonLike/22012/25/PMTfied_11.parquet
2025-02-15 12:04:43 - INFO - Filtered PMTfied file saved to: /lustre/hpc/project/icecube/HE_Nu_Aske_Oct2024/PMTfied_filtered/Snowstorm/MuonLike/22012/25/PMTfied_15.parquet
2025-02-15 12:04:45 - INFO - Filtered PMTfied file saved to: /lustre/hpc/project/icecube/HE_Nu_Aske_Oct2024/PMTfied_filtered/Snowstorm/MuonLike/22012/25/PMTfied_10.parquet
2025-02-15 12:04:46 - INFO - Filtered PMTfied file saved to: /lustre/hpc/project/icecube/HE_Nu_Aske_Oct2024/PMTfied_filtered/Snowstorm/MuonLike/22012/25/PMTfied_14.parquet
2025-02-15 12:04:48 - INFO - Filtered PMTfied file saved to: /lustre/hpc/project/icecube/HE_Nu_Aske_Oct2024/PMTfied_filtered/Snowstorm/MuonLike/22012/25/PMTfied_8.parquet
2025-02-15 12:04:49 - INFO - Filtered PMTfied file saved to: /lustre/hpc/project/icecube/HE_Nu_Aske_Oct2024/PMTfied_filtered/Snowstorm/MuonLike/22012/25/PMTfied_4.parquet
2025-02-15 12:04:49 - INFO - Filtering process completed.
2025-02-15 12:04:49 - INFO - Filtering process completed.
2025-02-15 12:04:49 - INFO - Unified receipt generated: /lustre/hpc/project/icecube/HE_Nu_Aske_Oct2024/PMTfied_filtered/Snowstorm/MuonLike/22012/[Receipt]22012_25.json
2025-02-15 12:04:49 - INFO - Filtering process completed.
Job completed at Sat Feb 15 12:04:49 PM CET 2025
