Starting job at Sat Feb 15 12:02:28 PM CET 2025
Running Filter_by_part.py for subdirectory 22012, part 1
2025-02-15 12:02:28 - INFO - Event filtering process starts...
2025-02-15 12:02:28 - INFO - Initialized Muon13Filter filter for 22012/1
2025-02-15 12:02:29 - INFO - Extracted 26176 valid events where MuonFilter_13==True.
2025-02-15 12:02:29 - INFO - Initialized CompositeEventFilter filter for 22012/1
2025-02-15 12:02:29 - INFO - Initialized (MuonLike)
2025-02-15 12:02:29 - INFO - Starting filtering process for 22012/1
2025-02-15 12:02:29 - INFO - Starting filtering process for 22012/1
2025-02-15 12:02:30 - INFO - Recalculated 'offset' column based on filtered 'N_doms' values.
2025-02-15 12:02:30 - INFO - Filtered truth file saved to: /lustre/hpc/project/icecube/HE_Nu_Aske_Oct2024/PMTfied_filtered/Snowstorm/MuonLike/22012/truth_1.parquet
2025-02-15 12:02:32 - INFO - Filtered PMTfied file saved to: /lustre/hpc/project/icecube/HE_Nu_Aske_Oct2024/PMTfied_filtered/Snowstorm/MuonLike/22012/1/PMTfied_11.parquet
2025-02-15 12:02:33 - INFO - Filtered PMTfied file saved to: /lustre/hpc/project/icecube/HE_Nu_Aske_Oct2024/PMTfied_filtered/Snowstorm/MuonLike/22012/1/PMTfied_15.parquet
2025-02-15 12:02:34 - INFO - Filtered PMTfied file saved to: /lustre/hpc/project/icecube/HE_Nu_Aske_Oct2024/PMTfied_filtered/Snowstorm/MuonLike/22012/1/PMTfied_8.parquet
2025-02-15 12:02:36 - INFO - Filtered PMTfied file saved to: /lustre/hpc/project/icecube/HE_Nu_Aske_Oct2024/PMTfied_filtered/Snowstorm/MuonLike/22012/1/PMTfied_4.parquet
2025-02-15 12:02:37 - INFO - Filtered PMTfied file saved to: /lustre/hpc/project/icecube/HE_Nu_Aske_Oct2024/PMTfied_filtered/Snowstorm/MuonLike/22012/1/PMTfied_1.parquet
2025-02-15 12:02:39 - INFO - Filtered PMTfied file saved to: /lustre/hpc/project/icecube/HE_Nu_Aske_Oct2024/PMTfied_filtered/Snowstorm/MuonLike/22012/1/PMTfied_5.parquet
2025-02-15 12:02:40 - INFO - Filtered PMTfied file saved to: /lustre/hpc/project/icecube/HE_Nu_Aske_Oct2024/PMTfied_filtered/Snowstorm/MuonLike/22012/1/PMTfied_9.parquet
2025-02-15 12:02:42 - INFO - Filtered PMTfied file saved to: /lustre/hpc/project/icecube/HE_Nu_Aske_Oct2024/PMTfied_filtered/Snowstorm/MuonLike/22012/1/PMTfied_10.parquet
2025-02-15 12:02:44 - INFO - Filtered PMTfied file saved to: /lustre/hpc/project/icecube/HE_Nu_Aske_Oct2024/PMTfied_filtered/Snowstorm/MuonLike/22012/1/PMTfied_14.parquet
2025-02-15 12:02:45 - INFO - Filtered PMTfied file saved to: /lustre/hpc/project/icecube/HE_Nu_Aske_Oct2024/PMTfied_filtered/Snowstorm/MuonLike/22012/1/PMTfied_3.parquet
2025-02-15 12:02:47 - INFO - Filtered PMTfied file saved to: /lustre/hpc/project/icecube/HE_Nu_Aske_Oct2024/PMTfied_filtered/Snowstorm/MuonLike/22012/1/PMTfied_7.parquet
2025-02-15 12:02:49 - INFO - Filtered PMTfied file saved to: /lustre/hpc/project/icecube/HE_Nu_Aske_Oct2024/PMTfied_filtered/Snowstorm/MuonLike/22012/1/PMTfied_12.parquet
2025-02-15 12:02:50 - INFO - Filtered PMTfied file saved to: /lustre/hpc/project/icecube/HE_Nu_Aske_Oct2024/PMTfied_filtered/Snowstorm/MuonLike/22012/1/PMTfied_13.parquet
2025-02-15 12:02:52 - INFO - Filtered PMTfied file saved to: /lustre/hpc/project/icecube/HE_Nu_Aske_Oct2024/PMTfied_filtered/Snowstorm/MuonLike/22012/1/PMTfied_2.parquet
2025-02-15 12:02:53 - INFO - Filtered PMTfied file saved to: /lustre/hpc/project/icecube/HE_Nu_Aske_Oct2024/PMTfied_filtered/Snowstorm/MuonLike/22012/1/PMTfied_6.parquet
2025-02-15 12:02:53 - INFO - Filtering process completed.
2025-02-15 12:02:53 - INFO - Filtering process completed.
2025-02-15 12:02:54 - INFO - Unified receipt generated: /lustre/hpc/project/icecube/HE_Nu_Aske_Oct2024/PMTfied_filtered/Snowstorm/MuonLike/22012/[Receipt]22012_1.json
2025-02-15 12:02:54 - INFO - Filtering process completed.
Job completed at Sat Feb 15 12:02:54 PM CET 2025
