Starting job at Mon Feb 17 04:09:29 PM CET 2025
Running Filter_by_part.py for subdirectory 22012, part 8
2025-02-17 16:09:29 - INFO - Event filtering process starts...
2025-02-17 16:09:29 - INFO - Initialized Muon13Filter filter for 22012/8
2025-02-17 16:09:29 - INFO - Extracted 26325 valid events where MuonFilter_13==True.
2025-02-17 16:09:29 - INFO - Initialized CompositeEventFilter filter for 22012/8
2025-02-17 16:09:29 - INFO - Initialized (MuonLike)
2025-02-17 16:09:29 - INFO - Starting filtering process for 22012/8
2025-02-17 16:09:29 - INFO - Starting filtering process for 22012/8
2025-02-17 16:09:30 - INFO - Recalculated 'offset' column based on 'N_doms' values within each 'shard_no' group.
2025-02-17 16:09:30 - INFO - Filtered truth file saved to: /lustre/hpc/project/icecube/HE_Nu_Aske_Oct2024/PMTfied_filtered/Snowstorm/MuonLike/22012/truth_8.parquet
2025-02-17 16:09:31 - INFO - Filtered PMTfied file saved to: /lustre/hpc/project/icecube/HE_Nu_Aske_Oct2024/PMTfied_filtered/Snowstorm/MuonLike/22012/8/PMTfied_6.parquet
2025-02-17 16:09:31 - INFO - Filtered PMTfied file saved to: /lustre/hpc/project/icecube/HE_Nu_Aske_Oct2024/PMTfied_filtered/Snowstorm/MuonLike/22012/8/PMTfied_2.parquet
2025-02-17 16:09:32 - INFO - Filtered PMTfied file saved to: /lustre/hpc/project/icecube/HE_Nu_Aske_Oct2024/PMTfied_filtered/Snowstorm/MuonLike/22012/8/PMTfied_13.parquet
2025-02-17 16:09:33 - INFO - Filtered PMTfied file saved to: /lustre/hpc/project/icecube/HE_Nu_Aske_Oct2024/PMTfied_filtered/Snowstorm/MuonLike/22012/8/PMTfied_7.parquet
2025-02-17 16:09:34 - INFO - Filtered PMTfied file saved to: /lustre/hpc/project/icecube/HE_Nu_Aske_Oct2024/PMTfied_filtered/Snowstorm/MuonLike/22012/8/PMTfied_3.parquet
2025-02-17 16:09:35 - INFO - Filtered PMTfied file saved to: /lustre/hpc/project/icecube/HE_Nu_Aske_Oct2024/PMTfied_filtered/Snowstorm/MuonLike/22012/8/PMTfied_12.parquet
2025-02-17 16:09:35 - INFO - Filtered PMTfied file saved to: /lustre/hpc/project/icecube/HE_Nu_Aske_Oct2024/PMTfied_filtered/Snowstorm/MuonLike/22012/8/PMTfied_5.parquet
2025-02-17 16:09:36 - INFO - Filtered PMTfied file saved to: /lustre/hpc/project/icecube/HE_Nu_Aske_Oct2024/PMTfied_filtered/Snowstorm/MuonLike/22012/8/PMTfied_1.parquet
2025-02-17 16:09:37 - INFO - Filtered PMTfied file saved to: /lustre/hpc/project/icecube/HE_Nu_Aske_Oct2024/PMTfied_filtered/Snowstorm/MuonLike/22012/8/PMTfied_9.parquet
2025-02-17 16:09:38 - INFO - Filtered PMTfied file saved to: /lustre/hpc/project/icecube/HE_Nu_Aske_Oct2024/PMTfied_filtered/Snowstorm/MuonLike/22012/8/PMTfied_10.parquet
2025-02-17 16:09:39 - INFO - Filtered PMTfied file saved to: /lustre/hpc/project/icecube/HE_Nu_Aske_Oct2024/PMTfied_filtered/Snowstorm/MuonLike/22012/8/PMTfied_14.parquet
2025-02-17 16:09:39 - INFO - Filtered PMTfied file saved to: /lustre/hpc/project/icecube/HE_Nu_Aske_Oct2024/PMTfied_filtered/Snowstorm/MuonLike/22012/8/PMTfied_8.parquet
2025-02-17 16:09:40 - INFO - Filtered PMTfied file saved to: /lustre/hpc/project/icecube/HE_Nu_Aske_Oct2024/PMTfied_filtered/Snowstorm/MuonLike/22012/8/PMTfied_4.parquet
2025-02-17 16:09:41 - INFO - Filtered PMTfied file saved to: /lustre/hpc/project/icecube/HE_Nu_Aske_Oct2024/PMTfied_filtered/Snowstorm/MuonLike/22012/8/PMTfied_11.parquet
2025-02-17 16:09:41 - INFO - Filtered PMTfied file saved to: /lustre/hpc/project/icecube/HE_Nu_Aske_Oct2024/PMTfied_filtered/Snowstorm/MuonLike/22012/8/PMTfied_15.parquet
2025-02-17 16:09:41 - INFO - Filtering process completed.
2025-02-17 16:09:41 - INFO - Filtering process completed.
2025-02-17 16:09:41 - INFO - Unified receipt generated: /lustre/hpc/project/icecube/HE_Nu_Aske_Oct2024/PMTfied_filtered/Snowstorm/MuonLike/22012/[Receipt]22012_8.json
2025-02-17 16:09:41 - INFO - Filtering process completed.
Job completed at Mon Feb 17 04:09:41 PM CET 2025
