Starting job at Sat Feb 15 12:03:10 PM CET 2025
Running Filter_by_part.py for subdirectory 22012, part 9
2025-02-15 12:03:10 - INFO - Event filtering process starts...
2025-02-15 12:03:10 - INFO - Initialized Muon13Filter filter for 22012/9
2025-02-15 12:03:11 - INFO - Extracted 25626 valid events where MuonFilter_13==True.
2025-02-15 12:03:11 - INFO - Initialized CompositeEventFilter filter for 22012/9
2025-02-15 12:03:11 - INFO - Initialized (MuonLike)
2025-02-15 12:03:11 - INFO - Starting filtering process for 22012/9
2025-02-15 12:03:11 - INFO - Starting filtering process for 22012/9
2025-02-15 12:03:12 - INFO - Recalculated 'offset' column based on filtered 'N_doms' values.
2025-02-15 12:03:12 - INFO - Filtered truth file saved to: /lustre/hpc/project/icecube/HE_Nu_Aske_Oct2024/PMTfied_filtered/Snowstorm/MuonLike/22012/truth_9.parquet
2025-02-15 12:03:13 - INFO - Filtered PMTfied file saved to: /lustre/hpc/project/icecube/HE_Nu_Aske_Oct2024/PMTfied_filtered/Snowstorm/MuonLike/22012/9/PMTfied_15.parquet
2025-02-15 12:03:15 - INFO - Filtered PMTfied file saved to: /lustre/hpc/project/icecube/HE_Nu_Aske_Oct2024/PMTfied_filtered/Snowstorm/MuonLike/22012/9/PMTfied_11.parquet
2025-02-15 12:03:17 - INFO - Filtered PMTfied file saved to: /lustre/hpc/project/icecube/HE_Nu_Aske_Oct2024/PMTfied_filtered/Snowstorm/MuonLike/22012/9/PMTfied_2.parquet
2025-02-15 12:03:18 - INFO - Filtered PMTfied file saved to: /lustre/hpc/project/icecube/HE_Nu_Aske_Oct2024/PMTfied_filtered/Snowstorm/MuonLike/22012/9/PMTfied_6.parquet
2025-02-15 12:03:20 - INFO - Filtered PMTfied file saved to: /lustre/hpc/project/icecube/HE_Nu_Aske_Oct2024/PMTfied_filtered/Snowstorm/MuonLike/22012/9/PMTfied_3.parquet
2025-02-15 12:03:22 - INFO - Filtered PMTfied file saved to: /lustre/hpc/project/icecube/HE_Nu_Aske_Oct2024/PMTfied_filtered/Snowstorm/MuonLike/22012/9/PMTfied_7.parquet
2025-02-15 12:03:24 - INFO - Filtered PMTfied file saved to: /lustre/hpc/project/icecube/HE_Nu_Aske_Oct2024/PMTfied_filtered/Snowstorm/MuonLike/22012/9/PMTfied_14.parquet
2025-02-15 12:03:25 - INFO - Filtered PMTfied file saved to: /lustre/hpc/project/icecube/HE_Nu_Aske_Oct2024/PMTfied_filtered/Snowstorm/MuonLike/22012/9/PMTfied_10.parquet
2025-02-15 12:03:28 - INFO - Filtered PMTfied file saved to: /lustre/hpc/project/icecube/HE_Nu_Aske_Oct2024/PMTfied_filtered/Snowstorm/MuonLike/22012/9/PMTfied_1.parquet
2025-02-15 12:03:29 - INFO - Filtered PMTfied file saved to: /lustre/hpc/project/icecube/HE_Nu_Aske_Oct2024/PMTfied_filtered/Snowstorm/MuonLike/22012/9/PMTfied_5.parquet
2025-02-15 12:03:31 - INFO - Filtered PMTfied file saved to: /lustre/hpc/project/icecube/HE_Nu_Aske_Oct2024/PMTfied_filtered/Snowstorm/MuonLike/22012/9/PMTfied_9.parquet
2025-02-15 12:03:32 - INFO - Filtered PMTfied file saved to: /lustre/hpc/project/icecube/HE_Nu_Aske_Oct2024/PMTfied_filtered/Snowstorm/MuonLike/22012/9/PMTfied_12.parquet
2025-02-15 12:03:34 - INFO - Filtered PMTfied file saved to: /lustre/hpc/project/icecube/HE_Nu_Aske_Oct2024/PMTfied_filtered/Snowstorm/MuonLike/22012/9/PMTfied_13.parquet
2025-02-15 12:03:36 - INFO - Filtered PMTfied file saved to: /lustre/hpc/project/icecube/HE_Nu_Aske_Oct2024/PMTfied_filtered/Snowstorm/MuonLike/22012/9/PMTfied_8.parquet
2025-02-15 12:03:37 - INFO - Filtered PMTfied file saved to: /lustre/hpc/project/icecube/HE_Nu_Aske_Oct2024/PMTfied_filtered/Snowstorm/MuonLike/22012/9/PMTfied_4.parquet
2025-02-15 12:03:37 - INFO - Filtering process completed.
2025-02-15 12:03:37 - INFO - Filtering process completed.
2025-02-15 12:03:37 - INFO - Unified receipt generated: /lustre/hpc/project/icecube/HE_Nu_Aske_Oct2024/PMTfied_filtered/Snowstorm/MuonLike/22012/[Receipt]22012_9.json
2025-02-15 12:03:37 - INFO - Filtering process completed.
Job completed at Sat Feb 15 12:03:37 PM CET 2025
