Starting job at Mon Feb 17 04:10:19 PM CET 2025
Running Filter_by_part.py for subdirectory 22012, part 27
2025-02-17 16:10:19 - INFO - Event filtering process starts...
2025-02-17 16:10:19 - INFO - Initialized Muon13Filter filter for 22012/27
2025-02-17 16:10:19 - INFO - Extracted 24895 valid events where MuonFilter_13==True.
2025-02-17 16:10:19 - INFO - Initialized CompositeEventFilter filter for 22012/27
2025-02-17 16:10:19 - INFO - Initialized (MuonLike)
2025-02-17 16:10:19 - INFO - Starting filtering process for 22012/27
2025-02-17 16:10:19 - INFO - Starting filtering process for 22012/27
2025-02-17 16:10:19 - INFO - Recalculated 'offset' column based on 'N_doms' values within each 'shard_no' group.
2025-02-17 16:10:20 - INFO - Filtered truth file saved to: /lustre/hpc/project/icecube/HE_Nu_Aske_Oct2024/PMTfied_filtered/Snowstorm/MuonLike/22012/truth_27.parquet
2025-02-17 16:10:21 - INFO - Filtered PMTfied file saved to: /lustre/hpc/project/icecube/HE_Nu_Aske_Oct2024/PMTfied_filtered/Snowstorm/MuonLike/22012/27/PMTfied_3.parquet
2025-02-17 16:10:21 - INFO - Filtered PMTfied file saved to: /lustre/hpc/project/icecube/HE_Nu_Aske_Oct2024/PMTfied_filtered/Snowstorm/MuonLike/22012/27/PMTfied_11.parquet
2025-02-17 16:10:22 - INFO - Filtered PMTfied file saved to: /lustre/hpc/project/icecube/HE_Nu_Aske_Oct2024/PMTfied_filtered/Snowstorm/MuonLike/22012/27/PMTfied_7.parquet
2025-02-17 16:10:23 - INFO - Filtered PMTfied file saved to: /lustre/hpc/project/icecube/HE_Nu_Aske_Oct2024/PMTfied_filtered/Snowstorm/MuonLike/22012/27/PMTfied_2.parquet
2025-02-17 16:10:24 - INFO - Filtered PMTfied file saved to: /lustre/hpc/project/icecube/HE_Nu_Aske_Oct2024/PMTfied_filtered/Snowstorm/MuonLike/22012/27/PMTfied_10.parquet
2025-02-17 16:10:25 - INFO - Filtered PMTfied file saved to: /lustre/hpc/project/icecube/HE_Nu_Aske_Oct2024/PMTfied_filtered/Snowstorm/MuonLike/22012/27/PMTfied_14.parquet
2025-02-17 16:10:26 - INFO - Filtered PMTfied file saved to: /lustre/hpc/project/icecube/HE_Nu_Aske_Oct2024/PMTfied_filtered/Snowstorm/MuonLike/22012/27/PMTfied_6.parquet
2025-02-17 16:10:27 - INFO - Filtered PMTfied file saved to: /lustre/hpc/project/icecube/HE_Nu_Aske_Oct2024/PMTfied_filtered/Snowstorm/MuonLike/22012/27/PMTfied_12.parquet
2025-02-17 16:10:27 - INFO - Filtered PMTfied file saved to: /lustre/hpc/project/icecube/HE_Nu_Aske_Oct2024/PMTfied_filtered/Snowstorm/MuonLike/22012/27/PMTfied_4.parquet
2025-02-17 16:10:28 - INFO - Filtered PMTfied file saved to: /lustre/hpc/project/icecube/HE_Nu_Aske_Oct2024/PMTfied_filtered/Snowstorm/MuonLike/22012/27/PMTfied_8.parquet
2025-02-17 16:10:29 - INFO - Filtered PMTfied file saved to: /lustre/hpc/project/icecube/HE_Nu_Aske_Oct2024/PMTfied_filtered/Snowstorm/MuonLike/22012/27/PMTfied_9.parquet
2025-02-17 16:10:31 - INFO - Filtered PMTfied file saved to: /lustre/hpc/project/icecube/HE_Nu_Aske_Oct2024/PMTfied_filtered/Snowstorm/MuonLike/22012/27/PMTfied_1.parquet
2025-02-17 16:10:32 - INFO - Filtered PMTfied file saved to: /lustre/hpc/project/icecube/HE_Nu_Aske_Oct2024/PMTfied_filtered/Snowstorm/MuonLike/22012/27/PMTfied_13.parquet
2025-02-17 16:10:32 - INFO - Filtered PMTfied file saved to: /lustre/hpc/project/icecube/HE_Nu_Aske_Oct2024/PMTfied_filtered/Snowstorm/MuonLike/22012/27/PMTfied_5.parquet
2025-02-17 16:10:33 - INFO - Filtering process completed.
2025-02-17 16:10:33 - INFO - Filtering process completed.
2025-02-17 16:10:33 - INFO - Unified receipt generated: /lustre/hpc/project/icecube/HE_Nu_Aske_Oct2024/PMTfied_filtered/Snowstorm/MuonLike/22012/[Receipt]22012_27.json
2025-02-17 16:10:33 - INFO - Filtering process completed.
Job completed at Mon Feb 17 04:10:33 PM CET 2025
