Starting job at Sat Feb 15 12:54:34 PM CET 2025
Running Filter_by_part.py for subdirectory 22012, part 2
2025-02-15 12:54:35 - INFO - Event filtering process starts...
2025-02-15 12:54:35 - INFO - Initialized Muon13Filter filter for 22012/2
2025-02-15 12:54:36 - INFO - Extracted 26203 valid events where MuonFilter_13==True.
2025-02-15 12:54:36 - INFO - Initialized CompositeEventFilter filter for 22012/2
2025-02-15 12:54:36 - INFO - Initialized (MuonLike)
2025-02-15 12:54:36 - INFO - Starting filtering process for 22012/2
2025-02-15 12:54:36 - INFO - Starting filtering process for 22012/2
2025-02-15 12:54:37 - INFO - Recalculated 'offset' column based on filtered 'N_doms' values.
2025-02-15 12:54:37 - INFO - Filtered truth file saved to: /lustre/hpc/project/icecube/HE_Nu_Aske_Oct2024/PMTfied_filtered/Snowstorm/MuonLike/22012/truth_2.parquet
2025-02-15 12:54:39 - INFO - Filtered PMTfied file saved to: /lustre/hpc/project/icecube/HE_Nu_Aske_Oct2024/PMTfied_filtered/Snowstorm/MuonLike/22012/2/PMTfied_12.parquet
2025-02-15 12:54:41 - INFO - Filtered PMTfied file saved to: /lustre/hpc/project/icecube/HE_Nu_Aske_Oct2024/PMTfied_filtered/Snowstorm/MuonLike/22012/2/PMTfied_3.parquet
2025-02-15 12:54:43 - INFO - Filtered PMTfied file saved to: /lustre/hpc/project/icecube/HE_Nu_Aske_Oct2024/PMTfied_filtered/Snowstorm/MuonLike/22012/2/PMTfied_7.parquet
2025-02-15 12:54:44 - INFO - Filtered PMTfied file saved to: /lustre/hpc/project/icecube/HE_Nu_Aske_Oct2024/PMTfied_filtered/Snowstorm/MuonLike/22012/2/PMTfied_13.parquet
2025-02-15 12:54:46 - INFO - Filtered PMTfied file saved to: /lustre/hpc/project/icecube/HE_Nu_Aske_Oct2024/PMTfied_filtered/Snowstorm/MuonLike/22012/2/PMTfied_2.parquet
2025-02-15 12:54:48 - INFO - Filtered PMTfied file saved to: /lustre/hpc/project/icecube/HE_Nu_Aske_Oct2024/PMTfied_filtered/Snowstorm/MuonLike/22012/2/PMTfied_6.parquet
2025-02-15 12:54:49 - INFO - Filtered PMTfied file saved to: /lustre/hpc/project/icecube/HE_Nu_Aske_Oct2024/PMTfied_filtered/Snowstorm/MuonLike/22012/2/PMTfied_11.parquet
2025-02-15 12:54:50 - INFO - Filtered PMTfied file saved to: /lustre/hpc/project/icecube/HE_Nu_Aske_Oct2024/PMTfied_filtered/Snowstorm/MuonLike/22012/2/PMTfied_15.parquet
2025-02-15 12:54:52 - INFO - Filtered PMTfied file saved to: /lustre/hpc/project/icecube/HE_Nu_Aske_Oct2024/PMTfied_filtered/Snowstorm/MuonLike/22012/2/PMTfied_4.parquet
2025-02-15 12:54:53 - INFO - Filtered PMTfied file saved to: /lustre/hpc/project/icecube/HE_Nu_Aske_Oct2024/PMTfied_filtered/Snowstorm/MuonLike/22012/2/PMTfied_8.parquet
2025-02-15 12:54:55 - INFO - Filtered PMTfied file saved to: /lustre/hpc/project/icecube/HE_Nu_Aske_Oct2024/PMTfied_filtered/Snowstorm/MuonLike/22012/2/PMTfied_10.parquet
2025-02-15 12:54:57 - INFO - Filtered PMTfied file saved to: /lustre/hpc/project/icecube/HE_Nu_Aske_Oct2024/PMTfied_filtered/Snowstorm/MuonLike/22012/2/PMTfied_14.parquet
2025-02-15 12:54:58 - INFO - Filtered PMTfied file saved to: /lustre/hpc/project/icecube/HE_Nu_Aske_Oct2024/PMTfied_filtered/Snowstorm/MuonLike/22012/2/PMTfied_9.parquet
2025-02-15 12:55:00 - INFO - Filtered PMTfied file saved to: /lustre/hpc/project/icecube/HE_Nu_Aske_Oct2024/PMTfied_filtered/Snowstorm/MuonLike/22012/2/PMTfied_1.parquet
2025-02-15 12:55:01 - INFO - Filtered PMTfied file saved to: /lustre/hpc/project/icecube/HE_Nu_Aske_Oct2024/PMTfied_filtered/Snowstorm/MuonLike/22012/2/PMTfied_5.parquet
2025-02-15 12:55:01 - INFO - Filtering process completed.
2025-02-15 12:55:01 - INFO - Filtering process completed.
2025-02-15 12:55:01 - INFO - Unified receipt generated: /lustre/hpc/project/icecube/HE_Nu_Aske_Oct2024/PMTfied_filtered/Snowstorm/MuonLike/22012/[Receipt]22012_2.json
2025-02-15 12:55:01 - INFO - Filtering process completed.
Job completed at Sat Feb 15 12:55:01 PM CET 2025
