Starting job at Mon Feb 17 03:58:06 PM CET 2025
Running Filter_by_part.py for subdirectory 22012, part 2
2025-02-17 15:58:07 - INFO - Event filtering process starts...
2025-02-17 15:58:07 - INFO - Initialized PureNeutrinoEventFilter filter for 22012/2
2025-02-17 15:58:07 - INFO - Loaded 14 event specifier files from /lustre/hpc/project/icecube/HE_Nu_Aske_Oct2024/clean_events_dict/22012/22012/reduced
2025-02-17 15:58:07 - INFO - Selected 2 CSV files covering event range [559, 1188]
2025-02-17 15:58:07 - INFO - Loaded 124584 valid (RunID, EventID) pairs from CSV files
2025-02-17 15:58:07 - INFO - Extracted 22417 valid events based on pure neutrino events.
2025-02-17 15:58:07 - INFO - Initialized CompositeEventFilter filter for 22012/2
2025-02-17 15:58:07 - INFO - Initialized (PureNu)
2025-02-17 15:58:07 - INFO - Starting filtering process for 22012/2
2025-02-17 15:58:07 - INFO - Starting filtering process for 22012/2
2025-02-17 15:58:08 - INFO - Recalculated 'offset' column based on 'N_doms' values within each 'shard_no' group.
2025-02-17 15:58:08 - INFO - Filtered truth file saved to: /lustre/hpc/project/icecube/HE_Nu_Aske_Oct2024/PMTfied_filtered/Snowstorm/PureNu/22012/truth_2.parquet
2025-02-17 15:58:08 - INFO - Filtered PMTfied file saved to: /lustre/hpc/project/icecube/HE_Nu_Aske_Oct2024/PMTfied_filtered/Snowstorm/PureNu/22012/2/PMTfied_12.parquet
2025-02-17 15:58:09 - INFO - Filtered PMTfied file saved to: /lustre/hpc/project/icecube/HE_Nu_Aske_Oct2024/PMTfied_filtered/Snowstorm/PureNu/22012/2/PMTfied_3.parquet
2025-02-17 15:58:10 - INFO - Filtered PMTfied file saved to: /lustre/hpc/project/icecube/HE_Nu_Aske_Oct2024/PMTfied_filtered/Snowstorm/PureNu/22012/2/PMTfied_7.parquet
2025-02-17 15:58:10 - INFO - Filtered PMTfied file saved to: /lustre/hpc/project/icecube/HE_Nu_Aske_Oct2024/PMTfied_filtered/Snowstorm/PureNu/22012/2/PMTfied_13.parquet
2025-02-17 15:58:11 - INFO - Filtered PMTfied file saved to: /lustre/hpc/project/icecube/HE_Nu_Aske_Oct2024/PMTfied_filtered/Snowstorm/PureNu/22012/2/PMTfied_2.parquet
2025-02-17 15:58:12 - INFO - Filtered PMTfied file saved to: /lustre/hpc/project/icecube/HE_Nu_Aske_Oct2024/PMTfied_filtered/Snowstorm/PureNu/22012/2/PMTfied_6.parquet
2025-02-17 15:58:12 - INFO - Filtered PMTfied file saved to: /lustre/hpc/project/icecube/HE_Nu_Aske_Oct2024/PMTfied_filtered/Snowstorm/PureNu/22012/2/PMTfied_11.parquet
2025-02-17 15:58:13 - INFO - Filtered PMTfied file saved to: /lustre/hpc/project/icecube/HE_Nu_Aske_Oct2024/PMTfied_filtered/Snowstorm/PureNu/22012/2/PMTfied_15.parquet
2025-02-17 15:58:14 - INFO - Filtered PMTfied file saved to: /lustre/hpc/project/icecube/HE_Nu_Aske_Oct2024/PMTfied_filtered/Snowstorm/PureNu/22012/2/PMTfied_4.parquet
2025-02-17 15:58:14 - INFO - Filtered PMTfied file saved to: /lustre/hpc/project/icecube/HE_Nu_Aske_Oct2024/PMTfied_filtered/Snowstorm/PureNu/22012/2/PMTfied_8.parquet
2025-02-17 15:58:15 - INFO - Filtered PMTfied file saved to: /lustre/hpc/project/icecube/HE_Nu_Aske_Oct2024/PMTfied_filtered/Snowstorm/PureNu/22012/2/PMTfied_10.parquet
2025-02-17 15:58:16 - INFO - Filtered PMTfied file saved to: /lustre/hpc/project/icecube/HE_Nu_Aske_Oct2024/PMTfied_filtered/Snowstorm/PureNu/22012/2/PMTfied_14.parquet
2025-02-17 15:58:16 - INFO - Filtered PMTfied file saved to: /lustre/hpc/project/icecube/HE_Nu_Aske_Oct2024/PMTfied_filtered/Snowstorm/PureNu/22012/2/PMTfied_9.parquet
2025-02-17 15:58:17 - INFO - Filtered PMTfied file saved to: /lustre/hpc/project/icecube/HE_Nu_Aske_Oct2024/PMTfied_filtered/Snowstorm/PureNu/22012/2/PMTfied_1.parquet
2025-02-17 15:58:18 - INFO - Filtered PMTfied file saved to: /lustre/hpc/project/icecube/HE_Nu_Aske_Oct2024/PMTfied_filtered/Snowstorm/PureNu/22012/2/PMTfied_5.parquet
2025-02-17 15:58:18 - INFO - Filtering process completed.
2025-02-17 15:58:18 - INFO - Filtering process completed.
2025-02-17 15:58:18 - INFO - Unified receipt generated: /lustre/hpc/project/icecube/HE_Nu_Aske_Oct2024/PMTfied_filtered/Snowstorm/PureNu/22012/[Receipt]22012_2.json
2025-02-17 15:58:18 - INFO - Filtering process completed.
Job completed at Mon Feb 17 03:58:18 PM CET 2025
