Starting job at Mon Feb 17 04:17:00 PM CET 2025
Running Filter_by_part.py for subdirectory 22012, part 18
2025-02-17 16:17:01 - INFO - Event filtering process starts...
2025-02-17 16:17:01 - INFO - Initialized PureNeutrinoEventFilter filter for 22012/18
2025-02-17 16:17:01 - INFO - Loaded 14 event specifier files from /lustre/hpc/project/icecube/HE_Nu_Aske_Oct2024/clean_events_dict/22012/22012/reduced
2025-02-17 16:17:01 - INFO - Selected 2 CSV files covering event range [9430, 10005]
2025-02-17 16:17:01 - INFO - Loaded 123625 valid (RunID, EventID) pairs from CSV files
2025-02-17 16:17:01 - INFO - Extracted 22616 valid events based on pure neutrino events.
2025-02-17 16:17:01 - INFO - Initialized Muon13Filter filter for 22012/18
2025-02-17 16:17:01 - INFO - Extracted 26140 valid events where MuonFilter_13==True.
2025-02-17 16:17:01 - INFO - Initialized CompositeEventFilter filter for 22012/18
2025-02-17 16:17:01 - INFO - Initialized (MuonLike_PureNu)
2025-02-17 16:17:01 - INFO - Starting filtering process for 22012/18
2025-02-17 16:17:01 - INFO - Starting filtering process for 22012/18
2025-02-17 16:17:02 - INFO - Recalculated 'offset' column based on 'N_doms' values within each 'shard_no' group.
2025-02-17 16:17:03 - INFO - Filtered truth file saved to: /lustre/hpc/project/icecube/HE_Nu_Aske_Oct2024/PMTfied_filtered/Snowstorm/MuonLike_PureNu/22012/truth_18.parquet
2025-02-17 16:17:04 - INFO - Filtered PMTfied file saved to: /lustre/hpc/project/icecube/HE_Nu_Aske_Oct2024/PMTfied_filtered/Snowstorm/MuonLike_PureNu/22012/18/PMTfied_11.parquet
2025-02-17 16:17:05 - INFO - Filtered PMTfied file saved to: /lustre/hpc/project/icecube/HE_Nu_Aske_Oct2024/PMTfied_filtered/Snowstorm/MuonLike_PureNu/22012/18/PMTfied_15.parquet
2025-02-17 16:17:07 - INFO - Filtered PMTfied file saved to: /lustre/hpc/project/icecube/HE_Nu_Aske_Oct2024/PMTfied_filtered/Snowstorm/MuonLike_PureNu/22012/18/PMTfied_5.parquet
2025-02-17 16:17:08 - INFO - Filtered PMTfied file saved to: /lustre/hpc/project/icecube/HE_Nu_Aske_Oct2024/PMTfied_filtered/Snowstorm/MuonLike_PureNu/22012/18/PMTfied_1.parquet
2025-02-17 16:17:10 - INFO - Filtered PMTfied file saved to: /lustre/hpc/project/icecube/HE_Nu_Aske_Oct2024/PMTfied_filtered/Snowstorm/MuonLike_PureNu/22012/18/PMTfied_9.parquet
2025-02-17 16:17:11 - INFO - Filtered PMTfied file saved to: /lustre/hpc/project/icecube/HE_Nu_Aske_Oct2024/PMTfied_filtered/Snowstorm/MuonLike_PureNu/22012/18/PMTfied_10.parquet
2025-02-17 16:17:13 - INFO - Filtered PMTfied file saved to: /lustre/hpc/project/icecube/HE_Nu_Aske_Oct2024/PMTfied_filtered/Snowstorm/MuonLike_PureNu/22012/18/PMTfied_14.parquet
2025-02-17 16:17:14 - INFO - Filtered PMTfied file saved to: /lustre/hpc/project/icecube/HE_Nu_Aske_Oct2024/PMTfied_filtered/Snowstorm/MuonLike_PureNu/22012/18/PMTfied_8.parquet
2025-02-17 16:17:16 - INFO - Filtered PMTfied file saved to: /lustre/hpc/project/icecube/HE_Nu_Aske_Oct2024/PMTfied_filtered/Snowstorm/MuonLike_PureNu/22012/18/PMTfied_4.parquet
2025-02-17 16:17:17 - INFO - Filtered PMTfied file saved to: /lustre/hpc/project/icecube/HE_Nu_Aske_Oct2024/PMTfied_filtered/Snowstorm/MuonLike_PureNu/22012/18/PMTfied_12.parquet
2025-02-17 16:17:19 - INFO - Filtered PMTfied file saved to: /lustre/hpc/project/icecube/HE_Nu_Aske_Oct2024/PMTfied_filtered/Snowstorm/MuonLike_PureNu/22012/18/PMTfied_6.parquet
2025-02-17 16:17:20 - INFO - Filtered PMTfied file saved to: /lustre/hpc/project/icecube/HE_Nu_Aske_Oct2024/PMTfied_filtered/Snowstorm/MuonLike_PureNu/22012/18/PMTfied_2.parquet
2025-02-17 16:17:22 - INFO - Filtered PMTfied file saved to: /lustre/hpc/project/icecube/HE_Nu_Aske_Oct2024/PMTfied_filtered/Snowstorm/MuonLike_PureNu/22012/18/PMTfied_13.parquet
2025-02-17 16:17:23 - INFO - Filtered PMTfied file saved to: /lustre/hpc/project/icecube/HE_Nu_Aske_Oct2024/PMTfied_filtered/Snowstorm/MuonLike_PureNu/22012/18/PMTfied_7.parquet
2025-02-17 16:17:25 - INFO - Filtered PMTfied file saved to: /lustre/hpc/project/icecube/HE_Nu_Aske_Oct2024/PMTfied_filtered/Snowstorm/MuonLike_PureNu/22012/18/PMTfied_3.parquet
2025-02-17 16:17:25 - INFO - Filtering process completed.
2025-02-17 16:17:25 - INFO - Filtering process completed.
2025-02-17 16:17:25 - INFO - Unified receipt generated: /lustre/hpc/project/icecube/HE_Nu_Aske_Oct2024/PMTfied_filtered/Snowstorm/MuonLike_PureNu/22012/[Receipt]22012_18.json
2025-02-17 16:17:25 - INFO - Filtering process completed.
Job completed at Mon Feb 17 04:17:25 PM CET 2025
