Starting job at Sat Feb 15 12:10:56 PM CET 2025
Running Filter_by_part.py for subdirectory 22012, part 21
2025-02-15 12:10:56 - INFO - Event filtering process starts...
2025-02-15 12:10:56 - INFO - Initialized PureNeutrinoEventFilter filter for 22012/21
2025-02-15 12:10:56 - INFO - Loaded 14 event specifier files from /lustre/hpc/project/icecube/HE_Nu_Aske_Oct2024/clean_events_dict/22012/22012/reduced
2025-02-15 12:10:56 - INFO - Selected 1 CSV files covering event range [11087, 11728]
2025-02-15 12:10:56 - INFO - Loaded 61772 valid (RunID, EventID) pairs from CSV files
2025-02-15 12:10:57 - INFO - Extracted 22669 valid events based on pure neutrino events.
2025-02-15 12:10:57 - INFO - Initialized CompositeEventFilter filter for 22012/21
2025-02-15 12:10:57 - INFO - Initialized (PureNu)
2025-02-15 12:10:57 - INFO - Starting filtering process for 22012/21
2025-02-15 12:10:57 - INFO - Starting filtering process for 22012/21
2025-02-15 12:10:57 - INFO - Recalculated 'offset' column based on filtered 'N_doms' values.
2025-02-15 12:10:58 - INFO - Filtered truth file saved to: /lustre/hpc/project/icecube/HE_Nu_Aske_Oct2024/PMTfied_filtered/Snowstorm/PureNu/22012/truth_21.parquet
2025-02-15 12:10:59 - INFO - Filtered PMTfied file saved to: /lustre/hpc/project/icecube/HE_Nu_Aske_Oct2024/PMTfied_filtered/Snowstorm/PureNu/22012/21/PMTfied_1.parquet
2025-02-15 12:11:00 - INFO - Filtered PMTfied file saved to: /lustre/hpc/project/icecube/HE_Nu_Aske_Oct2024/PMTfied_filtered/Snowstorm/PureNu/22012/21/PMTfied_5.parquet
2025-02-15 12:11:02 - INFO - Filtered PMTfied file saved to: /lustre/hpc/project/icecube/HE_Nu_Aske_Oct2024/PMTfied_filtered/Snowstorm/PureNu/22012/21/PMTfied_9.parquet
2025-02-15 12:11:03 - INFO - Filtered PMTfied file saved to: /lustre/hpc/project/icecube/HE_Nu_Aske_Oct2024/PMTfied_filtered/Snowstorm/PureNu/22012/21/PMTfied_10.parquet
2025-02-15 12:11:05 - INFO - Filtered PMTfied file saved to: /lustre/hpc/project/icecube/HE_Nu_Aske_Oct2024/PMTfied_filtered/Snowstorm/PureNu/22012/21/PMTfied_14.parquet
2025-02-15 12:11:06 - INFO - Filtered PMTfied file saved to: /lustre/hpc/project/icecube/HE_Nu_Aske_Oct2024/PMTfied_filtered/Snowstorm/PureNu/22012/21/PMTfied_8.parquet
2025-02-15 12:11:08 - INFO - Filtered PMTfied file saved to: /lustre/hpc/project/icecube/HE_Nu_Aske_Oct2024/PMTfied_filtered/Snowstorm/PureNu/22012/21/PMTfied_4.parquet
2025-02-15 12:11:09 - INFO - Filtered PMTfied file saved to: /lustre/hpc/project/icecube/HE_Nu_Aske_Oct2024/PMTfied_filtered/Snowstorm/PureNu/22012/21/PMTfied_11.parquet
2025-02-15 12:11:11 - INFO - Filtered PMTfied file saved to: /lustre/hpc/project/icecube/HE_Nu_Aske_Oct2024/PMTfied_filtered/Snowstorm/PureNu/22012/21/PMTfied_15.parquet
2025-02-15 12:11:12 - INFO - Filtered PMTfied file saved to: /lustre/hpc/project/icecube/HE_Nu_Aske_Oct2024/PMTfied_filtered/Snowstorm/PureNu/22012/21/PMTfied_13.parquet
2025-02-15 12:11:13 - INFO - Filtered PMTfied file saved to: /lustre/hpc/project/icecube/HE_Nu_Aske_Oct2024/PMTfied_filtered/Snowstorm/PureNu/22012/21/PMTfied_2.parquet
2025-02-15 12:11:15 - INFO - Filtered PMTfied file saved to: /lustre/hpc/project/icecube/HE_Nu_Aske_Oct2024/PMTfied_filtered/Snowstorm/PureNu/22012/21/PMTfied_6.parquet
2025-02-15 12:11:18 - INFO - Filtered PMTfied file saved to: /lustre/hpc/project/icecube/HE_Nu_Aske_Oct2024/PMTfied_filtered/Snowstorm/PureNu/22012/21/PMTfied_12.parquet
2025-02-15 12:11:19 - INFO - Filtered PMTfied file saved to: /lustre/hpc/project/icecube/HE_Nu_Aske_Oct2024/PMTfied_filtered/Snowstorm/PureNu/22012/21/PMTfied_3.parquet
2025-02-15 12:11:21 - INFO - Filtered PMTfied file saved to: /lustre/hpc/project/icecube/HE_Nu_Aske_Oct2024/PMTfied_filtered/Snowstorm/PureNu/22012/21/PMTfied_7.parquet
2025-02-15 12:11:21 - INFO - Filtering process completed.
2025-02-15 12:11:21 - INFO - Filtering process completed.
2025-02-15 12:11:21 - INFO - Unified receipt generated: /lustre/hpc/project/icecube/HE_Nu_Aske_Oct2024/PMTfied_filtered/Snowstorm/PureNu/22012/[Receipt]22012_21.json
2025-02-15 12:11:21 - INFO - Filtering process completed.
Job completed at Sat Feb 15 12:11:21 PM CET 2025
