Starting job at Thu Feb 13 05:08:46 PM CET 2025
Running Filter_by_part.py for subdirectory 22012, part 7
2025-02-13 17:08:47 - INFO - Event filtering process starts...
2025-02-13 17:08:47 - INFO - Initialized Muon13Filter
2025-02-13 17:08:47 - INFO - Starting filtering process for 22012/7
2025-02-13 17:08:48 - INFO - Recalculated 'offset' column based on filtered 'N_doms' values.
2025-02-13 17:08:49 - INFO - Filtered truth file saved to: /lustre/hpc/project/icecube/HE_Nu_Aske_Oct2024/PMTfied_filtered/MuonLike/Snowstorm/22012/truth_7.parquet
2025-02-13 17:08:49 - INFO - Receipt file saved to: /lustre/hpc/project/icecube/HE_Nu_Aske_Oct2024/PMTfied_filtered/MuonLike/Snowstorm/22012/[Receipt]22012_7.json
2025-02-13 17:08:50 - INFO - Filtered PMTfied file saved to: /lustre/hpc/project/icecube/HE_Nu_Aske_Oct2024/PMTfied_filtered/MuonLike/Snowstorm/22012/7/PMTfied_15.parquet
2025-02-13 17:08:51 - INFO - Filtered PMTfied file saved to: /lustre/hpc/project/icecube/HE_Nu_Aske_Oct2024/PMTfied_filtered/MuonLike/Snowstorm/22012/7/PMTfied_11.parquet
2025-02-13 17:08:53 - INFO - Filtered PMTfied file saved to: /lustre/hpc/project/icecube/HE_Nu_Aske_Oct2024/PMTfied_filtered/MuonLike/Snowstorm/22012/7/PMTfied_1.parquet
2025-02-13 17:08:54 - INFO - Filtered PMTfied file saved to: /lustre/hpc/project/icecube/HE_Nu_Aske_Oct2024/PMTfied_filtered/MuonLike/Snowstorm/22012/7/PMTfied_5.parquet
2025-02-13 17:08:56 - INFO - Filtered PMTfied file saved to: /lustre/hpc/project/icecube/HE_Nu_Aske_Oct2024/PMTfied_filtered/MuonLike/Snowstorm/22012/7/PMTfied_9.parquet
2025-02-13 17:08:58 - INFO - Filtered PMTfied file saved to: /lustre/hpc/project/icecube/HE_Nu_Aske_Oct2024/PMTfied_filtered/MuonLike/Snowstorm/22012/7/PMTfied_14.parquet
2025-02-13 17:08:59 - INFO - Filtered PMTfied file saved to: /lustre/hpc/project/icecube/HE_Nu_Aske_Oct2024/PMTfied_filtered/MuonLike/Snowstorm/22012/7/PMTfied_10.parquet
2025-02-13 17:09:01 - INFO - Filtered PMTfied file saved to: /lustre/hpc/project/icecube/HE_Nu_Aske_Oct2024/PMTfied_filtered/MuonLike/Snowstorm/22012/7/PMTfied_8.parquet
2025-02-13 17:09:02 - INFO - Filtered PMTfied file saved to: /lustre/hpc/project/icecube/HE_Nu_Aske_Oct2024/PMTfied_filtered/MuonLike/Snowstorm/22012/7/PMTfied_4.parquet
2025-02-13 17:09:04 - INFO - Filtered PMTfied file saved to: /lustre/hpc/project/icecube/HE_Nu_Aske_Oct2024/PMTfied_filtered/MuonLike/Snowstorm/22012/7/PMTfied_12.parquet
2025-02-13 17:09:06 - INFO - Filtered PMTfied file saved to: /lustre/hpc/project/icecube/HE_Nu_Aske_Oct2024/PMTfied_filtered/MuonLike/Snowstorm/22012/7/PMTfied_2.parquet
2025-02-13 17:09:07 - INFO - Filtered PMTfied file saved to: /lustre/hpc/project/icecube/HE_Nu_Aske_Oct2024/PMTfied_filtered/MuonLike/Snowstorm/22012/7/PMTfied_6.parquet
2025-02-13 17:09:09 - INFO - Filtered PMTfied file saved to: /lustre/hpc/project/icecube/HE_Nu_Aske_Oct2024/PMTfied_filtered/MuonLike/Snowstorm/22012/7/PMTfied_13.parquet
2025-02-13 17:09:11 - INFO - Filtered PMTfied file saved to: /lustre/hpc/project/icecube/HE_Nu_Aske_Oct2024/PMTfied_filtered/MuonLike/Snowstorm/22012/7/PMTfied_3.parquet
2025-02-13 17:09:12 - INFO - Filtered PMTfied file saved to: /lustre/hpc/project/icecube/HE_Nu_Aske_Oct2024/PMTfied_filtered/MuonLike/Snowstorm/22012/7/PMTfied_7.parquet
2025-02-13 17:09:12 - INFO - Filtering process completed.
2025-02-13 17:09:12 - INFO - Filtering process completed for all selected filters.
2025-02-13 17:09:12 - INFO - Execution time: 25.49 seconds
2025-02-13 17:09:12 - INFO - Updated receipt with execution time: /lustre/hpc/project/icecube/HE_Nu_Aske_Oct2024/PMTfied_filtered/MuonLike/Snowstorm/22012/[Receipt]22012_7.json
Job completed at Thu Feb 13 05:09:12 PM CET 2025
