Starting job at Sat Feb 15 12:04:06 PM CET 2025
Running Filter_by_part.py for subdirectory 22012, part 18
2025-02-15 12:04:07 - INFO - Event filtering process starts...
2025-02-15 12:04:07 - INFO - Initialized Muon13Filter filter for 22012/18
2025-02-15 12:04:07 - INFO - Extracted 26140 valid events where MuonFilter_13==True.
2025-02-15 12:04:07 - INFO - Initialized CompositeEventFilter filter for 22012/18
2025-02-15 12:04:07 - INFO - Initialized (MuonLike)
2025-02-15 12:04:07 - INFO - Starting filtering process for 22012/18
2025-02-15 12:04:07 - INFO - Starting filtering process for 22012/18
2025-02-15 12:04:08 - INFO - Recalculated 'offset' column based on filtered 'N_doms' values.
2025-02-15 12:04:08 - INFO - Filtered truth file saved to: /lustre/hpc/project/icecube/HE_Nu_Aske_Oct2024/PMTfied_filtered/Snowstorm/MuonLike/22012/truth_18.parquet
2025-02-15 12:04:10 - INFO - Filtered PMTfied file saved to: /lustre/hpc/project/icecube/HE_Nu_Aske_Oct2024/PMTfied_filtered/Snowstorm/MuonLike/22012/18/PMTfied_11.parquet
2025-02-15 12:04:11 - INFO - Filtered PMTfied file saved to: /lustre/hpc/project/icecube/HE_Nu_Aske_Oct2024/PMTfied_filtered/Snowstorm/MuonLike/22012/18/PMTfied_15.parquet
2025-02-15 12:04:13 - INFO - Filtered PMTfied file saved to: /lustre/hpc/project/icecube/HE_Nu_Aske_Oct2024/PMTfied_filtered/Snowstorm/MuonLike/22012/18/PMTfied_5.parquet
2025-02-15 12:04:14 - INFO - Filtered PMTfied file saved to: /lustre/hpc/project/icecube/HE_Nu_Aske_Oct2024/PMTfied_filtered/Snowstorm/MuonLike/22012/18/PMTfied_1.parquet
2025-02-15 12:04:16 - INFO - Filtered PMTfied file saved to: /lustre/hpc/project/icecube/HE_Nu_Aske_Oct2024/PMTfied_filtered/Snowstorm/MuonLike/22012/18/PMTfied_9.parquet
2025-02-15 12:04:18 - INFO - Filtered PMTfied file saved to: /lustre/hpc/project/icecube/HE_Nu_Aske_Oct2024/PMTfied_filtered/Snowstorm/MuonLike/22012/18/PMTfied_10.parquet
2025-02-15 12:04:20 - INFO - Filtered PMTfied file saved to: /lustre/hpc/project/icecube/HE_Nu_Aske_Oct2024/PMTfied_filtered/Snowstorm/MuonLike/22012/18/PMTfied_14.parquet
2025-02-15 12:04:21 - INFO - Filtered PMTfied file saved to: /lustre/hpc/project/icecube/HE_Nu_Aske_Oct2024/PMTfied_filtered/Snowstorm/MuonLike/22012/18/PMTfied_8.parquet
2025-02-15 12:04:23 - INFO - Filtered PMTfied file saved to: /lustre/hpc/project/icecube/HE_Nu_Aske_Oct2024/PMTfied_filtered/Snowstorm/MuonLike/22012/18/PMTfied_4.parquet
2025-02-15 12:04:24 - INFO - Filtered PMTfied file saved to: /lustre/hpc/project/icecube/HE_Nu_Aske_Oct2024/PMTfied_filtered/Snowstorm/MuonLike/22012/18/PMTfied_12.parquet
2025-02-15 12:04:26 - INFO - Filtered PMTfied file saved to: /lustre/hpc/project/icecube/HE_Nu_Aske_Oct2024/PMTfied_filtered/Snowstorm/MuonLike/22012/18/PMTfied_6.parquet
2025-02-15 12:04:27 - INFO - Filtered PMTfied file saved to: /lustre/hpc/project/icecube/HE_Nu_Aske_Oct2024/PMTfied_filtered/Snowstorm/MuonLike/22012/18/PMTfied_2.parquet
2025-02-15 12:04:29 - INFO - Filtered PMTfied file saved to: /lustre/hpc/project/icecube/HE_Nu_Aske_Oct2024/PMTfied_filtered/Snowstorm/MuonLike/22012/18/PMTfied_13.parquet
2025-02-15 12:04:30 - INFO - Filtered PMTfied file saved to: /lustre/hpc/project/icecube/HE_Nu_Aske_Oct2024/PMTfied_filtered/Snowstorm/MuonLike/22012/18/PMTfied_7.parquet
2025-02-15 12:04:32 - INFO - Filtered PMTfied file saved to: /lustre/hpc/project/icecube/HE_Nu_Aske_Oct2024/PMTfied_filtered/Snowstorm/MuonLike/22012/18/PMTfied_3.parquet
2025-02-15 12:04:32 - INFO - Filtering process completed.
2025-02-15 12:04:32 - INFO - Filtering process completed.
2025-02-15 12:04:32 - INFO - Unified receipt generated: /lustre/hpc/project/icecube/HE_Nu_Aske_Oct2024/PMTfied_filtered/Snowstorm/MuonLike/22012/[Receipt]22012_18.json
2025-02-15 12:04:32 - INFO - Filtering process completed.
Job completed at Sat Feb 15 12:04:32 PM CET 2025
