Starting job at Sat Feb 15 12:03:18 PM CET 2025
Running Filter_by_part.py for subdirectory 22012, part 10
2025-02-15 12:03:19 - INFO - Event filtering process starts...
2025-02-15 12:03:19 - INFO - Initialized Muon13Filter filter for 22012/10
2025-02-15 12:03:19 - INFO - Extracted 26187 valid events where MuonFilter_13==True.
2025-02-15 12:03:19 - INFO - Initialized CompositeEventFilter filter for 22012/10
2025-02-15 12:03:19 - INFO - Initialized (MuonLike)
2025-02-15 12:03:19 - INFO - Starting filtering process for 22012/10
2025-02-15 12:03:19 - INFO - Starting filtering process for 22012/10
2025-02-15 12:03:20 - INFO - Recalculated 'offset' column based on filtered 'N_doms' values.
2025-02-15 12:03:20 - INFO - Filtered truth file saved to: /lustre/hpc/project/icecube/HE_Nu_Aske_Oct2024/PMTfied_filtered/Snowstorm/MuonLike/22012/truth_10.parquet
2025-02-15 12:03:22 - INFO - Filtered PMTfied file saved to: /lustre/hpc/project/icecube/HE_Nu_Aske_Oct2024/PMTfied_filtered/Snowstorm/MuonLike/22012/10/PMTfied_5.parquet
2025-02-15 12:03:24 - INFO - Filtered PMTfied file saved to: /lustre/hpc/project/icecube/HE_Nu_Aske_Oct2024/PMTfied_filtered/Snowstorm/MuonLike/22012/10/PMTfied_1.parquet
2025-02-15 12:03:26 - INFO - Filtered PMTfied file saved to: /lustre/hpc/project/icecube/HE_Nu_Aske_Oct2024/PMTfied_filtered/Snowstorm/MuonLike/22012/10/PMTfied_9.parquet
2025-02-15 12:03:28 - INFO - Filtered PMTfied file saved to: /lustre/hpc/project/icecube/HE_Nu_Aske_Oct2024/PMTfied_filtered/Snowstorm/MuonLike/22012/10/PMTfied_10.parquet
2025-02-15 12:03:30 - INFO - Filtered PMTfied file saved to: /lustre/hpc/project/icecube/HE_Nu_Aske_Oct2024/PMTfied_filtered/Snowstorm/MuonLike/22012/10/PMTfied_14.parquet
2025-02-15 12:03:31 - INFO - Filtered PMTfied file saved to: /lustre/hpc/project/icecube/HE_Nu_Aske_Oct2024/PMTfied_filtered/Snowstorm/MuonLike/22012/10/PMTfied_8.parquet
2025-02-15 12:03:33 - INFO - Filtered PMTfied file saved to: /lustre/hpc/project/icecube/HE_Nu_Aske_Oct2024/PMTfied_filtered/Snowstorm/MuonLike/22012/10/PMTfied_4.parquet
2025-02-15 12:03:34 - INFO - Filtered PMTfied file saved to: /lustre/hpc/project/icecube/HE_Nu_Aske_Oct2024/PMTfied_filtered/Snowstorm/MuonLike/22012/10/PMTfied_11.parquet
2025-02-15 12:03:36 - INFO - Filtered PMTfied file saved to: /lustre/hpc/project/icecube/HE_Nu_Aske_Oct2024/PMTfied_filtered/Snowstorm/MuonLike/22012/10/PMTfied_15.parquet
2025-02-15 12:03:37 - INFO - Filtered PMTfied file saved to: /lustre/hpc/project/icecube/HE_Nu_Aske_Oct2024/PMTfied_filtered/Snowstorm/MuonLike/22012/10/PMTfied_6.parquet
2025-02-15 12:03:39 - INFO - Filtered PMTfied file saved to: /lustre/hpc/project/icecube/HE_Nu_Aske_Oct2024/PMTfied_filtered/Snowstorm/MuonLike/22012/10/PMTfied_2.parquet
2025-02-15 12:03:41 - INFO - Filtered PMTfied file saved to: /lustre/hpc/project/icecube/HE_Nu_Aske_Oct2024/PMTfied_filtered/Snowstorm/MuonLike/22012/10/PMTfied_13.parquet
2025-02-15 12:03:42 - INFO - Filtered PMTfied file saved to: /lustre/hpc/project/icecube/HE_Nu_Aske_Oct2024/PMTfied_filtered/Snowstorm/MuonLike/22012/10/PMTfied_7.parquet
2025-02-15 12:03:44 - INFO - Filtered PMTfied file saved to: /lustre/hpc/project/icecube/HE_Nu_Aske_Oct2024/PMTfied_filtered/Snowstorm/MuonLike/22012/10/PMTfied_3.parquet
2025-02-15 12:03:45 - INFO - Filtered PMTfied file saved to: /lustre/hpc/project/icecube/HE_Nu_Aske_Oct2024/PMTfied_filtered/Snowstorm/MuonLike/22012/10/PMTfied_12.parquet
2025-02-15 12:03:45 - INFO - Filtering process completed.
2025-02-15 12:03:45 - INFO - Filtering process completed.
2025-02-15 12:03:45 - INFO - Unified receipt generated: /lustre/hpc/project/icecube/HE_Nu_Aske_Oct2024/PMTfied_filtered/Snowstorm/MuonLike/22012/[Receipt]22012_10.json
2025-02-15 12:03:45 - INFO - Filtering process completed.
Job completed at Sat Feb 15 12:03:46 PM CET 2025
