Starting job at Sat Feb 15 12:03:56 PM CET 2025
Running Filter_by_part.py for subdirectory 22012, part 17
2025-02-15 12:03:56 - INFO - Event filtering process starts...
2025-02-15 12:03:56 - INFO - Initialized Muon13Filter filter for 22012/17
2025-02-15 12:03:57 - INFO - Extracted 25885 valid events where MuonFilter_13==True.
2025-02-15 12:03:57 - INFO - Initialized CompositeEventFilter filter for 22012/17
2025-02-15 12:03:57 - INFO - Initialized (MuonLike)
2025-02-15 12:03:57 - INFO - Starting filtering process for 22012/17
2025-02-15 12:03:57 - INFO - Starting filtering process for 22012/17
2025-02-15 12:03:58 - INFO - Recalculated 'offset' column based on filtered 'N_doms' values.
2025-02-15 12:03:58 - INFO - Filtered truth file saved to: /lustre/hpc/project/icecube/HE_Nu_Aske_Oct2024/PMTfied_filtered/Snowstorm/MuonLike/22012/truth_17.parquet
2025-02-15 12:04:00 - INFO - Filtered PMTfied file saved to: /lustre/hpc/project/icecube/HE_Nu_Aske_Oct2024/PMTfied_filtered/Snowstorm/MuonLike/22012/17/PMTfied_11.parquet
2025-02-15 12:04:01 - INFO - Filtered PMTfied file saved to: /lustre/hpc/project/icecube/HE_Nu_Aske_Oct2024/PMTfied_filtered/Snowstorm/MuonLike/22012/17/PMTfied_15.parquet
2025-02-15 12:04:03 - INFO - Filtered PMTfied file saved to: /lustre/hpc/project/icecube/HE_Nu_Aske_Oct2024/PMTfied_filtered/Snowstorm/MuonLike/22012/17/PMTfied_4.parquet
2025-02-15 12:04:04 - INFO - Filtered PMTfied file saved to: /lustre/hpc/project/icecube/HE_Nu_Aske_Oct2024/PMTfied_filtered/Snowstorm/MuonLike/22012/17/PMTfied_8.parquet
2025-02-15 12:04:06 - INFO - Filtered PMTfied file saved to: /lustre/hpc/project/icecube/HE_Nu_Aske_Oct2024/PMTfied_filtered/Snowstorm/MuonLike/22012/17/PMTfied_9.parquet
2025-02-15 12:04:07 - INFO - Filtered PMTfied file saved to: /lustre/hpc/project/icecube/HE_Nu_Aske_Oct2024/PMTfied_filtered/Snowstorm/MuonLike/22012/17/PMTfied_1.parquet
2025-02-15 12:04:09 - INFO - Filtered PMTfied file saved to: /lustre/hpc/project/icecube/HE_Nu_Aske_Oct2024/PMTfied_filtered/Snowstorm/MuonLike/22012/17/PMTfied_5.parquet
2025-02-15 12:04:10 - INFO - Filtered PMTfied file saved to: /lustre/hpc/project/icecube/HE_Nu_Aske_Oct2024/PMTfied_filtered/Snowstorm/MuonLike/22012/17/PMTfied_10.parquet
2025-02-15 12:04:12 - INFO - Filtered PMTfied file saved to: /lustre/hpc/project/icecube/HE_Nu_Aske_Oct2024/PMTfied_filtered/Snowstorm/MuonLike/22012/17/PMTfied_14.parquet
2025-02-15 12:04:14 - INFO - Filtered PMTfied file saved to: /lustre/hpc/project/icecube/HE_Nu_Aske_Oct2024/PMTfied_filtered/Snowstorm/MuonLike/22012/17/PMTfied_3.parquet
2025-02-15 12:04:15 - INFO - Filtered PMTfied file saved to: /lustre/hpc/project/icecube/HE_Nu_Aske_Oct2024/PMTfied_filtered/Snowstorm/MuonLike/22012/17/PMTfied_7.parquet
2025-02-15 12:04:17 - INFO - Filtered PMTfied file saved to: /lustre/hpc/project/icecube/HE_Nu_Aske_Oct2024/PMTfied_filtered/Snowstorm/MuonLike/22012/17/PMTfied_12.parquet
2025-02-15 12:04:18 - INFO - Filtered PMTfied file saved to: /lustre/hpc/project/icecube/HE_Nu_Aske_Oct2024/PMTfied_filtered/Snowstorm/MuonLike/22012/17/PMTfied_13.parquet
2025-02-15 12:04:20 - INFO - Filtered PMTfied file saved to: /lustre/hpc/project/icecube/HE_Nu_Aske_Oct2024/PMTfied_filtered/Snowstorm/MuonLike/22012/17/PMTfied_2.parquet
2025-02-15 12:04:21 - INFO - Filtered PMTfied file saved to: /lustre/hpc/project/icecube/HE_Nu_Aske_Oct2024/PMTfied_filtered/Snowstorm/MuonLike/22012/17/PMTfied_6.parquet
2025-02-15 12:04:21 - INFO - Filtering process completed.
2025-02-15 12:04:21 - INFO - Filtering process completed.
2025-02-15 12:04:22 - INFO - Unified receipt generated: /lustre/hpc/project/icecube/HE_Nu_Aske_Oct2024/PMTfied_filtered/Snowstorm/MuonLike/22012/[Receipt]22012_17.json
2025-02-15 12:04:22 - INFO - Filtering process completed.
Job completed at Sat Feb 15 12:04:22 PM CET 2025
