Starting job at Sat Feb 15 01:49:22 PM CET 2025
Running Filter_by_part.py for subdirectory 22012, part 17
2025-02-15 13:49:23 - INFO - Event filtering process starts...
2025-02-15 13:49:23 - INFO - Initialized PureNeutrinoEventFilter filter for 22012/17
2025-02-15 13:49:23 - INFO - Loaded 14 event specifier files from /lustre/hpc/project/icecube/HE_Nu_Aske_Oct2024/clean_events_dict/22012/22012/reduced
2025-02-15 13:49:23 - INFO - Selected 2 CSV files covering event range [8874, 9525]
2025-02-15 13:49:23 - INFO - Loaded 123944 valid (RunID, EventID) pairs from CSV files
2025-02-15 13:49:23 - INFO - Extracted 22399 valid events based on pure neutrino events.
2025-02-15 13:49:23 - INFO - Initialized Muon13Filter filter for 22012/17
2025-02-15 13:49:23 - INFO - Extracted 25885 valid events where MuonFilter_13==True.
2025-02-15 13:49:23 - INFO - Initialized CompositeEventFilter filter for 22012/17
2025-02-15 13:49:23 - INFO - Initialized (MuonLike_PureNu)
2025-02-15 13:49:23 - INFO - Starting filtering process for 22012/17
2025-02-15 13:49:23 - INFO - Starting filtering process for 22012/17
2025-02-15 13:49:24 - INFO - Recalculated 'offset' column based on filtered 'N_doms' values.
2025-02-15 13:49:24 - INFO - Filtered truth file saved to: /lustre/hpc/project/icecube/HE_Nu_Aske_Oct2024/PMTfied_filtered/Snowstorm/MuonLike_PureNu/22012/truth_17.parquet
2025-02-15 13:49:26 - INFO - Filtered PMTfied file saved to: /lustre/hpc/project/icecube/HE_Nu_Aske_Oct2024/PMTfied_filtered/Snowstorm/MuonLike_PureNu/22012/17/PMTfied_11.parquet
2025-02-15 13:49:26 - INFO - Filtered PMTfied file saved to: /lustre/hpc/project/icecube/HE_Nu_Aske_Oct2024/PMTfied_filtered/Snowstorm/MuonLike_PureNu/22012/17/PMTfied_15.parquet
2025-02-15 13:49:28 - INFO - Filtered PMTfied file saved to: /lustre/hpc/project/icecube/HE_Nu_Aske_Oct2024/PMTfied_filtered/Snowstorm/MuonLike_PureNu/22012/17/PMTfied_4.parquet
2025-02-15 13:49:29 - INFO - Filtered PMTfied file saved to: /lustre/hpc/project/icecube/HE_Nu_Aske_Oct2024/PMTfied_filtered/Snowstorm/MuonLike_PureNu/22012/17/PMTfied_8.parquet
2025-02-15 13:49:30 - INFO - Filtered PMTfied file saved to: /lustre/hpc/project/icecube/HE_Nu_Aske_Oct2024/PMTfied_filtered/Snowstorm/MuonLike_PureNu/22012/17/PMTfied_9.parquet
2025-02-15 13:49:32 - INFO - Filtered PMTfied file saved to: /lustre/hpc/project/icecube/HE_Nu_Aske_Oct2024/PMTfied_filtered/Snowstorm/MuonLike_PureNu/22012/17/PMTfied_1.parquet
2025-02-15 13:49:33 - INFO - Filtered PMTfied file saved to: /lustre/hpc/project/icecube/HE_Nu_Aske_Oct2024/PMTfied_filtered/Snowstorm/MuonLike_PureNu/22012/17/PMTfied_5.parquet
2025-02-15 13:49:35 - INFO - Filtered PMTfied file saved to: /lustre/hpc/project/icecube/HE_Nu_Aske_Oct2024/PMTfied_filtered/Snowstorm/MuonLike_PureNu/22012/17/PMTfied_10.parquet
2025-02-15 13:49:36 - INFO - Filtered PMTfied file saved to: /lustre/hpc/project/icecube/HE_Nu_Aske_Oct2024/PMTfied_filtered/Snowstorm/MuonLike_PureNu/22012/17/PMTfied_14.parquet
2025-02-15 13:49:37 - INFO - Filtered PMTfied file saved to: /lustre/hpc/project/icecube/HE_Nu_Aske_Oct2024/PMTfied_filtered/Snowstorm/MuonLike_PureNu/22012/17/PMTfied_3.parquet
2025-02-15 13:49:39 - INFO - Filtered PMTfied file saved to: /lustre/hpc/project/icecube/HE_Nu_Aske_Oct2024/PMTfied_filtered/Snowstorm/MuonLike_PureNu/22012/17/PMTfied_7.parquet
2025-02-15 13:49:40 - INFO - Filtered PMTfied file saved to: /lustre/hpc/project/icecube/HE_Nu_Aske_Oct2024/PMTfied_filtered/Snowstorm/MuonLike_PureNu/22012/17/PMTfied_12.parquet
2025-02-15 13:49:42 - INFO - Filtered PMTfied file saved to: /lustre/hpc/project/icecube/HE_Nu_Aske_Oct2024/PMTfied_filtered/Snowstorm/MuonLike_PureNu/22012/17/PMTfied_13.parquet
2025-02-15 13:49:43 - INFO - Filtered PMTfied file saved to: /lustre/hpc/project/icecube/HE_Nu_Aske_Oct2024/PMTfied_filtered/Snowstorm/MuonLike_PureNu/22012/17/PMTfied_2.parquet
2025-02-15 13:49:44 - INFO - Filtered PMTfied file saved to: /lustre/hpc/project/icecube/HE_Nu_Aske_Oct2024/PMTfied_filtered/Snowstorm/MuonLike_PureNu/22012/17/PMTfied_6.parquet
2025-02-15 13:49:44 - INFO - Filtering process completed.
2025-02-15 13:49:44 - INFO - Filtering process completed.
2025-02-15 13:49:44 - INFO - Unified receipt generated: /lustre/hpc/project/icecube/HE_Nu_Aske_Oct2024/PMTfied_filtered/Snowstorm/MuonLike_PureNu/22012/[Receipt]22012_17.json
2025-02-15 13:49:44 - INFO - Filtering process completed.
Job completed at Sat Feb 15 01:49:44 PM CET 2025
