Starting job at Sat Feb 15 12:55:58 PM CET 2025
Running Filter_by_part.py for subdirectory 22012, part 12
2025-02-15 12:55:59 - INFO - Event filtering process starts...
2025-02-15 12:55:59 - INFO - Initialized Muon13Filter filter for 22012/12
2025-02-15 12:55:59 - INFO - Extracted 25744 valid events where MuonFilter_13==True.
2025-02-15 12:55:59 - INFO - Initialized CompositeEventFilter filter for 22012/12
2025-02-15 12:55:59 - INFO - Initialized (MuonLike)
2025-02-15 12:55:59 - INFO - Starting filtering process for 22012/12
2025-02-15 12:55:59 - INFO - Starting filtering process for 22012/12
2025-02-15 12:56:00 - INFO - Recalculated 'offset' column based on filtered 'N_doms' values.
2025-02-15 12:56:01 - INFO - Filtered truth file saved to: /lustre/hpc/project/icecube/HE_Nu_Aske_Oct2024/PMTfied_filtered/Snowstorm/MuonLike/22012/truth_12.parquet
2025-02-15 12:56:02 - INFO - Filtered PMTfied file saved to: /lustre/hpc/project/icecube/HE_Nu_Aske_Oct2024/PMTfied_filtered/Snowstorm/MuonLike/22012/12/PMTfied_6.parquet
2025-02-15 12:56:04 - INFO - Filtered PMTfied file saved to: /lustre/hpc/project/icecube/HE_Nu_Aske_Oct2024/PMTfied_filtered/Snowstorm/MuonLike/22012/12/PMTfied_2.parquet
2025-02-15 12:56:06 - INFO - Filtered PMTfied file saved to: /lustre/hpc/project/icecube/HE_Nu_Aske_Oct2024/PMTfied_filtered/Snowstorm/MuonLike/22012/12/PMTfied_12.parquet
2025-02-15 12:56:08 - INFO - Filtered PMTfied file saved to: /lustre/hpc/project/icecube/HE_Nu_Aske_Oct2024/PMTfied_filtered/Snowstorm/MuonLike/22012/12/PMTfied_7.parquet
2025-02-15 12:56:09 - INFO - Filtered PMTfied file saved to: /lustre/hpc/project/icecube/HE_Nu_Aske_Oct2024/PMTfied_filtered/Snowstorm/MuonLike/22012/12/PMTfied_3.parquet
2025-02-15 12:56:11 - INFO - Filtered PMTfied file saved to: /lustre/hpc/project/icecube/HE_Nu_Aske_Oct2024/PMTfied_filtered/Snowstorm/MuonLike/22012/12/PMTfied_13.parquet
2025-02-15 12:56:12 - INFO - Filtered PMTfied file saved to: /lustre/hpc/project/icecube/HE_Nu_Aske_Oct2024/PMTfied_filtered/Snowstorm/MuonLike/22012/12/PMTfied_15.parquet
2025-02-15 12:56:14 - INFO - Filtered PMTfied file saved to: /lustre/hpc/project/icecube/HE_Nu_Aske_Oct2024/PMTfied_filtered/Snowstorm/MuonLike/22012/12/PMTfied_5.parquet
2025-02-15 12:56:15 - INFO - Filtered PMTfied file saved to: /lustre/hpc/project/icecube/HE_Nu_Aske_Oct2024/PMTfied_filtered/Snowstorm/MuonLike/22012/12/PMTfied_11.parquet
2025-02-15 12:56:17 - INFO - Filtered PMTfied file saved to: /lustre/hpc/project/icecube/HE_Nu_Aske_Oct2024/PMTfied_filtered/Snowstorm/MuonLike/22012/12/PMTfied_1.parquet
2025-02-15 12:56:19 - INFO - Filtered PMTfied file saved to: /lustre/hpc/project/icecube/HE_Nu_Aske_Oct2024/PMTfied_filtered/Snowstorm/MuonLike/22012/12/PMTfied_9.parquet
2025-02-15 12:56:20 - INFO - Filtered PMTfied file saved to: /lustre/hpc/project/icecube/HE_Nu_Aske_Oct2024/PMTfied_filtered/Snowstorm/MuonLike/22012/12/PMTfied_8.parquet
2025-02-15 12:56:22 - INFO - Filtered PMTfied file saved to: /lustre/hpc/project/icecube/HE_Nu_Aske_Oct2024/PMTfied_filtered/Snowstorm/MuonLike/22012/12/PMTfied_14.parquet
2025-02-15 12:56:24 - INFO - Filtered PMTfied file saved to: /lustre/hpc/project/icecube/HE_Nu_Aske_Oct2024/PMTfied_filtered/Snowstorm/MuonLike/22012/12/PMTfied_4.parquet
2025-02-15 12:56:26 - INFO - Filtered PMTfied file saved to: /lustre/hpc/project/icecube/HE_Nu_Aske_Oct2024/PMTfied_filtered/Snowstorm/MuonLike/22012/12/PMTfied_10.parquet
2025-02-15 12:56:26 - INFO - Filtering process completed.
2025-02-15 12:56:26 - INFO - Filtering process completed.
2025-02-15 12:56:26 - INFO - Unified receipt generated: /lustre/hpc/project/icecube/HE_Nu_Aske_Oct2024/PMTfied_filtered/Snowstorm/MuonLike/22012/[Receipt]22012_12.json
2025-02-15 12:56:26 - INFO - Filtering process completed.
Job completed at Sat Feb 15 12:56:26 PM CET 2025
