Starting job at Mon Feb 24 01:09:09 PM CET 2025
Running Filter_by_part.py for subdirectory 22012, part 17
2025-02-24 13:09:09 - INFO - Event filtering process starts...
2025-02-24 13:09:09 - INFO - Initialized PureNeutrinoEventFilter filter for 22012/17
2025-02-24 13:09:10 - INFO - Loaded 14 event specifier files from /lustre/hpc/project/icecube/HE_Nu_Aske_Oct2024/clean_events_dict/22012/22012/reduced
2025-02-24 13:09:10 - INFO - Selected 2 CSV files covering event range [8874, 9525]
2025-02-24 13:09:10 - INFO - Loaded 123944 valid (RunID, EventID) pairs from CSV files
2025-02-24 13:09:10 - INFO - Extracted 22399 valid events based on pure neutrino events.
2025-02-24 13:09:10 - INFO - Initialized Muon13Filter filter for 22012/17
2025-02-24 13:09:10 - INFO - Extracted 25885 valid events where MuonFilter_13==True.
2025-02-24 13:09:10 - INFO - Initialized CCFilter filter for 22012/17
2025-02-24 13:09:10 - INFO - Extracted 26615 valid events which are CC interactions.
2025-02-24 13:09:10 - INFO - Initialized CompositeEventFilter filter for 22012/17
2025-02-24 13:09:10 - INFO - Initialized (CC_CRclean_MuonLike)
2025-02-24 13:09:10 - INFO - Starting filtering process for 22012/17
2025-02-24 13:09:10 - INFO - Starting filtering process for 22012/17
2025-02-24 13:09:11 - INFO - Recalculated 'offset' column based on 'N_doms' values within each 'shard_no' group.
2025-02-24 13:09:12 - INFO - Filtered truth file saved to: /lustre/hpc/project/icecube/HE_Nu_Aske_Oct2024/PMTfied_filtered/Snowstorm/CC_CRclean_MuonLike/22012/truth_17.parquet
2025-02-24 13:09:13 - INFO - Filtered PMTfied file saved to: /lustre/hpc/project/icecube/HE_Nu_Aske_Oct2024/PMTfied_filtered/Snowstorm/CC_CRclean_MuonLike/22012/17/PMTfied_11.parquet
2025-02-24 13:09:14 - INFO - Filtered PMTfied file saved to: /lustre/hpc/project/icecube/HE_Nu_Aske_Oct2024/PMTfied_filtered/Snowstorm/CC_CRclean_MuonLike/22012/17/PMTfied_15.parquet
2025-02-24 13:09:15 - INFO - Filtered PMTfied file saved to: /lustre/hpc/project/icecube/HE_Nu_Aske_Oct2024/PMTfied_filtered/Snowstorm/CC_CRclean_MuonLike/22012/17/PMTfied_4.parquet
2025-02-24 13:09:17 - INFO - Filtered PMTfied file saved to: /lustre/hpc/project/icecube/HE_Nu_Aske_Oct2024/PMTfied_filtered/Snowstorm/CC_CRclean_MuonLike/22012/17/PMTfied_8.parquet
2025-02-24 13:09:18 - INFO - Filtered PMTfied file saved to: /lustre/hpc/project/icecube/HE_Nu_Aske_Oct2024/PMTfied_filtered/Snowstorm/CC_CRclean_MuonLike/22012/17/PMTfied_9.parquet
2025-02-24 13:09:20 - INFO - Filtered PMTfied file saved to: /lustre/hpc/project/icecube/HE_Nu_Aske_Oct2024/PMTfied_filtered/Snowstorm/CC_CRclean_MuonLike/22012/17/PMTfied_1.parquet
2025-02-24 13:09:21 - INFO - Filtered PMTfied file saved to: /lustre/hpc/project/icecube/HE_Nu_Aske_Oct2024/PMTfied_filtered/Snowstorm/CC_CRclean_MuonLike/22012/17/PMTfied_5.parquet
2025-02-24 13:09:23 - INFO - Filtered PMTfied file saved to: /lustre/hpc/project/icecube/HE_Nu_Aske_Oct2024/PMTfied_filtered/Snowstorm/CC_CRclean_MuonLike/22012/17/PMTfied_10.parquet
2025-02-24 13:09:24 - INFO - Filtered PMTfied file saved to: /lustre/hpc/project/icecube/HE_Nu_Aske_Oct2024/PMTfied_filtered/Snowstorm/CC_CRclean_MuonLike/22012/17/PMTfied_14.parquet
2025-02-24 13:09:25 - INFO - Filtered PMTfied file saved to: /lustre/hpc/project/icecube/HE_Nu_Aske_Oct2024/PMTfied_filtered/Snowstorm/CC_CRclean_MuonLike/22012/17/PMTfied_3.parquet
2025-02-24 13:09:27 - INFO - Filtered PMTfied file saved to: /lustre/hpc/project/icecube/HE_Nu_Aske_Oct2024/PMTfied_filtered/Snowstorm/CC_CRclean_MuonLike/22012/17/PMTfied_7.parquet
2025-02-24 13:09:28 - INFO - Filtered PMTfied file saved to: /lustre/hpc/project/icecube/HE_Nu_Aske_Oct2024/PMTfied_filtered/Snowstorm/CC_CRclean_MuonLike/22012/17/PMTfied_12.parquet
2025-02-24 13:09:30 - INFO - Filtered PMTfied file saved to: /lustre/hpc/project/icecube/HE_Nu_Aske_Oct2024/PMTfied_filtered/Snowstorm/CC_CRclean_MuonLike/22012/17/PMTfied_13.parquet
2025-02-24 13:09:31 - INFO - Filtered PMTfied file saved to: /lustre/hpc/project/icecube/HE_Nu_Aske_Oct2024/PMTfied_filtered/Snowstorm/CC_CRclean_MuonLike/22012/17/PMTfied_2.parquet
2025-02-24 13:09:32 - INFO - Filtered PMTfied file saved to: /lustre/hpc/project/icecube/HE_Nu_Aske_Oct2024/PMTfied_filtered/Snowstorm/CC_CRclean_MuonLike/22012/17/PMTfied_6.parquet
2025-02-24 13:09:32 - INFO - Filtering process completed.
2025-02-24 13:09:32 - INFO - Filtering process completed.
2025-02-24 13:09:32 - INFO - Unified receipt generated: /lustre/hpc/project/icecube/HE_Nu_Aske_Oct2024/PMTfied_filtered/Snowstorm/CC_CRclean_MuonLike/22012/[Receipt]22012_17.json
2025-02-24 13:09:32 - INFO - Filtering process completed.
Job completed at Mon Feb 24 01:09:32 PM CET 2025
