Starting job at Sat Feb 15 01:48:16 PM CET 2025
Running Filter_by_part.py for subdirectory 22012, part 5
2025-02-15 13:48:17 - INFO - Event filtering process starts...
2025-02-15 13:48:17 - INFO - Initialized PureNeutrinoEventFilter filter for 22012/5
2025-02-15 13:48:17 - INFO - Loaded 14 event specifier files from /lustre/hpc/project/icecube/HE_Nu_Aske_Oct2024/clean_events_dict/22012/22012/reduced
2025-02-15 13:48:17 - INFO - Selected 1 CSV files covering event range [2184, 2817]
2025-02-15 13:48:17 - INFO - Loaded 61626 valid (RunID, EventID) pairs from CSV files
2025-02-15 13:48:17 - INFO - Extracted 22196 valid events based on pure neutrino events.
2025-02-15 13:48:17 - INFO - Initialized Muon13Filter filter for 22012/5
2025-02-15 13:48:17 - INFO - Extracted 25692 valid events where MuonFilter_13==True.
2025-02-15 13:48:17 - INFO - Initialized CompositeEventFilter filter for 22012/5
2025-02-15 13:48:17 - INFO - Initialized (MuonLike_PureNu)
2025-02-15 13:48:17 - INFO - Starting filtering process for 22012/5
2025-02-15 13:48:17 - INFO - Starting filtering process for 22012/5
2025-02-15 13:48:18 - INFO - Recalculated 'offset' column based on filtered 'N_doms' values.
2025-02-15 13:48:18 - INFO - Filtered truth file saved to: /lustre/hpc/project/icecube/HE_Nu_Aske_Oct2024/PMTfied_filtered/Snowstorm/MuonLike_PureNu/22012/truth_5.parquet
2025-02-15 13:48:20 - INFO - Filtered PMTfied file saved to: /lustre/hpc/project/icecube/HE_Nu_Aske_Oct2024/PMTfied_filtered/Snowstorm/MuonLike_PureNu/22012/5/PMTfied_14.parquet
2025-02-15 13:48:21 - INFO - Filtered PMTfied file saved to: /lustre/hpc/project/icecube/HE_Nu_Aske_Oct2024/PMTfied_filtered/Snowstorm/MuonLike_PureNu/22012/5/PMTfied_10.parquet
2025-02-15 13:48:22 - INFO - Filtered PMTfied file saved to: /lustre/hpc/project/icecube/HE_Nu_Aske_Oct2024/PMTfied_filtered/Snowstorm/MuonLike_PureNu/22012/5/PMTfied_3.parquet
2025-02-15 13:48:24 - INFO - Filtered PMTfied file saved to: /lustre/hpc/project/icecube/HE_Nu_Aske_Oct2024/PMTfied_filtered/Snowstorm/MuonLike_PureNu/22012/5/PMTfied_7.parquet
2025-02-15 13:48:24 - INFO - Filtered PMTfied file saved to: /lustre/hpc/project/icecube/HE_Nu_Aske_Oct2024/PMTfied_filtered/Snowstorm/MuonLike_PureNu/22012/5/PMTfied_15.parquet
2025-02-15 13:48:26 - INFO - Filtered PMTfied file saved to: /lustre/hpc/project/icecube/HE_Nu_Aske_Oct2024/PMTfied_filtered/Snowstorm/MuonLike_PureNu/22012/5/PMTfied_11.parquet
2025-02-15 13:48:27 - INFO - Filtered PMTfied file saved to: /lustre/hpc/project/icecube/HE_Nu_Aske_Oct2024/PMTfied_filtered/Snowstorm/MuonLike_PureNu/22012/5/PMTfied_2.parquet
2025-02-15 13:48:28 - INFO - Filtered PMTfied file saved to: /lustre/hpc/project/icecube/HE_Nu_Aske_Oct2024/PMTfied_filtered/Snowstorm/MuonLike_PureNu/22012/5/PMTfied_6.parquet
2025-02-15 13:48:30 - INFO - Filtered PMTfied file saved to: /lustre/hpc/project/icecube/HE_Nu_Aske_Oct2024/PMTfied_filtered/Snowstorm/MuonLike_PureNu/22012/5/PMTfied_4.parquet
2025-02-15 13:48:31 - INFO - Filtered PMTfied file saved to: /lustre/hpc/project/icecube/HE_Nu_Aske_Oct2024/PMTfied_filtered/Snowstorm/MuonLike_PureNu/22012/5/PMTfied_8.parquet
2025-02-15 13:48:32 - INFO - Filtered PMTfied file saved to: /lustre/hpc/project/icecube/HE_Nu_Aske_Oct2024/PMTfied_filtered/Snowstorm/MuonLike_PureNu/22012/5/PMTfied_13.parquet
2025-02-15 13:48:34 - INFO - Filtered PMTfied file saved to: /lustre/hpc/project/icecube/HE_Nu_Aske_Oct2024/PMTfied_filtered/Snowstorm/MuonLike_PureNu/22012/5/PMTfied_9.parquet
2025-02-15 13:48:35 - INFO - Filtered PMTfied file saved to: /lustre/hpc/project/icecube/HE_Nu_Aske_Oct2024/PMTfied_filtered/Snowstorm/MuonLike_PureNu/22012/5/PMTfied_1.parquet
2025-02-15 13:48:36 - INFO - Filtered PMTfied file saved to: /lustre/hpc/project/icecube/HE_Nu_Aske_Oct2024/PMTfied_filtered/Snowstorm/MuonLike_PureNu/22012/5/PMTfied_5.parquet
2025-02-15 13:48:38 - INFO - Filtered PMTfied file saved to: /lustre/hpc/project/icecube/HE_Nu_Aske_Oct2024/PMTfied_filtered/Snowstorm/MuonLike_PureNu/22012/5/PMTfied_12.parquet
2025-02-15 13:48:38 - INFO - Filtering process completed.
2025-02-15 13:48:38 - INFO - Filtering process completed.
2025-02-15 13:48:38 - INFO - Unified receipt generated: /lustre/hpc/project/icecube/HE_Nu_Aske_Oct2024/PMTfied_filtered/Snowstorm/MuonLike_PureNu/22012/[Receipt]22012_5.json
2025-02-15 13:48:38 - INFO - Filtering process completed.
Job completed at Sat Feb 15 01:48:38 PM CET 2025
