Starting job at Thu Feb 13 05:54:35 PM CET 2025
Running Filter_by_part.py for subdirectory 22012, part 3
2025-02-13 17:54:36 - INFO - Event filtering process starts...
2025-02-13 17:54:36 - INFO - Initialized PureNeutrinoEventFilter
2025-02-13 17:54:36 - INFO - Starting filtering process for 22012/3
2025-02-13 17:54:36 - INFO - Loaded 14 event specifier files from /lustre/hpc/project/icecube/HE_Nu_Aske_Oct2024/clean_events_dict/22012/22012/reduced
2025-02-13 17:54:36 - INFO - Selected 1 CSV files covering event range [1105, 1667]
2025-02-13 17:54:36 - INFO - Loaded 62364 valid (RunID, EventID) pairs from CSV files
2025-02-13 17:54:37 - INFO - Recalculated 'offset' column based on filtered 'N_doms' values.
2025-02-13 17:54:37 - INFO - Filtered truth file saved to: /lustre/hpc/project/icecube/HE_Nu_Aske_Oct2024/PMTfied_filtered/PureNu/Snowstorm/22012/truth_3.parquet
2025-02-13 17:54:37 - INFO - Receipt file saved to: /lustre/hpc/project/icecube/HE_Nu_Aske_Oct2024/PMTfied_filtered/PureNu/Snowstorm/22012/[Receipt]22012_3.json
2025-02-13 17:54:39 - INFO - Filtered PMTfied file saved to: /lustre/hpc/project/icecube/HE_Nu_Aske_Oct2024/PMTfied_filtered/PureNu/Snowstorm/22012/3/PMTfied_12.parquet
2025-02-13 17:54:41 - INFO - Filtered PMTfied file saved to: /lustre/hpc/project/icecube/HE_Nu_Aske_Oct2024/PMTfied_filtered/PureNu/Snowstorm/22012/3/PMTfied_6.parquet
2025-02-13 17:54:42 - INFO - Filtered PMTfied file saved to: /lustre/hpc/project/icecube/HE_Nu_Aske_Oct2024/PMTfied_filtered/PureNu/Snowstorm/22012/3/PMTfied_2.parquet
2025-02-13 17:54:43 - INFO - Filtered PMTfied file saved to: /lustre/hpc/project/icecube/HE_Nu_Aske_Oct2024/PMTfied_filtered/PureNu/Snowstorm/22012/3/PMTfied_7.parquet
2025-02-13 17:54:45 - INFO - Filtered PMTfied file saved to: /lustre/hpc/project/icecube/HE_Nu_Aske_Oct2024/PMTfied_filtered/PureNu/Snowstorm/22012/3/PMTfied_3.parquet
2025-02-13 17:54:46 - INFO - Filtered PMTfied file saved to: /lustre/hpc/project/icecube/HE_Nu_Aske_Oct2024/PMTfied_filtered/PureNu/Snowstorm/22012/3/PMTfied_13.parquet
2025-02-13 17:54:48 - INFO - Filtered PMTfied file saved to: /lustre/hpc/project/icecube/HE_Nu_Aske_Oct2024/PMTfied_filtered/PureNu/Snowstorm/22012/3/PMTfied_9.parquet
2025-02-13 17:54:50 - INFO - Filtered PMTfied file saved to: /lustre/hpc/project/icecube/HE_Nu_Aske_Oct2024/PMTfied_filtered/PureNu/Snowstorm/22012/3/PMTfied_5.parquet
2025-02-13 17:54:51 - INFO - Filtered PMTfied file saved to: /lustre/hpc/project/icecube/HE_Nu_Aske_Oct2024/PMTfied_filtered/PureNu/Snowstorm/22012/3/PMTfied_1.parquet
2025-02-13 17:54:52 - INFO - Filtered PMTfied file saved to: /lustre/hpc/project/icecube/HE_Nu_Aske_Oct2024/PMTfied_filtered/PureNu/Snowstorm/22012/3/PMTfied_15.parquet
2025-02-13 17:54:53 - INFO - Filtered PMTfied file saved to: /lustre/hpc/project/icecube/HE_Nu_Aske_Oct2024/PMTfied_filtered/PureNu/Snowstorm/22012/3/PMTfied_11.parquet
2025-02-13 17:54:55 - INFO - Filtered PMTfied file saved to: /lustre/hpc/project/icecube/HE_Nu_Aske_Oct2024/PMTfied_filtered/PureNu/Snowstorm/22012/3/PMTfied_14.parquet
2025-02-13 17:54:56 - INFO - Filtered PMTfied file saved to: /lustre/hpc/project/icecube/HE_Nu_Aske_Oct2024/PMTfied_filtered/PureNu/Snowstorm/22012/3/PMTfied_10.parquet
2025-02-13 17:54:58 - INFO - Filtered PMTfied file saved to: /lustre/hpc/project/icecube/HE_Nu_Aske_Oct2024/PMTfied_filtered/PureNu/Snowstorm/22012/3/PMTfied_4.parquet
2025-02-13 17:54:59 - INFO - Filtered PMTfied file saved to: /lustre/hpc/project/icecube/HE_Nu_Aske_Oct2024/PMTfied_filtered/PureNu/Snowstorm/22012/3/PMTfied_8.parquet
2025-02-13 17:54:59 - INFO - Filtering process completed.
2025-02-13 17:54:59 - INFO - Filtering process completed for all selected filters.
2025-02-13 17:54:59 - INFO - Execution time: 23.54 seconds
2025-02-13 17:54:59 - INFO - Updated receipt with execution time: /lustre/hpc/project/icecube/HE_Nu_Aske_Oct2024/PMTfied_filtered/PureNu/Snowstorm/22012/[Receipt]22012_3.json
Job completed at Thu Feb 13 05:54:59 PM CET 2025
