Starting job at Sat Feb 15 01:49:05 PM CET 2025
Running Filter_by_part.py for subdirectory 22012, part 12
2025-02-15 13:49:05 - INFO - Event filtering process starts...
2025-02-15 13:49:05 - INFO - Initialized PureNeutrinoEventFilter filter for 22012/12
2025-02-15 13:49:06 - INFO - Loaded 14 event specifier files from /lustre/hpc/project/icecube/HE_Nu_Aske_Oct2024/clean_events_dict/22012/22012/reduced
2025-02-15 13:49:06 - INFO - Selected 1 CSV files covering event range [6087, 6649]
2025-02-15 13:49:06 - INFO - Loaded 61649 valid (RunID, EventID) pairs from CSV files
2025-02-15 13:49:06 - INFO - Extracted 22168 valid events based on pure neutrino events.
2025-02-15 13:49:06 - INFO - Initialized Muon13Filter filter for 22012/12
2025-02-15 13:49:06 - INFO - Extracted 25744 valid events where MuonFilter_13==True.
2025-02-15 13:49:06 - INFO - Initialized CompositeEventFilter filter for 22012/12
2025-02-15 13:49:06 - INFO - Initialized (MuonLike_PureNu)
2025-02-15 13:49:06 - INFO - Starting filtering process for 22012/12
2025-02-15 13:49:06 - INFO - Starting filtering process for 22012/12
2025-02-15 13:49:07 - INFO - Recalculated 'offset' column based on filtered 'N_doms' values.
2025-02-15 13:49:07 - INFO - Filtered truth file saved to: /lustre/hpc/project/icecube/HE_Nu_Aske_Oct2024/PMTfied_filtered/Snowstorm/MuonLike_PureNu/22012/truth_12.parquet
2025-02-15 13:49:08 - INFO - Filtered PMTfied file saved to: /lustre/hpc/project/icecube/HE_Nu_Aske_Oct2024/PMTfied_filtered/Snowstorm/MuonLike_PureNu/22012/12/PMTfied_6.parquet
2025-02-15 13:49:10 - INFO - Filtered PMTfied file saved to: /lustre/hpc/project/icecube/HE_Nu_Aske_Oct2024/PMTfied_filtered/Snowstorm/MuonLike_PureNu/22012/12/PMTfied_2.parquet
2025-02-15 13:49:11 - INFO - Filtered PMTfied file saved to: /lustre/hpc/project/icecube/HE_Nu_Aske_Oct2024/PMTfied_filtered/Snowstorm/MuonLike_PureNu/22012/12/PMTfied_12.parquet
2025-02-15 13:49:13 - INFO - Filtered PMTfied file saved to: /lustre/hpc/project/icecube/HE_Nu_Aske_Oct2024/PMTfied_filtered/Snowstorm/MuonLike_PureNu/22012/12/PMTfied_7.parquet
2025-02-15 13:49:14 - INFO - Filtered PMTfied file saved to: /lustre/hpc/project/icecube/HE_Nu_Aske_Oct2024/PMTfied_filtered/Snowstorm/MuonLike_PureNu/22012/12/PMTfied_3.parquet
2025-02-15 13:49:15 - INFO - Filtered PMTfied file saved to: /lustre/hpc/project/icecube/HE_Nu_Aske_Oct2024/PMTfied_filtered/Snowstorm/MuonLike_PureNu/22012/12/PMTfied_13.parquet
2025-02-15 13:49:16 - INFO - Filtered PMTfied file saved to: /lustre/hpc/project/icecube/HE_Nu_Aske_Oct2024/PMTfied_filtered/Snowstorm/MuonLike_PureNu/22012/12/PMTfied_15.parquet
2025-02-15 13:49:17 - INFO - Filtered PMTfied file saved to: /lustre/hpc/project/icecube/HE_Nu_Aske_Oct2024/PMTfied_filtered/Snowstorm/MuonLike_PureNu/22012/12/PMTfied_5.parquet
2025-02-15 13:49:19 - INFO - Filtered PMTfied file saved to: /lustre/hpc/project/icecube/HE_Nu_Aske_Oct2024/PMTfied_filtered/Snowstorm/MuonLike_PureNu/22012/12/PMTfied_11.parquet
2025-02-15 13:49:20 - INFO - Filtered PMTfied file saved to: /lustre/hpc/project/icecube/HE_Nu_Aske_Oct2024/PMTfied_filtered/Snowstorm/MuonLike_PureNu/22012/12/PMTfied_1.parquet
2025-02-15 13:49:21 - INFO - Filtered PMTfied file saved to: /lustre/hpc/project/icecube/HE_Nu_Aske_Oct2024/PMTfied_filtered/Snowstorm/MuonLike_PureNu/22012/12/PMTfied_9.parquet
2025-02-15 13:49:23 - INFO - Filtered PMTfied file saved to: /lustre/hpc/project/icecube/HE_Nu_Aske_Oct2024/PMTfied_filtered/Snowstorm/MuonLike_PureNu/22012/12/PMTfied_8.parquet
2025-02-15 13:49:24 - INFO - Filtered PMTfied file saved to: /lustre/hpc/project/icecube/HE_Nu_Aske_Oct2024/PMTfied_filtered/Snowstorm/MuonLike_PureNu/22012/12/PMTfied_14.parquet
2025-02-15 13:49:26 - INFO - Filtered PMTfied file saved to: /lustre/hpc/project/icecube/HE_Nu_Aske_Oct2024/PMTfied_filtered/Snowstorm/MuonLike_PureNu/22012/12/PMTfied_4.parquet
2025-02-15 13:49:27 - INFO - Filtered PMTfied file saved to: /lustre/hpc/project/icecube/HE_Nu_Aske_Oct2024/PMTfied_filtered/Snowstorm/MuonLike_PureNu/22012/12/PMTfied_10.parquet
2025-02-15 13:49:27 - INFO - Filtering process completed.
2025-02-15 13:49:27 - INFO - Filtering process completed.
2025-02-15 13:49:27 - INFO - Unified receipt generated: /lustre/hpc/project/icecube/HE_Nu_Aske_Oct2024/PMTfied_filtered/Snowstorm/MuonLike_PureNu/22012/[Receipt]22012_12.json
2025-02-15 13:49:27 - INFO - Filtering process completed.
Job completed at Sat Feb 15 01:49:27 PM CET 2025
