Starting job at Sat Feb 15 12:04:13 PM CET 2025
Running Filter_by_part.py for subdirectory 22012, part 20
2025-02-15 12:04:13 - INFO - Event filtering process starts...
2025-02-15 12:04:13 - INFO - Initialized Muon13Filter filter for 22012/20
2025-02-15 12:04:13 - INFO - Extracted 26557 valid events where MuonFilter_13==True.
2025-02-15 12:04:13 - INFO - Initialized CompositeEventFilter filter for 22012/20
2025-02-15 12:04:13 - INFO - Initialized (MuonLike)
2025-02-15 12:04:13 - INFO - Starting filtering process for 22012/20
2025-02-15 12:04:13 - INFO - Starting filtering process for 22012/20
2025-02-15 12:04:15 - INFO - Recalculated 'offset' column based on filtered 'N_doms' values.
2025-02-15 12:04:15 - INFO - Filtered truth file saved to: /lustre/hpc/project/icecube/HE_Nu_Aske_Oct2024/PMTfied_filtered/Snowstorm/MuonLike/22012/truth_20.parquet
2025-02-15 12:04:17 - INFO - Filtered PMTfied file saved to: /lustre/hpc/project/icecube/HE_Nu_Aske_Oct2024/PMTfied_filtered/Snowstorm/MuonLike/22012/20/PMTfied_11.parquet
2025-02-15 12:04:19 - INFO - Filtered PMTfied file saved to: /lustre/hpc/project/icecube/HE_Nu_Aske_Oct2024/PMTfied_filtered/Snowstorm/MuonLike/22012/20/PMTfied_15.parquet
2025-02-15 12:04:20 - INFO - Filtered PMTfied file saved to: /lustre/hpc/project/icecube/HE_Nu_Aske_Oct2024/PMTfied_filtered/Snowstorm/MuonLike/22012/20/PMTfied_3.parquet
2025-02-15 12:04:22 - INFO - Filtered PMTfied file saved to: /lustre/hpc/project/icecube/HE_Nu_Aske_Oct2024/PMTfied_filtered/Snowstorm/MuonLike/22012/20/PMTfied_7.parquet
2025-02-15 12:04:24 - INFO - Filtered PMTfied file saved to: /lustre/hpc/project/icecube/HE_Nu_Aske_Oct2024/PMTfied_filtered/Snowstorm/MuonLike/22012/20/PMTfied_2.parquet
2025-02-15 12:04:26 - INFO - Filtered PMTfied file saved to: /lustre/hpc/project/icecube/HE_Nu_Aske_Oct2024/PMTfied_filtered/Snowstorm/MuonLike/22012/20/PMTfied_6.parquet
2025-02-15 12:04:28 - INFO - Filtered PMTfied file saved to: /lustre/hpc/project/icecube/HE_Nu_Aske_Oct2024/PMTfied_filtered/Snowstorm/MuonLike/22012/20/PMTfied_10.parquet
2025-02-15 12:04:29 - INFO - Filtered PMTfied file saved to: /lustre/hpc/project/icecube/HE_Nu_Aske_Oct2024/PMTfied_filtered/Snowstorm/MuonLike/22012/20/PMTfied_14.parquet
2025-02-15 12:04:31 - INFO - Filtered PMTfied file saved to: /lustre/hpc/project/icecube/HE_Nu_Aske_Oct2024/PMTfied_filtered/Snowstorm/MuonLike/22012/20/PMTfied_8.parquet
2025-02-15 12:04:32 - INFO - Filtered PMTfied file saved to: /lustre/hpc/project/icecube/HE_Nu_Aske_Oct2024/PMTfied_filtered/Snowstorm/MuonLike/22012/20/PMTfied_4.parquet
2025-02-15 12:04:34 - INFO - Filtered PMTfied file saved to: /lustre/hpc/project/icecube/HE_Nu_Aske_Oct2024/PMTfied_filtered/Snowstorm/MuonLike/22012/20/PMTfied_12.parquet
2025-02-15 12:04:35 - INFO - Filtered PMTfied file saved to: /lustre/hpc/project/icecube/HE_Nu_Aske_Oct2024/PMTfied_filtered/Snowstorm/MuonLike/22012/20/PMTfied_13.parquet
2025-02-15 12:04:37 - INFO - Filtered PMTfied file saved to: /lustre/hpc/project/icecube/HE_Nu_Aske_Oct2024/PMTfied_filtered/Snowstorm/MuonLike/22012/20/PMTfied_1.parquet
2025-02-15 12:04:38 - INFO - Filtered PMTfied file saved to: /lustre/hpc/project/icecube/HE_Nu_Aske_Oct2024/PMTfied_filtered/Snowstorm/MuonLike/22012/20/PMTfied_5.parquet
2025-02-15 12:04:40 - INFO - Filtered PMTfied file saved to: /lustre/hpc/project/icecube/HE_Nu_Aske_Oct2024/PMTfied_filtered/Snowstorm/MuonLike/22012/20/PMTfied_9.parquet
2025-02-15 12:04:40 - INFO - Filtering process completed.
2025-02-15 12:04:40 - INFO - Filtering process completed.
2025-02-15 12:04:40 - INFO - Unified receipt generated: /lustre/hpc/project/icecube/HE_Nu_Aske_Oct2024/PMTfied_filtered/Snowstorm/MuonLike/22012/[Receipt]22012_20.json
2025-02-15 12:04:40 - INFO - Filtering process completed.
Job completed at Sat Feb 15 12:04:40 PM CET 2025
