nohup: ignoring input
2025-02-24 13:41:04 - INFO - Event filtering process starts...
2025-02-24 13:41:04 - INFO - Initialized PureNeutrinoEventFilter filter for 22012/1
2025-02-24 13:41:05 - INFO - Loaded 14 event specifier files from /lustre/hpc/project/icecube/HE_Nu_Aske_Oct2024/clean_events_dict/22012/22012/reduced
2025-02-24 13:41:05 - INFO - Selected 1 CSV files covering event range [0, 806]
2025-02-24 13:41:05 - INFO - Loaded 62220 valid (RunID, EventID) pairs from CSV files
2025-02-24 13:41:05 - INFO - Extracted 22774 valid events based on pure neutrino events.
2025-02-24 13:41:05 - INFO - Initialized CCFilter filter for 22012/1
2025-02-24 13:41:05 - INFO - Extracted 26876 valid events which are CC interactions.
2025-02-24 13:41:05 - INFO - Initialized ContainmentFilter filter for 22012/1
2025-02-24 13:41:06 - INFO - Extracted 2457 valid events within the specified containment region.
2025-02-24 13:41:06 - INFO - Initialized CompositeEventFilter filter for 22012/1
2025-02-24 13:41:06 - INFO - Initialized (CC_CRclean_Contained)
2025-02-24 13:41:06 - INFO - Starting filtering process for 22012/1
2025-02-24 13:41:06 - INFO - Starting filtering process for 22012/1
2025-02-24 13:41:06 - INFO - Recalculated 'offset' column based on 'N_doms' values within each 'shard_no' group.
2025-02-24 13:41:06 - INFO - Filtered truth file saved to: /lustre/hpc/project/icecube/HE_Nu_Aske_Oct2024/PMTfied_filtered/Snowstorm/CC_CRclean_Contained/22012/truth_1.parquet
2025-02-24 13:41:07 - INFO - Filtered PMTfied file saved to: /lustre/hpc/project/icecube/HE_Nu_Aske_Oct2024/PMTfied_filtered/Snowstorm/CC_CRclean_Contained/22012/1/PMTfied_11.parquet
2025-02-24 13:41:09 - INFO - Filtered PMTfied file saved to: /lustre/hpc/project/icecube/HE_Nu_Aske_Oct2024/PMTfied_filtered/Snowstorm/CC_CRclean_Contained/22012/1/PMTfied_15.parquet
2025-02-24 13:41:10 - INFO - Filtered PMTfied file saved to: /lustre/hpc/project/icecube/HE_Nu_Aske_Oct2024/PMTfied_filtered/Snowstorm/CC_CRclean_Contained/22012/1/PMTfied_8.parquet
2025-02-24 13:41:12 - INFO - Filtered PMTfied file saved to: /lustre/hpc/project/icecube/HE_Nu_Aske_Oct2024/PMTfied_filtered/Snowstorm/CC_CRclean_Contained/22012/1/PMTfied_4.parquet
2025-02-24 13:41:13 - INFO - Filtered PMTfied file saved to: /lustre/hpc/project/icecube/HE_Nu_Aske_Oct2024/PMTfied_filtered/Snowstorm/CC_CRclean_Contained/22012/1/PMTfied_1.parquet
2025-02-24 13:41:15 - INFO - Filtered PMTfied file saved to: /lustre/hpc/project/icecube/HE_Nu_Aske_Oct2024/PMTfied_filtered/Snowstorm/CC_CRclean_Contained/22012/1/PMTfied_5.parquet
2025-02-24 13:41:16 - INFO - Filtered PMTfied file saved to: /lustre/hpc/project/icecube/HE_Nu_Aske_Oct2024/PMTfied_filtered/Snowstorm/CC_CRclean_Contained/22012/1/PMTfied_9.parquet
2025-02-24 13:41:18 - INFO - Filtered PMTfied file saved to: /lustre/hpc/project/icecube/HE_Nu_Aske_Oct2024/PMTfied_filtered/Snowstorm/CC_CRclean_Contained/22012/1/PMTfied_10.parquet
2025-02-24 13:41:19 - INFO - Filtered PMTfied file saved to: /lustre/hpc/project/icecube/HE_Nu_Aske_Oct2024/PMTfied_filtered/Snowstorm/CC_CRclean_Contained/22012/1/PMTfied_14.parquet
2025-02-24 13:41:21 - INFO - Filtered PMTfied file saved to: /lustre/hpc/project/icecube/HE_Nu_Aske_Oct2024/PMTfied_filtered/Snowstorm/CC_CRclean_Contained/22012/1/PMTfied_3.parquet
2025-02-24 13:41:22 - INFO - Filtered PMTfied file saved to: /lustre/hpc/project/icecube/HE_Nu_Aske_Oct2024/PMTfied_filtered/Snowstorm/CC_CRclean_Contained/22012/1/PMTfied_7.parquet
2025-02-24 13:41:24 - INFO - Filtered PMTfied file saved to: /lustre/hpc/project/icecube/HE_Nu_Aske_Oct2024/PMTfied_filtered/Snowstorm/CC_CRclean_Contained/22012/1/PMTfied_12.parquet
2025-02-24 13:41:25 - INFO - Filtered PMTfied file saved to: /lustre/hpc/project/icecube/HE_Nu_Aske_Oct2024/PMTfied_filtered/Snowstorm/CC_CRclean_Contained/22012/1/PMTfied_13.parquet
2025-02-24 13:41:27 - INFO - Filtered PMTfied file saved to: /lustre/hpc/project/icecube/HE_Nu_Aske_Oct2024/PMTfied_filtered/Snowstorm/CC_CRclean_Contained/22012/1/PMTfied_2.parquet
2025-02-24 13:41:29 - INFO - Filtered PMTfied file saved to: /lustre/hpc/project/icecube/HE_Nu_Aske_Oct2024/PMTfied_filtered/Snowstorm/CC_CRclean_Contained/22012/1/PMTfied_6.parquet
2025-02-24 13:41:29 - INFO - Filtering process completed.
2025-02-24 13:41:29 - INFO - Filtering process completed.
2025-02-24 13:41:29 - INFO - Unified receipt generated: /lustre/hpc/project/icecube/HE_Nu_Aske_Oct2024/PMTfied_filtered/Snowstorm/CC_CRclean_Contained/22012/[Receipt]22012_1.json
2025-02-24 13:41:29 - INFO - Filtering process completed.
