Starting job at Sat Feb 15 12:10:35 PM CET 2025
Running Filter_by_part.py for subdirectory 22012, part 13
2025-02-15 12:10:35 - INFO - Event filtering process starts...
2025-02-15 12:10:35 - INFO - Initialized PureNeutrinoEventFilter filter for 22012/13
2025-02-15 12:10:36 - INFO - Loaded 14 event specifier files from /lustre/hpc/project/icecube/HE_Nu_Aske_Oct2024/clean_events_dict/22012/22012/reduced
2025-02-15 12:10:36 - INFO - Selected 2 CSV files covering event range [6600, 7225]
2025-02-15 12:10:36 - INFO - Loaded 123080 valid (RunID, EventID) pairs from CSV files
2025-02-15 12:10:36 - INFO - Extracted 22672 valid events based on pure neutrino events.
2025-02-15 12:10:36 - INFO - Initialized CompositeEventFilter filter for 22012/13
2025-02-15 12:10:36 - INFO - Initialized (PureNu)
2025-02-15 12:10:36 - INFO - Starting filtering process for 22012/13
2025-02-15 12:10:36 - INFO - Starting filtering process for 22012/13
2025-02-15 12:10:37 - INFO - Recalculated 'offset' column based on filtered 'N_doms' values.
2025-02-15 12:10:37 - INFO - Filtered truth file saved to: /lustre/hpc/project/icecube/HE_Nu_Aske_Oct2024/PMTfied_filtered/Snowstorm/PureNu/22012/truth_13.parquet
2025-02-15 12:10:39 - INFO - Filtered PMTfied file saved to: /lustre/hpc/project/icecube/HE_Nu_Aske_Oct2024/PMTfied_filtered/Snowstorm/PureNu/22012/13/PMTfied_2.parquet
2025-02-15 12:10:40 - INFO - Filtered PMTfied file saved to: /lustre/hpc/project/icecube/HE_Nu_Aske_Oct2024/PMTfied_filtered/Snowstorm/PureNu/22012/13/PMTfied_6.parquet
2025-02-15 12:10:42 - INFO - Filtered PMTfied file saved to: /lustre/hpc/project/icecube/HE_Nu_Aske_Oct2024/PMTfied_filtered/Snowstorm/PureNu/22012/13/PMTfied_13.parquet
2025-02-15 12:10:43 - INFO - Filtered PMTfied file saved to: /lustre/hpc/project/icecube/HE_Nu_Aske_Oct2024/PMTfied_filtered/Snowstorm/PureNu/22012/13/PMTfied_12.parquet
2025-02-15 12:10:45 - INFO - Filtered PMTfied file saved to: /lustre/hpc/project/icecube/HE_Nu_Aske_Oct2024/PMTfied_filtered/Snowstorm/PureNu/22012/13/PMTfied_3.parquet
2025-02-15 12:10:46 - INFO - Filtered PMTfied file saved to: /lustre/hpc/project/icecube/HE_Nu_Aske_Oct2024/PMTfied_filtered/Snowstorm/PureNu/22012/13/PMTfied_7.parquet
2025-02-15 12:10:48 - INFO - Filtered PMTfied file saved to: /lustre/hpc/project/icecube/HE_Nu_Aske_Oct2024/PMTfied_filtered/Snowstorm/PureNu/22012/13/PMTfied_14.parquet
2025-02-15 12:10:50 - INFO - Filtered PMTfied file saved to: /lustre/hpc/project/icecube/HE_Nu_Aske_Oct2024/PMTfied_filtered/Snowstorm/PureNu/22012/13/PMTfied_9.parquet
2025-02-15 12:10:51 - INFO - Filtered PMTfied file saved to: /lustre/hpc/project/icecube/HE_Nu_Aske_Oct2024/PMTfied_filtered/Snowstorm/PureNu/22012/13/PMTfied_10.parquet
2025-02-15 12:10:53 - INFO - Filtered PMTfied file saved to: /lustre/hpc/project/icecube/HE_Nu_Aske_Oct2024/PMTfied_filtered/Snowstorm/PureNu/22012/13/PMTfied_1.parquet
2025-02-15 12:10:54 - INFO - Filtered PMTfied file saved to: /lustre/hpc/project/icecube/HE_Nu_Aske_Oct2024/PMTfied_filtered/Snowstorm/PureNu/22012/13/PMTfied_5.parquet
2025-02-15 12:10:56 - INFO - Filtered PMTfied file saved to: /lustre/hpc/project/icecube/HE_Nu_Aske_Oct2024/PMTfied_filtered/Snowstorm/PureNu/22012/13/PMTfied_4.parquet
2025-02-15 12:10:57 - INFO - Filtered PMTfied file saved to: /lustre/hpc/project/icecube/HE_Nu_Aske_Oct2024/PMTfied_filtered/Snowstorm/PureNu/22012/13/PMTfied_15.parquet
2025-02-15 12:10:59 - INFO - Filtered PMTfied file saved to: /lustre/hpc/project/icecube/HE_Nu_Aske_Oct2024/PMTfied_filtered/Snowstorm/PureNu/22012/13/PMTfied_8.parquet
2025-02-15 12:11:00 - INFO - Filtered PMTfied file saved to: /lustre/hpc/project/icecube/HE_Nu_Aske_Oct2024/PMTfied_filtered/Snowstorm/PureNu/22012/13/PMTfied_11.parquet
2025-02-15 12:11:00 - INFO - Filtering process completed.
2025-02-15 12:11:00 - INFO - Filtering process completed.
2025-02-15 12:11:00 - INFO - Unified receipt generated: /lustre/hpc/project/icecube/HE_Nu_Aske_Oct2024/PMTfied_filtered/Snowstorm/PureNu/22012/[Receipt]22012_13.json
2025-02-15 12:11:00 - INFO - Filtering process completed.
Job completed at Sat Feb 15 12:11:00 PM CET 2025
