Starting job at Mon Feb 24 01:09:27 PM CET 2025
Running Filter_by_part.py for subdirectory 22012, part 20
2025-02-24 13:09:28 - INFO - Event filtering process starts...
2025-02-24 13:09:28 - INFO - Initialized PureNeutrinoEventFilter filter for 22012/20
2025-02-24 13:09:28 - INFO - Loaded 14 event specifier files from /lustre/hpc/project/icecube/HE_Nu_Aske_Oct2024/clean_events_dict/22012/22012/reduced
2025-02-24 13:09:28 - INFO - Selected 2 CSV files covering event range [10517, 11155]
2025-02-24 13:09:28 - INFO - Loaded 123340 valid (RunID, EventID) pairs from CSV files
2025-02-24 13:09:29 - INFO - Extracted 22897 valid events based on pure neutrino events.
2025-02-24 13:09:29 - INFO - Initialized Muon13Filter filter for 22012/20
2025-02-24 13:09:29 - INFO - Extracted 26557 valid events where MuonFilter_13==True.
2025-02-24 13:09:29 - INFO - Initialized CCFilter filter for 22012/20
2025-02-24 13:09:29 - INFO - Extracted 27312 valid events which are CC interactions.
2025-02-24 13:09:29 - INFO - Initialized CompositeEventFilter filter for 22012/20
2025-02-24 13:09:29 - INFO - Initialized (CC_CRclean_MuonLike)
2025-02-24 13:09:29 - INFO - Starting filtering process for 22012/20
2025-02-24 13:09:29 - INFO - Starting filtering process for 22012/20
2025-02-24 13:09:30 - INFO - Recalculated 'offset' column based on 'N_doms' values within each 'shard_no' group.
2025-02-24 13:09:30 - INFO - Filtered truth file saved to: /lustre/hpc/project/icecube/HE_Nu_Aske_Oct2024/PMTfied_filtered/Snowstorm/CC_CRclean_MuonLike/22012/truth_20.parquet
2025-02-24 13:09:32 - INFO - Filtered PMTfied file saved to: /lustre/hpc/project/icecube/HE_Nu_Aske_Oct2024/PMTfied_filtered/Snowstorm/CC_CRclean_MuonLike/22012/20/PMTfied_11.parquet
2025-02-24 13:09:33 - INFO - Filtered PMTfied file saved to: /lustre/hpc/project/icecube/HE_Nu_Aske_Oct2024/PMTfied_filtered/Snowstorm/CC_CRclean_MuonLike/22012/20/PMTfied_15.parquet
2025-02-24 13:09:34 - INFO - Filtered PMTfied file saved to: /lustre/hpc/project/icecube/HE_Nu_Aske_Oct2024/PMTfied_filtered/Snowstorm/CC_CRclean_MuonLike/22012/20/PMTfied_3.parquet
2025-02-24 13:09:36 - INFO - Filtered PMTfied file saved to: /lustre/hpc/project/icecube/HE_Nu_Aske_Oct2024/PMTfied_filtered/Snowstorm/CC_CRclean_MuonLike/22012/20/PMTfied_7.parquet
2025-02-24 13:09:37 - INFO - Filtered PMTfied file saved to: /lustre/hpc/project/icecube/HE_Nu_Aske_Oct2024/PMTfied_filtered/Snowstorm/CC_CRclean_MuonLike/22012/20/PMTfied_2.parquet
2025-02-24 13:09:39 - INFO - Filtered PMTfied file saved to: /lustre/hpc/project/icecube/HE_Nu_Aske_Oct2024/PMTfied_filtered/Snowstorm/CC_CRclean_MuonLike/22012/20/PMTfied_6.parquet
2025-02-24 13:09:40 - INFO - Filtered PMTfied file saved to: /lustre/hpc/project/icecube/HE_Nu_Aske_Oct2024/PMTfied_filtered/Snowstorm/CC_CRclean_MuonLike/22012/20/PMTfied_10.parquet
2025-02-24 13:09:42 - INFO - Filtered PMTfied file saved to: /lustre/hpc/project/icecube/HE_Nu_Aske_Oct2024/PMTfied_filtered/Snowstorm/CC_CRclean_MuonLike/22012/20/PMTfied_14.parquet
2025-02-24 13:09:43 - INFO - Filtered PMTfied file saved to: /lustre/hpc/project/icecube/HE_Nu_Aske_Oct2024/PMTfied_filtered/Snowstorm/CC_CRclean_MuonLike/22012/20/PMTfied_8.parquet
2025-02-24 13:09:45 - INFO - Filtered PMTfied file saved to: /lustre/hpc/project/icecube/HE_Nu_Aske_Oct2024/PMTfied_filtered/Snowstorm/CC_CRclean_MuonLike/22012/20/PMTfied_4.parquet
2025-02-24 13:09:46 - INFO - Filtered PMTfied file saved to: /lustre/hpc/project/icecube/HE_Nu_Aske_Oct2024/PMTfied_filtered/Snowstorm/CC_CRclean_MuonLike/22012/20/PMTfied_12.parquet
2025-02-24 13:09:48 - INFO - Filtered PMTfied file saved to: /lustre/hpc/project/icecube/HE_Nu_Aske_Oct2024/PMTfied_filtered/Snowstorm/CC_CRclean_MuonLike/22012/20/PMTfied_13.parquet
2025-02-24 13:09:49 - INFO - Filtered PMTfied file saved to: /lustre/hpc/project/icecube/HE_Nu_Aske_Oct2024/PMTfied_filtered/Snowstorm/CC_CRclean_MuonLike/22012/20/PMTfied_1.parquet
2025-02-24 13:09:50 - INFO - Filtered PMTfied file saved to: /lustre/hpc/project/icecube/HE_Nu_Aske_Oct2024/PMTfied_filtered/Snowstorm/CC_CRclean_MuonLike/22012/20/PMTfied_5.parquet
2025-02-24 13:09:52 - INFO - Filtered PMTfied file saved to: /lustre/hpc/project/icecube/HE_Nu_Aske_Oct2024/PMTfied_filtered/Snowstorm/CC_CRclean_MuonLike/22012/20/PMTfied_9.parquet
2025-02-24 13:09:52 - INFO - Filtering process completed.
2025-02-24 13:09:52 - INFO - Filtering process completed.
2025-02-24 13:09:52 - INFO - Unified receipt generated: /lustre/hpc/project/icecube/HE_Nu_Aske_Oct2024/PMTfied_filtered/Snowstorm/CC_CRclean_MuonLike/22012/[Receipt]22012_20.json
2025-02-24 13:09:52 - INFO - Filtering process completed.
Job completed at Mon Feb 24 01:09:52 PM CET 2025
