Starting job at Thu Feb 13 05:56:15 PM CET 2025
Running Filter_by_part.py for subdirectory 22012, part 26
2025-02-13 17:56:16 - INFO - Event filtering process starts...
2025-02-13 17:56:16 - INFO - Initialized PureNeutrinoEventFilter
2025-02-13 17:56:16 - INFO - Starting filtering process for 22012/26
2025-02-13 17:56:16 - INFO - Loaded 14 event specifier files from /lustre/hpc/project/icecube/HE_Nu_Aske_Oct2024/clean_events_dict/22012/22012/reduced
2025-02-13 17:56:16 - INFO - Selected 1 CSV files covering event range [13875, 14507]
2025-02-13 17:56:16 - INFO - Loaded 61529 valid (RunID, EventID) pairs from CSV files
2025-02-13 17:56:17 - INFO - Recalculated 'offset' column based on filtered 'N_doms' values.
2025-02-13 17:56:17 - INFO - Filtered truth file saved to: /lustre/hpc/project/icecube/HE_Nu_Aske_Oct2024/PMTfied_filtered/PureNu/Snowstorm/22012/truth_26.parquet
2025-02-13 17:56:17 - INFO - Receipt file saved to: /lustre/hpc/project/icecube/HE_Nu_Aske_Oct2024/PMTfied_filtered/PureNu/Snowstorm/22012/[Receipt]22012_26.json
2025-02-13 17:56:17 - WARNING - Skipping PMTfied_7.parquet: No valid events found in PMTfied file.
2025-02-13 17:56:18 - INFO - Filtered PMTfied file saved to: /lustre/hpc/project/icecube/HE_Nu_Aske_Oct2024/PMTfied_filtered/PureNu/Snowstorm/22012/26/PMTfied_3.parquet
2025-02-13 17:56:18 - WARNING - Skipping PMTfied_15.parquet: No valid events found in PMTfied file.
2025-02-13 17:56:19 - WARNING - Skipping PMTfied_11.parquet: No valid events found in PMTfied file.
2025-02-13 17:56:20 - WARNING - Skipping PMTfied_6.parquet: No valid events found in PMTfied file.
2025-02-13 17:56:21 - INFO - Filtered PMTfied file saved to: /lustre/hpc/project/icecube/HE_Nu_Aske_Oct2024/PMTfied_filtered/PureNu/Snowstorm/22012/26/PMTfied_2.parquet
2025-02-13 17:56:21 - WARNING - Skipping PMTfied_14.parquet: No valid events found in PMTfied file.
2025-02-13 17:56:22 - WARNING - Skipping PMTfied_10.parquet: No valid events found in PMTfied file.
2025-02-13 17:56:22 - WARNING - Skipping PMTfied_8.parquet: No valid events found in PMTfied file.
2025-02-13 17:56:23 - INFO - Filtered PMTfied file saved to: /lustre/hpc/project/icecube/HE_Nu_Aske_Oct2024/PMTfied_filtered/PureNu/Snowstorm/22012/26/PMTfied_4.parquet
2025-02-13 17:56:23 - WARNING - Skipping PMTfied_12.parquet: No valid events found in PMTfied file.
2025-02-13 17:56:24 - WARNING - Skipping PMTfied_5.parquet: No valid events found in PMTfied file.
2025-02-13 17:56:25 - INFO - Filtered PMTfied file saved to: /lustre/hpc/project/icecube/HE_Nu_Aske_Oct2024/PMTfied_filtered/PureNu/Snowstorm/22012/26/PMTfied_1.parquet
2025-02-13 17:56:25 - WARNING - Skipping PMTfied_9.parquet: No valid events found in PMTfied file.
2025-02-13 17:56:26 - WARNING - Skipping PMTfied_13.parquet: No valid events found in PMTfied file.
2025-02-13 17:56:26 - INFO - Filtering process completed.
2025-02-13 17:56:26 - INFO - Filtering process completed for all selected filters.
2025-02-13 17:56:26 - INFO - Execution time: 10.04 seconds
2025-02-13 17:56:26 - INFO - Updated receipt with execution time: /lustre/hpc/project/icecube/HE_Nu_Aske_Oct2024/PMTfied_filtered/PureNu/Snowstorm/22012/[Receipt]22012_26.json
Job completed at Thu Feb 13 05:56:26 PM CET 2025
