Starting job at Sat Feb 15 12:10:21 PM CET 2025
Running Filter_by_part.py for subdirectory 22012, part 6
2025-02-15 12:10:22 - INFO - Event filtering process starts...
2025-02-15 12:10:22 - INFO - Initialized PureNeutrinoEventFilter filter for 22012/6
2025-02-15 12:10:22 - INFO - Loaded 14 event specifier files from /lustre/hpc/project/icecube/HE_Nu_Aske_Oct2024/clean_events_dict/22012/22012/reduced
2025-02-15 12:10:22 - INFO - Selected 2 CSV files covering event range [2746, 3390]
2025-02-15 12:10:22 - INFO - Loaded 123353 valid (RunID, EventID) pairs from CSV files
2025-02-15 12:10:23 - INFO - Extracted 22651 valid events based on pure neutrino events.
2025-02-15 12:10:23 - INFO - Initialized CompositeEventFilter filter for 22012/6
2025-02-15 12:10:23 - INFO - Initialized (PureNu)
2025-02-15 12:10:23 - INFO - Starting filtering process for 22012/6
2025-02-15 12:10:23 - INFO - Starting filtering process for 22012/6
2025-02-15 12:10:23 - INFO - Recalculated 'offset' column based on filtered 'N_doms' values.
2025-02-15 12:10:24 - INFO - Filtered truth file saved to: /lustre/hpc/project/icecube/HE_Nu_Aske_Oct2024/PMTfied_filtered/Snowstorm/PureNu/22012/truth_6.parquet
2025-02-15 12:10:25 - INFO - Filtered PMTfied file saved to: /lustre/hpc/project/icecube/HE_Nu_Aske_Oct2024/PMTfied_filtered/Snowstorm/PureNu/22012/6/PMTfied_8.parquet
2025-02-15 12:10:27 - INFO - Filtered PMTfied file saved to: /lustre/hpc/project/icecube/HE_Nu_Aske_Oct2024/PMTfied_filtered/Snowstorm/PureNu/22012/6/PMTfied_4.parquet
2025-02-15 12:10:28 - INFO - Filtered PMTfied file saved to: /lustre/hpc/project/icecube/HE_Nu_Aske_Oct2024/PMTfied_filtered/Snowstorm/PureNu/22012/6/PMTfied_11.parquet
2025-02-15 12:10:30 - INFO - Filtered PMTfied file saved to: /lustre/hpc/project/icecube/HE_Nu_Aske_Oct2024/PMTfied_filtered/Snowstorm/PureNu/22012/6/PMTfied_15.parquet
2025-02-15 12:10:31 - INFO - Filtered PMTfied file saved to: /lustre/hpc/project/icecube/HE_Nu_Aske_Oct2024/PMTfied_filtered/Snowstorm/PureNu/22012/6/PMTfied_10.parquet
2025-02-15 12:10:32 - INFO - Filtered PMTfied file saved to: /lustre/hpc/project/icecube/HE_Nu_Aske_Oct2024/PMTfied_filtered/Snowstorm/PureNu/22012/6/PMTfied_14.parquet
2025-02-15 12:10:34 - INFO - Filtered PMTfied file saved to: /lustre/hpc/project/icecube/HE_Nu_Aske_Oct2024/PMTfied_filtered/Snowstorm/PureNu/22012/6/PMTfied_5.parquet
2025-02-15 12:10:36 - INFO - Filtered PMTfied file saved to: /lustre/hpc/project/icecube/HE_Nu_Aske_Oct2024/PMTfied_filtered/Snowstorm/PureNu/22012/6/PMTfied_1.parquet
2025-02-15 12:10:37 - INFO - Filtered PMTfied file saved to: /lustre/hpc/project/icecube/HE_Nu_Aske_Oct2024/PMTfied_filtered/Snowstorm/PureNu/22012/6/PMTfied_9.parquet
2025-02-15 12:10:38 - INFO - Filtered PMTfied file saved to: /lustre/hpc/project/icecube/HE_Nu_Aske_Oct2024/PMTfied_filtered/Snowstorm/PureNu/22012/6/PMTfied_12.parquet
2025-02-15 12:10:40 - INFO - Filtered PMTfied file saved to: /lustre/hpc/project/icecube/HE_Nu_Aske_Oct2024/PMTfied_filtered/Snowstorm/PureNu/22012/6/PMTfied_7.parquet
2025-02-15 12:10:41 - INFO - Filtered PMTfied file saved to: /lustre/hpc/project/icecube/HE_Nu_Aske_Oct2024/PMTfied_filtered/Snowstorm/PureNu/22012/6/PMTfied_3.parquet
2025-02-15 12:10:43 - INFO - Filtered PMTfied file saved to: /lustre/hpc/project/icecube/HE_Nu_Aske_Oct2024/PMTfied_filtered/Snowstorm/PureNu/22012/6/PMTfied_6.parquet
2025-02-15 12:10:44 - INFO - Filtered PMTfied file saved to: /lustre/hpc/project/icecube/HE_Nu_Aske_Oct2024/PMTfied_filtered/Snowstorm/PureNu/22012/6/PMTfied_2.parquet
2025-02-15 12:10:45 - INFO - Filtered PMTfied file saved to: /lustre/hpc/project/icecube/HE_Nu_Aske_Oct2024/PMTfied_filtered/Snowstorm/PureNu/22012/6/PMTfied_13.parquet
2025-02-15 12:10:45 - INFO - Filtering process completed.
2025-02-15 12:10:45 - INFO - Filtering process completed.
2025-02-15 12:10:45 - INFO - Unified receipt generated: /lustre/hpc/project/icecube/HE_Nu_Aske_Oct2024/PMTfied_filtered/Snowstorm/PureNu/22012/[Receipt]22012_6.json
2025-02-15 12:10:45 - INFO - Filtering process completed.
Job completed at Sat Feb 15 12:10:45 PM CET 2025
