Starting job at Thu Feb 13 05:09:19 PM CET 2025
Running Filter_by_part.py for subdirectory 22012, part 16
2025-02-13 17:09:19 - INFO - Event filtering process starts...
2025-02-13 17:09:19 - INFO - Initialized Muon13Filter
2025-02-13 17:09:19 - INFO - Starting filtering process for 22012/16
2025-02-13 17:09:21 - INFO - Recalculated 'offset' column based on filtered 'N_doms' values.
2025-02-13 17:09:21 - INFO - Filtered truth file saved to: /lustre/hpc/project/icecube/HE_Nu_Aske_Oct2024/PMTfied_filtered/MuonLike/Snowstorm/22012/truth_16.parquet
2025-02-13 17:09:21 - INFO - Receipt file saved to: /lustre/hpc/project/icecube/HE_Nu_Aske_Oct2024/PMTfied_filtered/MuonLike/Snowstorm/22012/[Receipt]22012_16.json
2025-02-13 17:09:23 - INFO - Filtered PMTfied file saved to: /lustre/hpc/project/icecube/HE_Nu_Aske_Oct2024/PMTfied_filtered/MuonLike/Snowstorm/22012/16/PMTfied_14.parquet
2025-02-13 17:09:24 - INFO - Filtered PMTfied file saved to: /lustre/hpc/project/icecube/HE_Nu_Aske_Oct2024/PMTfied_filtered/MuonLike/Snowstorm/22012/16/PMTfied_10.parquet
2025-02-13 17:09:26 - INFO - Filtered PMTfied file saved to: /lustre/hpc/project/icecube/HE_Nu_Aske_Oct2024/PMTfied_filtered/MuonLike/Snowstorm/22012/16/PMTfied_7.parquet
2025-02-13 17:09:28 - INFO - Filtered PMTfied file saved to: /lustre/hpc/project/icecube/HE_Nu_Aske_Oct2024/PMTfied_filtered/MuonLike/Snowstorm/22012/16/PMTfied_3.parquet
2025-02-13 17:09:30 - INFO - Filtered PMTfied file saved to: /lustre/hpc/project/icecube/HE_Nu_Aske_Oct2024/PMTfied_filtered/MuonLike/Snowstorm/22012/16/PMTfied_6.parquet
2025-02-13 17:09:32 - INFO - Filtered PMTfied file saved to: /lustre/hpc/project/icecube/HE_Nu_Aske_Oct2024/PMTfied_filtered/MuonLike/Snowstorm/22012/16/PMTfied_2.parquet
2025-02-13 17:09:33 - INFO - Filtered PMTfied file saved to: /lustre/hpc/project/icecube/HE_Nu_Aske_Oct2024/PMTfied_filtered/MuonLike/Snowstorm/22012/16/PMTfied_15.parquet
2025-02-13 17:09:34 - INFO - Filtered PMTfied file saved to: /lustre/hpc/project/icecube/HE_Nu_Aske_Oct2024/PMTfied_filtered/MuonLike/Snowstorm/22012/16/PMTfied_11.parquet
2025-02-13 17:09:36 - INFO - Filtered PMTfied file saved to: /lustre/hpc/project/icecube/HE_Nu_Aske_Oct2024/PMTfied_filtered/MuonLike/Snowstorm/22012/16/PMTfied_4.parquet
2025-02-13 17:09:37 - INFO - Filtered PMTfied file saved to: /lustre/hpc/project/icecube/HE_Nu_Aske_Oct2024/PMTfied_filtered/MuonLike/Snowstorm/22012/16/PMTfied_8.parquet
2025-02-13 17:09:40 - INFO - Filtered PMTfied file saved to: /lustre/hpc/project/icecube/HE_Nu_Aske_Oct2024/PMTfied_filtered/MuonLike/Snowstorm/22012/16/PMTfied_13.parquet
2025-02-13 17:09:41 - INFO - Filtered PMTfied file saved to: /lustre/hpc/project/icecube/HE_Nu_Aske_Oct2024/PMTfied_filtered/MuonLike/Snowstorm/22012/16/PMTfied_12.parquet
2025-02-13 17:09:43 - INFO - Filtered PMTfied file saved to: /lustre/hpc/project/icecube/HE_Nu_Aske_Oct2024/PMTfied_filtered/MuonLike/Snowstorm/22012/16/PMTfied_9.parquet
2025-02-13 17:09:45 - INFO - Filtered PMTfied file saved to: /lustre/hpc/project/icecube/HE_Nu_Aske_Oct2024/PMTfied_filtered/MuonLike/Snowstorm/22012/16/PMTfied_5.parquet
2025-02-13 17:09:47 - INFO - Filtered PMTfied file saved to: /lustre/hpc/project/icecube/HE_Nu_Aske_Oct2024/PMTfied_filtered/MuonLike/Snowstorm/22012/16/PMTfied_1.parquet
2025-02-13 17:09:47 - INFO - Filtering process completed.
2025-02-13 17:09:47 - INFO - Filtering process completed for all selected filters.
2025-02-13 17:09:47 - INFO - Execution time: 27.50 seconds
2025-02-13 17:09:47 - INFO - Updated receipt with execution time: /lustre/hpc/project/icecube/HE_Nu_Aske_Oct2024/PMTfied_filtered/MuonLike/Snowstorm/22012/[Receipt]22012_16.json
Job completed at Thu Feb 13 05:09:47 PM CET 2025
