Starting job at Mon Feb 24 01:52:29 PM CET 2025
Running Filter_by_part.py for subdirectory 22012, part 23
2025-02-24 13:52:30 - INFO - Event filtering process starts...
2025-02-24 13:52:30 - INFO - Initialized PureNeutrinoEventFilter filter for 22012/23
2025-02-24 13:52:30 - INFO - Loaded 14 event specifier files from /lustre/hpc/project/icecube/HE_Nu_Aske_Oct2024/clean_events_dict/22012/22012/reduced
2025-02-24 13:52:30 - INFO - Selected 1 CSV files covering event range [12216, 12877]
2025-02-24 13:52:30 - INFO - Loaded 61411 valid (RunID, EventID) pairs from CSV files
2025-02-24 13:52:30 - INFO - Extracted 22675 valid events based on pure neutrino events.
2025-02-24 13:52:30 - INFO - Initialized CCFilter filter for 22012/23
2025-02-24 13:52:31 - INFO - Extracted 27127 valid events which are CC interactions.
2025-02-24 13:52:31 - INFO - Initialized ContainmentFilter filter for 22012/23
2025-02-24 13:52:31 - INFO - Extracted 2363 valid events within the specified containment region.
2025-02-24 13:52:31 - INFO - Initialized CompositeEventFilter filter for 22012/23
2025-02-24 13:52:31 - INFO - Initialized (CC_CRclean_Contained)
2025-02-24 13:52:31 - INFO - Starting filtering process for 22012/23
2025-02-24 13:52:31 - INFO - Starting filtering process for 22012/23
2025-02-24 13:52:31 - INFO - Recalculated 'offset' column based on 'N_doms' values within each 'shard_no' group.
2025-02-24 13:52:31 - INFO - Filtered truth file saved to: /lustre/hpc/project/icecube/HE_Nu_Aske_Oct2024/PMTfied_filtered/Snowstorm/CC_CRclean_Contained/22012/truth_23.parquet
2025-02-24 13:52:32 - INFO - Filtered PMTfied file saved to: /lustre/hpc/project/icecube/HE_Nu_Aske_Oct2024/PMTfied_filtered/Snowstorm/CC_CRclean_Contained/22012/23/PMTfied_13.parquet
2025-02-24 13:52:32 - INFO - Filtered PMTfied file saved to: /lustre/hpc/project/icecube/HE_Nu_Aske_Oct2024/PMTfied_filtered/Snowstorm/CC_CRclean_Contained/22012/23/PMTfied_6.parquet
2025-02-24 13:52:33 - INFO - Filtered PMTfied file saved to: /lustre/hpc/project/icecube/HE_Nu_Aske_Oct2024/PMTfied_filtered/Snowstorm/CC_CRclean_Contained/22012/23/PMTfied_2.parquet
2025-02-24 13:52:34 - INFO - Filtered PMTfied file saved to: /lustre/hpc/project/icecube/HE_Nu_Aske_Oct2024/PMTfied_filtered/Snowstorm/CC_CRclean_Contained/22012/23/PMTfied_7.parquet
2025-02-24 13:52:35 - INFO - Filtered PMTfied file saved to: /lustre/hpc/project/icecube/HE_Nu_Aske_Oct2024/PMTfied_filtered/Snowstorm/CC_CRclean_Contained/22012/23/PMTfied_3.parquet
2025-02-24 13:52:36 - INFO - Filtered PMTfied file saved to: /lustre/hpc/project/icecube/HE_Nu_Aske_Oct2024/PMTfied_filtered/Snowstorm/CC_CRclean_Contained/22012/23/PMTfied_12.parquet
2025-02-24 13:52:37 - INFO - Filtered PMTfied file saved to: /lustre/hpc/project/icecube/HE_Nu_Aske_Oct2024/PMTfied_filtered/Snowstorm/CC_CRclean_Contained/22012/23/PMTfied_9.parquet
2025-02-24 13:52:38 - INFO - Filtered PMTfied file saved to: /lustre/hpc/project/icecube/HE_Nu_Aske_Oct2024/PMTfied_filtered/Snowstorm/CC_CRclean_Contained/22012/23/PMTfied_5.parquet
2025-02-24 13:52:39 - INFO - Filtered PMTfied file saved to: /lustre/hpc/project/icecube/HE_Nu_Aske_Oct2024/PMTfied_filtered/Snowstorm/CC_CRclean_Contained/22012/23/PMTfied_1.parquet
2025-02-24 13:52:40 - INFO - Filtered PMTfied file saved to: /lustre/hpc/project/icecube/HE_Nu_Aske_Oct2024/PMTfied_filtered/Snowstorm/CC_CRclean_Contained/22012/23/PMTfied_10.parquet
2025-02-24 13:52:41 - INFO - Filtered PMTfied file saved to: /lustre/hpc/project/icecube/HE_Nu_Aske_Oct2024/PMTfied_filtered/Snowstorm/CC_CRclean_Contained/22012/23/PMTfied_14.parquet
2025-02-24 13:52:42 - INFO - Filtered PMTfied file saved to: /lustre/hpc/project/icecube/HE_Nu_Aske_Oct2024/PMTfied_filtered/Snowstorm/CC_CRclean_Contained/22012/23/PMTfied_11.parquet
2025-02-24 13:52:42 - INFO - Filtered PMTfied file saved to: /lustre/hpc/project/icecube/HE_Nu_Aske_Oct2024/PMTfied_filtered/Snowstorm/CC_CRclean_Contained/22012/23/PMTfied_15.parquet
2025-02-24 13:52:43 - INFO - Filtered PMTfied file saved to: /lustre/hpc/project/icecube/HE_Nu_Aske_Oct2024/PMTfied_filtered/Snowstorm/CC_CRclean_Contained/22012/23/PMTfied_4.parquet
2025-02-24 13:52:44 - INFO - Filtered PMTfied file saved to: /lustre/hpc/project/icecube/HE_Nu_Aske_Oct2024/PMTfied_filtered/Snowstorm/CC_CRclean_Contained/22012/23/PMTfied_8.parquet
2025-02-24 13:52:44 - INFO - Filtering process completed.
2025-02-24 13:52:44 - INFO - Filtering process completed.
2025-02-24 13:52:44 - INFO - Unified receipt generated: /lustre/hpc/project/icecube/HE_Nu_Aske_Oct2024/PMTfied_filtered/Snowstorm/CC_CRclean_Contained/22012/[Receipt]22012_23.json
2025-02-24 13:52:44 - INFO - Filtering process completed.
Job completed at Mon Feb 24 01:52:44 PM CET 2025
