Starting job at Mon Feb 17 04:16:38 PM CET 2025
Running Filter_by_part.py for subdirectory 22012, part 6
2025-02-17 16:16:38 - INFO - Event filtering process starts...
2025-02-17 16:16:38 - INFO - Initialized PureNeutrinoEventFilter filter for 22012/6
2025-02-17 16:16:39 - INFO - Loaded 14 event specifier files from /lustre/hpc/project/icecube/HE_Nu_Aske_Oct2024/clean_events_dict/22012/22012/reduced
2025-02-17 16:16:39 - INFO - Selected 2 CSV files covering event range [2746, 3390]
2025-02-17 16:16:39 - INFO - Loaded 123353 valid (RunID, EventID) pairs from CSV files
2025-02-17 16:16:39 - INFO - Extracted 22651 valid events based on pure neutrino events.
2025-02-17 16:16:39 - INFO - Initialized Muon13Filter filter for 22012/6
2025-02-17 16:16:39 - INFO - Extracted 26244 valid events where MuonFilter_13==True.
2025-02-17 16:16:39 - INFO - Initialized CompositeEventFilter filter for 22012/6
2025-02-17 16:16:39 - INFO - Initialized (MuonLike_PureNu)
2025-02-17 16:16:39 - INFO - Starting filtering process for 22012/6
2025-02-17 16:16:39 - INFO - Starting filtering process for 22012/6
2025-02-17 16:16:40 - INFO - Recalculated 'offset' column based on 'N_doms' values within each 'shard_no' group.
2025-02-17 16:16:40 - INFO - Filtered truth file saved to: /lustre/hpc/project/icecube/HE_Nu_Aske_Oct2024/PMTfied_filtered/Snowstorm/MuonLike_PureNu/22012/truth_6.parquet
2025-02-17 16:16:41 - INFO - Filtered PMTfied file saved to: /lustre/hpc/project/icecube/HE_Nu_Aske_Oct2024/PMTfied_filtered/Snowstorm/MuonLike_PureNu/22012/6/PMTfied_8.parquet
2025-02-17 16:16:43 - INFO - Filtered PMTfied file saved to: /lustre/hpc/project/icecube/HE_Nu_Aske_Oct2024/PMTfied_filtered/Snowstorm/MuonLike_PureNu/22012/6/PMTfied_4.parquet
2025-02-17 16:16:44 - INFO - Filtered PMTfied file saved to: /lustre/hpc/project/icecube/HE_Nu_Aske_Oct2024/PMTfied_filtered/Snowstorm/MuonLike_PureNu/22012/6/PMTfied_11.parquet
2025-02-17 16:16:45 - INFO - Filtered PMTfied file saved to: /lustre/hpc/project/icecube/HE_Nu_Aske_Oct2024/PMTfied_filtered/Snowstorm/MuonLike_PureNu/22012/6/PMTfied_15.parquet
2025-02-17 16:16:47 - INFO - Filtered PMTfied file saved to: /lustre/hpc/project/icecube/HE_Nu_Aske_Oct2024/PMTfied_filtered/Snowstorm/MuonLike_PureNu/22012/6/PMTfied_10.parquet
2025-02-17 16:16:48 - INFO - Filtered PMTfied file saved to: /lustre/hpc/project/icecube/HE_Nu_Aske_Oct2024/PMTfied_filtered/Snowstorm/MuonLike_PureNu/22012/6/PMTfied_14.parquet
2025-02-17 16:16:49 - INFO - Filtered PMTfied file saved to: /lustre/hpc/project/icecube/HE_Nu_Aske_Oct2024/PMTfied_filtered/Snowstorm/MuonLike_PureNu/22012/6/PMTfied_5.parquet
2025-02-17 16:16:51 - INFO - Filtered PMTfied file saved to: /lustre/hpc/project/icecube/HE_Nu_Aske_Oct2024/PMTfied_filtered/Snowstorm/MuonLike_PureNu/22012/6/PMTfied_1.parquet
2025-02-17 16:16:52 - INFO - Filtered PMTfied file saved to: /lustre/hpc/project/icecube/HE_Nu_Aske_Oct2024/PMTfied_filtered/Snowstorm/MuonLike_PureNu/22012/6/PMTfied_9.parquet
2025-02-17 16:16:53 - INFO - Filtered PMTfied file saved to: /lustre/hpc/project/icecube/HE_Nu_Aske_Oct2024/PMTfied_filtered/Snowstorm/MuonLike_PureNu/22012/6/PMTfied_12.parquet
2025-02-17 16:16:55 - INFO - Filtered PMTfied file saved to: /lustre/hpc/project/icecube/HE_Nu_Aske_Oct2024/PMTfied_filtered/Snowstorm/MuonLike_PureNu/22012/6/PMTfied_7.parquet
2025-02-17 16:16:56 - INFO - Filtered PMTfied file saved to: /lustre/hpc/project/icecube/HE_Nu_Aske_Oct2024/PMTfied_filtered/Snowstorm/MuonLike_PureNu/22012/6/PMTfied_3.parquet
2025-02-17 16:16:57 - INFO - Filtered PMTfied file saved to: /lustre/hpc/project/icecube/HE_Nu_Aske_Oct2024/PMTfied_filtered/Snowstorm/MuonLike_PureNu/22012/6/PMTfied_6.parquet
2025-02-17 16:16:59 - INFO - Filtered PMTfied file saved to: /lustre/hpc/project/icecube/HE_Nu_Aske_Oct2024/PMTfied_filtered/Snowstorm/MuonLike_PureNu/22012/6/PMTfied_2.parquet
2025-02-17 16:17:00 - INFO - Filtered PMTfied file saved to: /lustre/hpc/project/icecube/HE_Nu_Aske_Oct2024/PMTfied_filtered/Snowstorm/MuonLike_PureNu/22012/6/PMTfied_13.parquet
2025-02-17 16:17:00 - INFO - Filtering process completed.
2025-02-17 16:17:00 - INFO - Filtering process completed.
2025-02-17 16:17:00 - INFO - Unified receipt generated: /lustre/hpc/project/icecube/HE_Nu_Aske_Oct2024/PMTfied_filtered/Snowstorm/MuonLike_PureNu/22012/[Receipt]22012_6.json
2025-02-17 16:17:00 - INFO - Filtering process completed.
Job completed at Mon Feb 17 04:17:00 PM CET 2025
