Starting job at Sat Feb 15 01:49:27 PM CET 2025
Running Filter_by_part.py for subdirectory 22012, part 19
2025-02-15 13:49:28 - INFO - Event filtering process starts...
2025-02-15 13:49:28 - INFO - Initialized PureNeutrinoEventFilter filter for 22012/19
2025-02-15 13:49:28 - INFO - Loaded 14 event specifier files from /lustre/hpc/project/icecube/HE_Nu_Aske_Oct2024/clean_events_dict/22012/22012/reduced
2025-02-15 13:49:28 - INFO - Selected 2 CSV files covering event range [9949, 10579]
2025-02-15 13:49:28 - INFO - Loaded 123625 valid (RunID, EventID) pairs from CSV files
2025-02-15 13:49:28 - INFO - Extracted 22667 valid events based on pure neutrino events.
2025-02-15 13:49:28 - INFO - Initialized Muon13Filter filter for 22012/19
2025-02-15 13:49:28 - INFO - Extracted 26119 valid events where MuonFilter_13==True.
2025-02-15 13:49:28 - INFO - Initialized CompositeEventFilter filter for 22012/19
2025-02-15 13:49:28 - INFO - Initialized (MuonLike_PureNu)
2025-02-15 13:49:28 - INFO - Starting filtering process for 22012/19
2025-02-15 13:49:28 - INFO - Starting filtering process for 22012/19
2025-02-15 13:49:29 - INFO - Recalculated 'offset' column based on filtered 'N_doms' values.
2025-02-15 13:49:29 - INFO - Filtered truth file saved to: /lustre/hpc/project/icecube/HE_Nu_Aske_Oct2024/PMTfied_filtered/Snowstorm/MuonLike_PureNu/22012/truth_19.parquet
2025-02-15 13:49:31 - INFO - Filtered PMTfied file saved to: /lustre/hpc/project/icecube/HE_Nu_Aske_Oct2024/PMTfied_filtered/Snowstorm/MuonLike_PureNu/22012/19/PMTfied_6.parquet
2025-02-15 13:49:32 - INFO - Filtered PMTfied file saved to: /lustre/hpc/project/icecube/HE_Nu_Aske_Oct2024/PMTfied_filtered/Snowstorm/MuonLike_PureNu/22012/19/PMTfied_2.parquet
2025-02-15 13:49:34 - INFO - Filtered PMTfied file saved to: /lustre/hpc/project/icecube/HE_Nu_Aske_Oct2024/PMTfied_filtered/Snowstorm/MuonLike_PureNu/22012/19/PMTfied_13.parquet
2025-02-15 13:49:35 - INFO - Filtered PMTfied file saved to: /lustre/hpc/project/icecube/HE_Nu_Aske_Oct2024/PMTfied_filtered/Snowstorm/MuonLike_PureNu/22012/19/PMTfied_12.parquet
2025-02-15 13:49:36 - INFO - Filtered PMTfied file saved to: /lustre/hpc/project/icecube/HE_Nu_Aske_Oct2024/PMTfied_filtered/Snowstorm/MuonLike_PureNu/22012/19/PMTfied_7.parquet
2025-02-15 13:49:38 - INFO - Filtered PMTfied file saved to: /lustre/hpc/project/icecube/HE_Nu_Aske_Oct2024/PMTfied_filtered/Snowstorm/MuonLike_PureNu/22012/19/PMTfied_3.parquet
2025-02-15 13:49:39 - INFO - Filtered PMTfied file saved to: /lustre/hpc/project/icecube/HE_Nu_Aske_Oct2024/PMTfied_filtered/Snowstorm/MuonLike_PureNu/22012/19/PMTfied_10.parquet
2025-02-15 13:49:40 - INFO - Filtered PMTfied file saved to: /lustre/hpc/project/icecube/HE_Nu_Aske_Oct2024/PMTfied_filtered/Snowstorm/MuonLike_PureNu/22012/19/PMTfied_14.parquet
2025-02-15 13:49:42 - INFO - Filtered PMTfied file saved to: /lustre/hpc/project/icecube/HE_Nu_Aske_Oct2024/PMTfied_filtered/Snowstorm/MuonLike_PureNu/22012/19/PMTfied_9.parquet
2025-02-15 13:49:43 - INFO - Filtered PMTfied file saved to: /lustre/hpc/project/icecube/HE_Nu_Aske_Oct2024/PMTfied_filtered/Snowstorm/MuonLike_PureNu/22012/19/PMTfied_5.parquet
2025-02-15 13:49:44 - INFO - Filtered PMTfied file saved to: /lustre/hpc/project/icecube/HE_Nu_Aske_Oct2024/PMTfied_filtered/Snowstorm/MuonLike_PureNu/22012/19/PMTfied_1.parquet
2025-02-15 13:49:46 - INFO - Filtered PMTfied file saved to: /lustre/hpc/project/icecube/HE_Nu_Aske_Oct2024/PMTfied_filtered/Snowstorm/MuonLike_PureNu/22012/19/PMTfied_4.parquet
2025-02-15 13:49:47 - INFO - Filtered PMTfied file saved to: /lustre/hpc/project/icecube/HE_Nu_Aske_Oct2024/PMTfied_filtered/Snowstorm/MuonLike_PureNu/22012/19/PMTfied_8.parquet
2025-02-15 13:49:48 - INFO - Filtered PMTfied file saved to: /lustre/hpc/project/icecube/HE_Nu_Aske_Oct2024/PMTfied_filtered/Snowstorm/MuonLike_PureNu/22012/19/PMTfied_11.parquet
2025-02-15 13:49:49 - INFO - Filtered PMTfied file saved to: /lustre/hpc/project/icecube/HE_Nu_Aske_Oct2024/PMTfied_filtered/Snowstorm/MuonLike_PureNu/22012/19/PMTfied_15.parquet
2025-02-15 13:49:49 - INFO - Filtering process completed.
2025-02-15 13:49:49 - INFO - Filtering process completed.
2025-02-15 13:49:49 - INFO - Unified receipt generated: /lustre/hpc/project/icecube/HE_Nu_Aske_Oct2024/PMTfied_filtered/Snowstorm/MuonLike_PureNu/22012/[Receipt]22012_19.json
2025-02-15 13:49:49 - INFO - Filtering process completed.
Job completed at Sat Feb 15 01:49:49 PM CET 2025
