Starting job at Thu Feb 13 05:55:47 PM CET 2025
Running Filter_by_part.py for subdirectory 22012, part 19
2025-02-13 17:55:48 - INFO - Event filtering process starts...
2025-02-13 17:55:48 - INFO - Initialized PureNeutrinoEventFilter
2025-02-13 17:55:48 - INFO - Starting filtering process for 22012/19
2025-02-13 17:55:48 - INFO - Loaded 14 event specifier files from /lustre/hpc/project/icecube/HE_Nu_Aske_Oct2024/clean_events_dict/22012/22012/reduced
2025-02-13 17:55:48 - INFO - Selected 2 CSV files covering event range [9949, 10579]
2025-02-13 17:55:48 - INFO - Loaded 123625 valid (RunID, EventID) pairs from CSV files
2025-02-13 17:55:49 - INFO - Recalculated 'offset' column based on filtered 'N_doms' values.
2025-02-13 17:55:50 - INFO - Filtered truth file saved to: /lustre/hpc/project/icecube/HE_Nu_Aske_Oct2024/PMTfied_filtered/PureNu/Snowstorm/22012/truth_19.parquet
2025-02-13 17:55:50 - INFO - Receipt file saved to: /lustre/hpc/project/icecube/HE_Nu_Aske_Oct2024/PMTfied_filtered/PureNu/Snowstorm/22012/[Receipt]22012_19.json
2025-02-13 17:55:51 - INFO - Filtered PMTfied file saved to: /lustre/hpc/project/icecube/HE_Nu_Aske_Oct2024/PMTfied_filtered/PureNu/Snowstorm/22012/19/PMTfied_6.parquet
2025-02-13 17:55:52 - INFO - Filtered PMTfied file saved to: /lustre/hpc/project/icecube/HE_Nu_Aske_Oct2024/PMTfied_filtered/PureNu/Snowstorm/22012/19/PMTfied_2.parquet
2025-02-13 17:55:53 - INFO - Filtered PMTfied file saved to: /lustre/hpc/project/icecube/HE_Nu_Aske_Oct2024/PMTfied_filtered/PureNu/Snowstorm/22012/19/PMTfied_13.parquet
2025-02-13 17:55:54 - INFO - Filtered PMTfied file saved to: /lustre/hpc/project/icecube/HE_Nu_Aske_Oct2024/PMTfied_filtered/PureNu/Snowstorm/22012/19/PMTfied_12.parquet
2025-02-13 17:55:56 - INFO - Filtered PMTfied file saved to: /lustre/hpc/project/icecube/HE_Nu_Aske_Oct2024/PMTfied_filtered/PureNu/Snowstorm/22012/19/PMTfied_7.parquet
2025-02-13 17:55:57 - INFO - Filtered PMTfied file saved to: /lustre/hpc/project/icecube/HE_Nu_Aske_Oct2024/PMTfied_filtered/PureNu/Snowstorm/22012/19/PMTfied_3.parquet
2025-02-13 17:55:58 - INFO - Filtered PMTfied file saved to: /lustre/hpc/project/icecube/HE_Nu_Aske_Oct2024/PMTfied_filtered/PureNu/Snowstorm/22012/19/PMTfied_10.parquet
2025-02-13 17:56:00 - INFO - Filtered PMTfied file saved to: /lustre/hpc/project/icecube/HE_Nu_Aske_Oct2024/PMTfied_filtered/PureNu/Snowstorm/22012/19/PMTfied_14.parquet
2025-02-13 17:56:01 - INFO - Filtered PMTfied file saved to: /lustre/hpc/project/icecube/HE_Nu_Aske_Oct2024/PMTfied_filtered/PureNu/Snowstorm/22012/19/PMTfied_9.parquet
2025-02-13 17:56:02 - INFO - Filtered PMTfied file saved to: /lustre/hpc/project/icecube/HE_Nu_Aske_Oct2024/PMTfied_filtered/PureNu/Snowstorm/22012/19/PMTfied_5.parquet
2025-02-13 17:56:04 - INFO - Filtered PMTfied file saved to: /lustre/hpc/project/icecube/HE_Nu_Aske_Oct2024/PMTfied_filtered/PureNu/Snowstorm/22012/19/PMTfied_1.parquet
2025-02-13 17:56:05 - INFO - Filtered PMTfied file saved to: /lustre/hpc/project/icecube/HE_Nu_Aske_Oct2024/PMTfied_filtered/PureNu/Snowstorm/22012/19/PMTfied_4.parquet
2025-02-13 17:56:06 - INFO - Filtered PMTfied file saved to: /lustre/hpc/project/icecube/HE_Nu_Aske_Oct2024/PMTfied_filtered/PureNu/Snowstorm/22012/19/PMTfied_8.parquet
2025-02-13 17:56:07 - INFO - Filtered PMTfied file saved to: /lustre/hpc/project/icecube/HE_Nu_Aske_Oct2024/PMTfied_filtered/PureNu/Snowstorm/22012/19/PMTfied_11.parquet
2025-02-13 17:56:08 - INFO - Filtered PMTfied file saved to: /lustre/hpc/project/icecube/HE_Nu_Aske_Oct2024/PMTfied_filtered/PureNu/Snowstorm/22012/19/PMTfied_15.parquet
2025-02-13 17:56:08 - INFO - Filtering process completed.
2025-02-13 17:56:08 - INFO - Filtering process completed for all selected filters.
2025-02-13 17:56:08 - INFO - Execution time: 20.07 seconds
2025-02-13 17:56:08 - INFO - Updated receipt with execution time: /lustre/hpc/project/icecube/HE_Nu_Aske_Oct2024/PMTfied_filtered/PureNu/Snowstorm/22012/[Receipt]22012_19.json
Job completed at Thu Feb 13 05:56:08 PM CET 2025
