Starting job at Mon Feb 17 04:09:15 PM CET 2025
Running Filter_by_part.py for subdirectory 22012, part 5
2025-02-17 16:09:15 - INFO - Event filtering process starts...
2025-02-17 16:09:15 - INFO - Initialized Muon13Filter filter for 22012/5
2025-02-17 16:09:15 - INFO - Extracted 25692 valid events where MuonFilter_13==True.
2025-02-17 16:09:15 - INFO - Initialized CompositeEventFilter filter for 22012/5
2025-02-17 16:09:15 - INFO - Initialized (MuonLike)
2025-02-17 16:09:15 - INFO - Starting filtering process for 22012/5
2025-02-17 16:09:15 - INFO - Starting filtering process for 22012/5
2025-02-17 16:09:15 - INFO - Recalculated 'offset' column based on 'N_doms' values within each 'shard_no' group.
2025-02-17 16:09:16 - INFO - Filtered truth file saved to: /lustre/hpc/project/icecube/HE_Nu_Aske_Oct2024/PMTfied_filtered/Snowstorm/MuonLike/22012/truth_5.parquet
2025-02-17 16:09:16 - INFO - Filtered PMTfied file saved to: /lustre/hpc/project/icecube/HE_Nu_Aske_Oct2024/PMTfied_filtered/Snowstorm/MuonLike/22012/5/PMTfied_14.parquet
2025-02-17 16:09:17 - INFO - Filtered PMTfied file saved to: /lustre/hpc/project/icecube/HE_Nu_Aske_Oct2024/PMTfied_filtered/Snowstorm/MuonLike/22012/5/PMTfied_10.parquet
2025-02-17 16:09:18 - INFO - Filtered PMTfied file saved to: /lustre/hpc/project/icecube/HE_Nu_Aske_Oct2024/PMTfied_filtered/Snowstorm/MuonLike/22012/5/PMTfied_3.parquet
2025-02-17 16:09:19 - INFO - Filtered PMTfied file saved to: /lustre/hpc/project/icecube/HE_Nu_Aske_Oct2024/PMTfied_filtered/Snowstorm/MuonLike/22012/5/PMTfied_7.parquet
2025-02-17 16:09:19 - INFO - Filtered PMTfied file saved to: /lustre/hpc/project/icecube/HE_Nu_Aske_Oct2024/PMTfied_filtered/Snowstorm/MuonLike/22012/5/PMTfied_15.parquet
2025-02-17 16:09:20 - INFO - Filtered PMTfied file saved to: /lustre/hpc/project/icecube/HE_Nu_Aske_Oct2024/PMTfied_filtered/Snowstorm/MuonLike/22012/5/PMTfied_11.parquet
2025-02-17 16:09:21 - INFO - Filtered PMTfied file saved to: /lustre/hpc/project/icecube/HE_Nu_Aske_Oct2024/PMTfied_filtered/Snowstorm/MuonLike/22012/5/PMTfied_2.parquet
2025-02-17 16:09:22 - INFO - Filtered PMTfied file saved to: /lustre/hpc/project/icecube/HE_Nu_Aske_Oct2024/PMTfied_filtered/Snowstorm/MuonLike/22012/5/PMTfied_6.parquet
2025-02-17 16:09:22 - INFO - Filtered PMTfied file saved to: /lustre/hpc/project/icecube/HE_Nu_Aske_Oct2024/PMTfied_filtered/Snowstorm/MuonLike/22012/5/PMTfied_4.parquet
2025-02-17 16:09:23 - INFO - Filtered PMTfied file saved to: /lustre/hpc/project/icecube/HE_Nu_Aske_Oct2024/PMTfied_filtered/Snowstorm/MuonLike/22012/5/PMTfied_8.parquet
2025-02-17 16:09:24 - INFO - Filtered PMTfied file saved to: /lustre/hpc/project/icecube/HE_Nu_Aske_Oct2024/PMTfied_filtered/Snowstorm/MuonLike/22012/5/PMTfied_13.parquet
2025-02-17 16:09:25 - INFO - Filtered PMTfied file saved to: /lustre/hpc/project/icecube/HE_Nu_Aske_Oct2024/PMTfied_filtered/Snowstorm/MuonLike/22012/5/PMTfied_9.parquet
2025-02-17 16:09:25 - INFO - Filtered PMTfied file saved to: /lustre/hpc/project/icecube/HE_Nu_Aske_Oct2024/PMTfied_filtered/Snowstorm/MuonLike/22012/5/PMTfied_1.parquet
2025-02-17 16:09:26 - INFO - Filtered PMTfied file saved to: /lustre/hpc/project/icecube/HE_Nu_Aske_Oct2024/PMTfied_filtered/Snowstorm/MuonLike/22012/5/PMTfied_5.parquet
2025-02-17 16:09:27 - INFO - Filtered PMTfied file saved to: /lustre/hpc/project/icecube/HE_Nu_Aske_Oct2024/PMTfied_filtered/Snowstorm/MuonLike/22012/5/PMTfied_12.parquet
2025-02-17 16:09:27 - INFO - Filtering process completed.
2025-02-17 16:09:27 - INFO - Filtering process completed.
2025-02-17 16:09:27 - INFO - Unified receipt generated: /lustre/hpc/project/icecube/HE_Nu_Aske_Oct2024/PMTfied_filtered/Snowstorm/MuonLike/22012/[Receipt]22012_5.json
2025-02-17 16:09:27 - INFO - Filtering process completed.
Job completed at Mon Feb 17 04:09:27 PM CET 2025
