Starting job at Sat Feb 15 12:03:40 PM CET 2025
Running Filter_by_part.py for subdirectory 22012, part 13
2025-02-15 12:03:40 - INFO - Event filtering process starts...
2025-02-15 12:03:40 - INFO - Initialized Muon13Filter filter for 22012/13
2025-02-15 12:03:41 - INFO - Extracted 26256 valid events where MuonFilter_13==True.
2025-02-15 12:03:41 - INFO - Initialized CompositeEventFilter filter for 22012/13
2025-02-15 12:03:41 - INFO - Initialized (MuonLike)
2025-02-15 12:03:41 - INFO - Starting filtering process for 22012/13
2025-02-15 12:03:41 - INFO - Starting filtering process for 22012/13
2025-02-15 12:03:42 - INFO - Recalculated 'offset' column based on filtered 'N_doms' values.
2025-02-15 12:03:42 - INFO - Filtered truth file saved to: /lustre/hpc/project/icecube/HE_Nu_Aske_Oct2024/PMTfied_filtered/Snowstorm/MuonLike/22012/truth_13.parquet
2025-02-15 12:03:44 - INFO - Filtered PMTfied file saved to: /lustre/hpc/project/icecube/HE_Nu_Aske_Oct2024/PMTfied_filtered/Snowstorm/MuonLike/22012/13/PMTfied_2.parquet
2025-02-15 12:03:45 - INFO - Filtered PMTfied file saved to: /lustre/hpc/project/icecube/HE_Nu_Aske_Oct2024/PMTfied_filtered/Snowstorm/MuonLike/22012/13/PMTfied_6.parquet
2025-02-15 12:03:47 - INFO - Filtered PMTfied file saved to: /lustre/hpc/project/icecube/HE_Nu_Aske_Oct2024/PMTfied_filtered/Snowstorm/MuonLike/22012/13/PMTfied_13.parquet
2025-02-15 12:03:49 - INFO - Filtered PMTfied file saved to: /lustre/hpc/project/icecube/HE_Nu_Aske_Oct2024/PMTfied_filtered/Snowstorm/MuonLike/22012/13/PMTfied_12.parquet
2025-02-15 12:03:52 - INFO - Filtered PMTfied file saved to: /lustre/hpc/project/icecube/HE_Nu_Aske_Oct2024/PMTfied_filtered/Snowstorm/MuonLike/22012/13/PMTfied_3.parquet
2025-02-15 12:03:53 - INFO - Filtered PMTfied file saved to: /lustre/hpc/project/icecube/HE_Nu_Aske_Oct2024/PMTfied_filtered/Snowstorm/MuonLike/22012/13/PMTfied_7.parquet
2025-02-15 12:03:55 - INFO - Filtered PMTfied file saved to: /lustre/hpc/project/icecube/HE_Nu_Aske_Oct2024/PMTfied_filtered/Snowstorm/MuonLike/22012/13/PMTfied_14.parquet
2025-02-15 12:03:57 - INFO - Filtered PMTfied file saved to: /lustre/hpc/project/icecube/HE_Nu_Aske_Oct2024/PMTfied_filtered/Snowstorm/MuonLike/22012/13/PMTfied_9.parquet
2025-02-15 12:03:59 - INFO - Filtered PMTfied file saved to: /lustre/hpc/project/icecube/HE_Nu_Aske_Oct2024/PMTfied_filtered/Snowstorm/MuonLike/22012/13/PMTfied_10.parquet
2025-02-15 12:04:01 - INFO - Filtered PMTfied file saved to: /lustre/hpc/project/icecube/HE_Nu_Aske_Oct2024/PMTfied_filtered/Snowstorm/MuonLike/22012/13/PMTfied_1.parquet
2025-02-15 12:04:03 - INFO - Filtered PMTfied file saved to: /lustre/hpc/project/icecube/HE_Nu_Aske_Oct2024/PMTfied_filtered/Snowstorm/MuonLike/22012/13/PMTfied_5.parquet
2025-02-15 12:04:04 - INFO - Filtered PMTfied file saved to: /lustre/hpc/project/icecube/HE_Nu_Aske_Oct2024/PMTfied_filtered/Snowstorm/MuonLike/22012/13/PMTfied_4.parquet
2025-02-15 12:04:05 - INFO - Filtered PMTfied file saved to: /lustre/hpc/project/icecube/HE_Nu_Aske_Oct2024/PMTfied_filtered/Snowstorm/MuonLike/22012/13/PMTfied_15.parquet
2025-02-15 12:04:07 - INFO - Filtered PMTfied file saved to: /lustre/hpc/project/icecube/HE_Nu_Aske_Oct2024/PMTfied_filtered/Snowstorm/MuonLike/22012/13/PMTfied_8.parquet
2025-02-15 12:04:09 - INFO - Filtered PMTfied file saved to: /lustre/hpc/project/icecube/HE_Nu_Aske_Oct2024/PMTfied_filtered/Snowstorm/MuonLike/22012/13/PMTfied_11.parquet
2025-02-15 12:04:09 - INFO - Filtering process completed.
2025-02-15 12:04:09 - INFO - Filtering process completed.
2025-02-15 12:04:09 - INFO - Unified receipt generated: /lustre/hpc/project/icecube/HE_Nu_Aske_Oct2024/PMTfied_filtered/Snowstorm/MuonLike/22012/[Receipt]22012_13.json
2025-02-15 12:04:09 - INFO - Filtering process completed.
Job completed at Sat Feb 15 12:04:09 PM CET 2025
