Starting job at Sat Feb 15 12:02:41 PM CET 2025
Running Filter_by_part.py for subdirectory 22012, part 4
2025-02-15 12:02:42 - INFO - Event filtering process starts...
2025-02-15 12:02:42 - INFO - Initialized Muon13Filter filter for 22012/4
2025-02-15 12:02:42 - INFO - Extracted 26321 valid events where MuonFilter_13==True.
2025-02-15 12:02:42 - INFO - Initialized CompositeEventFilter filter for 22012/4
2025-02-15 12:02:42 - INFO - Initialized (MuonLike)
2025-02-15 12:02:42 - INFO - Starting filtering process for 22012/4
2025-02-15 12:02:42 - INFO - Starting filtering process for 22012/4
2025-02-15 12:02:43 - INFO - Recalculated 'offset' column based on filtered 'N_doms' values.
2025-02-15 12:02:43 - INFO - Filtered truth file saved to: /lustre/hpc/project/icecube/HE_Nu_Aske_Oct2024/PMTfied_filtered/Snowstorm/MuonLike/22012/truth_4.parquet
2025-02-15 12:02:45 - INFO - Filtered PMTfied file saved to: /lustre/hpc/project/icecube/HE_Nu_Aske_Oct2024/PMTfied_filtered/Snowstorm/MuonLike/22012/4/PMTfied_6.parquet
2025-02-15 12:02:47 - INFO - Filtered PMTfied file saved to: /lustre/hpc/project/icecube/HE_Nu_Aske_Oct2024/PMTfied_filtered/Snowstorm/MuonLike/22012/4/PMTfied_2.parquet
2025-02-15 12:02:48 - INFO - Filtered PMTfied file saved to: /lustre/hpc/project/icecube/HE_Nu_Aske_Oct2024/PMTfied_filtered/Snowstorm/MuonLike/22012/4/PMTfied_14.parquet
2025-02-15 12:02:51 - INFO - Filtered PMTfied file saved to: /lustre/hpc/project/icecube/HE_Nu_Aske_Oct2024/PMTfied_filtered/Snowstorm/MuonLike/22012/4/PMTfied_10.parquet
2025-02-15 12:02:52 - INFO - Filtered PMTfied file saved to: /lustre/hpc/project/icecube/HE_Nu_Aske_Oct2024/PMTfied_filtered/Snowstorm/MuonLike/22012/4/PMTfied_7.parquet
2025-02-15 12:02:54 - INFO - Filtered PMTfied file saved to: /lustre/hpc/project/icecube/HE_Nu_Aske_Oct2024/PMTfied_filtered/Snowstorm/MuonLike/22012/4/PMTfied_3.parquet
2025-02-15 12:02:55 - INFO - Filtered PMTfied file saved to: /lustre/hpc/project/icecube/HE_Nu_Aske_Oct2024/PMTfied_filtered/Snowstorm/MuonLike/22012/4/PMTfied_15.parquet
2025-02-15 12:02:57 - INFO - Filtered PMTfied file saved to: /lustre/hpc/project/icecube/HE_Nu_Aske_Oct2024/PMTfied_filtered/Snowstorm/MuonLike/22012/4/PMTfied_11.parquet
2025-02-15 12:02:58 - INFO - Filtered PMTfied file saved to: /lustre/hpc/project/icecube/HE_Nu_Aske_Oct2024/PMTfied_filtered/Snowstorm/MuonLike/22012/4/PMTfied_5.parquet
2025-02-15 12:03:00 - INFO - Filtered PMTfied file saved to: /lustre/hpc/project/icecube/HE_Nu_Aske_Oct2024/PMTfied_filtered/Snowstorm/MuonLike/22012/4/PMTfied_1.parquet
2025-02-15 12:03:01 - INFO - Filtered PMTfied file saved to: /lustre/hpc/project/icecube/HE_Nu_Aske_Oct2024/PMTfied_filtered/Snowstorm/MuonLike/22012/4/PMTfied_9.parquet
2025-02-15 12:03:03 - INFO - Filtered PMTfied file saved to: /lustre/hpc/project/icecube/HE_Nu_Aske_Oct2024/PMTfied_filtered/Snowstorm/MuonLike/22012/4/PMTfied_13.parquet
2025-02-15 12:03:04 - INFO - Filtered PMTfied file saved to: /lustre/hpc/project/icecube/HE_Nu_Aske_Oct2024/PMTfied_filtered/Snowstorm/MuonLike/22012/4/PMTfied_8.parquet
2025-02-15 12:03:06 - INFO - Filtered PMTfied file saved to: /lustre/hpc/project/icecube/HE_Nu_Aske_Oct2024/PMTfied_filtered/Snowstorm/MuonLike/22012/4/PMTfied_4.parquet
2025-02-15 12:03:07 - INFO - Filtered PMTfied file saved to: /lustre/hpc/project/icecube/HE_Nu_Aske_Oct2024/PMTfied_filtered/Snowstorm/MuonLike/22012/4/PMTfied_12.parquet
2025-02-15 12:03:07 - INFO - Filtering process completed.
2025-02-15 12:03:07 - INFO - Filtering process completed.
2025-02-15 12:03:07 - INFO - Unified receipt generated: /lustre/hpc/project/icecube/HE_Nu_Aske_Oct2024/PMTfied_filtered/Snowstorm/MuonLike/22012/[Receipt]22012_4.json
2025-02-15 12:03:07 - INFO - Filtering process completed.
Job completed at Sat Feb 15 12:03:08 PM CET 2025
