Starting job at Sat Feb 15 01:48:53 PM CET 2025
Running Filter_by_part.py for subdirectory 22012, part 11
2025-02-15 13:48:53 - INFO - Event filtering process starts...
2025-02-15 13:48:53 - INFO - Initialized PureNeutrinoEventFilter filter for 22012/11
2025-02-15 13:48:54 - INFO - Loaded 14 event specifier files from /lustre/hpc/project/icecube/HE_Nu_Aske_Oct2024/clean_events_dict/22012/22012/reduced
2025-02-15 13:48:54 - INFO - Selected 2 CSV files covering event range [5527, 6170]
2025-02-15 13:48:54 - INFO - Loaded 123718 valid (RunID, EventID) pairs from CSV files
2025-02-15 13:48:54 - INFO - Extracted 22317 valid events based on pure neutrino events.
2025-02-15 13:48:54 - INFO - Initialized Muon13Filter filter for 22012/11
2025-02-15 13:48:54 - INFO - Extracted 25489 valid events where MuonFilter_13==True.
2025-02-15 13:48:54 - INFO - Initialized CompositeEventFilter filter for 22012/11
2025-02-15 13:48:54 - INFO - Initialized (MuonLike_PureNu)
2025-02-15 13:48:54 - INFO - Starting filtering process for 22012/11
2025-02-15 13:48:54 - INFO - Starting filtering process for 22012/11
2025-02-15 13:48:55 - INFO - Recalculated 'offset' column based on filtered 'N_doms' values.
2025-02-15 13:48:55 - INFO - Filtered truth file saved to: /lustre/hpc/project/icecube/HE_Nu_Aske_Oct2024/PMTfied_filtered/Snowstorm/MuonLike_PureNu/22012/truth_11.parquet
2025-02-15 13:48:57 - INFO - Filtered PMTfied file saved to: /lustre/hpc/project/icecube/HE_Nu_Aske_Oct2024/PMTfied_filtered/Snowstorm/MuonLike_PureNu/22012/11/PMTfied_12.parquet
2025-02-15 13:48:59 - INFO - Filtered PMTfied file saved to: /lustre/hpc/project/icecube/HE_Nu_Aske_Oct2024/PMTfied_filtered/Snowstorm/MuonLike_PureNu/22012/11/PMTfied_8.parquet
2025-02-15 13:49:02 - INFO - Filtered PMTfied file saved to: /lustre/hpc/project/icecube/HE_Nu_Aske_Oct2024/PMTfied_filtered/Snowstorm/MuonLike_PureNu/22012/11/PMTfied_4.parquet
2025-02-15 13:49:03 - INFO - Filtered PMTfied file saved to: /lustre/hpc/project/icecube/HE_Nu_Aske_Oct2024/PMTfied_filtered/Snowstorm/MuonLike_PureNu/22012/11/PMTfied_13.parquet
2025-02-15 13:49:05 - INFO - Filtered PMTfied file saved to: /lustre/hpc/project/icecube/HE_Nu_Aske_Oct2024/PMTfied_filtered/Snowstorm/MuonLike_PureNu/22012/11/PMTfied_1.parquet
2025-02-15 13:49:08 - INFO - Filtered PMTfied file saved to: /lustre/hpc/project/icecube/HE_Nu_Aske_Oct2024/PMTfied_filtered/Snowstorm/MuonLike_PureNu/22012/11/PMTfied_5.parquet
2025-02-15 13:49:10 - INFO - Filtered PMTfied file saved to: /lustre/hpc/project/icecube/HE_Nu_Aske_Oct2024/PMTfied_filtered/Snowstorm/MuonLike_PureNu/22012/11/PMTfied_9.parquet
2025-02-15 13:49:12 - INFO - Filtered PMTfied file saved to: /lustre/hpc/project/icecube/HE_Nu_Aske_Oct2024/PMTfied_filtered/Snowstorm/MuonLike_PureNu/22012/11/PMTfied_11.parquet
2025-02-15 13:49:12 - INFO - Filtered PMTfied file saved to: /lustre/hpc/project/icecube/HE_Nu_Aske_Oct2024/PMTfied_filtered/Snowstorm/MuonLike_PureNu/22012/11/PMTfied_15.parquet
2025-02-15 13:49:14 - INFO - Filtered PMTfied file saved to: /lustre/hpc/project/icecube/HE_Nu_Aske_Oct2024/PMTfied_filtered/Snowstorm/MuonLike_PureNu/22012/11/PMTfied_3.parquet
2025-02-15 13:49:17 - INFO - Filtered PMTfied file saved to: /lustre/hpc/project/icecube/HE_Nu_Aske_Oct2024/PMTfied_filtered/Snowstorm/MuonLike_PureNu/22012/11/PMTfied_7.parquet
2025-02-15 13:49:19 - INFO - Filtered PMTfied file saved to: /lustre/hpc/project/icecube/HE_Nu_Aske_Oct2024/PMTfied_filtered/Snowstorm/MuonLike_PureNu/22012/11/PMTfied_10.parquet
2025-02-15 13:49:21 - INFO - Filtered PMTfied file saved to: /lustre/hpc/project/icecube/HE_Nu_Aske_Oct2024/PMTfied_filtered/Snowstorm/MuonLike_PureNu/22012/11/PMTfied_14.parquet
2025-02-15 13:49:22 - INFO - Filtered PMTfied file saved to: /lustre/hpc/project/icecube/HE_Nu_Aske_Oct2024/PMTfied_filtered/Snowstorm/MuonLike_PureNu/22012/11/PMTfied_2.parquet
2025-02-15 13:49:24 - INFO - Filtered PMTfied file saved to: /lustre/hpc/project/icecube/HE_Nu_Aske_Oct2024/PMTfied_filtered/Snowstorm/MuonLike_PureNu/22012/11/PMTfied_6.parquet
2025-02-15 13:49:24 - INFO - Filtering process completed.
2025-02-15 13:49:24 - INFO - Filtering process completed.
2025-02-15 13:49:24 - INFO - Unified receipt generated: /lustre/hpc/project/icecube/HE_Nu_Aske_Oct2024/PMTfied_filtered/Snowstorm/MuonLike_PureNu/22012/[Receipt]22012_11.json
2025-02-15 13:49:24 - INFO - Filtering process completed.
Job completed at Sat Feb 15 01:49:24 PM CET 2025
