Starting job at Sat Feb 15 12:03:27 PM CET 2025
Running Filter_by_part.py for subdirectory 22012, part 12
2025-02-15 12:03:27 - INFO - Event filtering process starts...
2025-02-15 12:03:27 - INFO - Initialized Muon13Filter filter for 22012/12
2025-02-15 12:03:28 - INFO - Extracted 25744 valid events where MuonFilter_13==True.
2025-02-15 12:03:28 - INFO - Initialized CompositeEventFilter filter for 22012/12
2025-02-15 12:03:28 - INFO - Initialized (MuonLike)
2025-02-15 12:03:28 - INFO - Starting filtering process for 22012/12
2025-02-15 12:03:28 - INFO - Starting filtering process for 22012/12
2025-02-15 12:03:29 - INFO - Recalculated 'offset' column based on filtered 'N_doms' values.
2025-02-15 12:03:29 - INFO - Filtered truth file saved to: /lustre/hpc/project/icecube/HE_Nu_Aske_Oct2024/PMTfied_filtered/Snowstorm/MuonLike/22012/truth_12.parquet
2025-02-15 12:03:31 - INFO - Filtered PMTfied file saved to: /lustre/hpc/project/icecube/HE_Nu_Aske_Oct2024/PMTfied_filtered/Snowstorm/MuonLike/22012/12/PMTfied_6.parquet
2025-02-15 12:03:32 - INFO - Filtered PMTfied file saved to: /lustre/hpc/project/icecube/HE_Nu_Aske_Oct2024/PMTfied_filtered/Snowstorm/MuonLike/22012/12/PMTfied_2.parquet
2025-02-15 12:03:34 - INFO - Filtered PMTfied file saved to: /lustre/hpc/project/icecube/HE_Nu_Aske_Oct2024/PMTfied_filtered/Snowstorm/MuonLike/22012/12/PMTfied_12.parquet
2025-02-15 12:03:36 - INFO - Filtered PMTfied file saved to: /lustre/hpc/project/icecube/HE_Nu_Aske_Oct2024/PMTfied_filtered/Snowstorm/MuonLike/22012/12/PMTfied_7.parquet
2025-02-15 12:03:37 - INFO - Filtered PMTfied file saved to: /lustre/hpc/project/icecube/HE_Nu_Aske_Oct2024/PMTfied_filtered/Snowstorm/MuonLike/22012/12/PMTfied_3.parquet
2025-02-15 12:03:39 - INFO - Filtered PMTfied file saved to: /lustre/hpc/project/icecube/HE_Nu_Aske_Oct2024/PMTfied_filtered/Snowstorm/MuonLike/22012/12/PMTfied_13.parquet
2025-02-15 12:03:40 - INFO - Filtered PMTfied file saved to: /lustre/hpc/project/icecube/HE_Nu_Aske_Oct2024/PMTfied_filtered/Snowstorm/MuonLike/22012/12/PMTfied_15.parquet
2025-02-15 12:03:41 - INFO - Filtered PMTfied file saved to: /lustre/hpc/project/icecube/HE_Nu_Aske_Oct2024/PMTfied_filtered/Snowstorm/MuonLike/22012/12/PMTfied_5.parquet
2025-02-15 12:03:43 - INFO - Filtered PMTfied file saved to: /lustre/hpc/project/icecube/HE_Nu_Aske_Oct2024/PMTfied_filtered/Snowstorm/MuonLike/22012/12/PMTfied_11.parquet
2025-02-15 12:03:44 - INFO - Filtered PMTfied file saved to: /lustre/hpc/project/icecube/HE_Nu_Aske_Oct2024/PMTfied_filtered/Snowstorm/MuonLike/22012/12/PMTfied_1.parquet
2025-02-15 12:03:46 - INFO - Filtered PMTfied file saved to: /lustre/hpc/project/icecube/HE_Nu_Aske_Oct2024/PMTfied_filtered/Snowstorm/MuonLike/22012/12/PMTfied_9.parquet
2025-02-15 12:03:48 - INFO - Filtered PMTfied file saved to: /lustre/hpc/project/icecube/HE_Nu_Aske_Oct2024/PMTfied_filtered/Snowstorm/MuonLike/22012/12/PMTfied_8.parquet
2025-02-15 12:03:50 - INFO - Filtered PMTfied file saved to: /lustre/hpc/project/icecube/HE_Nu_Aske_Oct2024/PMTfied_filtered/Snowstorm/MuonLike/22012/12/PMTfied_14.parquet
2025-02-15 12:03:51 - INFO - Filtered PMTfied file saved to: /lustre/hpc/project/icecube/HE_Nu_Aske_Oct2024/PMTfied_filtered/Snowstorm/MuonLike/22012/12/PMTfied_4.parquet
2025-02-15 12:03:53 - INFO - Filtered PMTfied file saved to: /lustre/hpc/project/icecube/HE_Nu_Aske_Oct2024/PMTfied_filtered/Snowstorm/MuonLike/22012/12/PMTfied_10.parquet
2025-02-15 12:03:53 - INFO - Filtering process completed.
2025-02-15 12:03:53 - INFO - Filtering process completed.
2025-02-15 12:03:53 - INFO - Unified receipt generated: /lustre/hpc/project/icecube/HE_Nu_Aske_Oct2024/PMTfied_filtered/Snowstorm/MuonLike/22012/[Receipt]22012_12.json
2025-02-15 12:03:53 - INFO - Filtering process completed.
Job completed at Sat Feb 15 12:03:53 PM CET 2025
