Starting job at Thu Feb 13 05:09:50 PM CET 2025
Running Filter_by_part.py for subdirectory 22012, part 22
2025-02-13 17:09:51 - INFO - Event filtering process starts...
2025-02-13 17:09:51 - INFO - Initialized Muon13Filter
2025-02-13 17:09:51 - INFO - Starting filtering process for 22012/22
2025-02-13 17:09:52 - INFO - Recalculated 'offset' column based on filtered 'N_doms' values.
2025-02-13 17:09:52 - INFO - Filtered truth file saved to: /lustre/hpc/project/icecube/HE_Nu_Aske_Oct2024/PMTfied_filtered/MuonLike/Snowstorm/22012/truth_22.parquet
2025-02-13 17:09:53 - INFO - Receipt file saved to: /lustre/hpc/project/icecube/HE_Nu_Aske_Oct2024/PMTfied_filtered/MuonLike/Snowstorm/22012/[Receipt]22012_22.json
2025-02-13 17:09:54 - INFO - Filtered PMTfied file saved to: /lustre/hpc/project/icecube/HE_Nu_Aske_Oct2024/PMTfied_filtered/MuonLike/Snowstorm/22012/22/PMTfied_15.parquet
2025-02-13 17:09:55 - INFO - Filtered PMTfied file saved to: /lustre/hpc/project/icecube/HE_Nu_Aske_Oct2024/PMTfied_filtered/MuonLike/Snowstorm/22012/22/PMTfied_11.parquet
2025-02-13 17:09:57 - INFO - Filtered PMTfied file saved to: /lustre/hpc/project/icecube/HE_Nu_Aske_Oct2024/PMTfied_filtered/MuonLike/Snowstorm/22012/22/PMTfied_7.parquet
2025-02-13 17:09:59 - INFO - Filtered PMTfied file saved to: /lustre/hpc/project/icecube/HE_Nu_Aske_Oct2024/PMTfied_filtered/MuonLike/Snowstorm/22012/22/PMTfied_3.parquet
2025-02-13 17:10:01 - INFO - Filtered PMTfied file saved to: /lustre/hpc/project/icecube/HE_Nu_Aske_Oct2024/PMTfied_filtered/MuonLike/Snowstorm/22012/22/PMTfied_6.parquet
2025-02-13 17:10:03 - INFO - Filtered PMTfied file saved to: /lustre/hpc/project/icecube/HE_Nu_Aske_Oct2024/PMTfied_filtered/MuonLike/Snowstorm/22012/22/PMTfied_2.parquet
2025-02-13 17:10:04 - INFO - Filtered PMTfied file saved to: /lustre/hpc/project/icecube/HE_Nu_Aske_Oct2024/PMTfied_filtered/MuonLike/Snowstorm/22012/22/PMTfied_14.parquet
2025-02-13 17:10:06 - INFO - Filtered PMTfied file saved to: /lustre/hpc/project/icecube/HE_Nu_Aske_Oct2024/PMTfied_filtered/MuonLike/Snowstorm/22012/22/PMTfied_10.parquet
2025-02-13 17:10:08 - INFO - Filtered PMTfied file saved to: /lustre/hpc/project/icecube/HE_Nu_Aske_Oct2024/PMTfied_filtered/MuonLike/Snowstorm/22012/22/PMTfied_8.parquet
2025-02-13 17:10:09 - INFO - Filtered PMTfied file saved to: /lustre/hpc/project/icecube/HE_Nu_Aske_Oct2024/PMTfied_filtered/MuonLike/Snowstorm/22012/22/PMTfied_4.parquet
2025-02-13 17:10:11 - INFO - Filtered PMTfied file saved to: /lustre/hpc/project/icecube/HE_Nu_Aske_Oct2024/PMTfied_filtered/MuonLike/Snowstorm/22012/22/PMTfied_12.parquet
2025-02-13 17:10:12 - INFO - Filtered PMTfied file saved to: /lustre/hpc/project/icecube/HE_Nu_Aske_Oct2024/PMTfied_filtered/MuonLike/Snowstorm/22012/22/PMTfied_13.parquet
2025-02-13 17:10:14 - INFO - Filtered PMTfied file saved to: /lustre/hpc/project/icecube/HE_Nu_Aske_Oct2024/PMTfied_filtered/MuonLike/Snowstorm/22012/22/PMTfied_5.parquet
2025-02-13 17:10:16 - INFO - Filtered PMTfied file saved to: /lustre/hpc/project/icecube/HE_Nu_Aske_Oct2024/PMTfied_filtered/MuonLike/Snowstorm/22012/22/PMTfied_1.parquet
2025-02-13 17:10:18 - INFO - Filtered PMTfied file saved to: /lustre/hpc/project/icecube/HE_Nu_Aske_Oct2024/PMTfied_filtered/MuonLike/Snowstorm/22012/22/PMTfied_9.parquet
2025-02-13 17:10:18 - INFO - Filtering process completed.
2025-02-13 17:10:18 - INFO - Filtering process completed for all selected filters.
2025-02-13 17:10:18 - INFO - Execution time: 27.02 seconds
2025-02-13 17:10:18 - INFO - Updated receipt with execution time: /lustre/hpc/project/icecube/HE_Nu_Aske_Oct2024/PMTfied_filtered/MuonLike/Snowstorm/22012/[Receipt]22012_22.json
Job completed at Thu Feb 13 05:10:18 PM CET 2025
