Starting job at Mon Feb 17 04:09:41 PM CET 2025
Running Filter_by_part.py for subdirectory 22012, part 12
2025-02-17 16:09:42 - INFO - Event filtering process starts...
2025-02-17 16:09:42 - INFO - Initialized Muon13Filter filter for 22012/12
2025-02-17 16:09:42 - INFO - Extracted 25744 valid events where MuonFilter_13==True.
2025-02-17 16:09:42 - INFO - Initialized CompositeEventFilter filter for 22012/12
2025-02-17 16:09:42 - INFO - Initialized (MuonLike)
2025-02-17 16:09:42 - INFO - Starting filtering process for 22012/12
2025-02-17 16:09:42 - INFO - Starting filtering process for 22012/12
2025-02-17 16:09:43 - INFO - Recalculated 'offset' column based on 'N_doms' values within each 'shard_no' group.
2025-02-17 16:09:43 - INFO - Filtered truth file saved to: /lustre/hpc/project/icecube/HE_Nu_Aske_Oct2024/PMTfied_filtered/Snowstorm/MuonLike/22012/truth_12.parquet
2025-02-17 16:09:45 - INFO - Filtered PMTfied file saved to: /lustre/hpc/project/icecube/HE_Nu_Aske_Oct2024/PMTfied_filtered/Snowstorm/MuonLike/22012/12/PMTfied_6.parquet
2025-02-17 16:09:47 - INFO - Filtered PMTfied file saved to: /lustre/hpc/project/icecube/HE_Nu_Aske_Oct2024/PMTfied_filtered/Snowstorm/MuonLike/22012/12/PMTfied_2.parquet
2025-02-17 16:09:49 - INFO - Filtered PMTfied file saved to: /lustre/hpc/project/icecube/HE_Nu_Aske_Oct2024/PMTfied_filtered/Snowstorm/MuonLike/22012/12/PMTfied_12.parquet
2025-02-17 16:09:50 - INFO - Filtered PMTfied file saved to: /lustre/hpc/project/icecube/HE_Nu_Aske_Oct2024/PMTfied_filtered/Snowstorm/MuonLike/22012/12/PMTfied_7.parquet
2025-02-17 16:09:52 - INFO - Filtered PMTfied file saved to: /lustre/hpc/project/icecube/HE_Nu_Aske_Oct2024/PMTfied_filtered/Snowstorm/MuonLike/22012/12/PMTfied_3.parquet
2025-02-17 16:09:54 - INFO - Filtered PMTfied file saved to: /lustre/hpc/project/icecube/HE_Nu_Aske_Oct2024/PMTfied_filtered/Snowstorm/MuonLike/22012/12/PMTfied_13.parquet
2025-02-17 16:09:54 - INFO - Filtered PMTfied file saved to: /lustre/hpc/project/icecube/HE_Nu_Aske_Oct2024/PMTfied_filtered/Snowstorm/MuonLike/22012/12/PMTfied_15.parquet
2025-02-17 16:09:56 - INFO - Filtered PMTfied file saved to: /lustre/hpc/project/icecube/HE_Nu_Aske_Oct2024/PMTfied_filtered/Snowstorm/MuonLike/22012/12/PMTfied_5.parquet
2025-02-17 16:09:57 - INFO - Filtered PMTfied file saved to: /lustre/hpc/project/icecube/HE_Nu_Aske_Oct2024/PMTfied_filtered/Snowstorm/MuonLike/22012/12/PMTfied_11.parquet
2025-02-17 16:09:59 - INFO - Filtered PMTfied file saved to: /lustre/hpc/project/icecube/HE_Nu_Aske_Oct2024/PMTfied_filtered/Snowstorm/MuonLike/22012/12/PMTfied_1.parquet
2025-02-17 16:10:01 - INFO - Filtered PMTfied file saved to: /lustre/hpc/project/icecube/HE_Nu_Aske_Oct2024/PMTfied_filtered/Snowstorm/MuonLike/22012/12/PMTfied_9.parquet
2025-02-17 16:10:02 - INFO - Filtered PMTfied file saved to: /lustre/hpc/project/icecube/HE_Nu_Aske_Oct2024/PMTfied_filtered/Snowstorm/MuonLike/22012/12/PMTfied_8.parquet
2025-02-17 16:10:04 - INFO - Filtered PMTfied file saved to: /lustre/hpc/project/icecube/HE_Nu_Aske_Oct2024/PMTfied_filtered/Snowstorm/MuonLike/22012/12/PMTfied_14.parquet
2025-02-17 16:10:05 - INFO - Filtered PMTfied file saved to: /lustre/hpc/project/icecube/HE_Nu_Aske_Oct2024/PMTfied_filtered/Snowstorm/MuonLike/22012/12/PMTfied_4.parquet
2025-02-17 16:10:07 - INFO - Filtered PMTfied file saved to: /lustre/hpc/project/icecube/HE_Nu_Aske_Oct2024/PMTfied_filtered/Snowstorm/MuonLike/22012/12/PMTfied_10.parquet
2025-02-17 16:10:07 - INFO - Filtering process completed.
2025-02-17 16:10:07 - INFO - Filtering process completed.
2025-02-17 16:10:07 - INFO - Unified receipt generated: /lustre/hpc/project/icecube/HE_Nu_Aske_Oct2024/PMTfied_filtered/Snowstorm/MuonLike/22012/[Receipt]22012_12.json
2025-02-17 16:10:07 - INFO - Filtering process completed.
Job completed at Mon Feb 17 04:10:07 PM CET 2025
