Starting job at Thu Feb 13 05:08:17 PM CET 2025
Running Filter_by_part.py for subdirectory 22012, part 2
2025-02-13 17:08:17 - INFO - Event filtering process starts...
2025-02-13 17:08:17 - INFO - Initialized Muon13Filter
2025-02-13 17:08:17 - INFO - Starting filtering process for 22012/2
2025-02-13 17:08:19 - INFO - Recalculated 'offset' column based on filtered 'N_doms' values.
2025-02-13 17:08:19 - INFO - Filtered truth file saved to: /lustre/hpc/project/icecube/HE_Nu_Aske_Oct2024/PMTfied_filtered/MuonLike/Snowstorm/22012/truth_2.parquet
2025-02-13 17:08:19 - INFO - Receipt file saved to: /lustre/hpc/project/icecube/HE_Nu_Aske_Oct2024/PMTfied_filtered/MuonLike/Snowstorm/22012/[Receipt]22012_2.json
2025-02-13 17:08:21 - INFO - Filtered PMTfied file saved to: /lustre/hpc/project/icecube/HE_Nu_Aske_Oct2024/PMTfied_filtered/MuonLike/Snowstorm/22012/2/PMTfied_12.parquet
2025-02-13 17:08:22 - INFO - Filtered PMTfied file saved to: /lustre/hpc/project/icecube/HE_Nu_Aske_Oct2024/PMTfied_filtered/MuonLike/Snowstorm/22012/2/PMTfied_3.parquet
2025-02-13 17:08:24 - INFO - Filtered PMTfied file saved to: /lustre/hpc/project/icecube/HE_Nu_Aske_Oct2024/PMTfied_filtered/MuonLike/Snowstorm/22012/2/PMTfied_7.parquet
2025-02-13 17:08:26 - INFO - Filtered PMTfied file saved to: /lustre/hpc/project/icecube/HE_Nu_Aske_Oct2024/PMTfied_filtered/MuonLike/Snowstorm/22012/2/PMTfied_13.parquet
2025-02-13 17:08:27 - INFO - Filtered PMTfied file saved to: /lustre/hpc/project/icecube/HE_Nu_Aske_Oct2024/PMTfied_filtered/MuonLike/Snowstorm/22012/2/PMTfied_2.parquet
2025-02-13 17:08:29 - INFO - Filtered PMTfied file saved to: /lustre/hpc/project/icecube/HE_Nu_Aske_Oct2024/PMTfied_filtered/MuonLike/Snowstorm/22012/2/PMTfied_6.parquet
2025-02-13 17:08:31 - INFO - Filtered PMTfied file saved to: /lustre/hpc/project/icecube/HE_Nu_Aske_Oct2024/PMTfied_filtered/MuonLike/Snowstorm/22012/2/PMTfied_11.parquet
2025-02-13 17:08:32 - INFO - Filtered PMTfied file saved to: /lustre/hpc/project/icecube/HE_Nu_Aske_Oct2024/PMTfied_filtered/MuonLike/Snowstorm/22012/2/PMTfied_15.parquet
2025-02-13 17:08:33 - INFO - Filtered PMTfied file saved to: /lustre/hpc/project/icecube/HE_Nu_Aske_Oct2024/PMTfied_filtered/MuonLike/Snowstorm/22012/2/PMTfied_4.parquet
2025-02-13 17:08:35 - INFO - Filtered PMTfied file saved to: /lustre/hpc/project/icecube/HE_Nu_Aske_Oct2024/PMTfied_filtered/MuonLike/Snowstorm/22012/2/PMTfied_8.parquet
2025-02-13 17:08:36 - INFO - Filtered PMTfied file saved to: /lustre/hpc/project/icecube/HE_Nu_Aske_Oct2024/PMTfied_filtered/MuonLike/Snowstorm/22012/2/PMTfied_10.parquet
2025-02-13 17:08:38 - INFO - Filtered PMTfied file saved to: /lustre/hpc/project/icecube/HE_Nu_Aske_Oct2024/PMTfied_filtered/MuonLike/Snowstorm/22012/2/PMTfied_14.parquet
2025-02-13 17:08:40 - INFO - Filtered PMTfied file saved to: /lustre/hpc/project/icecube/HE_Nu_Aske_Oct2024/PMTfied_filtered/MuonLike/Snowstorm/22012/2/PMTfied_9.parquet
2025-02-13 17:08:41 - INFO - Filtered PMTfied file saved to: /lustre/hpc/project/icecube/HE_Nu_Aske_Oct2024/PMTfied_filtered/MuonLike/Snowstorm/22012/2/PMTfied_1.parquet
2025-02-13 17:08:43 - INFO - Filtered PMTfied file saved to: /lustre/hpc/project/icecube/HE_Nu_Aske_Oct2024/PMTfied_filtered/MuonLike/Snowstorm/22012/2/PMTfied_5.parquet
2025-02-13 17:08:43 - INFO - Filtering process completed.
2025-02-13 17:08:43 - INFO - Filtering process completed for all selected filters.
2025-02-13 17:08:43 - INFO - Execution time: 25.58 seconds
2025-02-13 17:08:43 - INFO - Updated receipt with execution time: /lustre/hpc/project/icecube/HE_Nu_Aske_Oct2024/PMTfied_filtered/MuonLike/Snowstorm/22012/[Receipt]22012_2.json
Job completed at Thu Feb 13 05:08:43 PM CET 2025
