Starting job at Thu Feb 13 05:09:08 PM CET 2025
Running Filter_by_part.py for subdirectory 22012, part 11
2025-02-13 17:09:09 - INFO - Event filtering process starts...
2025-02-13 17:09:09 - INFO - Initialized Muon13Filter
2025-02-13 17:09:09 - INFO - Starting filtering process for 22012/11
2025-02-13 17:09:11 - INFO - Recalculated 'offset' column based on filtered 'N_doms' values.
2025-02-13 17:09:11 - INFO - Filtered truth file saved to: /lustre/hpc/project/icecube/HE_Nu_Aske_Oct2024/PMTfied_filtered/MuonLike/Snowstorm/22012/truth_11.parquet
2025-02-13 17:09:11 - INFO - Receipt file saved to: /lustre/hpc/project/icecube/HE_Nu_Aske_Oct2024/PMTfied_filtered/MuonLike/Snowstorm/22012/[Receipt]22012_11.json
2025-02-13 17:09:13 - INFO - Filtered PMTfied file saved to: /lustre/hpc/project/icecube/HE_Nu_Aske_Oct2024/PMTfied_filtered/MuonLike/Snowstorm/22012/11/PMTfied_12.parquet
2025-02-13 17:09:15 - INFO - Filtered PMTfied file saved to: /lustre/hpc/project/icecube/HE_Nu_Aske_Oct2024/PMTfied_filtered/MuonLike/Snowstorm/22012/11/PMTfied_8.parquet
2025-02-13 17:09:16 - INFO - Filtered PMTfied file saved to: /lustre/hpc/project/icecube/HE_Nu_Aske_Oct2024/PMTfied_filtered/MuonLike/Snowstorm/22012/11/PMTfied_4.parquet
2025-02-13 17:09:18 - INFO - Filtered PMTfied file saved to: /lustre/hpc/project/icecube/HE_Nu_Aske_Oct2024/PMTfied_filtered/MuonLike/Snowstorm/22012/11/PMTfied_13.parquet
2025-02-13 17:09:20 - INFO - Filtered PMTfied file saved to: /lustre/hpc/project/icecube/HE_Nu_Aske_Oct2024/PMTfied_filtered/MuonLike/Snowstorm/22012/11/PMTfied_1.parquet
2025-02-13 17:09:21 - INFO - Filtered PMTfied file saved to: /lustre/hpc/project/icecube/HE_Nu_Aske_Oct2024/PMTfied_filtered/MuonLike/Snowstorm/22012/11/PMTfied_5.parquet
2025-02-13 17:09:23 - INFO - Filtered PMTfied file saved to: /lustre/hpc/project/icecube/HE_Nu_Aske_Oct2024/PMTfied_filtered/MuonLike/Snowstorm/22012/11/PMTfied_9.parquet
2025-02-13 17:09:25 - INFO - Filtered PMTfied file saved to: /lustre/hpc/project/icecube/HE_Nu_Aske_Oct2024/PMTfied_filtered/MuonLike/Snowstorm/22012/11/PMTfied_11.parquet
2025-02-13 17:09:26 - INFO - Filtered PMTfied file saved to: /lustre/hpc/project/icecube/HE_Nu_Aske_Oct2024/PMTfied_filtered/MuonLike/Snowstorm/22012/11/PMTfied_15.parquet
2025-02-13 17:09:27 - INFO - Filtered PMTfied file saved to: /lustre/hpc/project/icecube/HE_Nu_Aske_Oct2024/PMTfied_filtered/MuonLike/Snowstorm/22012/11/PMTfied_3.parquet
2025-02-13 17:09:29 - INFO - Filtered PMTfied file saved to: /lustre/hpc/project/icecube/HE_Nu_Aske_Oct2024/PMTfied_filtered/MuonLike/Snowstorm/22012/11/PMTfied_7.parquet
2025-02-13 17:09:31 - INFO - Filtered PMTfied file saved to: /lustre/hpc/project/icecube/HE_Nu_Aske_Oct2024/PMTfied_filtered/MuonLike/Snowstorm/22012/11/PMTfied_10.parquet
2025-02-13 17:09:33 - INFO - Filtered PMTfied file saved to: /lustre/hpc/project/icecube/HE_Nu_Aske_Oct2024/PMTfied_filtered/MuonLike/Snowstorm/22012/11/PMTfied_14.parquet
2025-02-13 17:09:34 - INFO - Filtered PMTfied file saved to: /lustre/hpc/project/icecube/HE_Nu_Aske_Oct2024/PMTfied_filtered/MuonLike/Snowstorm/22012/11/PMTfied_2.parquet
2025-02-13 17:09:36 - INFO - Filtered PMTfied file saved to: /lustre/hpc/project/icecube/HE_Nu_Aske_Oct2024/PMTfied_filtered/MuonLike/Snowstorm/22012/11/PMTfied_6.parquet
2025-02-13 17:09:36 - INFO - Filtering process completed.
2025-02-13 17:09:36 - INFO - Filtering process completed for all selected filters.
2025-02-13 17:09:36 - INFO - Execution time: 27.32 seconds
2025-02-13 17:09:36 - INFO - Updated receipt with execution time: /lustre/hpc/project/icecube/HE_Nu_Aske_Oct2024/PMTfied_filtered/MuonLike/Snowstorm/22012/[Receipt]22012_11.json
Job completed at Thu Feb 13 05:09:36 PM CET 2025
