Starting job at Thu Feb 13 05:54:32 PM CET 2025
Running Filter_by_part.py for subdirectory 22012, part 2
2025-02-13 17:54:32 - INFO - Event filtering process starts...
2025-02-13 17:54:32 - INFO - Initialized PureNeutrinoEventFilter
2025-02-13 17:54:32 - INFO - Starting filtering process for 22012/2
2025-02-13 17:54:33 - INFO - Loaded 14 event specifier files from /lustre/hpc/project/icecube/HE_Nu_Aske_Oct2024/clean_events_dict/22012/22012/reduced
2025-02-13 17:54:33 - INFO - Selected 2 CSV files covering event range [559, 1188]
2025-02-13 17:54:33 - INFO - Loaded 124584 valid (RunID, EventID) pairs from CSV files
2025-02-13 17:54:34 - INFO - Recalculated 'offset' column based on filtered 'N_doms' values.
2025-02-13 17:54:34 - INFO - Filtered truth file saved to: /lustre/hpc/project/icecube/HE_Nu_Aske_Oct2024/PMTfied_filtered/PureNu/Snowstorm/22012/truth_2.parquet
2025-02-13 17:54:34 - INFO - Receipt file saved to: /lustre/hpc/project/icecube/HE_Nu_Aske_Oct2024/PMTfied_filtered/PureNu/Snowstorm/22012/[Receipt]22012_2.json
2025-02-13 17:54:36 - INFO - Filtered PMTfied file saved to: /lustre/hpc/project/icecube/HE_Nu_Aske_Oct2024/PMTfied_filtered/PureNu/Snowstorm/22012/2/PMTfied_12.parquet
2025-02-13 17:54:37 - INFO - Filtered PMTfied file saved to: /lustre/hpc/project/icecube/HE_Nu_Aske_Oct2024/PMTfied_filtered/PureNu/Snowstorm/22012/2/PMTfied_3.parquet
2025-02-13 17:54:38 - INFO - Filtered PMTfied file saved to: /lustre/hpc/project/icecube/HE_Nu_Aske_Oct2024/PMTfied_filtered/PureNu/Snowstorm/22012/2/PMTfied_7.parquet
2025-02-13 17:54:39 - INFO - Filtered PMTfied file saved to: /lustre/hpc/project/icecube/HE_Nu_Aske_Oct2024/PMTfied_filtered/PureNu/Snowstorm/22012/2/PMTfied_13.parquet
2025-02-13 17:54:40 - INFO - Filtered PMTfied file saved to: /lustre/hpc/project/icecube/HE_Nu_Aske_Oct2024/PMTfied_filtered/PureNu/Snowstorm/22012/2/PMTfied_2.parquet
2025-02-13 17:54:42 - INFO - Filtered PMTfied file saved to: /lustre/hpc/project/icecube/HE_Nu_Aske_Oct2024/PMTfied_filtered/PureNu/Snowstorm/22012/2/PMTfied_6.parquet
2025-02-13 17:54:43 - INFO - Filtered PMTfied file saved to: /lustre/hpc/project/icecube/HE_Nu_Aske_Oct2024/PMTfied_filtered/PureNu/Snowstorm/22012/2/PMTfied_11.parquet
2025-02-13 17:54:44 - INFO - Filtered PMTfied file saved to: /lustre/hpc/project/icecube/HE_Nu_Aske_Oct2024/PMTfied_filtered/PureNu/Snowstorm/22012/2/PMTfied_15.parquet
2025-02-13 17:54:46 - INFO - Filtered PMTfied file saved to: /lustre/hpc/project/icecube/HE_Nu_Aske_Oct2024/PMTfied_filtered/PureNu/Snowstorm/22012/2/PMTfied_4.parquet
2025-02-13 17:54:47 - INFO - Filtered PMTfied file saved to: /lustre/hpc/project/icecube/HE_Nu_Aske_Oct2024/PMTfied_filtered/PureNu/Snowstorm/22012/2/PMTfied_8.parquet
2025-02-13 17:54:48 - INFO - Filtered PMTfied file saved to: /lustre/hpc/project/icecube/HE_Nu_Aske_Oct2024/PMTfied_filtered/PureNu/Snowstorm/22012/2/PMTfied_10.parquet
2025-02-13 17:54:49 - INFO - Filtered PMTfied file saved to: /lustre/hpc/project/icecube/HE_Nu_Aske_Oct2024/PMTfied_filtered/PureNu/Snowstorm/22012/2/PMTfied_14.parquet
2025-02-13 17:54:50 - INFO - Filtered PMTfied file saved to: /lustre/hpc/project/icecube/HE_Nu_Aske_Oct2024/PMTfied_filtered/PureNu/Snowstorm/22012/2/PMTfied_9.parquet
2025-02-13 17:54:51 - INFO - Filtered PMTfied file saved to: /lustre/hpc/project/icecube/HE_Nu_Aske_Oct2024/PMTfied_filtered/PureNu/Snowstorm/22012/2/PMTfied_1.parquet
2025-02-13 17:54:53 - INFO - Filtered PMTfied file saved to: /lustre/hpc/project/icecube/HE_Nu_Aske_Oct2024/PMTfied_filtered/PureNu/Snowstorm/22012/2/PMTfied_5.parquet
2025-02-13 17:54:53 - INFO - Filtering process completed.
2025-02-13 17:54:53 - INFO - Filtering process completed for all selected filters.
2025-02-13 17:54:53 - INFO - Execution time: 20.46 seconds
2025-02-13 17:54:53 - INFO - Updated receipt with execution time: /lustre/hpc/project/icecube/HE_Nu_Aske_Oct2024/PMTfied_filtered/PureNu/Snowstorm/22012/[Receipt]22012_2.json
Job completed at Thu Feb 13 05:54:53 PM CET 2025
