Starting job at Mon Feb 17 03:58:49 PM CET 2025
Running Filter_by_part.py for subdirectory 22012, part 21
2025-02-17 15:58:50 - INFO - Event filtering process starts...
2025-02-17 15:58:50 - INFO - Initialized PureNeutrinoEventFilter filter for 22012/21
2025-02-17 15:58:50 - INFO - Loaded 14 event specifier files from /lustre/hpc/project/icecube/HE_Nu_Aske_Oct2024/clean_events_dict/22012/22012/reduced
2025-02-17 15:58:50 - INFO - Selected 1 CSV files covering event range [11087, 11728]
2025-02-17 15:58:50 - INFO - Loaded 61772 valid (RunID, EventID) pairs from CSV files
2025-02-17 15:58:51 - INFO - Extracted 22669 valid events based on pure neutrino events.
2025-02-17 15:58:51 - INFO - Initialized CompositeEventFilter filter for 22012/21
2025-02-17 15:58:51 - INFO - Initialized (PureNu)
2025-02-17 15:58:51 - INFO - Starting filtering process for 22012/21
2025-02-17 15:58:51 - INFO - Starting filtering process for 22012/21
2025-02-17 15:58:51 - INFO - Recalculated 'offset' column based on 'N_doms' values within each 'shard_no' group.
2025-02-17 15:58:52 - INFO - Filtered truth file saved to: /lustre/hpc/project/icecube/HE_Nu_Aske_Oct2024/PMTfied_filtered/Snowstorm/PureNu/22012/truth_21.parquet
2025-02-17 15:58:53 - INFO - Filtered PMTfied file saved to: /lustre/hpc/project/icecube/HE_Nu_Aske_Oct2024/PMTfied_filtered/Snowstorm/PureNu/22012/21/PMTfied_1.parquet
2025-02-17 15:58:55 - INFO - Filtered PMTfied file saved to: /lustre/hpc/project/icecube/HE_Nu_Aske_Oct2024/PMTfied_filtered/Snowstorm/PureNu/22012/21/PMTfied_5.parquet
2025-02-17 15:58:56 - INFO - Filtered PMTfied file saved to: /lustre/hpc/project/icecube/HE_Nu_Aske_Oct2024/PMTfied_filtered/Snowstorm/PureNu/22012/21/PMTfied_9.parquet
2025-02-17 15:58:57 - INFO - Filtered PMTfied file saved to: /lustre/hpc/project/icecube/HE_Nu_Aske_Oct2024/PMTfied_filtered/Snowstorm/PureNu/22012/21/PMTfied_10.parquet
2025-02-17 15:58:59 - INFO - Filtered PMTfied file saved to: /lustre/hpc/project/icecube/HE_Nu_Aske_Oct2024/PMTfied_filtered/Snowstorm/PureNu/22012/21/PMTfied_14.parquet
2025-02-17 15:59:00 - INFO - Filtered PMTfied file saved to: /lustre/hpc/project/icecube/HE_Nu_Aske_Oct2024/PMTfied_filtered/Snowstorm/PureNu/22012/21/PMTfied_8.parquet
2025-02-17 15:59:02 - INFO - Filtered PMTfied file saved to: /lustre/hpc/project/icecube/HE_Nu_Aske_Oct2024/PMTfied_filtered/Snowstorm/PureNu/22012/21/PMTfied_4.parquet
2025-02-17 15:59:03 - INFO - Filtered PMTfied file saved to: /lustre/hpc/project/icecube/HE_Nu_Aske_Oct2024/PMTfied_filtered/Snowstorm/PureNu/22012/21/PMTfied_11.parquet
2025-02-17 15:59:05 - INFO - Filtered PMTfied file saved to: /lustre/hpc/project/icecube/HE_Nu_Aske_Oct2024/PMTfied_filtered/Snowstorm/PureNu/22012/21/PMTfied_15.parquet
2025-02-17 15:59:06 - INFO - Filtered PMTfied file saved to: /lustre/hpc/project/icecube/HE_Nu_Aske_Oct2024/PMTfied_filtered/Snowstorm/PureNu/22012/21/PMTfied_13.parquet
2025-02-17 15:59:08 - INFO - Filtered PMTfied file saved to: /lustre/hpc/project/icecube/HE_Nu_Aske_Oct2024/PMTfied_filtered/Snowstorm/PureNu/22012/21/PMTfied_2.parquet
2025-02-17 15:59:09 - INFO - Filtered PMTfied file saved to: /lustre/hpc/project/icecube/HE_Nu_Aske_Oct2024/PMTfied_filtered/Snowstorm/PureNu/22012/21/PMTfied_6.parquet
2025-02-17 15:59:11 - INFO - Filtered PMTfied file saved to: /lustre/hpc/project/icecube/HE_Nu_Aske_Oct2024/PMTfied_filtered/Snowstorm/PureNu/22012/21/PMTfied_12.parquet
2025-02-17 15:59:12 - INFO - Filtered PMTfied file saved to: /lustre/hpc/project/icecube/HE_Nu_Aske_Oct2024/PMTfied_filtered/Snowstorm/PureNu/22012/21/PMTfied_3.parquet
2025-02-17 15:59:14 - INFO - Filtered PMTfied file saved to: /lustre/hpc/project/icecube/HE_Nu_Aske_Oct2024/PMTfied_filtered/Snowstorm/PureNu/22012/21/PMTfied_7.parquet
2025-02-17 15:59:14 - INFO - Filtering process completed.
2025-02-17 15:59:14 - INFO - Filtering process completed.
2025-02-17 15:59:14 - INFO - Unified receipt generated: /lustre/hpc/project/icecube/HE_Nu_Aske_Oct2024/PMTfied_filtered/Snowstorm/PureNu/22012/[Receipt]22012_21.json
2025-02-17 15:59:14 - INFO - Filtering process completed.
Job completed at Mon Feb 17 03:59:14 PM CET 2025
