Starting job at Thu Feb 13 05:09:17 PM CET 2025
Running Filter_by_part.py for subdirectory 22012, part 14
2025-02-13 17:09:17 - INFO - Event filtering process starts...
2025-02-13 17:09:17 - INFO - Initialized Muon13Filter
2025-02-13 17:09:17 - INFO - Starting filtering process for 22012/14
2025-02-13 17:09:19 - INFO - Recalculated 'offset' column based on filtered 'N_doms' values.
2025-02-13 17:09:19 - INFO - Filtered truth file saved to: /lustre/hpc/project/icecube/HE_Nu_Aske_Oct2024/PMTfied_filtered/MuonLike/Snowstorm/22012/truth_14.parquet
2025-02-13 17:09:19 - INFO - Receipt file saved to: /lustre/hpc/project/icecube/HE_Nu_Aske_Oct2024/PMTfied_filtered/MuonLike/Snowstorm/22012/[Receipt]22012_14.json
2025-02-13 17:09:21 - INFO - Filtered PMTfied file saved to: /lustre/hpc/project/icecube/HE_Nu_Aske_Oct2024/PMTfied_filtered/MuonLike/Snowstorm/22012/14/PMTfied_12.parquet
2025-02-13 17:09:22 - INFO - Filtered PMTfied file saved to: /lustre/hpc/project/icecube/HE_Nu_Aske_Oct2024/PMTfied_filtered/MuonLike/Snowstorm/22012/14/PMTfied_2.parquet
2025-02-13 17:09:24 - INFO - Filtered PMTfied file saved to: /lustre/hpc/project/icecube/HE_Nu_Aske_Oct2024/PMTfied_filtered/MuonLike/Snowstorm/22012/14/PMTfied_6.parquet
2025-02-13 17:09:25 - INFO - Filtered PMTfied file saved to: /lustre/hpc/project/icecube/HE_Nu_Aske_Oct2024/PMTfied_filtered/MuonLike/Snowstorm/22012/14/PMTfied_3.parquet
2025-02-13 17:09:27 - INFO - Filtered PMTfied file saved to: /lustre/hpc/project/icecube/HE_Nu_Aske_Oct2024/PMTfied_filtered/MuonLike/Snowstorm/22012/14/PMTfied_7.parquet
2025-02-13 17:09:28 - INFO - Filtered PMTfied file saved to: /lustre/hpc/project/icecube/HE_Nu_Aske_Oct2024/PMTfied_filtered/MuonLike/Snowstorm/22012/14/PMTfied_13.parquet
2025-02-13 17:09:30 - INFO - Filtered PMTfied file saved to: /lustre/hpc/project/icecube/HE_Nu_Aske_Oct2024/PMTfied_filtered/MuonLike/Snowstorm/22012/14/PMTfied_1.parquet
2025-02-13 17:09:31 - INFO - Filtered PMTfied file saved to: /lustre/hpc/project/icecube/HE_Nu_Aske_Oct2024/PMTfied_filtered/MuonLike/Snowstorm/22012/14/PMTfied_5.parquet
2025-02-13 17:09:34 - INFO - Filtered PMTfied file saved to: /lustre/hpc/project/icecube/HE_Nu_Aske_Oct2024/PMTfied_filtered/MuonLike/Snowstorm/22012/14/PMTfied_9.parquet
2025-02-13 17:09:35 - INFO - Filtered PMTfied file saved to: /lustre/hpc/project/icecube/HE_Nu_Aske_Oct2024/PMTfied_filtered/MuonLike/Snowstorm/22012/14/PMTfied_11.parquet
2025-02-13 17:09:36 - INFO - Filtered PMTfied file saved to: /lustre/hpc/project/icecube/HE_Nu_Aske_Oct2024/PMTfied_filtered/MuonLike/Snowstorm/22012/14/PMTfied_15.parquet
2025-02-13 17:09:38 - INFO - Filtered PMTfied file saved to: /lustre/hpc/project/icecube/HE_Nu_Aske_Oct2024/PMTfied_filtered/MuonLike/Snowstorm/22012/14/PMTfied_10.parquet
2025-02-13 17:09:39 - INFO - Filtered PMTfied file saved to: /lustre/hpc/project/icecube/HE_Nu_Aske_Oct2024/PMTfied_filtered/MuonLike/Snowstorm/22012/14/PMTfied_14.parquet
2025-02-13 17:09:41 - INFO - Filtered PMTfied file saved to: /lustre/hpc/project/icecube/HE_Nu_Aske_Oct2024/PMTfied_filtered/MuonLike/Snowstorm/22012/14/PMTfied_8.parquet
2025-02-13 17:09:42 - INFO - Filtered PMTfied file saved to: /lustre/hpc/project/icecube/HE_Nu_Aske_Oct2024/PMTfied_filtered/MuonLike/Snowstorm/22012/14/PMTfied_4.parquet
2025-02-13 17:09:43 - INFO - Filtering process completed.
2025-02-13 17:09:43 - INFO - Filtering process completed for all selected filters.
2025-02-13 17:09:43 - INFO - Execution time: 25.47 seconds
2025-02-13 17:09:43 - INFO - Updated receipt with execution time: /lustre/hpc/project/icecube/HE_Nu_Aske_Oct2024/PMTfied_filtered/MuonLike/Snowstorm/22012/[Receipt]22012_14.json
Job completed at Thu Feb 13 05:09:43 PM CET 2025
