Starting job at Sat Feb 15 12:02:30 PM CET 2025
Running Filter_by_part.py for subdirectory 22012, part 2
2025-02-15 12:02:30 - INFO - Event filtering process starts...
2025-02-15 12:02:30 - INFO - Initialized Muon13Filter filter for 22012/2
2025-02-15 12:02:31 - INFO - Extracted 26203 valid events where MuonFilter_13==True.
2025-02-15 12:02:31 - INFO - Initialized CompositeEventFilter filter for 22012/2
2025-02-15 12:02:31 - INFO - Initialized (MuonLike)
2025-02-15 12:02:31 - INFO - Starting filtering process for 22012/2
2025-02-15 12:02:31 - INFO - Starting filtering process for 22012/2
2025-02-15 12:02:32 - INFO - Recalculated 'offset' column based on filtered 'N_doms' values.
2025-02-15 12:02:32 - INFO - Filtered truth file saved to: /lustre/hpc/project/icecube/HE_Nu_Aske_Oct2024/PMTfied_filtered/Snowstorm/MuonLike/22012/truth_2.parquet
2025-02-15 12:02:33 - INFO - Filtered PMTfied file saved to: /lustre/hpc/project/icecube/HE_Nu_Aske_Oct2024/PMTfied_filtered/Snowstorm/MuonLike/22012/2/PMTfied_12.parquet
2025-02-15 12:02:35 - INFO - Filtered PMTfied file saved to: /lustre/hpc/project/icecube/HE_Nu_Aske_Oct2024/PMTfied_filtered/Snowstorm/MuonLike/22012/2/PMTfied_3.parquet
2025-02-15 12:02:36 - INFO - Filtered PMTfied file saved to: /lustre/hpc/project/icecube/HE_Nu_Aske_Oct2024/PMTfied_filtered/Snowstorm/MuonLike/22012/2/PMTfied_7.parquet
2025-02-15 12:02:38 - INFO - Filtered PMTfied file saved to: /lustre/hpc/project/icecube/HE_Nu_Aske_Oct2024/PMTfied_filtered/Snowstorm/MuonLike/22012/2/PMTfied_13.parquet
2025-02-15 12:02:39 - INFO - Filtered PMTfied file saved to: /lustre/hpc/project/icecube/HE_Nu_Aske_Oct2024/PMTfied_filtered/Snowstorm/MuonLike/22012/2/PMTfied_2.parquet
2025-02-15 12:02:41 - INFO - Filtered PMTfied file saved to: /lustre/hpc/project/icecube/HE_Nu_Aske_Oct2024/PMTfied_filtered/Snowstorm/MuonLike/22012/2/PMTfied_6.parquet
2025-02-15 12:02:43 - INFO - Filtered PMTfied file saved to: /lustre/hpc/project/icecube/HE_Nu_Aske_Oct2024/PMTfied_filtered/Snowstorm/MuonLike/22012/2/PMTfied_11.parquet
2025-02-15 12:02:44 - INFO - Filtered PMTfied file saved to: /lustre/hpc/project/icecube/HE_Nu_Aske_Oct2024/PMTfied_filtered/Snowstorm/MuonLike/22012/2/PMTfied_15.parquet
2025-02-15 12:02:45 - INFO - Filtered PMTfied file saved to: /lustre/hpc/project/icecube/HE_Nu_Aske_Oct2024/PMTfied_filtered/Snowstorm/MuonLike/22012/2/PMTfied_4.parquet
2025-02-15 12:02:47 - INFO - Filtered PMTfied file saved to: /lustre/hpc/project/icecube/HE_Nu_Aske_Oct2024/PMTfied_filtered/Snowstorm/MuonLike/22012/2/PMTfied_8.parquet
2025-02-15 12:02:48 - INFO - Filtered PMTfied file saved to: /lustre/hpc/project/icecube/HE_Nu_Aske_Oct2024/PMTfied_filtered/Snowstorm/MuonLike/22012/2/PMTfied_10.parquet
2025-02-15 12:02:50 - INFO - Filtered PMTfied file saved to: /lustre/hpc/project/icecube/HE_Nu_Aske_Oct2024/PMTfied_filtered/Snowstorm/MuonLike/22012/2/PMTfied_14.parquet
2025-02-15 12:02:51 - INFO - Filtered PMTfied file saved to: /lustre/hpc/project/icecube/HE_Nu_Aske_Oct2024/PMTfied_filtered/Snowstorm/MuonLike/22012/2/PMTfied_9.parquet
2025-02-15 12:02:53 - INFO - Filtered PMTfied file saved to: /lustre/hpc/project/icecube/HE_Nu_Aske_Oct2024/PMTfied_filtered/Snowstorm/MuonLike/22012/2/PMTfied_1.parquet
2025-02-15 12:02:54 - INFO - Filtered PMTfied file saved to: /lustre/hpc/project/icecube/HE_Nu_Aske_Oct2024/PMTfied_filtered/Snowstorm/MuonLike/22012/2/PMTfied_5.parquet
2025-02-15 12:02:54 - INFO - Filtering process completed.
2025-02-15 12:02:54 - INFO - Filtering process completed.
2025-02-15 12:02:54 - INFO - Unified receipt generated: /lustre/hpc/project/icecube/HE_Nu_Aske_Oct2024/PMTfied_filtered/Snowstorm/MuonLike/22012/[Receipt]22012_2.json
2025-02-15 12:02:54 - INFO - Filtering process completed.
Job completed at Sat Feb 15 12:02:54 PM CET 2025
