Starting job at Sat Feb 15 12:04:20 PM CET 2025
Running Filter_by_part.py for subdirectory 22012, part 22
2025-02-15 12:04:23 - INFO - Event filtering process starts...
2025-02-15 12:04:23 - INFO - Initialized Muon13Filter filter for 22012/22
2025-02-15 12:04:31 - INFO - Extracted 25846 valid events where MuonFilter_13==True.
2025-02-15 12:04:31 - INFO - Initialized CompositeEventFilter filter for 22012/22
2025-02-15 12:04:31 - INFO - Initialized (MuonLike)
2025-02-15 12:04:31 - INFO - Starting filtering process for 22012/22
2025-02-15 12:04:31 - INFO - Starting filtering process for 22012/22
2025-02-15 12:04:32 - INFO - Recalculated 'offset' column based on filtered 'N_doms' values.
2025-02-15 12:04:33 - INFO - Filtered truth file saved to: /lustre/hpc/project/icecube/HE_Nu_Aske_Oct2024/PMTfied_filtered/Snowstorm/MuonLike/22012/truth_22.parquet
2025-02-15 12:04:34 - INFO - Filtered PMTfied file saved to: /lustre/hpc/project/icecube/HE_Nu_Aske_Oct2024/PMTfied_filtered/Snowstorm/MuonLike/22012/22/PMTfied_15.parquet
2025-02-15 12:04:35 - INFO - Filtered PMTfied file saved to: /lustre/hpc/project/icecube/HE_Nu_Aske_Oct2024/PMTfied_filtered/Snowstorm/MuonLike/22012/22/PMTfied_11.parquet
2025-02-15 12:04:37 - INFO - Filtered PMTfied file saved to: /lustre/hpc/project/icecube/HE_Nu_Aske_Oct2024/PMTfied_filtered/Snowstorm/MuonLike/22012/22/PMTfied_7.parquet
2025-02-15 12:04:39 - INFO - Filtered PMTfied file saved to: /lustre/hpc/project/icecube/HE_Nu_Aske_Oct2024/PMTfied_filtered/Snowstorm/MuonLike/22012/22/PMTfied_3.parquet
2025-02-15 12:04:40 - INFO - Filtered PMTfied file saved to: /lustre/hpc/project/icecube/HE_Nu_Aske_Oct2024/PMTfied_filtered/Snowstorm/MuonLike/22012/22/PMTfied_6.parquet
2025-02-15 12:04:42 - INFO - Filtered PMTfied file saved to: /lustre/hpc/project/icecube/HE_Nu_Aske_Oct2024/PMTfied_filtered/Snowstorm/MuonLike/22012/22/PMTfied_2.parquet
2025-02-15 12:04:43 - INFO - Filtered PMTfied file saved to: /lustre/hpc/project/icecube/HE_Nu_Aske_Oct2024/PMTfied_filtered/Snowstorm/MuonLike/22012/22/PMTfied_14.parquet
2025-02-15 12:04:45 - INFO - Filtered PMTfied file saved to: /lustre/hpc/project/icecube/HE_Nu_Aske_Oct2024/PMTfied_filtered/Snowstorm/MuonLike/22012/22/PMTfied_10.parquet
2025-02-15 12:04:47 - INFO - Filtered PMTfied file saved to: /lustre/hpc/project/icecube/HE_Nu_Aske_Oct2024/PMTfied_filtered/Snowstorm/MuonLike/22012/22/PMTfied_8.parquet
2025-02-15 12:04:48 - INFO - Filtered PMTfied file saved to: /lustre/hpc/project/icecube/HE_Nu_Aske_Oct2024/PMTfied_filtered/Snowstorm/MuonLike/22012/22/PMTfied_4.parquet
2025-02-15 12:04:50 - INFO - Filtered PMTfied file saved to: /lustre/hpc/project/icecube/HE_Nu_Aske_Oct2024/PMTfied_filtered/Snowstorm/MuonLike/22012/22/PMTfied_12.parquet
2025-02-15 12:04:51 - INFO - Filtered PMTfied file saved to: /lustre/hpc/project/icecube/HE_Nu_Aske_Oct2024/PMTfied_filtered/Snowstorm/MuonLike/22012/22/PMTfied_13.parquet
2025-02-15 12:04:53 - INFO - Filtered PMTfied file saved to: /lustre/hpc/project/icecube/HE_Nu_Aske_Oct2024/PMTfied_filtered/Snowstorm/MuonLike/22012/22/PMTfied_5.parquet
2025-02-15 12:04:54 - INFO - Filtered PMTfied file saved to: /lustre/hpc/project/icecube/HE_Nu_Aske_Oct2024/PMTfied_filtered/Snowstorm/MuonLike/22012/22/PMTfied_1.parquet
2025-02-15 12:04:56 - INFO - Filtered PMTfied file saved to: /lustre/hpc/project/icecube/HE_Nu_Aske_Oct2024/PMTfied_filtered/Snowstorm/MuonLike/22012/22/PMTfied_9.parquet
2025-02-15 12:04:56 - INFO - Filtering process completed.
2025-02-15 12:04:56 - INFO - Filtering process completed.
2025-02-15 12:04:56 - INFO - Unified receipt generated: /lustre/hpc/project/icecube/HE_Nu_Aske_Oct2024/PMTfied_filtered/Snowstorm/MuonLike/22012/[Receipt]22012_22.json
2025-02-15 12:04:56 - INFO - Filtering process completed.
Job completed at Sat Feb 15 12:04:56 PM CET 2025
