Starting job at Sat Feb 15 12:03:41 PM CET 2025
Running Filter_by_part.py for subdirectory 22012, part 14
2025-02-15 12:03:41 - INFO - Event filtering process starts...
2025-02-15 12:03:41 - INFO - Initialized Muon13Filter filter for 22012/14
2025-02-15 12:03:41 - INFO - Extracted 26049 valid events where MuonFilter_13==True.
2025-02-15 12:03:41 - INFO - Initialized CompositeEventFilter filter for 22012/14
2025-02-15 12:03:41 - INFO - Initialized (MuonLike)
2025-02-15 12:03:41 - INFO - Starting filtering process for 22012/14
2025-02-15 12:03:41 - INFO - Starting filtering process for 22012/14
2025-02-15 12:03:42 - INFO - Recalculated 'offset' column based on filtered 'N_doms' values.
2025-02-15 12:03:43 - INFO - Filtered truth file saved to: /lustre/hpc/project/icecube/HE_Nu_Aske_Oct2024/PMTfied_filtered/Snowstorm/MuonLike/22012/truth_14.parquet
2025-02-15 12:03:44 - INFO - Filtered PMTfied file saved to: /lustre/hpc/project/icecube/HE_Nu_Aske_Oct2024/PMTfied_filtered/Snowstorm/MuonLike/22012/14/PMTfied_12.parquet
2025-02-15 12:03:46 - INFO - Filtered PMTfied file saved to: /lustre/hpc/project/icecube/HE_Nu_Aske_Oct2024/PMTfied_filtered/Snowstorm/MuonLike/22012/14/PMTfied_2.parquet
2025-02-15 12:03:48 - INFO - Filtered PMTfied file saved to: /lustre/hpc/project/icecube/HE_Nu_Aske_Oct2024/PMTfied_filtered/Snowstorm/MuonLike/22012/14/PMTfied_6.parquet
2025-02-15 12:03:49 - INFO - Filtered PMTfied file saved to: /lustre/hpc/project/icecube/HE_Nu_Aske_Oct2024/PMTfied_filtered/Snowstorm/MuonLike/22012/14/PMTfied_3.parquet
2025-02-15 12:03:51 - INFO - Filtered PMTfied file saved to: /lustre/hpc/project/icecube/HE_Nu_Aske_Oct2024/PMTfied_filtered/Snowstorm/MuonLike/22012/14/PMTfied_7.parquet
2025-02-15 12:03:52 - INFO - Filtered PMTfied file saved to: /lustre/hpc/project/icecube/HE_Nu_Aske_Oct2024/PMTfied_filtered/Snowstorm/MuonLike/22012/14/PMTfied_13.parquet
2025-02-15 12:03:54 - INFO - Filtered PMTfied file saved to: /lustre/hpc/project/icecube/HE_Nu_Aske_Oct2024/PMTfied_filtered/Snowstorm/MuonLike/22012/14/PMTfied_1.parquet
2025-02-15 12:03:57 - INFO - Filtered PMTfied file saved to: /lustre/hpc/project/icecube/HE_Nu_Aske_Oct2024/PMTfied_filtered/Snowstorm/MuonLike/22012/14/PMTfied_5.parquet
2025-02-15 12:04:00 - INFO - Filtered PMTfied file saved to: /lustre/hpc/project/icecube/HE_Nu_Aske_Oct2024/PMTfied_filtered/Snowstorm/MuonLike/22012/14/PMTfied_9.parquet
2025-02-15 12:04:03 - INFO - Filtered PMTfied file saved to: /lustre/hpc/project/icecube/HE_Nu_Aske_Oct2024/PMTfied_filtered/Snowstorm/MuonLike/22012/14/PMTfied_11.parquet
2025-02-15 12:04:04 - INFO - Filtered PMTfied file saved to: /lustre/hpc/project/icecube/HE_Nu_Aske_Oct2024/PMTfied_filtered/Snowstorm/MuonLike/22012/14/PMTfied_15.parquet
2025-02-15 12:04:05 - INFO - Filtered PMTfied file saved to: /lustre/hpc/project/icecube/HE_Nu_Aske_Oct2024/PMTfied_filtered/Snowstorm/MuonLike/22012/14/PMTfied_10.parquet
2025-02-15 12:04:07 - INFO - Filtered PMTfied file saved to: /lustre/hpc/project/icecube/HE_Nu_Aske_Oct2024/PMTfied_filtered/Snowstorm/MuonLike/22012/14/PMTfied_14.parquet
2025-02-15 12:04:09 - INFO - Filtered PMTfied file saved to: /lustre/hpc/project/icecube/HE_Nu_Aske_Oct2024/PMTfied_filtered/Snowstorm/MuonLike/22012/14/PMTfied_8.parquet
2025-02-15 12:04:10 - INFO - Filtered PMTfied file saved to: /lustre/hpc/project/icecube/HE_Nu_Aske_Oct2024/PMTfied_filtered/Snowstorm/MuonLike/22012/14/PMTfied_4.parquet
2025-02-15 12:04:10 - INFO - Filtering process completed.
2025-02-15 12:04:10 - INFO - Filtering process completed.
2025-02-15 12:04:10 - INFO - Unified receipt generated: /lustre/hpc/project/icecube/HE_Nu_Aske_Oct2024/PMTfied_filtered/Snowstorm/MuonLike/22012/[Receipt]22012_14.json
2025-02-15 12:04:10 - INFO - Filtering process completed.
Job completed at Sat Feb 15 12:04:10 PM CET 2025
