Starting job at Thu Feb 13 05:55:00 PM CET 2025
Running Filter_by_part.py for subdirectory 22012, part 8
2025-02-13 17:55:01 - INFO - Event filtering process starts...
2025-02-13 17:55:01 - INFO - Initialized PureNeutrinoEventFilter
2025-02-13 17:55:01 - INFO - Starting filtering process for 22012/8
2025-02-13 17:55:01 - INFO - Loaded 14 event specifier files from /lustre/hpc/project/icecube/HE_Nu_Aske_Oct2024/clean_events_dict/22012/22012/reduced
2025-02-13 17:55:01 - INFO - Selected 2 CSV files covering event range [3879, 4540]
2025-02-13 17:55:01 - INFO - Loaded 123897 valid (RunID, EventID) pairs from CSV files
2025-02-13 17:55:02 - INFO - Recalculated 'offset' column based on filtered 'N_doms' values.
2025-02-13 17:55:02 - INFO - Filtered truth file saved to: /lustre/hpc/project/icecube/HE_Nu_Aske_Oct2024/PMTfied_filtered/PureNu/Snowstorm/22012/truth_8.parquet
2025-02-13 17:55:02 - INFO - Receipt file saved to: /lustre/hpc/project/icecube/HE_Nu_Aske_Oct2024/PMTfied_filtered/PureNu/Snowstorm/22012/[Receipt]22012_8.json
2025-02-13 17:55:04 - INFO - Filtered PMTfied file saved to: /lustre/hpc/project/icecube/HE_Nu_Aske_Oct2024/PMTfied_filtered/PureNu/Snowstorm/22012/8/PMTfied_6.parquet
2025-02-13 17:55:05 - INFO - Filtered PMTfied file saved to: /lustre/hpc/project/icecube/HE_Nu_Aske_Oct2024/PMTfied_filtered/PureNu/Snowstorm/22012/8/PMTfied_2.parquet
2025-02-13 17:55:07 - INFO - Filtered PMTfied file saved to: /lustre/hpc/project/icecube/HE_Nu_Aske_Oct2024/PMTfied_filtered/PureNu/Snowstorm/22012/8/PMTfied_13.parquet
2025-02-13 17:55:08 - INFO - Filtered PMTfied file saved to: /lustre/hpc/project/icecube/HE_Nu_Aske_Oct2024/PMTfied_filtered/PureNu/Snowstorm/22012/8/PMTfied_7.parquet
2025-02-13 17:55:10 - INFO - Filtered PMTfied file saved to: /lustre/hpc/project/icecube/HE_Nu_Aske_Oct2024/PMTfied_filtered/PureNu/Snowstorm/22012/8/PMTfied_3.parquet
2025-02-13 17:55:11 - INFO - Filtered PMTfied file saved to: /lustre/hpc/project/icecube/HE_Nu_Aske_Oct2024/PMTfied_filtered/PureNu/Snowstorm/22012/8/PMTfied_12.parquet
2025-02-13 17:55:13 - INFO - Filtered PMTfied file saved to: /lustre/hpc/project/icecube/HE_Nu_Aske_Oct2024/PMTfied_filtered/PureNu/Snowstorm/22012/8/PMTfied_5.parquet
2025-02-13 17:55:14 - INFO - Filtered PMTfied file saved to: /lustre/hpc/project/icecube/HE_Nu_Aske_Oct2024/PMTfied_filtered/PureNu/Snowstorm/22012/8/PMTfied_1.parquet
2025-02-13 17:55:16 - INFO - Filtered PMTfied file saved to: /lustre/hpc/project/icecube/HE_Nu_Aske_Oct2024/PMTfied_filtered/PureNu/Snowstorm/22012/8/PMTfied_9.parquet
2025-02-13 17:55:17 - INFO - Filtered PMTfied file saved to: /lustre/hpc/project/icecube/HE_Nu_Aske_Oct2024/PMTfied_filtered/PureNu/Snowstorm/22012/8/PMTfied_10.parquet
2025-02-13 17:55:19 - INFO - Filtered PMTfied file saved to: /lustre/hpc/project/icecube/HE_Nu_Aske_Oct2024/PMTfied_filtered/PureNu/Snowstorm/22012/8/PMTfied_14.parquet
2025-02-13 17:55:20 - INFO - Filtered PMTfied file saved to: /lustre/hpc/project/icecube/HE_Nu_Aske_Oct2024/PMTfied_filtered/PureNu/Snowstorm/22012/8/PMTfied_8.parquet
2025-02-13 17:55:22 - INFO - Filtered PMTfied file saved to: /lustre/hpc/project/icecube/HE_Nu_Aske_Oct2024/PMTfied_filtered/PureNu/Snowstorm/22012/8/PMTfied_4.parquet
2025-02-13 17:55:23 - INFO - Filtered PMTfied file saved to: /lustre/hpc/project/icecube/HE_Nu_Aske_Oct2024/PMTfied_filtered/PureNu/Snowstorm/22012/8/PMTfied_11.parquet
2025-02-13 17:55:24 - INFO - Filtered PMTfied file saved to: /lustre/hpc/project/icecube/HE_Nu_Aske_Oct2024/PMTfied_filtered/PureNu/Snowstorm/22012/8/PMTfied_15.parquet
2025-02-13 17:55:24 - INFO - Filtering process completed.
2025-02-13 17:55:24 - INFO - Filtering process completed for all selected filters.
2025-02-13 17:55:24 - INFO - Execution time: 23.44 seconds
2025-02-13 17:55:24 - INFO - Updated receipt with execution time: /lustre/hpc/project/icecube/HE_Nu_Aske_Oct2024/PMTfied_filtered/PureNu/Snowstorm/22012/[Receipt]22012_8.json
Job completed at Thu Feb 13 05:55:24 PM CET 2025
