Starting job at Sat Feb 15 12:10:34 PM CET 2025
Running Filter_by_part.py for subdirectory 22012, part 11
2025-02-15 12:10:34 - INFO - Event filtering process starts...
2025-02-15 12:10:34 - INFO - Initialized PureNeutrinoEventFilter filter for 22012/11
2025-02-15 12:10:35 - INFO - Loaded 14 event specifier files from /lustre/hpc/project/icecube/HE_Nu_Aske_Oct2024/clean_events_dict/22012/22012/reduced
2025-02-15 12:10:35 - INFO - Selected 2 CSV files covering event range [5527, 6170]
2025-02-15 12:10:35 - INFO - Loaded 123718 valid (RunID, EventID) pairs from CSV files
2025-02-15 12:10:35 - INFO - Extracted 22317 valid events based on pure neutrino events.
2025-02-15 12:10:35 - INFO - Initialized CompositeEventFilter filter for 22012/11
2025-02-15 12:10:35 - INFO - Initialized (PureNu)
2025-02-15 12:10:35 - INFO - Starting filtering process for 22012/11
2025-02-15 12:10:35 - INFO - Starting filtering process for 22012/11
2025-02-15 12:10:36 - INFO - Recalculated 'offset' column based on filtered 'N_doms' values.
2025-02-15 12:10:36 - INFO - Filtered truth file saved to: /lustre/hpc/project/icecube/HE_Nu_Aske_Oct2024/PMTfied_filtered/Snowstorm/PureNu/22012/truth_11.parquet
2025-02-15 12:10:38 - INFO - Filtered PMTfied file saved to: /lustre/hpc/project/icecube/HE_Nu_Aske_Oct2024/PMTfied_filtered/Snowstorm/PureNu/22012/11/PMTfied_12.parquet
2025-02-15 12:10:39 - INFO - Filtered PMTfied file saved to: /lustre/hpc/project/icecube/HE_Nu_Aske_Oct2024/PMTfied_filtered/Snowstorm/PureNu/22012/11/PMTfied_8.parquet
2025-02-15 12:10:41 - INFO - Filtered PMTfied file saved to: /lustre/hpc/project/icecube/HE_Nu_Aske_Oct2024/PMTfied_filtered/Snowstorm/PureNu/22012/11/PMTfied_4.parquet
2025-02-15 12:10:42 - INFO - Filtered PMTfied file saved to: /lustre/hpc/project/icecube/HE_Nu_Aske_Oct2024/PMTfied_filtered/Snowstorm/PureNu/22012/11/PMTfied_13.parquet
2025-02-15 12:10:44 - INFO - Filtered PMTfied file saved to: /lustre/hpc/project/icecube/HE_Nu_Aske_Oct2024/PMTfied_filtered/Snowstorm/PureNu/22012/11/PMTfied_1.parquet
2025-02-15 12:10:45 - INFO - Filtered PMTfied file saved to: /lustre/hpc/project/icecube/HE_Nu_Aske_Oct2024/PMTfied_filtered/Snowstorm/PureNu/22012/11/PMTfied_5.parquet
2025-02-15 12:10:47 - INFO - Filtered PMTfied file saved to: /lustre/hpc/project/icecube/HE_Nu_Aske_Oct2024/PMTfied_filtered/Snowstorm/PureNu/22012/11/PMTfied_9.parquet
2025-02-15 12:10:48 - INFO - Filtered PMTfied file saved to: /lustre/hpc/project/icecube/HE_Nu_Aske_Oct2024/PMTfied_filtered/Snowstorm/PureNu/22012/11/PMTfied_11.parquet
2025-02-15 12:10:49 - INFO - Filtered PMTfied file saved to: /lustre/hpc/project/icecube/HE_Nu_Aske_Oct2024/PMTfied_filtered/Snowstorm/PureNu/22012/11/PMTfied_15.parquet
2025-02-15 12:10:51 - INFO - Filtered PMTfied file saved to: /lustre/hpc/project/icecube/HE_Nu_Aske_Oct2024/PMTfied_filtered/Snowstorm/PureNu/22012/11/PMTfied_3.parquet
2025-02-15 12:10:52 - INFO - Filtered PMTfied file saved to: /lustre/hpc/project/icecube/HE_Nu_Aske_Oct2024/PMTfied_filtered/Snowstorm/PureNu/22012/11/PMTfied_7.parquet
2025-02-15 12:10:54 - INFO - Filtered PMTfied file saved to: /lustre/hpc/project/icecube/HE_Nu_Aske_Oct2024/PMTfied_filtered/Snowstorm/PureNu/22012/11/PMTfied_10.parquet
2025-02-15 12:10:55 - INFO - Filtered PMTfied file saved to: /lustre/hpc/project/icecube/HE_Nu_Aske_Oct2024/PMTfied_filtered/Snowstorm/PureNu/22012/11/PMTfied_14.parquet
2025-02-15 12:10:57 - INFO - Filtered PMTfied file saved to: /lustre/hpc/project/icecube/HE_Nu_Aske_Oct2024/PMTfied_filtered/Snowstorm/PureNu/22012/11/PMTfied_2.parquet
2025-02-15 12:10:59 - INFO - Filtered PMTfied file saved to: /lustre/hpc/project/icecube/HE_Nu_Aske_Oct2024/PMTfied_filtered/Snowstorm/PureNu/22012/11/PMTfied_6.parquet
2025-02-15 12:10:59 - INFO - Filtering process completed.
2025-02-15 12:10:59 - INFO - Filtering process completed.
2025-02-15 12:10:59 - INFO - Unified receipt generated: /lustre/hpc/project/icecube/HE_Nu_Aske_Oct2024/PMTfied_filtered/Snowstorm/PureNu/22012/[Receipt]22012_11.json
2025-02-15 12:10:59 - INFO - Filtering process completed.
Job completed at Sat Feb 15 12:10:59 PM CET 2025
