Starting job at Mon Feb 24 01:09:02 PM CET 2025
Running Filter_by_part.py for subdirectory 22012, part 14
2025-02-24 13:09:02 - INFO - Event filtering process starts...
2025-02-24 13:09:02 - INFO - Initialized PureNeutrinoEventFilter filter for 22012/14
2025-02-24 13:09:03 - INFO - Loaded 14 event specifier files from /lustre/hpc/project/icecube/HE_Nu_Aske_Oct2024/clean_events_dict/22012/22012/reduced
2025-02-24 13:09:03 - INFO - Selected 1 CSV files covering event range [7169, 7798]
2025-02-24 13:09:03 - INFO - Loaded 61431 valid (RunID, EventID) pairs from CSV files
2025-02-24 13:09:03 - INFO - Extracted 22523 valid events based on pure neutrino events.
2025-02-24 13:09:03 - INFO - Initialized Muon13Filter filter for 22012/14
2025-02-24 13:09:03 - INFO - Extracted 26049 valid events where MuonFilter_13==True.
2025-02-24 13:09:03 - INFO - Initialized CCFilter filter for 22012/14
2025-02-24 13:09:03 - INFO - Extracted 26859 valid events which are CC interactions.
2025-02-24 13:09:03 - INFO - Initialized CompositeEventFilter filter for 22012/14
2025-02-24 13:09:03 - INFO - Initialized (CC_CRclean_MuonLike)
2025-02-24 13:09:03 - INFO - Starting filtering process for 22012/14
2025-02-24 13:09:03 - INFO - Starting filtering process for 22012/14
2025-02-24 13:09:04 - INFO - Recalculated 'offset' column based on 'N_doms' values within each 'shard_no' group.
2025-02-24 13:09:05 - INFO - Filtered truth file saved to: /lustre/hpc/project/icecube/HE_Nu_Aske_Oct2024/PMTfied_filtered/Snowstorm/CC_CRclean_MuonLike/22012/truth_14.parquet
2025-02-24 13:09:06 - INFO - Filtered PMTfied file saved to: /lustre/hpc/project/icecube/HE_Nu_Aske_Oct2024/PMTfied_filtered/Snowstorm/CC_CRclean_MuonLike/22012/14/PMTfied_12.parquet
2025-02-24 13:09:08 - INFO - Filtered PMTfied file saved to: /lustre/hpc/project/icecube/HE_Nu_Aske_Oct2024/PMTfied_filtered/Snowstorm/CC_CRclean_MuonLike/22012/14/PMTfied_2.parquet
2025-02-24 13:09:09 - INFO - Filtered PMTfied file saved to: /lustre/hpc/project/icecube/HE_Nu_Aske_Oct2024/PMTfied_filtered/Snowstorm/CC_CRclean_MuonLike/22012/14/PMTfied_6.parquet
2025-02-24 13:09:11 - INFO - Filtered PMTfied file saved to: /lustre/hpc/project/icecube/HE_Nu_Aske_Oct2024/PMTfied_filtered/Snowstorm/CC_CRclean_MuonLike/22012/14/PMTfied_3.parquet
2025-02-24 13:09:12 - INFO - Filtered PMTfied file saved to: /lustre/hpc/project/icecube/HE_Nu_Aske_Oct2024/PMTfied_filtered/Snowstorm/CC_CRclean_MuonLike/22012/14/PMTfied_7.parquet
2025-02-24 13:09:13 - INFO - Filtered PMTfied file saved to: /lustre/hpc/project/icecube/HE_Nu_Aske_Oct2024/PMTfied_filtered/Snowstorm/CC_CRclean_MuonLike/22012/14/PMTfied_13.parquet
2025-02-24 13:09:15 - INFO - Filtered PMTfied file saved to: /lustre/hpc/project/icecube/HE_Nu_Aske_Oct2024/PMTfied_filtered/Snowstorm/CC_CRclean_MuonLike/22012/14/PMTfied_1.parquet
2025-02-24 13:09:16 - INFO - Filtered PMTfied file saved to: /lustre/hpc/project/icecube/HE_Nu_Aske_Oct2024/PMTfied_filtered/Snowstorm/CC_CRclean_MuonLike/22012/14/PMTfied_5.parquet
2025-02-24 13:09:18 - INFO - Filtered PMTfied file saved to: /lustre/hpc/project/icecube/HE_Nu_Aske_Oct2024/PMTfied_filtered/Snowstorm/CC_CRclean_MuonLike/22012/14/PMTfied_9.parquet
2025-02-24 13:09:19 - INFO - Filtered PMTfied file saved to: /lustre/hpc/project/icecube/HE_Nu_Aske_Oct2024/PMTfied_filtered/Snowstorm/CC_CRclean_MuonLike/22012/14/PMTfied_11.parquet
2025-02-24 13:09:20 - INFO - Filtered PMTfied file saved to: /lustre/hpc/project/icecube/HE_Nu_Aske_Oct2024/PMTfied_filtered/Snowstorm/CC_CRclean_MuonLike/22012/14/PMTfied_15.parquet
2025-02-24 13:09:22 - INFO - Filtered PMTfied file saved to: /lustre/hpc/project/icecube/HE_Nu_Aske_Oct2024/PMTfied_filtered/Snowstorm/CC_CRclean_MuonLike/22012/14/PMTfied_10.parquet
2025-02-24 13:09:23 - INFO - Filtered PMTfied file saved to: /lustre/hpc/project/icecube/HE_Nu_Aske_Oct2024/PMTfied_filtered/Snowstorm/CC_CRclean_MuonLike/22012/14/PMTfied_14.parquet
2025-02-24 13:09:24 - INFO - Filtered PMTfied file saved to: /lustre/hpc/project/icecube/HE_Nu_Aske_Oct2024/PMTfied_filtered/Snowstorm/CC_CRclean_MuonLike/22012/14/PMTfied_8.parquet
2025-02-24 13:09:26 - INFO - Filtered PMTfied file saved to: /lustre/hpc/project/icecube/HE_Nu_Aske_Oct2024/PMTfied_filtered/Snowstorm/CC_CRclean_MuonLike/22012/14/PMTfied_4.parquet
2025-02-24 13:09:26 - INFO - Filtering process completed.
2025-02-24 13:09:26 - INFO - Filtering process completed.
2025-02-24 13:09:26 - INFO - Unified receipt generated: /lustre/hpc/project/icecube/HE_Nu_Aske_Oct2024/PMTfied_filtered/Snowstorm/CC_CRclean_MuonLike/22012/[Receipt]22012_14.json
2025-02-24 13:09:26 - INFO - Filtering process completed.
Job completed at Mon Feb 24 01:09:26 PM CET 2025
