Starting job at Thu Feb 13 05:56:07 PM CET 2025
Running Filter_by_part.py for subdirectory 22012, part 24
2025-02-13 17:56:07 - INFO - Event filtering process starts...
2025-02-13 17:56:07 - INFO - Initialized PureNeutrinoEventFilter
2025-02-13 17:56:07 - INFO - Starting filtering process for 22012/24
2025-02-13 17:56:07 - INFO - Loaded 14 event specifier files from /lustre/hpc/project/icecube/HE_Nu_Aske_Oct2024/clean_events_dict/22012/22012/reduced
2025-02-13 17:56:07 - INFO - Selected 2 CSV files covering event range [12786, 13357]
2025-02-13 17:56:08 - INFO - Loaded 122940 valid (RunID, EventID) pairs from CSV files
2025-02-13 17:56:09 - INFO - Recalculated 'offset' column based on filtered 'N_doms' values.
2025-02-13 17:56:09 - INFO - Filtered truth file saved to: /lustre/hpc/project/icecube/HE_Nu_Aske_Oct2024/PMTfied_filtered/PureNu/Snowstorm/22012/truth_24.parquet
2025-02-13 17:56:09 - INFO - Receipt file saved to: /lustre/hpc/project/icecube/HE_Nu_Aske_Oct2024/PMTfied_filtered/PureNu/Snowstorm/22012/[Receipt]22012_24.json
2025-02-13 17:56:10 - INFO - Filtered PMTfied file saved to: /lustre/hpc/project/icecube/HE_Nu_Aske_Oct2024/PMTfied_filtered/PureNu/Snowstorm/22012/24/PMTfied_12.parquet
2025-02-13 17:56:12 - INFO - Filtered PMTfied file saved to: /lustre/hpc/project/icecube/HE_Nu_Aske_Oct2024/PMTfied_filtered/PureNu/Snowstorm/22012/24/PMTfied_9.parquet
2025-02-13 17:56:14 - INFO - Filtered PMTfied file saved to: /lustre/hpc/project/icecube/HE_Nu_Aske_Oct2024/PMTfied_filtered/PureNu/Snowstorm/22012/24/PMTfied_1.parquet
2025-02-13 17:56:15 - INFO - Filtered PMTfied file saved to: /lustre/hpc/project/icecube/HE_Nu_Aske_Oct2024/PMTfied_filtered/PureNu/Snowstorm/22012/24/PMTfied_5.parquet
2025-02-13 17:56:17 - INFO - Filtered PMTfied file saved to: /lustre/hpc/project/icecube/HE_Nu_Aske_Oct2024/PMTfied_filtered/PureNu/Snowstorm/22012/24/PMTfied_13.parquet
2025-02-13 17:56:18 - INFO - Filtered PMTfied file saved to: /lustre/hpc/project/icecube/HE_Nu_Aske_Oct2024/PMTfied_filtered/PureNu/Snowstorm/22012/24/PMTfied_4.parquet
2025-02-13 17:56:20 - INFO - Filtered PMTfied file saved to: /lustre/hpc/project/icecube/HE_Nu_Aske_Oct2024/PMTfied_filtered/PureNu/Snowstorm/22012/24/PMTfied_8.parquet
2025-02-13 17:56:21 - INFO - Filtered PMTfied file saved to: /lustre/hpc/project/icecube/HE_Nu_Aske_Oct2024/PMTfied_filtered/PureNu/Snowstorm/22012/24/PMTfied_11.parquet
2025-02-13 17:56:22 - INFO - Filtered PMTfied file saved to: /lustre/hpc/project/icecube/HE_Nu_Aske_Oct2024/PMTfied_filtered/PureNu/Snowstorm/22012/24/PMTfied_15.parquet
2025-02-13 17:56:24 - INFO - Filtered PMTfied file saved to: /lustre/hpc/project/icecube/HE_Nu_Aske_Oct2024/PMTfied_filtered/PureNu/Snowstorm/22012/24/PMTfied_2.parquet
2025-02-13 17:56:25 - INFO - Filtered PMTfied file saved to: /lustre/hpc/project/icecube/HE_Nu_Aske_Oct2024/PMTfied_filtered/PureNu/Snowstorm/22012/24/PMTfied_6.parquet
2025-02-13 17:56:27 - INFO - Filtered PMTfied file saved to: /lustre/hpc/project/icecube/HE_Nu_Aske_Oct2024/PMTfied_filtered/PureNu/Snowstorm/22012/24/PMTfied_10.parquet
2025-02-13 17:56:28 - INFO - Filtered PMTfied file saved to: /lustre/hpc/project/icecube/HE_Nu_Aske_Oct2024/PMTfied_filtered/PureNu/Snowstorm/22012/24/PMTfied_14.parquet
2025-02-13 17:56:29 - INFO - Filtered PMTfied file saved to: /lustre/hpc/project/icecube/HE_Nu_Aske_Oct2024/PMTfied_filtered/PureNu/Snowstorm/22012/24/PMTfied_3.parquet
2025-02-13 17:56:31 - INFO - Filtered PMTfied file saved to: /lustre/hpc/project/icecube/HE_Nu_Aske_Oct2024/PMTfied_filtered/PureNu/Snowstorm/22012/24/PMTfied_7.parquet
2025-02-13 17:56:31 - INFO - Filtering process completed.
2025-02-13 17:56:31 - INFO - Filtering process completed for all selected filters.
2025-02-13 17:56:31 - INFO - Execution time: 23.89 seconds
2025-02-13 17:56:31 - INFO - Updated receipt with execution time: /lustre/hpc/project/icecube/HE_Nu_Aske_Oct2024/PMTfied_filtered/PureNu/Snowstorm/22012/[Receipt]22012_24.json
Job completed at Thu Feb 13 05:56:31 PM CET 2025
