Starting job at Mon Feb 17 04:08:46 PM CET 2025
Running Filter_by_part.py for subdirectory 22012, part 1
2025-02-17 16:08:47 - INFO - Event filtering process starts...
2025-02-17 16:08:47 - INFO - Initialized Muon13Filter filter for 22012/1
2025-02-17 16:08:47 - INFO - Extracted 26176 valid events where MuonFilter_13==True.
2025-02-17 16:08:47 - INFO - Initialized CompositeEventFilter filter for 22012/1
2025-02-17 16:08:47 - INFO - Initialized (MuonLike)
2025-02-17 16:08:47 - INFO - Starting filtering process for 22012/1
2025-02-17 16:08:47 - INFO - Starting filtering process for 22012/1
2025-02-17 16:08:47 - INFO - Recalculated 'offset' column based on 'N_doms' values within each 'shard_no' group.
2025-02-17 16:08:47 - INFO - Filtered truth file saved to: /lustre/hpc/project/icecube/HE_Nu_Aske_Oct2024/PMTfied_filtered/Snowstorm/MuonLike/22012/truth_1.parquet
2025-02-17 16:08:48 - INFO - Filtered PMTfied file saved to: /lustre/hpc/project/icecube/HE_Nu_Aske_Oct2024/PMTfied_filtered/Snowstorm/MuonLike/22012/1/PMTfied_11.parquet
2025-02-17 16:08:49 - INFO - Filtered PMTfied file saved to: /lustre/hpc/project/icecube/HE_Nu_Aske_Oct2024/PMTfied_filtered/Snowstorm/MuonLike/22012/1/PMTfied_15.parquet
2025-02-17 16:08:50 - INFO - Filtered PMTfied file saved to: /lustre/hpc/project/icecube/HE_Nu_Aske_Oct2024/PMTfied_filtered/Snowstorm/MuonLike/22012/1/PMTfied_8.parquet
2025-02-17 16:08:50 - INFO - Filtered PMTfied file saved to: /lustre/hpc/project/icecube/HE_Nu_Aske_Oct2024/PMTfied_filtered/Snowstorm/MuonLike/22012/1/PMTfied_4.parquet
2025-02-17 16:08:51 - INFO - Filtered PMTfied file saved to: /lustre/hpc/project/icecube/HE_Nu_Aske_Oct2024/PMTfied_filtered/Snowstorm/MuonLike/22012/1/PMTfied_1.parquet
2025-02-17 16:08:52 - INFO - Filtered PMTfied file saved to: /lustre/hpc/project/icecube/HE_Nu_Aske_Oct2024/PMTfied_filtered/Snowstorm/MuonLike/22012/1/PMTfied_5.parquet
2025-02-17 16:08:52 - INFO - Filtered PMTfied file saved to: /lustre/hpc/project/icecube/HE_Nu_Aske_Oct2024/PMTfied_filtered/Snowstorm/MuonLike/22012/1/PMTfied_9.parquet
2025-02-17 16:08:53 - INFO - Filtered PMTfied file saved to: /lustre/hpc/project/icecube/HE_Nu_Aske_Oct2024/PMTfied_filtered/Snowstorm/MuonLike/22012/1/PMTfied_10.parquet
2025-02-17 16:08:54 - INFO - Filtered PMTfied file saved to: /lustre/hpc/project/icecube/HE_Nu_Aske_Oct2024/PMTfied_filtered/Snowstorm/MuonLike/22012/1/PMTfied_14.parquet
2025-02-17 16:08:55 - INFO - Filtered PMTfied file saved to: /lustre/hpc/project/icecube/HE_Nu_Aske_Oct2024/PMTfied_filtered/Snowstorm/MuonLike/22012/1/PMTfied_3.parquet
2025-02-17 16:08:56 - INFO - Filtered PMTfied file saved to: /lustre/hpc/project/icecube/HE_Nu_Aske_Oct2024/PMTfied_filtered/Snowstorm/MuonLike/22012/1/PMTfied_7.parquet
2025-02-17 16:08:56 - INFO - Filtered PMTfied file saved to: /lustre/hpc/project/icecube/HE_Nu_Aske_Oct2024/PMTfied_filtered/Snowstorm/MuonLike/22012/1/PMTfied_12.parquet
2025-02-17 16:08:57 - INFO - Filtered PMTfied file saved to: /lustre/hpc/project/icecube/HE_Nu_Aske_Oct2024/PMTfied_filtered/Snowstorm/MuonLike/22012/1/PMTfied_13.parquet
2025-02-17 16:08:58 - INFO - Filtered PMTfied file saved to: /lustre/hpc/project/icecube/HE_Nu_Aske_Oct2024/PMTfied_filtered/Snowstorm/MuonLike/22012/1/PMTfied_2.parquet
2025-02-17 16:08:59 - INFO - Filtered PMTfied file saved to: /lustre/hpc/project/icecube/HE_Nu_Aske_Oct2024/PMTfied_filtered/Snowstorm/MuonLike/22012/1/PMTfied_6.parquet
2025-02-17 16:08:59 - INFO - Filtering process completed.
2025-02-17 16:08:59 - INFO - Filtering process completed.
2025-02-17 16:08:59 - INFO - Unified receipt generated: /lustre/hpc/project/icecube/HE_Nu_Aske_Oct2024/PMTfied_filtered/Snowstorm/MuonLike/22012/[Receipt]22012_1.json
2025-02-17 16:08:59 - INFO - Filtering process completed.
Job completed at Mon Feb 17 04:08:59 PM CET 2025
