Starting job at Thu Feb 13 05:55:28 PM CET 2025
Running Filter_by_part.py for subdirectory 22012, part 15
2025-02-13 17:55:28 - INFO - Event filtering process starts...
2025-02-13 17:55:28 - INFO - Initialized PureNeutrinoEventFilter
2025-02-13 17:55:28 - INFO - Starting filtering process for 22012/15
2025-02-13 17:55:29 - INFO - Loaded 14 event specifier files from /lustre/hpc/project/icecube/HE_Nu_Aske_Oct2024/clean_events_dict/22012/22012/reduced
2025-02-13 17:55:29 - INFO - Selected 2 CSV files covering event range [7735, 8376]
2025-02-13 17:55:29 - INFO - Loaded 123318 valid (RunID, EventID) pairs from CSV files
2025-02-13 17:55:30 - INFO - Recalculated 'offset' column based on filtered 'N_doms' values.
2025-02-13 17:55:30 - INFO - Filtered truth file saved to: /lustre/hpc/project/icecube/HE_Nu_Aske_Oct2024/PMTfied_filtered/PureNu/Snowstorm/22012/truth_15.parquet
2025-02-13 17:55:30 - INFO - Receipt file saved to: /lustre/hpc/project/icecube/HE_Nu_Aske_Oct2024/PMTfied_filtered/PureNu/Snowstorm/22012/[Receipt]22012_15.json
2025-02-13 17:55:31 - INFO - Filtered PMTfied file saved to: /lustre/hpc/project/icecube/HE_Nu_Aske_Oct2024/PMTfied_filtered/PureNu/Snowstorm/22012/15/PMTfied_9.parquet
2025-02-13 17:55:33 - INFO - Filtered PMTfied file saved to: /lustre/hpc/project/icecube/HE_Nu_Aske_Oct2024/PMTfied_filtered/PureNu/Snowstorm/22012/15/PMTfied_5.parquet
2025-02-13 17:55:34 - INFO - Filtered PMTfied file saved to: /lustre/hpc/project/icecube/HE_Nu_Aske_Oct2024/PMTfied_filtered/PureNu/Snowstorm/22012/15/PMTfied_1.parquet
2025-02-13 17:55:35 - INFO - Filtered PMTfied file saved to: /lustre/hpc/project/icecube/HE_Nu_Aske_Oct2024/PMTfied_filtered/PureNu/Snowstorm/22012/15/PMTfied_11.parquet
2025-02-13 17:55:36 - INFO - Filtered PMTfied file saved to: /lustre/hpc/project/icecube/HE_Nu_Aske_Oct2024/PMTfied_filtered/PureNu/Snowstorm/22012/15/PMTfied_15.parquet
2025-02-13 17:55:37 - INFO - Filtered PMTfied file saved to: /lustre/hpc/project/icecube/HE_Nu_Aske_Oct2024/PMTfied_filtered/PureNu/Snowstorm/22012/15/PMTfied_10.parquet
2025-02-13 17:55:38 - INFO - Filtered PMTfied file saved to: /lustre/hpc/project/icecube/HE_Nu_Aske_Oct2024/PMTfied_filtered/PureNu/Snowstorm/22012/15/PMTfied_14.parquet
2025-02-13 17:55:40 - INFO - Filtered PMTfied file saved to: /lustre/hpc/project/icecube/HE_Nu_Aske_Oct2024/PMTfied_filtered/PureNu/Snowstorm/22012/15/PMTfied_4.parquet
2025-02-13 17:55:41 - INFO - Filtered PMTfied file saved to: /lustre/hpc/project/icecube/HE_Nu_Aske_Oct2024/PMTfied_filtered/PureNu/Snowstorm/22012/15/PMTfied_8.parquet
2025-02-13 17:55:42 - INFO - Filtered PMTfied file saved to: /lustre/hpc/project/icecube/HE_Nu_Aske_Oct2024/PMTfied_filtered/PureNu/Snowstorm/22012/15/PMTfied_12.parquet
2025-02-13 17:55:43 - INFO - Filtered PMTfied file saved to: /lustre/hpc/project/icecube/HE_Nu_Aske_Oct2024/PMTfied_filtered/PureNu/Snowstorm/22012/15/PMTfied_6.parquet
2025-02-13 17:55:45 - INFO - Filtered PMTfied file saved to: /lustre/hpc/project/icecube/HE_Nu_Aske_Oct2024/PMTfied_filtered/PureNu/Snowstorm/22012/15/PMTfied_2.parquet
2025-02-13 17:55:46 - INFO - Filtered PMTfied file saved to: /lustre/hpc/project/icecube/HE_Nu_Aske_Oct2024/PMTfied_filtered/PureNu/Snowstorm/22012/15/PMTfied_7.parquet
2025-02-13 17:55:47 - INFO - Filtered PMTfied file saved to: /lustre/hpc/project/icecube/HE_Nu_Aske_Oct2024/PMTfied_filtered/PureNu/Snowstorm/22012/15/PMTfied_3.parquet
2025-02-13 17:55:49 - INFO - Filtered PMTfied file saved to: /lustre/hpc/project/icecube/HE_Nu_Aske_Oct2024/PMTfied_filtered/PureNu/Snowstorm/22012/15/PMTfied_13.parquet
2025-02-13 17:55:49 - INFO - Filtering process completed.
2025-02-13 17:55:49 - INFO - Filtering process completed for all selected filters.
2025-02-13 17:55:49 - INFO - Execution time: 20.48 seconds
2025-02-13 17:55:49 - INFO - Updated receipt with execution time: /lustre/hpc/project/icecube/HE_Nu_Aske_Oct2024/PMTfied_filtered/PureNu/Snowstorm/22012/[Receipt]22012_15.json
Job completed at Thu Feb 13 05:55:49 PM CET 2025
