Starting job at Mon Feb 17 04:16:54 PM CET 2025
Running Filter_by_part.py for subdirectory 22012, part 15
2025-02-17 16:16:54 - INFO - Event filtering process starts...
2025-02-17 16:16:54 - INFO - Initialized PureNeutrinoEventFilter filter for 22012/15
2025-02-17 16:16:54 - INFO - Loaded 14 event specifier files from /lustre/hpc/project/icecube/HE_Nu_Aske_Oct2024/clean_events_dict/22012/22012/reduced
2025-02-17 16:16:54 - INFO - Selected 2 CSV files covering event range [7735, 8376]
2025-02-17 16:16:55 - INFO - Loaded 123318 valid (RunID, EventID) pairs from CSV files
2025-02-17 16:16:55 - INFO - Extracted 22569 valid events based on pure neutrino events.
2025-02-17 16:16:55 - INFO - Initialized Muon13Filter filter for 22012/15
2025-02-17 16:16:55 - INFO - Extracted 26092 valid events where MuonFilter_13==True.
2025-02-17 16:16:55 - INFO - Initialized CompositeEventFilter filter for 22012/15
2025-02-17 16:16:55 - INFO - Initialized (MuonLike_PureNu)
2025-02-17 16:16:55 - INFO - Starting filtering process for 22012/15
2025-02-17 16:16:55 - INFO - Starting filtering process for 22012/15
2025-02-17 16:16:56 - INFO - Recalculated 'offset' column based on 'N_doms' values within each 'shard_no' group.
2025-02-17 16:16:56 - INFO - Filtered truth file saved to: /lustre/hpc/project/icecube/HE_Nu_Aske_Oct2024/PMTfied_filtered/Snowstorm/MuonLike_PureNu/22012/truth_15.parquet
2025-02-17 16:16:57 - INFO - Filtered PMTfied file saved to: /lustre/hpc/project/icecube/HE_Nu_Aske_Oct2024/PMTfied_filtered/Snowstorm/MuonLike_PureNu/22012/15/PMTfied_9.parquet
2025-02-17 16:16:59 - INFO - Filtered PMTfied file saved to: /lustre/hpc/project/icecube/HE_Nu_Aske_Oct2024/PMTfied_filtered/Snowstorm/MuonLike_PureNu/22012/15/PMTfied_5.parquet
2025-02-17 16:17:00 - INFO - Filtered PMTfied file saved to: /lustre/hpc/project/icecube/HE_Nu_Aske_Oct2024/PMTfied_filtered/Snowstorm/MuonLike_PureNu/22012/15/PMTfied_1.parquet
2025-02-17 16:17:02 - INFO - Filtered PMTfied file saved to: /lustre/hpc/project/icecube/HE_Nu_Aske_Oct2024/PMTfied_filtered/Snowstorm/MuonLike_PureNu/22012/15/PMTfied_11.parquet
2025-02-17 16:17:03 - INFO - Filtered PMTfied file saved to: /lustre/hpc/project/icecube/HE_Nu_Aske_Oct2024/PMTfied_filtered/Snowstorm/MuonLike_PureNu/22012/15/PMTfied_15.parquet
2025-02-17 16:17:04 - INFO - Filtered PMTfied file saved to: /lustre/hpc/project/icecube/HE_Nu_Aske_Oct2024/PMTfied_filtered/Snowstorm/MuonLike_PureNu/22012/15/PMTfied_10.parquet
2025-02-17 16:17:05 - INFO - Filtered PMTfied file saved to: /lustre/hpc/project/icecube/HE_Nu_Aske_Oct2024/PMTfied_filtered/Snowstorm/MuonLike_PureNu/22012/15/PMTfied_14.parquet
2025-02-17 16:17:07 - INFO - Filtered PMTfied file saved to: /lustre/hpc/project/icecube/HE_Nu_Aske_Oct2024/PMTfied_filtered/Snowstorm/MuonLike_PureNu/22012/15/PMTfied_4.parquet
2025-02-17 16:17:08 - INFO - Filtered PMTfied file saved to: /lustre/hpc/project/icecube/HE_Nu_Aske_Oct2024/PMTfied_filtered/Snowstorm/MuonLike_PureNu/22012/15/PMTfied_8.parquet
2025-02-17 16:17:10 - INFO - Filtered PMTfied file saved to: /lustre/hpc/project/icecube/HE_Nu_Aske_Oct2024/PMTfied_filtered/Snowstorm/MuonLike_PureNu/22012/15/PMTfied_12.parquet
2025-02-17 16:17:11 - INFO - Filtered PMTfied file saved to: /lustre/hpc/project/icecube/HE_Nu_Aske_Oct2024/PMTfied_filtered/Snowstorm/MuonLike_PureNu/22012/15/PMTfied_6.parquet
2025-02-17 16:17:13 - INFO - Filtered PMTfied file saved to: /lustre/hpc/project/icecube/HE_Nu_Aske_Oct2024/PMTfied_filtered/Snowstorm/MuonLike_PureNu/22012/15/PMTfied_2.parquet
2025-02-17 16:17:14 - INFO - Filtered PMTfied file saved to: /lustre/hpc/project/icecube/HE_Nu_Aske_Oct2024/PMTfied_filtered/Snowstorm/MuonLike_PureNu/22012/15/PMTfied_7.parquet
2025-02-17 16:17:16 - INFO - Filtered PMTfied file saved to: /lustre/hpc/project/icecube/HE_Nu_Aske_Oct2024/PMTfied_filtered/Snowstorm/MuonLike_PureNu/22012/15/PMTfied_3.parquet
2025-02-17 16:17:17 - INFO - Filtered PMTfied file saved to: /lustre/hpc/project/icecube/HE_Nu_Aske_Oct2024/PMTfied_filtered/Snowstorm/MuonLike_PureNu/22012/15/PMTfied_13.parquet
2025-02-17 16:17:17 - INFO - Filtering process completed.
2025-02-17 16:17:17 - INFO - Filtering process completed.
2025-02-17 16:17:17 - INFO - Unified receipt generated: /lustre/hpc/project/icecube/HE_Nu_Aske_Oct2024/PMTfied_filtered/Snowstorm/MuonLike_PureNu/22012/[Receipt]22012_15.json
2025-02-17 16:17:17 - INFO - Filtering process completed.
Job completed at Mon Feb 17 04:17:17 PM CET 2025
