Starting job at Mon Feb 17 04:09:01 PM CET 2025
Running Filter_by_part.py for subdirectory 22012, part 2
2025-02-17 16:09:01 - INFO - Event filtering process starts...
2025-02-17 16:09:01 - INFO - Initialized Muon13Filter filter for 22012/2
2025-02-17 16:09:01 - INFO - Extracted 26203 valid events where MuonFilter_13==True.
2025-02-17 16:09:01 - INFO - Initialized CompositeEventFilter filter for 22012/2
2025-02-17 16:09:01 - INFO - Initialized (MuonLike)
2025-02-17 16:09:01 - INFO - Starting filtering process for 22012/2
2025-02-17 16:09:01 - INFO - Starting filtering process for 22012/2
2025-02-17 16:09:02 - INFO - Recalculated 'offset' column based on 'N_doms' values within each 'shard_no' group.
2025-02-17 16:09:02 - INFO - Filtered truth file saved to: /lustre/hpc/project/icecube/HE_Nu_Aske_Oct2024/PMTfied_filtered/Snowstorm/MuonLike/22012/truth_2.parquet
2025-02-17 16:09:03 - INFO - Filtered PMTfied file saved to: /lustre/hpc/project/icecube/HE_Nu_Aske_Oct2024/PMTfied_filtered/Snowstorm/MuonLike/22012/2/PMTfied_12.parquet
2025-02-17 16:09:03 - INFO - Filtered PMTfied file saved to: /lustre/hpc/project/icecube/HE_Nu_Aske_Oct2024/PMTfied_filtered/Snowstorm/MuonLike/22012/2/PMTfied_3.parquet
2025-02-17 16:09:04 - INFO - Filtered PMTfied file saved to: /lustre/hpc/project/icecube/HE_Nu_Aske_Oct2024/PMTfied_filtered/Snowstorm/MuonLike/22012/2/PMTfied_7.parquet
2025-02-17 16:09:05 - INFO - Filtered PMTfied file saved to: /lustre/hpc/project/icecube/HE_Nu_Aske_Oct2024/PMTfied_filtered/Snowstorm/MuonLike/22012/2/PMTfied_13.parquet
2025-02-17 16:09:05 - INFO - Filtered PMTfied file saved to: /lustre/hpc/project/icecube/HE_Nu_Aske_Oct2024/PMTfied_filtered/Snowstorm/MuonLike/22012/2/PMTfied_2.parquet
2025-02-17 16:09:06 - INFO - Filtered PMTfied file saved to: /lustre/hpc/project/icecube/HE_Nu_Aske_Oct2024/PMTfied_filtered/Snowstorm/MuonLike/22012/2/PMTfied_6.parquet
2025-02-17 16:09:07 - INFO - Filtered PMTfied file saved to: /lustre/hpc/project/icecube/HE_Nu_Aske_Oct2024/PMTfied_filtered/Snowstorm/MuonLike/22012/2/PMTfied_11.parquet
2025-02-17 16:09:08 - INFO - Filtered PMTfied file saved to: /lustre/hpc/project/icecube/HE_Nu_Aske_Oct2024/PMTfied_filtered/Snowstorm/MuonLike/22012/2/PMTfied_15.parquet
2025-02-17 16:09:08 - INFO - Filtered PMTfied file saved to: /lustre/hpc/project/icecube/HE_Nu_Aske_Oct2024/PMTfied_filtered/Snowstorm/MuonLike/22012/2/PMTfied_4.parquet
2025-02-17 16:09:09 - INFO - Filtered PMTfied file saved to: /lustre/hpc/project/icecube/HE_Nu_Aske_Oct2024/PMTfied_filtered/Snowstorm/MuonLike/22012/2/PMTfied_8.parquet
2025-02-17 16:09:10 - INFO - Filtered PMTfied file saved to: /lustre/hpc/project/icecube/HE_Nu_Aske_Oct2024/PMTfied_filtered/Snowstorm/MuonLike/22012/2/PMTfied_10.parquet
2025-02-17 16:09:11 - INFO - Filtered PMTfied file saved to: /lustre/hpc/project/icecube/HE_Nu_Aske_Oct2024/PMTfied_filtered/Snowstorm/MuonLike/22012/2/PMTfied_14.parquet
2025-02-17 16:09:11 - INFO - Filtered PMTfied file saved to: /lustre/hpc/project/icecube/HE_Nu_Aske_Oct2024/PMTfied_filtered/Snowstorm/MuonLike/22012/2/PMTfied_9.parquet
2025-02-17 16:09:12 - INFO - Filtered PMTfied file saved to: /lustre/hpc/project/icecube/HE_Nu_Aske_Oct2024/PMTfied_filtered/Snowstorm/MuonLike/22012/2/PMTfied_1.parquet
2025-02-17 16:09:13 - INFO - Filtered PMTfied file saved to: /lustre/hpc/project/icecube/HE_Nu_Aske_Oct2024/PMTfied_filtered/Snowstorm/MuonLike/22012/2/PMTfied_5.parquet
2025-02-17 16:09:13 - INFO - Filtering process completed.
2025-02-17 16:09:13 - INFO - Filtering process completed.
2025-02-17 16:09:13 - INFO - Unified receipt generated: /lustre/hpc/project/icecube/HE_Nu_Aske_Oct2024/PMTfied_filtered/Snowstorm/MuonLike/22012/[Receipt]22012_2.json
2025-02-17 16:09:13 - INFO - Filtering process completed.
Job completed at Mon Feb 17 04:09:13 PM CET 2025
