Starting job at Sat Feb 15 12:10:54 PM CET 2025
Running Filter_by_part.py for subdirectory 22012, part 20
2025-02-15 12:10:54 - INFO - Event filtering process starts...
2025-02-15 12:10:54 - INFO - Initialized PureNeutrinoEventFilter filter for 22012/20
2025-02-15 12:10:54 - INFO - Loaded 14 event specifier files from /lustre/hpc/project/icecube/HE_Nu_Aske_Oct2024/clean_events_dict/22012/22012/reduced
2025-02-15 12:10:54 - INFO - Selected 2 CSV files covering event range [10517, 11155]
2025-02-15 12:10:55 - INFO - Loaded 123340 valid (RunID, EventID) pairs from CSV files
2025-02-15 12:10:55 - INFO - Extracted 22897 valid events based on pure neutrino events.
2025-02-15 12:10:55 - INFO - Initialized CompositeEventFilter filter for 22012/20
2025-02-15 12:10:55 - INFO - Initialized (PureNu)
2025-02-15 12:10:55 - INFO - Starting filtering process for 22012/20
2025-02-15 12:10:55 - INFO - Starting filtering process for 22012/20
2025-02-15 12:10:56 - INFO - Recalculated 'offset' column based on filtered 'N_doms' values.
2025-02-15 12:10:56 - INFO - Filtered truth file saved to: /lustre/hpc/project/icecube/HE_Nu_Aske_Oct2024/PMTfied_filtered/Snowstorm/PureNu/22012/truth_20.parquet
2025-02-15 12:10:57 - INFO - Filtered PMTfied file saved to: /lustre/hpc/project/icecube/HE_Nu_Aske_Oct2024/PMTfied_filtered/Snowstorm/PureNu/22012/20/PMTfied_11.parquet
2025-02-15 12:10:59 - INFO - Filtered PMTfied file saved to: /lustre/hpc/project/icecube/HE_Nu_Aske_Oct2024/PMTfied_filtered/Snowstorm/PureNu/22012/20/PMTfied_15.parquet
2025-02-15 12:11:00 - INFO - Filtered PMTfied file saved to: /lustre/hpc/project/icecube/HE_Nu_Aske_Oct2024/PMTfied_filtered/Snowstorm/PureNu/22012/20/PMTfied_3.parquet
2025-02-15 12:11:01 - INFO - Filtered PMTfied file saved to: /lustre/hpc/project/icecube/HE_Nu_Aske_Oct2024/PMTfied_filtered/Snowstorm/PureNu/22012/20/PMTfied_7.parquet
2025-02-15 12:11:03 - INFO - Filtered PMTfied file saved to: /lustre/hpc/project/icecube/HE_Nu_Aske_Oct2024/PMTfied_filtered/Snowstorm/PureNu/22012/20/PMTfied_2.parquet
2025-02-15 12:11:04 - INFO - Filtered PMTfied file saved to: /lustre/hpc/project/icecube/HE_Nu_Aske_Oct2024/PMTfied_filtered/Snowstorm/PureNu/22012/20/PMTfied_6.parquet
2025-02-15 12:11:06 - INFO - Filtered PMTfied file saved to: /lustre/hpc/project/icecube/HE_Nu_Aske_Oct2024/PMTfied_filtered/Snowstorm/PureNu/22012/20/PMTfied_10.parquet
2025-02-15 12:11:07 - INFO - Filtered PMTfied file saved to: /lustre/hpc/project/icecube/HE_Nu_Aske_Oct2024/PMTfied_filtered/Snowstorm/PureNu/22012/20/PMTfied_14.parquet
2025-02-15 12:11:09 - INFO - Filtered PMTfied file saved to: /lustre/hpc/project/icecube/HE_Nu_Aske_Oct2024/PMTfied_filtered/Snowstorm/PureNu/22012/20/PMTfied_8.parquet
2025-02-15 12:11:10 - INFO - Filtered PMTfied file saved to: /lustre/hpc/project/icecube/HE_Nu_Aske_Oct2024/PMTfied_filtered/Snowstorm/PureNu/22012/20/PMTfied_4.parquet
2025-02-15 12:11:11 - INFO - Filtered PMTfied file saved to: /lustre/hpc/project/icecube/HE_Nu_Aske_Oct2024/PMTfied_filtered/Snowstorm/PureNu/22012/20/PMTfied_12.parquet
2025-02-15 12:11:13 - INFO - Filtered PMTfied file saved to: /lustre/hpc/project/icecube/HE_Nu_Aske_Oct2024/PMTfied_filtered/Snowstorm/PureNu/22012/20/PMTfied_13.parquet
2025-02-15 12:11:14 - INFO - Filtered PMTfied file saved to: /lustre/hpc/project/icecube/HE_Nu_Aske_Oct2024/PMTfied_filtered/Snowstorm/PureNu/22012/20/PMTfied_1.parquet
2025-02-15 12:11:16 - INFO - Filtered PMTfied file saved to: /lustre/hpc/project/icecube/HE_Nu_Aske_Oct2024/PMTfied_filtered/Snowstorm/PureNu/22012/20/PMTfied_5.parquet
2025-02-15 12:11:17 - INFO - Filtered PMTfied file saved to: /lustre/hpc/project/icecube/HE_Nu_Aske_Oct2024/PMTfied_filtered/Snowstorm/PureNu/22012/20/PMTfied_9.parquet
2025-02-15 12:11:17 - INFO - Filtering process completed.
2025-02-15 12:11:17 - INFO - Filtering process completed.
2025-02-15 12:11:18 - INFO - Unified receipt generated: /lustre/hpc/project/icecube/HE_Nu_Aske_Oct2024/PMTfied_filtered/Snowstorm/PureNu/22012/[Receipt]22012_20.json
2025-02-15 12:11:18 - INFO - Filtering process completed.
Job completed at Sat Feb 15 12:11:18 PM CET 2025
