Starting job at Mon Feb 24 01:09:19 PM CET 2025
Running Filter_by_part.py for subdirectory 22012, part 18
2025-02-24 13:09:19 - INFO - Event filtering process starts...
2025-02-24 13:09:19 - INFO - Initialized PureNeutrinoEventFilter filter for 22012/18
2025-02-24 13:09:20 - INFO - Loaded 14 event specifier files from /lustre/hpc/project/icecube/HE_Nu_Aske_Oct2024/clean_events_dict/22012/22012/reduced
2025-02-24 13:09:20 - INFO - Selected 2 CSV files covering event range [9430, 10005]
2025-02-24 13:09:20 - INFO - Loaded 123625 valid (RunID, EventID) pairs from CSV files
2025-02-24 13:09:20 - INFO - Extracted 22616 valid events based on pure neutrino events.
2025-02-24 13:09:20 - INFO - Initialized Muon13Filter filter for 22012/18
2025-02-24 13:09:20 - INFO - Extracted 26140 valid events where MuonFilter_13==True.
2025-02-24 13:09:20 - INFO - Initialized CCFilter filter for 22012/18
2025-02-24 13:09:20 - INFO - Extracted 26825 valid events which are CC interactions.
2025-02-24 13:09:20 - INFO - Initialized CompositeEventFilter filter for 22012/18
2025-02-24 13:09:20 - INFO - Initialized (CC_CRclean_MuonLike)
2025-02-24 13:09:20 - INFO - Starting filtering process for 22012/18
2025-02-24 13:09:20 - INFO - Starting filtering process for 22012/18
2025-02-24 13:09:22 - INFO - Recalculated 'offset' column based on 'N_doms' values within each 'shard_no' group.
2025-02-24 13:09:22 - INFO - Filtered truth file saved to: /lustre/hpc/project/icecube/HE_Nu_Aske_Oct2024/PMTfied_filtered/Snowstorm/CC_CRclean_MuonLike/22012/truth_18.parquet
2025-02-24 13:09:24 - INFO - Filtered PMTfied file saved to: /lustre/hpc/project/icecube/HE_Nu_Aske_Oct2024/PMTfied_filtered/Snowstorm/CC_CRclean_MuonLike/22012/18/PMTfied_11.parquet
2025-02-24 13:09:25 - INFO - Filtered PMTfied file saved to: /lustre/hpc/project/icecube/HE_Nu_Aske_Oct2024/PMTfied_filtered/Snowstorm/CC_CRclean_MuonLike/22012/18/PMTfied_15.parquet
2025-02-24 13:09:26 - INFO - Filtered PMTfied file saved to: /lustre/hpc/project/icecube/HE_Nu_Aske_Oct2024/PMTfied_filtered/Snowstorm/CC_CRclean_MuonLike/22012/18/PMTfied_5.parquet
2025-02-24 13:09:28 - INFO - Filtered PMTfied file saved to: /lustre/hpc/project/icecube/HE_Nu_Aske_Oct2024/PMTfied_filtered/Snowstorm/CC_CRclean_MuonLike/22012/18/PMTfied_1.parquet
2025-02-24 13:09:30 - INFO - Filtered PMTfied file saved to: /lustre/hpc/project/icecube/HE_Nu_Aske_Oct2024/PMTfied_filtered/Snowstorm/CC_CRclean_MuonLike/22012/18/PMTfied_9.parquet
2025-02-24 13:09:31 - INFO - Filtered PMTfied file saved to: /lustre/hpc/project/icecube/HE_Nu_Aske_Oct2024/PMTfied_filtered/Snowstorm/CC_CRclean_MuonLike/22012/18/PMTfied_10.parquet
2025-02-24 13:09:33 - INFO - Filtered PMTfied file saved to: /lustre/hpc/project/icecube/HE_Nu_Aske_Oct2024/PMTfied_filtered/Snowstorm/CC_CRclean_MuonLike/22012/18/PMTfied_14.parquet
2025-02-24 13:09:35 - INFO - Filtered PMTfied file saved to: /lustre/hpc/project/icecube/HE_Nu_Aske_Oct2024/PMTfied_filtered/Snowstorm/CC_CRclean_MuonLike/22012/18/PMTfied_8.parquet
2025-02-24 13:09:36 - INFO - Filtered PMTfied file saved to: /lustre/hpc/project/icecube/HE_Nu_Aske_Oct2024/PMTfied_filtered/Snowstorm/CC_CRclean_MuonLike/22012/18/PMTfied_4.parquet
2025-02-24 13:09:38 - INFO - Filtered PMTfied file saved to: /lustre/hpc/project/icecube/HE_Nu_Aske_Oct2024/PMTfied_filtered/Snowstorm/CC_CRclean_MuonLike/22012/18/PMTfied_12.parquet
2025-02-24 13:09:39 - INFO - Filtered PMTfied file saved to: /lustre/hpc/project/icecube/HE_Nu_Aske_Oct2024/PMTfied_filtered/Snowstorm/CC_CRclean_MuonLike/22012/18/PMTfied_6.parquet
2025-02-24 13:09:41 - INFO - Filtered PMTfied file saved to: /lustre/hpc/project/icecube/HE_Nu_Aske_Oct2024/PMTfied_filtered/Snowstorm/CC_CRclean_MuonLike/22012/18/PMTfied_2.parquet
2025-02-24 13:09:42 - INFO - Filtered PMTfied file saved to: /lustre/hpc/project/icecube/HE_Nu_Aske_Oct2024/PMTfied_filtered/Snowstorm/CC_CRclean_MuonLike/22012/18/PMTfied_13.parquet
2025-02-24 13:09:44 - INFO - Filtered PMTfied file saved to: /lustre/hpc/project/icecube/HE_Nu_Aske_Oct2024/PMTfied_filtered/Snowstorm/CC_CRclean_MuonLike/22012/18/PMTfied_7.parquet
2025-02-24 13:09:46 - INFO - Filtered PMTfied file saved to: /lustre/hpc/project/icecube/HE_Nu_Aske_Oct2024/PMTfied_filtered/Snowstorm/CC_CRclean_MuonLike/22012/18/PMTfied_3.parquet
2025-02-24 13:09:46 - INFO - Filtering process completed.
2025-02-24 13:09:46 - INFO - Filtering process completed.
2025-02-24 13:09:46 - INFO - Unified receipt generated: /lustre/hpc/project/icecube/HE_Nu_Aske_Oct2024/PMTfied_filtered/Snowstorm/CC_CRclean_MuonLike/22012/[Receipt]22012_18.json
2025-02-24 13:09:46 - INFO - Filtering process completed.
Job completed at Mon Feb 24 01:09:46 PM CET 2025
