Starting job at Sat Feb 15 12:56:22 PM CET 2025
Running Filter_by_part.py for subdirectory 22012, part 19
2025-02-15 12:56:23 - INFO - Event filtering process starts...
2025-02-15 12:56:23 - INFO - Initialized Muon13Filter filter for 22012/19
2025-02-15 12:56:23 - INFO - Extracted 26119 valid events where MuonFilter_13==True.
2025-02-15 12:56:23 - INFO - Initialized CompositeEventFilter filter for 22012/19
2025-02-15 12:56:23 - INFO - Initialized (MuonLike)
2025-02-15 12:56:23 - INFO - Starting filtering process for 22012/19
2025-02-15 12:56:23 - INFO - Starting filtering process for 22012/19
2025-02-15 12:56:24 - INFO - Recalculated 'offset' column based on filtered 'N_doms' values.
2025-02-15 12:56:24 - INFO - Filtered truth file saved to: /lustre/hpc/project/icecube/HE_Nu_Aske_Oct2024/PMTfied_filtered/Snowstorm/MuonLike/22012/truth_19.parquet
2025-02-15 12:56:26 - INFO - Filtered PMTfied file saved to: /lustre/hpc/project/icecube/HE_Nu_Aske_Oct2024/PMTfied_filtered/Snowstorm/MuonLike/22012/19/PMTfied_6.parquet
2025-02-15 12:56:28 - INFO - Filtered PMTfied file saved to: /lustre/hpc/project/icecube/HE_Nu_Aske_Oct2024/PMTfied_filtered/Snowstorm/MuonLike/22012/19/PMTfied_2.parquet
2025-02-15 12:56:30 - INFO - Filtered PMTfied file saved to: /lustre/hpc/project/icecube/HE_Nu_Aske_Oct2024/PMTfied_filtered/Snowstorm/MuonLike/22012/19/PMTfied_13.parquet
2025-02-15 12:56:31 - INFO - Filtered PMTfied file saved to: /lustre/hpc/project/icecube/HE_Nu_Aske_Oct2024/PMTfied_filtered/Snowstorm/MuonLike/22012/19/PMTfied_12.parquet
2025-02-15 12:56:33 - INFO - Filtered PMTfied file saved to: /lustre/hpc/project/icecube/HE_Nu_Aske_Oct2024/PMTfied_filtered/Snowstorm/MuonLike/22012/19/PMTfied_7.parquet
2025-02-15 12:56:35 - INFO - Filtered PMTfied file saved to: /lustre/hpc/project/icecube/HE_Nu_Aske_Oct2024/PMTfied_filtered/Snowstorm/MuonLike/22012/19/PMTfied_3.parquet
2025-02-15 12:56:36 - INFO - Filtered PMTfied file saved to: /lustre/hpc/project/icecube/HE_Nu_Aske_Oct2024/PMTfied_filtered/Snowstorm/MuonLike/22012/19/PMTfied_10.parquet
2025-02-15 12:56:38 - INFO - Filtered PMTfied file saved to: /lustre/hpc/project/icecube/HE_Nu_Aske_Oct2024/PMTfied_filtered/Snowstorm/MuonLike/22012/19/PMTfied_14.parquet
2025-02-15 12:56:39 - INFO - Filtered PMTfied file saved to: /lustre/hpc/project/icecube/HE_Nu_Aske_Oct2024/PMTfied_filtered/Snowstorm/MuonLike/22012/19/PMTfied_9.parquet
2025-02-15 12:56:41 - INFO - Filtered PMTfied file saved to: /lustre/hpc/project/icecube/HE_Nu_Aske_Oct2024/PMTfied_filtered/Snowstorm/MuonLike/22012/19/PMTfied_5.parquet
2025-02-15 12:56:43 - INFO - Filtered PMTfied file saved to: /lustre/hpc/project/icecube/HE_Nu_Aske_Oct2024/PMTfied_filtered/Snowstorm/MuonLike/22012/19/PMTfied_1.parquet
2025-02-15 12:56:44 - INFO - Filtered PMTfied file saved to: /lustre/hpc/project/icecube/HE_Nu_Aske_Oct2024/PMTfied_filtered/Snowstorm/MuonLike/22012/19/PMTfied_4.parquet
2025-02-15 12:56:46 - INFO - Filtered PMTfied file saved to: /lustre/hpc/project/icecube/HE_Nu_Aske_Oct2024/PMTfied_filtered/Snowstorm/MuonLike/22012/19/PMTfied_8.parquet
2025-02-15 12:56:47 - INFO - Filtered PMTfied file saved to: /lustre/hpc/project/icecube/HE_Nu_Aske_Oct2024/PMTfied_filtered/Snowstorm/MuonLike/22012/19/PMTfied_11.parquet
2025-02-15 12:56:48 - INFO - Filtered PMTfied file saved to: /lustre/hpc/project/icecube/HE_Nu_Aske_Oct2024/PMTfied_filtered/Snowstorm/MuonLike/22012/19/PMTfied_15.parquet
2025-02-15 12:56:48 - INFO - Filtering process completed.
2025-02-15 12:56:48 - INFO - Filtering process completed.
2025-02-15 12:56:49 - INFO - Unified receipt generated: /lustre/hpc/project/icecube/HE_Nu_Aske_Oct2024/PMTfied_filtered/Snowstorm/MuonLike/22012/[Receipt]22012_19.json
2025-02-15 12:56:49 - INFO - Filtering process completed.
Job completed at Sat Feb 15 12:56:49 PM CET 2025
