Starting job at Mon Feb 24 01:08:41 PM CET 2025
Running Filter_by_part.py for subdirectory 22012, part 7
2025-02-24 13:08:42 - INFO - Event filtering process starts...
2025-02-24 13:08:42 - INFO - Initialized PureNeutrinoEventFilter filter for 22012/7
2025-02-24 13:08:43 - INFO - Loaded 14 event specifier files from /lustre/hpc/project/icecube/HE_Nu_Aske_Oct2024/clean_events_dict/22012/22012/reduced
2025-02-24 13:08:43 - INFO - Selected 1 CSV files covering event range [3316, 3966]
2025-02-24 13:08:43 - INFO - Loaded 61727 valid (RunID, EventID) pairs from CSV files
2025-02-24 13:08:43 - INFO - Extracted 22537 valid events based on pure neutrino events.
2025-02-24 13:08:43 - INFO - Initialized Muon13Filter filter for 22012/7
2025-02-24 13:08:43 - INFO - Extracted 25985 valid events where MuonFilter_13==True.
2025-02-24 13:08:43 - INFO - Initialized CCFilter filter for 22012/7
2025-02-24 13:08:43 - INFO - Extracted 26759 valid events which are CC interactions.
2025-02-24 13:08:43 - INFO - Initialized CompositeEventFilter filter for 22012/7
2025-02-24 13:08:43 - INFO - Initialized (CC_CRclean_MuonLike)
2025-02-24 13:08:43 - INFO - Starting filtering process for 22012/7
2025-02-24 13:08:43 - INFO - Starting filtering process for 22012/7
2025-02-24 13:08:45 - INFO - Recalculated 'offset' column based on 'N_doms' values within each 'shard_no' group.
2025-02-24 13:08:45 - INFO - Filtered truth file saved to: /lustre/hpc/project/icecube/HE_Nu_Aske_Oct2024/PMTfied_filtered/Snowstorm/CC_CRclean_MuonLike/22012/truth_7.parquet
2025-02-24 13:08:46 - INFO - Filtered PMTfied file saved to: /lustre/hpc/project/icecube/HE_Nu_Aske_Oct2024/PMTfied_filtered/Snowstorm/CC_CRclean_MuonLike/22012/7/PMTfied_15.parquet
2025-02-24 13:08:47 - INFO - Filtered PMTfied file saved to: /lustre/hpc/project/icecube/HE_Nu_Aske_Oct2024/PMTfied_filtered/Snowstorm/CC_CRclean_MuonLike/22012/7/PMTfied_11.parquet
2025-02-24 13:08:49 - INFO - Filtered PMTfied file saved to: /lustre/hpc/project/icecube/HE_Nu_Aske_Oct2024/PMTfied_filtered/Snowstorm/CC_CRclean_MuonLike/22012/7/PMTfied_1.parquet
2025-02-24 13:08:50 - INFO - Filtered PMTfied file saved to: /lustre/hpc/project/icecube/HE_Nu_Aske_Oct2024/PMTfied_filtered/Snowstorm/CC_CRclean_MuonLike/22012/7/PMTfied_5.parquet
2025-02-24 13:08:51 - INFO - Filtered PMTfied file saved to: /lustre/hpc/project/icecube/HE_Nu_Aske_Oct2024/PMTfied_filtered/Snowstorm/CC_CRclean_MuonLike/22012/7/PMTfied_9.parquet
2025-02-24 13:08:53 - INFO - Filtered PMTfied file saved to: /lustre/hpc/project/icecube/HE_Nu_Aske_Oct2024/PMTfied_filtered/Snowstorm/CC_CRclean_MuonLike/22012/7/PMTfied_14.parquet
2025-02-24 13:08:54 - INFO - Filtered PMTfied file saved to: /lustre/hpc/project/icecube/HE_Nu_Aske_Oct2024/PMTfied_filtered/Snowstorm/CC_CRclean_MuonLike/22012/7/PMTfied_10.parquet
2025-02-24 13:08:56 - INFO - Filtered PMTfied file saved to: /lustre/hpc/project/icecube/HE_Nu_Aske_Oct2024/PMTfied_filtered/Snowstorm/CC_CRclean_MuonLike/22012/7/PMTfied_8.parquet
2025-02-24 13:08:57 - INFO - Filtered PMTfied file saved to: /lustre/hpc/project/icecube/HE_Nu_Aske_Oct2024/PMTfied_filtered/Snowstorm/CC_CRclean_MuonLike/22012/7/PMTfied_4.parquet
2025-02-24 13:08:58 - INFO - Filtered PMTfied file saved to: /lustre/hpc/project/icecube/HE_Nu_Aske_Oct2024/PMTfied_filtered/Snowstorm/CC_CRclean_MuonLike/22012/7/PMTfied_12.parquet
2025-02-24 13:09:00 - INFO - Filtered PMTfied file saved to: /lustre/hpc/project/icecube/HE_Nu_Aske_Oct2024/PMTfied_filtered/Snowstorm/CC_CRclean_MuonLike/22012/7/PMTfied_2.parquet
2025-02-24 13:09:01 - INFO - Filtered PMTfied file saved to: /lustre/hpc/project/icecube/HE_Nu_Aske_Oct2024/PMTfied_filtered/Snowstorm/CC_CRclean_MuonLike/22012/7/PMTfied_6.parquet
2025-02-24 13:09:03 - INFO - Filtered PMTfied file saved to: /lustre/hpc/project/icecube/HE_Nu_Aske_Oct2024/PMTfied_filtered/Snowstorm/CC_CRclean_MuonLike/22012/7/PMTfied_13.parquet
2025-02-24 13:09:04 - INFO - Filtered PMTfied file saved to: /lustre/hpc/project/icecube/HE_Nu_Aske_Oct2024/PMTfied_filtered/Snowstorm/CC_CRclean_MuonLike/22012/7/PMTfied_3.parquet
2025-02-24 13:09:06 - INFO - Filtered PMTfied file saved to: /lustre/hpc/project/icecube/HE_Nu_Aske_Oct2024/PMTfied_filtered/Snowstorm/CC_CRclean_MuonLike/22012/7/PMTfied_7.parquet
2025-02-24 13:09:06 - INFO - Filtering process completed.
2025-02-24 13:09:06 - INFO - Filtering process completed.
2025-02-24 13:09:06 - INFO - Unified receipt generated: /lustre/hpc/project/icecube/HE_Nu_Aske_Oct2024/PMTfied_filtered/Snowstorm/CC_CRclean_MuonLike/22012/[Receipt]22012_7.json
2025-02-24 13:09:06 - INFO - Filtering process completed.
Job completed at Mon Feb 24 01:09:06 PM CET 2025
