Starting job at Sat Feb 15 01:49:34 PM CET 2025
Running Filter_by_part.py for subdirectory 22012, part 25
2025-02-15 13:49:34 - INFO - Event filtering process starts...
2025-02-15 13:49:34 - INFO - Initialized PureNeutrinoEventFilter filter for 22012/25
2025-02-15 13:49:34 - INFO - Loaded 14 event specifier files from /lustre/hpc/project/icecube/HE_Nu_Aske_Oct2024/clean_events_dict/22012/22012/reduced
2025-02-15 13:49:34 - INFO - Selected 1 CSV files covering event range [13307, 13934]
2025-02-15 13:49:34 - INFO - Loaded 61529 valid (RunID, EventID) pairs from CSV files
2025-02-15 13:49:34 - INFO - Extracted 22481 valid events based on pure neutrino events.
2025-02-15 13:49:34 - INFO - Initialized Muon13Filter filter for 22012/25
2025-02-15 13:49:34 - INFO - Extracted 26040 valid events where MuonFilter_13==True.
2025-02-15 13:49:34 - INFO - Initialized CompositeEventFilter filter for 22012/25
2025-02-15 13:49:34 - INFO - Initialized (MuonLike_PureNu)
2025-02-15 13:49:34 - INFO - Starting filtering process for 22012/25
2025-02-15 13:49:34 - INFO - Starting filtering process for 22012/25
2025-02-15 13:49:35 - INFO - Recalculated 'offset' column based on filtered 'N_doms' values.
2025-02-15 13:49:35 - INFO - Filtered truth file saved to: /lustre/hpc/project/icecube/HE_Nu_Aske_Oct2024/PMTfied_filtered/Snowstorm/MuonLike_PureNu/22012/truth_25.parquet
2025-02-15 13:49:37 - INFO - Filtered PMTfied file saved to: /lustre/hpc/project/icecube/HE_Nu_Aske_Oct2024/PMTfied_filtered/Snowstorm/MuonLike_PureNu/22012/25/PMTfied_12.parquet
2025-02-15 13:49:38 - INFO - Filtered PMTfied file saved to: /lustre/hpc/project/icecube/HE_Nu_Aske_Oct2024/PMTfied_filtered/Snowstorm/MuonLike_PureNu/22012/25/PMTfied_6.parquet
2025-02-15 13:49:40 - INFO - Filtered PMTfied file saved to: /lustre/hpc/project/icecube/HE_Nu_Aske_Oct2024/PMTfied_filtered/Snowstorm/MuonLike_PureNu/22012/25/PMTfied_2.parquet
2025-02-15 13:49:41 - INFO - Filtered PMTfied file saved to: /lustre/hpc/project/icecube/HE_Nu_Aske_Oct2024/PMTfied_filtered/Snowstorm/MuonLike_PureNu/22012/25/PMTfied_7.parquet
2025-02-15 13:49:42 - INFO - Filtered PMTfied file saved to: /lustre/hpc/project/icecube/HE_Nu_Aske_Oct2024/PMTfied_filtered/Snowstorm/MuonLike_PureNu/22012/25/PMTfied_3.parquet
2025-02-15 13:49:44 - INFO - Filtered PMTfied file saved to: /lustre/hpc/project/icecube/HE_Nu_Aske_Oct2024/PMTfied_filtered/Snowstorm/MuonLike_PureNu/22012/25/PMTfied_13.parquet
2025-02-15 13:49:45 - INFO - Filtered PMTfied file saved to: /lustre/hpc/project/icecube/HE_Nu_Aske_Oct2024/PMTfied_filtered/Snowstorm/MuonLike_PureNu/22012/25/PMTfied_5.parquet
2025-02-15 13:49:46 - INFO - Filtered PMTfied file saved to: /lustre/hpc/project/icecube/HE_Nu_Aske_Oct2024/PMTfied_filtered/Snowstorm/MuonLike_PureNu/22012/25/PMTfied_1.parquet
2025-02-15 13:49:48 - INFO - Filtered PMTfied file saved to: /lustre/hpc/project/icecube/HE_Nu_Aske_Oct2024/PMTfied_filtered/Snowstorm/MuonLike_PureNu/22012/25/PMTfied_9.parquet
2025-02-15 13:49:49 - INFO - Filtered PMTfied file saved to: /lustre/hpc/project/icecube/HE_Nu_Aske_Oct2024/PMTfied_filtered/Snowstorm/MuonLike_PureNu/22012/25/PMTfied_11.parquet
2025-02-15 13:49:50 - INFO - Filtered PMTfied file saved to: /lustre/hpc/project/icecube/HE_Nu_Aske_Oct2024/PMTfied_filtered/Snowstorm/MuonLike_PureNu/22012/25/PMTfied_15.parquet
2025-02-15 13:49:51 - INFO - Filtered PMTfied file saved to: /lustre/hpc/project/icecube/HE_Nu_Aske_Oct2024/PMTfied_filtered/Snowstorm/MuonLike_PureNu/22012/25/PMTfied_10.parquet
2025-02-15 13:49:53 - INFO - Filtered PMTfied file saved to: /lustre/hpc/project/icecube/HE_Nu_Aske_Oct2024/PMTfied_filtered/Snowstorm/MuonLike_PureNu/22012/25/PMTfied_14.parquet
2025-02-15 13:49:54 - INFO - Filtered PMTfied file saved to: /lustre/hpc/project/icecube/HE_Nu_Aske_Oct2024/PMTfied_filtered/Snowstorm/MuonLike_PureNu/22012/25/PMTfied_8.parquet
2025-02-15 13:49:55 - INFO - Filtered PMTfied file saved to: /lustre/hpc/project/icecube/HE_Nu_Aske_Oct2024/PMTfied_filtered/Snowstorm/MuonLike_PureNu/22012/25/PMTfied_4.parquet
2025-02-15 13:49:55 - INFO - Filtering process completed.
2025-02-15 13:49:55 - INFO - Filtering process completed.
2025-02-15 13:49:56 - INFO - Unified receipt generated: /lustre/hpc/project/icecube/HE_Nu_Aske_Oct2024/PMTfied_filtered/Snowstorm/MuonLike_PureNu/22012/[Receipt]22012_25.json
2025-02-15 13:49:56 - INFO - Filtering process completed.
Job completed at Sat Feb 15 01:49:56 PM CET 2025
