Starting job at Mon Feb 24 01:52:19 PM CET 2025
Running Filter_by_part.py for subdirectory 22012, part 16
2025-02-24 13:52:19 - INFO - Event filtering process starts...
2025-02-24 13:52:19 - INFO - Initialized PureNeutrinoEventFilter filter for 22012/16
2025-02-24 13:52:20 - INFO - Loaded 14 event specifier files from /lustre/hpc/project/icecube/HE_Nu_Aske_Oct2024/clean_events_dict/22012/22012/reduced
2025-02-24 13:52:20 - INFO - Selected 1 CSV files covering event range [8304, 8949]
2025-02-24 13:52:20 - INFO - Loaded 61887 valid (RunID, EventID) pairs from CSV files
2025-02-24 13:52:20 - INFO - Extracted 22699 valid events based on pure neutrino events.
2025-02-24 13:52:20 - INFO - Initialized CCFilter filter for 22012/16
2025-02-24 13:52:20 - INFO - Extracted 27056 valid events which are CC interactions.
2025-02-24 13:52:20 - INFO - Initialized ContainmentFilter filter for 22012/16
2025-02-24 13:52:20 - INFO - Extracted 2387 valid events within the specified containment region.
2025-02-24 13:52:20 - INFO - Initialized CompositeEventFilter filter for 22012/16
2025-02-24 13:52:20 - INFO - Initialized (CC_CRclean_Contained)
2025-02-24 13:52:20 - INFO - Starting filtering process for 22012/16
2025-02-24 13:52:20 - INFO - Starting filtering process for 22012/16
2025-02-24 13:52:20 - INFO - Recalculated 'offset' column based on 'N_doms' values within each 'shard_no' group.
2025-02-24 13:52:20 - INFO - Filtered truth file saved to: /lustre/hpc/project/icecube/HE_Nu_Aske_Oct2024/PMTfied_filtered/Snowstorm/CC_CRclean_Contained/22012/truth_16.parquet
2025-02-24 13:52:21 - INFO - Filtered PMTfied file saved to: /lustre/hpc/project/icecube/HE_Nu_Aske_Oct2024/PMTfied_filtered/Snowstorm/CC_CRclean_Contained/22012/16/PMTfied_14.parquet
2025-02-24 13:52:22 - INFO - Filtered PMTfied file saved to: /lustre/hpc/project/icecube/HE_Nu_Aske_Oct2024/PMTfied_filtered/Snowstorm/CC_CRclean_Contained/22012/16/PMTfied_10.parquet
2025-02-24 13:52:23 - INFO - Filtered PMTfied file saved to: /lustre/hpc/project/icecube/HE_Nu_Aske_Oct2024/PMTfied_filtered/Snowstorm/CC_CRclean_Contained/22012/16/PMTfied_7.parquet
2025-02-24 13:52:25 - INFO - Filtered PMTfied file saved to: /lustre/hpc/project/icecube/HE_Nu_Aske_Oct2024/PMTfied_filtered/Snowstorm/CC_CRclean_Contained/22012/16/PMTfied_3.parquet
2025-02-24 13:52:26 - INFO - Filtered PMTfied file saved to: /lustre/hpc/project/icecube/HE_Nu_Aske_Oct2024/PMTfied_filtered/Snowstorm/CC_CRclean_Contained/22012/16/PMTfied_6.parquet
2025-02-24 13:52:27 - INFO - Filtered PMTfied file saved to: /lustre/hpc/project/icecube/HE_Nu_Aske_Oct2024/PMTfied_filtered/Snowstorm/CC_CRclean_Contained/22012/16/PMTfied_2.parquet
2025-02-24 13:52:28 - INFO - Filtered PMTfied file saved to: /lustre/hpc/project/icecube/HE_Nu_Aske_Oct2024/PMTfied_filtered/Snowstorm/CC_CRclean_Contained/22012/16/PMTfied_15.parquet
2025-02-24 13:52:29 - INFO - Filtered PMTfied file saved to: /lustre/hpc/project/icecube/HE_Nu_Aske_Oct2024/PMTfied_filtered/Snowstorm/CC_CRclean_Contained/22012/16/PMTfied_11.parquet
2025-02-24 13:52:30 - INFO - Filtered PMTfied file saved to: /lustre/hpc/project/icecube/HE_Nu_Aske_Oct2024/PMTfied_filtered/Snowstorm/CC_CRclean_Contained/22012/16/PMTfied_4.parquet
2025-02-24 13:52:31 - INFO - Filtered PMTfied file saved to: /lustre/hpc/project/icecube/HE_Nu_Aske_Oct2024/PMTfied_filtered/Snowstorm/CC_CRclean_Contained/22012/16/PMTfied_8.parquet
2025-02-24 13:52:32 - INFO - Filtered PMTfied file saved to: /lustre/hpc/project/icecube/HE_Nu_Aske_Oct2024/PMTfied_filtered/Snowstorm/CC_CRclean_Contained/22012/16/PMTfied_13.parquet
2025-02-24 13:52:33 - INFO - Filtered PMTfied file saved to: /lustre/hpc/project/icecube/HE_Nu_Aske_Oct2024/PMTfied_filtered/Snowstorm/CC_CRclean_Contained/22012/16/PMTfied_12.parquet
2025-02-24 13:52:34 - INFO - Filtered PMTfied file saved to: /lustre/hpc/project/icecube/HE_Nu_Aske_Oct2024/PMTfied_filtered/Snowstorm/CC_CRclean_Contained/22012/16/PMTfied_9.parquet
2025-02-24 13:52:35 - INFO - Filtered PMTfied file saved to: /lustre/hpc/project/icecube/HE_Nu_Aske_Oct2024/PMTfied_filtered/Snowstorm/CC_CRclean_Contained/22012/16/PMTfied_5.parquet
2025-02-24 13:52:36 - INFO - Filtered PMTfied file saved to: /lustre/hpc/project/icecube/HE_Nu_Aske_Oct2024/PMTfied_filtered/Snowstorm/CC_CRclean_Contained/22012/16/PMTfied_1.parquet
2025-02-24 13:52:36 - INFO - Filtering process completed.
2025-02-24 13:52:36 - INFO - Filtering process completed.
2025-02-24 13:52:36 - INFO - Unified receipt generated: /lustre/hpc/project/icecube/HE_Nu_Aske_Oct2024/PMTfied_filtered/Snowstorm/CC_CRclean_Contained/22012/[Receipt]22012_16.json
2025-02-24 13:52:36 - INFO - Filtering process completed.
Job completed at Mon Feb 24 01:52:36 PM CET 2025
