Starting job at Sat Feb 15 12:56:32 PM CET 2025
Running Filter_by_part.py for subdirectory 22012, part 25
2025-02-15 12:56:32 - INFO - Event filtering process starts...
2025-02-15 12:56:32 - INFO - Initialized Muon13Filter filter for 22012/25
2025-02-15 12:56:33 - INFO - Extracted 26040 valid events where MuonFilter_13==True.
2025-02-15 12:56:33 - INFO - Initialized CompositeEventFilter filter for 22012/25
2025-02-15 12:56:33 - INFO - Initialized (MuonLike)
2025-02-15 12:56:33 - INFO - Starting filtering process for 22012/25
2025-02-15 12:56:33 - INFO - Starting filtering process for 22012/25
2025-02-15 12:56:34 - INFO - Recalculated 'offset' column based on filtered 'N_doms' values.
2025-02-15 12:56:34 - INFO - Filtered truth file saved to: /lustre/hpc/project/icecube/HE_Nu_Aske_Oct2024/PMTfied_filtered/Snowstorm/MuonLike/22012/truth_25.parquet
2025-02-15 12:56:36 - INFO - Filtered PMTfied file saved to: /lustre/hpc/project/icecube/HE_Nu_Aske_Oct2024/PMTfied_filtered/Snowstorm/MuonLike/22012/25/PMTfied_12.parquet
2025-02-15 12:56:37 - INFO - Filtered PMTfied file saved to: /lustre/hpc/project/icecube/HE_Nu_Aske_Oct2024/PMTfied_filtered/Snowstorm/MuonLike/22012/25/PMTfied_6.parquet
2025-02-15 12:56:39 - INFO - Filtered PMTfied file saved to: /lustre/hpc/project/icecube/HE_Nu_Aske_Oct2024/PMTfied_filtered/Snowstorm/MuonLike/22012/25/PMTfied_2.parquet
2025-02-15 12:56:40 - INFO - Filtered PMTfied file saved to: /lustre/hpc/project/icecube/HE_Nu_Aske_Oct2024/PMTfied_filtered/Snowstorm/MuonLike/22012/25/PMTfied_7.parquet
2025-02-15 12:56:42 - INFO - Filtered PMTfied file saved to: /lustre/hpc/project/icecube/HE_Nu_Aske_Oct2024/PMTfied_filtered/Snowstorm/MuonLike/22012/25/PMTfied_3.parquet
2025-02-15 12:56:44 - INFO - Filtered PMTfied file saved to: /lustre/hpc/project/icecube/HE_Nu_Aske_Oct2024/PMTfied_filtered/Snowstorm/MuonLike/22012/25/PMTfied_13.parquet
2025-02-15 12:56:45 - INFO - Filtered PMTfied file saved to: /lustre/hpc/project/icecube/HE_Nu_Aske_Oct2024/PMTfied_filtered/Snowstorm/MuonLike/22012/25/PMTfied_5.parquet
2025-02-15 12:56:47 - INFO - Filtered PMTfied file saved to: /lustre/hpc/project/icecube/HE_Nu_Aske_Oct2024/PMTfied_filtered/Snowstorm/MuonLike/22012/25/PMTfied_1.parquet
2025-02-15 12:56:48 - INFO - Filtered PMTfied file saved to: /lustre/hpc/project/icecube/HE_Nu_Aske_Oct2024/PMTfied_filtered/Snowstorm/MuonLike/22012/25/PMTfied_9.parquet
2025-02-15 12:56:50 - INFO - Filtered PMTfied file saved to: /lustre/hpc/project/icecube/HE_Nu_Aske_Oct2024/PMTfied_filtered/Snowstorm/MuonLike/22012/25/PMTfied_11.parquet
2025-02-15 12:56:51 - INFO - Filtered PMTfied file saved to: /lustre/hpc/project/icecube/HE_Nu_Aske_Oct2024/PMTfied_filtered/Snowstorm/MuonLike/22012/25/PMTfied_15.parquet
2025-02-15 12:56:53 - INFO - Filtered PMTfied file saved to: /lustre/hpc/project/icecube/HE_Nu_Aske_Oct2024/PMTfied_filtered/Snowstorm/MuonLike/22012/25/PMTfied_10.parquet
2025-02-15 12:56:55 - INFO - Filtered PMTfied file saved to: /lustre/hpc/project/icecube/HE_Nu_Aske_Oct2024/PMTfied_filtered/Snowstorm/MuonLike/22012/25/PMTfied_14.parquet
2025-02-15 12:56:56 - INFO - Filtered PMTfied file saved to: /lustre/hpc/project/icecube/HE_Nu_Aske_Oct2024/PMTfied_filtered/Snowstorm/MuonLike/22012/25/PMTfied_8.parquet
2025-02-15 12:56:58 - INFO - Filtered PMTfied file saved to: /lustre/hpc/project/icecube/HE_Nu_Aske_Oct2024/PMTfied_filtered/Snowstorm/MuonLike/22012/25/PMTfied_4.parquet
2025-02-15 12:56:58 - INFO - Filtering process completed.
2025-02-15 12:56:58 - INFO - Filtering process completed.
2025-02-15 12:56:58 - INFO - Unified receipt generated: /lustre/hpc/project/icecube/HE_Nu_Aske_Oct2024/PMTfied_filtered/Snowstorm/MuonLike/22012/[Receipt]22012_25.json
2025-02-15 12:56:58 - INFO - Filtering process completed.
Job completed at Sat Feb 15 12:56:58 PM CET 2025
