Starting job at Sat Feb 15 12:11:03 PM CET 2025
Running Filter_by_part.py for subdirectory 22012, part 24
2025-02-15 12:11:04 - INFO - Event filtering process starts...
2025-02-15 12:11:04 - INFO - Initialized PureNeutrinoEventFilter filter for 22012/24
2025-02-15 12:11:04 - INFO - Loaded 14 event specifier files from /lustre/hpc/project/icecube/HE_Nu_Aske_Oct2024/clean_events_dict/22012/22012/reduced
2025-02-15 12:11:04 - INFO - Selected 2 CSV files covering event range [12786, 13357]
2025-02-15 12:11:04 - INFO - Loaded 122940 valid (RunID, EventID) pairs from CSV files
2025-02-15 12:11:04 - INFO - Extracted 22813 valid events based on pure neutrino events.
2025-02-15 12:11:04 - INFO - Initialized CompositeEventFilter filter for 22012/24
2025-02-15 12:11:04 - INFO - Initialized (PureNu)
2025-02-15 12:11:04 - INFO - Starting filtering process for 22012/24
2025-02-15 12:11:04 - INFO - Starting filtering process for 22012/24
2025-02-15 12:11:05 - INFO - Recalculated 'offset' column based on filtered 'N_doms' values.
2025-02-15 12:11:06 - INFO - Filtered truth file saved to: /lustre/hpc/project/icecube/HE_Nu_Aske_Oct2024/PMTfied_filtered/Snowstorm/PureNu/22012/truth_24.parquet
2025-02-15 12:11:07 - INFO - Filtered PMTfied file saved to: /lustre/hpc/project/icecube/HE_Nu_Aske_Oct2024/PMTfied_filtered/Snowstorm/PureNu/22012/24/PMTfied_12.parquet
2025-02-15 12:11:09 - INFO - Filtered PMTfied file saved to: /lustre/hpc/project/icecube/HE_Nu_Aske_Oct2024/PMTfied_filtered/Snowstorm/PureNu/22012/24/PMTfied_9.parquet
2025-02-15 12:11:10 - INFO - Filtered PMTfied file saved to: /lustre/hpc/project/icecube/HE_Nu_Aske_Oct2024/PMTfied_filtered/Snowstorm/PureNu/22012/24/PMTfied_1.parquet
2025-02-15 12:11:11 - INFO - Filtered PMTfied file saved to: /lustre/hpc/project/icecube/HE_Nu_Aske_Oct2024/PMTfied_filtered/Snowstorm/PureNu/22012/24/PMTfied_5.parquet
2025-02-15 12:11:13 - INFO - Filtered PMTfied file saved to: /lustre/hpc/project/icecube/HE_Nu_Aske_Oct2024/PMTfied_filtered/Snowstorm/PureNu/22012/24/PMTfied_13.parquet
2025-02-15 12:11:15 - INFO - Filtered PMTfied file saved to: /lustre/hpc/project/icecube/HE_Nu_Aske_Oct2024/PMTfied_filtered/Snowstorm/PureNu/22012/24/PMTfied_4.parquet
2025-02-15 12:11:16 - INFO - Filtered PMTfied file saved to: /lustre/hpc/project/icecube/HE_Nu_Aske_Oct2024/PMTfied_filtered/Snowstorm/PureNu/22012/24/PMTfied_8.parquet
2025-02-15 12:11:18 - INFO - Filtered PMTfied file saved to: /lustre/hpc/project/icecube/HE_Nu_Aske_Oct2024/PMTfied_filtered/Snowstorm/PureNu/22012/24/PMTfied_11.parquet
2025-02-15 12:11:19 - INFO - Filtered PMTfied file saved to: /lustre/hpc/project/icecube/HE_Nu_Aske_Oct2024/PMTfied_filtered/Snowstorm/PureNu/22012/24/PMTfied_15.parquet
2025-02-15 12:11:21 - INFO - Filtered PMTfied file saved to: /lustre/hpc/project/icecube/HE_Nu_Aske_Oct2024/PMTfied_filtered/Snowstorm/PureNu/22012/24/PMTfied_2.parquet
2025-02-15 12:11:22 - INFO - Filtered PMTfied file saved to: /lustre/hpc/project/icecube/HE_Nu_Aske_Oct2024/PMTfied_filtered/Snowstorm/PureNu/22012/24/PMTfied_6.parquet
2025-02-15 12:11:24 - INFO - Filtered PMTfied file saved to: /lustre/hpc/project/icecube/HE_Nu_Aske_Oct2024/PMTfied_filtered/Snowstorm/PureNu/22012/24/PMTfied_10.parquet
2025-02-15 12:11:25 - INFO - Filtered PMTfied file saved to: /lustre/hpc/project/icecube/HE_Nu_Aske_Oct2024/PMTfied_filtered/Snowstorm/PureNu/22012/24/PMTfied_14.parquet
2025-02-15 12:11:27 - INFO - Filtered PMTfied file saved to: /lustre/hpc/project/icecube/HE_Nu_Aske_Oct2024/PMTfied_filtered/Snowstorm/PureNu/22012/24/PMTfied_3.parquet
2025-02-15 12:11:29 - INFO - Filtered PMTfied file saved to: /lustre/hpc/project/icecube/HE_Nu_Aske_Oct2024/PMTfied_filtered/Snowstorm/PureNu/22012/24/PMTfied_7.parquet
2025-02-15 12:11:29 - INFO - Filtering process completed.
2025-02-15 12:11:29 - INFO - Filtering process completed.
2025-02-15 12:11:29 - INFO - Unified receipt generated: /lustre/hpc/project/icecube/HE_Nu_Aske_Oct2024/PMTfied_filtered/Snowstorm/PureNu/22012/[Receipt]22012_24.json
2025-02-15 12:11:29 - INFO - Filtering process completed.
Job completed at Sat Feb 15 12:11:29 PM CET 2025
