Starting job at Mon Feb 17 04:10:07 PM CET 2025
Running Filter_by_part.py for subdirectory 22012, part 24
2025-02-17 16:10:08 - INFO - Event filtering process starts...
2025-02-17 16:10:08 - INFO - Initialized Muon13Filter filter for 22012/24
2025-02-17 16:10:08 - INFO - Extracted 26343 valid events where MuonFilter_13==True.
2025-02-17 16:10:08 - INFO - Initialized CompositeEventFilter filter for 22012/24
2025-02-17 16:10:08 - INFO - Initialized (MuonLike)
2025-02-17 16:10:08 - INFO - Starting filtering process for 22012/24
2025-02-17 16:10:08 - INFO - Starting filtering process for 22012/24
2025-02-17 16:10:09 - INFO - Recalculated 'offset' column based on 'N_doms' values within each 'shard_no' group.
2025-02-17 16:10:09 - INFO - Filtered truth file saved to: /lustre/hpc/project/icecube/HE_Nu_Aske_Oct2024/PMTfied_filtered/Snowstorm/MuonLike/22012/truth_24.parquet
2025-02-17 16:10:11 - INFO - Filtered PMTfied file saved to: /lustre/hpc/project/icecube/HE_Nu_Aske_Oct2024/PMTfied_filtered/Snowstorm/MuonLike/22012/24/PMTfied_12.parquet
2025-02-17 16:10:13 - INFO - Filtered PMTfied file saved to: /lustre/hpc/project/icecube/HE_Nu_Aske_Oct2024/PMTfied_filtered/Snowstorm/MuonLike/22012/24/PMTfied_9.parquet
2025-02-17 16:10:14 - INFO - Filtered PMTfied file saved to: /lustre/hpc/project/icecube/HE_Nu_Aske_Oct2024/PMTfied_filtered/Snowstorm/MuonLike/22012/24/PMTfied_1.parquet
2025-02-17 16:10:16 - INFO - Filtered PMTfied file saved to: /lustre/hpc/project/icecube/HE_Nu_Aske_Oct2024/PMTfied_filtered/Snowstorm/MuonLike/22012/24/PMTfied_5.parquet
2025-02-17 16:10:18 - INFO - Filtered PMTfied file saved to: /lustre/hpc/project/icecube/HE_Nu_Aske_Oct2024/PMTfied_filtered/Snowstorm/MuonLike/22012/24/PMTfied_13.parquet
2025-02-17 16:10:19 - INFO - Filtered PMTfied file saved to: /lustre/hpc/project/icecube/HE_Nu_Aske_Oct2024/PMTfied_filtered/Snowstorm/MuonLike/22012/24/PMTfied_4.parquet
2025-02-17 16:10:21 - INFO - Filtered PMTfied file saved to: /lustre/hpc/project/icecube/HE_Nu_Aske_Oct2024/PMTfied_filtered/Snowstorm/MuonLike/22012/24/PMTfied_8.parquet
2025-02-17 16:10:22 - INFO - Filtered PMTfied file saved to: /lustre/hpc/project/icecube/HE_Nu_Aske_Oct2024/PMTfied_filtered/Snowstorm/MuonLike/22012/24/PMTfied_11.parquet
2025-02-17 16:10:23 - INFO - Filtered PMTfied file saved to: /lustre/hpc/project/icecube/HE_Nu_Aske_Oct2024/PMTfied_filtered/Snowstorm/MuonLike/22012/24/PMTfied_15.parquet
2025-02-17 16:10:25 - INFO - Filtered PMTfied file saved to: /lustre/hpc/project/icecube/HE_Nu_Aske_Oct2024/PMTfied_filtered/Snowstorm/MuonLike/22012/24/PMTfied_2.parquet
2025-02-17 16:10:27 - INFO - Filtered PMTfied file saved to: /lustre/hpc/project/icecube/HE_Nu_Aske_Oct2024/PMTfied_filtered/Snowstorm/MuonLike/22012/24/PMTfied_6.parquet
2025-02-17 16:10:28 - INFO - Filtered PMTfied file saved to: /lustre/hpc/project/icecube/HE_Nu_Aske_Oct2024/PMTfied_filtered/Snowstorm/MuonLike/22012/24/PMTfied_10.parquet
2025-02-17 16:10:30 - INFO - Filtered PMTfied file saved to: /lustre/hpc/project/icecube/HE_Nu_Aske_Oct2024/PMTfied_filtered/Snowstorm/MuonLike/22012/24/PMTfied_14.parquet
2025-02-17 16:10:32 - INFO - Filtered PMTfied file saved to: /lustre/hpc/project/icecube/HE_Nu_Aske_Oct2024/PMTfied_filtered/Snowstorm/MuonLike/22012/24/PMTfied_3.parquet
2025-02-17 16:10:33 - INFO - Filtered PMTfied file saved to: /lustre/hpc/project/icecube/HE_Nu_Aske_Oct2024/PMTfied_filtered/Snowstorm/MuonLike/22012/24/PMTfied_7.parquet
2025-02-17 16:10:33 - INFO - Filtering process completed.
2025-02-17 16:10:33 - INFO - Filtering process completed.
2025-02-17 16:10:33 - INFO - Unified receipt generated: /lustre/hpc/project/icecube/HE_Nu_Aske_Oct2024/PMTfied_filtered/Snowstorm/MuonLike/22012/[Receipt]22012_24.json
2025-02-17 16:10:33 - INFO - Filtering process completed.
Job completed at Mon Feb 17 04:10:33 PM CET 2025
