Starting job at Sat Feb 15 12:11:04 PM CET 2025
Running Filter_by_part.py for subdirectory 22012, part 25
2025-02-15 12:11:04 - INFO - Event filtering process starts...
2025-02-15 12:11:04 - INFO - Initialized PureNeutrinoEventFilter filter for 22012/25
2025-02-15 12:11:04 - INFO - Loaded 14 event specifier files from /lustre/hpc/project/icecube/HE_Nu_Aske_Oct2024/clean_events_dict/22012/22012/reduced
2025-02-15 12:11:05 - INFO - Selected 1 CSV files covering event range [13307, 13934]
2025-02-15 12:11:05 - INFO - Loaded 61529 valid (RunID, EventID) pairs from CSV files
2025-02-15 12:11:05 - INFO - Extracted 22481 valid events based on pure neutrino events.
2025-02-15 12:11:05 - INFO - Initialized CompositeEventFilter filter for 22012/25
2025-02-15 12:11:05 - INFO - Initialized (PureNu)
2025-02-15 12:11:05 - INFO - Starting filtering process for 22012/25
2025-02-15 12:11:05 - INFO - Starting filtering process for 22012/25
2025-02-15 12:11:06 - INFO - Recalculated 'offset' column based on filtered 'N_doms' values.
2025-02-15 12:11:06 - INFO - Filtered truth file saved to: /lustre/hpc/project/icecube/HE_Nu_Aske_Oct2024/PMTfied_filtered/Snowstorm/PureNu/22012/truth_25.parquet
2025-02-15 12:11:07 - INFO - Filtered PMTfied file saved to: /lustre/hpc/project/icecube/HE_Nu_Aske_Oct2024/PMTfied_filtered/Snowstorm/PureNu/22012/25/PMTfied_12.parquet
2025-02-15 12:11:09 - INFO - Filtered PMTfied file saved to: /lustre/hpc/project/icecube/HE_Nu_Aske_Oct2024/PMTfied_filtered/Snowstorm/PureNu/22012/25/PMTfied_6.parquet
2025-02-15 12:11:10 - INFO - Filtered PMTfied file saved to: /lustre/hpc/project/icecube/HE_Nu_Aske_Oct2024/PMTfied_filtered/Snowstorm/PureNu/22012/25/PMTfied_2.parquet
2025-02-15 12:11:12 - INFO - Filtered PMTfied file saved to: /lustre/hpc/project/icecube/HE_Nu_Aske_Oct2024/PMTfied_filtered/Snowstorm/PureNu/22012/25/PMTfied_7.parquet
2025-02-15 12:11:13 - INFO - Filtered PMTfied file saved to: /lustre/hpc/project/icecube/HE_Nu_Aske_Oct2024/PMTfied_filtered/Snowstorm/PureNu/22012/25/PMTfied_3.parquet
2025-02-15 12:11:15 - INFO - Filtered PMTfied file saved to: /lustre/hpc/project/icecube/HE_Nu_Aske_Oct2024/PMTfied_filtered/Snowstorm/PureNu/22012/25/PMTfied_13.parquet
2025-02-15 12:11:17 - INFO - Filtered PMTfied file saved to: /lustre/hpc/project/icecube/HE_Nu_Aske_Oct2024/PMTfied_filtered/Snowstorm/PureNu/22012/25/PMTfied_5.parquet
2025-02-15 12:11:18 - INFO - Filtered PMTfied file saved to: /lustre/hpc/project/icecube/HE_Nu_Aske_Oct2024/PMTfied_filtered/Snowstorm/PureNu/22012/25/PMTfied_1.parquet
2025-02-15 12:11:20 - INFO - Filtered PMTfied file saved to: /lustre/hpc/project/icecube/HE_Nu_Aske_Oct2024/PMTfied_filtered/Snowstorm/PureNu/22012/25/PMTfied_9.parquet
2025-02-15 12:11:21 - INFO - Filtered PMTfied file saved to: /lustre/hpc/project/icecube/HE_Nu_Aske_Oct2024/PMTfied_filtered/Snowstorm/PureNu/22012/25/PMTfied_11.parquet
2025-02-15 12:11:22 - INFO - Filtered PMTfied file saved to: /lustre/hpc/project/icecube/HE_Nu_Aske_Oct2024/PMTfied_filtered/Snowstorm/PureNu/22012/25/PMTfied_15.parquet
2025-02-15 12:11:24 - INFO - Filtered PMTfied file saved to: /lustre/hpc/project/icecube/HE_Nu_Aske_Oct2024/PMTfied_filtered/Snowstorm/PureNu/22012/25/PMTfied_10.parquet
2025-02-15 12:11:25 - INFO - Filtered PMTfied file saved to: /lustre/hpc/project/icecube/HE_Nu_Aske_Oct2024/PMTfied_filtered/Snowstorm/PureNu/22012/25/PMTfied_14.parquet
2025-02-15 12:11:27 - INFO - Filtered PMTfied file saved to: /lustre/hpc/project/icecube/HE_Nu_Aske_Oct2024/PMTfied_filtered/Snowstorm/PureNu/22012/25/PMTfied_8.parquet
2025-02-15 12:11:28 - INFO - Filtered PMTfied file saved to: /lustre/hpc/project/icecube/HE_Nu_Aske_Oct2024/PMTfied_filtered/Snowstorm/PureNu/22012/25/PMTfied_4.parquet
2025-02-15 12:11:28 - INFO - Filtering process completed.
2025-02-15 12:11:28 - INFO - Filtering process completed.
2025-02-15 12:11:28 - INFO - Unified receipt generated: /lustre/hpc/project/icecube/HE_Nu_Aske_Oct2024/PMTfied_filtered/Snowstorm/PureNu/22012/[Receipt]22012_25.json
2025-02-15 12:11:28 - INFO - Filtering process completed.
Job completed at Sat Feb 15 12:11:28 PM CET 2025
