Starting job at Mon Feb 17 03:58:23 PM CET 2025
Running Filter_by_part.py for subdirectory 22012, part 8
2025-02-17 15:58:24 - INFO - Event filtering process starts...
2025-02-17 15:58:24 - INFO - Initialized PureNeutrinoEventFilter filter for 22012/8
2025-02-17 15:58:24 - INFO - Loaded 14 event specifier files from /lustre/hpc/project/icecube/HE_Nu_Aske_Oct2024/clean_events_dict/22012/22012/reduced
2025-02-17 15:58:24 - INFO - Selected 2 CSV files covering event range [3879, 4540]
2025-02-17 15:58:25 - INFO - Loaded 123897 valid (RunID, EventID) pairs from CSV files
2025-02-17 15:58:25 - INFO - Extracted 22686 valid events based on pure neutrino events.
2025-02-17 15:58:25 - INFO - Initialized CompositeEventFilter filter for 22012/8
2025-02-17 15:58:25 - INFO - Initialized (PureNu)
2025-02-17 15:58:25 - INFO - Starting filtering process for 22012/8
2025-02-17 15:58:25 - INFO - Starting filtering process for 22012/8
2025-02-17 15:58:26 - INFO - Recalculated 'offset' column based on 'N_doms' values within each 'shard_no' group.
2025-02-17 15:58:26 - INFO - Filtered truth file saved to: /lustre/hpc/project/icecube/HE_Nu_Aske_Oct2024/PMTfied_filtered/Snowstorm/PureNu/22012/truth_8.parquet
2025-02-17 15:58:27 - INFO - Filtered PMTfied file saved to: /lustre/hpc/project/icecube/HE_Nu_Aske_Oct2024/PMTfied_filtered/Snowstorm/PureNu/22012/8/PMTfied_6.parquet
2025-02-17 15:58:29 - INFO - Filtered PMTfied file saved to: /lustre/hpc/project/icecube/HE_Nu_Aske_Oct2024/PMTfied_filtered/Snowstorm/PureNu/22012/8/PMTfied_2.parquet
2025-02-17 15:58:30 - INFO - Filtered PMTfied file saved to: /lustre/hpc/project/icecube/HE_Nu_Aske_Oct2024/PMTfied_filtered/Snowstorm/PureNu/22012/8/PMTfied_13.parquet
2025-02-17 15:58:31 - INFO - Filtered PMTfied file saved to: /lustre/hpc/project/icecube/HE_Nu_Aske_Oct2024/PMTfied_filtered/Snowstorm/PureNu/22012/8/PMTfied_7.parquet
2025-02-17 15:58:33 - INFO - Filtered PMTfied file saved to: /lustre/hpc/project/icecube/HE_Nu_Aske_Oct2024/PMTfied_filtered/Snowstorm/PureNu/22012/8/PMTfied_3.parquet
2025-02-17 15:58:34 - INFO - Filtered PMTfied file saved to: /lustre/hpc/project/icecube/HE_Nu_Aske_Oct2024/PMTfied_filtered/Snowstorm/PureNu/22012/8/PMTfied_12.parquet
2025-02-17 15:58:36 - INFO - Filtered PMTfied file saved to: /lustre/hpc/project/icecube/HE_Nu_Aske_Oct2024/PMTfied_filtered/Snowstorm/PureNu/22012/8/PMTfied_5.parquet
2025-02-17 15:58:37 - INFO - Filtered PMTfied file saved to: /lustre/hpc/project/icecube/HE_Nu_Aske_Oct2024/PMTfied_filtered/Snowstorm/PureNu/22012/8/PMTfied_1.parquet
2025-02-17 15:58:38 - INFO - Filtered PMTfied file saved to: /lustre/hpc/project/icecube/HE_Nu_Aske_Oct2024/PMTfied_filtered/Snowstorm/PureNu/22012/8/PMTfied_9.parquet
2025-02-17 15:58:40 - INFO - Filtered PMTfied file saved to: /lustre/hpc/project/icecube/HE_Nu_Aske_Oct2024/PMTfied_filtered/Snowstorm/PureNu/22012/8/PMTfied_10.parquet
2025-02-17 15:58:41 - INFO - Filtered PMTfied file saved to: /lustre/hpc/project/icecube/HE_Nu_Aske_Oct2024/PMTfied_filtered/Snowstorm/PureNu/22012/8/PMTfied_14.parquet
2025-02-17 15:58:42 - INFO - Filtered PMTfied file saved to: /lustre/hpc/project/icecube/HE_Nu_Aske_Oct2024/PMTfied_filtered/Snowstorm/PureNu/22012/8/PMTfied_8.parquet
2025-02-17 15:58:44 - INFO - Filtered PMTfied file saved to: /lustre/hpc/project/icecube/HE_Nu_Aske_Oct2024/PMTfied_filtered/Snowstorm/PureNu/22012/8/PMTfied_4.parquet
2025-02-17 15:58:45 - INFO - Filtered PMTfied file saved to: /lustre/hpc/project/icecube/HE_Nu_Aske_Oct2024/PMTfied_filtered/Snowstorm/PureNu/22012/8/PMTfied_11.parquet
2025-02-17 15:58:46 - INFO - Filtered PMTfied file saved to: /lustre/hpc/project/icecube/HE_Nu_Aske_Oct2024/PMTfied_filtered/Snowstorm/PureNu/22012/8/PMTfied_15.parquet
2025-02-17 15:58:46 - INFO - Filtering process completed.
2025-02-17 15:58:46 - INFO - Filtering process completed.
2025-02-17 15:58:46 - INFO - Unified receipt generated: /lustre/hpc/project/icecube/HE_Nu_Aske_Oct2024/PMTfied_filtered/Snowstorm/PureNu/22012/[Receipt]22012_8.json
2025-02-17 15:58:46 - INFO - Filtering process completed.
Job completed at Mon Feb 17 03:58:46 PM CET 2025
