Starting job at Thu Feb 13 05:09:15 PM CET 2025
Running Filter_by_part.py for subdirectory 22012, part 13
2025-02-13 17:09:16 - INFO - Event filtering process starts...
2025-02-13 17:09:16 - INFO - Initialized Muon13Filter
2025-02-13 17:09:16 - INFO - Starting filtering process for 22012/13
2025-02-13 17:09:17 - INFO - Recalculated 'offset' column based on filtered 'N_doms' values.
2025-02-13 17:09:18 - INFO - Filtered truth file saved to: /lustre/hpc/project/icecube/HE_Nu_Aske_Oct2024/PMTfied_filtered/MuonLike/Snowstorm/22012/truth_13.parquet
2025-02-13 17:09:18 - INFO - Receipt file saved to: /lustre/hpc/project/icecube/HE_Nu_Aske_Oct2024/PMTfied_filtered/MuonLike/Snowstorm/22012/[Receipt]22012_13.json
2025-02-13 17:09:19 - INFO - Filtered PMTfied file saved to: /lustre/hpc/project/icecube/HE_Nu_Aske_Oct2024/PMTfied_filtered/MuonLike/Snowstorm/22012/13/PMTfied_2.parquet
2025-02-13 17:09:21 - INFO - Filtered PMTfied file saved to: /lustre/hpc/project/icecube/HE_Nu_Aske_Oct2024/PMTfied_filtered/MuonLike/Snowstorm/22012/13/PMTfied_6.parquet
2025-02-13 17:09:23 - INFO - Filtered PMTfied file saved to: /lustre/hpc/project/icecube/HE_Nu_Aske_Oct2024/PMTfied_filtered/MuonLike/Snowstorm/22012/13/PMTfied_13.parquet
2025-02-13 17:09:24 - INFO - Filtered PMTfied file saved to: /lustre/hpc/project/icecube/HE_Nu_Aske_Oct2024/PMTfied_filtered/MuonLike/Snowstorm/22012/13/PMTfied_12.parquet
2025-02-13 17:09:26 - INFO - Filtered PMTfied file saved to: /lustre/hpc/project/icecube/HE_Nu_Aske_Oct2024/PMTfied_filtered/MuonLike/Snowstorm/22012/13/PMTfied_3.parquet
2025-02-13 17:09:27 - INFO - Filtered PMTfied file saved to: /lustre/hpc/project/icecube/HE_Nu_Aske_Oct2024/PMTfied_filtered/MuonLike/Snowstorm/22012/13/PMTfied_7.parquet
2025-02-13 17:09:29 - INFO - Filtered PMTfied file saved to: /lustre/hpc/project/icecube/HE_Nu_Aske_Oct2024/PMTfied_filtered/MuonLike/Snowstorm/22012/13/PMTfied_14.parquet
2025-02-13 17:09:31 - INFO - Filtered PMTfied file saved to: /lustre/hpc/project/icecube/HE_Nu_Aske_Oct2024/PMTfied_filtered/MuonLike/Snowstorm/22012/13/PMTfied_9.parquet
2025-02-13 17:09:32 - INFO - Filtered PMTfied file saved to: /lustre/hpc/project/icecube/HE_Nu_Aske_Oct2024/PMTfied_filtered/MuonLike/Snowstorm/22012/13/PMTfied_10.parquet
2025-02-13 17:09:34 - INFO - Filtered PMTfied file saved to: /lustre/hpc/project/icecube/HE_Nu_Aske_Oct2024/PMTfied_filtered/MuonLike/Snowstorm/22012/13/PMTfied_1.parquet
2025-02-13 17:09:35 - INFO - Filtered PMTfied file saved to: /lustre/hpc/project/icecube/HE_Nu_Aske_Oct2024/PMTfied_filtered/MuonLike/Snowstorm/22012/13/PMTfied_5.parquet
2025-02-13 17:09:37 - INFO - Filtered PMTfied file saved to: /lustre/hpc/project/icecube/HE_Nu_Aske_Oct2024/PMTfied_filtered/MuonLike/Snowstorm/22012/13/PMTfied_4.parquet
2025-02-13 17:09:38 - INFO - Filtered PMTfied file saved to: /lustre/hpc/project/icecube/HE_Nu_Aske_Oct2024/PMTfied_filtered/MuonLike/Snowstorm/22012/13/PMTfied_15.parquet
2025-02-13 17:09:40 - INFO - Filtered PMTfied file saved to: /lustre/hpc/project/icecube/HE_Nu_Aske_Oct2024/PMTfied_filtered/MuonLike/Snowstorm/22012/13/PMTfied_8.parquet
2025-02-13 17:09:41 - INFO - Filtered PMTfied file saved to: /lustre/hpc/project/icecube/HE_Nu_Aske_Oct2024/PMTfied_filtered/MuonLike/Snowstorm/22012/13/PMTfied_11.parquet
2025-02-13 17:09:41 - INFO - Filtering process completed.
2025-02-13 17:09:41 - INFO - Filtering process completed for all selected filters.
2025-02-13 17:09:41 - INFO - Execution time: 25.40 seconds
2025-02-13 17:09:41 - INFO - Updated receipt with execution time: /lustre/hpc/project/icecube/HE_Nu_Aske_Oct2024/PMTfied_filtered/MuonLike/Snowstorm/22012/[Receipt]22012_13.json
Job completed at Thu Feb 13 05:09:41 PM CET 2025
