Starting job at Sat Feb 15 12:55:33 PM CET 2025
Running Filter_by_part.py for subdirectory 22012, part 10
2025-02-15 12:55:33 - INFO - Event filtering process starts...
2025-02-15 12:55:33 - INFO - Initialized Muon13Filter filter for 22012/10
2025-02-15 12:55:33 - INFO - Extracted 26187 valid events where MuonFilter_13==True.
2025-02-15 12:55:33 - INFO - Initialized CompositeEventFilter filter for 22012/10
2025-02-15 12:55:33 - INFO - Initialized (MuonLike)
2025-02-15 12:55:33 - INFO - Starting filtering process for 22012/10
2025-02-15 12:55:33 - INFO - Starting filtering process for 22012/10
2025-02-15 12:55:34 - INFO - Recalculated 'offset' column based on filtered 'N_doms' values.
2025-02-15 12:55:35 - INFO - Filtered truth file saved to: /lustre/hpc/project/icecube/HE_Nu_Aske_Oct2024/PMTfied_filtered/Snowstorm/MuonLike/22012/truth_10.parquet
2025-02-15 12:55:36 - INFO - Filtered PMTfied file saved to: /lustre/hpc/project/icecube/HE_Nu_Aske_Oct2024/PMTfied_filtered/Snowstorm/MuonLike/22012/10/PMTfied_5.parquet
2025-02-15 12:55:38 - INFO - Filtered PMTfied file saved to: /lustre/hpc/project/icecube/HE_Nu_Aske_Oct2024/PMTfied_filtered/Snowstorm/MuonLike/22012/10/PMTfied_1.parquet
2025-02-15 12:55:39 - INFO - Filtered PMTfied file saved to: /lustre/hpc/project/icecube/HE_Nu_Aske_Oct2024/PMTfied_filtered/Snowstorm/MuonLike/22012/10/PMTfied_9.parquet
2025-02-15 12:55:41 - INFO - Filtered PMTfied file saved to: /lustre/hpc/project/icecube/HE_Nu_Aske_Oct2024/PMTfied_filtered/Snowstorm/MuonLike/22012/10/PMTfied_10.parquet
2025-02-15 12:55:43 - INFO - Filtered PMTfied file saved to: /lustre/hpc/project/icecube/HE_Nu_Aske_Oct2024/PMTfied_filtered/Snowstorm/MuonLike/22012/10/PMTfied_14.parquet
2025-02-15 12:55:45 - INFO - Filtered PMTfied file saved to: /lustre/hpc/project/icecube/HE_Nu_Aske_Oct2024/PMTfied_filtered/Snowstorm/MuonLike/22012/10/PMTfied_8.parquet
2025-02-15 12:55:46 - INFO - Filtered PMTfied file saved to: /lustre/hpc/project/icecube/HE_Nu_Aske_Oct2024/PMTfied_filtered/Snowstorm/MuonLike/22012/10/PMTfied_4.parquet
2025-02-15 12:55:48 - INFO - Filtered PMTfied file saved to: /lustre/hpc/project/icecube/HE_Nu_Aske_Oct2024/PMTfied_filtered/Snowstorm/MuonLike/22012/10/PMTfied_11.parquet
2025-02-15 12:55:49 - INFO - Filtered PMTfied file saved to: /lustre/hpc/project/icecube/HE_Nu_Aske_Oct2024/PMTfied_filtered/Snowstorm/MuonLike/22012/10/PMTfied_15.parquet
2025-02-15 12:55:51 - INFO - Filtered PMTfied file saved to: /lustre/hpc/project/icecube/HE_Nu_Aske_Oct2024/PMTfied_filtered/Snowstorm/MuonLike/22012/10/PMTfied_6.parquet
2025-02-15 12:55:53 - INFO - Filtered PMTfied file saved to: /lustre/hpc/project/icecube/HE_Nu_Aske_Oct2024/PMTfied_filtered/Snowstorm/MuonLike/22012/10/PMTfied_2.parquet
2025-02-15 12:55:55 - INFO - Filtered PMTfied file saved to: /lustre/hpc/project/icecube/HE_Nu_Aske_Oct2024/PMTfied_filtered/Snowstorm/MuonLike/22012/10/PMTfied_13.parquet
2025-02-15 12:55:56 - INFO - Filtered PMTfied file saved to: /lustre/hpc/project/icecube/HE_Nu_Aske_Oct2024/PMTfied_filtered/Snowstorm/MuonLike/22012/10/PMTfied_7.parquet
2025-02-15 12:55:58 - INFO - Filtered PMTfied file saved to: /lustre/hpc/project/icecube/HE_Nu_Aske_Oct2024/PMTfied_filtered/Snowstorm/MuonLike/22012/10/PMTfied_3.parquet
2025-02-15 12:56:00 - INFO - Filtered PMTfied file saved to: /lustre/hpc/project/icecube/HE_Nu_Aske_Oct2024/PMTfied_filtered/Snowstorm/MuonLike/22012/10/PMTfied_12.parquet
2025-02-15 12:56:00 - INFO - Filtering process completed.
2025-02-15 12:56:00 - INFO - Filtering process completed.
2025-02-15 12:56:00 - INFO - Unified receipt generated: /lustre/hpc/project/icecube/HE_Nu_Aske_Oct2024/PMTfied_filtered/Snowstorm/MuonLike/22012/[Receipt]22012_10.json
2025-02-15 12:56:00 - INFO - Filtering process completed.
Job completed at Sat Feb 15 12:56:00 PM CET 2025
