Starting job at Thu Feb 13 05:08:48 PM CET 2025
Running Filter_by_part.py for subdirectory 22012, part 8
2025-02-13 17:08:49 - INFO - Event filtering process starts...
2025-02-13 17:08:49 - INFO - Initialized Muon13Filter
2025-02-13 17:08:49 - INFO - Starting filtering process for 22012/8
2025-02-13 17:08:50 - INFO - Recalculated 'offset' column based on filtered 'N_doms' values.
2025-02-13 17:08:51 - INFO - Filtered truth file saved to: /lustre/hpc/project/icecube/HE_Nu_Aske_Oct2024/PMTfied_filtered/MuonLike/Snowstorm/22012/truth_8.parquet
2025-02-13 17:08:51 - INFO - Receipt file saved to: /lustre/hpc/project/icecube/HE_Nu_Aske_Oct2024/PMTfied_filtered/MuonLike/Snowstorm/22012/[Receipt]22012_8.json
2025-02-13 17:08:52 - INFO - Filtered PMTfied file saved to: /lustre/hpc/project/icecube/HE_Nu_Aske_Oct2024/PMTfied_filtered/MuonLike/Snowstorm/22012/8/PMTfied_6.parquet
2025-02-13 17:08:54 - INFO - Filtered PMTfied file saved to: /lustre/hpc/project/icecube/HE_Nu_Aske_Oct2024/PMTfied_filtered/MuonLike/Snowstorm/22012/8/PMTfied_2.parquet
2025-02-13 17:08:55 - INFO - Filtered PMTfied file saved to: /lustre/hpc/project/icecube/HE_Nu_Aske_Oct2024/PMTfied_filtered/MuonLike/Snowstorm/22012/8/PMTfied_13.parquet
2025-02-13 17:08:57 - INFO - Filtered PMTfied file saved to: /lustre/hpc/project/icecube/HE_Nu_Aske_Oct2024/PMTfied_filtered/MuonLike/Snowstorm/22012/8/PMTfied_7.parquet
2025-02-13 17:08:59 - INFO - Filtered PMTfied file saved to: /lustre/hpc/project/icecube/HE_Nu_Aske_Oct2024/PMTfied_filtered/MuonLike/Snowstorm/22012/8/PMTfied_3.parquet
2025-02-13 17:09:00 - INFO - Filtered PMTfied file saved to: /lustre/hpc/project/icecube/HE_Nu_Aske_Oct2024/PMTfied_filtered/MuonLike/Snowstorm/22012/8/PMTfied_12.parquet
2025-02-13 17:09:02 - INFO - Filtered PMTfied file saved to: /lustre/hpc/project/icecube/HE_Nu_Aske_Oct2024/PMTfied_filtered/MuonLike/Snowstorm/22012/8/PMTfied_5.parquet
2025-02-13 17:09:03 - INFO - Filtered PMTfied file saved to: /lustre/hpc/project/icecube/HE_Nu_Aske_Oct2024/PMTfied_filtered/MuonLike/Snowstorm/22012/8/PMTfied_1.parquet
2025-02-13 17:09:05 - INFO - Filtered PMTfied file saved to: /lustre/hpc/project/icecube/HE_Nu_Aske_Oct2024/PMTfied_filtered/MuonLike/Snowstorm/22012/8/PMTfied_9.parquet
2025-02-13 17:09:06 - INFO - Filtered PMTfied file saved to: /lustre/hpc/project/icecube/HE_Nu_Aske_Oct2024/PMTfied_filtered/MuonLike/Snowstorm/22012/8/PMTfied_10.parquet
2025-02-13 17:09:08 - INFO - Filtered PMTfied file saved to: /lustre/hpc/project/icecube/HE_Nu_Aske_Oct2024/PMTfied_filtered/MuonLike/Snowstorm/22012/8/PMTfied_14.parquet
2025-02-13 17:09:10 - INFO - Filtered PMTfied file saved to: /lustre/hpc/project/icecube/HE_Nu_Aske_Oct2024/PMTfied_filtered/MuonLike/Snowstorm/22012/8/PMTfied_8.parquet
2025-02-13 17:09:11 - INFO - Filtered PMTfied file saved to: /lustre/hpc/project/icecube/HE_Nu_Aske_Oct2024/PMTfied_filtered/MuonLike/Snowstorm/22012/8/PMTfied_4.parquet
2025-02-13 17:09:13 - INFO - Filtered PMTfied file saved to: /lustre/hpc/project/icecube/HE_Nu_Aske_Oct2024/PMTfied_filtered/MuonLike/Snowstorm/22012/8/PMTfied_11.parquet
2025-02-13 17:09:14 - INFO - Filtered PMTfied file saved to: /lustre/hpc/project/icecube/HE_Nu_Aske_Oct2024/PMTfied_filtered/MuonLike/Snowstorm/22012/8/PMTfied_15.parquet
2025-02-13 17:09:14 - INFO - Filtering process completed.
2025-02-13 17:09:14 - INFO - Filtering process completed for all selected filters.
2025-02-13 17:09:14 - INFO - Execution time: 25.22 seconds
2025-02-13 17:09:14 - INFO - Updated receipt with execution time: /lustre/hpc/project/icecube/HE_Nu_Aske_Oct2024/PMTfied_filtered/MuonLike/Snowstorm/22012/[Receipt]22012_8.json
Job completed at Thu Feb 13 05:09:14 PM CET 2025
