Starting job at Sat Feb 15 01:49:35 PM CET 2025
Running Filter_by_part.py for subdirectory 22012, part 26
2025-02-15 13:49:35 - INFO - Event filtering process starts...
2025-02-15 13:49:35 - INFO - Initialized PureNeutrinoEventFilter filter for 22012/26
2025-02-15 13:49:35 - INFO - Loaded 14 event specifier files from /lustre/hpc/project/icecube/HE_Nu_Aske_Oct2024/clean_events_dict/22012/22012/reduced
2025-02-15 13:49:35 - INFO - Selected 1 CSV files covering event range [13875, 14507]
2025-02-15 13:49:36 - INFO - Loaded 61529 valid (RunID, EventID) pairs from CSV files
2025-02-15 13:49:36 - INFO - Extracted 3683 valid events based on pure neutrino events.
2025-02-15 13:49:36 - INFO - Initialized Muon13Filter filter for 22012/26
2025-02-15 13:49:36 - INFO - Extracted 26349 valid events where MuonFilter_13==True.
2025-02-15 13:49:36 - INFO - Initialized CompositeEventFilter filter for 22012/26
2025-02-15 13:49:36 - INFO - Initialized (MuonLike_PureNu)
2025-02-15 13:49:36 - INFO - Starting filtering process for 22012/26
2025-02-15 13:49:36 - INFO - Starting filtering process for 22012/26
2025-02-15 13:49:36 - INFO - Recalculated 'offset' column based on filtered 'N_doms' values.
2025-02-15 13:49:36 - INFO - Filtered truth file saved to: /lustre/hpc/project/icecube/HE_Nu_Aske_Oct2024/PMTfied_filtered/Snowstorm/MuonLike_PureNu/22012/truth_26.parquet
2025-02-15 13:49:36 - WARNING - Skipping PMTfied_7.parquet: No valid events found in PMTfied file.
2025-02-15 13:49:38 - INFO - Filtered PMTfied file saved to: /lustre/hpc/project/icecube/HE_Nu_Aske_Oct2024/PMTfied_filtered/Snowstorm/MuonLike_PureNu/22012/26/PMTfied_3.parquet
2025-02-15 13:49:38 - WARNING - Skipping PMTfied_15.parquet: No valid events found in PMTfied file.
2025-02-15 13:49:39 - WARNING - Skipping PMTfied_11.parquet: No valid events found in PMTfied file.
2025-02-15 13:49:40 - WARNING - Skipping PMTfied_6.parquet: No valid events found in PMTfied file.
2025-02-15 13:49:41 - INFO - Filtered PMTfied file saved to: /lustre/hpc/project/icecube/HE_Nu_Aske_Oct2024/PMTfied_filtered/Snowstorm/MuonLike_PureNu/22012/26/PMTfied_2.parquet
2025-02-15 13:49:43 - WARNING - Skipping PMTfied_14.parquet: No valid events found in PMTfied file.
2025-02-15 13:49:44 - WARNING - Skipping PMTfied_10.parquet: No valid events found in PMTfied file.
2025-02-15 13:49:45 - WARNING - Skipping PMTfied_8.parquet: No valid events found in PMTfied file.
2025-02-15 13:49:45 - INFO - Filtered PMTfied file saved to: /lustre/hpc/project/icecube/HE_Nu_Aske_Oct2024/PMTfied_filtered/Snowstorm/MuonLike_PureNu/22012/26/PMTfied_4.parquet
2025-02-15 13:49:46 - WARNING - Skipping PMTfied_12.parquet: No valid events found in PMTfied file.
2025-02-15 13:49:47 - WARNING - Skipping PMTfied_5.parquet: No valid events found in PMTfied file.
2025-02-15 13:49:48 - INFO - Filtered PMTfied file saved to: /lustre/hpc/project/icecube/HE_Nu_Aske_Oct2024/PMTfied_filtered/Snowstorm/MuonLike_PureNu/22012/26/PMTfied_1.parquet
2025-02-15 13:49:49 - WARNING - Skipping PMTfied_9.parquet: No valid events found in PMTfied file.
2025-02-15 13:49:50 - WARNING - Skipping PMTfied_13.parquet: No valid events found in PMTfied file.
2025-02-15 13:49:50 - INFO - Filtering process completed.
2025-02-15 13:49:50 - INFO - Filtering process completed.
2025-02-15 13:49:50 - INFO - Unified receipt generated: /lustre/hpc/project/icecube/HE_Nu_Aske_Oct2024/PMTfied_filtered/Snowstorm/MuonLike_PureNu/22012/[Receipt]22012_26.json
2025-02-15 13:49:50 - INFO - Filtering process completed.
Job completed at Sat Feb 15 01:49:50 PM CET 2025
