Starting job at Thu Feb 13 05:55:55 PM CET 2025
Running Filter_by_part.py for subdirectory 22012, part 22
2025-02-13 17:55:55 - INFO - Event filtering process starts...
2025-02-13 17:55:55 - INFO - Initialized PureNeutrinoEventFilter
2025-02-13 17:55:55 - INFO - Starting filtering process for 22012/22
2025-02-13 17:55:56 - INFO - Loaded 14 event specifier files from /lustre/hpc/project/icecube/HE_Nu_Aske_Oct2024/clean_events_dict/22012/22012/reduced
2025-02-13 17:55:56 - INFO - Selected 2 CSV files covering event range [11654, 12304]
2025-02-13 17:55:56 - INFO - Loaded 123183 valid (RunID, EventID) pairs from CSV files
2025-02-13 17:55:57 - INFO - Recalculated 'offset' column based on filtered 'N_doms' values.
2025-02-13 17:55:57 - INFO - Filtered truth file saved to: /lustre/hpc/project/icecube/HE_Nu_Aske_Oct2024/PMTfied_filtered/PureNu/Snowstorm/22012/truth_22.parquet
2025-02-13 17:55:57 - INFO - Receipt file saved to: /lustre/hpc/project/icecube/HE_Nu_Aske_Oct2024/PMTfied_filtered/PureNu/Snowstorm/22012/[Receipt]22012_22.json
2025-02-13 17:55:58 - INFO - Filtered PMTfied file saved to: /lustre/hpc/project/icecube/HE_Nu_Aske_Oct2024/PMTfied_filtered/PureNu/Snowstorm/22012/22/PMTfied_15.parquet
2025-02-13 17:56:02 - INFO - Filtered PMTfied file saved to: /lustre/hpc/project/icecube/HE_Nu_Aske_Oct2024/PMTfied_filtered/PureNu/Snowstorm/22012/22/PMTfied_11.parquet
2025-02-13 17:56:03 - INFO - Filtered PMTfied file saved to: /lustre/hpc/project/icecube/HE_Nu_Aske_Oct2024/PMTfied_filtered/PureNu/Snowstorm/22012/22/PMTfied_7.parquet
2025-02-13 17:56:05 - INFO - Filtered PMTfied file saved to: /lustre/hpc/project/icecube/HE_Nu_Aske_Oct2024/PMTfied_filtered/PureNu/Snowstorm/22012/22/PMTfied_3.parquet
2025-02-13 17:56:06 - INFO - Filtered PMTfied file saved to: /lustre/hpc/project/icecube/HE_Nu_Aske_Oct2024/PMTfied_filtered/PureNu/Snowstorm/22012/22/PMTfied_6.parquet
2025-02-13 17:56:08 - INFO - Filtered PMTfied file saved to: /lustre/hpc/project/icecube/HE_Nu_Aske_Oct2024/PMTfied_filtered/PureNu/Snowstorm/22012/22/PMTfied_2.parquet
2025-02-13 17:56:09 - INFO - Filtered PMTfied file saved to: /lustre/hpc/project/icecube/HE_Nu_Aske_Oct2024/PMTfied_filtered/PureNu/Snowstorm/22012/22/PMTfied_14.parquet
2025-02-13 17:56:11 - INFO - Filtered PMTfied file saved to: /lustre/hpc/project/icecube/HE_Nu_Aske_Oct2024/PMTfied_filtered/PureNu/Snowstorm/22012/22/PMTfied_10.parquet
2025-02-13 17:56:12 - INFO - Filtered PMTfied file saved to: /lustre/hpc/project/icecube/HE_Nu_Aske_Oct2024/PMTfied_filtered/PureNu/Snowstorm/22012/22/PMTfied_8.parquet
2025-02-13 17:56:14 - INFO - Filtered PMTfied file saved to: /lustre/hpc/project/icecube/HE_Nu_Aske_Oct2024/PMTfied_filtered/PureNu/Snowstorm/22012/22/PMTfied_4.parquet
2025-02-13 17:56:15 - INFO - Filtered PMTfied file saved to: /lustre/hpc/project/icecube/HE_Nu_Aske_Oct2024/PMTfied_filtered/PureNu/Snowstorm/22012/22/PMTfied_12.parquet
2025-02-13 17:56:16 - INFO - Filtered PMTfied file saved to: /lustre/hpc/project/icecube/HE_Nu_Aske_Oct2024/PMTfied_filtered/PureNu/Snowstorm/22012/22/PMTfied_13.parquet
2025-02-13 17:56:18 - INFO - Filtered PMTfied file saved to: /lustre/hpc/project/icecube/HE_Nu_Aske_Oct2024/PMTfied_filtered/PureNu/Snowstorm/22012/22/PMTfied_5.parquet
2025-02-13 17:56:19 - INFO - Filtered PMTfied file saved to: /lustre/hpc/project/icecube/HE_Nu_Aske_Oct2024/PMTfied_filtered/PureNu/Snowstorm/22012/22/PMTfied_1.parquet
2025-02-13 17:56:21 - INFO - Filtered PMTfied file saved to: /lustre/hpc/project/icecube/HE_Nu_Aske_Oct2024/PMTfied_filtered/PureNu/Snowstorm/22012/22/PMTfied_9.parquet
2025-02-13 17:56:21 - INFO - Filtering process completed.
2025-02-13 17:56:21 - INFO - Filtering process completed for all selected filters.
2025-02-13 17:56:21 - INFO - Execution time: 25.38 seconds
2025-02-13 17:56:21 - INFO - Updated receipt with execution time: /lustre/hpc/project/icecube/HE_Nu_Aske_Oct2024/PMTfied_filtered/PureNu/Snowstorm/22012/[Receipt]22012_22.json
Job completed at Thu Feb 13 05:56:21 PM CET 2025
