Starting job at Mon Feb 17 04:16:28 PM CET 2025
Running Filter_by_part.py for subdirectory 22012, part 2
2025-02-17 16:16:29 - INFO - Event filtering process starts...
2025-02-17 16:16:29 - INFO - Initialized PureNeutrinoEventFilter filter for 22012/2
2025-02-17 16:16:29 - INFO - Loaded 14 event specifier files from /lustre/hpc/project/icecube/HE_Nu_Aske_Oct2024/clean_events_dict/22012/22012/reduced
2025-02-17 16:16:29 - INFO - Selected 2 CSV files covering event range [559, 1188]
2025-02-17 16:16:29 - INFO - Loaded 124584 valid (RunID, EventID) pairs from CSV files
2025-02-17 16:16:29 - INFO - Extracted 22417 valid events based on pure neutrino events.
2025-02-17 16:16:29 - INFO - Initialized Muon13Filter filter for 22012/2
2025-02-17 16:16:29 - INFO - Extracted 26203 valid events where MuonFilter_13==True.
2025-02-17 16:16:29 - INFO - Initialized CompositeEventFilter filter for 22012/2
2025-02-17 16:16:29 - INFO - Initialized (MuonLike_PureNu)
2025-02-17 16:16:29 - INFO - Starting filtering process for 22012/2
2025-02-17 16:16:29 - INFO - Starting filtering process for 22012/2
2025-02-17 16:16:29 - INFO - Recalculated 'offset' column based on 'N_doms' values within each 'shard_no' group.
2025-02-17 16:16:29 - INFO - Filtered truth file saved to: /lustre/hpc/project/icecube/HE_Nu_Aske_Oct2024/PMTfied_filtered/Snowstorm/MuonLike_PureNu/22012/truth_2.parquet
2025-02-17 16:16:30 - INFO - Filtered PMTfied file saved to: /lustre/hpc/project/icecube/HE_Nu_Aske_Oct2024/PMTfied_filtered/Snowstorm/MuonLike_PureNu/22012/2/PMTfied_12.parquet
2025-02-17 16:16:31 - INFO - Filtered PMTfied file saved to: /lustre/hpc/project/icecube/HE_Nu_Aske_Oct2024/PMTfied_filtered/Snowstorm/MuonLike_PureNu/22012/2/PMTfied_3.parquet
2025-02-17 16:16:32 - INFO - Filtered PMTfied file saved to: /lustre/hpc/project/icecube/HE_Nu_Aske_Oct2024/PMTfied_filtered/Snowstorm/MuonLike_PureNu/22012/2/PMTfied_7.parquet
2025-02-17 16:16:32 - INFO - Filtered PMTfied file saved to: /lustre/hpc/project/icecube/HE_Nu_Aske_Oct2024/PMTfied_filtered/Snowstorm/MuonLike_PureNu/22012/2/PMTfied_13.parquet
2025-02-17 16:16:33 - INFO - Filtered PMTfied file saved to: /lustre/hpc/project/icecube/HE_Nu_Aske_Oct2024/PMTfied_filtered/Snowstorm/MuonLike_PureNu/22012/2/PMTfied_2.parquet
2025-02-17 16:16:34 - INFO - Filtered PMTfied file saved to: /lustre/hpc/project/icecube/HE_Nu_Aske_Oct2024/PMTfied_filtered/Snowstorm/MuonLike_PureNu/22012/2/PMTfied_6.parquet
2025-02-17 16:16:34 - INFO - Filtered PMTfied file saved to: /lustre/hpc/project/icecube/HE_Nu_Aske_Oct2024/PMTfied_filtered/Snowstorm/MuonLike_PureNu/22012/2/PMTfied_11.parquet
2025-02-17 16:16:35 - INFO - Filtered PMTfied file saved to: /lustre/hpc/project/icecube/HE_Nu_Aske_Oct2024/PMTfied_filtered/Snowstorm/MuonLike_PureNu/22012/2/PMTfied_15.parquet
2025-02-17 16:16:36 - INFO - Filtered PMTfied file saved to: /lustre/hpc/project/icecube/HE_Nu_Aske_Oct2024/PMTfied_filtered/Snowstorm/MuonLike_PureNu/22012/2/PMTfied_4.parquet
2025-02-17 16:16:36 - INFO - Filtered PMTfied file saved to: /lustre/hpc/project/icecube/HE_Nu_Aske_Oct2024/PMTfied_filtered/Snowstorm/MuonLike_PureNu/22012/2/PMTfied_8.parquet
2025-02-17 16:16:37 - INFO - Filtered PMTfied file saved to: /lustre/hpc/project/icecube/HE_Nu_Aske_Oct2024/PMTfied_filtered/Snowstorm/MuonLike_PureNu/22012/2/PMTfied_10.parquet
2025-02-17 16:16:38 - INFO - Filtered PMTfied file saved to: /lustre/hpc/project/icecube/HE_Nu_Aske_Oct2024/PMTfied_filtered/Snowstorm/MuonLike_PureNu/22012/2/PMTfied_14.parquet
2025-02-17 16:16:38 - INFO - Filtered PMTfied file saved to: /lustre/hpc/project/icecube/HE_Nu_Aske_Oct2024/PMTfied_filtered/Snowstorm/MuonLike_PureNu/22012/2/PMTfied_9.parquet
2025-02-17 16:16:39 - INFO - Filtered PMTfied file saved to: /lustre/hpc/project/icecube/HE_Nu_Aske_Oct2024/PMTfied_filtered/Snowstorm/MuonLike_PureNu/22012/2/PMTfied_1.parquet
2025-02-17 16:16:40 - INFO - Filtered PMTfied file saved to: /lustre/hpc/project/icecube/HE_Nu_Aske_Oct2024/PMTfied_filtered/Snowstorm/MuonLike_PureNu/22012/2/PMTfied_5.parquet
2025-02-17 16:16:40 - INFO - Filtering process completed.
2025-02-17 16:16:40 - INFO - Filtering process completed.
2025-02-17 16:16:40 - INFO - Unified receipt generated: /lustre/hpc/project/icecube/HE_Nu_Aske_Oct2024/PMTfied_filtered/Snowstorm/MuonLike_PureNu/22012/[Receipt]22012_2.json
2025-02-17 16:16:40 - INFO - Filtering process completed.
Job completed at Mon Feb 17 04:16:40 PM CET 2025
