Starting job at Thu Feb 13 05:08:11 PM CET 2025
Running Filter_by_part.py for subdirectory 22012, part 1
2025-02-13 17:08:11 - INFO - Event filtering process starts...
2025-02-13 17:08:11 - INFO - Initialized Muon13Filter
2025-02-13 17:08:11 - INFO - Starting filtering process for 22012/1
2025-02-13 17:08:13 - INFO - Recalculated 'offset' column based on filtered 'N_doms' values.
2025-02-13 17:08:13 - INFO - Filtered truth file saved to: /lustre/hpc/project/icecube/HE_Nu_Aske_Oct2024/PMTfied_filtered/MuonLike/Snowstorm/22012/truth_1.parquet
2025-02-13 17:08:13 - INFO - Receipt file saved to: /lustre/hpc/project/icecube/HE_Nu_Aske_Oct2024/PMTfied_filtered/MuonLike/Snowstorm/22012/[Receipt]22012_1.json
2025-02-13 17:08:15 - INFO - Filtered PMTfied file saved to: /lustre/hpc/project/icecube/HE_Nu_Aske_Oct2024/PMTfied_filtered/MuonLike/Snowstorm/22012/1/PMTfied_11.parquet
2025-02-13 17:08:16 - INFO - Filtered PMTfied file saved to: /lustre/hpc/project/icecube/HE_Nu_Aske_Oct2024/PMTfied_filtered/MuonLike/Snowstorm/22012/1/PMTfied_15.parquet
2025-02-13 17:08:18 - INFO - Filtered PMTfied file saved to: /lustre/hpc/project/icecube/HE_Nu_Aske_Oct2024/PMTfied_filtered/MuonLike/Snowstorm/22012/1/PMTfied_8.parquet
2025-02-13 17:08:19 - INFO - Filtered PMTfied file saved to: /lustre/hpc/project/icecube/HE_Nu_Aske_Oct2024/PMTfied_filtered/MuonLike/Snowstorm/22012/1/PMTfied_4.parquet
2025-02-13 17:08:21 - INFO - Filtered PMTfied file saved to: /lustre/hpc/project/icecube/HE_Nu_Aske_Oct2024/PMTfied_filtered/MuonLike/Snowstorm/22012/1/PMTfied_1.parquet
2025-02-13 17:08:22 - INFO - Filtered PMTfied file saved to: /lustre/hpc/project/icecube/HE_Nu_Aske_Oct2024/PMTfied_filtered/MuonLike/Snowstorm/22012/1/PMTfied_5.parquet
2025-02-13 17:08:23 - INFO - Filtered PMTfied file saved to: /lustre/hpc/project/icecube/HE_Nu_Aske_Oct2024/PMTfied_filtered/MuonLike/Snowstorm/22012/1/PMTfied_9.parquet
2025-02-13 17:08:25 - INFO - Filtered PMTfied file saved to: /lustre/hpc/project/icecube/HE_Nu_Aske_Oct2024/PMTfied_filtered/MuonLike/Snowstorm/22012/1/PMTfied_10.parquet
2025-02-13 17:08:27 - INFO - Filtered PMTfied file saved to: /lustre/hpc/project/icecube/HE_Nu_Aske_Oct2024/PMTfied_filtered/MuonLike/Snowstorm/22012/1/PMTfied_14.parquet
2025-02-13 17:08:28 - INFO - Filtered PMTfied file saved to: /lustre/hpc/project/icecube/HE_Nu_Aske_Oct2024/PMTfied_filtered/MuonLike/Snowstorm/22012/1/PMTfied_3.parquet
2025-02-13 17:08:30 - INFO - Filtered PMTfied file saved to: /lustre/hpc/project/icecube/HE_Nu_Aske_Oct2024/PMTfied_filtered/MuonLike/Snowstorm/22012/1/PMTfied_7.parquet
2025-02-13 17:08:31 - INFO - Filtered PMTfied file saved to: /lustre/hpc/project/icecube/HE_Nu_Aske_Oct2024/PMTfied_filtered/MuonLike/Snowstorm/22012/1/PMTfied_12.parquet
2025-02-13 17:08:33 - INFO - Filtered PMTfied file saved to: /lustre/hpc/project/icecube/HE_Nu_Aske_Oct2024/PMTfied_filtered/MuonLike/Snowstorm/22012/1/PMTfied_13.parquet
2025-02-13 17:08:34 - INFO - Filtered PMTfied file saved to: /lustre/hpc/project/icecube/HE_Nu_Aske_Oct2024/PMTfied_filtered/MuonLike/Snowstorm/22012/1/PMTfied_2.parquet
2025-02-13 17:08:36 - INFO - Filtered PMTfied file saved to: /lustre/hpc/project/icecube/HE_Nu_Aske_Oct2024/PMTfied_filtered/MuonLike/Snowstorm/22012/1/PMTfied_6.parquet
2025-02-13 17:08:36 - INFO - Filtering process completed.
2025-02-13 17:08:36 - INFO - Filtering process completed for all selected filters.
2025-02-13 17:08:36 - INFO - Execution time: 24.38 seconds
2025-02-13 17:08:36 - INFO - Updated receipt with execution time: /lustre/hpc/project/icecube/HE_Nu_Aske_Oct2024/PMTfied_filtered/MuonLike/Snowstorm/22012/[Receipt]22012_1.json
Job completed at Thu Feb 13 05:08:36 PM CET 2025
