Starting job at Thu Feb 13 05:10:10 PM CET 2025
Running Filter_by_part.py for subdirectory 22012, part 24
2025-02-13 17:10:10 - INFO - Event filtering process starts...
2025-02-13 17:10:10 - INFO - Initialized Muon13Filter
2025-02-13 17:10:10 - INFO - Starting filtering process for 22012/24
2025-02-13 17:10:12 - INFO - Recalculated 'offset' column based on filtered 'N_doms' values.
2025-02-13 17:10:12 - INFO - Filtered truth file saved to: /lustre/hpc/project/icecube/HE_Nu_Aske_Oct2024/PMTfied_filtered/MuonLike/Snowstorm/22012/truth_24.parquet
2025-02-13 17:10:12 - INFO - Receipt file saved to: /lustre/hpc/project/icecube/HE_Nu_Aske_Oct2024/PMTfied_filtered/MuonLike/Snowstorm/22012/[Receipt]22012_24.json
2025-02-13 17:10:14 - INFO - Filtered PMTfied file saved to: /lustre/hpc/project/icecube/HE_Nu_Aske_Oct2024/PMTfied_filtered/MuonLike/Snowstorm/22012/24/PMTfied_12.parquet
2025-02-13 17:10:16 - INFO - Filtered PMTfied file saved to: /lustre/hpc/project/icecube/HE_Nu_Aske_Oct2024/PMTfied_filtered/MuonLike/Snowstorm/22012/24/PMTfied_9.parquet
2025-02-13 17:10:18 - INFO - Filtered PMTfied file saved to: /lustre/hpc/project/icecube/HE_Nu_Aske_Oct2024/PMTfied_filtered/MuonLike/Snowstorm/22012/24/PMTfied_1.parquet
2025-02-13 17:10:19 - INFO - Filtered PMTfied file saved to: /lustre/hpc/project/icecube/HE_Nu_Aske_Oct2024/PMTfied_filtered/MuonLike/Snowstorm/22012/24/PMTfied_5.parquet
2025-02-13 17:10:21 - INFO - Filtered PMTfied file saved to: /lustre/hpc/project/icecube/HE_Nu_Aske_Oct2024/PMTfied_filtered/MuonLike/Snowstorm/22012/24/PMTfied_13.parquet
2025-02-13 17:10:23 - INFO - Filtered PMTfied file saved to: /lustre/hpc/project/icecube/HE_Nu_Aske_Oct2024/PMTfied_filtered/MuonLike/Snowstorm/22012/24/PMTfied_4.parquet
2025-02-13 17:10:24 - INFO - Filtered PMTfied file saved to: /lustre/hpc/project/icecube/HE_Nu_Aske_Oct2024/PMTfied_filtered/MuonLike/Snowstorm/22012/24/PMTfied_8.parquet
2025-02-13 17:10:26 - INFO - Filtered PMTfied file saved to: /lustre/hpc/project/icecube/HE_Nu_Aske_Oct2024/PMTfied_filtered/MuonLike/Snowstorm/22012/24/PMTfied_11.parquet
2025-02-13 17:10:28 - INFO - Filtered PMTfied file saved to: /lustre/hpc/project/icecube/HE_Nu_Aske_Oct2024/PMTfied_filtered/MuonLike/Snowstorm/22012/24/PMTfied_15.parquet
2025-02-13 17:10:29 - INFO - Filtered PMTfied file saved to: /lustre/hpc/project/icecube/HE_Nu_Aske_Oct2024/PMTfied_filtered/MuonLike/Snowstorm/22012/24/PMTfied_2.parquet
2025-02-13 17:10:31 - INFO - Filtered PMTfied file saved to: /lustre/hpc/project/icecube/HE_Nu_Aske_Oct2024/PMTfied_filtered/MuonLike/Snowstorm/22012/24/PMTfied_6.parquet
2025-02-13 17:10:33 - INFO - Filtered PMTfied file saved to: /lustre/hpc/project/icecube/HE_Nu_Aske_Oct2024/PMTfied_filtered/MuonLike/Snowstorm/22012/24/PMTfied_10.parquet
2025-02-13 17:10:35 - INFO - Filtered PMTfied file saved to: /lustre/hpc/project/icecube/HE_Nu_Aske_Oct2024/PMTfied_filtered/MuonLike/Snowstorm/22012/24/PMTfied_14.parquet
2025-02-13 17:10:36 - INFO - Filtered PMTfied file saved to: /lustre/hpc/project/icecube/HE_Nu_Aske_Oct2024/PMTfied_filtered/MuonLike/Snowstorm/22012/24/PMTfied_3.parquet
2025-02-13 17:10:38 - INFO - Filtered PMTfied file saved to: /lustre/hpc/project/icecube/HE_Nu_Aske_Oct2024/PMTfied_filtered/MuonLike/Snowstorm/22012/24/PMTfied_7.parquet
2025-02-13 17:10:38 - INFO - Filtering process completed.
2025-02-13 17:10:38 - INFO - Filtering process completed for all selected filters.
2025-02-13 17:10:38 - INFO - Execution time: 27.95 seconds
2025-02-13 17:10:38 - INFO - Updated receipt with execution time: /lustre/hpc/project/icecube/HE_Nu_Aske_Oct2024/PMTfied_filtered/MuonLike/Snowstorm/22012/[Receipt]22012_24.json
Job completed at Thu Feb 13 05:10:38 PM CET 2025
