Starting job at Sat Feb 15 12:09:53 PM CET 2025
Running Filter_by_part.py for subdirectory 22012, part 1
2025-02-15 12:09:55 - INFO - Event filtering process starts...
2025-02-15 12:09:55 - INFO - Initialized PureNeutrinoEventFilter filter for 22012/1
2025-02-15 12:09:56 - INFO - Loaded 14 event specifier files from /lustre/hpc/project/icecube/HE_Nu_Aske_Oct2024/clean_events_dict/22012/22012/reduced
2025-02-15 12:09:56 - INFO - Selected 1 CSV files covering event range [0, 806]
2025-02-15 12:09:56 - INFO - Loaded 62220 valid (RunID, EventID) pairs from CSV files
2025-02-15 12:09:56 - INFO - Extracted 22774 valid events based on pure neutrino events.
2025-02-15 12:09:56 - INFO - Initialized CompositeEventFilter filter for 22012/1
2025-02-15 12:09:56 - INFO - Initialized (PureNu)
2025-02-15 12:09:56 - INFO - Starting filtering process for 22012/1
2025-02-15 12:09:56 - INFO - Starting filtering process for 22012/1
2025-02-15 12:09:57 - INFO - Recalculated 'offset' column based on filtered 'N_doms' values.
2025-02-15 12:09:57 - INFO - Filtered truth file saved to: /lustre/hpc/project/icecube/HE_Nu_Aske_Oct2024/PMTfied_filtered/Snowstorm/PureNu/22012/truth_1.parquet
2025-02-15 12:09:58 - INFO - Filtered PMTfied file saved to: /lustre/hpc/project/icecube/HE_Nu_Aske_Oct2024/PMTfied_filtered/Snowstorm/PureNu/22012/1/PMTfied_11.parquet
2025-02-15 12:09:59 - INFO - Filtered PMTfied file saved to: /lustre/hpc/project/icecube/HE_Nu_Aske_Oct2024/PMTfied_filtered/Snowstorm/PureNu/22012/1/PMTfied_15.parquet
2025-02-15 12:10:01 - INFO - Filtered PMTfied file saved to: /lustre/hpc/project/icecube/HE_Nu_Aske_Oct2024/PMTfied_filtered/Snowstorm/PureNu/22012/1/PMTfied_8.parquet
2025-02-15 12:10:02 - INFO - Filtered PMTfied file saved to: /lustre/hpc/project/icecube/HE_Nu_Aske_Oct2024/PMTfied_filtered/Snowstorm/PureNu/22012/1/PMTfied_4.parquet
2025-02-15 12:10:04 - INFO - Filtered PMTfied file saved to: /lustre/hpc/project/icecube/HE_Nu_Aske_Oct2024/PMTfied_filtered/Snowstorm/PureNu/22012/1/PMTfied_1.parquet
2025-02-15 12:10:05 - INFO - Filtered PMTfied file saved to: /lustre/hpc/project/icecube/HE_Nu_Aske_Oct2024/PMTfied_filtered/Snowstorm/PureNu/22012/1/PMTfied_5.parquet
2025-02-15 12:10:07 - INFO - Filtered PMTfied file saved to: /lustre/hpc/project/icecube/HE_Nu_Aske_Oct2024/PMTfied_filtered/Snowstorm/PureNu/22012/1/PMTfied_9.parquet
2025-02-15 12:10:08 - INFO - Filtered PMTfied file saved to: /lustre/hpc/project/icecube/HE_Nu_Aske_Oct2024/PMTfied_filtered/Snowstorm/PureNu/22012/1/PMTfied_10.parquet
2025-02-15 12:10:11 - INFO - Filtered PMTfied file saved to: /lustre/hpc/project/icecube/HE_Nu_Aske_Oct2024/PMTfied_filtered/Snowstorm/PureNu/22012/1/PMTfied_14.parquet
2025-02-15 12:10:13 - INFO - Filtered PMTfied file saved to: /lustre/hpc/project/icecube/HE_Nu_Aske_Oct2024/PMTfied_filtered/Snowstorm/PureNu/22012/1/PMTfied_3.parquet
2025-02-15 12:10:16 - INFO - Filtered PMTfied file saved to: /lustre/hpc/project/icecube/HE_Nu_Aske_Oct2024/PMTfied_filtered/Snowstorm/PureNu/22012/1/PMTfied_7.parquet
2025-02-15 12:10:17 - INFO - Filtered PMTfied file saved to: /lustre/hpc/project/icecube/HE_Nu_Aske_Oct2024/PMTfied_filtered/Snowstorm/PureNu/22012/1/PMTfied_12.parquet
2025-02-15 12:10:19 - INFO - Filtered PMTfied file saved to: /lustre/hpc/project/icecube/HE_Nu_Aske_Oct2024/PMTfied_filtered/Snowstorm/PureNu/22012/1/PMTfied_13.parquet
2025-02-15 12:10:20 - INFO - Filtered PMTfied file saved to: /lustre/hpc/project/icecube/HE_Nu_Aske_Oct2024/PMTfied_filtered/Snowstorm/PureNu/22012/1/PMTfied_2.parquet
2025-02-15 12:10:22 - INFO - Filtered PMTfied file saved to: /lustre/hpc/project/icecube/HE_Nu_Aske_Oct2024/PMTfied_filtered/Snowstorm/PureNu/22012/1/PMTfied_6.parquet
2025-02-15 12:10:22 - INFO - Filtering process completed.
2025-02-15 12:10:22 - INFO - Filtering process completed.
2025-02-15 12:10:22 - INFO - Unified receipt generated: /lustre/hpc/project/icecube/HE_Nu_Aske_Oct2024/PMTfied_filtered/Snowstorm/PureNu/22012/[Receipt]22012_1.json
2025-02-15 12:10:22 - INFO - Filtering process completed.
Job completed at Sat Feb 15 12:10:22 PM CET 2025
