Starting job at Sat Feb 15 01:47:49 PM CET 2025
Running Filter_by_part.py for subdirectory 22012, part 2
2025-02-15 13:47:51 - INFO - Event filtering process starts...
2025-02-15 13:47:51 - INFO - Initialized PureNeutrinoEventFilter filter for 22012/2
2025-02-15 13:47:52 - INFO - Loaded 14 event specifier files from /lustre/hpc/project/icecube/HE_Nu_Aske_Oct2024/clean_events_dict/22012/22012/reduced
2025-02-15 13:47:52 - INFO - Selected 2 CSV files covering event range [559, 1188]
2025-02-15 13:47:52 - INFO - Loaded 124584 valid (RunID, EventID) pairs from CSV files
2025-02-15 13:47:52 - INFO - Extracted 22417 valid events based on pure neutrino events.
2025-02-15 13:47:52 - INFO - Initialized Muon13Filter filter for 22012/2
2025-02-15 13:47:52 - INFO - Extracted 26203 valid events where MuonFilter_13==True.
2025-02-15 13:47:52 - INFO - Initialized CompositeEventFilter filter for 22012/2
2025-02-15 13:47:52 - INFO - Initialized (MuonLike_PureNu)
2025-02-15 13:47:52 - INFO - Starting filtering process for 22012/2
2025-02-15 13:47:52 - INFO - Starting filtering process for 22012/2
2025-02-15 13:47:53 - INFO - Recalculated 'offset' column based on filtered 'N_doms' values.
2025-02-15 13:47:53 - INFO - Filtered truth file saved to: /lustre/hpc/project/icecube/HE_Nu_Aske_Oct2024/PMTfied_filtered/Snowstorm/MuonLike_PureNu/22012/truth_2.parquet
2025-02-15 13:47:55 - INFO - Filtered PMTfied file saved to: /lustre/hpc/project/icecube/HE_Nu_Aske_Oct2024/PMTfied_filtered/Snowstorm/MuonLike_PureNu/22012/2/PMTfied_12.parquet
2025-02-15 13:47:56 - INFO - Filtered PMTfied file saved to: /lustre/hpc/project/icecube/HE_Nu_Aske_Oct2024/PMTfied_filtered/Snowstorm/MuonLike_PureNu/22012/2/PMTfied_3.parquet
2025-02-15 13:47:57 - INFO - Filtered PMTfied file saved to: /lustre/hpc/project/icecube/HE_Nu_Aske_Oct2024/PMTfied_filtered/Snowstorm/MuonLike_PureNu/22012/2/PMTfied_7.parquet
2025-02-15 13:47:59 - INFO - Filtered PMTfied file saved to: /lustre/hpc/project/icecube/HE_Nu_Aske_Oct2024/PMTfied_filtered/Snowstorm/MuonLike_PureNu/22012/2/PMTfied_13.parquet
2025-02-15 13:48:00 - INFO - Filtered PMTfied file saved to: /lustre/hpc/project/icecube/HE_Nu_Aske_Oct2024/PMTfied_filtered/Snowstorm/MuonLike_PureNu/22012/2/PMTfied_2.parquet
2025-02-15 13:48:02 - INFO - Filtered PMTfied file saved to: /lustre/hpc/project/icecube/HE_Nu_Aske_Oct2024/PMTfied_filtered/Snowstorm/MuonLike_PureNu/22012/2/PMTfied_6.parquet
2025-02-15 13:48:03 - INFO - Filtered PMTfied file saved to: /lustre/hpc/project/icecube/HE_Nu_Aske_Oct2024/PMTfied_filtered/Snowstorm/MuonLike_PureNu/22012/2/PMTfied_11.parquet
2025-02-15 13:48:04 - INFO - Filtered PMTfied file saved to: /lustre/hpc/project/icecube/HE_Nu_Aske_Oct2024/PMTfied_filtered/Snowstorm/MuonLike_PureNu/22012/2/PMTfied_15.parquet
2025-02-15 13:48:05 - INFO - Filtered PMTfied file saved to: /lustre/hpc/project/icecube/HE_Nu_Aske_Oct2024/PMTfied_filtered/Snowstorm/MuonLike_PureNu/22012/2/PMTfied_4.parquet
2025-02-15 13:48:07 - INFO - Filtered PMTfied file saved to: /lustre/hpc/project/icecube/HE_Nu_Aske_Oct2024/PMTfied_filtered/Snowstorm/MuonLike_PureNu/22012/2/PMTfied_8.parquet
2025-02-15 13:48:08 - INFO - Filtered PMTfied file saved to: /lustre/hpc/project/icecube/HE_Nu_Aske_Oct2024/PMTfied_filtered/Snowstorm/MuonLike_PureNu/22012/2/PMTfied_10.parquet
2025-02-15 13:48:09 - INFO - Filtered PMTfied file saved to: /lustre/hpc/project/icecube/HE_Nu_Aske_Oct2024/PMTfied_filtered/Snowstorm/MuonLike_PureNu/22012/2/PMTfied_14.parquet
2025-02-15 13:48:11 - INFO - Filtered PMTfied file saved to: /lustre/hpc/project/icecube/HE_Nu_Aske_Oct2024/PMTfied_filtered/Snowstorm/MuonLike_PureNu/22012/2/PMTfied_9.parquet
2025-02-15 13:48:12 - INFO - Filtered PMTfied file saved to: /lustre/hpc/project/icecube/HE_Nu_Aske_Oct2024/PMTfied_filtered/Snowstorm/MuonLike_PureNu/22012/2/PMTfied_1.parquet
2025-02-15 13:48:13 - INFO - Filtered PMTfied file saved to: /lustre/hpc/project/icecube/HE_Nu_Aske_Oct2024/PMTfied_filtered/Snowstorm/MuonLike_PureNu/22012/2/PMTfied_5.parquet
2025-02-15 13:48:14 - INFO - Filtering process completed.
2025-02-15 13:48:14 - INFO - Filtering process completed.
2025-02-15 13:48:14 - INFO - Unified receipt generated: /lustre/hpc/project/icecube/HE_Nu_Aske_Oct2024/PMTfied_filtered/Snowstorm/MuonLike_PureNu/22012/[Receipt]22012_2.json
2025-02-15 13:48:14 - INFO - Filtering process completed.
Job completed at Sat Feb 15 01:48:14 PM CET 2025
