Starting job at Sat Feb 15 12:56:21 PM CET 2025
Running Filter_by_part.py for subdirectory 22012, part 16
2025-02-15 12:56:21 - INFO - Event filtering process starts...
2025-02-15 12:56:21 - INFO - Initialized Muon13Filter filter for 22012/16
2025-02-15 12:56:22 - INFO - Extracted 26327 valid events where MuonFilter_13==True.
2025-02-15 12:56:22 - INFO - Initialized CompositeEventFilter filter for 22012/16
2025-02-15 12:56:22 - INFO - Initialized (MuonLike)
2025-02-15 12:56:22 - INFO - Starting filtering process for 22012/16
2025-02-15 12:56:22 - INFO - Starting filtering process for 22012/16
2025-02-15 12:56:23 - INFO - Recalculated 'offset' column based on filtered 'N_doms' values.
2025-02-15 12:56:23 - INFO - Filtered truth file saved to: /lustre/hpc/project/icecube/HE_Nu_Aske_Oct2024/PMTfied_filtered/Snowstorm/MuonLike/22012/truth_16.parquet
2025-02-15 12:56:25 - INFO - Filtered PMTfied file saved to: /lustre/hpc/project/icecube/HE_Nu_Aske_Oct2024/PMTfied_filtered/Snowstorm/MuonLike/22012/16/PMTfied_14.parquet
2025-02-15 12:56:27 - INFO - Filtered PMTfied file saved to: /lustre/hpc/project/icecube/HE_Nu_Aske_Oct2024/PMTfied_filtered/Snowstorm/MuonLike/22012/16/PMTfied_10.parquet
2025-02-15 12:56:29 - INFO - Filtered PMTfied file saved to: /lustre/hpc/project/icecube/HE_Nu_Aske_Oct2024/PMTfied_filtered/Snowstorm/MuonLike/22012/16/PMTfied_7.parquet
2025-02-15 12:56:30 - INFO - Filtered PMTfied file saved to: /lustre/hpc/project/icecube/HE_Nu_Aske_Oct2024/PMTfied_filtered/Snowstorm/MuonLike/22012/16/PMTfied_3.parquet
2025-02-15 12:56:32 - INFO - Filtered PMTfied file saved to: /lustre/hpc/project/icecube/HE_Nu_Aske_Oct2024/PMTfied_filtered/Snowstorm/MuonLike/22012/16/PMTfied_6.parquet
2025-02-15 12:56:34 - INFO - Filtered PMTfied file saved to: /lustre/hpc/project/icecube/HE_Nu_Aske_Oct2024/PMTfied_filtered/Snowstorm/MuonLike/22012/16/PMTfied_2.parquet
2025-02-15 12:56:35 - INFO - Filtered PMTfied file saved to: /lustre/hpc/project/icecube/HE_Nu_Aske_Oct2024/PMTfied_filtered/Snowstorm/MuonLike/22012/16/PMTfied_15.parquet
2025-02-15 12:56:37 - INFO - Filtered PMTfied file saved to: /lustre/hpc/project/icecube/HE_Nu_Aske_Oct2024/PMTfied_filtered/Snowstorm/MuonLike/22012/16/PMTfied_11.parquet
2025-02-15 12:56:38 - INFO - Filtered PMTfied file saved to: /lustre/hpc/project/icecube/HE_Nu_Aske_Oct2024/PMTfied_filtered/Snowstorm/MuonLike/22012/16/PMTfied_4.parquet
2025-02-15 12:56:40 - INFO - Filtered PMTfied file saved to: /lustre/hpc/project/icecube/HE_Nu_Aske_Oct2024/PMTfied_filtered/Snowstorm/MuonLike/22012/16/PMTfied_8.parquet
2025-02-15 12:56:42 - INFO - Filtered PMTfied file saved to: /lustre/hpc/project/icecube/HE_Nu_Aske_Oct2024/PMTfied_filtered/Snowstorm/MuonLike/22012/16/PMTfied_13.parquet
2025-02-15 12:56:43 - INFO - Filtered PMTfied file saved to: /lustre/hpc/project/icecube/HE_Nu_Aske_Oct2024/PMTfied_filtered/Snowstorm/MuonLike/22012/16/PMTfied_12.parquet
2025-02-15 12:56:45 - INFO - Filtered PMTfied file saved to: /lustre/hpc/project/icecube/HE_Nu_Aske_Oct2024/PMTfied_filtered/Snowstorm/MuonLike/22012/16/PMTfied_9.parquet
2025-02-15 12:56:46 - INFO - Filtered PMTfied file saved to: /lustre/hpc/project/icecube/HE_Nu_Aske_Oct2024/PMTfied_filtered/Snowstorm/MuonLike/22012/16/PMTfied_5.parquet
2025-02-15 12:56:48 - INFO - Filtered PMTfied file saved to: /lustre/hpc/project/icecube/HE_Nu_Aske_Oct2024/PMTfied_filtered/Snowstorm/MuonLike/22012/16/PMTfied_1.parquet
2025-02-15 12:56:48 - INFO - Filtering process completed.
2025-02-15 12:56:48 - INFO - Filtering process completed.
2025-02-15 12:56:48 - INFO - Unified receipt generated: /lustre/hpc/project/icecube/HE_Nu_Aske_Oct2024/PMTfied_filtered/Snowstorm/MuonLike/22012/[Receipt]22012_16.json
2025-02-15 12:56:48 - INFO - Filtering process completed.
Job completed at Sat Feb 15 12:56:48 PM CET 2025
