Starting job at Mon Feb 17 03:58:40 PM CET 2025
Running Filter_by_part.py for subdirectory 22012, part 17
2025-02-17 15:58:41 - INFO - Event filtering process starts...
2025-02-17 15:58:41 - INFO - Initialized PureNeutrinoEventFilter filter for 22012/17
2025-02-17 15:58:41 - INFO - Loaded 14 event specifier files from /lustre/hpc/project/icecube/HE_Nu_Aske_Oct2024/clean_events_dict/22012/22012/reduced
2025-02-17 15:58:41 - INFO - Selected 2 CSV files covering event range [8874, 9525]
2025-02-17 15:58:41 - INFO - Loaded 123944 valid (RunID, EventID) pairs from CSV files
2025-02-17 15:58:42 - INFO - Extracted 22399 valid events based on pure neutrino events.
2025-02-17 15:58:42 - INFO - Initialized CompositeEventFilter filter for 22012/17
2025-02-17 15:58:42 - INFO - Initialized (PureNu)
2025-02-17 15:58:42 - INFO - Starting filtering process for 22012/17
2025-02-17 15:58:42 - INFO - Starting filtering process for 22012/17
2025-02-17 15:58:43 - INFO - Recalculated 'offset' column based on 'N_doms' values within each 'shard_no' group.
2025-02-17 15:58:43 - INFO - Filtered truth file saved to: /lustre/hpc/project/icecube/HE_Nu_Aske_Oct2024/PMTfied_filtered/Snowstorm/PureNu/22012/truth_17.parquet
2025-02-17 15:58:44 - INFO - Filtered PMTfied file saved to: /lustre/hpc/project/icecube/HE_Nu_Aske_Oct2024/PMTfied_filtered/Snowstorm/PureNu/22012/17/PMTfied_11.parquet
2025-02-17 15:58:45 - INFO - Filtered PMTfied file saved to: /lustre/hpc/project/icecube/HE_Nu_Aske_Oct2024/PMTfied_filtered/Snowstorm/PureNu/22012/17/PMTfied_15.parquet
2025-02-17 15:58:47 - INFO - Filtered PMTfied file saved to: /lustre/hpc/project/icecube/HE_Nu_Aske_Oct2024/PMTfied_filtered/Snowstorm/PureNu/22012/17/PMTfied_4.parquet
2025-02-17 15:58:48 - INFO - Filtered PMTfied file saved to: /lustre/hpc/project/icecube/HE_Nu_Aske_Oct2024/PMTfied_filtered/Snowstorm/PureNu/22012/17/PMTfied_8.parquet
2025-02-17 15:58:50 - INFO - Filtered PMTfied file saved to: /lustre/hpc/project/icecube/HE_Nu_Aske_Oct2024/PMTfied_filtered/Snowstorm/PureNu/22012/17/PMTfied_9.parquet
2025-02-17 15:58:52 - INFO - Filtered PMTfied file saved to: /lustre/hpc/project/icecube/HE_Nu_Aske_Oct2024/PMTfied_filtered/Snowstorm/PureNu/22012/17/PMTfied_1.parquet
2025-02-17 15:58:53 - INFO - Filtered PMTfied file saved to: /lustre/hpc/project/icecube/HE_Nu_Aske_Oct2024/PMTfied_filtered/Snowstorm/PureNu/22012/17/PMTfied_5.parquet
2025-02-17 15:58:55 - INFO - Filtered PMTfied file saved to: /lustre/hpc/project/icecube/HE_Nu_Aske_Oct2024/PMTfied_filtered/Snowstorm/PureNu/22012/17/PMTfied_10.parquet
2025-02-17 15:58:56 - INFO - Filtered PMTfied file saved to: /lustre/hpc/project/icecube/HE_Nu_Aske_Oct2024/PMTfied_filtered/Snowstorm/PureNu/22012/17/PMTfied_14.parquet
2025-02-17 15:58:58 - INFO - Filtered PMTfied file saved to: /lustre/hpc/project/icecube/HE_Nu_Aske_Oct2024/PMTfied_filtered/Snowstorm/PureNu/22012/17/PMTfied_3.parquet
2025-02-17 15:58:59 - INFO - Filtered PMTfied file saved to: /lustre/hpc/project/icecube/HE_Nu_Aske_Oct2024/PMTfied_filtered/Snowstorm/PureNu/22012/17/PMTfied_7.parquet
2025-02-17 15:59:01 - INFO - Filtered PMTfied file saved to: /lustre/hpc/project/icecube/HE_Nu_Aske_Oct2024/PMTfied_filtered/Snowstorm/PureNu/22012/17/PMTfied_12.parquet
2025-02-17 15:59:02 - INFO - Filtered PMTfied file saved to: /lustre/hpc/project/icecube/HE_Nu_Aske_Oct2024/PMTfied_filtered/Snowstorm/PureNu/22012/17/PMTfied_13.parquet
2025-02-17 15:59:04 - INFO - Filtered PMTfied file saved to: /lustre/hpc/project/icecube/HE_Nu_Aske_Oct2024/PMTfied_filtered/Snowstorm/PureNu/22012/17/PMTfied_2.parquet
2025-02-17 15:59:05 - INFO - Filtered PMTfied file saved to: /lustre/hpc/project/icecube/HE_Nu_Aske_Oct2024/PMTfied_filtered/Snowstorm/PureNu/22012/17/PMTfied_6.parquet
2025-02-17 15:59:05 - INFO - Filtering process completed.
2025-02-17 15:59:05 - INFO - Filtering process completed.
2025-02-17 15:59:05 - INFO - Unified receipt generated: /lustre/hpc/project/icecube/HE_Nu_Aske_Oct2024/PMTfied_filtered/Snowstorm/PureNu/22012/[Receipt]22012_17.json
2025-02-17 15:59:05 - INFO - Filtering process completed.
Job completed at Mon Feb 17 03:59:06 PM CET 2025
