Starting job at Sat Feb 15 12:55:04 PM CET 2025
Running Filter_by_part.py for subdirectory 22012, part 6
2025-02-15 12:55:04 - INFO - Event filtering process starts...
2025-02-15 12:55:04 - INFO - Initialized Muon13Filter filter for 22012/6
2025-02-15 12:55:04 - INFO - Extracted 26244 valid events where MuonFilter_13==True.
2025-02-15 12:55:04 - INFO - Initialized CompositeEventFilter filter for 22012/6
2025-02-15 12:55:04 - INFO - Initialized (MuonLike)
2025-02-15 12:55:04 - INFO - Starting filtering process for 22012/6
2025-02-15 12:55:04 - INFO - Starting filtering process for 22012/6
2025-02-15 12:55:05 - INFO - Recalculated 'offset' column based on filtered 'N_doms' values.
2025-02-15 12:55:06 - INFO - Filtered truth file saved to: /lustre/hpc/project/icecube/HE_Nu_Aske_Oct2024/PMTfied_filtered/Snowstorm/MuonLike/22012/truth_6.parquet
2025-02-15 12:55:07 - INFO - Filtered PMTfied file saved to: /lustre/hpc/project/icecube/HE_Nu_Aske_Oct2024/PMTfied_filtered/Snowstorm/MuonLike/22012/6/PMTfied_8.parquet
2025-02-15 12:55:09 - INFO - Filtered PMTfied file saved to: /lustre/hpc/project/icecube/HE_Nu_Aske_Oct2024/PMTfied_filtered/Snowstorm/MuonLike/22012/6/PMTfied_4.parquet
2025-02-15 12:55:11 - INFO - Filtered PMTfied file saved to: /lustre/hpc/project/icecube/HE_Nu_Aske_Oct2024/PMTfied_filtered/Snowstorm/MuonLike/22012/6/PMTfied_11.parquet
2025-02-15 12:55:12 - INFO - Filtered PMTfied file saved to: /lustre/hpc/project/icecube/HE_Nu_Aske_Oct2024/PMTfied_filtered/Snowstorm/MuonLike/22012/6/PMTfied_15.parquet
2025-02-15 12:55:14 - INFO - Filtered PMTfied file saved to: /lustre/hpc/project/icecube/HE_Nu_Aske_Oct2024/PMTfied_filtered/Snowstorm/MuonLike/22012/6/PMTfied_10.parquet
2025-02-15 12:55:15 - INFO - Filtered PMTfied file saved to: /lustre/hpc/project/icecube/HE_Nu_Aske_Oct2024/PMTfied_filtered/Snowstorm/MuonLike/22012/6/PMTfied_14.parquet
2025-02-15 12:55:17 - INFO - Filtered PMTfied file saved to: /lustre/hpc/project/icecube/HE_Nu_Aske_Oct2024/PMTfied_filtered/Snowstorm/MuonLike/22012/6/PMTfied_5.parquet
2025-02-15 12:55:19 - INFO - Filtered PMTfied file saved to: /lustre/hpc/project/icecube/HE_Nu_Aske_Oct2024/PMTfied_filtered/Snowstorm/MuonLike/22012/6/PMTfied_1.parquet
2025-02-15 12:55:20 - INFO - Filtered PMTfied file saved to: /lustre/hpc/project/icecube/HE_Nu_Aske_Oct2024/PMTfied_filtered/Snowstorm/MuonLike/22012/6/PMTfied_9.parquet
2025-02-15 12:55:22 - INFO - Filtered PMTfied file saved to: /lustre/hpc/project/icecube/HE_Nu_Aske_Oct2024/PMTfied_filtered/Snowstorm/MuonLike/22012/6/PMTfied_12.parquet
2025-02-15 12:55:24 - INFO - Filtered PMTfied file saved to: /lustre/hpc/project/icecube/HE_Nu_Aske_Oct2024/PMTfied_filtered/Snowstorm/MuonLike/22012/6/PMTfied_7.parquet
2025-02-15 12:55:25 - INFO - Filtered PMTfied file saved to: /lustre/hpc/project/icecube/HE_Nu_Aske_Oct2024/PMTfied_filtered/Snowstorm/MuonLike/22012/6/PMTfied_3.parquet
2025-02-15 12:55:27 - INFO - Filtered PMTfied file saved to: /lustre/hpc/project/icecube/HE_Nu_Aske_Oct2024/PMTfied_filtered/Snowstorm/MuonLike/22012/6/PMTfied_6.parquet
2025-02-15 12:55:29 - INFO - Filtered PMTfied file saved to: /lustre/hpc/project/icecube/HE_Nu_Aske_Oct2024/PMTfied_filtered/Snowstorm/MuonLike/22012/6/PMTfied_2.parquet
2025-02-15 12:55:30 - INFO - Filtered PMTfied file saved to: /lustre/hpc/project/icecube/HE_Nu_Aske_Oct2024/PMTfied_filtered/Snowstorm/MuonLike/22012/6/PMTfied_13.parquet
2025-02-15 12:55:30 - INFO - Filtering process completed.
2025-02-15 12:55:30 - INFO - Filtering process completed.
2025-02-15 12:55:30 - INFO - Unified receipt generated: /lustre/hpc/project/icecube/HE_Nu_Aske_Oct2024/PMTfied_filtered/Snowstorm/MuonLike/22012/[Receipt]22012_6.json
2025-02-15 12:55:30 - INFO - Filtering process completed.
Job completed at Sat Feb 15 12:55:30 PM CET 2025
