Starting job at Thu Feb 13 05:08:50 PM CET 2025
Running Filter_by_part.py for subdirectory 22012, part 9
2025-02-13 17:08:50 - INFO - Event filtering process starts...
2025-02-13 17:08:50 - INFO - Initialized Muon13Filter
2025-02-13 17:08:50 - INFO - Starting filtering process for 22012/9
2025-02-13 17:08:52 - INFO - Recalculated 'offset' column based on filtered 'N_doms' values.
2025-02-13 17:08:52 - INFO - Filtered truth file saved to: /lustre/hpc/project/icecube/HE_Nu_Aske_Oct2024/PMTfied_filtered/MuonLike/Snowstorm/22012/truth_9.parquet
2025-02-13 17:08:52 - INFO - Receipt file saved to: /lustre/hpc/project/icecube/HE_Nu_Aske_Oct2024/PMTfied_filtered/MuonLike/Snowstorm/22012/[Receipt]22012_9.json
2025-02-13 17:08:53 - INFO - Filtered PMTfied file saved to: /lustre/hpc/project/icecube/HE_Nu_Aske_Oct2024/PMTfied_filtered/MuonLike/Snowstorm/22012/9/PMTfied_15.parquet
2025-02-13 17:08:54 - INFO - Filtered PMTfied file saved to: /lustre/hpc/project/icecube/HE_Nu_Aske_Oct2024/PMTfied_filtered/MuonLike/Snowstorm/22012/9/PMTfied_11.parquet
2025-02-13 17:08:56 - INFO - Filtered PMTfied file saved to: /lustre/hpc/project/icecube/HE_Nu_Aske_Oct2024/PMTfied_filtered/MuonLike/Snowstorm/22012/9/PMTfied_2.parquet
2025-02-13 17:08:57 - INFO - Filtered PMTfied file saved to: /lustre/hpc/project/icecube/HE_Nu_Aske_Oct2024/PMTfied_filtered/MuonLike/Snowstorm/22012/9/PMTfied_6.parquet
2025-02-13 17:08:59 - INFO - Filtered PMTfied file saved to: /lustre/hpc/project/icecube/HE_Nu_Aske_Oct2024/PMTfied_filtered/MuonLike/Snowstorm/22012/9/PMTfied_3.parquet
2025-02-13 17:09:01 - INFO - Filtered PMTfied file saved to: /lustre/hpc/project/icecube/HE_Nu_Aske_Oct2024/PMTfied_filtered/MuonLike/Snowstorm/22012/9/PMTfied_7.parquet
2025-02-13 17:09:03 - INFO - Filtered PMTfied file saved to: /lustre/hpc/project/icecube/HE_Nu_Aske_Oct2024/PMTfied_filtered/MuonLike/Snowstorm/22012/9/PMTfied_14.parquet
2025-02-13 17:09:04 - INFO - Filtered PMTfied file saved to: /lustre/hpc/project/icecube/HE_Nu_Aske_Oct2024/PMTfied_filtered/MuonLike/Snowstorm/22012/9/PMTfied_10.parquet
2025-02-13 17:09:06 - INFO - Filtered PMTfied file saved to: /lustre/hpc/project/icecube/HE_Nu_Aske_Oct2024/PMTfied_filtered/MuonLike/Snowstorm/22012/9/PMTfied_1.parquet
2025-02-13 17:09:08 - INFO - Filtered PMTfied file saved to: /lustre/hpc/project/icecube/HE_Nu_Aske_Oct2024/PMTfied_filtered/MuonLike/Snowstorm/22012/9/PMTfied_5.parquet
2025-02-13 17:09:09 - INFO - Filtered PMTfied file saved to: /lustre/hpc/project/icecube/HE_Nu_Aske_Oct2024/PMTfied_filtered/MuonLike/Snowstorm/22012/9/PMTfied_9.parquet
2025-02-13 17:09:11 - INFO - Filtered PMTfied file saved to: /lustre/hpc/project/icecube/HE_Nu_Aske_Oct2024/PMTfied_filtered/MuonLike/Snowstorm/22012/9/PMTfied_12.parquet
2025-02-13 17:09:13 - INFO - Filtered PMTfied file saved to: /lustre/hpc/project/icecube/HE_Nu_Aske_Oct2024/PMTfied_filtered/MuonLike/Snowstorm/22012/9/PMTfied_13.parquet
2025-02-13 17:09:14 - INFO - Filtered PMTfied file saved to: /lustre/hpc/project/icecube/HE_Nu_Aske_Oct2024/PMTfied_filtered/MuonLike/Snowstorm/22012/9/PMTfied_8.parquet
2025-02-13 17:09:16 - INFO - Filtered PMTfied file saved to: /lustre/hpc/project/icecube/HE_Nu_Aske_Oct2024/PMTfied_filtered/MuonLike/Snowstorm/22012/9/PMTfied_4.parquet
2025-02-13 17:09:16 - INFO - Filtering process completed.
2025-02-13 17:09:16 - INFO - Filtering process completed for all selected filters.
2025-02-13 17:09:16 - INFO - Execution time: 25.85 seconds
2025-02-13 17:09:16 - INFO - Updated receipt with execution time: /lustre/hpc/project/icecube/HE_Nu_Aske_Oct2024/PMTfied_filtered/MuonLike/Snowstorm/22012/[Receipt]22012_9.json
Job completed at Thu Feb 13 05:09:16 PM CET 2025
