Starting job at Mon Feb 24 01:08:48 PM CET 2025
Running Filter_by_part.py for subdirectory 22012, part 9
2025-02-24 13:08:49 - INFO - Event filtering process starts...
2025-02-24 13:08:49 - INFO - Initialized PureNeutrinoEventFilter filter for 22012/9
2025-02-24 13:08:49 - INFO - Loaded 14 event specifier files from /lustre/hpc/project/icecube/HE_Nu_Aske_Oct2024/clean_events_dict/22012/22012/reduced
2025-02-24 13:08:49 - INFO - Selected 2 CSV files covering event range [4448, 5019]
2025-02-24 13:08:50 - INFO - Loaded 124239 valid (RunID, EventID) pairs from CSV files
2025-02-24 13:08:50 - INFO - Extracted 22275 valid events based on pure neutrino events.
2025-02-24 13:08:50 - INFO - Initialized Muon13Filter filter for 22012/9
2025-02-24 13:08:50 - INFO - Extracted 25626 valid events where MuonFilter_13==True.
2025-02-24 13:08:50 - INFO - Initialized CCFilter filter for 22012/9
2025-02-24 13:08:50 - INFO - Extracted 26282 valid events which are CC interactions.
2025-02-24 13:08:50 - INFO - Initialized CompositeEventFilter filter for 22012/9
2025-02-24 13:08:50 - INFO - Initialized (CC_CRclean_MuonLike)
2025-02-24 13:08:50 - INFO - Starting filtering process for 22012/9
2025-02-24 13:08:50 - INFO - Starting filtering process for 22012/9
2025-02-24 13:08:51 - INFO - Recalculated 'offset' column based on 'N_doms' values within each 'shard_no' group.
2025-02-24 13:08:52 - INFO - Filtered truth file saved to: /lustre/hpc/project/icecube/HE_Nu_Aske_Oct2024/PMTfied_filtered/Snowstorm/CC_CRclean_MuonLike/22012/truth_9.parquet
2025-02-24 13:08:52 - INFO - Filtered PMTfied file saved to: /lustre/hpc/project/icecube/HE_Nu_Aske_Oct2024/PMTfied_filtered/Snowstorm/CC_CRclean_MuonLike/22012/9/PMTfied_15.parquet
2025-02-24 13:08:54 - INFO - Filtered PMTfied file saved to: /lustre/hpc/project/icecube/HE_Nu_Aske_Oct2024/PMTfied_filtered/Snowstorm/CC_CRclean_MuonLike/22012/9/PMTfied_11.parquet
2025-02-24 13:08:56 - INFO - Filtered PMTfied file saved to: /lustre/hpc/project/icecube/HE_Nu_Aske_Oct2024/PMTfied_filtered/Snowstorm/CC_CRclean_MuonLike/22012/9/PMTfied_2.parquet
2025-02-24 13:08:57 - INFO - Filtered PMTfied file saved to: /lustre/hpc/project/icecube/HE_Nu_Aske_Oct2024/PMTfied_filtered/Snowstorm/CC_CRclean_MuonLike/22012/9/PMTfied_6.parquet
2025-02-24 13:08:59 - INFO - Filtered PMTfied file saved to: /lustre/hpc/project/icecube/HE_Nu_Aske_Oct2024/PMTfied_filtered/Snowstorm/CC_CRclean_MuonLike/22012/9/PMTfied_3.parquet
2025-02-24 13:09:01 - INFO - Filtered PMTfied file saved to: /lustre/hpc/project/icecube/HE_Nu_Aske_Oct2024/PMTfied_filtered/Snowstorm/CC_CRclean_MuonLike/22012/9/PMTfied_7.parquet
2025-02-24 13:09:03 - INFO - Filtered PMTfied file saved to: /lustre/hpc/project/icecube/HE_Nu_Aske_Oct2024/PMTfied_filtered/Snowstorm/CC_CRclean_MuonLike/22012/9/PMTfied_14.parquet
2025-02-24 13:09:04 - INFO - Filtered PMTfied file saved to: /lustre/hpc/project/icecube/HE_Nu_Aske_Oct2024/PMTfied_filtered/Snowstorm/CC_CRclean_MuonLike/22012/9/PMTfied_10.parquet
2025-02-24 13:09:06 - INFO - Filtered PMTfied file saved to: /lustre/hpc/project/icecube/HE_Nu_Aske_Oct2024/PMTfied_filtered/Snowstorm/CC_CRclean_MuonLike/22012/9/PMTfied_1.parquet
2025-02-24 13:09:08 - INFO - Filtered PMTfied file saved to: /lustre/hpc/project/icecube/HE_Nu_Aske_Oct2024/PMTfied_filtered/Snowstorm/CC_CRclean_MuonLike/22012/9/PMTfied_5.parquet
2025-02-24 13:09:09 - INFO - Filtered PMTfied file saved to: /lustre/hpc/project/icecube/HE_Nu_Aske_Oct2024/PMTfied_filtered/Snowstorm/CC_CRclean_MuonLike/22012/9/PMTfied_9.parquet
2025-02-24 13:09:11 - INFO - Filtered PMTfied file saved to: /lustre/hpc/project/icecube/HE_Nu_Aske_Oct2024/PMTfied_filtered/Snowstorm/CC_CRclean_MuonLike/22012/9/PMTfied_12.parquet
2025-02-24 13:09:12 - INFO - Filtered PMTfied file saved to: /lustre/hpc/project/icecube/HE_Nu_Aske_Oct2024/PMTfied_filtered/Snowstorm/CC_CRclean_MuonLike/22012/9/PMTfied_13.parquet
2025-02-24 13:09:14 - INFO - Filtered PMTfied file saved to: /lustre/hpc/project/icecube/HE_Nu_Aske_Oct2024/PMTfied_filtered/Snowstorm/CC_CRclean_MuonLike/22012/9/PMTfied_8.parquet
2025-02-24 13:09:16 - INFO - Filtered PMTfied file saved to: /lustre/hpc/project/icecube/HE_Nu_Aske_Oct2024/PMTfied_filtered/Snowstorm/CC_CRclean_MuonLike/22012/9/PMTfied_4.parquet
2025-02-24 13:09:16 - INFO - Filtering process completed.
2025-02-24 13:09:16 - INFO - Filtering process completed.
2025-02-24 13:09:16 - INFO - Unified receipt generated: /lustre/hpc/project/icecube/HE_Nu_Aske_Oct2024/PMTfied_filtered/Snowstorm/CC_CRclean_MuonLike/22012/[Receipt]22012_9.json
2025-02-24 13:09:16 - INFO - Filtering process completed.
Job completed at Mon Feb 24 01:09:16 PM CET 2025
