Starting job at Thu Feb 13 05:55:32 PM CET 2025
Running Filter_by_part.py for subdirectory 22012, part 17
2025-02-13 17:55:33 - INFO - Event filtering process starts...
2025-02-13 17:55:33 - INFO - Initialized PureNeutrinoEventFilter
2025-02-13 17:55:33 - INFO - Starting filtering process for 22012/17
2025-02-13 17:55:34 - INFO - Loaded 14 event specifier files from /lustre/hpc/project/icecube/HE_Nu_Aske_Oct2024/clean_events_dict/22012/22012/reduced
2025-02-13 17:55:34 - INFO - Selected 2 CSV files covering event range [8874, 9525]
2025-02-13 17:55:34 - INFO - Loaded 123944 valid (RunID, EventID) pairs from CSV files
2025-02-13 17:55:35 - INFO - Recalculated 'offset' column based on filtered 'N_doms' values.
2025-02-13 17:55:35 - INFO - Filtered truth file saved to: /lustre/hpc/project/icecube/HE_Nu_Aske_Oct2024/PMTfied_filtered/PureNu/Snowstorm/22012/truth_17.parquet
2025-02-13 17:55:35 - INFO - Receipt file saved to: /lustre/hpc/project/icecube/HE_Nu_Aske_Oct2024/PMTfied_filtered/PureNu/Snowstorm/22012/[Receipt]22012_17.json
2025-02-13 17:55:36 - INFO - Filtered PMTfied file saved to: /lustre/hpc/project/icecube/HE_Nu_Aske_Oct2024/PMTfied_filtered/PureNu/Snowstorm/22012/17/PMTfied_11.parquet
2025-02-13 17:55:37 - INFO - Filtered PMTfied file saved to: /lustre/hpc/project/icecube/HE_Nu_Aske_Oct2024/PMTfied_filtered/PureNu/Snowstorm/22012/17/PMTfied_15.parquet
2025-02-13 17:55:38 - INFO - Filtered PMTfied file saved to: /lustre/hpc/project/icecube/HE_Nu_Aske_Oct2024/PMTfied_filtered/PureNu/Snowstorm/22012/17/PMTfied_4.parquet
2025-02-13 17:55:39 - INFO - Filtered PMTfied file saved to: /lustre/hpc/project/icecube/HE_Nu_Aske_Oct2024/PMTfied_filtered/PureNu/Snowstorm/22012/17/PMTfied_8.parquet
2025-02-13 17:55:40 - INFO - Filtered PMTfied file saved to: /lustre/hpc/project/icecube/HE_Nu_Aske_Oct2024/PMTfied_filtered/PureNu/Snowstorm/22012/17/PMTfied_9.parquet
2025-02-13 17:55:42 - INFO - Filtered PMTfied file saved to: /lustre/hpc/project/icecube/HE_Nu_Aske_Oct2024/PMTfied_filtered/PureNu/Snowstorm/22012/17/PMTfied_1.parquet
2025-02-13 17:55:43 - INFO - Filtered PMTfied file saved to: /lustre/hpc/project/icecube/HE_Nu_Aske_Oct2024/PMTfied_filtered/PureNu/Snowstorm/22012/17/PMTfied_5.parquet
2025-02-13 17:55:44 - INFO - Filtered PMTfied file saved to: /lustre/hpc/project/icecube/HE_Nu_Aske_Oct2024/PMTfied_filtered/PureNu/Snowstorm/22012/17/PMTfied_10.parquet
2025-02-13 17:55:46 - INFO - Filtered PMTfied file saved to: /lustre/hpc/project/icecube/HE_Nu_Aske_Oct2024/PMTfied_filtered/PureNu/Snowstorm/22012/17/PMTfied_14.parquet
2025-02-13 17:55:47 - INFO - Filtered PMTfied file saved to: /lustre/hpc/project/icecube/HE_Nu_Aske_Oct2024/PMTfied_filtered/PureNu/Snowstorm/22012/17/PMTfied_3.parquet
2025-02-13 17:55:48 - INFO - Filtered PMTfied file saved to: /lustre/hpc/project/icecube/HE_Nu_Aske_Oct2024/PMTfied_filtered/PureNu/Snowstorm/22012/17/PMTfied_7.parquet
2025-02-13 17:55:49 - INFO - Filtered PMTfied file saved to: /lustre/hpc/project/icecube/HE_Nu_Aske_Oct2024/PMTfied_filtered/PureNu/Snowstorm/22012/17/PMTfied_12.parquet
2025-02-13 17:55:50 - INFO - Filtered PMTfied file saved to: /lustre/hpc/project/icecube/HE_Nu_Aske_Oct2024/PMTfied_filtered/PureNu/Snowstorm/22012/17/PMTfied_13.parquet
2025-02-13 17:55:51 - INFO - Filtered PMTfied file saved to: /lustre/hpc/project/icecube/HE_Nu_Aske_Oct2024/PMTfied_filtered/PureNu/Snowstorm/22012/17/PMTfied_2.parquet
2025-02-13 17:55:52 - INFO - Filtered PMTfied file saved to: /lustre/hpc/project/icecube/HE_Nu_Aske_Oct2024/PMTfied_filtered/PureNu/Snowstorm/22012/17/PMTfied_6.parquet
2025-02-13 17:55:52 - INFO - Filtering process completed.
2025-02-13 17:55:52 - INFO - Filtering process completed for all selected filters.
2025-02-13 17:55:52 - INFO - Execution time: 19.19 seconds
2025-02-13 17:55:52 - INFO - Updated receipt with execution time: /lustre/hpc/project/icecube/HE_Nu_Aske_Oct2024/PMTfied_filtered/PureNu/Snowstorm/22012/[Receipt]22012_17.json
Job completed at Thu Feb 13 05:55:53 PM CET 2025
