Starting job at Thu Feb 13 05:54:58 PM CET 2025
Running Filter_by_part.py for subdirectory 22012, part 7
2025-02-13 17:54:58 - INFO - Event filtering process starts...
2025-02-13 17:54:58 - INFO - Initialized PureNeutrinoEventFilter
2025-02-13 17:54:58 - INFO - Starting filtering process for 22012/7
2025-02-13 17:54:58 - INFO - Loaded 14 event specifier files from /lustre/hpc/project/icecube/HE_Nu_Aske_Oct2024/clean_events_dict/22012/22012/reduced
2025-02-13 17:54:58 - INFO - Selected 1 CSV files covering event range [3316, 3966]
2025-02-13 17:54:58 - INFO - Loaded 61727 valid (RunID, EventID) pairs from CSV files
2025-02-13 17:54:59 - INFO - Recalculated 'offset' column based on filtered 'N_doms' values.
2025-02-13 17:55:00 - INFO - Filtered truth file saved to: /lustre/hpc/project/icecube/HE_Nu_Aske_Oct2024/PMTfied_filtered/PureNu/Snowstorm/22012/truth_7.parquet
2025-02-13 17:55:00 - INFO - Receipt file saved to: /lustre/hpc/project/icecube/HE_Nu_Aske_Oct2024/PMTfied_filtered/PureNu/Snowstorm/22012/[Receipt]22012_7.json
2025-02-13 17:55:01 - INFO - Filtered PMTfied file saved to: /lustre/hpc/project/icecube/HE_Nu_Aske_Oct2024/PMTfied_filtered/PureNu/Snowstorm/22012/7/PMTfied_15.parquet
2025-02-13 17:55:02 - INFO - Filtered PMTfied file saved to: /lustre/hpc/project/icecube/HE_Nu_Aske_Oct2024/PMTfied_filtered/PureNu/Snowstorm/22012/7/PMTfied_11.parquet
2025-02-13 17:55:03 - INFO - Filtered PMTfied file saved to: /lustre/hpc/project/icecube/HE_Nu_Aske_Oct2024/PMTfied_filtered/PureNu/Snowstorm/22012/7/PMTfied_1.parquet
2025-02-13 17:55:04 - INFO - Filtered PMTfied file saved to: /lustre/hpc/project/icecube/HE_Nu_Aske_Oct2024/PMTfied_filtered/PureNu/Snowstorm/22012/7/PMTfied_5.parquet
2025-02-13 17:55:06 - INFO - Filtered PMTfied file saved to: /lustre/hpc/project/icecube/HE_Nu_Aske_Oct2024/PMTfied_filtered/PureNu/Snowstorm/22012/7/PMTfied_9.parquet
2025-02-13 17:55:07 - INFO - Filtered PMTfied file saved to: /lustre/hpc/project/icecube/HE_Nu_Aske_Oct2024/PMTfied_filtered/PureNu/Snowstorm/22012/7/PMTfied_14.parquet
2025-02-13 17:55:09 - INFO - Filtered PMTfied file saved to: /lustre/hpc/project/icecube/HE_Nu_Aske_Oct2024/PMTfied_filtered/PureNu/Snowstorm/22012/7/PMTfied_10.parquet
2025-02-13 17:55:10 - INFO - Filtered PMTfied file saved to: /lustre/hpc/project/icecube/HE_Nu_Aske_Oct2024/PMTfied_filtered/PureNu/Snowstorm/22012/7/PMTfied_8.parquet
2025-02-13 17:55:11 - INFO - Filtered PMTfied file saved to: /lustre/hpc/project/icecube/HE_Nu_Aske_Oct2024/PMTfied_filtered/PureNu/Snowstorm/22012/7/PMTfied_4.parquet
2025-02-13 17:55:13 - INFO - Filtered PMTfied file saved to: /lustre/hpc/project/icecube/HE_Nu_Aske_Oct2024/PMTfied_filtered/PureNu/Snowstorm/22012/7/PMTfied_12.parquet
2025-02-13 17:55:14 - INFO - Filtered PMTfied file saved to: /lustre/hpc/project/icecube/HE_Nu_Aske_Oct2024/PMTfied_filtered/PureNu/Snowstorm/22012/7/PMTfied_2.parquet
2025-02-13 17:55:16 - INFO - Filtered PMTfied file saved to: /lustre/hpc/project/icecube/HE_Nu_Aske_Oct2024/PMTfied_filtered/PureNu/Snowstorm/22012/7/PMTfied_6.parquet
2025-02-13 17:55:17 - INFO - Filtered PMTfied file saved to: /lustre/hpc/project/icecube/HE_Nu_Aske_Oct2024/PMTfied_filtered/PureNu/Snowstorm/22012/7/PMTfied_13.parquet
2025-02-13 17:55:18 - INFO - Filtered PMTfied file saved to: /lustre/hpc/project/icecube/HE_Nu_Aske_Oct2024/PMTfied_filtered/PureNu/Snowstorm/22012/7/PMTfied_3.parquet
2025-02-13 17:55:20 - INFO - Filtered PMTfied file saved to: /lustre/hpc/project/icecube/HE_Nu_Aske_Oct2024/PMTfied_filtered/PureNu/Snowstorm/22012/7/PMTfied_7.parquet
2025-02-13 17:55:20 - INFO - Filtering process completed.
2025-02-13 17:55:20 - INFO - Filtering process completed for all selected filters.
2025-02-13 17:55:20 - INFO - Execution time: 21.66 seconds
2025-02-13 17:55:20 - INFO - Updated receipt with execution time: /lustre/hpc/project/icecube/HE_Nu_Aske_Oct2024/PMTfied_filtered/PureNu/Snowstorm/22012/[Receipt]22012_7.json
Job completed at Thu Feb 13 05:55:20 PM CET 2025
