Starting job at Sat Feb 15 01:48:50 PM CET 2025
Running Filter_by_part.py for subdirectory 22012, part 10
2025-02-15 13:48:50 - INFO - Event filtering process starts...
2025-02-15 13:48:50 - INFO - Initialized PureNeutrinoEventFilter filter for 22012/10
2025-02-15 13:48:51 - INFO - Loaded 14 event specifier files from /lustre/hpc/project/icecube/HE_Nu_Aske_Oct2024/clean_events_dict/22012/22012/reduced
2025-02-15 13:48:51 - INFO - Selected 2 CSV files covering event range [4958, 5597]
2025-02-15 13:48:51 - INFO - Loaded 124239 valid (RunID, EventID) pairs from CSV files
2025-02-15 13:48:51 - INFO - Extracted 22710 valid events based on pure neutrino events.
2025-02-15 13:48:51 - INFO - Initialized Muon13Filter filter for 22012/10
2025-02-15 13:48:51 - INFO - Extracted 26187 valid events where MuonFilter_13==True.
2025-02-15 13:48:51 - INFO - Initialized CompositeEventFilter filter for 22012/10
2025-02-15 13:48:51 - INFO - Initialized (MuonLike_PureNu)
2025-02-15 13:48:51 - INFO - Starting filtering process for 22012/10
2025-02-15 13:48:51 - INFO - Starting filtering process for 22012/10
2025-02-15 13:48:52 - INFO - Recalculated 'offset' column based on filtered 'N_doms' values.
2025-02-15 13:48:52 - INFO - Filtered truth file saved to: /lustre/hpc/project/icecube/HE_Nu_Aske_Oct2024/PMTfied_filtered/Snowstorm/MuonLike_PureNu/22012/truth_10.parquet
2025-02-15 13:48:53 - INFO - Filtered PMTfied file saved to: /lustre/hpc/project/icecube/HE_Nu_Aske_Oct2024/PMTfied_filtered/Snowstorm/MuonLike_PureNu/22012/10/PMTfied_5.parquet
2025-02-15 13:48:55 - INFO - Filtered PMTfied file saved to: /lustre/hpc/project/icecube/HE_Nu_Aske_Oct2024/PMTfied_filtered/Snowstorm/MuonLike_PureNu/22012/10/PMTfied_1.parquet
2025-02-15 13:48:56 - INFO - Filtered PMTfied file saved to: /lustre/hpc/project/icecube/HE_Nu_Aske_Oct2024/PMTfied_filtered/Snowstorm/MuonLike_PureNu/22012/10/PMTfied_9.parquet
2025-02-15 13:48:58 - INFO - Filtered PMTfied file saved to: /lustre/hpc/project/icecube/HE_Nu_Aske_Oct2024/PMTfied_filtered/Snowstorm/MuonLike_PureNu/22012/10/PMTfied_10.parquet
2025-02-15 13:49:01 - INFO - Filtered PMTfied file saved to: /lustre/hpc/project/icecube/HE_Nu_Aske_Oct2024/PMTfied_filtered/Snowstorm/MuonLike_PureNu/22012/10/PMTfied_14.parquet
2025-02-15 13:49:02 - INFO - Filtered PMTfied file saved to: /lustre/hpc/project/icecube/HE_Nu_Aske_Oct2024/PMTfied_filtered/Snowstorm/MuonLike_PureNu/22012/10/PMTfied_8.parquet
2025-02-15 13:49:04 - INFO - Filtered PMTfied file saved to: /lustre/hpc/project/icecube/HE_Nu_Aske_Oct2024/PMTfied_filtered/Snowstorm/MuonLike_PureNu/22012/10/PMTfied_4.parquet
2025-02-15 13:49:06 - INFO - Filtered PMTfied file saved to: /lustre/hpc/project/icecube/HE_Nu_Aske_Oct2024/PMTfied_filtered/Snowstorm/MuonLike_PureNu/22012/10/PMTfied_11.parquet
2025-02-15 13:49:07 - INFO - Filtered PMTfied file saved to: /lustre/hpc/project/icecube/HE_Nu_Aske_Oct2024/PMTfied_filtered/Snowstorm/MuonLike_PureNu/22012/10/PMTfied_15.parquet
2025-02-15 13:49:09 - INFO - Filtered PMTfied file saved to: /lustre/hpc/project/icecube/HE_Nu_Aske_Oct2024/PMTfied_filtered/Snowstorm/MuonLike_PureNu/22012/10/PMTfied_6.parquet
2025-02-15 13:49:11 - INFO - Filtered PMTfied file saved to: /lustre/hpc/project/icecube/HE_Nu_Aske_Oct2024/PMTfied_filtered/Snowstorm/MuonLike_PureNu/22012/10/PMTfied_2.parquet
2025-02-15 13:49:12 - INFO - Filtered PMTfied file saved to: /lustre/hpc/project/icecube/HE_Nu_Aske_Oct2024/PMTfied_filtered/Snowstorm/MuonLike_PureNu/22012/10/PMTfied_13.parquet
2025-02-15 13:49:14 - INFO - Filtered PMTfied file saved to: /lustre/hpc/project/icecube/HE_Nu_Aske_Oct2024/PMTfied_filtered/Snowstorm/MuonLike_PureNu/22012/10/PMTfied_7.parquet
2025-02-15 13:49:16 - INFO - Filtered PMTfied file saved to: /lustre/hpc/project/icecube/HE_Nu_Aske_Oct2024/PMTfied_filtered/Snowstorm/MuonLike_PureNu/22012/10/PMTfied_3.parquet
2025-02-15 13:49:18 - INFO - Filtered PMTfied file saved to: /lustre/hpc/project/icecube/HE_Nu_Aske_Oct2024/PMTfied_filtered/Snowstorm/MuonLike_PureNu/22012/10/PMTfied_12.parquet
2025-02-15 13:49:18 - INFO - Filtering process completed.
2025-02-15 13:49:18 - INFO - Filtering process completed.
2025-02-15 13:49:18 - INFO - Unified receipt generated: /lustre/hpc/project/icecube/HE_Nu_Aske_Oct2024/PMTfied_filtered/Snowstorm/MuonLike_PureNu/22012/[Receipt]22012_10.json
2025-02-15 13:49:18 - INFO - Filtering process completed.
Job completed at Sat Feb 15 01:49:18 PM CET 2025
