Starting job at Mon Feb 24 01:08:59 PM CET 2025
Running Filter_by_part.py for subdirectory 22012, part 10
2025-02-24 13:09:00 - INFO - Event filtering process starts...
2025-02-24 13:09:00 - INFO - Initialized PureNeutrinoEventFilter filter for 22012/10
2025-02-24 13:09:00 - INFO - Loaded 14 event specifier files from /lustre/hpc/project/icecube/HE_Nu_Aske_Oct2024/clean_events_dict/22012/22012/reduced
2025-02-24 13:09:00 - INFO - Selected 2 CSV files covering event range [4958, 5597]
2025-02-24 13:09:00 - INFO - Loaded 124239 valid (RunID, EventID) pairs from CSV files
2025-02-24 13:09:01 - INFO - Extracted 22710 valid events based on pure neutrino events.
2025-02-24 13:09:01 - INFO - Initialized Muon13Filter filter for 22012/10
2025-02-24 13:09:01 - INFO - Extracted 26187 valid events where MuonFilter_13==True.
2025-02-24 13:09:01 - INFO - Initialized CCFilter filter for 22012/10
2025-02-24 13:09:01 - INFO - Extracted 26952 valid events which are CC interactions.
2025-02-24 13:09:01 - INFO - Initialized CompositeEventFilter filter for 22012/10
2025-02-24 13:09:01 - INFO - Initialized (CC_CRclean_MuonLike)
2025-02-24 13:09:01 - INFO - Starting filtering process for 22012/10
2025-02-24 13:09:01 - INFO - Starting filtering process for 22012/10
2025-02-24 13:09:02 - INFO - Recalculated 'offset' column based on 'N_doms' values within each 'shard_no' group.
2025-02-24 13:09:02 - INFO - Filtered truth file saved to: /lustre/hpc/project/icecube/HE_Nu_Aske_Oct2024/PMTfied_filtered/Snowstorm/CC_CRclean_MuonLike/22012/truth_10.parquet
2025-02-24 13:09:04 - INFO - Filtered PMTfied file saved to: /lustre/hpc/project/icecube/HE_Nu_Aske_Oct2024/PMTfied_filtered/Snowstorm/CC_CRclean_MuonLike/22012/10/PMTfied_5.parquet
2025-02-24 13:09:05 - INFO - Filtered PMTfied file saved to: /lustre/hpc/project/icecube/HE_Nu_Aske_Oct2024/PMTfied_filtered/Snowstorm/CC_CRclean_MuonLike/22012/10/PMTfied_1.parquet
2025-02-24 13:09:07 - INFO - Filtered PMTfied file saved to: /lustre/hpc/project/icecube/HE_Nu_Aske_Oct2024/PMTfied_filtered/Snowstorm/CC_CRclean_MuonLike/22012/10/PMTfied_9.parquet
2025-02-24 13:09:08 - INFO - Filtered PMTfied file saved to: /lustre/hpc/project/icecube/HE_Nu_Aske_Oct2024/PMTfied_filtered/Snowstorm/CC_CRclean_MuonLike/22012/10/PMTfied_10.parquet
2025-02-24 13:09:10 - INFO - Filtered PMTfied file saved to: /lustre/hpc/project/icecube/HE_Nu_Aske_Oct2024/PMTfied_filtered/Snowstorm/CC_CRclean_MuonLike/22012/10/PMTfied_14.parquet
2025-02-24 13:09:11 - INFO - Filtered PMTfied file saved to: /lustre/hpc/project/icecube/HE_Nu_Aske_Oct2024/PMTfied_filtered/Snowstorm/CC_CRclean_MuonLike/22012/10/PMTfied_8.parquet
2025-02-24 13:09:13 - INFO - Filtered PMTfied file saved to: /lustre/hpc/project/icecube/HE_Nu_Aske_Oct2024/PMTfied_filtered/Snowstorm/CC_CRclean_MuonLike/22012/10/PMTfied_4.parquet
2025-02-24 13:09:14 - INFO - Filtered PMTfied file saved to: /lustre/hpc/project/icecube/HE_Nu_Aske_Oct2024/PMTfied_filtered/Snowstorm/CC_CRclean_MuonLike/22012/10/PMTfied_11.parquet
2025-02-24 13:09:15 - INFO - Filtered PMTfied file saved to: /lustre/hpc/project/icecube/HE_Nu_Aske_Oct2024/PMTfied_filtered/Snowstorm/CC_CRclean_MuonLike/22012/10/PMTfied_15.parquet
2025-02-24 13:09:17 - INFO - Filtered PMTfied file saved to: /lustre/hpc/project/icecube/HE_Nu_Aske_Oct2024/PMTfied_filtered/Snowstorm/CC_CRclean_MuonLike/22012/10/PMTfied_6.parquet
2025-02-24 13:09:18 - INFO - Filtered PMTfied file saved to: /lustre/hpc/project/icecube/HE_Nu_Aske_Oct2024/PMTfied_filtered/Snowstorm/CC_CRclean_MuonLike/22012/10/PMTfied_2.parquet
2025-02-24 13:09:20 - INFO - Filtered PMTfied file saved to: /lustre/hpc/project/icecube/HE_Nu_Aske_Oct2024/PMTfied_filtered/Snowstorm/CC_CRclean_MuonLike/22012/10/PMTfied_13.parquet
2025-02-24 13:09:21 - INFO - Filtered PMTfied file saved to: /lustre/hpc/project/icecube/HE_Nu_Aske_Oct2024/PMTfied_filtered/Snowstorm/CC_CRclean_MuonLike/22012/10/PMTfied_7.parquet
2025-02-24 13:09:23 - INFO - Filtered PMTfied file saved to: /lustre/hpc/project/icecube/HE_Nu_Aske_Oct2024/PMTfied_filtered/Snowstorm/CC_CRclean_MuonLike/22012/10/PMTfied_3.parquet
2025-02-24 13:09:24 - INFO - Filtered PMTfied file saved to: /lustre/hpc/project/icecube/HE_Nu_Aske_Oct2024/PMTfied_filtered/Snowstorm/CC_CRclean_MuonLike/22012/10/PMTfied_12.parquet
2025-02-24 13:09:24 - INFO - Filtering process completed.
2025-02-24 13:09:24 - INFO - Filtering process completed.
2025-02-24 13:09:24 - INFO - Unified receipt generated: /lustre/hpc/project/icecube/HE_Nu_Aske_Oct2024/PMTfied_filtered/Snowstorm/CC_CRclean_MuonLike/22012/[Receipt]22012_10.json
2025-02-24 13:09:24 - INFO - Filtering process completed.
Job completed at Mon Feb 24 01:09:24 PM CET 2025
