Starting job at Thu Feb 13 05:09:37 PM CET 2025
Running Filter_by_part.py for subdirectory 22012, part 17
2025-02-13 17:09:37 - INFO - Event filtering process starts...
2025-02-13 17:09:37 - INFO - Initialized Muon13Filter
2025-02-13 17:09:37 - INFO - Starting filtering process for 22012/17
2025-02-13 17:09:39 - INFO - Recalculated 'offset' column based on filtered 'N_doms' values.
2025-02-13 17:09:39 - INFO - Filtered truth file saved to: /lustre/hpc/project/icecube/HE_Nu_Aske_Oct2024/PMTfied_filtered/MuonLike/Snowstorm/22012/truth_17.parquet
2025-02-13 17:09:39 - INFO - Receipt file saved to: /lustre/hpc/project/icecube/HE_Nu_Aske_Oct2024/PMTfied_filtered/MuonLike/Snowstorm/22012/[Receipt]22012_17.json
2025-02-13 17:09:41 - INFO - Filtered PMTfied file saved to: /lustre/hpc/project/icecube/HE_Nu_Aske_Oct2024/PMTfied_filtered/MuonLike/Snowstorm/22012/17/PMTfied_11.parquet
2025-02-13 17:09:41 - INFO - Filtered PMTfied file saved to: /lustre/hpc/project/icecube/HE_Nu_Aske_Oct2024/PMTfied_filtered/MuonLike/Snowstorm/22012/17/PMTfied_15.parquet
2025-02-13 17:09:43 - INFO - Filtered PMTfied file saved to: /lustre/hpc/project/icecube/HE_Nu_Aske_Oct2024/PMTfied_filtered/MuonLike/Snowstorm/22012/17/PMTfied_4.parquet
2025-02-13 17:09:45 - INFO - Filtered PMTfied file saved to: /lustre/hpc/project/icecube/HE_Nu_Aske_Oct2024/PMTfied_filtered/MuonLike/Snowstorm/22012/17/PMTfied_8.parquet
2025-02-13 17:09:46 - INFO - Filtered PMTfied file saved to: /lustre/hpc/project/icecube/HE_Nu_Aske_Oct2024/PMTfied_filtered/MuonLike/Snowstorm/22012/17/PMTfied_9.parquet
2025-02-13 17:09:48 - INFO - Filtered PMTfied file saved to: /lustre/hpc/project/icecube/HE_Nu_Aske_Oct2024/PMTfied_filtered/MuonLike/Snowstorm/22012/17/PMTfied_1.parquet
2025-02-13 17:09:49 - INFO - Filtered PMTfied file saved to: /lustre/hpc/project/icecube/HE_Nu_Aske_Oct2024/PMTfied_filtered/MuonLike/Snowstorm/22012/17/PMTfied_5.parquet
2025-02-13 17:09:51 - INFO - Filtered PMTfied file saved to: /lustre/hpc/project/icecube/HE_Nu_Aske_Oct2024/PMTfied_filtered/MuonLike/Snowstorm/22012/17/PMTfied_10.parquet
2025-02-13 17:09:52 - INFO - Filtered PMTfied file saved to: /lustre/hpc/project/icecube/HE_Nu_Aske_Oct2024/PMTfied_filtered/MuonLike/Snowstorm/22012/17/PMTfied_14.parquet
2025-02-13 17:09:54 - INFO - Filtered PMTfied file saved to: /lustre/hpc/project/icecube/HE_Nu_Aske_Oct2024/PMTfied_filtered/MuonLike/Snowstorm/22012/17/PMTfied_3.parquet
2025-02-13 17:09:56 - INFO - Filtered PMTfied file saved to: /lustre/hpc/project/icecube/HE_Nu_Aske_Oct2024/PMTfied_filtered/MuonLike/Snowstorm/22012/17/PMTfied_7.parquet
2025-02-13 17:09:57 - INFO - Filtered PMTfied file saved to: /lustre/hpc/project/icecube/HE_Nu_Aske_Oct2024/PMTfied_filtered/MuonLike/Snowstorm/22012/17/PMTfied_12.parquet
2025-02-13 17:09:59 - INFO - Filtered PMTfied file saved to: /lustre/hpc/project/icecube/HE_Nu_Aske_Oct2024/PMTfied_filtered/MuonLike/Snowstorm/22012/17/PMTfied_13.parquet
2025-02-13 17:10:00 - INFO - Filtered PMTfied file saved to: /lustre/hpc/project/icecube/HE_Nu_Aske_Oct2024/PMTfied_filtered/MuonLike/Snowstorm/22012/17/PMTfied_2.parquet
2025-02-13 17:10:02 - INFO - Filtered PMTfied file saved to: /lustre/hpc/project/icecube/HE_Nu_Aske_Oct2024/PMTfied_filtered/MuonLike/Snowstorm/22012/17/PMTfied_6.parquet
2025-02-13 17:10:02 - INFO - Filtering process completed.
2025-02-13 17:10:02 - INFO - Filtering process completed for all selected filters.
2025-02-13 17:10:02 - INFO - Execution time: 24.78 seconds
2025-02-13 17:10:02 - INFO - Updated receipt with execution time: /lustre/hpc/project/icecube/HE_Nu_Aske_Oct2024/PMTfied_filtered/MuonLike/Snowstorm/22012/[Receipt]22012_17.json
Job completed at Thu Feb 13 05:10:02 PM CET 2025
