Starting job at Mon Feb 17 04:10:05 PM CET 2025
Running Filter_by_part.py for subdirectory 22012, part 20
2025-02-17 16:10:05 - INFO - Event filtering process starts...
2025-02-17 16:10:05 - INFO - Initialized Muon13Filter filter for 22012/20
2025-02-17 16:10:05 - INFO - Extracted 26557 valid events where MuonFilter_13==True.
2025-02-17 16:10:05 - INFO - Initialized CompositeEventFilter filter for 22012/20
2025-02-17 16:10:05 - INFO - Initialized (MuonLike)
2025-02-17 16:10:05 - INFO - Starting filtering process for 22012/20
2025-02-17 16:10:05 - INFO - Starting filtering process for 22012/20
2025-02-17 16:10:05 - INFO - Recalculated 'offset' column based on 'N_doms' values within each 'shard_no' group.
2025-02-17 16:10:06 - INFO - Filtered truth file saved to: /lustre/hpc/project/icecube/HE_Nu_Aske_Oct2024/PMTfied_filtered/Snowstorm/MuonLike/22012/truth_20.parquet
2025-02-17 16:10:06 - INFO - Filtered PMTfied file saved to: /lustre/hpc/project/icecube/HE_Nu_Aske_Oct2024/PMTfied_filtered/Snowstorm/MuonLike/22012/20/PMTfied_11.parquet
2025-02-17 16:10:07 - INFO - Filtered PMTfied file saved to: /lustre/hpc/project/icecube/HE_Nu_Aske_Oct2024/PMTfied_filtered/Snowstorm/MuonLike/22012/20/PMTfied_15.parquet
2025-02-17 16:10:08 - INFO - Filtered PMTfied file saved to: /lustre/hpc/project/icecube/HE_Nu_Aske_Oct2024/PMTfied_filtered/Snowstorm/MuonLike/22012/20/PMTfied_3.parquet
2025-02-17 16:10:09 - INFO - Filtered PMTfied file saved to: /lustre/hpc/project/icecube/HE_Nu_Aske_Oct2024/PMTfied_filtered/Snowstorm/MuonLike/22012/20/PMTfied_7.parquet
2025-02-17 16:10:09 - INFO - Filtered PMTfied file saved to: /lustre/hpc/project/icecube/HE_Nu_Aske_Oct2024/PMTfied_filtered/Snowstorm/MuonLike/22012/20/PMTfied_2.parquet
2025-02-17 16:10:10 - INFO - Filtered PMTfied file saved to: /lustre/hpc/project/icecube/HE_Nu_Aske_Oct2024/PMTfied_filtered/Snowstorm/MuonLike/22012/20/PMTfied_6.parquet
2025-02-17 16:10:11 - INFO - Filtered PMTfied file saved to: /lustre/hpc/project/icecube/HE_Nu_Aske_Oct2024/PMTfied_filtered/Snowstorm/MuonLike/22012/20/PMTfied_10.parquet
2025-02-17 16:10:12 - INFO - Filtered PMTfied file saved to: /lustre/hpc/project/icecube/HE_Nu_Aske_Oct2024/PMTfied_filtered/Snowstorm/MuonLike/22012/20/PMTfied_14.parquet
2025-02-17 16:10:13 - INFO - Filtered PMTfied file saved to: /lustre/hpc/project/icecube/HE_Nu_Aske_Oct2024/PMTfied_filtered/Snowstorm/MuonLike/22012/20/PMTfied_8.parquet
2025-02-17 16:10:14 - INFO - Filtered PMTfied file saved to: /lustre/hpc/project/icecube/HE_Nu_Aske_Oct2024/PMTfied_filtered/Snowstorm/MuonLike/22012/20/PMTfied_4.parquet
2025-02-17 16:10:15 - INFO - Filtered PMTfied file saved to: /lustre/hpc/project/icecube/HE_Nu_Aske_Oct2024/PMTfied_filtered/Snowstorm/MuonLike/22012/20/PMTfied_12.parquet
2025-02-17 16:10:15 - INFO - Filtered PMTfied file saved to: /lustre/hpc/project/icecube/HE_Nu_Aske_Oct2024/PMTfied_filtered/Snowstorm/MuonLike/22012/20/PMTfied_13.parquet
2025-02-17 16:10:16 - INFO - Filtered PMTfied file saved to: /lustre/hpc/project/icecube/HE_Nu_Aske_Oct2024/PMTfied_filtered/Snowstorm/MuonLike/22012/20/PMTfied_1.parquet
2025-02-17 16:10:17 - INFO - Filtered PMTfied file saved to: /lustre/hpc/project/icecube/HE_Nu_Aske_Oct2024/PMTfied_filtered/Snowstorm/MuonLike/22012/20/PMTfied_5.parquet
2025-02-17 16:10:18 - INFO - Filtered PMTfied file saved to: /lustre/hpc/project/icecube/HE_Nu_Aske_Oct2024/PMTfied_filtered/Snowstorm/MuonLike/22012/20/PMTfied_9.parquet
2025-02-17 16:10:18 - INFO - Filtering process completed.
2025-02-17 16:10:18 - INFO - Filtering process completed.
2025-02-17 16:10:18 - INFO - Unified receipt generated: /lustre/hpc/project/icecube/HE_Nu_Aske_Oct2024/PMTfied_filtered/Snowstorm/MuonLike/22012/[Receipt]22012_20.json
2025-02-17 16:10:18 - INFO - Filtering process completed.
Job completed at Mon Feb 17 04:10:18 PM CET 2025
