Starting job at Mon Feb 24 01:52:07 PM CET 2025
Running Filter_by_part.py for subdirectory 22012, part 12
2025-02-24 13:52:07 - INFO - Event filtering process starts...
2025-02-24 13:52:07 - INFO - Initialized PureNeutrinoEventFilter filter for 22012/12
2025-02-24 13:52:08 - INFO - Loaded 14 event specifier files from /lustre/hpc/project/icecube/HE_Nu_Aske_Oct2024/clean_events_dict/22012/22012/reduced
2025-02-24 13:52:08 - INFO - Selected 1 CSV files covering event range [6087, 6649]
2025-02-24 13:52:08 - INFO - Loaded 61649 valid (RunID, EventID) pairs from CSV files
2025-02-24 13:52:08 - INFO - Extracted 22168 valid events based on pure neutrino events.
2025-02-24 13:52:08 - INFO - Initialized CCFilter filter for 22012/12
2025-02-24 13:52:08 - INFO - Extracted 26435 valid events which are CC interactions.
2025-02-24 13:52:08 - INFO - Initialized ContainmentFilter filter for 22012/12
2025-02-24 13:52:08 - INFO - Extracted 2312 valid events within the specified containment region.
2025-02-24 13:52:08 - INFO - Initialized CompositeEventFilter filter for 22012/12
2025-02-24 13:52:08 - INFO - Initialized (CC_CRclean_Contained)
2025-02-24 13:52:08 - INFO - Starting filtering process for 22012/12
2025-02-24 13:52:08 - INFO - Starting filtering process for 22012/12
2025-02-24 13:52:08 - INFO - Recalculated 'offset' column based on 'N_doms' values within each 'shard_no' group.
2025-02-24 13:52:08 - INFO - Filtered truth file saved to: /lustre/hpc/project/icecube/HE_Nu_Aske_Oct2024/PMTfied_filtered/Snowstorm/CC_CRclean_Contained/22012/truth_12.parquet
2025-02-24 13:52:09 - INFO - Filtered PMTfied file saved to: /lustre/hpc/project/icecube/HE_Nu_Aske_Oct2024/PMTfied_filtered/Snowstorm/CC_CRclean_Contained/22012/12/PMTfied_6.parquet
2025-02-24 13:52:10 - INFO - Filtered PMTfied file saved to: /lustre/hpc/project/icecube/HE_Nu_Aske_Oct2024/PMTfied_filtered/Snowstorm/CC_CRclean_Contained/22012/12/PMTfied_2.parquet
2025-02-24 13:52:11 - INFO - Filtered PMTfied file saved to: /lustre/hpc/project/icecube/HE_Nu_Aske_Oct2024/PMTfied_filtered/Snowstorm/CC_CRclean_Contained/22012/12/PMTfied_12.parquet
2025-02-24 13:52:12 - INFO - Filtered PMTfied file saved to: /lustre/hpc/project/icecube/HE_Nu_Aske_Oct2024/PMTfied_filtered/Snowstorm/CC_CRclean_Contained/22012/12/PMTfied_7.parquet
2025-02-24 13:52:13 - INFO - Filtered PMTfied file saved to: /lustre/hpc/project/icecube/HE_Nu_Aske_Oct2024/PMTfied_filtered/Snowstorm/CC_CRclean_Contained/22012/12/PMTfied_3.parquet
2025-02-24 13:52:14 - INFO - Filtered PMTfied file saved to: /lustre/hpc/project/icecube/HE_Nu_Aske_Oct2024/PMTfied_filtered/Snowstorm/CC_CRclean_Contained/22012/12/PMTfied_13.parquet
2025-02-24 13:52:14 - INFO - Filtered PMTfied file saved to: /lustre/hpc/project/icecube/HE_Nu_Aske_Oct2024/PMTfied_filtered/Snowstorm/CC_CRclean_Contained/22012/12/PMTfied_15.parquet
2025-02-24 13:52:15 - INFO - Filtered PMTfied file saved to: /lustre/hpc/project/icecube/HE_Nu_Aske_Oct2024/PMTfied_filtered/Snowstorm/CC_CRclean_Contained/22012/12/PMTfied_5.parquet
2025-02-24 13:52:16 - INFO - Filtered PMTfied file saved to: /lustre/hpc/project/icecube/HE_Nu_Aske_Oct2024/PMTfied_filtered/Snowstorm/CC_CRclean_Contained/22012/12/PMTfied_11.parquet
2025-02-24 13:52:17 - INFO - Filtered PMTfied file saved to: /lustre/hpc/project/icecube/HE_Nu_Aske_Oct2024/PMTfied_filtered/Snowstorm/CC_CRclean_Contained/22012/12/PMTfied_1.parquet
2025-02-24 13:52:18 - INFO - Filtered PMTfied file saved to: /lustre/hpc/project/icecube/HE_Nu_Aske_Oct2024/PMTfied_filtered/Snowstorm/CC_CRclean_Contained/22012/12/PMTfied_9.parquet
2025-02-24 13:52:19 - INFO - Filtered PMTfied file saved to: /lustre/hpc/project/icecube/HE_Nu_Aske_Oct2024/PMTfied_filtered/Snowstorm/CC_CRclean_Contained/22012/12/PMTfied_8.parquet
2025-02-24 13:52:20 - INFO - Filtered PMTfied file saved to: /lustre/hpc/project/icecube/HE_Nu_Aske_Oct2024/PMTfied_filtered/Snowstorm/CC_CRclean_Contained/22012/12/PMTfied_14.parquet
2025-02-24 13:52:21 - INFO - Filtered PMTfied file saved to: /lustre/hpc/project/icecube/HE_Nu_Aske_Oct2024/PMTfied_filtered/Snowstorm/CC_CRclean_Contained/22012/12/PMTfied_4.parquet
2025-02-24 13:52:21 - INFO - Filtered PMTfied file saved to: /lustre/hpc/project/icecube/HE_Nu_Aske_Oct2024/PMTfied_filtered/Snowstorm/CC_CRclean_Contained/22012/12/PMTfied_10.parquet
2025-02-24 13:52:21 - INFO - Filtering process completed.
2025-02-24 13:52:21 - INFO - Filtering process completed.
2025-02-24 13:52:21 - INFO - Unified receipt generated: /lustre/hpc/project/icecube/HE_Nu_Aske_Oct2024/PMTfied_filtered/Snowstorm/CC_CRclean_Contained/22012/[Receipt]22012_12.json
2025-02-24 13:52:21 - INFO - Filtering process completed.
Job completed at Mon Feb 24 01:52:22 PM CET 2025
