Starting job at Sat Feb 15 01:49:09 PM CET 2025
Running Filter_by_part.py for subdirectory 22012, part 14
2025-02-15 13:49:09 - INFO - Event filtering process starts...
2025-02-15 13:49:09 - INFO - Initialized PureNeutrinoEventFilter filter for 22012/14
2025-02-15 13:49:09 - INFO - Loaded 14 event specifier files from /lustre/hpc/project/icecube/HE_Nu_Aske_Oct2024/clean_events_dict/22012/22012/reduced
2025-02-15 13:49:09 - INFO - Selected 1 CSV files covering event range [7169, 7798]
2025-02-15 13:49:09 - INFO - Loaded 61431 valid (RunID, EventID) pairs from CSV files
2025-02-15 13:49:10 - INFO - Extracted 22523 valid events based on pure neutrino events.
2025-02-15 13:49:10 - INFO - Initialized Muon13Filter filter for 22012/14
2025-02-15 13:49:10 - INFO - Extracted 26049 valid events where MuonFilter_13==True.
2025-02-15 13:49:10 - INFO - Initialized CompositeEventFilter filter for 22012/14
2025-02-15 13:49:10 - INFO - Initialized (MuonLike_PureNu)
2025-02-15 13:49:10 - INFO - Starting filtering process for 22012/14
2025-02-15 13:49:10 - INFO - Starting filtering process for 22012/14
2025-02-15 13:49:10 - INFO - Recalculated 'offset' column based on filtered 'N_doms' values.
2025-02-15 13:49:11 - INFO - Filtered truth file saved to: /lustre/hpc/project/icecube/HE_Nu_Aske_Oct2024/PMTfied_filtered/Snowstorm/MuonLike_PureNu/22012/truth_14.parquet
2025-02-15 13:49:12 - INFO - Filtered PMTfied file saved to: /lustre/hpc/project/icecube/HE_Nu_Aske_Oct2024/PMTfied_filtered/Snowstorm/MuonLike_PureNu/22012/14/PMTfied_12.parquet
2025-02-15 13:49:13 - INFO - Filtered PMTfied file saved to: /lustre/hpc/project/icecube/HE_Nu_Aske_Oct2024/PMTfied_filtered/Snowstorm/MuonLike_PureNu/22012/14/PMTfied_2.parquet
2025-02-15 13:49:15 - INFO - Filtered PMTfied file saved to: /lustre/hpc/project/icecube/HE_Nu_Aske_Oct2024/PMTfied_filtered/Snowstorm/MuonLike_PureNu/22012/14/PMTfied_6.parquet
2025-02-15 13:49:16 - INFO - Filtered PMTfied file saved to: /lustre/hpc/project/icecube/HE_Nu_Aske_Oct2024/PMTfied_filtered/Snowstorm/MuonLike_PureNu/22012/14/PMTfied_3.parquet
2025-02-15 13:49:17 - INFO - Filtered PMTfied file saved to: /lustre/hpc/project/icecube/HE_Nu_Aske_Oct2024/PMTfied_filtered/Snowstorm/MuonLike_PureNu/22012/14/PMTfied_7.parquet
2025-02-15 13:49:19 - INFO - Filtered PMTfied file saved to: /lustre/hpc/project/icecube/HE_Nu_Aske_Oct2024/PMTfied_filtered/Snowstorm/MuonLike_PureNu/22012/14/PMTfied_13.parquet
2025-02-15 13:49:20 - INFO - Filtered PMTfied file saved to: /lustre/hpc/project/icecube/HE_Nu_Aske_Oct2024/PMTfied_filtered/Snowstorm/MuonLike_PureNu/22012/14/PMTfied_1.parquet
2025-02-15 13:49:22 - INFO - Filtered PMTfied file saved to: /lustre/hpc/project/icecube/HE_Nu_Aske_Oct2024/PMTfied_filtered/Snowstorm/MuonLike_PureNu/22012/14/PMTfied_5.parquet
2025-02-15 13:49:23 - INFO - Filtered PMTfied file saved to: /lustre/hpc/project/icecube/HE_Nu_Aske_Oct2024/PMTfied_filtered/Snowstorm/MuonLike_PureNu/22012/14/PMTfied_9.parquet
2025-02-15 13:49:24 - INFO - Filtered PMTfied file saved to: /lustre/hpc/project/icecube/HE_Nu_Aske_Oct2024/PMTfied_filtered/Snowstorm/MuonLike_PureNu/22012/14/PMTfied_11.parquet
2025-02-15 13:49:25 - INFO - Filtered PMTfied file saved to: /lustre/hpc/project/icecube/HE_Nu_Aske_Oct2024/PMTfied_filtered/Snowstorm/MuonLike_PureNu/22012/14/PMTfied_15.parquet
2025-02-15 13:49:27 - INFO - Filtered PMTfied file saved to: /lustre/hpc/project/icecube/HE_Nu_Aske_Oct2024/PMTfied_filtered/Snowstorm/MuonLike_PureNu/22012/14/PMTfied_10.parquet
2025-02-15 13:49:28 - INFO - Filtered PMTfied file saved to: /lustre/hpc/project/icecube/HE_Nu_Aske_Oct2024/PMTfied_filtered/Snowstorm/MuonLike_PureNu/22012/14/PMTfied_14.parquet
2025-02-15 13:49:29 - INFO - Filtered PMTfied file saved to: /lustre/hpc/project/icecube/HE_Nu_Aske_Oct2024/PMTfied_filtered/Snowstorm/MuonLike_PureNu/22012/14/PMTfied_8.parquet
2025-02-15 13:49:31 - INFO - Filtered PMTfied file saved to: /lustre/hpc/project/icecube/HE_Nu_Aske_Oct2024/PMTfied_filtered/Snowstorm/MuonLike_PureNu/22012/14/PMTfied_4.parquet
2025-02-15 13:49:31 - INFO - Filtering process completed.
2025-02-15 13:49:31 - INFO - Filtering process completed.
2025-02-15 13:49:31 - INFO - Unified receipt generated: /lustre/hpc/project/icecube/HE_Nu_Aske_Oct2024/PMTfied_filtered/Snowstorm/MuonLike_PureNu/22012/[Receipt]22012_14.json
2025-02-15 13:49:31 - INFO - Filtering process completed.
Job completed at Sat Feb 15 01:49:31 PM CET 2025
