Starting job at Sat Feb 15 12:56:39 PM CET 2025
Running Filter_by_part.py for subdirectory 22012, part 26
2025-02-15 12:56:40 - INFO - Event filtering process starts...
2025-02-15 12:56:40 - INFO - Initialized Muon13Filter filter for 22012/26
2025-02-15 12:56:40 - INFO - Extracted 26349 valid events where MuonFilter_13==True.
2025-02-15 12:56:40 - INFO - Initialized CompositeEventFilter filter for 22012/26
2025-02-15 12:56:40 - INFO - Initialized (MuonLike)
2025-02-15 12:56:40 - INFO - Starting filtering process for 22012/26
2025-02-15 12:56:40 - INFO - Starting filtering process for 22012/26
2025-02-15 12:56:41 - INFO - Recalculated 'offset' column based on filtered 'N_doms' values.
2025-02-15 12:56:41 - INFO - Filtered truth file saved to: /lustre/hpc/project/icecube/HE_Nu_Aske_Oct2024/PMTfied_filtered/Snowstorm/MuonLike/22012/truth_26.parquet
2025-02-15 12:56:43 - INFO - Filtered PMTfied file saved to: /lustre/hpc/project/icecube/HE_Nu_Aske_Oct2024/PMTfied_filtered/Snowstorm/MuonLike/22012/26/PMTfied_7.parquet
2025-02-15 12:56:44 - INFO - Filtered PMTfied file saved to: /lustre/hpc/project/icecube/HE_Nu_Aske_Oct2024/PMTfied_filtered/Snowstorm/MuonLike/22012/26/PMTfied_3.parquet
2025-02-15 12:56:46 - INFO - Filtered PMTfied file saved to: /lustre/hpc/project/icecube/HE_Nu_Aske_Oct2024/PMTfied_filtered/Snowstorm/MuonLike/22012/26/PMTfied_15.parquet
2025-02-15 12:56:47 - INFO - Filtered PMTfied file saved to: /lustre/hpc/project/icecube/HE_Nu_Aske_Oct2024/PMTfied_filtered/Snowstorm/MuonLike/22012/26/PMTfied_11.parquet
2025-02-15 12:56:49 - INFO - Filtered PMTfied file saved to: /lustre/hpc/project/icecube/HE_Nu_Aske_Oct2024/PMTfied_filtered/Snowstorm/MuonLike/22012/26/PMTfied_6.parquet
2025-02-15 12:56:51 - INFO - Filtered PMTfied file saved to: /lustre/hpc/project/icecube/HE_Nu_Aske_Oct2024/PMTfied_filtered/Snowstorm/MuonLike/22012/26/PMTfied_2.parquet
2025-02-15 12:56:52 - INFO - Filtered PMTfied file saved to: /lustre/hpc/project/icecube/HE_Nu_Aske_Oct2024/PMTfied_filtered/Snowstorm/MuonLike/22012/26/PMTfied_14.parquet
2025-02-15 12:56:53 - INFO - Filtered PMTfied file saved to: /lustre/hpc/project/icecube/HE_Nu_Aske_Oct2024/PMTfied_filtered/Snowstorm/MuonLike/22012/26/PMTfied_10.parquet
2025-02-15 12:56:56 - INFO - Filtered PMTfied file saved to: /lustre/hpc/project/icecube/HE_Nu_Aske_Oct2024/PMTfied_filtered/Snowstorm/MuonLike/22012/26/PMTfied_8.parquet
2025-02-15 12:56:57 - INFO - Filtered PMTfied file saved to: /lustre/hpc/project/icecube/HE_Nu_Aske_Oct2024/PMTfied_filtered/Snowstorm/MuonLike/22012/26/PMTfied_4.parquet
2025-02-15 12:56:59 - INFO - Filtered PMTfied file saved to: /lustre/hpc/project/icecube/HE_Nu_Aske_Oct2024/PMTfied_filtered/Snowstorm/MuonLike/22012/26/PMTfied_12.parquet
2025-02-15 12:57:01 - INFO - Filtered PMTfied file saved to: /lustre/hpc/project/icecube/HE_Nu_Aske_Oct2024/PMTfied_filtered/Snowstorm/MuonLike/22012/26/PMTfied_5.parquet
2025-02-15 12:57:03 - INFO - Filtered PMTfied file saved to: /lustre/hpc/project/icecube/HE_Nu_Aske_Oct2024/PMTfied_filtered/Snowstorm/MuonLike/22012/26/PMTfied_1.parquet
2025-02-15 12:57:04 - INFO - Filtered PMTfied file saved to: /lustre/hpc/project/icecube/HE_Nu_Aske_Oct2024/PMTfied_filtered/Snowstorm/MuonLike/22012/26/PMTfied_9.parquet
2025-02-15 12:57:06 - INFO - Filtered PMTfied file saved to: /lustre/hpc/project/icecube/HE_Nu_Aske_Oct2024/PMTfied_filtered/Snowstorm/MuonLike/22012/26/PMTfied_13.parquet
2025-02-15 12:57:06 - INFO - Filtering process completed.
2025-02-15 12:57:06 - INFO - Filtering process completed.
2025-02-15 12:57:06 - INFO - Unified receipt generated: /lustre/hpc/project/icecube/HE_Nu_Aske_Oct2024/PMTfied_filtered/Snowstorm/MuonLike/22012/[Receipt]22012_26.json
2025-02-15 12:57:06 - INFO - Filtering process completed.
Job completed at Sat Feb 15 12:57:06 PM CET 2025
