Starting job at Sat Feb 15 12:10:00 PM CET 2025
Running Filter_by_part.py for subdirectory 22012, part 2
2025-02-15 12:10:00 - INFO - Event filtering process starts...
2025-02-15 12:10:00 - INFO - Initialized PureNeutrinoEventFilter filter for 22012/2
2025-02-15 12:10:01 - INFO - Loaded 14 event specifier files from /lustre/hpc/project/icecube/HE_Nu_Aske_Oct2024/clean_events_dict/22012/22012/reduced
2025-02-15 12:10:01 - INFO - Selected 2 CSV files covering event range [559, 1188]
2025-02-15 12:10:01 - INFO - Loaded 124584 valid (RunID, EventID) pairs from CSV files
2025-02-15 12:10:01 - INFO - Extracted 22417 valid events based on pure neutrino events.
2025-02-15 12:10:01 - INFO - Initialized CompositeEventFilter filter for 22012/2
2025-02-15 12:10:01 - INFO - Initialized (PureNu)
2025-02-15 12:10:01 - INFO - Starting filtering process for 22012/2
2025-02-15 12:10:01 - INFO - Starting filtering process for 22012/2
2025-02-15 12:10:02 - INFO - Recalculated 'offset' column based on filtered 'N_doms' values.
2025-02-15 12:10:02 - INFO - Filtered truth file saved to: /lustre/hpc/project/icecube/HE_Nu_Aske_Oct2024/PMTfied_filtered/Snowstorm/PureNu/22012/truth_2.parquet
2025-02-15 12:10:03 - INFO - Filtered PMTfied file saved to: /lustre/hpc/project/icecube/HE_Nu_Aske_Oct2024/PMTfied_filtered/Snowstorm/PureNu/22012/2/PMTfied_12.parquet
2025-02-15 12:10:04 - INFO - Filtered PMTfied file saved to: /lustre/hpc/project/icecube/HE_Nu_Aske_Oct2024/PMTfied_filtered/Snowstorm/PureNu/22012/2/PMTfied_3.parquet
2025-02-15 12:10:06 - INFO - Filtered PMTfied file saved to: /lustre/hpc/project/icecube/HE_Nu_Aske_Oct2024/PMTfied_filtered/Snowstorm/PureNu/22012/2/PMTfied_7.parquet
2025-02-15 12:10:07 - INFO - Filtered PMTfied file saved to: /lustre/hpc/project/icecube/HE_Nu_Aske_Oct2024/PMTfied_filtered/Snowstorm/PureNu/22012/2/PMTfied_13.parquet
2025-02-15 12:10:08 - INFO - Filtered PMTfied file saved to: /lustre/hpc/project/icecube/HE_Nu_Aske_Oct2024/PMTfied_filtered/Snowstorm/PureNu/22012/2/PMTfied_2.parquet
2025-02-15 12:10:09 - INFO - Filtered PMTfied file saved to: /lustre/hpc/project/icecube/HE_Nu_Aske_Oct2024/PMTfied_filtered/Snowstorm/PureNu/22012/2/PMTfied_6.parquet
2025-02-15 12:10:10 - INFO - Filtered PMTfied file saved to: /lustre/hpc/project/icecube/HE_Nu_Aske_Oct2024/PMTfied_filtered/Snowstorm/PureNu/22012/2/PMTfied_11.parquet
2025-02-15 12:10:11 - INFO - Filtered PMTfied file saved to: /lustre/hpc/project/icecube/HE_Nu_Aske_Oct2024/PMTfied_filtered/Snowstorm/PureNu/22012/2/PMTfied_15.parquet
2025-02-15 12:10:12 - INFO - Filtered PMTfied file saved to: /lustre/hpc/project/icecube/HE_Nu_Aske_Oct2024/PMTfied_filtered/Snowstorm/PureNu/22012/2/PMTfied_4.parquet
2025-02-15 12:10:13 - INFO - Filtered PMTfied file saved to: /lustre/hpc/project/icecube/HE_Nu_Aske_Oct2024/PMTfied_filtered/Snowstorm/PureNu/22012/2/PMTfied_8.parquet
2025-02-15 12:10:14 - INFO - Filtered PMTfied file saved to: /lustre/hpc/project/icecube/HE_Nu_Aske_Oct2024/PMTfied_filtered/Snowstorm/PureNu/22012/2/PMTfied_10.parquet
2025-02-15 12:10:15 - INFO - Filtered PMTfied file saved to: /lustre/hpc/project/icecube/HE_Nu_Aske_Oct2024/PMTfied_filtered/Snowstorm/PureNu/22012/2/PMTfied_14.parquet
2025-02-15 12:10:16 - INFO - Filtered PMTfied file saved to: /lustre/hpc/project/icecube/HE_Nu_Aske_Oct2024/PMTfied_filtered/Snowstorm/PureNu/22012/2/PMTfied_9.parquet
2025-02-15 12:10:18 - INFO - Filtered PMTfied file saved to: /lustre/hpc/project/icecube/HE_Nu_Aske_Oct2024/PMTfied_filtered/Snowstorm/PureNu/22012/2/PMTfied_1.parquet
2025-02-15 12:10:19 - INFO - Filtered PMTfied file saved to: /lustre/hpc/project/icecube/HE_Nu_Aske_Oct2024/PMTfied_filtered/Snowstorm/PureNu/22012/2/PMTfied_5.parquet
2025-02-15 12:10:19 - INFO - Filtering process completed.
2025-02-15 12:10:19 - INFO - Filtering process completed.
2025-02-15 12:10:19 - INFO - Unified receipt generated: /lustre/hpc/project/icecube/HE_Nu_Aske_Oct2024/PMTfied_filtered/Snowstorm/PureNu/22012/[Receipt]22012_2.json
2025-02-15 12:10:19 - INFO - Filtering process completed.
Job completed at Sat Feb 15 12:10:19 PM CET 2025
