Starting job at Sat Feb 15 12:10:36 PM CET 2025
Running Filter_by_part.py for subdirectory 22012, part 14
2025-02-15 12:10:36 - INFO - Event filtering process starts...
2025-02-15 12:10:36 - INFO - Initialized PureNeutrinoEventFilter filter for 22012/14
2025-02-15 12:10:37 - INFO - Loaded 14 event specifier files from /lustre/hpc/project/icecube/HE_Nu_Aske_Oct2024/clean_events_dict/22012/22012/reduced
2025-02-15 12:10:37 - INFO - Selected 1 CSV files covering event range [7169, 7798]
2025-02-15 12:10:37 - INFO - Loaded 61431 valid (RunID, EventID) pairs from CSV files
2025-02-15 12:10:37 - INFO - Extracted 22523 valid events based on pure neutrino events.
2025-02-15 12:10:37 - INFO - Initialized CompositeEventFilter filter for 22012/14
2025-02-15 12:10:37 - INFO - Initialized (PureNu)
2025-02-15 12:10:37 - INFO - Starting filtering process for 22012/14
2025-02-15 12:10:37 - INFO - Starting filtering process for 22012/14
2025-02-15 12:10:38 - INFO - Recalculated 'offset' column based on filtered 'N_doms' values.
2025-02-15 12:10:38 - INFO - Filtered truth file saved to: /lustre/hpc/project/icecube/HE_Nu_Aske_Oct2024/PMTfied_filtered/Snowstorm/PureNu/22012/truth_14.parquet
2025-02-15 12:10:40 - INFO - Filtered PMTfied file saved to: /lustre/hpc/project/icecube/HE_Nu_Aske_Oct2024/PMTfied_filtered/Snowstorm/PureNu/22012/14/PMTfied_12.parquet
2025-02-15 12:10:41 - INFO - Filtered PMTfied file saved to: /lustre/hpc/project/icecube/HE_Nu_Aske_Oct2024/PMTfied_filtered/Snowstorm/PureNu/22012/14/PMTfied_2.parquet
2025-02-15 12:10:42 - INFO - Filtered PMTfied file saved to: /lustre/hpc/project/icecube/HE_Nu_Aske_Oct2024/PMTfied_filtered/Snowstorm/PureNu/22012/14/PMTfied_6.parquet
2025-02-15 12:10:44 - INFO - Filtered PMTfied file saved to: /lustre/hpc/project/icecube/HE_Nu_Aske_Oct2024/PMTfied_filtered/Snowstorm/PureNu/22012/14/PMTfied_3.parquet
2025-02-15 12:10:45 - INFO - Filtered PMTfied file saved to: /lustre/hpc/project/icecube/HE_Nu_Aske_Oct2024/PMTfied_filtered/Snowstorm/PureNu/22012/14/PMTfied_7.parquet
2025-02-15 12:10:48 - INFO - Filtered PMTfied file saved to: /lustre/hpc/project/icecube/HE_Nu_Aske_Oct2024/PMTfied_filtered/Snowstorm/PureNu/22012/14/PMTfied_13.parquet
2025-02-15 12:10:50 - INFO - Filtered PMTfied file saved to: /lustre/hpc/project/icecube/HE_Nu_Aske_Oct2024/PMTfied_filtered/Snowstorm/PureNu/22012/14/PMTfied_1.parquet
2025-02-15 12:10:51 - INFO - Filtered PMTfied file saved to: /lustre/hpc/project/icecube/HE_Nu_Aske_Oct2024/PMTfied_filtered/Snowstorm/PureNu/22012/14/PMTfied_5.parquet
2025-02-15 12:10:53 - INFO - Filtered PMTfied file saved to: /lustre/hpc/project/icecube/HE_Nu_Aske_Oct2024/PMTfied_filtered/Snowstorm/PureNu/22012/14/PMTfied_9.parquet
2025-02-15 12:10:54 - INFO - Filtered PMTfied file saved to: /lustre/hpc/project/icecube/HE_Nu_Aske_Oct2024/PMTfied_filtered/Snowstorm/PureNu/22012/14/PMTfied_11.parquet
2025-02-15 12:10:55 - INFO - Filtered PMTfied file saved to: /lustre/hpc/project/icecube/HE_Nu_Aske_Oct2024/PMTfied_filtered/Snowstorm/PureNu/22012/14/PMTfied_15.parquet
2025-02-15 12:10:57 - INFO - Filtered PMTfied file saved to: /lustre/hpc/project/icecube/HE_Nu_Aske_Oct2024/PMTfied_filtered/Snowstorm/PureNu/22012/14/PMTfied_10.parquet
2025-02-15 12:10:58 - INFO - Filtered PMTfied file saved to: /lustre/hpc/project/icecube/HE_Nu_Aske_Oct2024/PMTfied_filtered/Snowstorm/PureNu/22012/14/PMTfied_14.parquet
2025-02-15 12:11:00 - INFO - Filtered PMTfied file saved to: /lustre/hpc/project/icecube/HE_Nu_Aske_Oct2024/PMTfied_filtered/Snowstorm/PureNu/22012/14/PMTfied_8.parquet
2025-02-15 12:11:01 - INFO - Filtered PMTfied file saved to: /lustre/hpc/project/icecube/HE_Nu_Aske_Oct2024/PMTfied_filtered/Snowstorm/PureNu/22012/14/PMTfied_4.parquet
2025-02-15 12:11:01 - INFO - Filtering process completed.
2025-02-15 12:11:01 - INFO - Filtering process completed.
2025-02-15 12:11:01 - INFO - Unified receipt generated: /lustre/hpc/project/icecube/HE_Nu_Aske_Oct2024/PMTfied_filtered/Snowstorm/PureNu/22012/[Receipt]22012_14.json
2025-02-15 12:11:01 - INFO - Filtering process completed.
Job completed at Sat Feb 15 12:11:01 PM CET 2025
